
*** Running vivado
    with args -log demod_pid_vco_amp_mod_pid_only_wrapper_tier2_xbar_4_0.vds -m64 -product Vivado -mode batch -messageDb vivado.pb -notrace -source demod_pid_vco_amp_mod_pid_only_wrapper_tier2_xbar_4_0.tcl


****** Vivado v2016.4 (64-bit)
  **** SW Build 1733598 on Wed Dec 14 22:35:42 MST 2016
  **** IP Build 1731160 on Wed Dec 14 23:47:21 MST 2016
    ** Copyright 1986-2016 Xilinx, Inc. All Rights Reserved.

source demod_pid_vco_amp_mod_pid_only_wrapper_tier2_xbar_4_0.tcl -notrace
Starting RTL Elaboration : Time (s): cpu = 00:00:33 ; elapsed = 00:00:36 . Memory (MB): peak = 1132.930 ; gain = 201.086 ; free physical = 961 ; free virtual = 8189
INFO: [Synth 8-638] synthesizing module 'demod_pid_vco_amp_mod_pid_only_wrapper_tier2_xbar_4_0' [/home/bma/git/fpga_design/redpitaya/demod_pid_vco_amp_mod_pid_only/demod_pid_vco_amp_mod_pid_only.srcs/sources_1/bd/demod_pid_vco_amp_mod_pid_only_wrapper/ip/demod_pid_vco_amp_mod_pid_only_wrapper_tier2_xbar_4_0/synth/demod_pid_vco_amp_mod_pid_only_wrapper_tier2_xbar_4_0.v:59]
INFO: [Synth 8-638] synthesizing module 'axi_crossbar_v2_1_12_axi_crossbar' [/home/bma/git/fpga_design/redpitaya/demod_pid_vco_amp_mod_pid_only/demod_pid_vco_amp_mod_pid_only.srcs/sources_1/bd/demod_pid_vco_amp_mod_pid_only_wrapper/ipshared/896d/hdl/axi_crossbar_v2_1_vl_rfs.v:4882]
INFO: [Synth 8-638] synthesizing module 'axi_crossbar_v2_1_12_crossbar_sasd' [/home/bma/git/fpga_design/redpitaya/demod_pid_vco_amp_mod_pid_only/demod_pid_vco_amp_mod_pid_only.srcs/sources_1/bd/demod_pid_vco_amp_mod_pid_only_wrapper/ipshared/896d/hdl/axi_crossbar_v2_1_vl_rfs.v:1240]
INFO: [Synth 8-638] synthesizing module 'axi_crossbar_v2_1_12_addr_decoder' [/home/bma/git/fpga_design/redpitaya/demod_pid_vco_amp_mod_pid_only/demod_pid_vco_amp_mod_pid_only.srcs/sources_1/bd/demod_pid_vco_amp_mod_pid_only_wrapper/ipshared/896d/hdl/axi_crossbar_v2_1_vl_rfs.v:794]
INFO: [Synth 8-638] synthesizing module 'generic_baseblocks_v2_1_0_comparator_static' [/home/bma/git/fpga_design/redpitaya/demod_pid_vco_amp_mod_pid_only/demod_pid_vco_amp_mod_pid_only.srcs/sources_1/bd/demod_pid_vco_amp_mod_pid_only_wrapper/ipshared/7ee0/hdl/generic_baseblocks_v2_1_vl_rfs.v:2133]
INFO: [Synth 8-638] synthesizing module 'generic_baseblocks_v2_1_0_carry_and' [/home/bma/git/fpga_design/redpitaya/demod_pid_vco_amp_mod_pid_only/demod_pid_vco_amp_mod_pid_only.srcs/sources_1/bd/demod_pid_vco_amp_mod_pid_only_wrapper/ipshared/7ee0/hdl/generic_baseblocks_v2_1_vl_rfs.v:62]
INFO: [Synth 8-256] done synthesizing module 'generic_baseblocks_v2_1_0_carry_and' (1#1) [/home/bma/git/fpga_design/redpitaya/demod_pid_vco_amp_mod_pid_only/demod_pid_vco_amp_mod_pid_only.srcs/sources_1/bd/demod_pid_vco_amp_mod_pid_only_wrapper/ipshared/7ee0/hdl/generic_baseblocks_v2_1_vl_rfs.v:62]
INFO: [Synth 8-256] done synthesizing module 'generic_baseblocks_v2_1_0_comparator_static' (2#1) [/home/bma/git/fpga_design/redpitaya/demod_pid_vco_amp_mod_pid_only/demod_pid_vco_amp_mod_pid_only.srcs/sources_1/bd/demod_pid_vco_amp_mod_pid_only_wrapper/ipshared/7ee0/hdl/generic_baseblocks_v2_1_vl_rfs.v:2133]
INFO: [Synth 8-638] synthesizing module 'generic_baseblocks_v2_1_0_comparator_static__parameterized0' [/home/bma/git/fpga_design/redpitaya/demod_pid_vco_amp_mod_pid_only/demod_pid_vco_amp_mod_pid_only.srcs/sources_1/bd/demod_pid_vco_amp_mod_pid_only_wrapper/ipshared/7ee0/hdl/generic_baseblocks_v2_1_vl_rfs.v:2133]
INFO: [Synth 8-256] done synthesizing module 'generic_baseblocks_v2_1_0_comparator_static__parameterized0' (2#1) [/home/bma/git/fpga_design/redpitaya/demod_pid_vco_amp_mod_pid_only/demod_pid_vco_amp_mod_pid_only.srcs/sources_1/bd/demod_pid_vco_amp_mod_pid_only_wrapper/ipshared/7ee0/hdl/generic_baseblocks_v2_1_vl_rfs.v:2133]
INFO: [Synth 8-638] synthesizing module 'generic_baseblocks_v2_1_0_comparator_static__parameterized1' [/home/bma/git/fpga_design/redpitaya/demod_pid_vco_amp_mod_pid_only/demod_pid_vco_amp_mod_pid_only.srcs/sources_1/bd/demod_pid_vco_amp_mod_pid_only_wrapper/ipshared/7ee0/hdl/generic_baseblocks_v2_1_vl_rfs.v:2133]
INFO: [Synth 8-256] done synthesizing module 'generic_baseblocks_v2_1_0_comparator_static__parameterized1' (2#1) [/home/bma/git/fpga_design/redpitaya/demod_pid_vco_amp_mod_pid_only/demod_pid_vco_amp_mod_pid_only.srcs/sources_1/bd/demod_pid_vco_amp_mod_pid_only_wrapper/ipshared/7ee0/hdl/generic_baseblocks_v2_1_vl_rfs.v:2133]
INFO: [Synth 8-638] synthesizing module 'generic_baseblocks_v2_1_0_comparator_static__parameterized2' [/home/bma/git/fpga_design/redpitaya/demod_pid_vco_amp_mod_pid_only/demod_pid_vco_amp_mod_pid_only.srcs/sources_1/bd/demod_pid_vco_amp_mod_pid_only_wrapper/ipshared/7ee0/hdl/generic_baseblocks_v2_1_vl_rfs.v:2133]
INFO: [Synth 8-256] done synthesizing module 'generic_baseblocks_v2_1_0_comparator_static__parameterized2' (2#1) [/home/bma/git/fpga_design/redpitaya/demod_pid_vco_amp_mod_pid_only/demod_pid_vco_amp_mod_pid_only.srcs/sources_1/bd/demod_pid_vco_amp_mod_pid_only_wrapper/ipshared/7ee0/hdl/generic_baseblocks_v2_1_vl_rfs.v:2133]
INFO: [Synth 8-256] done synthesizing module 'axi_crossbar_v2_1_12_addr_decoder' (3#1) [/home/bma/git/fpga_design/redpitaya/demod_pid_vco_amp_mod_pid_only/demod_pid_vco_amp_mod_pid_only.srcs/sources_1/bd/demod_pid_vco_amp_mod_pid_only_wrapper/ipshared/896d/hdl/axi_crossbar_v2_1_vl_rfs.v:794]
INFO: [Synth 8-638] synthesizing module 'axi_crossbar_v2_1_12_decerr_slave' [/home/bma/git/fpga_design/redpitaya/demod_pid_vco_amp_mod_pid_only/demod_pid_vco_amp_mod_pid_only.srcs/sources_1/bd/demod_pid_vco_amp_mod_pid_only_wrapper/ipshared/896d/hdl/axi_crossbar_v2_1_vl_rfs.v:3500]
INFO: [Synth 8-256] done synthesizing module 'axi_crossbar_v2_1_12_decerr_slave' (4#1) [/home/bma/git/fpga_design/redpitaya/demod_pid_vco_amp_mod_pid_only/demod_pid_vco_amp_mod_pid_only.srcs/sources_1/bd/demod_pid_vco_amp_mod_pid_only_wrapper/ipshared/896d/hdl/axi_crossbar_v2_1_vl_rfs.v:3500]
INFO: [Synth 8-638] synthesizing module 'axi_crossbar_v2_1_12_addr_arbiter_sasd' [/home/bma/git/fpga_design/redpitaya/demod_pid_vco_amp_mod_pid_only/demod_pid_vco_amp_mod_pid_only.srcs/sources_1/bd/demod_pid_vco_amp_mod_pid_only_wrapper/ipshared/896d/hdl/axi_crossbar_v2_1_vl_rfs.v:65]
INFO: [Synth 8-256] done synthesizing module 'axi_crossbar_v2_1_12_addr_arbiter_sasd' (5#1) [/home/bma/git/fpga_design/redpitaya/demod_pid_vco_amp_mod_pid_only/demod_pid_vco_amp_mod_pid_only.srcs/sources_1/bd/demod_pid_vco_amp_mod_pid_only_wrapper/ipshared/896d/hdl/axi_crossbar_v2_1_vl_rfs.v:65]
INFO: [Synth 8-638] synthesizing module 'axi_crossbar_v2_1_12_splitter' [/home/bma/git/fpga_design/redpitaya/demod_pid_vco_amp_mod_pid_only/demod_pid_vco_amp_mod_pid_only.srcs/sources_1/bd/demod_pid_vco_amp_mod_pid_only_wrapper/ipshared/896d/hdl/axi_crossbar_v2_1_vl_rfs.v:4459]
INFO: [Synth 8-256] done synthesizing module 'axi_crossbar_v2_1_12_splitter' (6#1) [/home/bma/git/fpga_design/redpitaya/demod_pid_vco_amp_mod_pid_only/demod_pid_vco_amp_mod_pid_only.srcs/sources_1/bd/demod_pid_vco_amp_mod_pid_only_wrapper/ipshared/896d/hdl/axi_crossbar_v2_1_vl_rfs.v:4459]
INFO: [Synth 8-638] synthesizing module 'axi_crossbar_v2_1_12_splitter__parameterized0' [/home/bma/git/fpga_design/redpitaya/demod_pid_vco_amp_mod_pid_only/demod_pid_vco_amp_mod_pid_only.srcs/sources_1/bd/demod_pid_vco_amp_mod_pid_only_wrapper/ipshared/896d/hdl/axi_crossbar_v2_1_vl_rfs.v:4459]
INFO: [Synth 8-256] done synthesizing module 'axi_crossbar_v2_1_12_splitter__parameterized0' (6#1) [/home/bma/git/fpga_design/redpitaya/demod_pid_vco_amp_mod_pid_only/demod_pid_vco_amp_mod_pid_only.srcs/sources_1/bd/demod_pid_vco_amp_mod_pid_only_wrapper/ipshared/896d/hdl/axi_crossbar_v2_1_vl_rfs.v:4459]
INFO: [Synth 8-638] synthesizing module 'generic_baseblocks_v2_1_0_mux_enc' [/home/bma/git/fpga_design/redpitaya/demod_pid_vco_amp_mod_pid_only/demod_pid_vco_amp_mod_pid_only.srcs/sources_1/bd/demod_pid_vco_amp_mod_pid_only_wrapper/ipshared/7ee0/hdl/generic_baseblocks_v2_1_vl_rfs.v:2452]
INFO: [Synth 8-256] done synthesizing module 'generic_baseblocks_v2_1_0_mux_enc' (7#1) [/home/bma/git/fpga_design/redpitaya/demod_pid_vco_amp_mod_pid_only/demod_pid_vco_amp_mod_pid_only.srcs/sources_1/bd/demod_pid_vco_amp_mod_pid_only_wrapper/ipshared/7ee0/hdl/generic_baseblocks_v2_1_vl_rfs.v:2452]
INFO: [Synth 8-638] synthesizing module 'generic_baseblocks_v2_1_0_mux_enc__parameterized0' [/home/bma/git/fpga_design/redpitaya/demod_pid_vco_amp_mod_pid_only/demod_pid_vco_amp_mod_pid_only.srcs/sources_1/bd/demod_pid_vco_amp_mod_pid_only_wrapper/ipshared/7ee0/hdl/generic_baseblocks_v2_1_vl_rfs.v:2452]
INFO: [Synth 8-256] done synthesizing module 'generic_baseblocks_v2_1_0_mux_enc__parameterized0' (7#1) [/home/bma/git/fpga_design/redpitaya/demod_pid_vco_amp_mod_pid_only/demod_pid_vco_amp_mod_pid_only.srcs/sources_1/bd/demod_pid_vco_amp_mod_pid_only_wrapper/ipshared/7ee0/hdl/generic_baseblocks_v2_1_vl_rfs.v:2452]
INFO: [Synth 8-638] synthesizing module 'generic_baseblocks_v2_1_0_mux_enc__parameterized1' [/home/bma/git/fpga_design/redpitaya/demod_pid_vco_amp_mod_pid_only/demod_pid_vco_amp_mod_pid_only.srcs/sources_1/bd/demod_pid_vco_amp_mod_pid_only_wrapper/ipshared/7ee0/hdl/generic_baseblocks_v2_1_vl_rfs.v:2452]
INFO: [Synth 8-256] done synthesizing module 'generic_baseblocks_v2_1_0_mux_enc__parameterized1' (7#1) [/home/bma/git/fpga_design/redpitaya/demod_pid_vco_amp_mod_pid_only/demod_pid_vco_amp_mod_pid_only.srcs/sources_1/bd/demod_pid_vco_amp_mod_pid_only_wrapper/ipshared/7ee0/hdl/generic_baseblocks_v2_1_vl_rfs.v:2452]
INFO: [Synth 8-638] synthesizing module 'generic_baseblocks_v2_1_0_mux_enc__parameterized2' [/home/bma/git/fpga_design/redpitaya/demod_pid_vco_amp_mod_pid_only/demod_pid_vco_amp_mod_pid_only.srcs/sources_1/bd/demod_pid_vco_amp_mod_pid_only_wrapper/ipshared/7ee0/hdl/generic_baseblocks_v2_1_vl_rfs.v:2452]
INFO: [Synth 8-256] done synthesizing module 'generic_baseblocks_v2_1_0_mux_enc__parameterized2' (7#1) [/home/bma/git/fpga_design/redpitaya/demod_pid_vco_amp_mod_pid_only/demod_pid_vco_amp_mod_pid_only.srcs/sources_1/bd/demod_pid_vco_amp_mod_pid_only_wrapper/ipshared/7ee0/hdl/generic_baseblocks_v2_1_vl_rfs.v:2452]
INFO: [Synth 8-638] synthesizing module 'axi_register_slice_v2_1_11_axic_register_slice' [/home/bma/git/fpga_design/redpitaya/demod_pid_vco_amp_mod_pid_only/demod_pid_vco_amp_mod_pid_only.srcs/sources_1/bd/demod_pid_vco_amp_mod_pid_only_wrapper/ipshared/0b6b/hdl/axi_register_slice_v2_1_vl_rfs.v:85]
INFO: [Synth 8-256] done synthesizing module 'axi_register_slice_v2_1_11_axic_register_slice' (8#1) [/home/bma/git/fpga_design/redpitaya/demod_pid_vco_amp_mod_pid_only/demod_pid_vco_amp_mod_pid_only.srcs/sources_1/bd/demod_pid_vco_amp_mod_pid_only_wrapper/ipshared/0b6b/hdl/axi_register_slice_v2_1_vl_rfs.v:85]
INFO: [Synth 8-638] synthesizing module 'generic_baseblocks_v2_1_0_mux_enc__parameterized3' [/home/bma/git/fpga_design/redpitaya/demod_pid_vco_amp_mod_pid_only/demod_pid_vco_amp_mod_pid_only.srcs/sources_1/bd/demod_pid_vco_amp_mod_pid_only_wrapper/ipshared/7ee0/hdl/generic_baseblocks_v2_1_vl_rfs.v:2452]
INFO: [Synth 8-256] done synthesizing module 'generic_baseblocks_v2_1_0_mux_enc__parameterized3' (8#1) [/home/bma/git/fpga_design/redpitaya/demod_pid_vco_amp_mod_pid_only/demod_pid_vco_amp_mod_pid_only.srcs/sources_1/bd/demod_pid_vco_amp_mod_pid_only_wrapper/ipshared/7ee0/hdl/generic_baseblocks_v2_1_vl_rfs.v:2452]
INFO: [Synth 8-256] done synthesizing module 'axi_crossbar_v2_1_12_crossbar_sasd' (9#1) [/home/bma/git/fpga_design/redpitaya/demod_pid_vco_amp_mod_pid_only/demod_pid_vco_amp_mod_pid_only.srcs/sources_1/bd/demod_pid_vco_amp_mod_pid_only_wrapper/ipshared/896d/hdl/axi_crossbar_v2_1_vl_rfs.v:1240]
INFO: [Synth 8-256] done synthesizing module 'axi_crossbar_v2_1_12_axi_crossbar' (10#1) [/home/bma/git/fpga_design/redpitaya/demod_pid_vco_amp_mod_pid_only/demod_pid_vco_amp_mod_pid_only.srcs/sources_1/bd/demod_pid_vco_amp_mod_pid_only_wrapper/ipshared/896d/hdl/axi_crossbar_v2_1_vl_rfs.v:4882]
INFO: [Synth 8-256] done synthesizing module 'demod_pid_vco_amp_mod_pid_only_wrapper_tier2_xbar_4_0' (11#1) [/home/bma/git/fpga_design/redpitaya/demod_pid_vco_amp_mod_pid_only/demod_pid_vco_amp_mod_pid_only.srcs/sources_1/bd/demod_pid_vco_amp_mod_pid_only_wrapper/ip/demod_pid_vco_amp_mod_pid_only_wrapper_tier2_xbar_4_0/synth/demod_pid_vco_amp_mod_pid_only_wrapper_tier2_xbar_4_0.v:59]
Finished RTL Elaboration : Time (s): cpu = 00:00:46 ; elapsed = 00:00:50 . Memory (MB): peak = 1253.398 ; gain = 321.555 ; free physical = 561 ; free virtual = 7796
Finished RTL Optimization Phase 1 : Time (s): cpu = 00:00:46 ; elapsed = 00:00:51 . Memory (MB): peak = 1253.398 ; gain = 321.555 ; free physical = 549 ; free virtual = 7784
INFO: [Device 21-403] Loading part xc7z010clg400-1
Constraint Validation Runtime : Time (s): cpu = 00:00:00.11 ; elapsed = 00:00:00.10 . Memory (MB): peak = 1518.484 ; gain = 0.000 ; free physical = 311 ; free virtual = 7547
Finished Constraint Validation : Time (s): cpu = 00:01:14 ; elapsed = 00:01:18 . Memory (MB): peak = 1518.484 ; gain = 586.641 ; free physical = 296 ; free virtual = 7530
Finished Loading Part and Timing Information : Time (s): cpu = 00:01:14 ; elapsed = 00:01:19 . Memory (MB): peak = 1518.484 ; gain = 586.641 ; free physical = 296 ; free virtual = 7530
Finished applying 'set_property' XDC Constraints : Time (s): cpu = 00:01:14 ; elapsed = 00:01:19 . Memory (MB): peak = 1518.484 ; gain = 586.641 ; free physical = 296 ; free virtual = 7530
Finished RTL Optimization Phase 2 : Time (s): cpu = 00:01:15 ; elapsed = 00:01:20 . Memory (MB): peak = 1518.484 ; gain = 586.641 ; free physical = 278 ; free virtual = 7509
Finished Cross Boundary and Area Optimization : Time (s): cpu = 00:01:17 ; elapsed = 00:01:22 . Memory (MB): peak = 1518.484 ; gain = 586.641 ; free physical = 244 ; free virtual = 7477
Finished Applying XDC Timing Constraints : Time (s): cpu = 00:01:46 ; elapsed = 00:01:51 . Memory (MB): peak = 1518.484 ; gain = 586.641 ; free physical = 124 ; free virtual = 7378
Finished Timing Optimization : Time (s): cpu = 00:01:47 ; elapsed = 00:01:52 . Memory (MB): peak = 1518.484 ; gain = 586.641 ; free physical = 138 ; free virtual = 7348
Finished Technology Mapping : Time (s): cpu = 00:01:48 ; elapsed = 00:01:53 . Memory (MB): peak = 1518.484 ; gain = 586.641 ; free physical = 127 ; free virtual = 7336
Finished IO Insertion : Time (s): cpu = 00:01:49 ; elapsed = 00:01:54 . Memory (MB): peak = 1518.484 ; gain = 586.641 ; free physical = 143 ; free virtual = 7292
Finished Renaming Generated Instances : Time (s): cpu = 00:01:49 ; elapsed = 00:01:55 . Memory (MB): peak = 1518.484 ; gain = 586.641 ; free physical = 143 ; free virtual = 7292
Finished Rebuilding User Hierarchy : Time (s): cpu = 00:01:49 ; elapsed = 00:01:55 . Memory (MB): peak = 1518.484 ; gain = 586.641 ; free physical = 143 ; free virtual = 7292
Finished Renaming Generated Ports : Time (s): cpu = 00:01:49 ; elapsed = 00:01:55 . Memory (MB): peak = 1518.484 ; gain = 586.641 ; free physical = 143 ; free virtual = 7292
Finished Handling Custom Attributes : Time (s): cpu = 00:01:49 ; elapsed = 00:01:55 . Memory (MB): peak = 1518.484 ; gain = 586.641 ; free physical = 143 ; free virtual = 7292
Finished Renaming Generated Nets : Time (s): cpu = 00:01:49 ; elapsed = 00:01:55 . Memory (MB): peak = 1518.484 ; gain = 586.641 ; free physical = 143 ; free virtual = 7292

Report Cell Usage: 
+------+-----+------+
|      |Cell |Count |
+------+-----+------+
|1     |LUT1 |     2|
|2     |LUT2 |    12|
|3     |LUT3 |    44|
|4     |LUT4 |    53|
|5     |LUT5 |    54|
|6     |LUT6 |    62|
|7     |FDRE |   133|
+------+-----+------+
Finished Writing Synthesis Report : Time (s): cpu = 00:01:49 ; elapsed = 00:01:55 . Memory (MB): peak = 1518.484 ; gain = 586.641 ; free physical = 143 ; free virtual = 7292
synth_design: Time (s): cpu = 00:01:37 ; elapsed = 00:01:40 . Memory (MB): peak = 1518.492 ; gain = 476.145 ; free physical = 144 ; free virtual = 7295
