
*** Running vivado
    with args -log demod_pid_vco_amp_mod_pid_only_wrapper_tier2_xbar_0_0.vds -m64 -product Vivado -mode batch -messageDb vivado.pb -notrace -source demod_pid_vco_amp_mod_pid_only_wrapper_tier2_xbar_0_0.tcl


****** Vivado v2016.4 (64-bit)
  **** SW Build 1733598 on Wed Dec 14 22:35:42 MST 2016
  **** IP Build 1731160 on Wed Dec 14 23:47:21 MST 2016
    ** Copyright 1986-2016 Xilinx, Inc. All Rights Reserved.

source demod_pid_vco_amp_mod_pid_only_wrapper_tier2_xbar_0_0.tcl -notrace
Starting RTL Elaboration : Time (s): cpu = 00:00:32 ; elapsed = 00:00:36 . Memory (MB): peak = 1129.934 ; gain = 198.086 ; free physical = 564 ; free virtual = 8080
INFO: [Synth 8-638] synthesizing module 'demod_pid_vco_amp_mod_pid_only_wrapper_tier2_xbar_0_0' [/home/bma/git/fpga_design/redpitaya/demod_pid_vco_amp_mod_pid_only/demod_pid_vco_amp_mod_pid_only.srcs/sources_1/bd/demod_pid_vco_amp_mod_pid_only_wrapper/ip/demod_pid_vco_amp_mod_pid_only_wrapper_tier2_xbar_0_0/synth/demod_pid_vco_amp_mod_pid_only_wrapper_tier2_xbar_0_0.v:59]
INFO: [Synth 8-638] synthesizing module 'axi_crossbar_v2_1_12_axi_crossbar' [/home/bma/git/fpga_design/redpitaya/demod_pid_vco_amp_mod_pid_only/demod_pid_vco_amp_mod_pid_only.srcs/sources_1/bd/demod_pid_vco_amp_mod_pid_only_wrapper/ipshared/896d/hdl/axi_crossbar_v2_1_vl_rfs.v:4882]
INFO: [Synth 8-638] synthesizing module 'axi_crossbar_v2_1_12_crossbar_sasd' [/home/bma/git/fpga_design/redpitaya/demod_pid_vco_amp_mod_pid_only/demod_pid_vco_amp_mod_pid_only.srcs/sources_1/bd/demod_pid_vco_amp_mod_pid_only_wrapper/ipshared/896d/hdl/axi_crossbar_v2_1_vl_rfs.v:1240]
INFO: [Synth 8-638] synthesizing module 'axi_crossbar_v2_1_12_addr_decoder' [/home/bma/git/fpga_design/redpitaya/demod_pid_vco_amp_mod_pid_only/demod_pid_vco_amp_mod_pid_only.srcs/sources_1/bd/demod_pid_vco_amp_mod_pid_only_wrapper/ipshared/896d/hdl/axi_crossbar_v2_1_vl_rfs.v:794]
INFO: [Synth 8-638] synthesizing module 'generic_baseblocks_v2_1_0_comparator_static' [/home/bma/git/fpga_design/redpitaya/demod_pid_vco_amp_mod_pid_only/demod_pid_vco_amp_mod_pid_only.srcs/sources_1/bd/demod_pid_vco_amp_mod_pid_only_wrapper/ipshared/7ee0/hdl/generic_baseblocks_v2_1_vl_rfs.v:2133]
INFO: [Synth 8-638] synthesizing module 'generic_baseblocks_v2_1_0_carry_and' [/home/bma/git/fpga_design/redpitaya/demod_pid_vco_amp_mod_pid_only/demod_pid_vco_amp_mod_pid_only.srcs/sources_1/bd/demod_pid_vco_amp_mod_pid_only_wrapper/ipshared/7ee0/hdl/generic_baseblocks_v2_1_vl_rfs.v:62]
INFO: [Synth 8-256] done synthesizing module 'generic_baseblocks_v2_1_0_carry_and' (1#1) [/home/bma/git/fpga_design/redpitaya/demod_pid_vco_amp_mod_pid_only/demod_pid_vco_amp_mod_pid_only.srcs/sources_1/bd/demod_pid_vco_amp_mod_pid_only_wrapper/ipshared/7ee0/hdl/generic_baseblocks_v2_1_vl_rfs.v:62]
INFO: [Synth 8-256] done synthesizing module 'generic_baseblocks_v2_1_0_comparator_static' (2#1) [/home/bma/git/fpga_design/redpitaya/demod_pid_vco_amp_mod_pid_only/demod_pid_vco_amp_mod_pid_only.srcs/sources_1/bd/demod_pid_vco_amp_mod_pid_only_wrapper/ipshared/7ee0/hdl/generic_baseblocks_v2_1_vl_rfs.v:2133]
INFO: [Synth 8-638] synthesizing module 'generic_baseblocks_v2_1_0_comparator_static__parameterized0' [/home/bma/git/fpga_design/redpitaya/demod_pid_vco_amp_mod_pid_only/demod_pid_vco_amp_mod_pid_only.srcs/sources_1/bd/demod_pid_vco_amp_mod_pid_only_wrapper/ipshared/7ee0/hdl/generic_baseblocks_v2_1_vl_rfs.v:2133]
INFO: [Synth 8-256] done synthesizing module 'generic_baseblocks_v2_1_0_comparator_static__parameterized0' (2#1) [/home/bma/git/fpga_design/redpitaya/demod_pid_vco_amp_mod_pid_only/demod_pid_vco_amp_mod_pid_only.srcs/sources_1/bd/demod_pid_vco_amp_mod_pid_only_wrapper/ipshared/7ee0/hdl/generic_baseblocks_v2_1_vl_rfs.v:2133]
INFO: [Synth 8-638] synthesizing module 'generic_baseblocks_v2_1_0_comparator_static__parameterized1' [/home/bma/git/fpga_design/redpitaya/demod_pid_vco_amp_mod_pid_only/demod_pid_vco_amp_mod_pid_only.srcs/sources_1/bd/demod_pid_vco_amp_mod_pid_only_wrapper/ipshared/7ee0/hdl/generic_baseblocks_v2_1_vl_rfs.v:2133]
INFO: [Synth 8-256] done synthesizing module 'generic_baseblocks_v2_1_0_comparator_static__parameterized1' (2#1) [/home/bma/git/fpga_design/redpitaya/demod_pid_vco_amp_mod_pid_only/demod_pid_vco_amp_mod_pid_only.srcs/sources_1/bd/demod_pid_vco_amp_mod_pid_only_wrapper/ipshared/7ee0/hdl/generic_baseblocks_v2_1_vl_rfs.v:2133]
INFO: [Synth 8-638] synthesizing module 'generic_baseblocks_v2_1_0_comparator_static__parameterized2' [/home/bma/git/fpga_design/redpitaya/demod_pid_vco_amp_mod_pid_only/demod_pid_vco_amp_mod_pid_only.srcs/sources_1/bd/demod_pid_vco_amp_mod_pid_only_wrapper/ipshared/7ee0/hdl/generic_baseblocks_v2_1_vl_rfs.v:2133]
INFO: [Synth 8-256] done synthesizing module 'generic_baseblocks_v2_1_0_comparator_static__parameterized2' (2#1) [/home/bma/git/fpga_design/redpitaya/demod_pid_vco_amp_mod_pid_only/demod_pid_vco_amp_mod_pid_only.srcs/sources_1/bd/demod_pid_vco_amp_mod_pid_only_wrapper/ipshared/7ee0/hdl/generic_baseblocks_v2_1_vl_rfs.v:2133]
INFO: [Synth 8-638] synthesizing module 'generic_baseblocks_v2_1_0_comparator_static__parameterized3' [/home/bma/git/fpga_design/redpitaya/demod_pid_vco_amp_mod_pid_only/demod_pid_vco_amp_mod_pid_only.srcs/sources_1/bd/demod_pid_vco_amp_mod_pid_only_wrapper/ipshared/7ee0/hdl/generic_baseblocks_v2_1_vl_rfs.v:2133]
INFO: [Synth 8-256] done synthesizing module 'generic_baseblocks_v2_1_0_comparator_static__parameterized3' (2#1) [/home/bma/git/fpga_design/redpitaya/demod_pid_vco_amp_mod_pid_only/demod_pid_vco_amp_mod_pid_only.srcs/sources_1/bd/demod_pid_vco_amp_mod_pid_only_wrapper/ipshared/7ee0/hdl/generic_baseblocks_v2_1_vl_rfs.v:2133]
INFO: [Synth 8-638] synthesizing module 'generic_baseblocks_v2_1_0_comparator_static__parameterized4' [/home/bma/git/fpga_design/redpitaya/demod_pid_vco_amp_mod_pid_only/demod_pid_vco_amp_mod_pid_only.srcs/sources_1/bd/demod_pid_vco_amp_mod_pid_only_wrapper/ipshared/7ee0/hdl/generic_baseblocks_v2_1_vl_rfs.v:2133]
INFO: [Synth 8-256] done synthesizing module 'generic_baseblocks_v2_1_0_comparator_static__parameterized4' (2#1) [/home/bma/git/fpga_design/redpitaya/demod_pid_vco_amp_mod_pid_only/demod_pid_vco_amp_mod_pid_only.srcs/sources_1/bd/demod_pid_vco_amp_mod_pid_only_wrapper/ipshared/7ee0/hdl/generic_baseblocks_v2_1_vl_rfs.v:2133]
INFO: [Synth 8-638] synthesizing module 'generic_baseblocks_v2_1_0_comparator_static__parameterized5' [/home/bma/git/fpga_design/redpitaya/demod_pid_vco_amp_mod_pid_only/demod_pid_vco_amp_mod_pid_only.srcs/sources_1/bd/demod_pid_vco_amp_mod_pid_only_wrapper/ipshared/7ee0/hdl/generic_baseblocks_v2_1_vl_rfs.v:2133]
INFO: [Synth 8-256] done synthesizing module 'generic_baseblocks_v2_1_0_comparator_static__parameterized5' (2#1) [/home/bma/git/fpga_design/redpitaya/demod_pid_vco_amp_mod_pid_only/demod_pid_vco_amp_mod_pid_only.srcs/sources_1/bd/demod_pid_vco_amp_mod_pid_only_wrapper/ipshared/7ee0/hdl/generic_baseblocks_v2_1_vl_rfs.v:2133]
INFO: [Synth 8-638] synthesizing module 'generic_baseblocks_v2_1_0_comparator_static__parameterized6' [/home/bma/git/fpga_design/redpitaya/demod_pid_vco_amp_mod_pid_only/demod_pid_vco_amp_mod_pid_only.srcs/sources_1/bd/demod_pid_vco_amp_mod_pid_only_wrapper/ipshared/7ee0/hdl/generic_baseblocks_v2_1_vl_rfs.v:2133]
INFO: [Synth 8-256] done synthesizing module 'generic_baseblocks_v2_1_0_comparator_static__parameterized6' (2#1) [/home/bma/git/fpga_design/redpitaya/demod_pid_vco_amp_mod_pid_only/demod_pid_vco_amp_mod_pid_only.srcs/sources_1/bd/demod_pid_vco_amp_mod_pid_only_wrapper/ipshared/7ee0/hdl/generic_baseblocks_v2_1_vl_rfs.v:2133]
INFO: [Synth 8-256] done synthesizing module 'axi_crossbar_v2_1_12_addr_decoder' (3#1) [/home/bma/git/fpga_design/redpitaya/demod_pid_vco_amp_mod_pid_only/demod_pid_vco_amp_mod_pid_only.srcs/sources_1/bd/demod_pid_vco_amp_mod_pid_only_wrapper/ipshared/896d/hdl/axi_crossbar_v2_1_vl_rfs.v:794]
INFO: [Synth 8-638] synthesizing module 'axi_crossbar_v2_1_12_decerr_slave' [/home/bma/git/fpga_design/redpitaya/demod_pid_vco_amp_mod_pid_only/demod_pid_vco_amp_mod_pid_only.srcs/sources_1/bd/demod_pid_vco_amp_mod_pid_only_wrapper/ipshared/896d/hdl/axi_crossbar_v2_1_vl_rfs.v:3500]
INFO: [Synth 8-256] done synthesizing module 'axi_crossbar_v2_1_12_decerr_slave' (4#1) [/home/bma/git/fpga_design/redpitaya/demod_pid_vco_amp_mod_pid_only/demod_pid_vco_amp_mod_pid_only.srcs/sources_1/bd/demod_pid_vco_amp_mod_pid_only_wrapper/ipshared/896d/hdl/axi_crossbar_v2_1_vl_rfs.v:3500]
INFO: [Synth 8-638] synthesizing module 'axi_crossbar_v2_1_12_addr_arbiter_sasd' [/home/bma/git/fpga_design/redpitaya/demod_pid_vco_amp_mod_pid_only/demod_pid_vco_amp_mod_pid_only.srcs/sources_1/bd/demod_pid_vco_amp_mod_pid_only_wrapper/ipshared/896d/hdl/axi_crossbar_v2_1_vl_rfs.v:65]
INFO: [Synth 8-256] done synthesizing module 'axi_crossbar_v2_1_12_addr_arbiter_sasd' (5#1) [/home/bma/git/fpga_design/redpitaya/demod_pid_vco_amp_mod_pid_only/demod_pid_vco_amp_mod_pid_only.srcs/sources_1/bd/demod_pid_vco_amp_mod_pid_only_wrapper/ipshared/896d/hdl/axi_crossbar_v2_1_vl_rfs.v:65]
INFO: [Synth 8-638] synthesizing module 'axi_crossbar_v2_1_12_splitter' [/home/bma/git/fpga_design/redpitaya/demod_pid_vco_amp_mod_pid_only/demod_pid_vco_amp_mod_pid_only.srcs/sources_1/bd/demod_pid_vco_amp_mod_pid_only_wrapper/ipshared/896d/hdl/axi_crossbar_v2_1_vl_rfs.v:4459]
INFO: [Synth 8-256] done synthesizing module 'axi_crossbar_v2_1_12_splitter' (6#1) [/home/bma/git/fpga_design/redpitaya/demod_pid_vco_amp_mod_pid_only/demod_pid_vco_amp_mod_pid_only.srcs/sources_1/bd/demod_pid_vco_amp_mod_pid_only_wrapper/ipshared/896d/hdl/axi_crossbar_v2_1_vl_rfs.v:4459]
INFO: [Synth 8-638] synthesizing module 'axi_crossbar_v2_1_12_splitter__parameterized0' [/home/bma/git/fpga_design/redpitaya/demod_pid_vco_amp_mod_pid_only/demod_pid_vco_amp_mod_pid_only.srcs/sources_1/bd/demod_pid_vco_amp_mod_pid_only_wrapper/ipshared/896d/hdl/axi_crossbar_v2_1_vl_rfs.v:4459]
INFO: [Synth 8-256] done synthesizing module 'axi_crossbar_v2_1_12_splitter__parameterized0' (6#1) [/home/bma/git/fpga_design/redpitaya/demod_pid_vco_amp_mod_pid_only/demod_pid_vco_amp_mod_pid_only.srcs/sources_1/bd/demod_pid_vco_amp_mod_pid_only_wrapper/ipshared/896d/hdl/axi_crossbar_v2_1_vl_rfs.v:4459]
INFO: [Synth 8-638] synthesizing module 'generic_baseblocks_v2_1_0_mux_enc' [/home/bma/git/fpga_design/redpitaya/demod_pid_vco_amp_mod_pid_only/demod_pid_vco_amp_mod_pid_only.srcs/sources_1/bd/demod_pid_vco_amp_mod_pid_only_wrapper/ipshared/7ee0/hdl/generic_baseblocks_v2_1_vl_rfs.v:2452]
INFO: [Synth 8-256] done synthesizing module 'generic_baseblocks_v2_1_0_mux_enc' (7#1) [/home/bma/git/fpga_design/redpitaya/demod_pid_vco_amp_mod_pid_only/demod_pid_vco_amp_mod_pid_only.srcs/sources_1/bd/demod_pid_vco_amp_mod_pid_only_wrapper/ipshared/7ee0/hdl/generic_baseblocks_v2_1_vl_rfs.v:2452]
INFO: [Synth 8-638] synthesizing module 'generic_baseblocks_v2_1_0_mux_enc__parameterized0' [/home/bma/git/fpga_design/redpitaya/demod_pid_vco_amp_mod_pid_only/demod_pid_vco_amp_mod_pid_only.srcs/sources_1/bd/demod_pid_vco_amp_mod_pid_only_wrapper/ipshared/7ee0/hdl/generic_baseblocks_v2_1_vl_rfs.v:2452]
INFO: [Synth 8-256] done synthesizing module 'generic_baseblocks_v2_1_0_mux_enc__parameterized0' (7#1) [/home/bma/git/fpga_design/redpitaya/demod_pid_vco_amp_mod_pid_only/demod_pid_vco_amp_mod_pid_only.srcs/sources_1/bd/demod_pid_vco_amp_mod_pid_only_wrapper/ipshared/7ee0/hdl/generic_baseblocks_v2_1_vl_rfs.v:2452]
INFO: [Synth 8-638] synthesizing module 'generic_baseblocks_v2_1_0_mux_enc__parameterized1' [/home/bma/git/fpga_design/redpitaya/demod_pid_vco_amp_mod_pid_only/demod_pid_vco_amp_mod_pid_only.srcs/sources_1/bd/demod_pid_vco_amp_mod_pid_only_wrapper/ipshared/7ee0/hdl/generic_baseblocks_v2_1_vl_rfs.v:2452]
INFO: [Synth 8-256] done synthesizing module 'generic_baseblocks_v2_1_0_mux_enc__parameterized1' (7#1) [/home/bma/git/fpga_design/redpitaya/demod_pid_vco_amp_mod_pid_only/demod_pid_vco_amp_mod_pid_only.srcs/sources_1/bd/demod_pid_vco_amp_mod_pid_only_wrapper/ipshared/7ee0/hdl/generic_baseblocks_v2_1_vl_rfs.v:2452]
INFO: [Synth 8-638] synthesizing module 'generic_baseblocks_v2_1_0_mux_enc__parameterized2' [/home/bma/git/fpga_design/redpitaya/demod_pid_vco_amp_mod_pid_only/demod_pid_vco_amp_mod_pid_only.srcs/sources_1/bd/demod_pid_vco_amp_mod_pid_only_wrapper/ipshared/7ee0/hdl/generic_baseblocks_v2_1_vl_rfs.v:2452]
INFO: [Synth 8-256] done synthesizing module 'generic_baseblocks_v2_1_0_mux_enc__parameterized2' (7#1) [/home/bma/git/fpga_design/redpitaya/demod_pid_vco_amp_mod_pid_only/demod_pid_vco_amp_mod_pid_only.srcs/sources_1/bd/demod_pid_vco_amp_mod_pid_only_wrapper/ipshared/7ee0/hdl/generic_baseblocks_v2_1_vl_rfs.v:2452]
INFO: [Synth 8-638] synthesizing module 'axi_register_slice_v2_1_11_axic_register_slice' [/home/bma/git/fpga_design/redpitaya/demod_pid_vco_amp_mod_pid_only/demod_pid_vco_amp_mod_pid_only.srcs/sources_1/bd/demod_pid_vco_amp_mod_pid_only_wrapper/ipshared/0b6b/hdl/axi_register_slice_v2_1_vl_rfs.v:85]
INFO: [Synth 8-256] done synthesizing module 'axi_register_slice_v2_1_11_axic_register_slice' (8#1) [/home/bma/git/fpga_design/redpitaya/demod_pid_vco_amp_mod_pid_only/demod_pid_vco_amp_mod_pid_only.srcs/sources_1/bd/demod_pid_vco_amp_mod_pid_only_wrapper/ipshared/0b6b/hdl/axi_register_slice_v2_1_vl_rfs.v:85]
INFO: [Synth 8-638] synthesizing module 'generic_baseblocks_v2_1_0_mux_enc__parameterized3' [/home/bma/git/fpga_design/redpitaya/demod_pid_vco_amp_mod_pid_only/demod_pid_vco_amp_mod_pid_only.srcs/sources_1/bd/demod_pid_vco_amp_mod_pid_only_wrapper/ipshared/7ee0/hdl/generic_baseblocks_v2_1_vl_rfs.v:2452]
INFO: [Synth 8-256] done synthesizing module 'generic_baseblocks_v2_1_0_mux_enc__parameterized3' (8#1) [/home/bma/git/fpga_design/redpitaya/demod_pid_vco_amp_mod_pid_only/demod_pid_vco_amp_mod_pid_only.srcs/sources_1/bd/demod_pid_vco_amp_mod_pid_only_wrapper/ipshared/7ee0/hdl/generic_baseblocks_v2_1_vl_rfs.v:2452]
INFO: [Synth 8-256] done synthesizing module 'axi_crossbar_v2_1_12_crossbar_sasd' (9#1) [/home/bma/git/fpga_design/redpitaya/demod_pid_vco_amp_mod_pid_only/demod_pid_vco_amp_mod_pid_only.srcs/sources_1/bd/demod_pid_vco_amp_mod_pid_only_wrapper/ipshared/896d/hdl/axi_crossbar_v2_1_vl_rfs.v:1240]
INFO: [Synth 8-256] done synthesizing module 'axi_crossbar_v2_1_12_axi_crossbar' (10#1) [/home/bma/git/fpga_design/redpitaya/demod_pid_vco_amp_mod_pid_only/demod_pid_vco_amp_mod_pid_only.srcs/sources_1/bd/demod_pid_vco_amp_mod_pid_only_wrapper/ipshared/896d/hdl/axi_crossbar_v2_1_vl_rfs.v:4882]
INFO: [Synth 8-256] done synthesizing module 'demod_pid_vco_amp_mod_pid_only_wrapper_tier2_xbar_0_0' (11#1) [/home/bma/git/fpga_design/redpitaya/demod_pid_vco_amp_mod_pid_only/demod_pid_vco_amp_mod_pid_only.srcs/sources_1/bd/demod_pid_vco_amp_mod_pid_only_wrapper/ip/demod_pid_vco_amp_mod_pid_only_wrapper_tier2_xbar_0_0/synth/demod_pid_vco_amp_mod_pid_only_wrapper_tier2_xbar_0_0.v:59]
Finished RTL Elaboration : Time (s): cpu = 00:00:46 ; elapsed = 00:00:51 . Memory (MB): peak = 1251.402 ; gain = 319.555 ; free physical = 277 ; free virtual = 7793
Finished RTL Optimization Phase 1 : Time (s): cpu = 00:00:47 ; elapsed = 00:00:52 . Memory (MB): peak = 1251.402 ; gain = 319.555 ; free physical = 259 ; free virtual = 7776
INFO: [Device 21-403] Loading part xc7z010clg400-1
Constraint Validation Runtime : Time (s): cpu = 00:00:00.18 ; elapsed = 00:00:00.18 . Memory (MB): peak = 1517.488 ; gain = 0.000 ; free physical = 135 ; free virtual = 7563
Finished Constraint Validation : Time (s): cpu = 00:01:16 ; elapsed = 00:01:24 . Memory (MB): peak = 1517.488 ; gain = 585.641 ; free physical = 694 ; free virtual = 8095
Finished Loading Part and Timing Information : Time (s): cpu = 00:01:16 ; elapsed = 00:01:24 . Memory (MB): peak = 1517.488 ; gain = 585.641 ; free physical = 694 ; free virtual = 8095
Finished applying 'set_property' XDC Constraints : Time (s): cpu = 00:01:16 ; elapsed = 00:01:25 . Memory (MB): peak = 1517.488 ; gain = 585.641 ; free physical = 694 ; free virtual = 8095
Finished RTL Optimization Phase 2 : Time (s): cpu = 00:01:17 ; elapsed = 00:01:26 . Memory (MB): peak = 1517.488 ; gain = 585.641 ; free physical = 1274 ; free virtual = 8675
Finished Cross Boundary and Area Optimization : Time (s): cpu = 00:01:21 ; elapsed = 00:01:31 . Memory (MB): peak = 1517.488 ; gain = 585.641 ; free physical = 1235 ; free virtual = 8641
Finished Applying XDC Timing Constraints : Time (s): cpu = 00:01:49 ; elapsed = 00:02:04 . Memory (MB): peak = 1517.488 ; gain = 585.641 ; free physical = 1317 ; free virtual = 8730
Finished Timing Optimization : Time (s): cpu = 00:01:52 ; elapsed = 00:02:07 . Memory (MB): peak = 1517.488 ; gain = 585.641 ; free physical = 1238 ; free virtual = 8653
Finished Technology Mapping : Time (s): cpu = 00:01:53 ; elapsed = 00:02:08 . Memory (MB): peak = 1525.496 ; gain = 593.648 ; free physical = 1174 ; free virtual = 8589
Finished IO Insertion : Time (s): cpu = 00:01:54 ; elapsed = 00:02:09 . Memory (MB): peak = 1525.496 ; gain = 593.648 ; free physical = 1097 ; free virtual = 8512
Finished Renaming Generated Instances : Time (s): cpu = 00:01:54 ; elapsed = 00:02:09 . Memory (MB): peak = 1525.496 ; gain = 593.648 ; free physical = 1096 ; free virtual = 8511
Finished Rebuilding User Hierarchy : Time (s): cpu = 00:01:54 ; elapsed = 00:02:09 . Memory (MB): peak = 1525.496 ; gain = 593.648 ; free physical = 1094 ; free virtual = 8509
Finished Renaming Generated Ports : Time (s): cpu = 00:01:54 ; elapsed = 00:02:09 . Memory (MB): peak = 1525.496 ; gain = 593.648 ; free physical = 1094 ; free virtual = 8509
Finished Handling Custom Attributes : Time (s): cpu = 00:01:54 ; elapsed = 00:02:10 . Memory (MB): peak = 1525.496 ; gain = 593.648 ; free physical = 1093 ; free virtual = 8508
Finished Renaming Generated Nets : Time (s): cpu = 00:01:54 ; elapsed = 00:02:10 . Memory (MB): peak = 1525.496 ; gain = 593.648 ; free physical = 1093 ; free virtual = 8508

Report Cell Usage: 
+------+-----+------+
|      |Cell |Count |
+------+-----+------+
|1     |LUT1 |     2|
|2     |LUT2 |    17|
|3     |LUT3 |    56|
|4     |LUT4 |    70|
|5     |LUT5 |    61|
|6     |LUT6 |   155|
|7     |FDRE |   138|
+------+-----+------+
Finished Writing Synthesis Report : Time (s): cpu = 00:01:54 ; elapsed = 00:02:10 . Memory (MB): peak = 1525.496 ; gain = 593.648 ; free physical = 1093 ; free virtual = 8508
synth_design: Time (s): cpu = 00:01:42 ; elapsed = 00:01:55 . Memory (MB): peak = 1525.504 ; gain = 485.152 ; free physical = 1049 ; free virtual = 8465
