
*** Running vivado
    with args -log design_1_xlslice_0_0.vds -m64 -product Vivado -mode batch -messageDb vivado.pb -notrace -source design_1_xlslice_0_0.tcl

awk: symbol lookup error: awk: undefined symbol: mpfr_z_sub

****** Vivado v2016.4 (64-bit)
  **** SW Build 1733598 on Wed Dec 14 22:35:42 MST 2016
  **** IP Build 1731160 on Wed Dec 14 23:47:21 MST 2016
    ** Copyright 1986-2016 Xilinx, Inc. All Rights Reserved.

source design_1_xlslice_0_0.tcl -notrace
awk: symbol lookup error: awk: undefined symbol: mpfr_z_sub
Starting RTL Elaboration : Time (s): cpu = 00:00:24 ; elapsed = 00:00:25 . Memory (MB): peak = 1111.266 ; gain = 180.086 ; free physical = 1433 ; free virtual = 12269
INFO: [Synth 8-638] synthesizing module 'design_1_xlslice_0_0' [/home/bma/git/fpga_design/redpitaya/dds_gnuradio/dds_gnuradio.srcs/sources_1/bd/design_1/ip/design_1_xlslice_0_0/synth/design_1_xlslice_0_0.v:57]
INFO: [Synth 8-638] synthesizing module 'xlslice' [/home/bma/git/fpga_design/redpitaya/dds_gnuradio/dds_gnuradio.srcs/sources_1/bd/design_1/ipshared/c49f/xlslice.v:14]
INFO: [Synth 8-256] done synthesizing module 'xlslice' (1#1) [/home/bma/git/fpga_design/redpitaya/dds_gnuradio/dds_gnuradio.srcs/sources_1/bd/design_1/ipshared/c49f/xlslice.v:14]
INFO: [Synth 8-256] done synthesizing module 'design_1_xlslice_0_0' (2#1) [/home/bma/git/fpga_design/redpitaya/dds_gnuradio/dds_gnuradio.srcs/sources_1/bd/design_1/ip/design_1_xlslice_0_0/synth/design_1_xlslice_0_0.v:57]
Finished RTL Elaboration : Time (s): cpu = 00:00:26 ; elapsed = 00:00:28 . Memory (MB): peak = 1151.734 ; gain = 220.555 ; free physical = 1310 ; free virtual = 12167
Finished RTL Optimization Phase 1 : Time (s): cpu = 00:00:27 ; elapsed = 00:00:28 . Memory (MB): peak = 1151.734 ; gain = 220.555 ; free physical = 1302 ; free virtual = 12147
INFO: [Device 21-403] Loading part xc7z010clg400-1
Constraint Validation Runtime : Time (s): cpu = 00:00:00.03 ; elapsed = 00:00:00.03 . Memory (MB): peak = 1395.879 ; gain = 0.000 ; free physical = 753 ; free virtual = 11610
Finished Constraint Validation : Time (s): cpu = 00:00:53 ; elapsed = 00:00:57 . Memory (MB): peak = 1395.879 ; gain = 464.699 ; free physical = 671 ; free virtual = 11518
Finished Loading Part and Timing Information : Time (s): cpu = 00:00:53 ; elapsed = 00:00:57 . Memory (MB): peak = 1395.879 ; gain = 464.699 ; free physical = 671 ; free virtual = 11518
Finished applying 'set_property' XDC Constraints : Time (s): cpu = 00:00:53 ; elapsed = 00:00:57 . Memory (MB): peak = 1395.879 ; gain = 464.699 ; free physical = 671 ; free virtual = 11518
Finished RTL Optimization Phase 2 : Time (s): cpu = 00:00:53 ; elapsed = 00:00:57 . Memory (MB): peak = 1395.879 ; gain = 464.699 ; free physical = 671 ; free virtual = 11518
Finished Cross Boundary and Area Optimization : Time (s): cpu = 00:00:54 ; elapsed = 00:00:58 . Memory (MB): peak = 1395.879 ; gain = 464.699 ; free physical = 670 ; free virtual = 11517
Finished Applying XDC Timing Constraints : Time (s): cpu = 00:01:18 ; elapsed = 00:01:23 . Memory (MB): peak = 1434.879 ; gain = 503.699 ; free physical = 512 ; free virtual = 11358
Finished Timing Optimization : Time (s): cpu = 00:01:18 ; elapsed = 00:01:23 . Memory (MB): peak = 1434.879 ; gain = 503.699 ; free physical = 512 ; free virtual = 11358
Finished Technology Mapping : Time (s): cpu = 00:01:18 ; elapsed = 00:01:24 . Memory (MB): peak = 1443.895 ; gain = 512.715 ; free physical = 504 ; free virtual = 11350
Finished IO Insertion : Time (s): cpu = 00:01:19 ; elapsed = 00:01:25 . Memory (MB): peak = 1443.895 ; gain = 512.715 ; free physical = 452 ; free virtual = 11298
Finished Renaming Generated Instances : Time (s): cpu = 00:01:19 ; elapsed = 00:01:25 . Memory (MB): peak = 1443.895 ; gain = 512.715 ; free physical = 451 ; free virtual = 11298
Finished Rebuilding User Hierarchy : Time (s): cpu = 00:01:19 ; elapsed = 00:01:25 . Memory (MB): peak = 1443.895 ; gain = 512.715 ; free physical = 451 ; free virtual = 11297
Finished Renaming Generated Ports : Time (s): cpu = 00:01:19 ; elapsed = 00:01:25 . Memory (MB): peak = 1443.895 ; gain = 512.715 ; free physical = 451 ; free virtual = 11297
Finished Handling Custom Attributes : Time (s): cpu = 00:01:19 ; elapsed = 00:01:25 . Memory (MB): peak = 1443.895 ; gain = 512.715 ; free physical = 451 ; free virtual = 11297
Finished Renaming Generated Nets : Time (s): cpu = 00:01:19 ; elapsed = 00:01:25 . Memory (MB): peak = 1443.895 ; gain = 512.715 ; free physical = 451 ; free virtual = 11297

Report Cell Usage: 
+-+-----+------+
| |Cell |Count |
+-+-----+------+
+-+-----+------+
Finished Writing Synthesis Report : Time (s): cpu = 00:01:19 ; elapsed = 00:01:25 . Memory (MB): peak = 1443.895 ; gain = 512.715 ; free physical = 451 ; free virtual = 11297
synth_design: Time (s): cpu = 00:01:09 ; elapsed = 00:01:15 . Memory (MB): peak = 1448.895 ; gain = 418.211 ; free physical = 414 ; free virtual = 11290
