
*** Running vivado
    with args -log pid_vco_bypass_pid_only_wrapper_tier2_xbar_3_0.vds -m64 -product Vivado -mode batch -messageDb vivado.pb -notrace -source pid_vco_bypass_pid_only_wrapper_tier2_xbar_3_0.tcl

awk: symbol lookup error: awk: undefined symbol: mpfr_z_sub

****** Vivado v2016.4 (64-bit)
  **** SW Build 1733598 on Wed Dec 14 22:35:42 MST 2016
  **** IP Build 1731160 on Wed Dec 14 23:47:21 MST 2016
    ** Copyright 1986-2016 Xilinx, Inc. All Rights Reserved.

source pid_vco_bypass_pid_only_wrapper_tier2_xbar_3_0.tcl -notrace
awk: symbol lookup error: awk: undefined symbol: mpfr_z_sub
Starting RTL Elaboration : Time (s): cpu = 00:00:25 ; elapsed = 00:00:27 . Memory (MB): peak = 1131.262 ; gain = 200.086 ; free physical = 1888 ; free virtual = 11439
INFO: [Synth 8-638] synthesizing module 'pid_vco_bypass_pid_only_wrapper_tier2_xbar_3_0' [/home/bma/git/fpga_design/redpitaya/pid_vco_bypass_pid_only/pid_vco_bypass_pid_only.srcs/sources_1/bd/pid_vco_bypass_pid_only_wrapper/ip/pid_vco_bypass_pid_only_wrapper_tier2_xbar_3_0/synth/pid_vco_bypass_pid_only_wrapper_tier2_xbar_3_0.v:59]
INFO: [Synth 8-638] synthesizing module 'axi_crossbar_v2_1_12_axi_crossbar' [/home/bma/git/fpga_design/redpitaya/pid_vco_bypass_pid_only/pid_vco_bypass_pid_only.srcs/sources_1/bd/pid_vco_bypass_pid_only_wrapper/ipshared/896d/hdl/axi_crossbar_v2_1_vl_rfs.v:4882]
INFO: [Synth 8-638] synthesizing module 'axi_crossbar_v2_1_12_crossbar_sasd' [/home/bma/git/fpga_design/redpitaya/pid_vco_bypass_pid_only/pid_vco_bypass_pid_only.srcs/sources_1/bd/pid_vco_bypass_pid_only_wrapper/ipshared/896d/hdl/axi_crossbar_v2_1_vl_rfs.v:1240]
INFO: [Synth 8-638] synthesizing module 'axi_crossbar_v2_1_12_addr_decoder' [/home/bma/git/fpga_design/redpitaya/pid_vco_bypass_pid_only/pid_vco_bypass_pid_only.srcs/sources_1/bd/pid_vco_bypass_pid_only_wrapper/ipshared/896d/hdl/axi_crossbar_v2_1_vl_rfs.v:794]
INFO: [Synth 8-638] synthesizing module 'generic_baseblocks_v2_1_0_comparator_static' [/home/bma/git/fpga_design/redpitaya/pid_vco_bypass_pid_only/pid_vco_bypass_pid_only.srcs/sources_1/bd/pid_vco_bypass_pid_only_wrapper/ipshared/7ee0/hdl/generic_baseblocks_v2_1_vl_rfs.v:2133]
INFO: [Synth 8-638] synthesizing module 'generic_baseblocks_v2_1_0_carry_and' [/home/bma/git/fpga_design/redpitaya/pid_vco_bypass_pid_only/pid_vco_bypass_pid_only.srcs/sources_1/bd/pid_vco_bypass_pid_only_wrapper/ipshared/7ee0/hdl/generic_baseblocks_v2_1_vl_rfs.v:62]
INFO: [Synth 8-256] done synthesizing module 'generic_baseblocks_v2_1_0_carry_and' (1#1) [/home/bma/git/fpga_design/redpitaya/pid_vco_bypass_pid_only/pid_vco_bypass_pid_only.srcs/sources_1/bd/pid_vco_bypass_pid_only_wrapper/ipshared/7ee0/hdl/generic_baseblocks_v2_1_vl_rfs.v:62]
INFO: [Synth 8-256] done synthesizing module 'generic_baseblocks_v2_1_0_comparator_static' (2#1) [/home/bma/git/fpga_design/redpitaya/pid_vco_bypass_pid_only/pid_vco_bypass_pid_only.srcs/sources_1/bd/pid_vco_bypass_pid_only_wrapper/ipshared/7ee0/hdl/generic_baseblocks_v2_1_vl_rfs.v:2133]
INFO: [Synth 8-638] synthesizing module 'generic_baseblocks_v2_1_0_comparator_static__parameterized0' [/home/bma/git/fpga_design/redpitaya/pid_vco_bypass_pid_only/pid_vco_bypass_pid_only.srcs/sources_1/bd/pid_vco_bypass_pid_only_wrapper/ipshared/7ee0/hdl/generic_baseblocks_v2_1_vl_rfs.v:2133]
INFO: [Synth 8-256] done synthesizing module 'generic_baseblocks_v2_1_0_comparator_static__parameterized0' (2#1) [/home/bma/git/fpga_design/redpitaya/pid_vco_bypass_pid_only/pid_vco_bypass_pid_only.srcs/sources_1/bd/pid_vco_bypass_pid_only_wrapper/ipshared/7ee0/hdl/generic_baseblocks_v2_1_vl_rfs.v:2133]
INFO: [Synth 8-256] done synthesizing module 'axi_crossbar_v2_1_12_addr_decoder' (3#1) [/home/bma/git/fpga_design/redpitaya/pid_vco_bypass_pid_only/pid_vco_bypass_pid_only.srcs/sources_1/bd/pid_vco_bypass_pid_only_wrapper/ipshared/896d/hdl/axi_crossbar_v2_1_vl_rfs.v:794]
INFO: [Synth 8-638] synthesizing module 'axi_crossbar_v2_1_12_decerr_slave' [/home/bma/git/fpga_design/redpitaya/pid_vco_bypass_pid_only/pid_vco_bypass_pid_only.srcs/sources_1/bd/pid_vco_bypass_pid_only_wrapper/ipshared/896d/hdl/axi_crossbar_v2_1_vl_rfs.v:3500]
INFO: [Synth 8-256] done synthesizing module 'axi_crossbar_v2_1_12_decerr_slave' (4#1) [/home/bma/git/fpga_design/redpitaya/pid_vco_bypass_pid_only/pid_vco_bypass_pid_only.srcs/sources_1/bd/pid_vco_bypass_pid_only_wrapper/ipshared/896d/hdl/axi_crossbar_v2_1_vl_rfs.v:3500]
INFO: [Synth 8-638] synthesizing module 'axi_crossbar_v2_1_12_addr_arbiter_sasd' [/home/bma/git/fpga_design/redpitaya/pid_vco_bypass_pid_only/pid_vco_bypass_pid_only.srcs/sources_1/bd/pid_vco_bypass_pid_only_wrapper/ipshared/896d/hdl/axi_crossbar_v2_1_vl_rfs.v:65]
INFO: [Synth 8-256] done synthesizing module 'axi_crossbar_v2_1_12_addr_arbiter_sasd' (5#1) [/home/bma/git/fpga_design/redpitaya/pid_vco_bypass_pid_only/pid_vco_bypass_pid_only.srcs/sources_1/bd/pid_vco_bypass_pid_only_wrapper/ipshared/896d/hdl/axi_crossbar_v2_1_vl_rfs.v:65]
INFO: [Synth 8-638] synthesizing module 'axi_crossbar_v2_1_12_splitter' [/home/bma/git/fpga_design/redpitaya/pid_vco_bypass_pid_only/pid_vco_bypass_pid_only.srcs/sources_1/bd/pid_vco_bypass_pid_only_wrapper/ipshared/896d/hdl/axi_crossbar_v2_1_vl_rfs.v:4459]
INFO: [Synth 8-256] done synthesizing module 'axi_crossbar_v2_1_12_splitter' (6#1) [/home/bma/git/fpga_design/redpitaya/pid_vco_bypass_pid_only/pid_vco_bypass_pid_only.srcs/sources_1/bd/pid_vco_bypass_pid_only_wrapper/ipshared/896d/hdl/axi_crossbar_v2_1_vl_rfs.v:4459]
INFO: [Synth 8-638] synthesizing module 'axi_crossbar_v2_1_12_splitter__parameterized0' [/home/bma/git/fpga_design/redpitaya/pid_vco_bypass_pid_only/pid_vco_bypass_pid_only.srcs/sources_1/bd/pid_vco_bypass_pid_only_wrapper/ipshared/896d/hdl/axi_crossbar_v2_1_vl_rfs.v:4459]
INFO: [Synth 8-256] done synthesizing module 'axi_crossbar_v2_1_12_splitter__parameterized0' (6#1) [/home/bma/git/fpga_design/redpitaya/pid_vco_bypass_pid_only/pid_vco_bypass_pid_only.srcs/sources_1/bd/pid_vco_bypass_pid_only_wrapper/ipshared/896d/hdl/axi_crossbar_v2_1_vl_rfs.v:4459]
INFO: [Synth 8-638] synthesizing module 'generic_baseblocks_v2_1_0_mux_enc' [/home/bma/git/fpga_design/redpitaya/pid_vco_bypass_pid_only/pid_vco_bypass_pid_only.srcs/sources_1/bd/pid_vco_bypass_pid_only_wrapper/ipshared/7ee0/hdl/generic_baseblocks_v2_1_vl_rfs.v:2452]
INFO: [Synth 8-256] done synthesizing module 'generic_baseblocks_v2_1_0_mux_enc' (7#1) [/home/bma/git/fpga_design/redpitaya/pid_vco_bypass_pid_only/pid_vco_bypass_pid_only.srcs/sources_1/bd/pid_vco_bypass_pid_only_wrapper/ipshared/7ee0/hdl/generic_baseblocks_v2_1_vl_rfs.v:2452]
INFO: [Synth 8-638] synthesizing module 'generic_baseblocks_v2_1_0_mux_enc__parameterized0' [/home/bma/git/fpga_design/redpitaya/pid_vco_bypass_pid_only/pid_vco_bypass_pid_only.srcs/sources_1/bd/pid_vco_bypass_pid_only_wrapper/ipshared/7ee0/hdl/generic_baseblocks_v2_1_vl_rfs.v:2452]
INFO: [Synth 8-256] done synthesizing module 'generic_baseblocks_v2_1_0_mux_enc__parameterized0' (7#1) [/home/bma/git/fpga_design/redpitaya/pid_vco_bypass_pid_only/pid_vco_bypass_pid_only.srcs/sources_1/bd/pid_vco_bypass_pid_only_wrapper/ipshared/7ee0/hdl/generic_baseblocks_v2_1_vl_rfs.v:2452]
INFO: [Synth 8-638] synthesizing module 'generic_baseblocks_v2_1_0_mux_enc__parameterized1' [/home/bma/git/fpga_design/redpitaya/pid_vco_bypass_pid_only/pid_vco_bypass_pid_only.srcs/sources_1/bd/pid_vco_bypass_pid_only_wrapper/ipshared/7ee0/hdl/generic_baseblocks_v2_1_vl_rfs.v:2452]
INFO: [Synth 8-256] done synthesizing module 'generic_baseblocks_v2_1_0_mux_enc__parameterized1' (7#1) [/home/bma/git/fpga_design/redpitaya/pid_vco_bypass_pid_only/pid_vco_bypass_pid_only.srcs/sources_1/bd/pid_vco_bypass_pid_only_wrapper/ipshared/7ee0/hdl/generic_baseblocks_v2_1_vl_rfs.v:2452]
INFO: [Synth 8-638] synthesizing module 'generic_baseblocks_v2_1_0_mux_enc__parameterized2' [/home/bma/git/fpga_design/redpitaya/pid_vco_bypass_pid_only/pid_vco_bypass_pid_only.srcs/sources_1/bd/pid_vco_bypass_pid_only_wrapper/ipshared/7ee0/hdl/generic_baseblocks_v2_1_vl_rfs.v:2452]
INFO: [Synth 8-256] done synthesizing module 'generic_baseblocks_v2_1_0_mux_enc__parameterized2' (7#1) [/home/bma/git/fpga_design/redpitaya/pid_vco_bypass_pid_only/pid_vco_bypass_pid_only.srcs/sources_1/bd/pid_vco_bypass_pid_only_wrapper/ipshared/7ee0/hdl/generic_baseblocks_v2_1_vl_rfs.v:2452]
INFO: [Synth 8-638] synthesizing module 'axi_register_slice_v2_1_11_axic_register_slice' [/home/bma/git/fpga_design/redpitaya/pid_vco_bypass_pid_only/pid_vco_bypass_pid_only.srcs/sources_1/bd/pid_vco_bypass_pid_only_wrapper/ipshared/0b6b/hdl/axi_register_slice_v2_1_vl_rfs.v:85]
INFO: [Synth 8-256] done synthesizing module 'axi_register_slice_v2_1_11_axic_register_slice' (8#1) [/home/bma/git/fpga_design/redpitaya/pid_vco_bypass_pid_only/pid_vco_bypass_pid_only.srcs/sources_1/bd/pid_vco_bypass_pid_only_wrapper/ipshared/0b6b/hdl/axi_register_slice_v2_1_vl_rfs.v:85]
INFO: [Synth 8-638] synthesizing module 'generic_baseblocks_v2_1_0_mux_enc__parameterized3' [/home/bma/git/fpga_design/redpitaya/pid_vco_bypass_pid_only/pid_vco_bypass_pid_only.srcs/sources_1/bd/pid_vco_bypass_pid_only_wrapper/ipshared/7ee0/hdl/generic_baseblocks_v2_1_vl_rfs.v:2452]
INFO: [Synth 8-256] done synthesizing module 'generic_baseblocks_v2_1_0_mux_enc__parameterized3' (8#1) [/home/bma/git/fpga_design/redpitaya/pid_vco_bypass_pid_only/pid_vco_bypass_pid_only.srcs/sources_1/bd/pid_vco_bypass_pid_only_wrapper/ipshared/7ee0/hdl/generic_baseblocks_v2_1_vl_rfs.v:2452]
INFO: [Synth 8-256] done synthesizing module 'axi_crossbar_v2_1_12_crossbar_sasd' (9#1) [/home/bma/git/fpga_design/redpitaya/pid_vco_bypass_pid_only/pid_vco_bypass_pid_only.srcs/sources_1/bd/pid_vco_bypass_pid_only_wrapper/ipshared/896d/hdl/axi_crossbar_v2_1_vl_rfs.v:1240]
INFO: [Synth 8-256] done synthesizing module 'axi_crossbar_v2_1_12_axi_crossbar' (10#1) [/home/bma/git/fpga_design/redpitaya/pid_vco_bypass_pid_only/pid_vco_bypass_pid_only.srcs/sources_1/bd/pid_vco_bypass_pid_only_wrapper/ipshared/896d/hdl/axi_crossbar_v2_1_vl_rfs.v:4882]
INFO: [Synth 8-256] done synthesizing module 'pid_vco_bypass_pid_only_wrapper_tier2_xbar_3_0' (11#1) [/home/bma/git/fpga_design/redpitaya/pid_vco_bypass_pid_only/pid_vco_bypass_pid_only.srcs/sources_1/bd/pid_vco_bypass_pid_only_wrapper/ip/pid_vco_bypass_pid_only_wrapper_tier2_xbar_3_0/synth/pid_vco_bypass_pid_only_wrapper_tier2_xbar_3_0.v:59]
Finished RTL Elaboration : Time (s): cpu = 00:00:30 ; elapsed = 00:00:32 . Memory (MB): peak = 1251.730 ; gain = 320.555 ; free physical = 1762 ; free virtual = 11315
Finished RTL Optimization Phase 1 : Time (s): cpu = 00:00:31 ; elapsed = 00:00:32 . Memory (MB): peak = 1251.730 ; gain = 320.555 ; free physical = 1762 ; free virtual = 11315
INFO: [Device 21-403] Loading part xc7z010clg400-1
Constraint Validation Runtime : Time (s): cpu = 00:00:00.04 ; elapsed = 00:00:00.04 . Memory (MB): peak = 1513.543 ; gain = 0.000 ; free physical = 1671 ; free virtual = 11227
Finished Constraint Validation : Time (s): cpu = 00:00:42 ; elapsed = 00:00:44 . Memory (MB): peak = 1513.543 ; gain = 582.367 ; free physical = 1670 ; free virtual = 11227
Finished Loading Part and Timing Information : Time (s): cpu = 00:00:42 ; elapsed = 00:00:44 . Memory (MB): peak = 1513.543 ; gain = 582.367 ; free physical = 1670 ; free virtual = 11227
Finished applying 'set_property' XDC Constraints : Time (s): cpu = 00:00:42 ; elapsed = 00:00:44 . Memory (MB): peak = 1513.543 ; gain = 582.367 ; free physical = 1670 ; free virtual = 11227
Finished RTL Optimization Phase 2 : Time (s): cpu = 00:00:43 ; elapsed = 00:00:45 . Memory (MB): peak = 1513.543 ; gain = 582.367 ; free physical = 1663 ; free virtual = 11220
Finished Cross Boundary and Area Optimization : Time (s): cpu = 00:00:44 ; elapsed = 00:00:45 . Memory (MB): peak = 1513.543 ; gain = 582.367 ; free physical = 1639 ; free virtual = 11195
Finished Applying XDC Timing Constraints : Time (s): cpu = 00:00:54 ; elapsed = 00:00:56 . Memory (MB): peak = 1513.543 ; gain = 582.367 ; free physical = 1607 ; free virtual = 11165
Finished Timing Optimization : Time (s): cpu = 00:00:54 ; elapsed = 00:00:56 . Memory (MB): peak = 1513.543 ; gain = 582.367 ; free physical = 1594 ; free virtual = 11151
Finished Technology Mapping : Time (s): cpu = 00:00:54 ; elapsed = 00:00:56 . Memory (MB): peak = 1513.543 ; gain = 582.367 ; free physical = 1585 ; free virtual = 11142
Finished IO Insertion : Time (s): cpu = 00:00:55 ; elapsed = 00:00:57 . Memory (MB): peak = 1513.543 ; gain = 582.367 ; free physical = 1584 ; free virtual = 11142
Finished Renaming Generated Instances : Time (s): cpu = 00:00:55 ; elapsed = 00:00:57 . Memory (MB): peak = 1513.543 ; gain = 582.367 ; free physical = 1584 ; free virtual = 11142
Finished Rebuilding User Hierarchy : Time (s): cpu = 00:00:55 ; elapsed = 00:00:57 . Memory (MB): peak = 1513.543 ; gain = 582.367 ; free physical = 1584 ; free virtual = 11142
Finished Renaming Generated Ports : Time (s): cpu = 00:00:55 ; elapsed = 00:00:57 . Memory (MB): peak = 1513.543 ; gain = 582.367 ; free physical = 1584 ; free virtual = 11142
Finished Handling Custom Attributes : Time (s): cpu = 00:00:55 ; elapsed = 00:00:57 . Memory (MB): peak = 1513.543 ; gain = 582.367 ; free physical = 1584 ; free virtual = 11142
Finished Renaming Generated Nets : Time (s): cpu = 00:00:55 ; elapsed = 00:00:57 . Memory (MB): peak = 1513.543 ; gain = 582.367 ; free physical = 1584 ; free virtual = 11142

Report Cell Usage: 
+------+-----+------+
|      |Cell |Count |
+------+-----+------+
|1     |LUT1 |     2|
|2     |LUT2 |    14|
|3     |LUT3 |     7|
|4     |LUT4 |    79|
|5     |LUT5 |    12|
|6     |LUT6 |    59|
|7     |FDRE |   130|
+------+-----+------+
Finished Writing Synthesis Report : Time (s): cpu = 00:00:55 ; elapsed = 00:00:57 . Memory (MB): peak = 1513.543 ; gain = 582.367 ; free physical = 1584 ; free virtual = 11142
synth_design: Time (s): cpu = 00:00:41 ; elapsed = 00:00:41 . Memory (MB): peak = 1513.551 ; gain = 472.871 ; free physical = 1581 ; free virtual = 11139
