#-----------------------------------------------------------
# Vivado v2016.4 (64-bit)
# SW Build 1733598 on Wed Dec 14 22:35:42 MST 2016
# IP Build 1731160 on Wed Dec 14 23:47:21 MST 2016
# Start of session at: Thu Aug 16 16:12:35 2018
# Process ID: 24357
# Current directory: /home/bma/git/fpga_design/redpitaya/iq_demod_only
# Command line: vivado iq_demod_only.xpr
# Log file: /home/bma/git/fpga_design/redpitaya/iq_demod_only/vivado.log
# Journal file: /home/bma/git/fpga_design/redpitaya/iq_demod_only/vivado.jou
#-----------------------------------------------------------
start_gui
open_project iq_demod_only.xpr
Scanning sources...
Finished scanning sources
INFO: [IP_Flow 19-234] Refreshing IP repositories
INFO: [IP_Flow 19-1700] Loaded user IP repository '/home/bma/git/gitlab/oimp/fpga_ip'.
INFO: [IP_Flow 19-2313] Loaded Vivado IP repository '/opt/Xilinx/Vivado/2016.4/data/ip'.
WARNING: [IP_Flow 19-4830] Duplicate Interface found for 'xilinx.com:interface:vga:1.0'. The one found in location '/home/bma/git/gitlab/oimp/fpga_ip/interfaces/vga_v1_0/vga.xml' will take precedence over the same Interface in location '/opt/Xilinx/Vivado/2016.4/data/ip/interfaces/vga_v1_0/vga.xml'
open_project: Time (s): cpu = 00:00:26 ; elapsed = 00:00:12 . Memory (MB): peak = 5963.742 ; gain = 163.699 ; free physical = 2217 ; free virtual = 11891
open_bd_design {/home/bma/git/fpga_design/redpitaya/iq_demod_only/iq_demod_only.srcs/sources_1/bd/iq_demod_only_wrapper/iq_demod_only_wrapper.bd}
Adding cell -- ggm:cogen:ad9767:1.0 - ad9767_0
Adding cell -- ggm:cogen:add_const:1.0 - adc1_offset
Adding cell -- ggm:cogen:add_const:1.0 - dds_ampl
Adding cell -- ggm:cogen:add_const:1.0 - dds_offset
Adding cell -- ggm:cogen:mixer_sin:1.0 - demod_mixer
Adding cell -- xilinx.com:ip:proc_sys_reset:5.0 - proc_sys_reset_0
Adding cell -- xilinx.com:ip:processing_system7:5.5 - processing_system7_0
Adding cell -- ggm:cogen:redpitaya_adc_dac_clk:1.0 - redpitaya_adc_dac_clk_0
Adding cell -- ggm:cogen:twoInMult:1.0 - twoInMult_0
Adding cell -- xilinx.com:ip:xlconstant:1.1 - xlconstant_0
Adding cell -- xilinx.com:ip:xlslice:1.0 - xlslice_0
Adding cell -- gwbs:user:ltc2145:1.0 - ltc2145_0
Adding cell -- user.org:user:nco_counter:1.0 - dds_nco
Adding cell -- user.org:user:nco_counter:1.0 - demod_nco
Adding cell -- ggm:cogen:cordicAtan:1.0 - cordicAtan_0
WARNING: [BD 41-1731] Type mismatch between connected pins: /proc_sys_reset_0/peripheral_aresetn(rst) and /ltc2145_0/resetn(undef)
WARNING: [BD 41-1731] Type mismatch between connected pins: /proc_sys_reset_0/peripheral_reset(rst) and /redpitaya_adc_dac_clk_0/adc_rst_i(undef)
WARNING: [BD 41-1731] Type mismatch between connected pins: /proc_sys_reset_0/peripheral_reset(rst) and /ltc2145_0/processing_rst_i(undef)
Adding cell -- xilinx.com:ip:axi_crossbar:2.1 - xbar
Adding cell -- xilinx.com:ip:axi_protocol_converter:2.1 - auto_pc
Successfully read diagram <iq_demod_only_wrapper> from BD file </home/bma/git/fpga_design/redpitaya/iq_demod_only/iq_demod_only.srcs/sources_1/bd/iq_demod_only_wrapper/iq_demod_only_wrapper.bd>
open_bd_design: Time (s): cpu = 00:00:19 ; elapsed = 00:00:10 . Memory (MB): peak = 6050.277 ; gain = 75.531 ; free physical = 2021 ; free virtual = 11811
exit
INFO: [Common 17-206] Exiting Vivado at Thu Aug 16 16:13:48 2018...
