
*** Running vivado
    with args -log double_dds_wrapper_xlconstant_0_2.vds -m64 -product Vivado -mode batch -messageDb vivado.pb -notrace -source double_dds_wrapper_xlconstant_0_2.tcl

awk: symbol lookup error: awk: undefined symbol: mpfr_z_sub

****** Vivado v2016.4 (64-bit)
  **** SW Build 1733598 on Wed Dec 14 22:35:42 MST 2016
  **** IP Build 1731160 on Wed Dec 14 23:47:21 MST 2016
    ** Copyright 1986-2016 Xilinx, Inc. All Rights Reserved.

source double_dds_wrapper_xlconstant_0_2.tcl -notrace
awk: symbol lookup error: awk: undefined symbol: mpfr_z_sub
Starting RTL Elaboration : Time (s): cpu = 00:00:25 ; elapsed = 00:00:26 . Memory (MB): peak = 1112.273 ; gain = 181.086 ; free physical = 728 ; free virtual = 12246
INFO: [Synth 8-638] synthesizing module 'double_dds_wrapper_xlconstant_0_2' [/home/bma/git/fpga_design/redpitaya/double_dds/double_dds.srcs/sources_1/bd/double_dds_wrapper/ip/double_dds_wrapper_xlconstant_0_2/sim/double_dds_wrapper_xlconstant_0_2.v:56]
INFO: [Synth 8-638] synthesizing module 'xlconstant' [/home/bma/git/fpga_design/redpitaya/double_dds/double_dds.srcs/sources_1/bd/double_dds_wrapper/ipshared/e147/xlconstant.v:23]
INFO: [Synth 8-256] done synthesizing module 'xlconstant' (1#1) [/home/bma/git/fpga_design/redpitaya/double_dds/double_dds.srcs/sources_1/bd/double_dds_wrapper/ipshared/e147/xlconstant.v:23]
INFO: [Synth 8-256] done synthesizing module 'double_dds_wrapper_xlconstant_0_2' (2#1) [/home/bma/git/fpga_design/redpitaya/double_dds/double_dds.srcs/sources_1/bd/double_dds_wrapper/ip/double_dds_wrapper_xlconstant_0_2/sim/double_dds_wrapper_xlconstant_0_2.v:56]
Finished RTL Elaboration : Time (s): cpu = 00:00:28 ; elapsed = 00:00:29 . Memory (MB): peak = 1153.742 ; gain = 222.555 ; free physical = 629 ; free virtual = 12148
Finished RTL Optimization Phase 1 : Time (s): cpu = 00:00:28 ; elapsed = 00:00:29 . Memory (MB): peak = 1153.742 ; gain = 222.555 ; free physical = 623 ; free virtual = 12142
INFO: [Device 21-403] Loading part xc7z010clg400-1
Constraint Validation Runtime : Time (s): cpu = 00:00:00.02 ; elapsed = 00:00:00.02 . Memory (MB): peak = 1391.922 ; gain = 1.000 ; free physical = 241 ; free virtual = 11760
Finished Constraint Validation : Time (s): cpu = 00:00:52 ; elapsed = 00:00:54 . Memory (MB): peak = 1391.922 ; gain = 460.734 ; free physical = 121 ; free virtual = 11624
Finished Loading Part and Timing Information : Time (s): cpu = 00:00:52 ; elapsed = 00:00:54 . Memory (MB): peak = 1391.922 ; gain = 460.734 ; free physical = 121 ; free virtual = 11624
Finished applying 'set_property' XDC Constraints : Time (s): cpu = 00:00:52 ; elapsed = 00:00:54 . Memory (MB): peak = 1391.922 ; gain = 460.734 ; free physical = 121 ; free virtual = 11624
Finished RTL Optimization Phase 2 : Time (s): cpu = 00:00:52 ; elapsed = 00:00:54 . Memory (MB): peak = 1391.922 ; gain = 460.734 ; free physical = 121 ; free virtual = 11624
Finished Cross Boundary and Area Optimization : Time (s): cpu = 00:00:53 ; elapsed = 00:00:55 . Memory (MB): peak = 1391.922 ; gain = 460.734 ; free physical = 121 ; free virtual = 11624
Finished Applying XDC Timing Constraints : Time (s): cpu = 00:01:20 ; elapsed = 00:01:22 . Memory (MB): peak = 1435.922 ; gain = 504.734 ; free physical = 143 ; free virtual = 11485
Finished Timing Optimization : Time (s): cpu = 00:01:20 ; elapsed = 00:01:22 . Memory (MB): peak = 1435.922 ; gain = 504.734 ; free physical = 143 ; free virtual = 11485
Finished Technology Mapping : Time (s): cpu = 00:01:20 ; elapsed = 00:01:22 . Memory (MB): peak = 1444.938 ; gain = 513.750 ; free physical = 471 ; free virtual = 11813
Finished IO Insertion : Time (s): cpu = 00:01:21 ; elapsed = 00:01:23 . Memory (MB): peak = 1444.938 ; gain = 513.750 ; free physical = 706 ; free virtual = 12048
Finished Renaming Generated Instances : Time (s): cpu = 00:01:21 ; elapsed = 00:01:23 . Memory (MB): peak = 1444.938 ; gain = 513.750 ; free physical = 706 ; free virtual = 12048
Finished Rebuilding User Hierarchy : Time (s): cpu = 00:01:21 ; elapsed = 00:01:23 . Memory (MB): peak = 1444.938 ; gain = 513.750 ; free physical = 706 ; free virtual = 12048
Finished Renaming Generated Ports : Time (s): cpu = 00:01:21 ; elapsed = 00:01:23 . Memory (MB): peak = 1444.938 ; gain = 513.750 ; free physical = 706 ; free virtual = 12048
Finished Handling Custom Attributes : Time (s): cpu = 00:01:21 ; elapsed = 00:01:23 . Memory (MB): peak = 1444.938 ; gain = 513.750 ; free physical = 705 ; free virtual = 12047
Finished Renaming Generated Nets : Time (s): cpu = 00:01:21 ; elapsed = 00:01:23 . Memory (MB): peak = 1444.938 ; gain = 513.750 ; free physical = 705 ; free virtual = 12047

Report Cell Usage: 
+-+-----+------+
| |Cell |Count |
+-+-----+------+
+-+-----+------+
Finished Writing Synthesis Report : Time (s): cpu = 00:01:21 ; elapsed = 00:01:23 . Memory (MB): peak = 1444.938 ; gain = 513.750 ; free physical = 705 ; free virtual = 12047
synth_design: Time (s): cpu = 00:01:10 ; elapsed = 00:01:11 . Memory (MB): peak = 1457.938 ; gain = 425.246 ; free physical = 656 ; free virtual = 11998
