
*** Running vivado
    with args -log pid_vco_pid_only_wrapper_redpitaya_adc_dac_clk_0_0.vds -m64 -product Vivado -mode batch -messageDb vivado.pb -notrace -source pid_vco_pid_only_wrapper_redpitaya_adc_dac_clk_0_0.tcl

awk: symbol lookup error: awk: undefined symbol: mpfr_z_sub

****** Vivado v2016.4 (64-bit)
  **** SW Build 1733598 on Wed Dec 14 22:35:42 MST 2016
  **** IP Build 1731160 on Wed Dec 14 23:47:21 MST 2016
    ** Copyright 1986-2016 Xilinx, Inc. All Rights Reserved.

source pid_vco_pid_only_wrapper_redpitaya_adc_dac_clk_0_0.tcl -notrace
Command: synth_design -top pid_vco_pid_only_wrapper_redpitaya_adc_dac_clk_0_0 -part xc7z010clg400-1 -mode out_of_context
Starting synth_design
Attempting to get a license for feature 'Synthesis' and/or device 'xc7z010'
INFO: [Common 17-349] Got license for feature 'Synthesis' and/or device 'xc7z010'
INFO: Launching helper process for spawning children vivado processes
INFO: Helper process launched with PID 2447 
awk: symbol lookup error: awk: undefined symbol: mpfr_z_sub
---------------------------------------------------------------------------------
Starting RTL Elaboration : Time (s): cpu = 00:00:25 ; elapsed = 00:00:27 . Memory (MB): peak = 1111.266 ; gain = 180.086 ; free physical = 2747 ; free virtual = 13038
---------------------------------------------------------------------------------
INFO: [Synth 8-638] synthesizing module 'pid_vco_pid_only_wrapper_redpitaya_adc_dac_clk_0_0' [/home/bma/git/fpga_design/redpitaya/pid_vco_pid_only/pid_vco_pid_only.srcs/sources_1/bd/pid_vco_pid_only_wrapper/ip/pid_vco_pid_only_wrapper_redpitaya_adc_dac_clk_0_0/synth/pid_vco_pid_only_wrapper_redpitaya_adc_dac_clk_0_0.v:56]
INFO: [Synth 8-638] synthesizing module 'redpitaya_adc_dac_clk' [/home/bma/git/fpga_design/redpitaya/pid_vco_pid_only/pid_vco_pid_only.srcs/sources_1/bd/pid_vco_pid_only_wrapper/ipshared/37d0/hdl/redpitaya_adc_dac_clk.v:1]
INFO: [Synth 8-638] synthesizing module 'IBUFDS' [/opt/Xilinx/Vivado/2016.4/scripts/rt/data/unisim_comp.v:14161]
	Parameter CAPACITANCE bound to: DONT_CARE - type: string 
	Parameter DIFF_TERM bound to: FALSE - type: string 
	Parameter DQS_BIAS bound to: FALSE - type: string 
	Parameter IBUF_DELAY_VALUE bound to: 0 - type: string 
	Parameter IBUF_LOW_PWR bound to: TRUE - type: string 
	Parameter IFD_DELAY_VALUE bound to: AUTO - type: string 
	Parameter IOSTANDARD bound to: DEFAULT - type: string 
INFO: [Synth 8-256] done synthesizing module 'IBUFDS' (1#1) [/opt/Xilinx/Vivado/2016.4/scripts/rt/data/unisim_comp.v:14161]
INFO: [Synth 8-638] synthesizing module 'BUFG' [/opt/Xilinx/Vivado/2016.4/scripts/rt/data/unisim_comp.v:607]
INFO: [Synth 8-256] done synthesizing module 'BUFG' (2#1) [/opt/Xilinx/Vivado/2016.4/scripts/rt/data/unisim_comp.v:607]
INFO: [Synth 8-638] synthesizing module 'PLLE2_ADV' [/opt/Xilinx/Vivado/2016.4/scripts/rt/data/unisim_comp.v:32674]
	Parameter BANDWIDTH bound to: OPTIMIZED - type: string 
	Parameter CLKFBOUT_MULT bound to: 8 - type: integer 
	Parameter CLKFBOUT_PHASE bound to: 0.000000 - type: float 
	Parameter CLKIN1_PERIOD bound to: 8.000000 - type: float 
	Parameter CLKIN2_PERIOD bound to: 0.000000 - type: float 
	Parameter CLKOUT0_DIVIDE bound to: 8 - type: integer 
	Parameter CLKOUT0_DUTY_CYCLE bound to: 0.500000 - type: float 
	Parameter CLKOUT0_PHASE bound to: 0.000000 - type: float 
	Parameter CLKOUT1_DIVIDE bound to: 4 - type: integer 
	Parameter CLKOUT1_DUTY_CYCLE bound to: 0.500000 - type: float 
	Parameter CLKOUT1_PHASE bound to: 0.000000 - type: float 
	Parameter CLKOUT2_DIVIDE bound to: 4 - type: integer 
	Parameter CLKOUT2_DUTY_CYCLE bound to: 0.500000 - type: float 
	Parameter CLKOUT2_PHASE bound to: -45.000000 - type: float 
	Parameter CLKOUT3_DIVIDE bound to: 4 - type: integer 
	Parameter CLKOUT3_DUTY_CYCLE bound to: 0.500000 - type: float 
	Parameter CLKOUT3_PHASE bound to: 0.000000 - type: float 
	Parameter CLKOUT4_DIVIDE bound to: 1 - type: integer 
	Parameter CLKOUT4_DUTY_CYCLE bound to: 0.500000 - type: float 
	Parameter CLKOUT4_PHASE bound to: 0.000000 - type: float 
	Parameter CLKOUT5_DIVIDE bound to: 1 - type: integer 
	Parameter CLKOUT5_DUTY_CYCLE bound to: 0.500000 - type: float 
	Parameter CLKOUT5_PHASE bound to: 0.000000 - type: float 
	Parameter COMPENSATION bound to: ZHOLD - type: string 
	Parameter DIVCLK_DIVIDE bound to: 1 - type: integer 
	Parameter IS_CLKINSEL_INVERTED bound to: 1'b0 
	Parameter IS_PWRDWN_INVERTED bound to: 1'b0 
	Parameter IS_RST_INVERTED bound to: 1'b0 
	Parameter REF_JITTER1 bound to: 0.010000 - type: float 
	Parameter REF_JITTER2 bound to: 0.010000 - type: float 
	Parameter STARTUP_WAIT bound to: FALSE - type: string 
INFO: [Synth 8-256] done synthesizing module 'PLLE2_ADV' (3#1) [/opt/Xilinx/Vivado/2016.4/scripts/rt/data/unisim_comp.v:32674]
INFO: [Synth 8-256] done synthesizing module 'redpitaya_adc_dac_clk' (4#1) [/home/bma/git/fpga_design/redpitaya/pid_vco_pid_only/pid_vco_pid_only.srcs/sources_1/bd/pid_vco_pid_only_wrapper/ipshared/37d0/hdl/redpitaya_adc_dac_clk.v:1]
WARNING: [Synth 8-350] instance 'inst' of module 'redpitaya_adc_dac_clk' requires 10 connections, but only 9 given [/home/bma/git/fpga_design/redpitaya/pid_vco_pid_only/pid_vco_pid_only.srcs/sources_1/bd/pid_vco_pid_only_wrapper/ip/pid_vco_pid_only_wrapper_redpitaya_adc_dac_clk_0_0/synth/pid_vco_pid_only_wrapper_redpitaya_adc_dac_clk_0_0.v:78]
INFO: [Synth 8-256] done synthesizing module 'pid_vco_pid_only_wrapper_redpitaya_adc_dac_clk_0_0' (5#1) [/home/bma/git/fpga_design/redpitaya/pid_vco_pid_only/pid_vco_pid_only.srcs/sources_1/bd/pid_vco_pid_only_wrapper/ip/pid_vco_pid_only_wrapper_redpitaya_adc_dac_clk_0_0/synth/pid_vco_pid_only_wrapper_redpitaya_adc_dac_clk_0_0.v:56]
WARNING: [Synth 8-3331] design redpitaya_adc_dac_clk has unconnected port clk_i
---------------------------------------------------------------------------------
Finished RTL Elaboration : Time (s): cpu = 00:00:27 ; elapsed = 00:00:29 . Memory (MB): peak = 1151.734 ; gain = 220.555 ; free physical = 2612 ; free virtual = 12906
---------------------------------------------------------------------------------

Report Check Netlist: 
+------+------------------+-------+---------+-------+------------------+
|      |Item              |Errors |Warnings |Status |Description       |
+------+------------------+-------+---------+-------+------------------+
|1     |multi_driven_nets |      0|        0|Passed |Multi driven nets |
+------+------------------+-------+---------+-------+------------------+
---------------------------------------------------------------------------------
Finished RTL Optimization Phase 1 : Time (s): cpu = 00:00:27 ; elapsed = 00:00:30 . Memory (MB): peak = 1151.734 ; gain = 220.555 ; free physical = 2611 ; free virtual = 12906
---------------------------------------------------------------------------------
INFO: [Netlist 29-17] Analyzing 2 Unisim elements for replacement
INFO: [Netlist 29-28] Unisim Transformation completed in 0 CPU seconds
INFO: [Device 21-403] Loading part xc7z010clg400-1
INFO: [Project 1-570] Preparing netlist for logic optimization

Processing XDC Constraints
Initializing timing engine
Parsing XDC File [/home/bma/git/fpga_design/redpitaya/pid_vco_pid_only/pid_vco_pid_only.srcs/sources_1/bd/pid_vco_pid_only_wrapper/ip/pid_vco_pid_only_wrapper_redpitaya_adc_dac_clk_0_0/adc_dac_clk_ooc.xdc] for cell 'inst'
INFO: [Timing 38-2] Deriving generated clocks [/home/bma/git/fpga_design/redpitaya/pid_vco_pid_only/pid_vco_pid_only.srcs/sources_1/bd/pid_vco_pid_only_wrapper/ip/pid_vco_pid_only_wrapper_redpitaya_adc_dac_clk_0_0/adc_dac_clk_ooc.xdc:9]
Finished Parsing XDC File [/home/bma/git/fpga_design/redpitaya/pid_vco_pid_only/pid_vco_pid_only.srcs/sources_1/bd/pid_vco_pid_only_wrapper/ip/pid_vco_pid_only_wrapper_redpitaya_adc_dac_clk_0_0/adc_dac_clk_ooc.xdc] for cell 'inst'
Parsing XDC File [/home/bma/git/fpga_design/redpitaya/pid_vco_pid_only/pid_vco_pid_only.runs/pid_vco_pid_only_wrapper_redpitaya_adc_dac_clk_0_0_synth_1/dont_touch.xdc]
Finished Parsing XDC File [/home/bma/git/fpga_design/redpitaya/pid_vco_pid_only/pid_vco_pid_only.runs/pid_vco_pid_only_wrapper_redpitaya_adc_dac_clk_0_0_synth_1/dont_touch.xdc]
Completed Processing XDC Constraints

INFO: [Project 1-111] Unisim Transformation Summary:
No Unisim elements were transformed.

Constraint Validation Runtime : Time (s): cpu = 00:00:00.03 ; elapsed = 00:00:00.03 . Memory (MB): peak = 1408.910 ; gain = 0.000 ; free physical = 2002 ; free virtual = 12343
---------------------------------------------------------------------------------
Finished Constraint Validation : Time (s): cpu = 00:00:55 ; elapsed = 00:00:59 . Memory (MB): peak = 1408.910 ; gain = 477.730 ; free physical = 1852 ; free virtual = 12204
---------------------------------------------------------------------------------
---------------------------------------------------------------------------------
Start Loading Part and Timing Information
---------------------------------------------------------------------------------
Loading part: xc7z010clg400-1
---------------------------------------------------------------------------------
Finished Loading Part and Timing Information : Time (s): cpu = 00:00:55 ; elapsed = 00:00:59 . Memory (MB): peak = 1408.910 ; gain = 477.730 ; free physical = 1852 ; free virtual = 12204
---------------------------------------------------------------------------------
---------------------------------------------------------------------------------
Start Applying 'set_property' XDC Constraints
---------------------------------------------------------------------------------
Applied set_property DONT_TOUCH = true for inst. (constraint file  auto generated constraint, line ).
---------------------------------------------------------------------------------
Finished applying 'set_property' XDC Constraints : Time (s): cpu = 00:00:55 ; elapsed = 00:00:59 . Memory (MB): peak = 1408.910 ; gain = 477.730 ; free physical = 1852 ; free virtual = 12204
---------------------------------------------------------------------------------
---------------------------------------------------------------------------------
Finished RTL Optimization Phase 2 : Time (s): cpu = 00:00:55 ; elapsed = 00:01:00 . Memory (MB): peak = 1408.910 ; gain = 477.730 ; free physical = 1823 ; free virtual = 12175
---------------------------------------------------------------------------------

Report RTL Partitions: 
+-+--------------+------------+----------+
| |RTL Partition |Replication |Instances |
+-+--------------+------------+----------+
+-+--------------+------------+----------+
---------------------------------------------------------------------------------
Start RTL Component Statistics 
---------------------------------------------------------------------------------
Detailed RTL Component Info : 
---------------------------------------------------------------------------------
Finished RTL Component Statistics 
---------------------------------------------------------------------------------
---------------------------------------------------------------------------------
Start RTL Hierarchical Component Statistics 
---------------------------------------------------------------------------------
Hierarchical RTL Component report 
---------------------------------------------------------------------------------
Finished RTL Hierarchical Component Statistics
---------------------------------------------------------------------------------
---------------------------------------------------------------------------------
Start Part Resource Summary
---------------------------------------------------------------------------------
Part Resources:
DSPs: 80 (col length:40)
BRAMs: 120 (col length: RAMB18 40 RAMB36 20)
---------------------------------------------------------------------------------
Finished Part Resource Summary
---------------------------------------------------------------------------------
---------------------------------------------------------------------------------
Start Cross Boundary and Area Optimization
---------------------------------------------------------------------------------
WARNING: [Synth 8-3331] design redpitaya_adc_dac_clk has unconnected port clk_i
---------------------------------------------------------------------------------
Finished Cross Boundary and Area Optimization : Time (s): cpu = 00:00:56 ; elapsed = 00:01:00 . Memory (MB): peak = 1408.910 ; gain = 477.730 ; free physical = 1811 ; free virtual = 12162
---------------------------------------------------------------------------------

Report RTL Partitions: 
+-+--------------+------------+----------+
| |RTL Partition |Replication |Instances |
+-+--------------+------------+----------+
+-+--------------+------------+----------+
---------------------------------------------------------------------------------
Start Timing Optimization
---------------------------------------------------------------------------------
---------------------------------------------------------------------------------
Start Applying XDC Timing Constraints
---------------------------------------------------------------------------------
---------------------------------------------------------------------------------
Finished Applying XDC Timing Constraints : Time (s): cpu = 00:01:19 ; elapsed = 00:01:25 . Memory (MB): peak = 1431.910 ; gain = 500.730 ; free physical = 1602 ; free virtual = 11955
---------------------------------------------------------------------------------
---------------------------------------------------------------------------------
Finished Timing Optimization : Time (s): cpu = 00:01:19 ; elapsed = 00:01:25 . Memory (MB): peak = 1431.910 ; gain = 500.730 ; free physical = 1602 ; free virtual = 11955
---------------------------------------------------------------------------------

Report RTL Partitions: 
+-+--------------+------------+----------+
| |RTL Partition |Replication |Instances |
+-+--------------+------------+----------+
+-+--------------+------------+----------+
---------------------------------------------------------------------------------
Start Technology Mapping
---------------------------------------------------------------------------------
---------------------------------------------------------------------------------
Finished Technology Mapping : Time (s): cpu = 00:01:19 ; elapsed = 00:01:25 . Memory (MB): peak = 1440.926 ; gain = 509.746 ; free physical = 1594 ; free virtual = 11947
---------------------------------------------------------------------------------

Report RTL Partitions: 
+-+--------------+------------+----------+
| |RTL Partition |Replication |Instances |
+-+--------------+------------+----------+
+-+--------------+------------+----------+
---------------------------------------------------------------------------------
Start IO Insertion
---------------------------------------------------------------------------------
---------------------------------------------------------------------------------
Start Flattening Before IO Insertion
---------------------------------------------------------------------------------
---------------------------------------------------------------------------------
Finished Flattening Before IO Insertion
---------------------------------------------------------------------------------
---------------------------------------------------------------------------------
Start Final Netlist Cleanup
---------------------------------------------------------------------------------
---------------------------------------------------------------------------------
Finished Final Netlist Cleanup
---------------------------------------------------------------------------------
---------------------------------------------------------------------------------
Finished IO Insertion : Time (s): cpu = 00:01:21 ; elapsed = 00:01:26 . Memory (MB): peak = 1440.926 ; gain = 509.746 ; free physical = 1593 ; free virtual = 11946
---------------------------------------------------------------------------------

Report Check Netlist: 
+------+------------------+-------+---------+-------+------------------+
|      |Item              |Errors |Warnings |Status |Description       |
+------+------------------+-------+---------+-------+------------------+
|1     |multi_driven_nets |      0|        0|Passed |Multi driven nets |
+------+------------------+-------+---------+-------+------------------+
---------------------------------------------------------------------------------
Start Renaming Generated Instances
---------------------------------------------------------------------------------
---------------------------------------------------------------------------------
Finished Renaming Generated Instances : Time (s): cpu = 00:01:21 ; elapsed = 00:01:27 . Memory (MB): peak = 1440.926 ; gain = 509.746 ; free physical = 1593 ; free virtual = 11946
---------------------------------------------------------------------------------

Report RTL Partitions: 
+-+--------------+------------+----------+
| |RTL Partition |Replication |Instances |
+-+--------------+------------+----------+
+-+--------------+------------+----------+
---------------------------------------------------------------------------------
Start Rebuilding User Hierarchy
---------------------------------------------------------------------------------
---------------------------------------------------------------------------------
Finished Rebuilding User Hierarchy : Time (s): cpu = 00:01:21 ; elapsed = 00:01:27 . Memory (MB): peak = 1440.926 ; gain = 509.746 ; free physical = 1593 ; free virtual = 11946
---------------------------------------------------------------------------------
---------------------------------------------------------------------------------
Start Renaming Generated Ports
---------------------------------------------------------------------------------
---------------------------------------------------------------------------------
Finished Renaming Generated Ports : Time (s): cpu = 00:01:21 ; elapsed = 00:01:27 . Memory (MB): peak = 1440.926 ; gain = 509.746 ; free physical = 1593 ; free virtual = 11946
---------------------------------------------------------------------------------
---------------------------------------------------------------------------------
Start Handling Custom Attributes
---------------------------------------------------------------------------------
---------------------------------------------------------------------------------
Finished Handling Custom Attributes : Time (s): cpu = 00:01:21 ; elapsed = 00:01:27 . Memory (MB): peak = 1440.926 ; gain = 509.746 ; free physical = 1593 ; free virtual = 11946
---------------------------------------------------------------------------------
---------------------------------------------------------------------------------
Start Renaming Generated Nets
---------------------------------------------------------------------------------
---------------------------------------------------------------------------------
Finished Renaming Generated Nets : Time (s): cpu = 00:01:21 ; elapsed = 00:01:27 . Memory (MB): peak = 1440.926 ; gain = 509.746 ; free physical = 1593 ; free virtual = 11946
---------------------------------------------------------------------------------
---------------------------------------------------------------------------------
Start Writing Synthesis Report
---------------------------------------------------------------------------------

Report BlackBoxes: 
+-+--------------+----------+
| |BlackBox name |Instances |
+-+--------------+----------+
+-+--------------+----------+

Report Cell Usage: 
+------+----------+------+
|      |Cell      |Count |
+------+----------+------+
|1     |BUFG      |     6|
|2     |PLLE2_ADV |     1|
|3     |IBUFDS    |     1|
+------+----------+------+

Report Instance Areas: 
+------+---------+----------------------+------+
|      |Instance |Module                |Cells |
+------+---------+----------------------+------+
|1     |top      |                      |     8|
|2     |  inst   |redpitaya_adc_dac_clk |     8|
+------+---------+----------------------+------+
---------------------------------------------------------------------------------
Finished Writing Synthesis Report : Time (s): cpu = 00:01:21 ; elapsed = 00:01:27 . Memory (MB): peak = 1440.926 ; gain = 509.746 ; free physical = 1593 ; free virtual = 11946
---------------------------------------------------------------------------------
Synthesis finished with 0 errors, 0 critical warnings and 1 warnings.
Synthesis Optimization Runtime : Time (s): cpu = 00:00:53 ; elapsed = 00:00:56 . Memory (MB): peak = 1440.926 ; gain = 140.480 ; free physical = 1590 ; free virtual = 11945
Synthesis Optimization Complete : Time (s): cpu = 00:01:21 ; elapsed = 00:01:27 . Memory (MB): peak = 1440.934 ; gain = 509.754 ; free physical = 1590 ; free virtual = 11945
INFO: [Project 1-571] Translating synthesized netlist
INFO: [Netlist 29-17] Analyzing 2 Unisim elements for replacement
INFO: [Netlist 29-28] Unisim Transformation completed in 0 CPU seconds
INFO: [Project 1-570] Preparing netlist for logic optimization
Parsing XDC File [/home/bma/git/fpga_design/redpitaya/pid_vco_pid_only/pid_vco_pid_only.srcs/sources_1/bd/pid_vco_pid_only_wrapper/ip/pid_vco_pid_only_wrapper_redpitaya_adc_dac_clk_0_0/adc_dac_clk_ooc.xdc] for cell 'inst'
INFO: [Timing 38-35] Done setting XDC timing constraints. [/home/bma/git/fpga_design/redpitaya/pid_vco_pid_only/pid_vco_pid_only.srcs/sources_1/bd/pid_vco_pid_only_wrapper/ip/pid_vco_pid_only_wrapper_redpitaya_adc_dac_clk_0_0/adc_dac_clk_ooc.xdc:9]
INFO: [Timing 38-2] Deriving generated clocks [/home/bma/git/fpga_design/redpitaya/pid_vco_pid_only/pid_vco_pid_only.srcs/sources_1/bd/pid_vco_pid_only_wrapper/ip/pid_vco_pid_only_wrapper_redpitaya_adc_dac_clk_0_0/adc_dac_clk_ooc.xdc:9]
get_clocks: Time (s): cpu = 00:00:05 ; elapsed = 00:00:08 . Memory (MB): peak = 1773.070 ; gain = 316.145 ; free physical = 1716 ; free virtual = 12095
Finished Parsing XDC File [/home/bma/git/fpga_design/redpitaya/pid_vco_pid_only/pid_vco_pid_only.srcs/sources_1/bd/pid_vco_pid_only_wrapper/ip/pid_vco_pid_only_wrapper_redpitaya_adc_dac_clk_0_0/adc_dac_clk_ooc.xdc] for cell 'inst'
INFO: [Opt 31-138] Pushed 0 inverter(s) to 0 load pin(s).
INFO: [Project 1-111] Unisim Transformation Summary:
No Unisim elements were transformed.

INFO: [Common 17-83] Releasing license: Synthesis
26 Infos, 3 Warnings, 0 Critical Warnings and 0 Errors encountered.
synth_design completed successfully
synth_design: Time (s): cpu = 00:01:17 ; elapsed = 00:01:24 . Memory (MB): peak = 1773.070 ; gain = 742.387 ; free physical = 1716 ; free virtual = 12095
INFO: [Common 17-1381] The checkpoint '/home/bma/git/fpga_design/redpitaya/pid_vco_pid_only/pid_vco_pid_only.runs/pid_vco_pid_only_wrapper_redpitaya_adc_dac_clk_0_0_synth_1/pid_vco_pid_only_wrapper_redpitaya_adc_dac_clk_0_0.dcp' has been generated.
INFO: [Common 17-1381] The checkpoint '/home/bma/git/fpga_design/redpitaya/pid_vco_pid_only/pid_vco_pid_only.runs/pid_vco_pid_only_wrapper_redpitaya_adc_dac_clk_0_0_synth_1/pid_vco_pid_only_wrapper_redpitaya_adc_dac_clk_0_0.dcp' has been generated.
report_utilization: Time (s): cpu = 00:00:00.14 ; elapsed = 00:00:00.24 . Memory (MB): peak = 1797.082 ; gain = 0.000 ; free physical = 1714 ; free virtual = 12095
INFO: [Common 17-206] Exiting Vivado at Sat May  6 08:54:18 2017...
