
*** Running vivado
    with args -log vco_only_wrapper_ltc2145_0_0.vds -m64 -product Vivado -mode batch -messageDb vivado.pb -notrace -source vco_only_wrapper_ltc2145_0_0.tcl

awk: symbol lookup error: awk: undefined symbol: mpfr_z_sub

****** Vivado v2016.4 (64-bit)
  **** SW Build 1733598 on Wed Dec 14 22:35:42 MST 2016
  **** IP Build 1731160 on Wed Dec 14 23:47:21 MST 2016
    ** Copyright 1986-2016 Xilinx, Inc. All Rights Reserved.

source vco_only_wrapper_ltc2145_0_0.tcl -notrace
Command: synth_design -top vco_only_wrapper_ltc2145_0_0 -part xc7z010clg400-1 -mode out_of_context
Starting synth_design
Attempting to get a license for feature 'Synthesis' and/or device 'xc7z010'
INFO: [Common 17-349] Got license for feature 'Synthesis' and/or device 'xc7z010'
INFO: Launching helper process for spawning children vivado processes
INFO: Helper process launched with PID 21429 
awk: symbol lookup error: awk: undefined symbol: mpfr_z_sub
---------------------------------------------------------------------------------
Starting RTL Elaboration : Time (s): cpu = 00:00:30 ; elapsed = 00:00:34 . Memory (MB): peak = 1112.266 ; gain = 181.086 ; free physical = 1345 ; free virtual = 11993
---------------------------------------------------------------------------------
INFO: [Synth 8-638] synthesizing module 'vco_only_wrapper_ltc2145_0_0' [/home/bma/git/fpga_design/redpitaya/vco_only/vco_only.srcs/sources_1/bd/vco_only_wrapper/ip/vco_only_wrapper_ltc2145_0_0/synth/vco_only_wrapper_ltc2145_0_0.vhd:79]
INFO: [Synth 8-3491] module 'ltc2145' declared at '/home/bma/git/fpga_design/redpitaya/vco_only/vco_only.srcs/sources_1/bd/vco_only_wrapper/ipshared/0dcc/hdl/ltc2145.vhd:6' bound to instance 'U0' of component 'ltc2145' [/home/bma/git/fpga_design/redpitaya/vco_only/vco_only.srcs/sources_1/bd/vco_only_wrapper/ip/vco_only_wrapper_ltc2145_0_0/synth/vco_only_wrapper_ltc2145_0_0.vhd:115]
INFO: [Synth 8-638] synthesizing module 'ltc2145' [/home/bma/git/fpga_design/redpitaya/vco_only/vco_only.srcs/sources_1/bd/vco_only_wrapper/ipshared/0dcc/hdl/ltc2145.vhd:30]
INFO: [Synth 8-638] synthesizing module 'ltc2145_cmos_capture' [/home/bma/git/fpga_design/redpitaya/vco_only/vco_only.srcs/sources_1/bd/vco_only_wrapper/ipshared/0dcc/hdl/ltc2145_cmos_capture.vhd:23]
INFO: [Synth 8-256] done synthesizing module 'ltc2145_cmos_capture' (1#1) [/home/bma/git/fpga_design/redpitaya/vco_only/vco_only.srcs/sources_1/bd/vco_only_wrapper/ipshared/0dcc/hdl/ltc2145_cmos_capture.vhd:23]
INFO: [Synth 8-256] done synthesizing module 'ltc2145' (2#1) [/home/bma/git/fpga_design/redpitaya/vco_only/vco_only.srcs/sources_1/bd/vco_only_wrapper/ipshared/0dcc/hdl/ltc2145.vhd:30]
INFO: [Synth 8-256] done synthesizing module 'vco_only_wrapper_ltc2145_0_0' (3#1) [/home/bma/git/fpga_design/redpitaya/vco_only/vco_only.srcs/sources_1/bd/vco_only_wrapper/ip/vco_only_wrapper_ltc2145_0_0/synth/vco_only_wrapper_ltc2145_0_0.vhd:79]
---------------------------------------------------------------------------------
Finished RTL Elaboration : Time (s): cpu = 00:00:32 ; elapsed = 00:00:37 . Memory (MB): peak = 1153.734 ; gain = 222.555 ; free physical = 1845 ; free virtual = 12492
---------------------------------------------------------------------------------

Report Check Netlist: 
+------+------------------+-------+---------+-------+------------------+
|      |Item              |Errors |Warnings |Status |Description       |
+------+------------------+-------+---------+-------+------------------+
|1     |multi_driven_nets |      0|        0|Passed |Multi driven nets |
+------+------------------+-------+---------+-------+------------------+
---------------------------------------------------------------------------------
Finished RTL Optimization Phase 1 : Time (s): cpu = 00:00:33 ; elapsed = 00:00:37 . Memory (MB): peak = 1153.734 ; gain = 222.555 ; free physical = 1844 ; free virtual = 12492
---------------------------------------------------------------------------------
INFO: [Device 21-403] Loading part xc7z010clg400-1
INFO: [Project 1-570] Preparing netlist for logic optimization

Processing XDC Constraints
Initializing timing engine
Completed Processing XDC Constraints

INFO: [Project 1-111] Unisim Transformation Summary:
No Unisim elements were transformed.

Constraint Validation Runtime : Time (s): cpu = 00:00:00.05 ; elapsed = 00:00:00.05 . Memory (MB): peak = 1480.887 ; gain = 1.000 ; free physical = 1465 ; free virtual = 12113
---------------------------------------------------------------------------------
Finished Constraint Validation : Time (s): cpu = 00:01:13 ; elapsed = 00:01:19 . Memory (MB): peak = 1480.887 ; gain = 549.707 ; free physical = 1262 ; free virtual = 11910
---------------------------------------------------------------------------------
---------------------------------------------------------------------------------
Start Loading Part and Timing Information
---------------------------------------------------------------------------------
Loading part: xc7z010clg400-1
---------------------------------------------------------------------------------
Finished Loading Part and Timing Information : Time (s): cpu = 00:01:13 ; elapsed = 00:01:19 . Memory (MB): peak = 1480.887 ; gain = 549.707 ; free physical = 1262 ; free virtual = 11910
---------------------------------------------------------------------------------
---------------------------------------------------------------------------------
Start Applying 'set_property' XDC Constraints
---------------------------------------------------------------------------------
---------------------------------------------------------------------------------
Finished applying 'set_property' XDC Constraints : Time (s): cpu = 00:01:13 ; elapsed = 00:01:19 . Memory (MB): peak = 1480.887 ; gain = 549.707 ; free physical = 1262 ; free virtual = 11910
---------------------------------------------------------------------------------
---------------------------------------------------------------------------------
Finished RTL Optimization Phase 2 : Time (s): cpu = 00:01:14 ; elapsed = 00:01:20 . Memory (MB): peak = 1480.887 ; gain = 549.707 ; free physical = 1254 ; free virtual = 11902
---------------------------------------------------------------------------------

Report RTL Partitions: 
+-+--------------+------------+----------+
| |RTL Partition |Replication |Instances |
+-+--------------+------------+----------+
+-+--------------+------------+----------+
---------------------------------------------------------------------------------
Start RTL Component Statistics 
---------------------------------------------------------------------------------
Detailed RTL Component Info : 
+---Registers : 
	               14 Bit    Registers := 2     
	                1 Bit    Registers := 1     
---------------------------------------------------------------------------------
Finished RTL Component Statistics 
---------------------------------------------------------------------------------
---------------------------------------------------------------------------------
Start RTL Hierarchical Component Statistics 
---------------------------------------------------------------------------------
Hierarchical RTL Component report 
Module ltc2145_cmos_capture 
Detailed RTL Component Info : 
+---Registers : 
	               14 Bit    Registers := 2     
	                1 Bit    Registers := 1     
---------------------------------------------------------------------------------
Finished RTL Hierarchical Component Statistics
---------------------------------------------------------------------------------
---------------------------------------------------------------------------------
Start Part Resource Summary
---------------------------------------------------------------------------------
Part Resources:
DSPs: 80 (col length:40)
BRAMs: 120 (col length: RAMB18 40 RAMB36 20)
---------------------------------------------------------------------------------
Finished Part Resource Summary
---------------------------------------------------------------------------------
---------------------------------------------------------------------------------
Start Cross Boundary and Area Optimization
---------------------------------------------------------------------------------
INFO: [Synth 8-3917] design vco_only_wrapper_ltc2145_0_0 has port adc_cdcs driven by constant 1
---------------------------------------------------------------------------------
Finished Cross Boundary and Area Optimization : Time (s): cpu = 00:01:15 ; elapsed = 00:01:21 . Memory (MB): peak = 1480.887 ; gain = 549.707 ; free physical = 1238 ; free virtual = 11885
---------------------------------------------------------------------------------

Report RTL Partitions: 
+-+--------------+------------+----------+
| |RTL Partition |Replication |Instances |
+-+--------------+------------+----------+
+-+--------------+------------+----------+
---------------------------------------------------------------------------------
Start Timing Optimization
---------------------------------------------------------------------------------
---------------------------------------------------------------------------------
Start Applying XDC Timing Constraints
---------------------------------------------------------------------------------
---------------------------------------------------------------------------------
Finished Applying XDC Timing Constraints : Time (s): cpu = 00:01:55 ; elapsed = 00:02:03 . Memory (MB): peak = 1480.887 ; gain = 549.707 ; free physical = 1080 ; free virtual = 11728
---------------------------------------------------------------------------------
---------------------------------------------------------------------------------
Finished Timing Optimization : Time (s): cpu = 00:01:55 ; elapsed = 00:02:03 . Memory (MB): peak = 1480.887 ; gain = 549.707 ; free physical = 1080 ; free virtual = 11727
---------------------------------------------------------------------------------

Report RTL Partitions: 
+-+--------------+------------+----------+
| |RTL Partition |Replication |Instances |
+-+--------------+------------+----------+
+-+--------------+------------+----------+
---------------------------------------------------------------------------------
Start Technology Mapping
---------------------------------------------------------------------------------
---------------------------------------------------------------------------------
Finished Technology Mapping : Time (s): cpu = 00:01:55 ; elapsed = 00:02:03 . Memory (MB): peak = 1480.887 ; gain = 549.707 ; free physical = 1062 ; free virtual = 11709
---------------------------------------------------------------------------------

Report RTL Partitions: 
+-+--------------+------------+----------+
| |RTL Partition |Replication |Instances |
+-+--------------+------------+----------+
+-+--------------+------------+----------+
---------------------------------------------------------------------------------
Start IO Insertion
---------------------------------------------------------------------------------
---------------------------------------------------------------------------------
Start Flattening Before IO Insertion
---------------------------------------------------------------------------------
---------------------------------------------------------------------------------
Finished Flattening Before IO Insertion
---------------------------------------------------------------------------------
---------------------------------------------------------------------------------
Start Final Netlist Cleanup
---------------------------------------------------------------------------------
---------------------------------------------------------------------------------
Finished Final Netlist Cleanup
---------------------------------------------------------------------------------
---------------------------------------------------------------------------------
Finished IO Insertion : Time (s): cpu = 00:01:58 ; elapsed = 00:02:05 . Memory (MB): peak = 1480.887 ; gain = 549.707 ; free physical = 1062 ; free virtual = 11709
---------------------------------------------------------------------------------

Report Check Netlist: 
+------+------------------+-------+---------+-------+------------------+
|      |Item              |Errors |Warnings |Status |Description       |
+------+------------------+-------+---------+-------+------------------+
|1     |multi_driven_nets |      0|        0|Passed |Multi driven nets |
+------+------------------+-------+---------+-------+------------------+
---------------------------------------------------------------------------------
Start Renaming Generated Instances
---------------------------------------------------------------------------------
---------------------------------------------------------------------------------
Finished Renaming Generated Instances : Time (s): cpu = 00:01:58 ; elapsed = 00:02:05 . Memory (MB): peak = 1480.887 ; gain = 549.707 ; free physical = 1062 ; free virtual = 11709
---------------------------------------------------------------------------------

Report RTL Partitions: 
+-+--------------+------------+----------+
| |RTL Partition |Replication |Instances |
+-+--------------+------------+----------+
+-+--------------+------------+----------+
---------------------------------------------------------------------------------
Start Rebuilding User Hierarchy
---------------------------------------------------------------------------------
---------------------------------------------------------------------------------
Finished Rebuilding User Hierarchy : Time (s): cpu = 00:01:58 ; elapsed = 00:02:05 . Memory (MB): peak = 1480.887 ; gain = 549.707 ; free physical = 1062 ; free virtual = 11709
---------------------------------------------------------------------------------
---------------------------------------------------------------------------------
Start Renaming Generated Ports
---------------------------------------------------------------------------------
---------------------------------------------------------------------------------
Finished Renaming Generated Ports : Time (s): cpu = 00:01:58 ; elapsed = 00:02:05 . Memory (MB): peak = 1480.887 ; gain = 549.707 ; free physical = 1062 ; free virtual = 11709
---------------------------------------------------------------------------------
---------------------------------------------------------------------------------
Start Handling Custom Attributes
---------------------------------------------------------------------------------
---------------------------------------------------------------------------------
Finished Handling Custom Attributes : Time (s): cpu = 00:01:58 ; elapsed = 00:02:06 . Memory (MB): peak = 1480.887 ; gain = 549.707 ; free physical = 1061 ; free virtual = 11709
---------------------------------------------------------------------------------
---------------------------------------------------------------------------------
Start Renaming Generated Nets
---------------------------------------------------------------------------------
---------------------------------------------------------------------------------
Finished Renaming Generated Nets : Time (s): cpu = 00:01:58 ; elapsed = 00:02:06 . Memory (MB): peak = 1480.887 ; gain = 549.707 ; free physical = 1061 ; free virtual = 11709
---------------------------------------------------------------------------------
---------------------------------------------------------------------------------
Start Writing Synthesis Report
---------------------------------------------------------------------------------

Report BlackBoxes: 
+-+--------------+----------+
| |BlackBox name |Instances |
+-+--------------+----------+
+-+--------------+----------+

Report Cell Usage: 
+------+-----+------+
|      |Cell |Count |
+------+-----+------+
|1     |LUT1 |    27|
|2     |FDCE |    29|
+------+-----+------+

Report Instance Areas: 
+------+-------------------------+---------------------+------+
|      |Instance                 |Module               |Cells |
+------+-------------------------+---------------------+------+
|1     |top                      |                     |    56|
|2     |  U0                     |ltc2145              |    56|
|3     |    ltc2145_capture_inst |ltc2145_cmos_capture |    56|
+------+-------------------------+---------------------+------+
---------------------------------------------------------------------------------
Finished Writing Synthesis Report : Time (s): cpu = 00:01:58 ; elapsed = 00:02:06 . Memory (MB): peak = 1480.887 ; gain = 549.707 ; free physical = 1061 ; free virtual = 11709
---------------------------------------------------------------------------------
Synthesis finished with 0 errors, 0 critical warnings and 0 warnings.
Synthesis Optimization Runtime : Time (s): cpu = 00:01:21 ; elapsed = 00:01:27 . Memory (MB): peak = 1480.887 ; gain = 109.465 ; free physical = 1060 ; free virtual = 11708
Synthesis Optimization Complete : Time (s): cpu = 00:01:58 ; elapsed = 00:02:06 . Memory (MB): peak = 1480.895 ; gain = 549.715 ; free physical = 1060 ; free virtual = 11708
INFO: [Project 1-571] Translating synthesized netlist
INFO: [Project 1-570] Preparing netlist for logic optimization
INFO: [Opt 31-138] Pushed 0 inverter(s) to 0 load pin(s).
INFO: [Project 1-111] Unisim Transformation Summary:
No Unisim elements were transformed.

INFO: [Common 17-83] Releasing license: Synthesis
17 Infos, 0 Warnings, 0 Critical Warnings and 0 Errors encountered.
synth_design completed successfully
synth_design: Time (s): cpu = 00:01:47 ; elapsed = 00:01:53 . Memory (MB): peak = 1480.895 ; gain = 449.211 ; free physical = 994 ; free virtual = 11641
INFO: [Common 17-1381] The checkpoint '/home/bma/git/fpga_design/redpitaya/vco_only/vco_only.runs/vco_only_wrapper_ltc2145_0_0_synth_1/vco_only_wrapper_ltc2145_0_0.dcp' has been generated.
INFO: [Coretcl 2-1174] Renamed 2 cell refs.
INFO: [Common 17-1381] The checkpoint '/home/bma/git/fpga_design/redpitaya/vco_only/vco_only.runs/vco_only_wrapper_ltc2145_0_0_synth_1/vco_only_wrapper_ltc2145_0_0.dcp' has been generated.
report_utilization: Time (s): cpu = 00:00:00.22 ; elapsed = 00:00:00.35 . Memory (MB): peak = 1480.895 ; gain = 0.000 ; free physical = 994 ; free virtual = 11641
INFO: [Common 17-206] Exiting Vivado at Fri Mar 31 16:17:45 2017...
