
*** Running vivado
    with args -log gain_only_wrapper_ad9767_0_0.vds -m64 -product Vivado -mode batch -messageDb vivado.pb -notrace -source gain_only_wrapper_ad9767_0_0.tcl

awk: symbol lookup error: awk: undefined symbol: mpfr_z_sub

****** Vivado v2016.4 (64-bit)
  **** SW Build 1733598 on Wed Dec 14 22:35:42 MST 2016
  **** IP Build 1731160 on Wed Dec 14 23:47:21 MST 2016
    ** Copyright 1986-2016 Xilinx, Inc. All Rights Reserved.

source gain_only_wrapper_ad9767_0_0.tcl -notrace
Command: synth_design -top gain_only_wrapper_ad9767_0_0 -part xc7z010clg400-1 -mode out_of_context
Starting synth_design
Attempting to get a license for feature 'Synthesis' and/or device 'xc7z010'
INFO: [Common 17-349] Got license for feature 'Synthesis' and/or device 'xc7z010'
INFO: Launching helper process for spawning children vivado processes
INFO: Helper process launched with PID 24489 
awk: symbol lookup error: awk: undefined symbol: mpfr_z_sub
---------------------------------------------------------------------------------
Starting RTL Elaboration : Time (s): cpu = 00:00:26 ; elapsed = 00:00:29 . Memory (MB): peak = 1111.270 ; gain = 180.086 ; free physical = 335 ; free virtual = 11706
---------------------------------------------------------------------------------
INFO: [Synth 8-638] synthesizing module 'gain_only_wrapper_ad9767_0_0' [/home/bma/git/fpga_design/redpitaya/gain_only/gain_only.srcs/sources_1/bd/gain_only_wrapper/ip/gain_only_wrapper_ad9767_0_0/synth/gain_only_wrapper_ad9767_0_0.v:56]
INFO: [Synth 8-638] synthesizing module 'ad9767' [/home/bma/git/fpga_design/redpitaya/gain_only/gain_only.srcs/sources_1/bd/gain_only_wrapper/ipshared/1c5a/hdl/ad9767.v:1]
INFO: [Synth 8-638] synthesizing module 'ODDR' [/opt/Xilinx/Vivado/2016.4/scripts/rt/data/unisim_comp.v:25305]
	Parameter DDR_CLK_EDGE bound to: OPPOSITE_EDGE - type: string 
	Parameter INIT bound to: 1'b0 
	Parameter IS_C_INVERTED bound to: 1'b0 
	Parameter IS_D1_INVERTED bound to: 1'b0 
	Parameter IS_D2_INVERTED bound to: 1'b0 
	Parameter SRTYPE bound to: SYNC - type: string 
INFO: [Synth 8-256] done synthesizing module 'ODDR' (1#1) [/opt/Xilinx/Vivado/2016.4/scripts/rt/data/unisim_comp.v:25305]
INFO: [Synth 8-256] done synthesizing module 'ad9767' (2#1) [/home/bma/git/fpga_design/redpitaya/gain_only/gain_only.srcs/sources_1/bd/gain_only_wrapper/ipshared/1c5a/hdl/ad9767.v:1]
INFO: [Synth 8-256] done synthesizing module 'gain_only_wrapper_ad9767_0_0' (3#1) [/home/bma/git/fpga_design/redpitaya/gain_only/gain_only.srcs/sources_1/bd/gain_only_wrapper/ip/gain_only_wrapper_ad9767_0_0/synth/gain_only_wrapper_ad9767_0_0.v:56]
WARNING: [Synth 8-3331] design ad9767 has unconnected port dac_dat_a_rst_i
WARNING: [Synth 8-3331] design ad9767 has unconnected port dac_dat_b_rst_i
---------------------------------------------------------------------------------
Finished RTL Elaboration : Time (s): cpu = 00:00:28 ; elapsed = 00:00:33 . Memory (MB): peak = 1151.738 ; gain = 220.555 ; free physical = 210 ; free virtual = 11582
---------------------------------------------------------------------------------

Report Check Netlist: 
+------+------------------+-------+---------+-------+------------------+
|      |Item              |Errors |Warnings |Status |Description       |
+------+------------------+-------+---------+-------+------------------+
|1     |multi_driven_nets |      0|        0|Passed |Multi driven nets |
+------+------------------+-------+---------+-------+------------------+
---------------------------------------------------------------------------------
Finished RTL Optimization Phase 1 : Time (s): cpu = 00:00:28 ; elapsed = 00:00:33 . Memory (MB): peak = 1151.738 ; gain = 220.555 ; free physical = 204 ; free virtual = 11571
---------------------------------------------------------------------------------
INFO: [Netlist 29-17] Analyzing 18 Unisim elements for replacement
INFO: [Netlist 29-28] Unisim Transformation completed in 0 CPU seconds
INFO: [Device 21-403] Loading part xc7z010clg400-1
INFO: [Project 1-570] Preparing netlist for logic optimization

Processing XDC Constraints
Initializing timing engine
Completed Processing XDC Constraints

INFO: [Project 1-111] Unisim Transformation Summary:
No Unisim elements were transformed.

Constraint Validation Runtime : Time (s): cpu = 00:00:00.03 ; elapsed = 00:00:00.03 . Memory (MB): peak = 1464.918 ; gain = 0.000 ; free physical = 128 ; free virtual = 10949
---------------------------------------------------------------------------------
Finished Constraint Validation : Time (s): cpu = 00:00:56 ; elapsed = 00:01:06 . Memory (MB): peak = 1464.918 ; gain = 533.734 ; free physical = 130 ; free virtual = 10917
---------------------------------------------------------------------------------
---------------------------------------------------------------------------------
Start Loading Part and Timing Information
---------------------------------------------------------------------------------
Loading part: xc7z010clg400-1
---------------------------------------------------------------------------------
Finished Loading Part and Timing Information : Time (s): cpu = 00:00:56 ; elapsed = 00:01:06 . Memory (MB): peak = 1464.918 ; gain = 533.734 ; free physical = 130 ; free virtual = 10917
---------------------------------------------------------------------------------
---------------------------------------------------------------------------------
Start Applying 'set_property' XDC Constraints
---------------------------------------------------------------------------------
---------------------------------------------------------------------------------
Finished applying 'set_property' XDC Constraints : Time (s): cpu = 00:00:56 ; elapsed = 00:01:06 . Memory (MB): peak = 1464.918 ; gain = 533.734 ; free physical = 130 ; free virtual = 10917
---------------------------------------------------------------------------------
---------------------------------------------------------------------------------
Finished RTL Optimization Phase 2 : Time (s): cpu = 00:00:56 ; elapsed = 00:01:06 . Memory (MB): peak = 1464.918 ; gain = 533.734 ; free physical = 122 ; free virtual = 10909
---------------------------------------------------------------------------------

Report RTL Partitions: 
+-+--------------+------------+----------+
| |RTL Partition |Replication |Instances |
+-+--------------+------------+----------+
+-+--------------+------------+----------+
---------------------------------------------------------------------------------
Start RTL Component Statistics 
---------------------------------------------------------------------------------
Detailed RTL Component Info : 
+---Registers : 
	               14 Bit    Registers := 4     
	                1 Bit    Registers := 1     
---------------------------------------------------------------------------------
Finished RTL Component Statistics 
---------------------------------------------------------------------------------
---------------------------------------------------------------------------------
Start RTL Hierarchical Component Statistics 
---------------------------------------------------------------------------------
Hierarchical RTL Component report 
Module ad9767 
Detailed RTL Component Info : 
+---Registers : 
	               14 Bit    Registers := 4     
	                1 Bit    Registers := 1     
---------------------------------------------------------------------------------
Finished RTL Hierarchical Component Statistics
---------------------------------------------------------------------------------
---------------------------------------------------------------------------------
Start Part Resource Summary
---------------------------------------------------------------------------------
Part Resources:
DSPs: 80 (col length:40)
BRAMs: 120 (col length: RAMB18 40 RAMB36 20)
---------------------------------------------------------------------------------
Finished Part Resource Summary
---------------------------------------------------------------------------------
---------------------------------------------------------------------------------
Start Cross Boundary and Area Optimization
---------------------------------------------------------------------------------
WARNING: [Synth 8-3331] design gain_only_wrapper_ad9767_0_0 has unconnected port dac_dat_a_rst_i
WARNING: [Synth 8-3331] design gain_only_wrapper_ad9767_0_0 has unconnected port dac_dat_b_rst_i
---------------------------------------------------------------------------------
Finished Cross Boundary and Area Optimization : Time (s): cpu = 00:00:57 ; elapsed = 00:01:07 . Memory (MB): peak = 1464.918 ; gain = 533.734 ; free physical = 132 ; free virtual = 10888
---------------------------------------------------------------------------------

Report RTL Partitions: 
+-+--------------+------------+----------+
| |RTL Partition |Replication |Instances |
+-+--------------+------------+----------+
+-+--------------+------------+----------+
---------------------------------------------------------------------------------
Start Timing Optimization
---------------------------------------------------------------------------------
---------------------------------------------------------------------------------
Start Applying XDC Timing Constraints
---------------------------------------------------------------------------------
---------------------------------------------------------------------------------
Finished Applying XDC Timing Constraints : Time (s): cpu = 00:01:22 ; elapsed = 00:01:35 . Memory (MB): peak = 1464.918 ; gain = 533.734 ; free physical = 127 ; free virtual = 10772
---------------------------------------------------------------------------------
---------------------------------------------------------------------------------
Finished Timing Optimization : Time (s): cpu = 00:01:22 ; elapsed = 00:01:35 . Memory (MB): peak = 1464.918 ; gain = 533.734 ; free physical = 127 ; free virtual = 10772
---------------------------------------------------------------------------------

Report RTL Partitions: 
+-+--------------+------------+----------+
| |RTL Partition |Replication |Instances |
+-+--------------+------------+----------+
+-+--------------+------------+----------+
---------------------------------------------------------------------------------
Start Technology Mapping
---------------------------------------------------------------------------------
---------------------------------------------------------------------------------
Finished Technology Mapping : Time (s): cpu = 00:01:23 ; elapsed = 00:01:35 . Memory (MB): peak = 1472.926 ; gain = 541.742 ; free physical = 144 ; free virtual = 10757
---------------------------------------------------------------------------------

Report RTL Partitions: 
+-+--------------+------------+----------+
| |RTL Partition |Replication |Instances |
+-+--------------+------------+----------+
+-+--------------+------------+----------+
---------------------------------------------------------------------------------
Start IO Insertion
---------------------------------------------------------------------------------
---------------------------------------------------------------------------------
Start Flattening Before IO Insertion
---------------------------------------------------------------------------------
---------------------------------------------------------------------------------
Finished Flattening Before IO Insertion
---------------------------------------------------------------------------------
---------------------------------------------------------------------------------
Start Final Netlist Cleanup
---------------------------------------------------------------------------------
---------------------------------------------------------------------------------
Finished Final Netlist Cleanup
---------------------------------------------------------------------------------
---------------------------------------------------------------------------------
Finished IO Insertion : Time (s): cpu = 00:01:24 ; elapsed = 00:01:37 . Memory (MB): peak = 1472.926 ; gain = 541.742 ; free physical = 132 ; free virtual = 10730
---------------------------------------------------------------------------------

Report Check Netlist: 
+------+------------------+-------+---------+-------+------------------+
|      |Item              |Errors |Warnings |Status |Description       |
+------+------------------+-------+---------+-------+------------------+
|1     |multi_driven_nets |      0|        0|Passed |Multi driven nets |
+------+------------------+-------+---------+-------+------------------+
---------------------------------------------------------------------------------
Start Renaming Generated Instances
---------------------------------------------------------------------------------
---------------------------------------------------------------------------------
Finished Renaming Generated Instances : Time (s): cpu = 00:01:24 ; elapsed = 00:01:37 . Memory (MB): peak = 1472.926 ; gain = 541.742 ; free physical = 132 ; free virtual = 10730
---------------------------------------------------------------------------------

Report RTL Partitions: 
+-+--------------+------------+----------+
| |RTL Partition |Replication |Instances |
+-+--------------+------------+----------+
+-+--------------+------------+----------+
---------------------------------------------------------------------------------
Start Rebuilding User Hierarchy
---------------------------------------------------------------------------------
---------------------------------------------------------------------------------
Finished Rebuilding User Hierarchy : Time (s): cpu = 00:01:24 ; elapsed = 00:01:37 . Memory (MB): peak = 1472.926 ; gain = 541.742 ; free physical = 131 ; free virtual = 10730
---------------------------------------------------------------------------------
---------------------------------------------------------------------------------
Start Renaming Generated Ports
---------------------------------------------------------------------------------
---------------------------------------------------------------------------------
Finished Renaming Generated Ports : Time (s): cpu = 00:01:24 ; elapsed = 00:01:37 . Memory (MB): peak = 1472.926 ; gain = 541.742 ; free physical = 131 ; free virtual = 10730
---------------------------------------------------------------------------------
---------------------------------------------------------------------------------
Start Handling Custom Attributes
---------------------------------------------------------------------------------
---------------------------------------------------------------------------------
Finished Handling Custom Attributes : Time (s): cpu = 00:01:24 ; elapsed = 00:01:37 . Memory (MB): peak = 1472.926 ; gain = 541.742 ; free physical = 129 ; free virtual = 10728
---------------------------------------------------------------------------------
---------------------------------------------------------------------------------
Start Renaming Generated Nets
---------------------------------------------------------------------------------
---------------------------------------------------------------------------------
Finished Renaming Generated Nets : Time (s): cpu = 00:01:24 ; elapsed = 00:01:37 . Memory (MB): peak = 1472.926 ; gain = 541.742 ; free physical = 129 ; free virtual = 10728
---------------------------------------------------------------------------------
---------------------------------------------------------------------------------
Start Writing Synthesis Report
---------------------------------------------------------------------------------

Report BlackBoxes: 
+-+--------------+----------+
| |BlackBox name |Instances |
+-+--------------+----------+
+-+--------------+----------+

Report Cell Usage: 
+------+-----+------+
|      |Cell |Count |
+------+-----+------+
|1     |LUT1 |    27|
|2     |ODDR |    18|
|3     |FDRE |    57|
+------+-----+------+

Report Instance Areas: 
+------+---------+-------+------+
|      |Instance |Module |Cells |
+------+---------+-------+------+
|1     |top      |       |   102|
|2     |  inst   |ad9767 |   102|
+------+---------+-------+------+
---------------------------------------------------------------------------------
Finished Writing Synthesis Report : Time (s): cpu = 00:01:24 ; elapsed = 00:01:37 . Memory (MB): peak = 1472.926 ; gain = 541.742 ; free physical = 129 ; free virtual = 10727
---------------------------------------------------------------------------------
Synthesis finished with 0 errors, 0 critical warnings and 2 warnings.
Synthesis Optimization Runtime : Time (s): cpu = 00:00:56 ; elapsed = 00:01:04 . Memory (MB): peak = 1472.926 ; gain = 116.473 ; free physical = 126 ; free virtual = 10694
Synthesis Optimization Complete : Time (s): cpu = 00:01:24 ; elapsed = 00:01:37 . Memory (MB): peak = 1472.934 ; gain = 541.750 ; free physical = 125 ; free virtual = 10694
INFO: [Project 1-571] Translating synthesized netlist
INFO: [Netlist 29-17] Analyzing 18 Unisim elements for replacement
INFO: [Netlist 29-28] Unisim Transformation completed in 0 CPU seconds
INFO: [Project 1-570] Preparing netlist for logic optimization
INFO: [Opt 31-138] Pushed 0 inverter(s) to 0 load pin(s).
INFO: [Project 1-111] Unisim Transformation Summary:
No Unisim elements were transformed.

INFO: [Common 17-83] Releasing license: Synthesis
19 Infos, 4 Warnings, 0 Critical Warnings and 0 Errors encountered.
synth_design completed successfully
synth_design: Time (s): cpu = 00:01:14 ; elapsed = 00:01:26 . Memory (MB): peak = 1472.934 ; gain = 442.246 ; free physical = 130 ; free virtual = 10666
INFO: [Common 17-1381] The checkpoint '/home/bma/git/fpga_design/redpitaya/gain_only/gain_only.runs/gain_only_wrapper_ad9767_0_0_synth_1/gain_only_wrapper_ad9767_0_0.dcp' has been generated.
INFO: [Common 17-1381] The checkpoint '/home/bma/git/fpga_design/redpitaya/gain_only/gain_only.runs/gain_only_wrapper_ad9767_0_0_synth_1/gain_only_wrapper_ad9767_0_0.dcp' has been generated.
report_utilization: Time (s): cpu = 00:00:00.14 ; elapsed = 00:00:00.37 . Memory (MB): peak = 1472.934 ; gain = 0.000 ; free physical = 137 ; free virtual = 10640
INFO: [Common 17-206] Exiting Vivado at Thu Dec  7 10:22:32 2017...
