
*** Running vivado
    with args -log pid_only_wrapper_xlslice_0_0.vds -m64 -product Vivado -mode batch -messageDb vivado.pb -notrace -source pid_only_wrapper_xlslice_0_0.tcl

awk: symbol lookup error: awk: undefined symbol: mpfr_z_sub

****** Vivado v2016.4 (64-bit)
  **** SW Build 1733598 on Wed Dec 14 22:35:42 MST 2016
  **** IP Build 1731160 on Wed Dec 14 23:47:21 MST 2016
    ** Copyright 1986-2016 Xilinx, Inc. All Rights Reserved.

source pid_only_wrapper_xlslice_0_0.tcl -notrace
awk: symbol lookup error: awk: undefined symbol: mpfr_z_sub
Starting RTL Elaboration : Time (s): cpu = 00:00:14 ; elapsed = 00:00:15 . Memory (MB): peak = 1114.270 ; gain = 183.086 ; free physical = 2636 ; free virtual = 12745
INFO: [Synth 8-638] synthesizing module 'pid_only_wrapper_xlslice_0_0' [/home/bma/git/fpga_design/redpitaya/pid_only/pid_only.srcs/sources_1/bd/pid_only_wrapper/ip/pid_only_wrapper_xlslice_0_0/synth/pid_only_wrapper_xlslice_0_0.v:57]
INFO: [Synth 8-638] synthesizing module 'xlslice' [/home/bma/git/fpga_design/redpitaya/pid_only/pid_only.srcs/sources_1/bd/pid_only_wrapper/ipshared/c49f/xlslice.v:14]
INFO: [Synth 8-256] done synthesizing module 'xlslice' (1#1) [/home/bma/git/fpga_design/redpitaya/pid_only/pid_only.srcs/sources_1/bd/pid_only_wrapper/ipshared/c49f/xlslice.v:14]
INFO: [Synth 8-256] done synthesizing module 'pid_only_wrapper_xlslice_0_0' (2#1) [/home/bma/git/fpga_design/redpitaya/pid_only/pid_only.srcs/sources_1/bd/pid_only_wrapper/ip/pid_only_wrapper_xlslice_0_0/synth/pid_only_wrapper_xlslice_0_0.v:57]
Finished RTL Elaboration : Time (s): cpu = 00:00:15 ; elapsed = 00:00:16 . Memory (MB): peak = 1155.738 ; gain = 224.555 ; free physical = 2888 ; free virtual = 12997
Finished RTL Optimization Phase 1 : Time (s): cpu = 00:00:16 ; elapsed = 00:00:16 . Memory (MB): peak = 1155.738 ; gain = 224.555 ; free physical = 2888 ; free virtual = 12997
INFO: [Device 21-403] Loading part xc7z010clg400-1
Constraint Validation Runtime : Time (s): cpu = 00:00:00.02 ; elapsed = 00:00:00.01 . Memory (MB): peak = 1398.898 ; gain = 1.000 ; free physical = 2697 ; free virtual = 12807
Finished Constraint Validation : Time (s): cpu = 00:00:28 ; elapsed = 00:00:28 . Memory (MB): peak = 1398.898 ; gain = 467.715 ; free physical = 2697 ; free virtual = 12806
Finished Loading Part and Timing Information : Time (s): cpu = 00:00:28 ; elapsed = 00:00:28 . Memory (MB): peak = 1398.898 ; gain = 467.715 ; free physical = 2697 ; free virtual = 12806
Finished applying 'set_property' XDC Constraints : Time (s): cpu = 00:00:28 ; elapsed = 00:00:28 . Memory (MB): peak = 1398.898 ; gain = 467.715 ; free physical = 2697 ; free virtual = 12806
Finished RTL Optimization Phase 2 : Time (s): cpu = 00:00:28 ; elapsed = 00:00:28 . Memory (MB): peak = 1398.898 ; gain = 467.715 ; free physical = 2697 ; free virtual = 12806
Finished Cross Boundary and Area Optimization : Time (s): cpu = 00:00:28 ; elapsed = 00:00:28 . Memory (MB): peak = 1398.898 ; gain = 467.715 ; free physical = 2697 ; free virtual = 12806
Finished Applying XDC Timing Constraints : Time (s): cpu = 00:00:38 ; elapsed = 00:00:39 . Memory (MB): peak = 1437.898 ; gain = 506.715 ; free physical = 2644 ; free virtual = 12753
Finished Timing Optimization : Time (s): cpu = 00:00:38 ; elapsed = 00:00:39 . Memory (MB): peak = 1437.898 ; gain = 506.715 ; free physical = 2644 ; free virtual = 12753
Finished Technology Mapping : Time (s): cpu = 00:00:38 ; elapsed = 00:00:39 . Memory (MB): peak = 1446.914 ; gain = 515.730 ; free physical = 2636 ; free virtual = 12745
Finished IO Insertion : Time (s): cpu = 00:00:38 ; elapsed = 00:00:39 . Memory (MB): peak = 1446.914 ; gain = 515.730 ; free physical = 2636 ; free virtual = 12745
Finished Renaming Generated Instances : Time (s): cpu = 00:00:38 ; elapsed = 00:00:39 . Memory (MB): peak = 1446.914 ; gain = 515.730 ; free physical = 2636 ; free virtual = 12745
Finished Rebuilding User Hierarchy : Time (s): cpu = 00:00:38 ; elapsed = 00:00:39 . Memory (MB): peak = 1446.914 ; gain = 515.730 ; free physical = 2636 ; free virtual = 12745
Finished Renaming Generated Ports : Time (s): cpu = 00:00:38 ; elapsed = 00:00:39 . Memory (MB): peak = 1446.914 ; gain = 515.730 ; free physical = 2636 ; free virtual = 12745
Finished Handling Custom Attributes : Time (s): cpu = 00:00:38 ; elapsed = 00:00:39 . Memory (MB): peak = 1446.914 ; gain = 515.730 ; free physical = 2635 ; free virtual = 12744
Finished Renaming Generated Nets : Time (s): cpu = 00:00:38 ; elapsed = 00:00:39 . Memory (MB): peak = 1446.914 ; gain = 515.730 ; free physical = 2635 ; free virtual = 12744

Report Cell Usage: 
+-+-----+------+
| |Cell |Count |
+-+-----+------+
+-+-----+------+
Finished Writing Synthesis Report : Time (s): cpu = 00:00:38 ; elapsed = 00:00:39 . Memory (MB): peak = 1446.914 ; gain = 515.730 ; free physical = 2635 ; free virtual = 12744
synth_design: Time (s): cpu = 00:00:32 ; elapsed = 00:00:32 . Memory (MB): peak = 1451.914 ; gain = 419.227 ; free physical = 2632 ; free virtual = 12741
