
*** Running vivado
    with args -log adc2dac_ram_offset_xbar_0.vds -m64 -product Vivado -mode batch -messageDb vivado.pb -notrace -source adc2dac_ram_offset_xbar_0.tcl

awk: symbol lookup error: awk: undefined symbol: mpfr_z_sub

****** Vivado v2016.4 (64-bit)
  **** SW Build 1733598 on Wed Dec 14 22:35:42 MST 2016
  **** IP Build 1731160 on Wed Dec 14 23:47:21 MST 2016
    ** Copyright 1986-2016 Xilinx, Inc. All Rights Reserved.

source adc2dac_ram_offset_xbar_0.tcl -notrace
awk: symbol lookup error: awk: undefined symbol: mpfr_z_sub
Starting RTL Elaboration : Time (s): cpu = 00:00:28 ; elapsed = 00:00:30 . Memory (MB): peak = 1125.188 ; gain = 196.086 ; free physical = 2689 ; free virtual = 13025
INFO: [Synth 8-638] synthesizing module 'adc2dac_ram_offset_xbar_0' [/home/bma/Documents/BPT_sync/Work/5-ED_SPIM/Work/git/fpga_design/redpitaya/adc2dac_ram_offset/adc2dac_ram_offset/adc2dac_ram_offset.srcs/sources_1/bd/adc2dac_ram_offset/ip/adc2dac_ram_offset_xbar_0/synth/adc2dac_ram_offset_xbar_0.v:59]
INFO: [Synth 8-638] synthesizing module 'axi_crossbar_v2_1_12_axi_crossbar' [/home/bma/Documents/BPT_sync/Work/5-ED_SPIM/Work/git/fpga_design/redpitaya/adc2dac_ram_offset/adc2dac_ram_offset/adc2dac_ram_offset.srcs/sources_1/bd/adc2dac_ram_offset/ipshared/896d/hdl/axi_crossbar_v2_1_vl_rfs.v:4882]
INFO: [Synth 8-638] synthesizing module 'axi_crossbar_v2_1_12_crossbar_sasd' [/home/bma/Documents/BPT_sync/Work/5-ED_SPIM/Work/git/fpga_design/redpitaya/adc2dac_ram_offset/adc2dac_ram_offset/adc2dac_ram_offset.srcs/sources_1/bd/adc2dac_ram_offset/ipshared/896d/hdl/axi_crossbar_v2_1_vl_rfs.v:1240]
INFO: [Synth 8-638] synthesizing module 'axi_crossbar_v2_1_12_addr_decoder' [/home/bma/Documents/BPT_sync/Work/5-ED_SPIM/Work/git/fpga_design/redpitaya/adc2dac_ram_offset/adc2dac_ram_offset/adc2dac_ram_offset.srcs/sources_1/bd/adc2dac_ram_offset/ipshared/896d/hdl/axi_crossbar_v2_1_vl_rfs.v:794]
INFO: [Synth 8-638] synthesizing module 'generic_baseblocks_v2_1_0_comparator_static' [/home/bma/Documents/BPT_sync/Work/5-ED_SPIM/Work/git/fpga_design/redpitaya/adc2dac_ram_offset/adc2dac_ram_offset/adc2dac_ram_offset.srcs/sources_1/bd/adc2dac_ram_offset/ipshared/7ee0/hdl/generic_baseblocks_v2_1_vl_rfs.v:2133]
INFO: [Synth 8-638] synthesizing module 'generic_baseblocks_v2_1_0_carry_and' [/home/bma/Documents/BPT_sync/Work/5-ED_SPIM/Work/git/fpga_design/redpitaya/adc2dac_ram_offset/adc2dac_ram_offset/adc2dac_ram_offset.srcs/sources_1/bd/adc2dac_ram_offset/ipshared/7ee0/hdl/generic_baseblocks_v2_1_vl_rfs.v:62]
INFO: [Synth 8-256] done synthesizing module 'generic_baseblocks_v2_1_0_carry_and' (1#1) [/home/bma/Documents/BPT_sync/Work/5-ED_SPIM/Work/git/fpga_design/redpitaya/adc2dac_ram_offset/adc2dac_ram_offset/adc2dac_ram_offset.srcs/sources_1/bd/adc2dac_ram_offset/ipshared/7ee0/hdl/generic_baseblocks_v2_1_vl_rfs.v:62]
INFO: [Synth 8-256] done synthesizing module 'generic_baseblocks_v2_1_0_comparator_static' (2#1) [/home/bma/Documents/BPT_sync/Work/5-ED_SPIM/Work/git/fpga_design/redpitaya/adc2dac_ram_offset/adc2dac_ram_offset/adc2dac_ram_offset.srcs/sources_1/bd/adc2dac_ram_offset/ipshared/7ee0/hdl/generic_baseblocks_v2_1_vl_rfs.v:2133]
INFO: [Synth 8-638] synthesizing module 'generic_baseblocks_v2_1_0_comparator_static__parameterized0' [/home/bma/Documents/BPT_sync/Work/5-ED_SPIM/Work/git/fpga_design/redpitaya/adc2dac_ram_offset/adc2dac_ram_offset/adc2dac_ram_offset.srcs/sources_1/bd/adc2dac_ram_offset/ipshared/7ee0/hdl/generic_baseblocks_v2_1_vl_rfs.v:2133]
INFO: [Synth 8-256] done synthesizing module 'generic_baseblocks_v2_1_0_comparator_static__parameterized0' (2#1) [/home/bma/Documents/BPT_sync/Work/5-ED_SPIM/Work/git/fpga_design/redpitaya/adc2dac_ram_offset/adc2dac_ram_offset/adc2dac_ram_offset.srcs/sources_1/bd/adc2dac_ram_offset/ipshared/7ee0/hdl/generic_baseblocks_v2_1_vl_rfs.v:2133]
INFO: [Synth 8-638] synthesizing module 'generic_baseblocks_v2_1_0_comparator_static__parameterized1' [/home/bma/Documents/BPT_sync/Work/5-ED_SPIM/Work/git/fpga_design/redpitaya/adc2dac_ram_offset/adc2dac_ram_offset/adc2dac_ram_offset.srcs/sources_1/bd/adc2dac_ram_offset/ipshared/7ee0/hdl/generic_baseblocks_v2_1_vl_rfs.v:2133]
INFO: [Synth 8-256] done synthesizing module 'generic_baseblocks_v2_1_0_comparator_static__parameterized1' (2#1) [/home/bma/Documents/BPT_sync/Work/5-ED_SPIM/Work/git/fpga_design/redpitaya/adc2dac_ram_offset/adc2dac_ram_offset/adc2dac_ram_offset.srcs/sources_1/bd/adc2dac_ram_offset/ipshared/7ee0/hdl/generic_baseblocks_v2_1_vl_rfs.v:2133]
INFO: [Synth 8-256] done synthesizing module 'axi_crossbar_v2_1_12_addr_decoder' (3#1) [/home/bma/Documents/BPT_sync/Work/5-ED_SPIM/Work/git/fpga_design/redpitaya/adc2dac_ram_offset/adc2dac_ram_offset/adc2dac_ram_offset.srcs/sources_1/bd/adc2dac_ram_offset/ipshared/896d/hdl/axi_crossbar_v2_1_vl_rfs.v:794]
INFO: [Synth 8-638] synthesizing module 'axi_crossbar_v2_1_12_decerr_slave' [/home/bma/Documents/BPT_sync/Work/5-ED_SPIM/Work/git/fpga_design/redpitaya/adc2dac_ram_offset/adc2dac_ram_offset/adc2dac_ram_offset.srcs/sources_1/bd/adc2dac_ram_offset/ipshared/896d/hdl/axi_crossbar_v2_1_vl_rfs.v:3500]
INFO: [Synth 8-256] done synthesizing module 'axi_crossbar_v2_1_12_decerr_slave' (4#1) [/home/bma/Documents/BPT_sync/Work/5-ED_SPIM/Work/git/fpga_design/redpitaya/adc2dac_ram_offset/adc2dac_ram_offset/adc2dac_ram_offset.srcs/sources_1/bd/adc2dac_ram_offset/ipshared/896d/hdl/axi_crossbar_v2_1_vl_rfs.v:3500]
INFO: [Synth 8-638] synthesizing module 'axi_crossbar_v2_1_12_addr_arbiter_sasd' [/home/bma/Documents/BPT_sync/Work/5-ED_SPIM/Work/git/fpga_design/redpitaya/adc2dac_ram_offset/adc2dac_ram_offset/adc2dac_ram_offset.srcs/sources_1/bd/adc2dac_ram_offset/ipshared/896d/hdl/axi_crossbar_v2_1_vl_rfs.v:65]
INFO: [Synth 8-256] done synthesizing module 'axi_crossbar_v2_1_12_addr_arbiter_sasd' (5#1) [/home/bma/Documents/BPT_sync/Work/5-ED_SPIM/Work/git/fpga_design/redpitaya/adc2dac_ram_offset/adc2dac_ram_offset/adc2dac_ram_offset.srcs/sources_1/bd/adc2dac_ram_offset/ipshared/896d/hdl/axi_crossbar_v2_1_vl_rfs.v:65]
INFO: [Synth 8-638] synthesizing module 'axi_crossbar_v2_1_12_splitter' [/home/bma/Documents/BPT_sync/Work/5-ED_SPIM/Work/git/fpga_design/redpitaya/adc2dac_ram_offset/adc2dac_ram_offset/adc2dac_ram_offset.srcs/sources_1/bd/adc2dac_ram_offset/ipshared/896d/hdl/axi_crossbar_v2_1_vl_rfs.v:4459]
INFO: [Synth 8-256] done synthesizing module 'axi_crossbar_v2_1_12_splitter' (6#1) [/home/bma/Documents/BPT_sync/Work/5-ED_SPIM/Work/git/fpga_design/redpitaya/adc2dac_ram_offset/adc2dac_ram_offset/adc2dac_ram_offset.srcs/sources_1/bd/adc2dac_ram_offset/ipshared/896d/hdl/axi_crossbar_v2_1_vl_rfs.v:4459]
INFO: [Synth 8-638] synthesizing module 'axi_crossbar_v2_1_12_splitter__parameterized0' [/home/bma/Documents/BPT_sync/Work/5-ED_SPIM/Work/git/fpga_design/redpitaya/adc2dac_ram_offset/adc2dac_ram_offset/adc2dac_ram_offset.srcs/sources_1/bd/adc2dac_ram_offset/ipshared/896d/hdl/axi_crossbar_v2_1_vl_rfs.v:4459]
INFO: [Synth 8-256] done synthesizing module 'axi_crossbar_v2_1_12_splitter__parameterized0' (6#1) [/home/bma/Documents/BPT_sync/Work/5-ED_SPIM/Work/git/fpga_design/redpitaya/adc2dac_ram_offset/adc2dac_ram_offset/adc2dac_ram_offset.srcs/sources_1/bd/adc2dac_ram_offset/ipshared/896d/hdl/axi_crossbar_v2_1_vl_rfs.v:4459]
INFO: [Synth 8-638] synthesizing module 'generic_baseblocks_v2_1_0_mux_enc' [/home/bma/Documents/BPT_sync/Work/5-ED_SPIM/Work/git/fpga_design/redpitaya/adc2dac_ram_offset/adc2dac_ram_offset/adc2dac_ram_offset.srcs/sources_1/bd/adc2dac_ram_offset/ipshared/7ee0/hdl/generic_baseblocks_v2_1_vl_rfs.v:2452]
INFO: [Synth 8-256] done synthesizing module 'generic_baseblocks_v2_1_0_mux_enc' (7#1) [/home/bma/Documents/BPT_sync/Work/5-ED_SPIM/Work/git/fpga_design/redpitaya/adc2dac_ram_offset/adc2dac_ram_offset/adc2dac_ram_offset.srcs/sources_1/bd/adc2dac_ram_offset/ipshared/7ee0/hdl/generic_baseblocks_v2_1_vl_rfs.v:2452]
INFO: [Synth 8-638] synthesizing module 'generic_baseblocks_v2_1_0_mux_enc__parameterized0' [/home/bma/Documents/BPT_sync/Work/5-ED_SPIM/Work/git/fpga_design/redpitaya/adc2dac_ram_offset/adc2dac_ram_offset/adc2dac_ram_offset.srcs/sources_1/bd/adc2dac_ram_offset/ipshared/7ee0/hdl/generic_baseblocks_v2_1_vl_rfs.v:2452]
INFO: [Synth 8-256] done synthesizing module 'generic_baseblocks_v2_1_0_mux_enc__parameterized0' (7#1) [/home/bma/Documents/BPT_sync/Work/5-ED_SPIM/Work/git/fpga_design/redpitaya/adc2dac_ram_offset/adc2dac_ram_offset/adc2dac_ram_offset.srcs/sources_1/bd/adc2dac_ram_offset/ipshared/7ee0/hdl/generic_baseblocks_v2_1_vl_rfs.v:2452]
INFO: [Synth 8-638] synthesizing module 'generic_baseblocks_v2_1_0_mux_enc__parameterized1' [/home/bma/Documents/BPT_sync/Work/5-ED_SPIM/Work/git/fpga_design/redpitaya/adc2dac_ram_offset/adc2dac_ram_offset/adc2dac_ram_offset.srcs/sources_1/bd/adc2dac_ram_offset/ipshared/7ee0/hdl/generic_baseblocks_v2_1_vl_rfs.v:2452]
INFO: [Synth 8-256] done synthesizing module 'generic_baseblocks_v2_1_0_mux_enc__parameterized1' (7#1) [/home/bma/Documents/BPT_sync/Work/5-ED_SPIM/Work/git/fpga_design/redpitaya/adc2dac_ram_offset/adc2dac_ram_offset/adc2dac_ram_offset.srcs/sources_1/bd/adc2dac_ram_offset/ipshared/7ee0/hdl/generic_baseblocks_v2_1_vl_rfs.v:2452]
INFO: [Synth 8-638] synthesizing module 'generic_baseblocks_v2_1_0_mux_enc__parameterized2' [/home/bma/Documents/BPT_sync/Work/5-ED_SPIM/Work/git/fpga_design/redpitaya/adc2dac_ram_offset/adc2dac_ram_offset/adc2dac_ram_offset.srcs/sources_1/bd/adc2dac_ram_offset/ipshared/7ee0/hdl/generic_baseblocks_v2_1_vl_rfs.v:2452]
INFO: [Synth 8-256] done synthesizing module 'generic_baseblocks_v2_1_0_mux_enc__parameterized2' (7#1) [/home/bma/Documents/BPT_sync/Work/5-ED_SPIM/Work/git/fpga_design/redpitaya/adc2dac_ram_offset/adc2dac_ram_offset/adc2dac_ram_offset.srcs/sources_1/bd/adc2dac_ram_offset/ipshared/7ee0/hdl/generic_baseblocks_v2_1_vl_rfs.v:2452]
INFO: [Synth 8-638] synthesizing module 'axi_register_slice_v2_1_11_axic_register_slice' [/home/bma/Documents/BPT_sync/Work/5-ED_SPIM/Work/git/fpga_design/redpitaya/adc2dac_ram_offset/adc2dac_ram_offset/adc2dac_ram_offset.srcs/sources_1/bd/adc2dac_ram_offset/ipshared/0b6b/hdl/axi_register_slice_v2_1_vl_rfs.v:85]
INFO: [Synth 8-256] done synthesizing module 'axi_register_slice_v2_1_11_axic_register_slice' (8#1) [/home/bma/Documents/BPT_sync/Work/5-ED_SPIM/Work/git/fpga_design/redpitaya/adc2dac_ram_offset/adc2dac_ram_offset/adc2dac_ram_offset.srcs/sources_1/bd/adc2dac_ram_offset/ipshared/0b6b/hdl/axi_register_slice_v2_1_vl_rfs.v:85]
INFO: [Synth 8-638] synthesizing module 'generic_baseblocks_v2_1_0_mux_enc__parameterized3' [/home/bma/Documents/BPT_sync/Work/5-ED_SPIM/Work/git/fpga_design/redpitaya/adc2dac_ram_offset/adc2dac_ram_offset/adc2dac_ram_offset.srcs/sources_1/bd/adc2dac_ram_offset/ipshared/7ee0/hdl/generic_baseblocks_v2_1_vl_rfs.v:2452]
INFO: [Synth 8-256] done synthesizing module 'generic_baseblocks_v2_1_0_mux_enc__parameterized3' (8#1) [/home/bma/Documents/BPT_sync/Work/5-ED_SPIM/Work/git/fpga_design/redpitaya/adc2dac_ram_offset/adc2dac_ram_offset/adc2dac_ram_offset.srcs/sources_1/bd/adc2dac_ram_offset/ipshared/7ee0/hdl/generic_baseblocks_v2_1_vl_rfs.v:2452]
INFO: [Synth 8-256] done synthesizing module 'axi_crossbar_v2_1_12_crossbar_sasd' (9#1) [/home/bma/Documents/BPT_sync/Work/5-ED_SPIM/Work/git/fpga_design/redpitaya/adc2dac_ram_offset/adc2dac_ram_offset/adc2dac_ram_offset.srcs/sources_1/bd/adc2dac_ram_offset/ipshared/896d/hdl/axi_crossbar_v2_1_vl_rfs.v:1240]
INFO: [Synth 8-256] done synthesizing module 'axi_crossbar_v2_1_12_axi_crossbar' (10#1) [/home/bma/Documents/BPT_sync/Work/5-ED_SPIM/Work/git/fpga_design/redpitaya/adc2dac_ram_offset/adc2dac_ram_offset/adc2dac_ram_offset.srcs/sources_1/bd/adc2dac_ram_offset/ipshared/896d/hdl/axi_crossbar_v2_1_vl_rfs.v:4882]
INFO: [Synth 8-256] done synthesizing module 'adc2dac_ram_offset_xbar_0' (11#1) [/home/bma/Documents/BPT_sync/Work/5-ED_SPIM/Work/git/fpga_design/redpitaya/adc2dac_ram_offset/adc2dac_ram_offset/adc2dac_ram_offset.srcs/sources_1/bd/adc2dac_ram_offset/ip/adc2dac_ram_offset_xbar_0/synth/adc2dac_ram_offset_xbar_0.v:59]
Finished RTL Elaboration : Time (s): cpu = 00:00:39 ; elapsed = 00:00:42 . Memory (MB): peak = 1245.656 ; gain = 316.555 ; free physical = 2318 ; free virtual = 12656
Finished RTL Optimization Phase 1 : Time (s): cpu = 00:00:40 ; elapsed = 00:00:42 . Memory (MB): peak = 1245.656 ; gain = 316.555 ; free physical = 2318 ; free virtual = 12656
INFO: [Device 21-403] Loading part xc7z010clg400-1
Constraint Validation Runtime : Time (s): cpu = 00:00:00.07 ; elapsed = 00:00:00.07 . Memory (MB): peak = 1507.457 ; gain = 0.000 ; free physical = 2109 ; free virtual = 12447
Finished Constraint Validation : Time (s): cpu = 00:01:06 ; elapsed = 00:01:10 . Memory (MB): peak = 1507.457 ; gain = 578.355 ; free physical = 2033 ; free virtual = 12371
Finished Loading Part and Timing Information : Time (s): cpu = 00:01:06 ; elapsed = 00:01:10 . Memory (MB): peak = 1507.457 ; gain = 578.355 ; free physical = 2033 ; free virtual = 12371
Finished applying 'set_property' XDC Constraints : Time (s): cpu = 00:01:06 ; elapsed = 00:01:10 . Memory (MB): peak = 1507.457 ; gain = 578.355 ; free physical = 2032 ; free virtual = 12370
Finished RTL Optimization Phase 2 : Time (s): cpu = 00:01:07 ; elapsed = 00:01:11 . Memory (MB): peak = 1507.457 ; gain = 578.355 ; free physical = 2009 ; free virtual = 12346
Finished Cross Boundary and Area Optimization : Time (s): cpu = 00:01:10 ; elapsed = 00:01:13 . Memory (MB): peak = 1507.457 ; gain = 578.355 ; free physical = 1942 ; free virtual = 12281
Finished Applying XDC Timing Constraints : Time (s): cpu = 00:01:34 ; elapsed = 00:01:41 . Memory (MB): peak = 1507.457 ; gain = 578.355 ; free physical = 2625 ; free virtual = 12963
Finished Timing Optimization : Time (s): cpu = 00:01:36 ; elapsed = 00:01:42 . Memory (MB): peak = 1507.457 ; gain = 578.355 ; free physical = 3094 ; free virtual = 13432
Finished Technology Mapping : Time (s): cpu = 00:01:36 ; elapsed = 00:01:43 . Memory (MB): peak = 1507.457 ; gain = 578.355 ; free physical = 3085 ; free virtual = 13423
Finished IO Insertion : Time (s): cpu = 00:01:38 ; elapsed = 00:01:44 . Memory (MB): peak = 1507.457 ; gain = 578.355 ; free physical = 3084 ; free virtual = 13422
Finished Renaming Generated Instances : Time (s): cpu = 00:01:38 ; elapsed = 00:01:44 . Memory (MB): peak = 1507.457 ; gain = 578.355 ; free physical = 3084 ; free virtual = 13422
Finished Rebuilding User Hierarchy : Time (s): cpu = 00:01:38 ; elapsed = 00:01:44 . Memory (MB): peak = 1507.457 ; gain = 578.355 ; free physical = 3086 ; free virtual = 13424
Finished Renaming Generated Ports : Time (s): cpu = 00:01:38 ; elapsed = 00:01:45 . Memory (MB): peak = 1507.457 ; gain = 578.355 ; free physical = 3086 ; free virtual = 13424
Finished Handling Custom Attributes : Time (s): cpu = 00:01:38 ; elapsed = 00:01:45 . Memory (MB): peak = 1507.457 ; gain = 578.355 ; free physical = 3086 ; free virtual = 13424
Finished Renaming Generated Nets : Time (s): cpu = 00:01:38 ; elapsed = 00:01:45 . Memory (MB): peak = 1507.457 ; gain = 578.355 ; free physical = 3086 ; free virtual = 13424

Report Cell Usage: 
+------+-----+------+
|      |Cell |Count |
+------+-----+------+
|1     |LUT1 |     2|
|2     |LUT2 |    10|
|3     |LUT3 |    39|
|4     |LUT4 |    51|
|5     |LUT5 |    50|
|6     |LUT6 |    22|
|7     |FDRE |   131|
+------+-----+------+
Finished Writing Synthesis Report : Time (s): cpu = 00:01:38 ; elapsed = 00:01:45 . Memory (MB): peak = 1507.457 ; gain = 578.355 ; free physical = 3086 ; free virtual = 13424
synth_design: Time (s): cpu = 00:01:28 ; elapsed = 00:01:33 . Memory (MB): peak = 1507.465 ; gain = 472.859 ; free physical = 3035 ; free virtual = 13374
