
*** Running vivado
    with args -log pid_only_wrapper_xlconstant_0_1.vds -m64 -product Vivado -mode batch -messageDb vivado.pb -notrace -source pid_only_wrapper_xlconstant_0_1.tcl

awk: symbol lookup error: awk: undefined symbol: mpfr_z_sub

****** Vivado v2016.4 (64-bit)
  **** SW Build 1733598 on Wed Dec 14 22:35:42 MST 2016
  **** IP Build 1731160 on Wed Dec 14 23:47:21 MST 2016
    ** Copyright 1986-2016 Xilinx, Inc. All Rights Reserved.

source pid_only_wrapper_xlconstant_0_1.tcl -notrace
awk: symbol lookup error: awk: undefined symbol: mpfr_z_sub
Starting RTL Elaboration : Time (s): cpu = 00:00:20 ; elapsed = 00:00:20 . Memory (MB): peak = 1114.270 ; gain = 183.086 ; free physical = 3310 ; free virtual = 13219
INFO: [Synth 8-638] synthesizing module 'pid_only_wrapper_xlconstant_0_1' [/home/bma/git/fpga_design/redpitaya/pid_only/pid_only.srcs/sources_1/bd/pid_only_wrapper/ip/pid_only_wrapper_xlconstant_0_1/sim/pid_only_wrapper_xlconstant_0_1.v:56]
INFO: [Synth 8-638] synthesizing module 'xlconstant' [/home/bma/git/fpga_design/redpitaya/pid_only/pid_only.srcs/sources_1/bd/pid_only_wrapper/ipshared/e147/xlconstant.v:23]
INFO: [Synth 8-256] done synthesizing module 'xlconstant' (1#1) [/home/bma/git/fpga_design/redpitaya/pid_only/pid_only.srcs/sources_1/bd/pid_only_wrapper/ipshared/e147/xlconstant.v:23]
INFO: [Synth 8-256] done synthesizing module 'pid_only_wrapper_xlconstant_0_1' (2#1) [/home/bma/git/fpga_design/redpitaya/pid_only/pid_only.srcs/sources_1/bd/pid_only_wrapper/ip/pid_only_wrapper_xlconstant_0_1/sim/pid_only_wrapper_xlconstant_0_1.v:56]
Finished RTL Elaboration : Time (s): cpu = 00:00:21 ; elapsed = 00:00:21 . Memory (MB): peak = 1154.738 ; gain = 223.555 ; free physical = 3268 ; free virtual = 13177
Finished RTL Optimization Phase 1 : Time (s): cpu = 00:00:21 ; elapsed = 00:00:22 . Memory (MB): peak = 1154.738 ; gain = 223.555 ; free physical = 3268 ; free virtual = 13177
INFO: [Device 21-403] Loading part xc7z010clg400-1
Constraint Validation Runtime : Time (s): cpu = 00:00:00.01 ; elapsed = 00:00:00.01 . Memory (MB): peak = 1392.898 ; gain = 0.000 ; free physical = 3040 ; free virtual = 12957
Finished Constraint Validation : Time (s): cpu = 00:00:34 ; elapsed = 00:00:35 . Memory (MB): peak = 1392.898 ; gain = 461.715 ; free physical = 3062 ; free virtual = 12956
Finished Loading Part and Timing Information : Time (s): cpu = 00:00:34 ; elapsed = 00:00:35 . Memory (MB): peak = 1392.898 ; gain = 461.715 ; free physical = 3063 ; free virtual = 12956
Finished applying 'set_property' XDC Constraints : Time (s): cpu = 00:00:34 ; elapsed = 00:00:35 . Memory (MB): peak = 1392.898 ; gain = 461.715 ; free physical = 3063 ; free virtual = 12956
Finished RTL Optimization Phase 2 : Time (s): cpu = 00:00:34 ; elapsed = 00:00:35 . Memory (MB): peak = 1392.898 ; gain = 461.715 ; free physical = 3063 ; free virtual = 12956
Finished Cross Boundary and Area Optimization : Time (s): cpu = 00:00:34 ; elapsed = 00:00:35 . Memory (MB): peak = 1392.898 ; gain = 461.715 ; free physical = 3063 ; free virtual = 12956
Finished Applying XDC Timing Constraints : Time (s): cpu = 00:00:46 ; elapsed = 00:00:46 . Memory (MB): peak = 1437.898 ; gain = 506.715 ; free physical = 3011 ; free virtual = 12904
Finished Timing Optimization : Time (s): cpu = 00:00:46 ; elapsed = 00:00:46 . Memory (MB): peak = 1437.898 ; gain = 506.715 ; free physical = 3011 ; free virtual = 12904
Finished Technology Mapping : Time (s): cpu = 00:00:46 ; elapsed = 00:00:46 . Memory (MB): peak = 1446.914 ; gain = 515.730 ; free physical = 3003 ; free virtual = 12896
Finished IO Insertion : Time (s): cpu = 00:00:46 ; elapsed = 00:00:47 . Memory (MB): peak = 1446.914 ; gain = 515.730 ; free physical = 3002 ; free virtual = 12895
Finished Renaming Generated Instances : Time (s): cpu = 00:00:46 ; elapsed = 00:00:47 . Memory (MB): peak = 1446.914 ; gain = 515.730 ; free physical = 3002 ; free virtual = 12895
Finished Rebuilding User Hierarchy : Time (s): cpu = 00:00:46 ; elapsed = 00:00:47 . Memory (MB): peak = 1446.914 ; gain = 515.730 ; free physical = 3002 ; free virtual = 12895
Finished Renaming Generated Ports : Time (s): cpu = 00:00:46 ; elapsed = 00:00:47 . Memory (MB): peak = 1446.914 ; gain = 515.730 ; free physical = 3002 ; free virtual = 12895
Finished Handling Custom Attributes : Time (s): cpu = 00:00:46 ; elapsed = 00:00:47 . Memory (MB): peak = 1446.914 ; gain = 515.730 ; free physical = 3002 ; free virtual = 12895
Finished Renaming Generated Nets : Time (s): cpu = 00:00:46 ; elapsed = 00:00:47 . Memory (MB): peak = 1446.914 ; gain = 515.730 ; free physical = 3002 ; free virtual = 12895

Report Cell Usage: 
+-+-----+------+
| |Cell |Count |
+-+-----+------+
+-+-----+------+
Finished Writing Synthesis Report : Time (s): cpu = 00:00:46 ; elapsed = 00:00:47 . Memory (MB): peak = 1446.914 ; gain = 515.730 ; free physical = 3002 ; free virtual = 12895
synth_design: Time (s): cpu = 00:00:37 ; elapsed = 00:00:37 . Memory (MB): peak = 1459.914 ; gain = 427.227 ; free physical = 2997 ; free virtual = 12890
