
*** Running vivado
    with args -log demod_pid_vco_amp_mod_pid_only_wrapper_tier2_xbar_2_0.vds -m64 -product Vivado -mode batch -messageDb vivado.pb -notrace -source demod_pid_vco_amp_mod_pid_only_wrapper_tier2_xbar_2_0.tcl


****** Vivado v2016.4 (64-bit)
  **** SW Build 1733598 on Wed Dec 14 22:35:42 MST 2016
  **** IP Build 1731160 on Wed Dec 14 23:47:21 MST 2016
    ** Copyright 1986-2016 Xilinx, Inc. All Rights Reserved.

source demod_pid_vco_amp_mod_pid_only_wrapper_tier2_xbar_2_0.tcl -notrace
Starting RTL Elaboration : Time (s): cpu = 00:00:32 ; elapsed = 00:00:38 . Memory (MB): peak = 1129.930 ; gain = 198.086 ; free physical = 551 ; free virtual = 8068
INFO: [Synth 8-638] synthesizing module 'demod_pid_vco_amp_mod_pid_only_wrapper_tier2_xbar_2_0' [/home/bma/git/fpga_design/redpitaya/demod_pid_vco_amp_mod_pid_only/demod_pid_vco_amp_mod_pid_only.srcs/sources_1/bd/demod_pid_vco_amp_mod_pid_only_wrapper/ip/demod_pid_vco_amp_mod_pid_only_wrapper_tier2_xbar_2_0/synth/demod_pid_vco_amp_mod_pid_only_wrapper_tier2_xbar_2_0.v:59]
INFO: [Synth 8-638] synthesizing module 'axi_crossbar_v2_1_12_axi_crossbar' [/home/bma/git/fpga_design/redpitaya/demod_pid_vco_amp_mod_pid_only/demod_pid_vco_amp_mod_pid_only.srcs/sources_1/bd/demod_pid_vco_amp_mod_pid_only_wrapper/ipshared/896d/hdl/axi_crossbar_v2_1_vl_rfs.v:4882]
INFO: [Synth 8-638] synthesizing module 'axi_crossbar_v2_1_12_crossbar_sasd' [/home/bma/git/fpga_design/redpitaya/demod_pid_vco_amp_mod_pid_only/demod_pid_vco_amp_mod_pid_only.srcs/sources_1/bd/demod_pid_vco_amp_mod_pid_only_wrapper/ipshared/896d/hdl/axi_crossbar_v2_1_vl_rfs.v:1240]
INFO: [Synth 8-638] synthesizing module 'axi_crossbar_v2_1_12_addr_decoder' [/home/bma/git/fpga_design/redpitaya/demod_pid_vco_amp_mod_pid_only/demod_pid_vco_amp_mod_pid_only.srcs/sources_1/bd/demod_pid_vco_amp_mod_pid_only_wrapper/ipshared/896d/hdl/axi_crossbar_v2_1_vl_rfs.v:794]
INFO: [Synth 8-638] synthesizing module 'generic_baseblocks_v2_1_0_comparator_static' [/home/bma/git/fpga_design/redpitaya/demod_pid_vco_amp_mod_pid_only/demod_pid_vco_amp_mod_pid_only.srcs/sources_1/bd/demod_pid_vco_amp_mod_pid_only_wrapper/ipshared/7ee0/hdl/generic_baseblocks_v2_1_vl_rfs.v:2133]
INFO: [Synth 8-638] synthesizing module 'generic_baseblocks_v2_1_0_carry_and' [/home/bma/git/fpga_design/redpitaya/demod_pid_vco_amp_mod_pid_only/demod_pid_vco_amp_mod_pid_only.srcs/sources_1/bd/demod_pid_vco_amp_mod_pid_only_wrapper/ipshared/7ee0/hdl/generic_baseblocks_v2_1_vl_rfs.v:62]
INFO: [Synth 8-256] done synthesizing module 'generic_baseblocks_v2_1_0_carry_and' (1#1) [/home/bma/git/fpga_design/redpitaya/demod_pid_vco_amp_mod_pid_only/demod_pid_vco_amp_mod_pid_only.srcs/sources_1/bd/demod_pid_vco_amp_mod_pid_only_wrapper/ipshared/7ee0/hdl/generic_baseblocks_v2_1_vl_rfs.v:62]
INFO: [Synth 8-256] done synthesizing module 'generic_baseblocks_v2_1_0_comparator_static' (2#1) [/home/bma/git/fpga_design/redpitaya/demod_pid_vco_amp_mod_pid_only/demod_pid_vco_amp_mod_pid_only.srcs/sources_1/bd/demod_pid_vco_amp_mod_pid_only_wrapper/ipshared/7ee0/hdl/generic_baseblocks_v2_1_vl_rfs.v:2133]
INFO: [Synth 8-638] synthesizing module 'generic_baseblocks_v2_1_0_comparator_static__parameterized0' [/home/bma/git/fpga_design/redpitaya/demod_pid_vco_amp_mod_pid_only/demod_pid_vco_amp_mod_pid_only.srcs/sources_1/bd/demod_pid_vco_amp_mod_pid_only_wrapper/ipshared/7ee0/hdl/generic_baseblocks_v2_1_vl_rfs.v:2133]
INFO: [Synth 8-256] done synthesizing module 'generic_baseblocks_v2_1_0_comparator_static__parameterized0' (2#1) [/home/bma/git/fpga_design/redpitaya/demod_pid_vco_amp_mod_pid_only/demod_pid_vco_amp_mod_pid_only.srcs/sources_1/bd/demod_pid_vco_amp_mod_pid_only_wrapper/ipshared/7ee0/hdl/generic_baseblocks_v2_1_vl_rfs.v:2133]
INFO: [Synth 8-638] synthesizing module 'generic_baseblocks_v2_1_0_comparator_static__parameterized1' [/home/bma/git/fpga_design/redpitaya/demod_pid_vco_amp_mod_pid_only/demod_pid_vco_amp_mod_pid_only.srcs/sources_1/bd/demod_pid_vco_amp_mod_pid_only_wrapper/ipshared/7ee0/hdl/generic_baseblocks_v2_1_vl_rfs.v:2133]
INFO: [Synth 8-256] done synthesizing module 'generic_baseblocks_v2_1_0_comparator_static__parameterized1' (2#1) [/home/bma/git/fpga_design/redpitaya/demod_pid_vco_amp_mod_pid_only/demod_pid_vco_amp_mod_pid_only.srcs/sources_1/bd/demod_pid_vco_amp_mod_pid_only_wrapper/ipshared/7ee0/hdl/generic_baseblocks_v2_1_vl_rfs.v:2133]
INFO: [Synth 8-638] synthesizing module 'generic_baseblocks_v2_1_0_comparator_static__parameterized2' [/home/bma/git/fpga_design/redpitaya/demod_pid_vco_amp_mod_pid_only/demod_pid_vco_amp_mod_pid_only.srcs/sources_1/bd/demod_pid_vco_amp_mod_pid_only_wrapper/ipshared/7ee0/hdl/generic_baseblocks_v2_1_vl_rfs.v:2133]
INFO: [Synth 8-256] done synthesizing module 'generic_baseblocks_v2_1_0_comparator_static__parameterized2' (2#1) [/home/bma/git/fpga_design/redpitaya/demod_pid_vco_amp_mod_pid_only/demod_pid_vco_amp_mod_pid_only.srcs/sources_1/bd/demod_pid_vco_amp_mod_pid_only_wrapper/ipshared/7ee0/hdl/generic_baseblocks_v2_1_vl_rfs.v:2133]
INFO: [Synth 8-638] synthesizing module 'generic_baseblocks_v2_1_0_comparator_static__parameterized3' [/home/bma/git/fpga_design/redpitaya/demod_pid_vco_amp_mod_pid_only/demod_pid_vco_amp_mod_pid_only.srcs/sources_1/bd/demod_pid_vco_amp_mod_pid_only_wrapper/ipshared/7ee0/hdl/generic_baseblocks_v2_1_vl_rfs.v:2133]
INFO: [Synth 8-256] done synthesizing module 'generic_baseblocks_v2_1_0_comparator_static__parameterized3' (2#1) [/home/bma/git/fpga_design/redpitaya/demod_pid_vco_amp_mod_pid_only/demod_pid_vco_amp_mod_pid_only.srcs/sources_1/bd/demod_pid_vco_amp_mod_pid_only_wrapper/ipshared/7ee0/hdl/generic_baseblocks_v2_1_vl_rfs.v:2133]
INFO: [Synth 8-638] synthesizing module 'generic_baseblocks_v2_1_0_comparator_static__parameterized4' [/home/bma/git/fpga_design/redpitaya/demod_pid_vco_amp_mod_pid_only/demod_pid_vco_amp_mod_pid_only.srcs/sources_1/bd/demod_pid_vco_amp_mod_pid_only_wrapper/ipshared/7ee0/hdl/generic_baseblocks_v2_1_vl_rfs.v:2133]
INFO: [Synth 8-256] done synthesizing module 'generic_baseblocks_v2_1_0_comparator_static__parameterized4' (2#1) [/home/bma/git/fpga_design/redpitaya/demod_pid_vco_amp_mod_pid_only/demod_pid_vco_amp_mod_pid_only.srcs/sources_1/bd/demod_pid_vco_amp_mod_pid_only_wrapper/ipshared/7ee0/hdl/generic_baseblocks_v2_1_vl_rfs.v:2133]
INFO: [Synth 8-638] synthesizing module 'generic_baseblocks_v2_1_0_comparator_static__parameterized5' [/home/bma/git/fpga_design/redpitaya/demod_pid_vco_amp_mod_pid_only/demod_pid_vco_amp_mod_pid_only.srcs/sources_1/bd/demod_pid_vco_amp_mod_pid_only_wrapper/ipshared/7ee0/hdl/generic_baseblocks_v2_1_vl_rfs.v:2133]
INFO: [Synth 8-256] done synthesizing module 'generic_baseblocks_v2_1_0_comparator_static__parameterized5' (2#1) [/home/bma/git/fpga_design/redpitaya/demod_pid_vco_amp_mod_pid_only/demod_pid_vco_amp_mod_pid_only.srcs/sources_1/bd/demod_pid_vco_amp_mod_pid_only_wrapper/ipshared/7ee0/hdl/generic_baseblocks_v2_1_vl_rfs.v:2133]
INFO: [Synth 8-638] synthesizing module 'generic_baseblocks_v2_1_0_comparator_static__parameterized6' [/home/bma/git/fpga_design/redpitaya/demod_pid_vco_amp_mod_pid_only/demod_pid_vco_amp_mod_pid_only.srcs/sources_1/bd/demod_pid_vco_amp_mod_pid_only_wrapper/ipshared/7ee0/hdl/generic_baseblocks_v2_1_vl_rfs.v:2133]
INFO: [Synth 8-256] done synthesizing module 'generic_baseblocks_v2_1_0_comparator_static__parameterized6' (2#1) [/home/bma/git/fpga_design/redpitaya/demod_pid_vco_amp_mod_pid_only/demod_pid_vco_amp_mod_pid_only.srcs/sources_1/bd/demod_pid_vco_amp_mod_pid_only_wrapper/ipshared/7ee0/hdl/generic_baseblocks_v2_1_vl_rfs.v:2133]
INFO: [Synth 8-256] done synthesizing module 'axi_crossbar_v2_1_12_addr_decoder' (3#1) [/home/bma/git/fpga_design/redpitaya/demod_pid_vco_amp_mod_pid_only/demod_pid_vco_amp_mod_pid_only.srcs/sources_1/bd/demod_pid_vco_amp_mod_pid_only_wrapper/ipshared/896d/hdl/axi_crossbar_v2_1_vl_rfs.v:794]
INFO: [Synth 8-638] synthesizing module 'axi_crossbar_v2_1_12_decerr_slave' [/home/bma/git/fpga_design/redpitaya/demod_pid_vco_amp_mod_pid_only/demod_pid_vco_amp_mod_pid_only.srcs/sources_1/bd/demod_pid_vco_amp_mod_pid_only_wrapper/ipshared/896d/hdl/axi_crossbar_v2_1_vl_rfs.v:3500]
INFO: [Synth 8-256] done synthesizing module 'axi_crossbar_v2_1_12_decerr_slave' (4#1) [/home/bma/git/fpga_design/redpitaya/demod_pid_vco_amp_mod_pid_only/demod_pid_vco_amp_mod_pid_only.srcs/sources_1/bd/demod_pid_vco_amp_mod_pid_only_wrapper/ipshared/896d/hdl/axi_crossbar_v2_1_vl_rfs.v:3500]
INFO: [Synth 8-638] synthesizing module 'axi_crossbar_v2_1_12_addr_arbiter_sasd' [/home/bma/git/fpga_design/redpitaya/demod_pid_vco_amp_mod_pid_only/demod_pid_vco_amp_mod_pid_only.srcs/sources_1/bd/demod_pid_vco_amp_mod_pid_only_wrapper/ipshared/896d/hdl/axi_crossbar_v2_1_vl_rfs.v:65]
INFO: [Synth 8-256] done synthesizing module 'axi_crossbar_v2_1_12_addr_arbiter_sasd' (5#1) [/home/bma/git/fpga_design/redpitaya/demod_pid_vco_amp_mod_pid_only/demod_pid_vco_amp_mod_pid_only.srcs/sources_1/bd/demod_pid_vco_amp_mod_pid_only_wrapper/ipshared/896d/hdl/axi_crossbar_v2_1_vl_rfs.v:65]
INFO: [Synth 8-638] synthesizing module 'axi_crossbar_v2_1_12_splitter' [/home/bma/git/fpga_design/redpitaya/demod_pid_vco_amp_mod_pid_only/demod_pid_vco_amp_mod_pid_only.srcs/sources_1/bd/demod_pid_vco_amp_mod_pid_only_wrapper/ipshared/896d/hdl/axi_crossbar_v2_1_vl_rfs.v:4459]
INFO: [Synth 8-256] done synthesizing module 'axi_crossbar_v2_1_12_splitter' (6#1) [/home/bma/git/fpga_design/redpitaya/demod_pid_vco_amp_mod_pid_only/demod_pid_vco_amp_mod_pid_only.srcs/sources_1/bd/demod_pid_vco_amp_mod_pid_only_wrapper/ipshared/896d/hdl/axi_crossbar_v2_1_vl_rfs.v:4459]
INFO: [Synth 8-638] synthesizing module 'axi_crossbar_v2_1_12_splitter__parameterized0' [/home/bma/git/fpga_design/redpitaya/demod_pid_vco_amp_mod_pid_only/demod_pid_vco_amp_mod_pid_only.srcs/sources_1/bd/demod_pid_vco_amp_mod_pid_only_wrapper/ipshared/896d/hdl/axi_crossbar_v2_1_vl_rfs.v:4459]
INFO: [Synth 8-256] done synthesizing module 'axi_crossbar_v2_1_12_splitter__parameterized0' (6#1) [/home/bma/git/fpga_design/redpitaya/demod_pid_vco_amp_mod_pid_only/demod_pid_vco_amp_mod_pid_only.srcs/sources_1/bd/demod_pid_vco_amp_mod_pid_only_wrapper/ipshared/896d/hdl/axi_crossbar_v2_1_vl_rfs.v:4459]
INFO: [Synth 8-638] synthesizing module 'generic_baseblocks_v2_1_0_mux_enc' [/home/bma/git/fpga_design/redpitaya/demod_pid_vco_amp_mod_pid_only/demod_pid_vco_amp_mod_pid_only.srcs/sources_1/bd/demod_pid_vco_amp_mod_pid_only_wrapper/ipshared/7ee0/hdl/generic_baseblocks_v2_1_vl_rfs.v:2452]
INFO: [Synth 8-256] done synthesizing module 'generic_baseblocks_v2_1_0_mux_enc' (7#1) [/home/bma/git/fpga_design/redpitaya/demod_pid_vco_amp_mod_pid_only/demod_pid_vco_amp_mod_pid_only.srcs/sources_1/bd/demod_pid_vco_amp_mod_pid_only_wrapper/ipshared/7ee0/hdl/generic_baseblocks_v2_1_vl_rfs.v:2452]
INFO: [Synth 8-638] synthesizing module 'generic_baseblocks_v2_1_0_mux_enc__parameterized0' [/home/bma/git/fpga_design/redpitaya/demod_pid_vco_amp_mod_pid_only/demod_pid_vco_amp_mod_pid_only.srcs/sources_1/bd/demod_pid_vco_amp_mod_pid_only_wrapper/ipshared/7ee0/hdl/generic_baseblocks_v2_1_vl_rfs.v:2452]
INFO: [Synth 8-256] done synthesizing module 'generic_baseblocks_v2_1_0_mux_enc__parameterized0' (7#1) [/home/bma/git/fpga_design/redpitaya/demod_pid_vco_amp_mod_pid_only/demod_pid_vco_amp_mod_pid_only.srcs/sources_1/bd/demod_pid_vco_amp_mod_pid_only_wrapper/ipshared/7ee0/hdl/generic_baseblocks_v2_1_vl_rfs.v:2452]
INFO: [Synth 8-638] synthesizing module 'generic_baseblocks_v2_1_0_mux_enc__parameterized1' [/home/bma/git/fpga_design/redpitaya/demod_pid_vco_amp_mod_pid_only/demod_pid_vco_amp_mod_pid_only.srcs/sources_1/bd/demod_pid_vco_amp_mod_pid_only_wrapper/ipshared/7ee0/hdl/generic_baseblocks_v2_1_vl_rfs.v:2452]
INFO: [Synth 8-256] done synthesizing module 'generic_baseblocks_v2_1_0_mux_enc__parameterized1' (7#1) [/home/bma/git/fpga_design/redpitaya/demod_pid_vco_amp_mod_pid_only/demod_pid_vco_amp_mod_pid_only.srcs/sources_1/bd/demod_pid_vco_amp_mod_pid_only_wrapper/ipshared/7ee0/hdl/generic_baseblocks_v2_1_vl_rfs.v:2452]
INFO: [Synth 8-638] synthesizing module 'generic_baseblocks_v2_1_0_mux_enc__parameterized2' [/home/bma/git/fpga_design/redpitaya/demod_pid_vco_amp_mod_pid_only/demod_pid_vco_amp_mod_pid_only.srcs/sources_1/bd/demod_pid_vco_amp_mod_pid_only_wrapper/ipshared/7ee0/hdl/generic_baseblocks_v2_1_vl_rfs.v:2452]
INFO: [Synth 8-256] done synthesizing module 'generic_baseblocks_v2_1_0_mux_enc__parameterized2' (7#1) [/home/bma/git/fpga_design/redpitaya/demod_pid_vco_amp_mod_pid_only/demod_pid_vco_amp_mod_pid_only.srcs/sources_1/bd/demod_pid_vco_amp_mod_pid_only_wrapper/ipshared/7ee0/hdl/generic_baseblocks_v2_1_vl_rfs.v:2452]
INFO: [Synth 8-638] synthesizing module 'axi_register_slice_v2_1_11_axic_register_slice' [/home/bma/git/fpga_design/redpitaya/demod_pid_vco_amp_mod_pid_only/demod_pid_vco_amp_mod_pid_only.srcs/sources_1/bd/demod_pid_vco_amp_mod_pid_only_wrapper/ipshared/0b6b/hdl/axi_register_slice_v2_1_vl_rfs.v:85]
INFO: [Synth 8-256] done synthesizing module 'axi_register_slice_v2_1_11_axic_register_slice' (8#1) [/home/bma/git/fpga_design/redpitaya/demod_pid_vco_amp_mod_pid_only/demod_pid_vco_amp_mod_pid_only.srcs/sources_1/bd/demod_pid_vco_amp_mod_pid_only_wrapper/ipshared/0b6b/hdl/axi_register_slice_v2_1_vl_rfs.v:85]
INFO: [Synth 8-638] synthesizing module 'generic_baseblocks_v2_1_0_mux_enc__parameterized3' [/home/bma/git/fpga_design/redpitaya/demod_pid_vco_amp_mod_pid_only/demod_pid_vco_amp_mod_pid_only.srcs/sources_1/bd/demod_pid_vco_amp_mod_pid_only_wrapper/ipshared/7ee0/hdl/generic_baseblocks_v2_1_vl_rfs.v:2452]
INFO: [Synth 8-256] done synthesizing module 'generic_baseblocks_v2_1_0_mux_enc__parameterized3' (8#1) [/home/bma/git/fpga_design/redpitaya/demod_pid_vco_amp_mod_pid_only/demod_pid_vco_amp_mod_pid_only.srcs/sources_1/bd/demod_pid_vco_amp_mod_pid_only_wrapper/ipshared/7ee0/hdl/generic_baseblocks_v2_1_vl_rfs.v:2452]
INFO: [Synth 8-256] done synthesizing module 'axi_crossbar_v2_1_12_crossbar_sasd' (9#1) [/home/bma/git/fpga_design/redpitaya/demod_pid_vco_amp_mod_pid_only/demod_pid_vco_amp_mod_pid_only.srcs/sources_1/bd/demod_pid_vco_amp_mod_pid_only_wrapper/ipshared/896d/hdl/axi_crossbar_v2_1_vl_rfs.v:1240]
INFO: [Synth 8-256] done synthesizing module 'axi_crossbar_v2_1_12_axi_crossbar' (10#1) [/home/bma/git/fpga_design/redpitaya/demod_pid_vco_amp_mod_pid_only/demod_pid_vco_amp_mod_pid_only.srcs/sources_1/bd/demod_pid_vco_amp_mod_pid_only_wrapper/ipshared/896d/hdl/axi_crossbar_v2_1_vl_rfs.v:4882]
INFO: [Synth 8-256] done synthesizing module 'demod_pid_vco_amp_mod_pid_only_wrapper_tier2_xbar_2_0' (11#1) [/home/bma/git/fpga_design/redpitaya/demod_pid_vco_amp_mod_pid_only/demod_pid_vco_amp_mod_pid_only.srcs/sources_1/bd/demod_pid_vco_amp_mod_pid_only_wrapper/ip/demod_pid_vco_amp_mod_pid_only_wrapper_tier2_xbar_2_0/synth/demod_pid_vco_amp_mod_pid_only_wrapper_tier2_xbar_2_0.v:59]
Finished RTL Elaboration : Time (s): cpu = 00:00:46 ; elapsed = 00:00:56 . Memory (MB): peak = 1250.398 ; gain = 318.555 ; free physical = 1395 ; free virtual = 8914
Finished RTL Optimization Phase 1 : Time (s): cpu = 00:00:47 ; elapsed = 00:00:57 . Memory (MB): peak = 1250.398 ; gain = 318.555 ; free physical = 1391 ; free virtual = 8908
INFO: [Device 21-403] Loading part xc7z010clg400-1
Constraint Validation Runtime : Time (s): cpu = 00:00:00.17 ; elapsed = 00:00:00.18 . Memory (MB): peak = 1518.484 ; gain = 0.000 ; free physical = 957 ; free virtual = 8471
Finished Constraint Validation : Time (s): cpu = 00:01:17 ; elapsed = 00:01:31 . Memory (MB): peak = 1518.484 ; gain = 586.641 ; free physical = 695 ; free virtual = 8211
Finished Loading Part and Timing Information : Time (s): cpu = 00:01:17 ; elapsed = 00:01:31 . Memory (MB): peak = 1518.484 ; gain = 586.641 ; free physical = 695 ; free virtual = 8211
Finished applying 'set_property' XDC Constraints : Time (s): cpu = 00:01:17 ; elapsed = 00:01:31 . Memory (MB): peak = 1518.484 ; gain = 586.641 ; free physical = 695 ; free virtual = 8211
Finished RTL Optimization Phase 2 : Time (s): cpu = 00:01:18 ; elapsed = 00:01:32 . Memory (MB): peak = 1518.484 ; gain = 586.641 ; free physical = 684 ; free virtual = 8201
Finished Cross Boundary and Area Optimization : Time (s): cpu = 00:01:21 ; elapsed = 00:01:35 . Memory (MB): peak = 1518.484 ; gain = 586.641 ; free physical = 617 ; free virtual = 8133
Finished Applying XDC Timing Constraints : Time (s): cpu = 00:01:48 ; elapsed = 00:02:04 . Memory (MB): peak = 1518.484 ; gain = 586.641 ; free physical = 218 ; free virtual = 7735
Finished Timing Optimization : Time (s): cpu = 00:01:51 ; elapsed = 00:02:08 . Memory (MB): peak = 1518.484 ; gain = 586.641 ; free physical = 190 ; free virtual = 7707
Finished Technology Mapping : Time (s): cpu = 00:01:51 ; elapsed = 00:02:08 . Memory (MB): peak = 1526.492 ; gain = 594.648 ; free physical = 177 ; free virtual = 7693
Finished IO Insertion : Time (s): cpu = 00:01:53 ; elapsed = 00:02:10 . Memory (MB): peak = 1526.492 ; gain = 594.648 ; free physical = 152 ; free virtual = 7666
Finished Renaming Generated Instances : Time (s): cpu = 00:01:53 ; elapsed = 00:02:10 . Memory (MB): peak = 1526.492 ; gain = 594.648 ; free physical = 151 ; free virtual = 7665
Finished Rebuilding User Hierarchy : Time (s): cpu = 00:01:53 ; elapsed = 00:02:10 . Memory (MB): peak = 1526.492 ; gain = 594.648 ; free physical = 134 ; free virtual = 7649
Finished Renaming Generated Ports : Time (s): cpu = 00:01:53 ; elapsed = 00:02:10 . Memory (MB): peak = 1526.492 ; gain = 594.648 ; free physical = 133 ; free virtual = 7649
Finished Handling Custom Attributes : Time (s): cpu = 00:01:53 ; elapsed = 00:02:10 . Memory (MB): peak = 1526.492 ; gain = 594.648 ; free physical = 128 ; free virtual = 7645
Finished Renaming Generated Nets : Time (s): cpu = 00:01:53 ; elapsed = 00:02:10 . Memory (MB): peak = 1526.492 ; gain = 594.648 ; free physical = 128 ; free virtual = 7644

Report Cell Usage: 
+------+-----+------+
|      |Cell |Count |
+------+-----+------+
|1     |LUT1 |     2|
|2     |LUT2 |    18|
|3     |LUT3 |    47|
|4     |LUT4 |    69|
|5     |LUT5 |    66|
|6     |LUT6 |   153|
|7     |FDRE |   138|
+------+-----+------+
Finished Writing Synthesis Report : Time (s): cpu = 00:01:53 ; elapsed = 00:02:10 . Memory (MB): peak = 1526.492 ; gain = 594.648 ; free physical = 128 ; free virtual = 7644
synth_design: Time (s): cpu = 00:01:41 ; elapsed = 00:01:55 . Memory (MB): peak = 1526.500 ; gain = 486.152 ; free physical = 130 ; free virtual = 7537
