
*** Running vivado
    with args -log vco_only_wrapper_xlconstant_0_1.vds -m64 -product Vivado -mode batch -messageDb vivado.pb -notrace -source vco_only_wrapper_xlconstant_0_1.tcl

awk: symbol lookup error: awk: undefined symbol: mpfr_z_sub

****** Vivado v2016.4 (64-bit)
  **** SW Build 1733598 on Wed Dec 14 22:35:42 MST 2016
  **** IP Build 1731160 on Wed Dec 14 23:47:21 MST 2016
    ** Copyright 1986-2016 Xilinx, Inc. All Rights Reserved.

source vco_only_wrapper_xlconstant_0_1.tcl -notrace
awk: symbol lookup error: awk: undefined symbol: mpfr_z_sub
Starting RTL Elaboration : Time (s): cpu = 00:00:16 ; elapsed = 00:00:16 . Memory (MB): peak = 1113.262 ; gain = 182.086 ; free physical = 2580 ; free virtual = 13542
INFO: [Synth 8-638] synthesizing module 'vco_only_wrapper_xlconstant_0_1' [/home/bma/git/fpga_design/redpitaya/vco_only/vco_only.srcs/sources_1/bd/vco_only_wrapper/ip/vco_only_wrapper_xlconstant_0_1/sim/vco_only_wrapper_xlconstant_0_1.v:56]
INFO: [Synth 8-638] synthesizing module 'xlconstant' [/home/bma/git/fpga_design/redpitaya/vco_only/vco_only.srcs/sources_1/bd/vco_only_wrapper/ipshared/e147/xlconstant.v:23]
INFO: [Synth 8-256] done synthesizing module 'xlconstant' (1#1) [/home/bma/git/fpga_design/redpitaya/vco_only/vco_only.srcs/sources_1/bd/vco_only_wrapper/ipshared/e147/xlconstant.v:23]
INFO: [Synth 8-256] done synthesizing module 'vco_only_wrapper_xlconstant_0_1' (2#1) [/home/bma/git/fpga_design/redpitaya/vco_only/vco_only.srcs/sources_1/bd/vco_only_wrapper/ip/vco_only_wrapper_xlconstant_0_1/sim/vco_only_wrapper_xlconstant_0_1.v:56]
Finished RTL Elaboration : Time (s): cpu = 00:00:17 ; elapsed = 00:00:18 . Memory (MB): peak = 1153.730 ; gain = 222.555 ; free physical = 2495 ; free virtual = 13459
Finished RTL Optimization Phase 1 : Time (s): cpu = 00:00:17 ; elapsed = 00:00:18 . Memory (MB): peak = 1153.730 ; gain = 222.555 ; free physical = 2490 ; free virtual = 13454
INFO: [Device 21-403] Loading part xc7z010clg400-1
Constraint Validation Runtime : Time (s): cpu = 00:00:00.01 ; elapsed = 00:00:00.01 . Memory (MB): peak = 1391.891 ; gain = 0.000 ; free physical = 2143 ; free virtual = 13153
Finished Constraint Validation : Time (s): cpu = 00:00:33 ; elapsed = 00:00:34 . Memory (MB): peak = 1391.891 ; gain = 460.715 ; free physical = 2135 ; free virtual = 13145
Finished Loading Part and Timing Information : Time (s): cpu = 00:00:33 ; elapsed = 00:00:34 . Memory (MB): peak = 1391.891 ; gain = 460.715 ; free physical = 2135 ; free virtual = 13145
Finished applying 'set_property' XDC Constraints : Time (s): cpu = 00:00:33 ; elapsed = 00:00:34 . Memory (MB): peak = 1391.891 ; gain = 460.715 ; free physical = 2135 ; free virtual = 13145
Finished RTL Optimization Phase 2 : Time (s): cpu = 00:00:33 ; elapsed = 00:00:34 . Memory (MB): peak = 1391.891 ; gain = 460.715 ; free physical = 2135 ; free virtual = 13145
Finished Cross Boundary and Area Optimization : Time (s): cpu = 00:00:34 ; elapsed = 00:00:34 . Memory (MB): peak = 1391.891 ; gain = 460.715 ; free physical = 2126 ; free virtual = 13137
Finished Applying XDC Timing Constraints : Time (s): cpu = 00:00:49 ; elapsed = 00:00:49 . Memory (MB): peak = 1435.891 ; gain = 504.715 ; free physical = 2016 ; free virtual = 13036
Finished Timing Optimization : Time (s): cpu = 00:00:49 ; elapsed = 00:00:49 . Memory (MB): peak = 1435.891 ; gain = 504.715 ; free physical = 2016 ; free virtual = 13035
Finished Technology Mapping : Time (s): cpu = 00:00:49 ; elapsed = 00:00:49 . Memory (MB): peak = 1445.906 ; gain = 514.730 ; free physical = 2006 ; free virtual = 13026
Finished IO Insertion : Time (s): cpu = 00:00:49 ; elapsed = 00:00:50 . Memory (MB): peak = 1445.906 ; gain = 514.730 ; free physical = 1968 ; free virtual = 12987
Finished Renaming Generated Instances : Time (s): cpu = 00:00:49 ; elapsed = 00:00:50 . Memory (MB): peak = 1445.906 ; gain = 514.730 ; free physical = 1968 ; free virtual = 12987
Finished Rebuilding User Hierarchy : Time (s): cpu = 00:00:49 ; elapsed = 00:00:50 . Memory (MB): peak = 1445.906 ; gain = 514.730 ; free physical = 1968 ; free virtual = 12987
Finished Renaming Generated Ports : Time (s): cpu = 00:00:49 ; elapsed = 00:00:50 . Memory (MB): peak = 1445.906 ; gain = 514.730 ; free physical = 1968 ; free virtual = 12987
Finished Handling Custom Attributes : Time (s): cpu = 00:00:50 ; elapsed = 00:00:50 . Memory (MB): peak = 1445.906 ; gain = 514.730 ; free physical = 1967 ; free virtual = 12986
Finished Renaming Generated Nets : Time (s): cpu = 00:00:50 ; elapsed = 00:00:50 . Memory (MB): peak = 1445.906 ; gain = 514.730 ; free physical = 1967 ; free virtual = 12986

Report Cell Usage: 
+-+-----+------+
| |Cell |Count |
+-+-----+------+
+-+-----+------+
Finished Writing Synthesis Report : Time (s): cpu = 00:00:50 ; elapsed = 00:00:50 . Memory (MB): peak = 1445.906 ; gain = 514.730 ; free physical = 1967 ; free virtual = 12986
synth_design: Time (s): cpu = 00:00:43 ; elapsed = 00:00:43 . Memory (MB): peak = 1458.906 ; gain = 426.227 ; free physical = 1960 ; free virtual = 12983
