
*** Running vivado
    with args -log adc2dac_ram_offset_ad9767_0_0.vds -m64 -product Vivado -mode batch -messageDb vivado.pb -notrace -source adc2dac_ram_offset_ad9767_0_0.tcl

awk: symbol lookup error: awk: undefined symbol: mpfr_z_sub

****** Vivado v2016.4 (64-bit)
  **** SW Build 1733598 on Wed Dec 14 22:35:42 MST 2016
  **** IP Build 1731160 on Wed Dec 14 23:47:21 MST 2016
    ** Copyright 1986-2016 Xilinx, Inc. All Rights Reserved.

source adc2dac_ram_offset_ad9767_0_0.tcl -notrace
Command: synth_design -top adc2dac_ram_offset_ad9767_0_0 -part xc7z010clg400-1 -mode out_of_context
Starting synth_design
Attempting to get a license for feature 'Synthesis' and/or device 'xc7z010'
INFO: [Common 17-349] Got license for feature 'Synthesis' and/or device 'xc7z010'
INFO: Launching helper process for spawning children vivado processes
INFO: Helper process launched with PID 3814 
awk: symbol lookup error: awk: undefined symbol: mpfr_z_sub
---------------------------------------------------------------------------------
Starting RTL Elaboration : Time (s): cpu = 00:00:24 ; elapsed = 00:00:26 . Memory (MB): peak = 1107.184 ; gain = 178.086 ; free physical = 3323 ; free virtual = 13547
---------------------------------------------------------------------------------
INFO: [Synth 8-638] synthesizing module 'adc2dac_ram_offset_ad9767_0_0' [/home/bma/Documents/BPT_sync/Work/5-ED_SPIM/Work/git/fpga_design/redpitaya/adc2dac_ram_offset/adc2dac_ram_offset/adc2dac_ram_offset.srcs/sources_1/bd/adc2dac_ram_offset/ip/adc2dac_ram_offset_ad9767_0_0/synth/adc2dac_ram_offset_ad9767_0_0.v:56]
INFO: [Synth 8-638] synthesizing module 'ad9767' [/home/bma/Documents/BPT_sync/Work/5-ED_SPIM/Work/git/fpga_design/redpitaya/adc2dac_ram_offset/adc2dac_ram_offset/adc2dac_ram_offset.srcs/sources_1/bd/adc2dac_ram_offset/ipshared/1c5a/hdl/ad9767.v:1]
INFO: [Synth 8-638] synthesizing module 'ODDR' [/opt/Xilinx/Vivado/2016.4/scripts/rt/data/unisim_comp.v:25305]
	Parameter DDR_CLK_EDGE bound to: OPPOSITE_EDGE - type: string 
	Parameter INIT bound to: 1'b0 
	Parameter IS_C_INVERTED bound to: 1'b0 
	Parameter IS_D1_INVERTED bound to: 1'b0 
	Parameter IS_D2_INVERTED bound to: 1'b0 
	Parameter SRTYPE bound to: SYNC - type: string 
INFO: [Synth 8-256] done synthesizing module 'ODDR' (1#1) [/opt/Xilinx/Vivado/2016.4/scripts/rt/data/unisim_comp.v:25305]
INFO: [Synth 8-256] done synthesizing module 'ad9767' (2#1) [/home/bma/Documents/BPT_sync/Work/5-ED_SPIM/Work/git/fpga_design/redpitaya/adc2dac_ram_offset/adc2dac_ram_offset/adc2dac_ram_offset.srcs/sources_1/bd/adc2dac_ram_offset/ipshared/1c5a/hdl/ad9767.v:1]
INFO: [Synth 8-256] done synthesizing module 'adc2dac_ram_offset_ad9767_0_0' (3#1) [/home/bma/Documents/BPT_sync/Work/5-ED_SPIM/Work/git/fpga_design/redpitaya/adc2dac_ram_offset/adc2dac_ram_offset/adc2dac_ram_offset.srcs/sources_1/bd/adc2dac_ram_offset/ip/adc2dac_ram_offset_ad9767_0_0/synth/adc2dac_ram_offset_ad9767_0_0.v:56]
WARNING: [Synth 8-3331] design ad9767 has unconnected port dac_dat_a_rst_i
WARNING: [Synth 8-3331] design ad9767 has unconnected port dac_dat_b_rst_i
---------------------------------------------------------------------------------
Finished RTL Elaboration : Time (s): cpu = 00:00:26 ; elapsed = 00:00:29 . Memory (MB): peak = 1148.652 ; gain = 219.555 ; free physical = 3222 ; free virtual = 13448
---------------------------------------------------------------------------------

Report Check Netlist: 
+------+------------------+-------+---------+-------+------------------+
|      |Item              |Errors |Warnings |Status |Description       |
+------+------------------+-------+---------+-------+------------------+
|1     |multi_driven_nets |      0|        0|Passed |Multi driven nets |
+------+------------------+-------+---------+-------+------------------+
---------------------------------------------------------------------------------
Finished RTL Optimization Phase 1 : Time (s): cpu = 00:00:27 ; elapsed = 00:00:29 . Memory (MB): peak = 1148.652 ; gain = 219.555 ; free physical = 3198 ; free virtual = 13424
---------------------------------------------------------------------------------
INFO: [Netlist 29-17] Analyzing 18 Unisim elements for replacement
INFO: [Netlist 29-28] Unisim Transformation completed in 0 CPU seconds
INFO: [Device 21-403] Loading part xc7z010clg400-1
INFO: [Project 1-570] Preparing netlist for logic optimization

Processing XDC Constraints
Initializing timing engine
Completed Processing XDC Constraints

INFO: [Project 1-111] Unisim Transformation Summary:
No Unisim elements were transformed.

Constraint Validation Runtime : Time (s): cpu = 00:00:00.03 ; elapsed = 00:00:00.03 . Memory (MB): peak = 1461.812 ; gain = 1.000 ; free physical = 2574 ; free virtual = 12846
---------------------------------------------------------------------------------
Finished Constraint Validation : Time (s): cpu = 00:00:53 ; elapsed = 00:00:57 . Memory (MB): peak = 1461.812 ; gain = 532.715 ; free physical = 2435 ; free virtual = 12711
---------------------------------------------------------------------------------
---------------------------------------------------------------------------------
Start Loading Part and Timing Information
---------------------------------------------------------------------------------
Loading part: xc7z010clg400-1
---------------------------------------------------------------------------------
Finished Loading Part and Timing Information : Time (s): cpu = 00:00:53 ; elapsed = 00:00:57 . Memory (MB): peak = 1461.812 ; gain = 532.715 ; free physical = 2435 ; free virtual = 12711
---------------------------------------------------------------------------------
---------------------------------------------------------------------------------
Start Applying 'set_property' XDC Constraints
---------------------------------------------------------------------------------
---------------------------------------------------------------------------------
Finished applying 'set_property' XDC Constraints : Time (s): cpu = 00:00:53 ; elapsed = 00:00:57 . Memory (MB): peak = 1461.812 ; gain = 532.715 ; free physical = 2435 ; free virtual = 12711
---------------------------------------------------------------------------------
---------------------------------------------------------------------------------
Finished RTL Optimization Phase 2 : Time (s): cpu = 00:00:53 ; elapsed = 00:00:57 . Memory (MB): peak = 1461.812 ; gain = 532.715 ; free physical = 2427 ; free virtual = 12703
---------------------------------------------------------------------------------

Report RTL Partitions: 
+-+--------------+------------+----------+
| |RTL Partition |Replication |Instances |
+-+--------------+------------+----------+
+-+--------------+------------+----------+
---------------------------------------------------------------------------------
Start RTL Component Statistics 
---------------------------------------------------------------------------------
Detailed RTL Component Info : 
+---Registers : 
	               14 Bit    Registers := 4     
	                1 Bit    Registers := 1     
---------------------------------------------------------------------------------
Finished RTL Component Statistics 
---------------------------------------------------------------------------------
---------------------------------------------------------------------------------
Start RTL Hierarchical Component Statistics 
---------------------------------------------------------------------------------
Hierarchical RTL Component report 
Module ad9767 
Detailed RTL Component Info : 
+---Registers : 
	               14 Bit    Registers := 4     
	                1 Bit    Registers := 1     
---------------------------------------------------------------------------------
Finished RTL Hierarchical Component Statistics
---------------------------------------------------------------------------------
---------------------------------------------------------------------------------
Start Part Resource Summary
---------------------------------------------------------------------------------
Part Resources:
DSPs: 80 (col length:40)
BRAMs: 120 (col length: RAMB18 40 RAMB36 20)
---------------------------------------------------------------------------------
Finished Part Resource Summary
---------------------------------------------------------------------------------
---------------------------------------------------------------------------------
Start Cross Boundary and Area Optimization
---------------------------------------------------------------------------------
WARNING: [Synth 8-3331] design adc2dac_ram_offset_ad9767_0_0 has unconnected port dac_dat_a_rst_i
WARNING: [Synth 8-3331] design adc2dac_ram_offset_ad9767_0_0 has unconnected port dac_dat_b_rst_i
---------------------------------------------------------------------------------
Finished Cross Boundary and Area Optimization : Time (s): cpu = 00:00:54 ; elapsed = 00:00:58 . Memory (MB): peak = 1461.812 ; gain = 532.715 ; free physical = 2386 ; free virtual = 12670
---------------------------------------------------------------------------------

Report RTL Partitions: 
+-+--------------+------------+----------+
| |RTL Partition |Replication |Instances |
+-+--------------+------------+----------+
+-+--------------+------------+----------+
---------------------------------------------------------------------------------
Start Timing Optimization
---------------------------------------------------------------------------------
---------------------------------------------------------------------------------
Start Applying XDC Timing Constraints
---------------------------------------------------------------------------------
---------------------------------------------------------------------------------
Finished Applying XDC Timing Constraints : Time (s): cpu = 00:01:18 ; elapsed = 00:01:24 . Memory (MB): peak = 1461.812 ; gain = 532.715 ; free physical = 2244 ; free virtual = 12528
---------------------------------------------------------------------------------
---------------------------------------------------------------------------------
Finished Timing Optimization : Time (s): cpu = 00:01:18 ; elapsed = 00:01:24 . Memory (MB): peak = 1461.812 ; gain = 532.715 ; free physical = 2244 ; free virtual = 12528
---------------------------------------------------------------------------------

Report RTL Partitions: 
+-+--------------+------------+----------+
| |RTL Partition |Replication |Instances |
+-+--------------+------------+----------+
+-+--------------+------------+----------+
---------------------------------------------------------------------------------
Start Technology Mapping
---------------------------------------------------------------------------------
---------------------------------------------------------------------------------
Finished Technology Mapping : Time (s): cpu = 00:01:18 ; elapsed = 00:01:24 . Memory (MB): peak = 1469.820 ; gain = 540.723 ; free physical = 2226 ; free virtual = 12511
---------------------------------------------------------------------------------

Report RTL Partitions: 
+-+--------------+------------+----------+
| |RTL Partition |Replication |Instances |
+-+--------------+------------+----------+
+-+--------------+------------+----------+
---------------------------------------------------------------------------------
Start IO Insertion
---------------------------------------------------------------------------------
---------------------------------------------------------------------------------
Start Flattening Before IO Insertion
---------------------------------------------------------------------------------
---------------------------------------------------------------------------------
Finished Flattening Before IO Insertion
---------------------------------------------------------------------------------
---------------------------------------------------------------------------------
Start Final Netlist Cleanup
---------------------------------------------------------------------------------
---------------------------------------------------------------------------------
Finished Final Netlist Cleanup
---------------------------------------------------------------------------------
---------------------------------------------------------------------------------
Finished IO Insertion : Time (s): cpu = 00:01:20 ; elapsed = 00:01:26 . Memory (MB): peak = 1469.820 ; gain = 540.723 ; free physical = 2190 ; free virtual = 12475
---------------------------------------------------------------------------------

Report Check Netlist: 
+------+------------------+-------+---------+-------+------------------+
|      |Item              |Errors |Warnings |Status |Description       |
+------+------------------+-------+---------+-------+------------------+
|1     |multi_driven_nets |      0|        0|Passed |Multi driven nets |
+------+------------------+-------+---------+-------+------------------+
---------------------------------------------------------------------------------
Start Renaming Generated Instances
---------------------------------------------------------------------------------
---------------------------------------------------------------------------------
Finished Renaming Generated Instances : Time (s): cpu = 00:01:20 ; elapsed = 00:01:26 . Memory (MB): peak = 1469.820 ; gain = 540.723 ; free physical = 2190 ; free virtual = 12475
---------------------------------------------------------------------------------

Report RTL Partitions: 
+-+--------------+------------+----------+
| |RTL Partition |Replication |Instances |
+-+--------------+------------+----------+
+-+--------------+------------+----------+
---------------------------------------------------------------------------------
Start Rebuilding User Hierarchy
---------------------------------------------------------------------------------
---------------------------------------------------------------------------------
Finished Rebuilding User Hierarchy : Time (s): cpu = 00:01:20 ; elapsed = 00:01:26 . Memory (MB): peak = 1469.820 ; gain = 540.723 ; free physical = 2190 ; free virtual = 12475
---------------------------------------------------------------------------------
---------------------------------------------------------------------------------
Start Renaming Generated Ports
---------------------------------------------------------------------------------
---------------------------------------------------------------------------------
Finished Renaming Generated Ports : Time (s): cpu = 00:01:20 ; elapsed = 00:01:26 . Memory (MB): peak = 1469.820 ; gain = 540.723 ; free physical = 2190 ; free virtual = 12475
---------------------------------------------------------------------------------
---------------------------------------------------------------------------------
Start Handling Custom Attributes
---------------------------------------------------------------------------------
---------------------------------------------------------------------------------
Finished Handling Custom Attributes : Time (s): cpu = 00:01:20 ; elapsed = 00:01:26 . Memory (MB): peak = 1469.820 ; gain = 540.723 ; free physical = 2187 ; free virtual = 12473
---------------------------------------------------------------------------------
---------------------------------------------------------------------------------
Start Renaming Generated Nets
---------------------------------------------------------------------------------
---------------------------------------------------------------------------------
Finished Renaming Generated Nets : Time (s): cpu = 00:01:20 ; elapsed = 00:01:26 . Memory (MB): peak = 1469.820 ; gain = 540.723 ; free physical = 2187 ; free virtual = 12472
---------------------------------------------------------------------------------
---------------------------------------------------------------------------------
Start Writing Synthesis Report
---------------------------------------------------------------------------------

Report BlackBoxes: 
+-+--------------+----------+
| |BlackBox name |Instances |
+-+--------------+----------+
+-+--------------+----------+

Report Cell Usage: 
+------+-----+------+
|      |Cell |Count |
+------+-----+------+
|1     |LUT1 |    27|
|2     |ODDR |    18|
|3     |FDRE |    57|
+------+-----+------+

Report Instance Areas: 
+------+---------+-------+------+
|      |Instance |Module |Cells |
+------+---------+-------+------+
|1     |top      |       |   102|
|2     |  inst   |ad9767 |   102|
+------+---------+-------+------+
---------------------------------------------------------------------------------
Finished Writing Synthesis Report : Time (s): cpu = 00:01:20 ; elapsed = 00:01:26 . Memory (MB): peak = 1469.820 ; gain = 540.723 ; free physical = 2187 ; free virtual = 12472
---------------------------------------------------------------------------------
Synthesis finished with 0 errors, 0 critical warnings and 2 warnings.
Synthesis Optimization Runtime : Time (s): cpu = 00:00:53 ; elapsed = 00:00:56 . Memory (MB): peak = 1469.820 ; gain = 116.473 ; free physical = 2175 ; free virtual = 12460
Synthesis Optimization Complete : Time (s): cpu = 00:01:20 ; elapsed = 00:01:26 . Memory (MB): peak = 1469.828 ; gain = 540.730 ; free physical = 2175 ; free virtual = 12460
INFO: [Project 1-571] Translating synthesized netlist
INFO: [Netlist 29-17] Analyzing 18 Unisim elements for replacement
INFO: [Netlist 29-28] Unisim Transformation completed in 0 CPU seconds
INFO: [Project 1-570] Preparing netlist for logic optimization
INFO: [Opt 31-138] Pushed 0 inverter(s) to 0 load pin(s).
INFO: [Project 1-111] Unisim Transformation Summary:
No Unisim elements were transformed.

INFO: [Common 17-83] Releasing license: Synthesis
19 Infos, 4 Warnings, 0 Critical Warnings and 0 Errors encountered.
synth_design completed successfully
synth_design: Time (s): cpu = 00:01:10 ; elapsed = 00:01:15 . Memory (MB): peak = 1469.828 ; gain = 442.227 ; free physical = 2160 ; free virtual = 12448
INFO: [Common 17-1381] The checkpoint '/home/bma/Documents/BPT_sync/Work/5-ED_SPIM/Work/git/fpga_design/redpitaya/adc2dac_ram_offset/adc2dac_ram_offset/adc2dac_ram_offset.runs/adc2dac_ram_offset_ad9767_0_0_synth_1/adc2dac_ram_offset_ad9767_0_0.dcp' has been generated.
INFO: [Common 17-1381] The checkpoint '/home/bma/Documents/BPT_sync/Work/5-ED_SPIM/Work/git/fpga_design/redpitaya/adc2dac_ram_offset/adc2dac_ram_offset/adc2dac_ram_offset.runs/adc2dac_ram_offset_ad9767_0_0_synth_1/adc2dac_ram_offset_ad9767_0_0.dcp' has been generated.
report_utilization: Time (s): cpu = 00:00:00.14 ; elapsed = 00:00:00.20 . Memory (MB): peak = 1469.828 ; gain = 0.000 ; free physical = 2676 ; free virtual = 12975
INFO: [Common 17-206] Exiting Vivado at Thu Feb  9 10:16:18 2017...
