
*** Running vivado
    with args -log demod_pid_vco_amp_mod_pid_only_wrapper_dupplReal_1_to_2_1_0.vds -m64 -product Vivado -mode batch -messageDb vivado.pb -notrace -source demod_pid_vco_amp_mod_pid_only_wrapper_dupplReal_1_to_2_1_0.tcl


****** Vivado v2016.4 (64-bit)
  **** SW Build 1733598 on Wed Dec 14 22:35:42 MST 2016
  **** IP Build 1731160 on Wed Dec 14 23:47:21 MST 2016
    ** Copyright 1986-2016 Xilinx, Inc. All Rights Reserved.

source demod_pid_vco_amp_mod_pid_only_wrapper_dupplReal_1_to_2_1_0.tcl -notrace
Command: synth_design -top demod_pid_vco_amp_mod_pid_only_wrapper_dupplReal_1_to_2_1_0 -part xc7z010clg400-1 -mode out_of_context
Starting synth_design
Attempting to get a license for feature 'Synthesis' and/or device 'xc7z010'
INFO: [Common 17-349] Got license for feature 'Synthesis' and/or device 'xc7z010'
INFO: Launching helper process for spawning children vivado processes
INFO: Helper process launched with PID 31536 
---------------------------------------------------------------------------------
Starting RTL Elaboration : Time (s): cpu = 00:00:27 ; elapsed = 00:00:32 . Memory (MB): peak = 1114.934 ; gain = 183.086 ; free physical = 623 ; free virtual = 8061
---------------------------------------------------------------------------------
INFO: [Synth 8-638] synthesizing module 'demod_pid_vco_amp_mod_pid_only_wrapper_dupplReal_1_to_2_1_0' [/home/bma/git/fpga_design/redpitaya/demod_pid_vco_amp_mod_pid_only/demod_pid_vco_amp_mod_pid_only.srcs/sources_1/bd/demod_pid_vco_amp_mod_pid_only_wrapper/ip/demod_pid_vco_amp_mod_pid_only_wrapper_dupplReal_1_to_2_1_0/synth/demod_pid_vco_amp_mod_pid_only_wrapper_dupplReal_1_to_2_1_0.vhd:76]
	Parameter DATA_SIZE bound to: 14 - type: integer 
INFO: [Synth 8-3491] module 'dupplReal_1_to_2' declared at '/home/bma/git/fpga_design/redpitaya/demod_pid_vco_amp_mod_pid_only/demod_pid_vco_amp_mod_pid_only.srcs/sources_1/bd/demod_pid_vco_amp_mod_pid_only_wrapper/ipshared/0e23/hdl/dupplReal_1_to_2.vhd:5' bound to instance 'U0' of component 'dupplReal_1_to_2' [/home/bma/git/fpga_design/redpitaya/demod_pid_vco_amp_mod_pid_only/demod_pid_vco_amp_mod_pid_only.srcs/sources_1/bd/demod_pid_vco_amp_mod_pid_only_wrapper/ip/demod_pid_vco_amp_mod_pid_only_wrapper_dupplReal_1_to_2_1_0/synth/demod_pid_vco_amp_mod_pid_only_wrapper_dupplReal_1_to_2_1_0.vhd:122]
INFO: [Synth 8-638] synthesizing module 'dupplReal_1_to_2' [/home/bma/git/fpga_design/redpitaya/demod_pid_vco_amp_mod_pid_only/demod_pid_vco_amp_mod_pid_only.srcs/sources_1/bd/demod_pid_vco_amp_mod_pid_only_wrapper/ipshared/0e23/hdl/dupplReal_1_to_2.vhd:30]
	Parameter DATA_SIZE bound to: 14 - type: integer 
INFO: [Synth 8-256] done synthesizing module 'dupplReal_1_to_2' (1#1) [/home/bma/git/fpga_design/redpitaya/demod_pid_vco_amp_mod_pid_only/demod_pid_vco_amp_mod_pid_only.srcs/sources_1/bd/demod_pid_vco_amp_mod_pid_only_wrapper/ipshared/0e23/hdl/dupplReal_1_to_2.vhd:30]
INFO: [Synth 8-256] done synthesizing module 'demod_pid_vco_amp_mod_pid_only_wrapper_dupplReal_1_to_2_1_0' (2#1) [/home/bma/git/fpga_design/redpitaya/demod_pid_vco_amp_mod_pid_only/demod_pid_vco_amp_mod_pid_only.srcs/sources_1/bd/demod_pid_vco_amp_mod_pid_only_wrapper/ip/demod_pid_vco_amp_mod_pid_only_wrapper_dupplReal_1_to_2_1_0/synth/demod_pid_vco_amp_mod_pid_only_wrapper_dupplReal_1_to_2_1_0.vhd:76]
---------------------------------------------------------------------------------
Finished RTL Elaboration : Time (s): cpu = 00:00:30 ; elapsed = 00:00:34 . Memory (MB): peak = 1156.402 ; gain = 224.555 ; free physical = 580 ; free virtual = 8018
---------------------------------------------------------------------------------

Report Check Netlist: 
+------+------------------+-------+---------+-------+------------------+
|      |Item              |Errors |Warnings |Status |Description       |
+------+------------------+-------+---------+-------+------------------+
|1     |multi_driven_nets |      0|        0|Passed |Multi driven nets |
+------+------------------+-------+---------+-------+------------------+
---------------------------------------------------------------------------------
Finished RTL Optimization Phase 1 : Time (s): cpu = 00:00:30 ; elapsed = 00:00:35 . Memory (MB): peak = 1156.402 ; gain = 224.555 ; free physical = 568 ; free virtual = 8006
---------------------------------------------------------------------------------
INFO: [Device 21-403] Loading part xc7z010clg400-1
INFO: [Project 1-570] Preparing netlist for logic optimization

Processing XDC Constraints
Initializing timing engine
Completed Processing XDC Constraints

INFO: [Project 1-111] Unisim Transformation Summary:
No Unisim elements were transformed.

Constraint Validation Runtime : Time (s): cpu = 00:00:00.02 ; elapsed = 00:00:00.03 . Memory (MB): peak = 1401.855 ; gain = 0.000 ; free physical = 805 ; free virtual = 8244
---------------------------------------------------------------------------------
Finished Constraint Validation : Time (s): cpu = 00:00:57 ; elapsed = 00:01:03 . Memory (MB): peak = 1401.855 ; gain = 470.008 ; free physical = 699 ; free virtual = 8138
---------------------------------------------------------------------------------
---------------------------------------------------------------------------------
Start Loading Part and Timing Information
---------------------------------------------------------------------------------
Loading part: xc7z010clg400-1
---------------------------------------------------------------------------------
Finished Loading Part and Timing Information : Time (s): cpu = 00:00:57 ; elapsed = 00:01:03 . Memory (MB): peak = 1401.855 ; gain = 470.008 ; free physical = 699 ; free virtual = 8138
---------------------------------------------------------------------------------
---------------------------------------------------------------------------------
Start Applying 'set_property' XDC Constraints
---------------------------------------------------------------------------------
---------------------------------------------------------------------------------
Finished applying 'set_property' XDC Constraints : Time (s): cpu = 00:00:57 ; elapsed = 00:01:03 . Memory (MB): peak = 1401.855 ; gain = 470.008 ; free physical = 699 ; free virtual = 8138
---------------------------------------------------------------------------------
---------------------------------------------------------------------------------
Finished RTL Optimization Phase 2 : Time (s): cpu = 00:00:57 ; elapsed = 00:01:03 . Memory (MB): peak = 1401.855 ; gain = 470.008 ; free physical = 699 ; free virtual = 8138
---------------------------------------------------------------------------------

Report RTL Partitions: 
+-+--------------+------------+----------+
| |RTL Partition |Replication |Instances |
+-+--------------+------------+----------+
+-+--------------+------------+----------+
---------------------------------------------------------------------------------
Start RTL Component Statistics 
---------------------------------------------------------------------------------
Detailed RTL Component Info : 
---------------------------------------------------------------------------------
Finished RTL Component Statistics 
---------------------------------------------------------------------------------
---------------------------------------------------------------------------------
Start RTL Hierarchical Component Statistics 
---------------------------------------------------------------------------------
Hierarchical RTL Component report 
---------------------------------------------------------------------------------
Finished RTL Hierarchical Component Statistics
---------------------------------------------------------------------------------
---------------------------------------------------------------------------------
Start Part Resource Summary
---------------------------------------------------------------------------------
Part Resources:
DSPs: 80 (col length:40)
BRAMs: 120 (col length: RAMB18 40 RAMB36 20)
---------------------------------------------------------------------------------
Finished Part Resource Summary
---------------------------------------------------------------------------------
---------------------------------------------------------------------------------
Start Cross Boundary and Area Optimization
---------------------------------------------------------------------------------
WARNING: [Synth 8-3330] design demod_pid_vco_amp_mod_pid_only_wrapper_dupplReal_1_to_2_1_0 has an empty top module
---------------------------------------------------------------------------------
Finished Cross Boundary and Area Optimization : Time (s): cpu = 00:00:58 ; elapsed = 00:01:04 . Memory (MB): peak = 1401.855 ; gain = 470.008 ; free physical = 667 ; free virtual = 8106
---------------------------------------------------------------------------------

Report RTL Partitions: 
+-+--------------+------------+----------+
| |RTL Partition |Replication |Instances |
+-+--------------+------------+----------+
+-+--------------+------------+----------+
---------------------------------------------------------------------------------
Start Timing Optimization
---------------------------------------------------------------------------------
---------------------------------------------------------------------------------
Start Applying XDC Timing Constraints
---------------------------------------------------------------------------------
---------------------------------------------------------------------------------
Finished Applying XDC Timing Constraints : Time (s): cpu = 00:01:17 ; elapsed = 00:01:24 . Memory (MB): peak = 1440.855 ; gain = 509.008 ; free physical = 994 ; free virtual = 8433
---------------------------------------------------------------------------------
---------------------------------------------------------------------------------
Finished Timing Optimization : Time (s): cpu = 00:01:17 ; elapsed = 00:01:24 . Memory (MB): peak = 1440.855 ; gain = 509.008 ; free physical = 994 ; free virtual = 8433
---------------------------------------------------------------------------------

Report RTL Partitions: 
+-+--------------+------------+----------+
| |RTL Partition |Replication |Instances |
+-+--------------+------------+----------+
+-+--------------+------------+----------+
---------------------------------------------------------------------------------
Start Technology Mapping
---------------------------------------------------------------------------------
---------------------------------------------------------------------------------
Finished Technology Mapping : Time (s): cpu = 00:01:17 ; elapsed = 00:01:24 . Memory (MB): peak = 1450.871 ; gain = 519.023 ; free physical = 985 ; free virtual = 8424
---------------------------------------------------------------------------------

Report RTL Partitions: 
+-+--------------+------------+----------+
| |RTL Partition |Replication |Instances |
+-+--------------+------------+----------+
+-+--------------+------------+----------+
---------------------------------------------------------------------------------
Start IO Insertion
---------------------------------------------------------------------------------
---------------------------------------------------------------------------------
Start Flattening Before IO Insertion
---------------------------------------------------------------------------------
---------------------------------------------------------------------------------
Finished Flattening Before IO Insertion
---------------------------------------------------------------------------------
---------------------------------------------------------------------------------
Start Final Netlist Cleanup
---------------------------------------------------------------------------------
---------------------------------------------------------------------------------
Finished Final Netlist Cleanup
---------------------------------------------------------------------------------
---------------------------------------------------------------------------------
Finished IO Insertion : Time (s): cpu = 00:01:18 ; elapsed = 00:01:25 . Memory (MB): peak = 1450.871 ; gain = 519.023 ; free physical = 985 ; free virtual = 8424
---------------------------------------------------------------------------------

Report Check Netlist: 
+------+------------------+-------+---------+-------+------------------+
|      |Item              |Errors |Warnings |Status |Description       |
+------+------------------+-------+---------+-------+------------------+
|1     |multi_driven_nets |      0|        0|Passed |Multi driven nets |
+------+------------------+-------+---------+-------+------------------+
---------------------------------------------------------------------------------
Start Renaming Generated Instances
---------------------------------------------------------------------------------
---------------------------------------------------------------------------------
Finished Renaming Generated Instances : Time (s): cpu = 00:01:18 ; elapsed = 00:01:25 . Memory (MB): peak = 1450.871 ; gain = 519.023 ; free physical = 985 ; free virtual = 8424
---------------------------------------------------------------------------------

Report RTL Partitions: 
+-+--------------+------------+----------+
| |RTL Partition |Replication |Instances |
+-+--------------+------------+----------+
+-+--------------+------------+----------+
---------------------------------------------------------------------------------
Start Rebuilding User Hierarchy
---------------------------------------------------------------------------------
---------------------------------------------------------------------------------
Finished Rebuilding User Hierarchy : Time (s): cpu = 00:01:18 ; elapsed = 00:01:25 . Memory (MB): peak = 1450.871 ; gain = 519.023 ; free physical = 985 ; free virtual = 8424
---------------------------------------------------------------------------------
---------------------------------------------------------------------------------
Start Renaming Generated Ports
---------------------------------------------------------------------------------
---------------------------------------------------------------------------------
Finished Renaming Generated Ports : Time (s): cpu = 00:01:18 ; elapsed = 00:01:25 . Memory (MB): peak = 1450.871 ; gain = 519.023 ; free physical = 985 ; free virtual = 8424
---------------------------------------------------------------------------------
---------------------------------------------------------------------------------
Start Handling Custom Attributes
---------------------------------------------------------------------------------
---------------------------------------------------------------------------------
Finished Handling Custom Attributes : Time (s): cpu = 00:01:18 ; elapsed = 00:01:25 . Memory (MB): peak = 1450.871 ; gain = 519.023 ; free physical = 984 ; free virtual = 8424
---------------------------------------------------------------------------------
---------------------------------------------------------------------------------
Start Renaming Generated Nets
---------------------------------------------------------------------------------
---------------------------------------------------------------------------------
Finished Renaming Generated Nets : Time (s): cpu = 00:01:18 ; elapsed = 00:01:25 . Memory (MB): peak = 1450.871 ; gain = 519.023 ; free physical = 984 ; free virtual = 8424
---------------------------------------------------------------------------------
---------------------------------------------------------------------------------
Start Writing Synthesis Report
---------------------------------------------------------------------------------

Report BlackBoxes: 
+-+--------------+----------+
| |BlackBox name |Instances |
+-+--------------+----------+
+-+--------------+----------+

Report Cell Usage: 
+-+-----+------+
| |Cell |Count |
+-+-----+------+
+-+-----+------+

Report Instance Areas: 
+------+---------+-------+------+
|      |Instance |Module |Cells |
+------+---------+-------+------+
|1     |top      |       |     0|
+------+---------+-------+------+
---------------------------------------------------------------------------------
Finished Writing Synthesis Report : Time (s): cpu = 00:01:18 ; elapsed = 00:01:25 . Memory (MB): peak = 1450.871 ; gain = 519.023 ; free physical = 984 ; free virtual = 8424
---------------------------------------------------------------------------------
Synthesis finished with 0 errors, 0 critical warnings and 1 warnings.
Synthesis Optimization Runtime : Time (s): cpu = 00:00:49 ; elapsed = 00:00:51 . Memory (MB): peak = 1450.871 ; gain = 158.480 ; free physical = 984 ; free virtual = 8424
Synthesis Optimization Complete : Time (s): cpu = 00:01:18 ; elapsed = 00:01:25 . Memory (MB): peak = 1450.879 ; gain = 519.031 ; free physical = 984 ; free virtual = 8424
INFO: [Project 1-571] Translating synthesized netlist
INFO: [Project 1-570] Preparing netlist for logic optimization
INFO: [Opt 31-138] Pushed 0 inverter(s) to 0 load pin(s).
INFO: [Project 1-111] Unisim Transformation Summary:
No Unisim elements were transformed.

INFO: [Common 17-83] Releasing license: Synthesis
14 Infos, 1 Warnings, 0 Critical Warnings and 0 Errors encountered.
synth_design completed successfully
synth_design: Time (s): cpu = 00:01:05 ; elapsed = 00:01:07 . Memory (MB): peak = 1454.871 ; gain = 420.520 ; free physical = 982 ; free virtual = 8422
INFO: [Common 17-1381] The checkpoint '/home/bma/git/fpga_design/redpitaya/demod_pid_vco_amp_mod_pid_only/demod_pid_vco_amp_mod_pid_only.runs/demod_pid_vco_amp_mod_pid_only_wrapper_dupplReal_1_to_2_1_0_synth_1/demod_pid_vco_amp_mod_pid_only_wrapper_dupplReal_1_to_2_1_0.dcp' has been generated.
INFO: [Common 17-1381] The checkpoint '/home/bma/git/fpga_design/redpitaya/demod_pid_vco_amp_mod_pid_only/demod_pid_vco_amp_mod_pid_only.runs/demod_pid_vco_amp_mod_pid_only_wrapper_dupplReal_1_to_2_1_0_synth_1/demod_pid_vco_amp_mod_pid_only_wrapper_dupplReal_1_to_2_1_0.dcp' has been generated.
report_utilization: Time (s): cpu = 00:00:00.08 ; elapsed = 00:00:00.13 . Memory (MB): peak = 1454.871 ; gain = 0.000 ; free physical = 981 ; free virtual = 8421
INFO: [Common 17-206] Exiting Vivado at Wed May 16 12:10:19 2018...
