
*** Running vivado
    with args -log double_dds_wrapper_xbar_0.vds -m64 -product Vivado -mode batch -messageDb vivado.pb -notrace -source double_dds_wrapper_xbar_0.tcl

awk: symbol lookup error: awk: undefined symbol: mpfr_z_sub

****** Vivado v2016.4 (64-bit)
  **** SW Build 1733598 on Wed Dec 14 22:35:42 MST 2016
  **** IP Build 1731160 on Wed Dec 14 23:47:21 MST 2016
    ** Copyright 1986-2016 Xilinx, Inc. All Rights Reserved.

source double_dds_wrapper_xbar_0.tcl -notrace
awk: symbol lookup error: awk: undefined symbol: mpfr_z_sub
Starting RTL Elaboration : Time (s): cpu = 00:00:30 ; elapsed = 00:00:35 . Memory (MB): peak = 1128.266 ; gain = 197.086 ; free physical = 3285 ; free virtual = 13316
INFO: [Synth 8-638] synthesizing module 'double_dds_wrapper_xbar_0' [/home/bma/git/fpga_design/redpitaya/double_dds/double_dds.srcs/sources_1/bd/double_dds_wrapper/ip/double_dds_wrapper_xbar_0/synth/double_dds_wrapper_xbar_0.v:59]
INFO: [Synth 8-638] synthesizing module 'axi_crossbar_v2_1_12_axi_crossbar' [/home/bma/git/fpga_design/redpitaya/double_dds/double_dds.srcs/sources_1/bd/double_dds_wrapper/ipshared/896d/hdl/axi_crossbar_v2_1_vl_rfs.v:4882]
INFO: [Synth 8-638] synthesizing module 'axi_crossbar_v2_1_12_crossbar_sasd' [/home/bma/git/fpga_design/redpitaya/double_dds/double_dds.srcs/sources_1/bd/double_dds_wrapper/ipshared/896d/hdl/axi_crossbar_v2_1_vl_rfs.v:1240]
INFO: [Synth 8-638] synthesizing module 'axi_crossbar_v2_1_12_addr_decoder' [/home/bma/git/fpga_design/redpitaya/double_dds/double_dds.srcs/sources_1/bd/double_dds_wrapper/ipshared/896d/hdl/axi_crossbar_v2_1_vl_rfs.v:794]
INFO: [Synth 8-638] synthesizing module 'generic_baseblocks_v2_1_0_comparator_static' [/home/bma/git/fpga_design/redpitaya/double_dds/double_dds.srcs/sources_1/bd/double_dds_wrapper/ipshared/7ee0/hdl/generic_baseblocks_v2_1_vl_rfs.v:2133]
INFO: [Synth 8-638] synthesizing module 'generic_baseblocks_v2_1_0_carry_and' [/home/bma/git/fpga_design/redpitaya/double_dds/double_dds.srcs/sources_1/bd/double_dds_wrapper/ipshared/7ee0/hdl/generic_baseblocks_v2_1_vl_rfs.v:62]
INFO: [Synth 8-256] done synthesizing module 'generic_baseblocks_v2_1_0_carry_and' (1#1) [/home/bma/git/fpga_design/redpitaya/double_dds/double_dds.srcs/sources_1/bd/double_dds_wrapper/ipshared/7ee0/hdl/generic_baseblocks_v2_1_vl_rfs.v:62]
INFO: [Synth 8-256] done synthesizing module 'generic_baseblocks_v2_1_0_comparator_static' (2#1) [/home/bma/git/fpga_design/redpitaya/double_dds/double_dds.srcs/sources_1/bd/double_dds_wrapper/ipshared/7ee0/hdl/generic_baseblocks_v2_1_vl_rfs.v:2133]
INFO: [Synth 8-638] synthesizing module 'generic_baseblocks_v2_1_0_comparator_static__parameterized0' [/home/bma/git/fpga_design/redpitaya/double_dds/double_dds.srcs/sources_1/bd/double_dds_wrapper/ipshared/7ee0/hdl/generic_baseblocks_v2_1_vl_rfs.v:2133]
INFO: [Synth 8-256] done synthesizing module 'generic_baseblocks_v2_1_0_comparator_static__parameterized0' (2#1) [/home/bma/git/fpga_design/redpitaya/double_dds/double_dds.srcs/sources_1/bd/double_dds_wrapper/ipshared/7ee0/hdl/generic_baseblocks_v2_1_vl_rfs.v:2133]
INFO: [Synth 8-638] synthesizing module 'generic_baseblocks_v2_1_0_comparator_static__parameterized1' [/home/bma/git/fpga_design/redpitaya/double_dds/double_dds.srcs/sources_1/bd/double_dds_wrapper/ipshared/7ee0/hdl/generic_baseblocks_v2_1_vl_rfs.v:2133]
INFO: [Synth 8-256] done synthesizing module 'generic_baseblocks_v2_1_0_comparator_static__parameterized1' (2#1) [/home/bma/git/fpga_design/redpitaya/double_dds/double_dds.srcs/sources_1/bd/double_dds_wrapper/ipshared/7ee0/hdl/generic_baseblocks_v2_1_vl_rfs.v:2133]
INFO: [Synth 8-638] synthesizing module 'generic_baseblocks_v2_1_0_comparator_static__parameterized2' [/home/bma/git/fpga_design/redpitaya/double_dds/double_dds.srcs/sources_1/bd/double_dds_wrapper/ipshared/7ee0/hdl/generic_baseblocks_v2_1_vl_rfs.v:2133]
INFO: [Synth 8-256] done synthesizing module 'generic_baseblocks_v2_1_0_comparator_static__parameterized2' (2#1) [/home/bma/git/fpga_design/redpitaya/double_dds/double_dds.srcs/sources_1/bd/double_dds_wrapper/ipshared/7ee0/hdl/generic_baseblocks_v2_1_vl_rfs.v:2133]
INFO: [Synth 8-638] synthesizing module 'generic_baseblocks_v2_1_0_comparator_static__parameterized3' [/home/bma/git/fpga_design/redpitaya/double_dds/double_dds.srcs/sources_1/bd/double_dds_wrapper/ipshared/7ee0/hdl/generic_baseblocks_v2_1_vl_rfs.v:2133]
INFO: [Synth 8-256] done synthesizing module 'generic_baseblocks_v2_1_0_comparator_static__parameterized3' (2#1) [/home/bma/git/fpga_design/redpitaya/double_dds/double_dds.srcs/sources_1/bd/double_dds_wrapper/ipshared/7ee0/hdl/generic_baseblocks_v2_1_vl_rfs.v:2133]
INFO: [Synth 8-638] synthesizing module 'generic_baseblocks_v2_1_0_comparator_static__parameterized4' [/home/bma/git/fpga_design/redpitaya/double_dds/double_dds.srcs/sources_1/bd/double_dds_wrapper/ipshared/7ee0/hdl/generic_baseblocks_v2_1_vl_rfs.v:2133]
INFO: [Synth 8-256] done synthesizing module 'generic_baseblocks_v2_1_0_comparator_static__parameterized4' (2#1) [/home/bma/git/fpga_design/redpitaya/double_dds/double_dds.srcs/sources_1/bd/double_dds_wrapper/ipshared/7ee0/hdl/generic_baseblocks_v2_1_vl_rfs.v:2133]
INFO: [Synth 8-638] synthesizing module 'generic_baseblocks_v2_1_0_comparator_static__parameterized5' [/home/bma/git/fpga_design/redpitaya/double_dds/double_dds.srcs/sources_1/bd/double_dds_wrapper/ipshared/7ee0/hdl/generic_baseblocks_v2_1_vl_rfs.v:2133]
INFO: [Synth 8-256] done synthesizing module 'generic_baseblocks_v2_1_0_comparator_static__parameterized5' (2#1) [/home/bma/git/fpga_design/redpitaya/double_dds/double_dds.srcs/sources_1/bd/double_dds_wrapper/ipshared/7ee0/hdl/generic_baseblocks_v2_1_vl_rfs.v:2133]
INFO: [Synth 8-638] synthesizing module 'generic_baseblocks_v2_1_0_comparator_static__parameterized6' [/home/bma/git/fpga_design/redpitaya/double_dds/double_dds.srcs/sources_1/bd/double_dds_wrapper/ipshared/7ee0/hdl/generic_baseblocks_v2_1_vl_rfs.v:2133]
INFO: [Synth 8-256] done synthesizing module 'generic_baseblocks_v2_1_0_comparator_static__parameterized6' (2#1) [/home/bma/git/fpga_design/redpitaya/double_dds/double_dds.srcs/sources_1/bd/double_dds_wrapper/ipshared/7ee0/hdl/generic_baseblocks_v2_1_vl_rfs.v:2133]
INFO: [Synth 8-256] done synthesizing module 'axi_crossbar_v2_1_12_addr_decoder' (3#1) [/home/bma/git/fpga_design/redpitaya/double_dds/double_dds.srcs/sources_1/bd/double_dds_wrapper/ipshared/896d/hdl/axi_crossbar_v2_1_vl_rfs.v:794]
INFO: [Synth 8-638] synthesizing module 'axi_crossbar_v2_1_12_decerr_slave' [/home/bma/git/fpga_design/redpitaya/double_dds/double_dds.srcs/sources_1/bd/double_dds_wrapper/ipshared/896d/hdl/axi_crossbar_v2_1_vl_rfs.v:3500]
INFO: [Synth 8-256] done synthesizing module 'axi_crossbar_v2_1_12_decerr_slave' (4#1) [/home/bma/git/fpga_design/redpitaya/double_dds/double_dds.srcs/sources_1/bd/double_dds_wrapper/ipshared/896d/hdl/axi_crossbar_v2_1_vl_rfs.v:3500]
INFO: [Synth 8-638] synthesizing module 'axi_crossbar_v2_1_12_addr_arbiter_sasd' [/home/bma/git/fpga_design/redpitaya/double_dds/double_dds.srcs/sources_1/bd/double_dds_wrapper/ipshared/896d/hdl/axi_crossbar_v2_1_vl_rfs.v:65]
INFO: [Synth 8-256] done synthesizing module 'axi_crossbar_v2_1_12_addr_arbiter_sasd' (5#1) [/home/bma/git/fpga_design/redpitaya/double_dds/double_dds.srcs/sources_1/bd/double_dds_wrapper/ipshared/896d/hdl/axi_crossbar_v2_1_vl_rfs.v:65]
INFO: [Synth 8-638] synthesizing module 'axi_crossbar_v2_1_12_splitter' [/home/bma/git/fpga_design/redpitaya/double_dds/double_dds.srcs/sources_1/bd/double_dds_wrapper/ipshared/896d/hdl/axi_crossbar_v2_1_vl_rfs.v:4459]
INFO: [Synth 8-256] done synthesizing module 'axi_crossbar_v2_1_12_splitter' (6#1) [/home/bma/git/fpga_design/redpitaya/double_dds/double_dds.srcs/sources_1/bd/double_dds_wrapper/ipshared/896d/hdl/axi_crossbar_v2_1_vl_rfs.v:4459]
INFO: [Synth 8-638] synthesizing module 'axi_crossbar_v2_1_12_splitter__parameterized0' [/home/bma/git/fpga_design/redpitaya/double_dds/double_dds.srcs/sources_1/bd/double_dds_wrapper/ipshared/896d/hdl/axi_crossbar_v2_1_vl_rfs.v:4459]
INFO: [Synth 8-256] done synthesizing module 'axi_crossbar_v2_1_12_splitter__parameterized0' (6#1) [/home/bma/git/fpga_design/redpitaya/double_dds/double_dds.srcs/sources_1/bd/double_dds_wrapper/ipshared/896d/hdl/axi_crossbar_v2_1_vl_rfs.v:4459]
INFO: [Synth 8-638] synthesizing module 'generic_baseblocks_v2_1_0_mux_enc' [/home/bma/git/fpga_design/redpitaya/double_dds/double_dds.srcs/sources_1/bd/double_dds_wrapper/ipshared/7ee0/hdl/generic_baseblocks_v2_1_vl_rfs.v:2452]
INFO: [Synth 8-256] done synthesizing module 'generic_baseblocks_v2_1_0_mux_enc' (7#1) [/home/bma/git/fpga_design/redpitaya/double_dds/double_dds.srcs/sources_1/bd/double_dds_wrapper/ipshared/7ee0/hdl/generic_baseblocks_v2_1_vl_rfs.v:2452]
INFO: [Synth 8-638] synthesizing module 'generic_baseblocks_v2_1_0_mux_enc__parameterized0' [/home/bma/git/fpga_design/redpitaya/double_dds/double_dds.srcs/sources_1/bd/double_dds_wrapper/ipshared/7ee0/hdl/generic_baseblocks_v2_1_vl_rfs.v:2452]
INFO: [Synth 8-256] done synthesizing module 'generic_baseblocks_v2_1_0_mux_enc__parameterized0' (7#1) [/home/bma/git/fpga_design/redpitaya/double_dds/double_dds.srcs/sources_1/bd/double_dds_wrapper/ipshared/7ee0/hdl/generic_baseblocks_v2_1_vl_rfs.v:2452]
INFO: [Synth 8-638] synthesizing module 'generic_baseblocks_v2_1_0_mux_enc__parameterized1' [/home/bma/git/fpga_design/redpitaya/double_dds/double_dds.srcs/sources_1/bd/double_dds_wrapper/ipshared/7ee0/hdl/generic_baseblocks_v2_1_vl_rfs.v:2452]
INFO: [Synth 8-256] done synthesizing module 'generic_baseblocks_v2_1_0_mux_enc__parameterized1' (7#1) [/home/bma/git/fpga_design/redpitaya/double_dds/double_dds.srcs/sources_1/bd/double_dds_wrapper/ipshared/7ee0/hdl/generic_baseblocks_v2_1_vl_rfs.v:2452]
INFO: [Synth 8-638] synthesizing module 'generic_baseblocks_v2_1_0_mux_enc__parameterized2' [/home/bma/git/fpga_design/redpitaya/double_dds/double_dds.srcs/sources_1/bd/double_dds_wrapper/ipshared/7ee0/hdl/generic_baseblocks_v2_1_vl_rfs.v:2452]
INFO: [Synth 8-256] done synthesizing module 'generic_baseblocks_v2_1_0_mux_enc__parameterized2' (7#1) [/home/bma/git/fpga_design/redpitaya/double_dds/double_dds.srcs/sources_1/bd/double_dds_wrapper/ipshared/7ee0/hdl/generic_baseblocks_v2_1_vl_rfs.v:2452]
INFO: [Synth 8-638] synthesizing module 'axi_register_slice_v2_1_11_axic_register_slice' [/home/bma/git/fpga_design/redpitaya/double_dds/double_dds.srcs/sources_1/bd/double_dds_wrapper/ipshared/0b6b/hdl/axi_register_slice_v2_1_vl_rfs.v:85]
INFO: [Synth 8-256] done synthesizing module 'axi_register_slice_v2_1_11_axic_register_slice' (8#1) [/home/bma/git/fpga_design/redpitaya/double_dds/double_dds.srcs/sources_1/bd/double_dds_wrapper/ipshared/0b6b/hdl/axi_register_slice_v2_1_vl_rfs.v:85]
INFO: [Synth 8-638] synthesizing module 'generic_baseblocks_v2_1_0_mux_enc__parameterized3' [/home/bma/git/fpga_design/redpitaya/double_dds/double_dds.srcs/sources_1/bd/double_dds_wrapper/ipshared/7ee0/hdl/generic_baseblocks_v2_1_vl_rfs.v:2452]
INFO: [Synth 8-256] done synthesizing module 'generic_baseblocks_v2_1_0_mux_enc__parameterized3' (8#1) [/home/bma/git/fpga_design/redpitaya/double_dds/double_dds.srcs/sources_1/bd/double_dds_wrapper/ipshared/7ee0/hdl/generic_baseblocks_v2_1_vl_rfs.v:2452]
INFO: [Synth 8-256] done synthesizing module 'axi_crossbar_v2_1_12_crossbar_sasd' (9#1) [/home/bma/git/fpga_design/redpitaya/double_dds/double_dds.srcs/sources_1/bd/double_dds_wrapper/ipshared/896d/hdl/axi_crossbar_v2_1_vl_rfs.v:1240]
INFO: [Synth 8-256] done synthesizing module 'axi_crossbar_v2_1_12_axi_crossbar' (10#1) [/home/bma/git/fpga_design/redpitaya/double_dds/double_dds.srcs/sources_1/bd/double_dds_wrapper/ipshared/896d/hdl/axi_crossbar_v2_1_vl_rfs.v:4882]
INFO: [Synth 8-256] done synthesizing module 'double_dds_wrapper_xbar_0' (11#1) [/home/bma/git/fpga_design/redpitaya/double_dds/double_dds.srcs/sources_1/bd/double_dds_wrapper/ip/double_dds_wrapper_xbar_0/synth/double_dds_wrapper_xbar_0.v:59]
Finished RTL Elaboration : Time (s): cpu = 00:00:42 ; elapsed = 00:00:49 . Memory (MB): peak = 1248.734 ; gain = 317.555 ; free physical = 2800 ; free virtual = 12832
Finished RTL Optimization Phase 1 : Time (s): cpu = 00:00:43 ; elapsed = 00:00:49 . Memory (MB): peak = 1248.734 ; gain = 317.555 ; free physical = 2776 ; free virtual = 12808
INFO: [Device 21-403] Loading part xc7z010clg400-1
Constraint Validation Runtime : Time (s): cpu = 00:00:00.14 ; elapsed = 00:00:00.14 . Memory (MB): peak = 1514.543 ; gain = 0.000 ; free physical = 2394 ; free virtual = 12426
Finished Constraint Validation : Time (s): cpu = 00:01:10 ; elapsed = 00:01:18 . Memory (MB): peak = 1514.543 ; gain = 583.363 ; free physical = 2359 ; free virtual = 12392
Finished Loading Part and Timing Information : Time (s): cpu = 00:01:10 ; elapsed = 00:01:18 . Memory (MB): peak = 1514.543 ; gain = 583.363 ; free physical = 2359 ; free virtual = 12392
Finished applying 'set_property' XDC Constraints : Time (s): cpu = 00:01:10 ; elapsed = 00:01:18 . Memory (MB): peak = 1514.543 ; gain = 583.363 ; free physical = 2359 ; free virtual = 12392
Finished RTL Optimization Phase 2 : Time (s): cpu = 00:01:12 ; elapsed = 00:01:19 . Memory (MB): peak = 1514.543 ; gain = 583.363 ; free physical = 2351 ; free virtual = 12383
Finished Cross Boundary and Area Optimization : Time (s): cpu = 00:01:15 ; elapsed = 00:01:23 . Memory (MB): peak = 1514.543 ; gain = 583.363 ; free physical = 2326 ; free virtual = 12358
Finished Applying XDC Timing Constraints : Time (s): cpu = 00:01:41 ; elapsed = 00:01:51 . Memory (MB): peak = 1514.543 ; gain = 583.363 ; free physical = 3605 ; free virtual = 13637
Finished Timing Optimization : Time (s): cpu = 00:01:44 ; elapsed = 00:01:55 . Memory (MB): peak = 1514.543 ; gain = 583.363 ; free physical = 3543 ; free virtual = 13575
Finished Technology Mapping : Time (s): cpu = 00:01:45 ; elapsed = 00:01:56 . Memory (MB): peak = 1522.551 ; gain = 591.371 ; free physical = 3547 ; free virtual = 13579
Finished IO Insertion : Time (s): cpu = 00:01:46 ; elapsed = 00:01:58 . Memory (MB): peak = 1522.551 ; gain = 591.371 ; free physical = 3545 ; free virtual = 13578
Finished Renaming Generated Instances : Time (s): cpu = 00:01:46 ; elapsed = 00:01:58 . Memory (MB): peak = 1522.551 ; gain = 591.371 ; free physical = 3545 ; free virtual = 13578
Finished Rebuilding User Hierarchy : Time (s): cpu = 00:01:46 ; elapsed = 00:01:58 . Memory (MB): peak = 1522.551 ; gain = 591.371 ; free physical = 3545 ; free virtual = 13578
Finished Renaming Generated Ports : Time (s): cpu = 00:01:46 ; elapsed = 00:01:58 . Memory (MB): peak = 1522.551 ; gain = 591.371 ; free physical = 3545 ; free virtual = 13578
Finished Handling Custom Attributes : Time (s): cpu = 00:01:46 ; elapsed = 00:01:58 . Memory (MB): peak = 1522.551 ; gain = 591.371 ; free physical = 3545 ; free virtual = 13578
Finished Renaming Generated Nets : Time (s): cpu = 00:01:46 ; elapsed = 00:01:58 . Memory (MB): peak = 1522.551 ; gain = 591.371 ; free physical = 3545 ; free virtual = 13578

Report Cell Usage: 
+------+-----+------+
|      |Cell |Count |
+------+-----+------+
|1     |LUT1 |     2|
|2     |LUT2 |    18|
|3     |LUT3 |    47|
|4     |LUT4 |    69|
|5     |LUT5 |    66|
|6     |LUT6 |   153|
|7     |FDRE |   138|
+------+-----+------+
Finished Writing Synthesis Report : Time (s): cpu = 00:01:46 ; elapsed = 00:01:58 . Memory (MB): peak = 1522.551 ; gain = 591.371 ; free physical = 3544 ; free virtual = 13577
synth_design: Time (s): cpu = 00:01:35 ; elapsed = 00:01:45 . Memory (MB): peak = 1522.559 ; gain = 484.875 ; free physical = 3285 ; free virtual = 13318
