
*** Running vivado
    with args -log vco_only_wrapper_xlslice_0_0.vds -m64 -product Vivado -mode batch -messageDb vivado.pb -notrace -source vco_only_wrapper_xlslice_0_0.tcl

awk: symbol lookup error: awk: undefined symbol: mpfr_z_sub

****** Vivado v2016.4 (64-bit)
  **** SW Build 1733598 on Wed Dec 14 22:35:42 MST 2016
  **** IP Build 1731160 on Wed Dec 14 23:47:21 MST 2016
    ** Copyright 1986-2016 Xilinx, Inc. All Rights Reserved.

source vco_only_wrapper_xlslice_0_0.tcl -notrace
awk: symbol lookup error: awk: undefined symbol: mpfr_z_sub
Starting RTL Elaboration : Time (s): cpu = 00:00:28 ; elapsed = 00:00:31 . Memory (MB): peak = 1112.270 ; gain = 181.086 ; free physical = 1699 ; free virtual = 12343
INFO: [Synth 8-638] synthesizing module 'vco_only_wrapper_xlslice_0_0' [/home/bma/git/fpga_design/redpitaya/vco_only/vco_only.srcs/sources_1/bd/vco_only_wrapper/ip/vco_only_wrapper_xlslice_0_0/synth/vco_only_wrapper_xlslice_0_0.v:57]
INFO: [Synth 8-638] synthesizing module 'xlslice' [/home/bma/git/fpga_design/redpitaya/vco_only/vco_only.srcs/sources_1/bd/vco_only_wrapper/ipshared/c49f/xlslice.v:14]
INFO: [Synth 8-256] done synthesizing module 'xlslice' (1#1) [/home/bma/git/fpga_design/redpitaya/vco_only/vco_only.srcs/sources_1/bd/vco_only_wrapper/ipshared/c49f/xlslice.v:14]
INFO: [Synth 8-256] done synthesizing module 'vco_only_wrapper_xlslice_0_0' (2#1) [/home/bma/git/fpga_design/redpitaya/vco_only/vco_only.srcs/sources_1/bd/vco_only_wrapper/ip/vco_only_wrapper_xlslice_0_0/synth/vco_only_wrapper_xlslice_0_0.v:57]
Finished RTL Elaboration : Time (s): cpu = 00:00:31 ; elapsed = 00:00:34 . Memory (MB): peak = 1152.738 ; gain = 221.555 ; free physical = 1624 ; free virtual = 12269
Finished RTL Optimization Phase 1 : Time (s): cpu = 00:00:31 ; elapsed = 00:00:34 . Memory (MB): peak = 1152.738 ; gain = 221.555 ; free physical = 1610 ; free virtual = 12255
INFO: [Device 21-403] Loading part xc7z010clg400-1
Constraint Validation Runtime : Time (s): cpu = 00:00:00.03 ; elapsed = 00:00:00.04 . Memory (MB): peak = 1396.883 ; gain = 1.000 ; free physical = 1383 ; free virtual = 12029
Finished Constraint Validation : Time (s): cpu = 00:01:02 ; elapsed = 00:01:10 . Memory (MB): peak = 1396.883 ; gain = 465.699 ; free physical = 1083 ; free virtual = 11730
Finished Loading Part and Timing Information : Time (s): cpu = 00:01:02 ; elapsed = 00:01:10 . Memory (MB): peak = 1396.883 ; gain = 465.699 ; free physical = 1083 ; free virtual = 11730
Finished applying 'set_property' XDC Constraints : Time (s): cpu = 00:01:02 ; elapsed = 00:01:10 . Memory (MB): peak = 1396.883 ; gain = 465.699 ; free physical = 1081 ; free virtual = 11728
Finished RTL Optimization Phase 2 : Time (s): cpu = 00:01:02 ; elapsed = 00:01:10 . Memory (MB): peak = 1396.883 ; gain = 465.699 ; free physical = 1081 ; free virtual = 11728
Finished Cross Boundary and Area Optimization : Time (s): cpu = 00:01:03 ; elapsed = 00:01:11 . Memory (MB): peak = 1396.883 ; gain = 465.699 ; free physical = 1062 ; free virtual = 11709
Finished Applying XDC Timing Constraints : Time (s): cpu = 00:01:33 ; elapsed = 00:01:46 . Memory (MB): peak = 1435.883 ; gain = 504.699 ; free physical = 753 ; free virtual = 11400
Finished Timing Optimization : Time (s): cpu = 00:01:33 ; elapsed = 00:01:46 . Memory (MB): peak = 1435.883 ; gain = 504.699 ; free physical = 753 ; free virtual = 11400
Finished Technology Mapping : Time (s): cpu = 00:01:33 ; elapsed = 00:01:46 . Memory (MB): peak = 1444.898 ; gain = 513.715 ; free physical = 744 ; free virtual = 11391
Finished IO Insertion : Time (s): cpu = 00:01:35 ; elapsed = 00:01:48 . Memory (MB): peak = 1444.898 ; gain = 513.715 ; free physical = 720 ; free virtual = 11368
Finished Renaming Generated Instances : Time (s): cpu = 00:01:35 ; elapsed = 00:01:48 . Memory (MB): peak = 1444.898 ; gain = 513.715 ; free physical = 719 ; free virtual = 11368
Finished Rebuilding User Hierarchy : Time (s): cpu = 00:01:35 ; elapsed = 00:01:48 . Memory (MB): peak = 1444.898 ; gain = 513.715 ; free physical = 719 ; free virtual = 11368
Finished Renaming Generated Ports : Time (s): cpu = 00:01:35 ; elapsed = 00:01:48 . Memory (MB): peak = 1444.898 ; gain = 513.715 ; free physical = 718 ; free virtual = 11368
Finished Handling Custom Attributes : Time (s): cpu = 00:01:35 ; elapsed = 00:01:48 . Memory (MB): peak = 1444.898 ; gain = 513.715 ; free physical = 717 ; free virtual = 11364
Finished Renaming Generated Nets : Time (s): cpu = 00:01:35 ; elapsed = 00:01:48 . Memory (MB): peak = 1444.898 ; gain = 513.715 ; free physical = 717 ; free virtual = 11364

Report Cell Usage: 
+-+-----+------+
| |Cell |Count |
+-+-----+------+
+-+-----+------+
Finished Writing Synthesis Report : Time (s): cpu = 00:01:35 ; elapsed = 00:01:48 . Memory (MB): peak = 1444.898 ; gain = 513.715 ; free physical = 717 ; free virtual = 11364
synth_design: Time (s): cpu = 00:01:24 ; elapsed = 00:01:35 . Memory (MB): peak = 1449.898 ; gain = 418.211 ; free physical = 648 ; free virtual = 11295
