
*** Running vivado
    with args -log pid_vco_amp_mod_pid_only_wrapper_tier2_xbar_4_0.vds -m64 -product Vivado -mode batch -messageDb vivado.pb -notrace -source pid_vco_amp_mod_pid_only_wrapper_tier2_xbar_4_0.tcl


****** Vivado v2016.4 (64-bit)
  **** SW Build 1733598 on Wed Dec 14 22:35:42 MST 2016
  **** IP Build 1731160 on Wed Dec 14 23:47:21 MST 2016
    ** Copyright 1986-2016 Xilinx, Inc. All Rights Reserved.

source pid_vco_amp_mod_pid_only_wrapper_tier2_xbar_4_0.tcl -notrace
Starting RTL Elaboration : Time (s): cpu = 00:00:32 ; elapsed = 00:00:36 . Memory (MB): peak = 1131.926 ; gain = 200.086 ; free physical = 827 ; free virtual = 9698
INFO: [Synth 8-638] synthesizing module 'pid_vco_amp_mod_pid_only_wrapper_tier2_xbar_4_0' [/home/bma/git/fpga_design/redpitaya/pid_vco_amp_mod_pid_only/pid_vco_amp_mod_pid_only.srcs/sources_1/bd/pid_vco_amp_mod_pid_only_wrapper/ip/pid_vco_amp_mod_pid_only_wrapper_tier2_xbar_4_0/synth/pid_vco_amp_mod_pid_only_wrapper_tier2_xbar_4_0.v:59]
INFO: [Synth 8-638] synthesizing module 'axi_crossbar_v2_1_12_axi_crossbar' [/home/bma/git/fpga_design/redpitaya/pid_vco_amp_mod_pid_only/pid_vco_amp_mod_pid_only.srcs/sources_1/bd/pid_vco_amp_mod_pid_only_wrapper/ipshared/896d/hdl/axi_crossbar_v2_1_vl_rfs.v:4882]
INFO: [Synth 8-638] synthesizing module 'axi_crossbar_v2_1_12_crossbar_sasd' [/home/bma/git/fpga_design/redpitaya/pid_vco_amp_mod_pid_only/pid_vco_amp_mod_pid_only.srcs/sources_1/bd/pid_vco_amp_mod_pid_only_wrapper/ipshared/896d/hdl/axi_crossbar_v2_1_vl_rfs.v:1240]
INFO: [Synth 8-638] synthesizing module 'axi_crossbar_v2_1_12_addr_decoder' [/home/bma/git/fpga_design/redpitaya/pid_vco_amp_mod_pid_only/pid_vco_amp_mod_pid_only.srcs/sources_1/bd/pid_vco_amp_mod_pid_only_wrapper/ipshared/896d/hdl/axi_crossbar_v2_1_vl_rfs.v:794]
INFO: [Synth 8-638] synthesizing module 'generic_baseblocks_v2_1_0_comparator_static' [/home/bma/git/fpga_design/redpitaya/pid_vco_amp_mod_pid_only/pid_vco_amp_mod_pid_only.srcs/sources_1/bd/pid_vco_amp_mod_pid_only_wrapper/ipshared/7ee0/hdl/generic_baseblocks_v2_1_vl_rfs.v:2133]
INFO: [Synth 8-638] synthesizing module 'generic_baseblocks_v2_1_0_carry_and' [/home/bma/git/fpga_design/redpitaya/pid_vco_amp_mod_pid_only/pid_vco_amp_mod_pid_only.srcs/sources_1/bd/pid_vco_amp_mod_pid_only_wrapper/ipshared/7ee0/hdl/generic_baseblocks_v2_1_vl_rfs.v:62]
INFO: [Synth 8-256] done synthesizing module 'generic_baseblocks_v2_1_0_carry_and' (1#1) [/home/bma/git/fpga_design/redpitaya/pid_vco_amp_mod_pid_only/pid_vco_amp_mod_pid_only.srcs/sources_1/bd/pid_vco_amp_mod_pid_only_wrapper/ipshared/7ee0/hdl/generic_baseblocks_v2_1_vl_rfs.v:62]
INFO: [Synth 8-256] done synthesizing module 'generic_baseblocks_v2_1_0_comparator_static' (2#1) [/home/bma/git/fpga_design/redpitaya/pid_vco_amp_mod_pid_only/pid_vco_amp_mod_pid_only.srcs/sources_1/bd/pid_vco_amp_mod_pid_only_wrapper/ipshared/7ee0/hdl/generic_baseblocks_v2_1_vl_rfs.v:2133]
INFO: [Synth 8-638] synthesizing module 'generic_baseblocks_v2_1_0_comparator_static__parameterized0' [/home/bma/git/fpga_design/redpitaya/pid_vco_amp_mod_pid_only/pid_vco_amp_mod_pid_only.srcs/sources_1/bd/pid_vco_amp_mod_pid_only_wrapper/ipshared/7ee0/hdl/generic_baseblocks_v2_1_vl_rfs.v:2133]
INFO: [Synth 8-256] done synthesizing module 'generic_baseblocks_v2_1_0_comparator_static__parameterized0' (2#1) [/home/bma/git/fpga_design/redpitaya/pid_vco_amp_mod_pid_only/pid_vco_amp_mod_pid_only.srcs/sources_1/bd/pid_vco_amp_mod_pid_only_wrapper/ipshared/7ee0/hdl/generic_baseblocks_v2_1_vl_rfs.v:2133]
INFO: [Synth 8-256] done synthesizing module 'axi_crossbar_v2_1_12_addr_decoder' (3#1) [/home/bma/git/fpga_design/redpitaya/pid_vco_amp_mod_pid_only/pid_vco_amp_mod_pid_only.srcs/sources_1/bd/pid_vco_amp_mod_pid_only_wrapper/ipshared/896d/hdl/axi_crossbar_v2_1_vl_rfs.v:794]
INFO: [Synth 8-638] synthesizing module 'axi_crossbar_v2_1_12_decerr_slave' [/home/bma/git/fpga_design/redpitaya/pid_vco_amp_mod_pid_only/pid_vco_amp_mod_pid_only.srcs/sources_1/bd/pid_vco_amp_mod_pid_only_wrapper/ipshared/896d/hdl/axi_crossbar_v2_1_vl_rfs.v:3500]
INFO: [Synth 8-256] done synthesizing module 'axi_crossbar_v2_1_12_decerr_slave' (4#1) [/home/bma/git/fpga_design/redpitaya/pid_vco_amp_mod_pid_only/pid_vco_amp_mod_pid_only.srcs/sources_1/bd/pid_vco_amp_mod_pid_only_wrapper/ipshared/896d/hdl/axi_crossbar_v2_1_vl_rfs.v:3500]
INFO: [Synth 8-638] synthesizing module 'axi_crossbar_v2_1_12_addr_arbiter_sasd' [/home/bma/git/fpga_design/redpitaya/pid_vco_amp_mod_pid_only/pid_vco_amp_mod_pid_only.srcs/sources_1/bd/pid_vco_amp_mod_pid_only_wrapper/ipshared/896d/hdl/axi_crossbar_v2_1_vl_rfs.v:65]
INFO: [Synth 8-256] done synthesizing module 'axi_crossbar_v2_1_12_addr_arbiter_sasd' (5#1) [/home/bma/git/fpga_design/redpitaya/pid_vco_amp_mod_pid_only/pid_vco_amp_mod_pid_only.srcs/sources_1/bd/pid_vco_amp_mod_pid_only_wrapper/ipshared/896d/hdl/axi_crossbar_v2_1_vl_rfs.v:65]
INFO: [Synth 8-638] synthesizing module 'axi_crossbar_v2_1_12_splitter' [/home/bma/git/fpga_design/redpitaya/pid_vco_amp_mod_pid_only/pid_vco_amp_mod_pid_only.srcs/sources_1/bd/pid_vco_amp_mod_pid_only_wrapper/ipshared/896d/hdl/axi_crossbar_v2_1_vl_rfs.v:4459]
INFO: [Synth 8-256] done synthesizing module 'axi_crossbar_v2_1_12_splitter' (6#1) [/home/bma/git/fpga_design/redpitaya/pid_vco_amp_mod_pid_only/pid_vco_amp_mod_pid_only.srcs/sources_1/bd/pid_vco_amp_mod_pid_only_wrapper/ipshared/896d/hdl/axi_crossbar_v2_1_vl_rfs.v:4459]
INFO: [Synth 8-638] synthesizing module 'axi_crossbar_v2_1_12_splitter__parameterized0' [/home/bma/git/fpga_design/redpitaya/pid_vco_amp_mod_pid_only/pid_vco_amp_mod_pid_only.srcs/sources_1/bd/pid_vco_amp_mod_pid_only_wrapper/ipshared/896d/hdl/axi_crossbar_v2_1_vl_rfs.v:4459]
INFO: [Synth 8-256] done synthesizing module 'axi_crossbar_v2_1_12_splitter__parameterized0' (6#1) [/home/bma/git/fpga_design/redpitaya/pid_vco_amp_mod_pid_only/pid_vco_amp_mod_pid_only.srcs/sources_1/bd/pid_vco_amp_mod_pid_only_wrapper/ipshared/896d/hdl/axi_crossbar_v2_1_vl_rfs.v:4459]
INFO: [Synth 8-638] synthesizing module 'generic_baseblocks_v2_1_0_mux_enc' [/home/bma/git/fpga_design/redpitaya/pid_vco_amp_mod_pid_only/pid_vco_amp_mod_pid_only.srcs/sources_1/bd/pid_vco_amp_mod_pid_only_wrapper/ipshared/7ee0/hdl/generic_baseblocks_v2_1_vl_rfs.v:2452]
INFO: [Synth 8-256] done synthesizing module 'generic_baseblocks_v2_1_0_mux_enc' (7#1) [/home/bma/git/fpga_design/redpitaya/pid_vco_amp_mod_pid_only/pid_vco_amp_mod_pid_only.srcs/sources_1/bd/pid_vco_amp_mod_pid_only_wrapper/ipshared/7ee0/hdl/generic_baseblocks_v2_1_vl_rfs.v:2452]
INFO: [Synth 8-638] synthesizing module 'generic_baseblocks_v2_1_0_mux_enc__parameterized0' [/home/bma/git/fpga_design/redpitaya/pid_vco_amp_mod_pid_only/pid_vco_amp_mod_pid_only.srcs/sources_1/bd/pid_vco_amp_mod_pid_only_wrapper/ipshared/7ee0/hdl/generic_baseblocks_v2_1_vl_rfs.v:2452]
INFO: [Synth 8-256] done synthesizing module 'generic_baseblocks_v2_1_0_mux_enc__parameterized0' (7#1) [/home/bma/git/fpga_design/redpitaya/pid_vco_amp_mod_pid_only/pid_vco_amp_mod_pid_only.srcs/sources_1/bd/pid_vco_amp_mod_pid_only_wrapper/ipshared/7ee0/hdl/generic_baseblocks_v2_1_vl_rfs.v:2452]
INFO: [Synth 8-638] synthesizing module 'generic_baseblocks_v2_1_0_mux_enc__parameterized1' [/home/bma/git/fpga_design/redpitaya/pid_vco_amp_mod_pid_only/pid_vco_amp_mod_pid_only.srcs/sources_1/bd/pid_vco_amp_mod_pid_only_wrapper/ipshared/7ee0/hdl/generic_baseblocks_v2_1_vl_rfs.v:2452]
INFO: [Synth 8-256] done synthesizing module 'generic_baseblocks_v2_1_0_mux_enc__parameterized1' (7#1) [/home/bma/git/fpga_design/redpitaya/pid_vco_amp_mod_pid_only/pid_vco_amp_mod_pid_only.srcs/sources_1/bd/pid_vco_amp_mod_pid_only_wrapper/ipshared/7ee0/hdl/generic_baseblocks_v2_1_vl_rfs.v:2452]
INFO: [Synth 8-638] synthesizing module 'generic_baseblocks_v2_1_0_mux_enc__parameterized2' [/home/bma/git/fpga_design/redpitaya/pid_vco_amp_mod_pid_only/pid_vco_amp_mod_pid_only.srcs/sources_1/bd/pid_vco_amp_mod_pid_only_wrapper/ipshared/7ee0/hdl/generic_baseblocks_v2_1_vl_rfs.v:2452]
INFO: [Synth 8-256] done synthesizing module 'generic_baseblocks_v2_1_0_mux_enc__parameterized2' (7#1) [/home/bma/git/fpga_design/redpitaya/pid_vco_amp_mod_pid_only/pid_vco_amp_mod_pid_only.srcs/sources_1/bd/pid_vco_amp_mod_pid_only_wrapper/ipshared/7ee0/hdl/generic_baseblocks_v2_1_vl_rfs.v:2452]
INFO: [Synth 8-638] synthesizing module 'axi_register_slice_v2_1_11_axic_register_slice' [/home/bma/git/fpga_design/redpitaya/pid_vco_amp_mod_pid_only/pid_vco_amp_mod_pid_only.srcs/sources_1/bd/pid_vco_amp_mod_pid_only_wrapper/ipshared/0b6b/hdl/axi_register_slice_v2_1_vl_rfs.v:85]
INFO: [Synth 8-256] done synthesizing module 'axi_register_slice_v2_1_11_axic_register_slice' (8#1) [/home/bma/git/fpga_design/redpitaya/pid_vco_amp_mod_pid_only/pid_vco_amp_mod_pid_only.srcs/sources_1/bd/pid_vco_amp_mod_pid_only_wrapper/ipshared/0b6b/hdl/axi_register_slice_v2_1_vl_rfs.v:85]
INFO: [Synth 8-638] synthesizing module 'generic_baseblocks_v2_1_0_mux_enc__parameterized3' [/home/bma/git/fpga_design/redpitaya/pid_vco_amp_mod_pid_only/pid_vco_amp_mod_pid_only.srcs/sources_1/bd/pid_vco_amp_mod_pid_only_wrapper/ipshared/7ee0/hdl/generic_baseblocks_v2_1_vl_rfs.v:2452]
INFO: [Synth 8-256] done synthesizing module 'generic_baseblocks_v2_1_0_mux_enc__parameterized3' (8#1) [/home/bma/git/fpga_design/redpitaya/pid_vco_amp_mod_pid_only/pid_vco_amp_mod_pid_only.srcs/sources_1/bd/pid_vco_amp_mod_pid_only_wrapper/ipshared/7ee0/hdl/generic_baseblocks_v2_1_vl_rfs.v:2452]
INFO: [Synth 8-256] done synthesizing module 'axi_crossbar_v2_1_12_crossbar_sasd' (9#1) [/home/bma/git/fpga_design/redpitaya/pid_vco_amp_mod_pid_only/pid_vco_amp_mod_pid_only.srcs/sources_1/bd/pid_vco_amp_mod_pid_only_wrapper/ipshared/896d/hdl/axi_crossbar_v2_1_vl_rfs.v:1240]
INFO: [Synth 8-256] done synthesizing module 'axi_crossbar_v2_1_12_axi_crossbar' (10#1) [/home/bma/git/fpga_design/redpitaya/pid_vco_amp_mod_pid_only/pid_vco_amp_mod_pid_only.srcs/sources_1/bd/pid_vco_amp_mod_pid_only_wrapper/ipshared/896d/hdl/axi_crossbar_v2_1_vl_rfs.v:4882]
INFO: [Synth 8-256] done synthesizing module 'pid_vco_amp_mod_pid_only_wrapper_tier2_xbar_4_0' (11#1) [/home/bma/git/fpga_design/redpitaya/pid_vco_amp_mod_pid_only/pid_vco_amp_mod_pid_only.srcs/sources_1/bd/pid_vco_amp_mod_pid_only_wrapper/ip/pid_vco_amp_mod_pid_only_wrapper_tier2_xbar_4_0/synth/pid_vco_amp_mod_pid_only_wrapper_tier2_xbar_4_0.v:59]
Finished RTL Elaboration : Time (s): cpu = 00:00:45 ; elapsed = 00:00:50 . Memory (MB): peak = 1252.395 ; gain = 320.555 ; free physical = 412 ; free virtual = 9286
Finished RTL Optimization Phase 1 : Time (s): cpu = 00:00:46 ; elapsed = 00:00:50 . Memory (MB): peak = 1252.395 ; gain = 320.555 ; free physical = 391 ; free virtual = 9259
INFO: [Device 21-403] Loading part xc7z010clg400-1
Constraint Validation Runtime : Time (s): cpu = 00:00:00.08 ; elapsed = 00:00:00.09 . Memory (MB): peak = 1516.441 ; gain = 0.000 ; free physical = 123 ; free virtual = 8929
Finished Constraint Validation : Time (s): cpu = 00:01:13 ; elapsed = 00:01:21 . Memory (MB): peak = 1516.441 ; gain = 584.602 ; free physical = 121 ; free virtual = 8922
Finished Loading Part and Timing Information : Time (s): cpu = 00:01:13 ; elapsed = 00:01:21 . Memory (MB): peak = 1516.441 ; gain = 584.602 ; free physical = 121 ; free virtual = 8922
Finished applying 'set_property' XDC Constraints : Time (s): cpu = 00:01:13 ; elapsed = 00:01:21 . Memory (MB): peak = 1516.441 ; gain = 584.602 ; free physical = 121 ; free virtual = 8922
Finished RTL Optimization Phase 2 : Time (s): cpu = 00:01:14 ; elapsed = 00:01:22 . Memory (MB): peak = 1516.441 ; gain = 584.602 ; free physical = 135 ; free virtual = 8778
Finished Cross Boundary and Area Optimization : Time (s): cpu = 00:01:16 ; elapsed = 00:01:24 . Memory (MB): peak = 1516.441 ; gain = 584.602 ; free physical = 121 ; free virtual = 8744
Finished Applying XDC Timing Constraints : Time (s): cpu = 00:01:40 ; elapsed = 00:01:51 . Memory (MB): peak = 1516.441 ; gain = 584.602 ; free physical = 126 ; free virtual = 8598
Finished Timing Optimization : Time (s): cpu = 00:01:41 ; elapsed = 00:01:51 . Memory (MB): peak = 1516.441 ; gain = 584.602 ; free physical = 139 ; free virtual = 8527
Finished Technology Mapping : Time (s): cpu = 00:01:41 ; elapsed = 00:01:51 . Memory (MB): peak = 1516.441 ; gain = 584.602 ; free physical = 131 ; free virtual = 8519
Finished IO Insertion : Time (s): cpu = 00:01:42 ; elapsed = 00:01:52 . Memory (MB): peak = 1516.441 ; gain = 584.602 ; free physical = 131 ; free virtual = 8518
Finished Renaming Generated Instances : Time (s): cpu = 00:01:42 ; elapsed = 00:01:53 . Memory (MB): peak = 1516.441 ; gain = 584.602 ; free physical = 131 ; free virtual = 8518
Finished Rebuilding User Hierarchy : Time (s): cpu = 00:01:43 ; elapsed = 00:01:53 . Memory (MB): peak = 1516.441 ; gain = 584.602 ; free physical = 128 ; free virtual = 8516
Finished Renaming Generated Ports : Time (s): cpu = 00:01:43 ; elapsed = 00:01:53 . Memory (MB): peak = 1516.441 ; gain = 584.602 ; free physical = 128 ; free virtual = 8516
Finished Handling Custom Attributes : Time (s): cpu = 00:01:43 ; elapsed = 00:01:53 . Memory (MB): peak = 1516.441 ; gain = 584.602 ; free physical = 123 ; free virtual = 8512
Finished Renaming Generated Nets : Time (s): cpu = 00:01:43 ; elapsed = 00:01:53 . Memory (MB): peak = 1516.441 ; gain = 584.602 ; free physical = 123 ; free virtual = 8512

Report Cell Usage: 
+------+-----+------+
|      |Cell |Count |
+------+-----+------+
|1     |LUT1 |     2|
|2     |LUT2 |    15|
|3     |LUT3 |     7|
|4     |LUT4 |    79|
|5     |LUT5 |    12|
|6     |LUT6 |    59|
|7     |FDRE |   130|
+------+-----+------+
Finished Writing Synthesis Report : Time (s): cpu = 00:01:43 ; elapsed = 00:01:53 . Memory (MB): peak = 1516.441 ; gain = 584.602 ; free physical = 123 ; free virtual = 8512
synth_design: Time (s): cpu = 00:01:30 ; elapsed = 00:01:37 . Memory (MB): peak = 1516.449 ; gain = 475.105 ; free physical = 753 ; free virtual = 9075
