#-----------------------------------------------------------
# Vivado v2016.4 (64-bit)
# SW Build 1733598 on Wed Dec 14 22:35:42 MST 2016
# IP Build 1731160 on Wed Dec 14 23:47:21 MST 2016
# Start of session at: Wed Apr 12 10:42:28 2017
# Process ID: 5086
# Current directory: /home/bma/git/fpga_design/redpitaya/vco_only
# Command line: vivado vco_only.xpr
# Log file: /home/bma/git/fpga_design/redpitaya/vco_only/vivado.log
# Journal file: /home/bma/git/fpga_design/redpitaya/vco_only/vivado.jou
#-----------------------------------------------------------
start_gui
open_project vco_only.xpr
Scanning sources...
Finished scanning sources
INFO: [IP_Flow 19-234] Refreshing IP repositories
INFO: [IP_Flow 19-1700] Loaded user IP repository '/home/bma/git/gitlab/oimp/fpga_ip'.
INFO: [IP_Flow 19-2313] Loaded Vivado IP repository '/opt/Xilinx/Vivado/2016.4/data/ip'.
WARNING: [IP_Flow 19-4830] Duplicate Interface found for 'xilinx.com:interface:vga:1.0'. The one found in location '/home/bma/git/gitlab/oimp/fpga_ip/interfaces/vga_v1_0/vga.xml' will take precedence over the same Interface in location '/opt/Xilinx/Vivado/2016.4/data/ip/interfaces/vga_v1_0/vga.xml'
open_project: Time (s): cpu = 00:00:56 ; elapsed = 00:00:38 . Memory (MB): peak = 5937.848 ; gain = 154.418 ; free physical = 1670 ; free virtual = 13784
open_bd_design {/home/bma/git/fpga_design/redpitaya/vco_only/vco_only.srcs/sources_1/bd/vco_only_wrapper/vco_only_wrapper.bd}
Adding cell -- ggm:cogen:ad9767:1.0 - ad9767_0
Adding cell -- ggm:cogen:add_const:1.0 - dac1_offset
Adding cell -- ggm:cogen:add_const:1.0 - dds_ampl
Adding cell -- ggm:cogen:add_const:1.0 - dds_f0
Adding cell -- user.org:user:nco_counter:1.0 - dds_nco
Adding cell -- ggm:cogen:add_const:1.0 - dds_offset
Adding cell -- ggm:cogen:dupplReal_1_to_2:1.0 - dupplReal_1_to_2_0
Adding cell -- gwbs:user:ltc2145:1.0 - ltc2145_0
Adding cell -- xilinx.com:ip:proc_sys_reset:5.0 - proc_sys_reset_0
Adding cell -- xilinx.com:ip:processing_system7:5.5 - processing_system7_0
Adding cell -- ggm:cogen:redpitaya_adc_dac_clk:1.0 - redpitaya_adc_dac_clk_0
Adding cell -- ggm:cogen:twoInMult:1.0 - twoInMult_dds_ampl
Adding cell -- xilinx.com:ip:xlconstant:1.1 - xlconstant_0
Adding cell -- xilinx.com:ip:xlslice:1.0 - xlslice_0
Adding cell -- ggm:cogen:add_const:1.0 - adc1_offset
Adding cell -- ggm:cogen:expanderReal:1.0 - expanderReal_0
Adding cell -- ggm:cogen:add_const:1.0 - dds_range
Adding cell -- ggm:cogen:twoInMult:1.0 - twoInMult_dds_range
WARNING: [BD 41-1731] Type mismatch between connected pins: /proc_sys_reset_0/interconnect_aresetn(rst) and /ltc2145_0/resetn(undef)
WARNING: [BD 41-1731] Type mismatch between connected pins: /proc_sys_reset_0/peripheral_reset(rst) and /ltc2145_0/processing_rst_i(undef)
WARNING: [BD 41-1731] Type mismatch between connected pins: /proc_sys_reset_0/peripheral_reset(rst) and /redpitaya_adc_dac_clk_0/adc_rst_i(undef)
WARNING: [BD 41-1731] Type mismatch between connected pins: /proc_sys_reset_0/peripheral_reset(rst) and /dds_offset/data_rst_i(undef)
WARNING: [BD 41-1731] Type mismatch between connected pins: /proc_sys_reset_0/peripheral_reset(rst) and /dds_ampl/data_rst_i(undef)
WARNING: [BD 41-1731] Type mismatch between connected pins: /proc_sys_reset_0/peripheral_reset(rst) and /dds_nco/ref_rst_i(undef)
WARNING: [BD 41-1731] Type mismatch between connected pins: /proc_sys_reset_0/peripheral_reset(rst) and /dds_range/data_rst_i(undef)
Adding cell -- xilinx.com:ip:axi_crossbar:2.1 - xbar
Adding cell -- xilinx.com:ip:axi_protocol_converter:2.1 - auto_pc
Adding cell -- xilinx.com:ip:axi_protocol_converter:2.1 - auto_pc
Adding cell -- xilinx.com:ip:axi_protocol_converter:2.1 - auto_pc
Adding cell -- xilinx.com:ip:axi_protocol_converter:2.1 - auto_pc
Adding cell -- xilinx.com:ip:axi_protocol_converter:2.1 - auto_pc
Adding cell -- xilinx.com:ip:axi_protocol_converter:2.1 - auto_pc
Adding cell -- xilinx.com:ip:axi_protocol_converter:2.1 - auto_pc
Adding cell -- xilinx.com:ip:axi_protocol_converter:2.1 - auto_pc
Successfully read diagram <vco_only_wrapper> from BD file </home/bma/git/fpga_design/redpitaya/vco_only/vco_only.srcs/sources_1/bd/vco_only_wrapper/vco_only_wrapper.bd>
open_bd_design: Time (s): cpu = 00:00:19 ; elapsed = 00:00:20 . Memory (MB): peak = 6005.445 ; gain = 37.371 ; free physical = 856 ; free virtual = 13057
reset_run impl_1 -prev_step 
launch_runs impl_1 -to_step write_bitstream -jobs 4
[Wed Apr 12 10:45:29 2017] Launched impl_1...
Run output will be captured here: /home/bma/git/fpga_design/redpitaya/vco_only/vco_only.runs/impl_1/runme.log
exit
INFO: [Common 17-206] Exiting Vivado at Wed Apr 12 10:53:15 2017...
