#-----------------------------------------------------------
# Vivado v2016.4 (64-bit)
# SW Build 1733598 on Wed Dec 14 22:35:42 MST 2016
# IP Build 1731160 on Wed Dec 14 23:47:21 MST 2016
# Start of session at: Wed Apr 12 10:40:09 2017
# Process ID: 21734
# Current directory: /home/bma/git/fpga_design/redpitaya/vco_only
# Command line: vivado vco_only.xpr
# Log file: /home/bma/git/fpga_design/redpitaya/vco_only/vivado.log
# Journal file: /home/bma/git/fpga_design/redpitaya/vco_only/vivado.jou
#-----------------------------------------------------------
start_gui
open_project vco_only.xpr
Scanning sources...
Finished scanning sources
INFO: [IP_Flow 19-234] Refreshing IP repositories
INFO: [IP_Flow 19-1700] Loaded user IP repository '/home/bma/git/gitlab/oimp/fpga_ip'.
INFO: [IP_Flow 19-2313] Loaded Vivado IP repository '/opt/Xilinx/Vivado/2016.4/data/ip'.
WARNING: [IP_Flow 19-4830] Duplicate Interface found for 'xilinx.com:interface:vga:1.0'. The one found in location '/home/bma/git/gitlab/oimp/fpga_ip/interfaces/vga_v1_0/vga.xml' will take precedence over the same Interface in location '/opt/Xilinx/Vivado/2016.4/data/ip/interfaces/vga_v1_0/vga.xml'
open_project: Time (s): cpu = 00:00:44 ; elapsed = 00:00:20 . Memory (MB): peak = 5935.730 ; gain = 155.617 ; free physical = 2612 ; free virtual = 14016
save_project_as iq_demod_only /home/bma/git/fpga_design/redpitaya/iq_demod_only -force
exit
INFO: [Common 17-206] Exiting Vivado at Wed Apr 12 10:42:19 2017...
