Copyright 1986-2016 Xilinx, Inc. All Rights Reserved.
--------------------------------------------------------------------------------------------------------
| Tool Version      : Vivado v.2016.2 (lin64) Build 1577090 Thu Jun  2 16:32:35 MDT 2016
| Date              : Tue Sep 13 17:57:47 2016
| Host              : x230 running 64-bit Gentoo Base System release 2.2
| Command           : report_clock_utilization -file top_red_pseudogen_dds_clock_utilization_routed.rpt
| Design            : top_red_pseudogen_dds
| Device            : 7z010-clg400
| Speed File        : -1  PRODUCTION 1.11 2014-09-11
| Temperature Grade : C
--------------------------------------------------------------------------------------------------------

Clock Utilization Report

Table of Contents
-----------------
1. Clock Primitive Utilization
2. Global Clock Resources
3. Global Clock Source Details
4. Local Clock Details
5. Clock Regions: Key Resource Utilization
6. Clock Regions : Global Clock Summary
7. Cell Type Counts per Global Clock: Region X0Y0
8. Cell Type Counts per Global Clock: Region X1Y0
9. Cell Type Counts per Global Clock: Region X0Y1
10. Cell Type Counts per Global Clock: Region X1Y1
11. Load Cell Placement Summary for Global Clock g0
12. Load Cell Placement Summary for Global Clock g1
13. Load Cell Placement Summary for Global Clock g2
14. Load Cell Placement Summary for Global Clock g3
15. Load Cell Placement Summary for Global Clock g4
16. Load Cell Placement Summary for Global Clock g5

1. Clock Primitive Utilization
------------------------------

+----------+------+-----------+-----+--------------+--------+
| Type     | Used | Available | LOC | Clock Region | Pblock |
+----------+------+-----------+-----+--------------+--------+
| BUFGCTRL |    6 |        32 |   0 |            0 |      0 |
| BUFH     |    0 |        48 |   0 |            0 |      0 |
| BUFIO    |    0 |         8 |   0 |            0 |      0 |
| BUFMR    |    0 |         4 |   0 |            0 |      0 |
| BUFR     |    0 |         8 |   0 |            0 |      0 |
| MMCM     |    0 |         2 |   0 |            0 |      0 |
| PLL      |    1 |         2 |   0 |            0 |      0 |
+----------+------+-----------+-----+--------------+--------+


2. Global Clock Resources
-------------------------

+-------+-------+-----------------+------------+---------------+--------------+------+-------------------+---------------+-------------+-----------------+--------------+--------------------+------------------------------------------------------------------------------------------+----------------------------------------------------------------+
| GlbID | SrcId | Driver Type/Pin | Constraint | Site          | Clock Region | Root | Clock Delay Group | Clock Regions | Clock Loads | Non-Clock Loads | Clock Period | Clock              | Driver Pin                                                                               | Net                                                            |
+-------+-------+-----------------+------------+---------------+--------------+------+-------------------+---------------+-------------+-----------------+--------------+--------------------+------------------------------------------------------------------------------------------+----------------------------------------------------------------+
| g0    | src0  | BUFG/O          | None       | BUFGCTRL_X0Y0 | n/a          |      |                   |             2 |         878 |               0 |        8.000 | clk_fpga_0         | redpitaya_axi_wrapper00/u0/processing_system7_0/inst/buffer_fclk_clk_0.FCLK_CLK_0_BUFG/O | redpitaya_axi_wrapper00/u0/processing_system7_0/inst/FCLK_CLK0 |
| g1    | src1  | BUFG/O          | None       | BUFGCTRL_X0Y1 | n/a          |      |                   |             3 |         155 |               0 |        8.000 | dac_clk_out        | analog/adc_dac_clk/i_dac1_buf/O                                                          | analog/adc_dac_clk/dac_clk_o                                   |
| g2    | src1  | BUFG/O          | None       | BUFGCTRL_X0Y2 | n/a          |      |                   |             1 |           1 |               0 |        4.000 | dac_2clk_out       | analog/adc_dac_clk/i_dac2_buf/O                                                          | analog/adc_dac_clk/dac_2clk_o                                  |
| g3    | src1  | BUFG/O          | None       | BUFGCTRL_X0Y3 | n/a          |      |                   |             1 |           1 |               0 |        4.000 | dac_2ph_out        | analog/adc_dac_clk/i_dac2ph_buf/O                                                        | analog/adc_dac_clk/dac_2ph_o                                   |
| g4    | src1  | BUFG/O          | None       | BUFGCTRL_X0Y5 | n/a          |      |                   |             1 |           1 |               0 |        8.000 | dac_clk_fb         | analog/adc_dac_clk/i_dacfb_buf/O                                                         | analog/adc_dac_clk/dac_clk_fb_buf                              |
| g5    | src2  | BUFG/O          | None       | BUFGCTRL_X0Y4 | n/a          |      |                   |             1 |           1 |               0 |        8.000 | analog_adc_clk_p_i | analog/adc_dac_clk/i_adc_buf/O                                                           | analog/adc_dac_clk/i_adc_buf_n_0                               |
+-------+-------+-----------------+------------+---------------+--------------+------+-------------------+---------------+-------------+-----------------+--------------+--------------------+------------------------------------------------------------------------------------------+----------------------------------------------------------------+
* Note: Multiple constraint types applied to the driver. Please check for potential conflicts.


3. Global Clock Source Details
------------------------------

+-------+--------+--------------------+------------+----------------+--------------+-------------+-----------------+---------------------+--------------------+-----------------------------------------------------------------------+-----------------------------------------------------------------------------+
| SrcID | GlbIDs | Driver Type/Pin    | Constraint | Site           | Clock Region | Clock Loads | Non-Clock Loads | Source Clock Period | Source Clock       | Driver Pin                                                            | Net                                                                         |
+-------+--------+--------------------+------------+----------------+--------------+-------------+-----------------+---------------------+--------------------+-----------------------------------------------------------------------+-----------------------------------------------------------------------------+
| src0  | g0     | PS7/FCLKCLK[0]     | PS7_X0Y0   | PS7_X0Y0       | X0Y1         |           0 |               1 |               8.000 | clk_fpga_0         | redpitaya_axi_wrapper00/u0/processing_system7_0/inst/PS7_i/FCLKCLK[0] | redpitaya_axi_wrapper00/u0/processing_system7_0/inst/FCLK_CLK_unbuffered[0] |
| src1  | g2     | PLLE2_ADV/CLKOUT1  | None       | PLLE2_ADV_X0Y0 | X1Y0         |           0 |               1 |               4.000 | dac_2clk_out       | analog/adc_dac_clk/i_dac_plle2/CLKOUT1                                | analog/adc_dac_clk/dac_2clk_out                                             |
| src1  | g3     | PLLE2_ADV/CLKOUT2  | None       | PLLE2_ADV_X0Y0 | X1Y0         |           0 |               1 |               4.000 | dac_2ph_out        | analog/adc_dac_clk/i_dac_plle2/CLKOUT2                                | analog/adc_dac_clk/dac_2ph_out                                              |
| src1  | g4     | PLLE2_ADV/CLKFBOUT | None       | PLLE2_ADV_X0Y0 | X1Y0         |           0 |               1 |               8.000 | dac_clk_fb         | analog/adc_dac_clk/i_dac_plle2/CLKFBOUT                               | analog/adc_dac_clk/dac_clk_fb                                               |
| src1  | g1     | PLLE2_ADV/CLKOUT0  | None       | PLLE2_ADV_X0Y0 | X1Y0         |           0 |               1 |               8.000 | dac_clk_out        | analog/adc_dac_clk/i_dac_plle2/CLKOUT0                                | analog/adc_dac_clk/dac_clk_out                                              |
| src2  | g5     | IBUFDS/O           | IOB_X0Y26  | IOB_X0Y26      | X1Y0         |           0 |               1 |               8.000 | analog_adc_clk_p_i | analog/adc_dac_clk/i_clk/O                                            | analog/adc_dac_clk/adc_clk_in                                               |
+-------+--------+--------------------+------------+----------------+--------------+-------------+-----------------+---------------------+--------------------+-----------------------------------------------------------------------+-----------------------------------------------------------------------------+
* Note: Multiple constraint types applied to the driver. Please check for potential conflicts.


4. Local Clock Details
----------------------

+-------+-----------------+------------+----------+--------------+-------------+-----------------+--------------+-------+------------+-----+
| LocId | Driver Type/Pin | Constraint | Site/BEL | Clock Region | Clock Loads | Non-Clock Loads | Clock Period | Clock | Driver Pin | Net |
+-------+-----------------+------------+----------+--------------+-------------+-----------------+--------------+-------+------------+-----+
* Note: Multiple constraint types applied to the driver. Please check for potential conflicts.


5. Clock Regions: Key Resource Utilization
------------------------------------------

+-------------------+--------------+--------------+--------------+--------------+--------------+--------------+--------------+--------------+--------------+--------------+--------------+--------------+--------------+--------------+--------------+
|                   | Global Clock |     BUFRs    |    BUFMRs    |    BUFIOs    |     MMCM     |      PLL     |      GT      |      PCI     |    ILOGIC    |    OLOGIC    |      FF      |     LUTM     |    RAMB18    |    RAMB36    |    DSP48E2   |
+-------------------+------+-------+------+-------+------+-------+------+-------+------+-------+------+-------+------+-------+------+-------+------+-------+------+-------+------+-------+------+-------+------+-------+------+-------+------+-------+
| Clock Region Name | Used | Avail | Used | Avail | Used | Avail | Used | Avail | Used | Avail | Used | Avail | Used | Avail | Used | Avail | Used | Avail | Used | Avail | Used | Avail | Used | Avail | Used | Avail | Used | Avail | Used | Avail |
+-------------------+------+-------+------+-------+------+-------+------+-------+------+-------+------+-------+------+-------+------+-------+------+-------+------+-------+------+-------+------+-------+------+-------+------+-------+------+-------+
| X0Y0              |    2 |    12 |    0 |     0 |    0 |     0 |    0 |     0 |    0 |     0 |    0 |     0 |    0 |     0 |    0 |     0 |    0 |     0 |    0 |     0 |  592 |  8800 |   25 |  1600 |    0 |     0 |    0 |    10 |    0 |    20 |
| X1Y0              |    2 |    12 |    0 |     4 |    0 |     2 |    0 |     4 |    0 |     1 |    1 |     1 |    0 |     0 |    0 |     0 |    0 |    50 |    0 |    50 |    0 |  8800 |    0 |  1400 |    0 |     0 |    0 |    20 |    0 |    20 |
| X0Y1              |    2 |    12 |    0 |     0 |    0 |     0 |    0 |     0 |    0 |     0 |    0 |     0 |    0 |     0 |    0 |     0 |    0 |     0 |    0 |     0 |   68 |  8800 |    5 |  1600 |    0 |     0 |    0 |    10 |    0 |    20 |
| X1Y1              |    3 |    12 |    0 |     4 |    0 |     2 |    0 |     4 |    0 |     1 |    0 |     1 |    0 |     0 |    0 |     0 |    0 |    50 |   18 |    50 |   47 |  8800 |    1 |  1400 |    0 |     0 |    2 |    20 |    0 |    20 |
+-------------------+------+-------+------+-------+------+-------+------+-------+------+-------+------+-------+------+-------+------+-------+------+-------+------+-------+------+-------+------+-------+------+-------+------+-------+------+-------+
* Used Global Clocks includes only global clock resources based on load placement but does not consider global clock resources used to traverse a clock region. Therefore the actual total of Used Global Clocks may be higher.
** RAMB36 site can be used as two RAMB18/FIFO18 sites.


6. Clock Regions : Global Clock Summary
---------------------------------------

+----+----+----+
|    | X0 | X1 |
+----+----+----+
| Y1 |  2 |  3 |
| Y0 |  2 |  2 |
+----+----+----+
* Used Global Clocks includes only global clock resources based on load placement but does not consider global clock resources used to traverse a clock region. Therefore the actual total of Used Global Clocks may be higher.


7. Cell Type Counts per Global Clock: Region X0Y0
-------------------------------------------------

+-------+-------+-----------------+------------+-------------+-----------------+-----+--------+------+-----+----+------+-----+---------+----------------------------------------------------------------+
| GlbID | Track | Driver Type/Pin | Constraint | Clock Loads | Non-Clock Loads | FF  | LUTRAM | RAMB | DSP | GT | MMCM | PLL | Hard IP | Net                                                            |
+-------+-------+-----------------+------------+-------------+-----------------+-----+--------+------+-----+----+------+-----+---------+----------------------------------------------------------------+
| g0    | n/a   | BUFG/O          | None       |           0 |             562 | 562 |     24 |    0 |   0 |  0 |    0 |   0 |       0 | redpitaya_axi_wrapper00/u0/processing_system7_0/inst/FCLK_CLK0 |
| g1    | n/a   | BUFG/O          | None       |           0 |              30 |  30 |      1 |    0 |   0 |  0 |    0 |   0 |       0 | analog/adc_dac_clk/dac_clk_o                                   |
+-------+-------+-----------------+------------+-------------+-----------------+-----+--------+------+-----+----+------+-----+---------+----------------------------------------------------------------+
* Note: Multiple constraint types applied to the driver. Please check for potential conflicts.


8. Cell Type Counts per Global Clock: Region X1Y0
-------------------------------------------------

+-------+-------+-----------------+------------+-------------+-----------------+----+--------+------+-----+----+------+-----+---------+-----------------------------------+
| GlbID | Track | Driver Type/Pin | Constraint | Clock Loads | Non-Clock Loads | FF | LUTRAM | RAMB | DSP | GT | MMCM | PLL | Hard IP | Net                               |
+-------+-------+-----------------+------------+-------------+-----------------+----+--------+------+-----+----+------+-----+---------+-----------------------------------+
| g4    | n/a   | BUFG/O          | None       |           1 |               0 |  0 |      0 |    0 |   0 |  0 |    0 |   1 |       0 | analog/adc_dac_clk/dac_clk_fb_buf |
| g5    | n/a   | BUFG/O          | None       |           1 |               0 |  0 |      0 |    0 |   0 |  0 |    0 |   1 |       0 | analog/adc_dac_clk/i_adc_buf_n_0  |
+-------+-------+-----------------+------------+-------------+-----------------+----+--------+------+-----+----+------+-----+---------+-----------------------------------+
* Note: Multiple constraint types applied to the driver. Please check for potential conflicts.


9. Cell Type Counts per Global Clock: Region X0Y1
-------------------------------------------------

+-------+-------+-----------------+------------+-------------+-----------------+----+--------+------+-----+----+------+-----+---------+----------------------------------------------------------------+
| GlbID | Track | Driver Type/Pin | Constraint | Clock Loads | Non-Clock Loads | FF | LUTRAM | RAMB | DSP | GT | MMCM | PLL | Hard IP | Net                                                            |
+-------+-------+-----------------+------------+-------------+-----------------+----+--------+------+-----+----+------+-----+---------+----------------------------------------------------------------+
| g0    | n/a   | BUFG/O          | None       |           0 |              52 | 51 |      4 |    0 |   0 |  0 |    0 |   0 |       0 | redpitaya_axi_wrapper00/u0/processing_system7_0/inst/FCLK_CLK0 |
| g1    | n/a   | BUFG/O          | None       |           0 |              17 | 17 |      1 |    0 |   0 |  0 |    0 |   0 |       0 | analog/adc_dac_clk/dac_clk_o                                   |
+-------+-------+-----------------+------------+-------------+-----------------+----+--------+------+-----+----+------+-----+---------+----------------------------------------------------------------+
* Note: Multiple constraint types applied to the driver. Please check for potential conflicts.


10. Cell Type Counts per Global Clock: Region X1Y1
--------------------------------------------------

+-------+-------+-----------------+------------+-------------+-----------------+----+--------+------+-----+----+------+-----+---------+-------------------------------+
| GlbID | Track | Driver Type/Pin | Constraint | Clock Loads | Non-Clock Loads | FF | LUTRAM | RAMB | DSP | GT | MMCM | PLL | Hard IP | Net                           |
+-------+-------+-----------------+------------+-------------+-----------------+----+--------+------+-----+----+------+-----+---------+-------------------------------+
| g1    | n/a   | BUFG/O          | None       |           0 |              65 | 47 |      1 |    2 |   0 |  0 |    0 |   0 |       0 | analog/adc_dac_clk/dac_clk_o  |
| g2    | n/a   | BUFG/O          | None       |           0 |               1 |  0 |      0 |    0 |   0 |  0 |    0 |   0 |       0 | analog/adc_dac_clk/dac_2clk_o |
| g3    | n/a   | BUFG/O          | None       |           0 |               1 |  0 |      0 |    0 |   0 |  0 |    0 |   0 |       0 | analog/adc_dac_clk/dac_2ph_o  |
+-------+-------+-----------------+------------+-------------+-----------------+----+--------+------+-----+----+------+-----+---------+-------------------------------+
* Note: Multiple constraint types applied to the driver. Please check for potential conflicts.


11. Load Cell Placement Summary for Global Clock g0
---------------------------------------------------

+-------+-----------------+-------------------+------------+-------------+---------------+----------+-------------+----------+-------------+----+----------------------------------------------------------------+
| GlbID | Driver Type/Pin | Driver Region (D) | Clock      | Period (ns) | Waveform (ns) | Root (R) | Slice Loads | IO Loads | Clock Loads | GT | Net                                                            |
+-------+-----------------+-------------------+------------+-------------+---------------+----------+-------------+----------+-------------+----+----------------------------------------------------------------+
| g0    | BUFG/O          | n/a               | clk_fpga_0 |       8.000 | {0.000 4.000} |          |         614 |        0 |           0 |  0 | redpitaya_axi_wrapper00/u0/processing_system7_0/inst/FCLK_CLK0 |
+-------+-----------------+-------------------+------------+-------------+---------------+----------+-------------+----------+-------------+----+----------------------------------------------------------------+


+----+------+----+
|    | X0   | X1 |
+----+------+----+
| Y1 |   52 |  0 |
| Y0 |  562 |  0 |
+----+------+----+


12. Load Cell Placement Summary for Global Clock g1
---------------------------------------------------

+-------+-----------------+-------------------+-------------+-------------+---------------+----------+-------------+----------+-------------+----+------------------------------+
| GlbID | Driver Type/Pin | Driver Region (D) | Clock       | Period (ns) | Waveform (ns) | Root (R) | Slice Loads | IO Loads | Clock Loads | GT | Net                          |
+-------+-----------------+-------------------+-------------+-------------+---------------+----------+-------------+----------+-------------+----+------------------------------+
| g1    | BUFG/O          | n/a               | dac_clk_out |       8.000 | {0.000 4.000} |          |         112 |        0 |           0 |  0 | analog/adc_dac_clk/dac_clk_o |
+-------+-----------------+-------------------+-------------+-------------+---------------+----------+-------------+----------+-------------+----+------------------------------+


+----+-----+-----+
|    | X0  | X1  |
+----+-----+-----+
| Y1 |  17 |  65 |
| Y0 |  30 |   0 |
+----+-----+-----+


13. Load Cell Placement Summary for Global Clock g2
---------------------------------------------------

+-------+-----------------+-------------------+--------------+-------------+---------------+----------+-------------+----------+-------------+----+-------------------------------+
| GlbID | Driver Type/Pin | Driver Region (D) | Clock        | Period (ns) | Waveform (ns) | Root (R) | Slice Loads | IO Loads | Clock Loads | GT | Net                           |
+-------+-----------------+-------------------+--------------+-------------+---------------+----------+-------------+----------+-------------+----+-------------------------------+
| g2    | BUFG/O          | n/a               | dac_2clk_out |       4.000 | {0.000 2.000} |          |           1 |        0 |           0 |  0 | analog/adc_dac_clk/dac_2clk_o |
+-------+-----------------+-------------------+--------------+-------------+---------------+----------+-------------+----------+-------------+----+-------------------------------+


+----+----+----+
|    | X0 | X1 |
+----+----+----+
| Y1 |  0 |  1 |
| Y0 |  0 |  0 |
+----+----+----+


14. Load Cell Placement Summary for Global Clock g3
---------------------------------------------------

+-------+-----------------+-------------------+-------------+-------------+----------------+----------+-------------+----------+-------------+----+------------------------------+
| GlbID | Driver Type/Pin | Driver Region (D) | Clock       | Period (ns) | Waveform (ns)  | Root (R) | Slice Loads | IO Loads | Clock Loads | GT | Net                          |
+-------+-----------------+-------------------+-------------+-------------+----------------+----------+-------------+----------+-------------+----+------------------------------+
| g3    | BUFG/O          | n/a               | dac_2ph_out |       4.000 | {-0.500 1.500} |          |           1 |        0 |           0 |  0 | analog/adc_dac_clk/dac_2ph_o |
+-------+-----------------+-------------------+-------------+-------------+----------------+----------+-------------+----------+-------------+----+------------------------------+


+----+----+----+
|    | X0 | X1 |
+----+----+----+
| Y1 |  0 |  1 |
| Y0 |  0 |  0 |
+----+----+----+


15. Load Cell Placement Summary for Global Clock g4
---------------------------------------------------

+-------+-----------------+-------------------+------------+-------------+---------------+----------+-------------+----------+-------------+----+-----------------------------------+
| GlbID | Driver Type/Pin | Driver Region (D) | Clock      | Period (ns) | Waveform (ns) | Root (R) | Slice Loads | IO Loads | Clock Loads | GT | Net                               |
+-------+-----------------+-------------------+------------+-------------+---------------+----------+-------------+----------+-------------+----+-----------------------------------+
| g4    | BUFG/O          | n/a               | dac_clk_fb |       8.000 | {0.000 4.000} |          |           0 |        0 |           1 |  0 | analog/adc_dac_clk/dac_clk_fb_buf |
+-------+-----------------+-------------------+------------+-------------+---------------+----------+-------------+----------+-------------+----+-----------------------------------+


+----+----+----+
|    | X0 | X1 |
+----+----+----+
| Y1 |  0 |  0 |
| Y0 |  0 |  1 |
+----+----+----+


16. Load Cell Placement Summary for Global Clock g5
---------------------------------------------------

+-------+-----------------+-------------------+--------------------+-------------+---------------+----------+-------------+----------+-------------+----+----------------------------------+
| GlbID | Driver Type/Pin | Driver Region (D) | Clock              | Period (ns) | Waveform (ns) | Root (R) | Slice Loads | IO Loads | Clock Loads | GT | Net                              |
+-------+-----------------+-------------------+--------------------+-------------+---------------+----------+-------------+----------+-------------+----+----------------------------------+
| g5    | BUFG/O          | n/a               | analog_adc_clk_p_i |       8.000 | {0.000 4.000} |          |           0 |        0 |           1 |  0 | analog/adc_dac_clk/i_adc_buf_n_0 |
+-------+-----------------+-------------------+--------------------+-------------+---------------+----------+-------------+----------+-------------+----+----------------------------------+


+----+----+----+
|    | X0 | X1 |
+----+----+----+
| Y1 |  0 |  0 |
| Y0 |  0 |  1 |
+----+----+----+



# Location of BUFG Primitives 
set_property LOC BUFGCTRL_X0Y0 [get_cells redpitaya_axi_wrapper00/u0/processing_system7_0/inst/buffer_fclk_clk_0.FCLK_CLK_0_BUFG]
set_property LOC BUFGCTRL_X0Y4 [get_cells analog/adc_dac_clk/i_adc_buf]
set_property LOC BUFGCTRL_X0Y1 [get_cells analog/adc_dac_clk/i_dac1_buf]
set_property LOC BUFGCTRL_X0Y5 [get_cells analog/adc_dac_clk/i_dacfb_buf]
set_property LOC BUFGCTRL_X0Y3 [get_cells analog/adc_dac_clk/i_dac2ph_buf]
set_property LOC BUFGCTRL_X0Y2 [get_cells analog/adc_dac_clk/i_dac2_buf]

# Location of IO Primitives which is load of clock spine

# Location of clock ports
set_property LOC IOB_X0Y25 [get_ports analog_adc_clk_n_i]
set_property LOC IOB_X0Y26 [get_ports analog_adc_clk_p_i]

# Clock net "redpitaya_axi_wrapper00/u0/processing_system7_0/inst/FCLK_CLK0" driven by instance "redpitaya_axi_wrapper00/u0/processing_system7_0/inst/buffer_fclk_clk_0.FCLK_CLK_0_BUFG" located at site "BUFGCTRL_X0Y0"
#startgroup
create_pblock {CLKAG_redpitaya_axi_wrapper00/u0/processing_system7_0/inst/FCLK_CLK0}
add_cells_to_pblock [get_pblocks  {CLKAG_redpitaya_axi_wrapper00/u0/processing_system7_0/inst/FCLK_CLK0}] [get_cells -filter { PRIMITIVE_GROUP != I/O && IS_PRIMITIVE==1 && PRIMITIVE_LEVEL !=INTERNAL } -of_object [get_pins -filter {DIRECTION==IN} -of_objects [get_nets -hierarchical -filter {PARENT=="redpitaya_axi_wrapper00/u0/processing_system7_0/inst/FCLK_CLK0"}]]]
resize_pblock [get_pblocks {CLKAG_redpitaya_axi_wrapper00/u0/processing_system7_0/inst/FCLK_CLK0}] -add {CLOCKREGION_X0Y0:CLOCKREGION_X0Y0 CLOCKREGION_X0Y1:CLOCKREGION_X0Y1}
#endgroup

# Clock net "analog/adc_dac_clk/dac_clk_o" driven by instance "analog/adc_dac_clk/i_dac1_buf" located at site "BUFGCTRL_X0Y1"
#startgroup
create_pblock {CLKAG_analog/adc_dac_clk/dac_clk_o}
add_cells_to_pblock [get_pblocks  {CLKAG_analog/adc_dac_clk/dac_clk_o}] [get_cells -filter { PRIMITIVE_GROUP != I/O && IS_PRIMITIVE==1 && PRIMITIVE_LEVEL !=INTERNAL } -of_object [get_pins -filter {DIRECTION==IN} -of_objects [get_nets -hierarchical -filter {PARENT=="analog/adc_dac_clk/dac_clk_o"}]]]
resize_pblock [get_pblocks {CLKAG_analog/adc_dac_clk/dac_clk_o}] -add {CLOCKREGION_X0Y0:CLOCKREGION_X0Y0 CLOCKREGION_X0Y1:CLOCKREGION_X0Y1 CLOCKREGION_X1Y1:CLOCKREGION_X1Y1}
#endgroup

# Clock net "analog/adc_dac_clk/dac_2ph_o" driven by instance "analog/adc_dac_clk/i_dac2ph_buf" located at site "BUFGCTRL_X0Y3"
#startgroup
create_pblock {CLKAG_analog/adc_dac_clk/dac_2ph_o}
add_cells_to_pblock [get_pblocks  {CLKAG_analog/adc_dac_clk/dac_2ph_o}] [get_cells -filter { PRIMITIVE_GROUP != I/O && IS_PRIMITIVE==1 && PRIMITIVE_LEVEL !=INTERNAL } -of_object [get_pins -filter {DIRECTION==IN} -of_objects [get_nets -hierarchical -filter {PARENT=="analog/adc_dac_clk/dac_2ph_o"}]]]
resize_pblock [get_pblocks {CLKAG_analog/adc_dac_clk/dac_2ph_o}] -add {CLOCKREGION_X1Y1:CLOCKREGION_X1Y1}
#endgroup

# Clock net "analog/adc_dac_clk/dac_2clk_o" driven by instance "analog/adc_dac_clk/i_dac2_buf" located at site "BUFGCTRL_X0Y2"
#startgroup
create_pblock {CLKAG_analog/adc_dac_clk/dac_2clk_o}
add_cells_to_pblock [get_pblocks  {CLKAG_analog/adc_dac_clk/dac_2clk_o}] [get_cells -filter { PRIMITIVE_GROUP != I/O && IS_PRIMITIVE==1 && PRIMITIVE_LEVEL !=INTERNAL } -of_object [get_pins -filter {DIRECTION==IN} -of_objects [get_nets -hierarchical -filter {PARENT=="analog/adc_dac_clk/dac_2clk_o"}]]]
resize_pblock [get_pblocks {CLKAG_analog/adc_dac_clk/dac_2clk_o}] -add {CLOCKREGION_X1Y1:CLOCKREGION_X1Y1}
#endgroup
