Copyright 1986-2016 Xilinx, Inc. All Rights Reserved.
------------------------------------------------------------------------------------
| Tool Version : Vivado v.2016.4 (lin64) Build 1733598 Wed Dec 14 22:35:42 MST 2016
| Date         : Tue Mar 21 11:46:11 2017
| Host         : ux305 running 64-bit Debian GNU/Linux 9.0 (stretch)
| Command      : upgrade_ip
| Device       : xc7z010clg400-1
------------------------------------------------------------------------------------

Upgrade Log for IP 'adc2dac_ram_offset_add_const_0_1'

1. Summary
----------

SUCCESS in the upgrade of adc2dac_ram_offset_add_const_0_1 (ggm:cogen:add_const:1.0) from (Rev. 15) to (Rev. 16)






Copyright 1986-2016 Xilinx, Inc. All Rights Reserved.
------------------------------------------------------------------------------------
| Tool Version : Vivado v.2016.4 (lin64) Build 1733598 Wed Dec 14 22:35:42 MST 2016
| Date         : Tue Mar 21 11:46:11 2017
| Host         : ux305 running 64-bit Debian GNU/Linux 9.0 (stretch)
| Command      : upgrade_ip
| Device       : xc7z010clg400-1
------------------------------------------------------------------------------------

Upgrade Log for IP 'adc2dac_ram_offset_add_const_0_0'

1. Summary
----------

SUCCESS in the upgrade of adc2dac_ram_offset_add_const_0_0 (ggm:cogen:add_const:1.0) from (Rev. 15) to (Rev. 16)






Copyright 1986-2016 Xilinx, Inc. All Rights Reserved.
------------------------------------------------------------------------------------
| Tool Version : Vivado v.2016.4 (lin64) Build 1733598 Wed Dec 14 22:35:42 MST 2016
| Date         : Tue Mar  7 09:58:28 2017
| Host         : ux305 running 64-bit Debian GNU/Linux 9.0 (stretch)
| Command      : upgrade_ip
| Device       : xc7z010clg400-1
------------------------------------------------------------------------------------

Upgrade Log for IP 'adc2dac_ram_offset_data16_multi_to_ram_0_0'

1. Summary
----------

SUCCESS in the upgrade of adc2dac_ram_offset_data16_multi_to_ram_0_0 (ggm:cogen:data16_multi_to_ram:1.0) from (Rev. 6) to (Rev. 7)

