
*** Running vivado
    with args -log double_dds_wrapper.vdi -applog -m64 -product Vivado -messageDb vivado.pb -mode batch -source double_dds_wrapper.tcl -notrace


****** Vivado v2019.2 (64-bit)
  **** SW Build 2708876 on Wed Nov  6 21:39:14 MST 2019
  **** IP Build 2700528 on Thu Nov  7 00:09:20 MST 2019
    ** Copyright 1986-2019 Xilinx, Inc. All Rights Reserved.

source double_dds_wrapper.tcl -notrace
INFO: [IP_Flow 19-234] Refreshing IP repositories
INFO: [IP_Flow 19-1700] Loaded user IP repository '/home/bma/git/github/oscimpDigital/fpga_ip'.
INFO: [IP_Flow 19-2313] Loaded Vivado IP repository '/opt/Xilinx/Vivado/2019.2/data/ip'.
Command: link_design -top double_dds_wrapper -part xc7z010clg400-1
Design is defaulting to srcset: sources_1
Design is defaulting to constrset: constrs_1
INFO: [Device 21-403] Loading part xc7z010clg400-1
INFO: [Project 1-454] Reading design checkpoint '/home/bma/git/fpga_design/redpitaya/double_dds/design/tmp/double_dds.srcs/sources_1/bd/double_dds/ip/double_dds_adc1_offset_0/double_dds_adc1_offset_0.dcp' for cell 'double_dds_i/adc1_offset'
INFO: [Project 1-454] Reading design checkpoint '/home/bma/git/fpga_design/redpitaya/double_dds/design/tmp/double_dds.srcs/sources_1/bd/double_dds/ip/double_dds_adc2_offset_0/double_dds_adc2_offset_0.dcp' for cell 'double_dds_i/adc2_offset'
INFO: [Project 1-454] Reading design checkpoint '/home/bma/git/fpga_design/redpitaya/double_dds/design/tmp/double_dds.srcs/sources_1/bd/double_dds/ip/double_dds_conv_nco_counter_1_0/double_dds_conv_nco_counter_1_0.dcp' for cell 'double_dds_i/conv_nco_counter_1'
INFO: [Project 1-454] Reading design checkpoint '/home/bma/git/fpga_design/redpitaya/double_dds/design/tmp/double_dds.srcs/sources_1/bd/double_dds/ip/double_dds_conv_nco_counter_2_0/double_dds_conv_nco_counter_2_0.dcp' for cell 'double_dds_i/conv_nco_counter_2'
INFO: [Project 1-454] Reading design checkpoint '/home/bma/git/fpga_design/redpitaya/double_dds/design/tmp/double_dds.srcs/sources_1/bd/double_dds/ip/double_dds_dataReal_to_ram_1_0/double_dds_dataReal_to_ram_1_0.dcp' for cell 'double_dds_i/dataReal_to_ram_1'
INFO: [Project 1-454] Reading design checkpoint '/home/bma/git/fpga_design/redpitaya/double_dds/design/tmp/double_dds.srcs/sources_1/bd/double_dds/ip/double_dds_dds1_offset_0/double_dds_dds1_offset_0.dcp' for cell 'double_dds_i/dds1_offset'
INFO: [Project 1-454] Reading design checkpoint '/home/bma/git/fpga_design/redpitaya/double_dds/design/tmp/double_dds.srcs/sources_1/bd/double_dds/ip/double_dds_dds2_offset_0/double_dds_dds2_offset_0.dcp' for cell 'double_dds_i/dds2_offset'
INFO: [Project 1-454] Reading design checkpoint '/home/bma/git/fpga_design/redpitaya/double_dds/design/tmp/double_dds.srcs/sources_1/bd/double_dds/ip/double_dds_dds_ampl_0/double_dds_dds_ampl_0.dcp' for cell 'double_dds_i/dds_ampl'
INFO: [Project 1-454] Reading design checkpoint '/home/bma/git/fpga_design/redpitaya/double_dds/design/tmp/double_dds.srcs/sources_1/bd/double_dds/ip/double_dds_mixer_sin_1_0/double_dds_mixer_sin_1_0.dcp' for cell 'double_dds_i/mixer_sin_1'
INFO: [Project 1-454] Reading design checkpoint '/home/bma/git/fpga_design/redpitaya/double_dds/design/tmp/double_dds.srcs/sources_1/bd/double_dds/ip/double_dds_mixer_sin_2_0/double_dds_mixer_sin_2_0.dcp' for cell 'double_dds_i/mixer_sin_2'
INFO: [Project 1-454] Reading design checkpoint '/home/bma/git/fpga_design/redpitaya/double_dds/design/tmp/double_dds.srcs/sources_1/bd/double_dds/ip/double_dds_nco_counter_1_0/double_dds_nco_counter_1_0.dcp' for cell 'double_dds_i/nco_counter_1'
INFO: [Project 1-454] Reading design checkpoint '/home/bma/git/fpga_design/redpitaya/double_dds/design/tmp/double_dds.srcs/sources_1/bd/double_dds/ip/double_dds_nco_counter_2_0/double_dds_nco_counter_2_0.dcp' for cell 'double_dds_i/nco_counter_2'
INFO: [Project 1-454] Reading design checkpoint '/home/bma/git/fpga_design/redpitaya/double_dds/design/tmp/double_dds.srcs/sources_1/bd/double_dds/ip/double_dds_ps7_0/double_dds_ps7_0.dcp' for cell 'double_dds_i/ps7'
INFO: [Project 1-454] Reading design checkpoint '/home/bma/git/fpga_design/redpitaya/double_dds/design/tmp/double_dds.srcs/sources_1/bd/double_dds/ip/double_dds_ps7_rst_0/double_dds_ps7_rst_0.dcp' for cell 'double_dds_i/ps7_rst'
INFO: [Project 1-454] Reading design checkpoint '/home/bma/git/fpga_design/redpitaya/double_dds/design/tmp/double_dds.srcs/sources_1/bd/double_dds/ip/double_dds_redpitaya_converters_0_0/double_dds_redpitaya_converters_0_0.dcp' for cell 'double_dds_i/redpitaya_converters_0'
INFO: [Project 1-454] Reading design checkpoint '/home/bma/git/fpga_design/redpitaya/double_dds/design/tmp/double_dds.srcs/sources_1/bd/double_dds/ip/double_dds_xbar_0/double_dds_xbar_0.dcp' for cell 'double_dds_i/ps7_axi/xbar'
INFO: [Project 1-454] Reading design checkpoint '/home/bma/git/fpga_design/redpitaya/double_dds/design/tmp/double_dds.srcs/sources_1/bd/double_dds/ip/double_dds_auto_pc_0/double_dds_auto_pc_0.dcp' for cell 'double_dds_i/ps7_axi/s00_couplers/auto_pc'
Netlist sorting complete. Time (s): cpu = 00:00:00.11 ; elapsed = 00:00:00.11 . Memory (MB): peak = 1681.461 ; gain = 0.000 ; free physical = 3331 ; free virtual = 28867
INFO: [Netlist 29-17] Analyzing 121 Unisim elements for replacement
INFO: [Netlist 29-28] Unisim Transformation completed in 0 CPU seconds
INFO: [Project 1-479] Netlist was created with Vivado 2019.2
INFO: [Project 1-570] Preparing netlist for logic optimization
Parsing XDC File [/home/bma/git/fpga_design/redpitaya/double_dds/design/tmp/double_dds.srcs/sources_1/bd/double_dds/ip/double_dds_ps7_0/double_dds_ps7_0.xdc] for cell 'double_dds_i/ps7/inst'
Finished Parsing XDC File [/home/bma/git/fpga_design/redpitaya/double_dds/design/tmp/double_dds.srcs/sources_1/bd/double_dds/ip/double_dds_ps7_0/double_dds_ps7_0.xdc] for cell 'double_dds_i/ps7/inst'
Parsing XDC File [/home/bma/git/fpga_design/redpitaya/double_dds/design/tmp/double_dds.srcs/sources_1/bd/double_dds/ip/double_dds_ps7_rst_0/double_dds_ps7_rst_0_board.xdc] for cell 'double_dds_i/ps7_rst/U0'
Finished Parsing XDC File [/home/bma/git/fpga_design/redpitaya/double_dds/design/tmp/double_dds.srcs/sources_1/bd/double_dds/ip/double_dds_ps7_rst_0/double_dds_ps7_rst_0_board.xdc] for cell 'double_dds_i/ps7_rst/U0'
Parsing XDC File [/home/bma/git/fpga_design/redpitaya/double_dds/design/tmp/double_dds.srcs/sources_1/bd/double_dds/ip/double_dds_ps7_rst_0/double_dds_ps7_rst_0.xdc] for cell 'double_dds_i/ps7_rst/U0'
Finished Parsing XDC File [/home/bma/git/fpga_design/redpitaya/double_dds/design/tmp/double_dds.srcs/sources_1/bd/double_dds/ip/double_dds_ps7_rst_0/double_dds_ps7_rst_0.xdc] for cell 'double_dds_i/ps7_rst/U0'
Parsing XDC File [/home/bma/git/fpga_design/redpitaya/double_dds/design/tmp/double_dds.srcs/sources_1/bd/double_dds/ip/double_dds_dds1_offset_0/add_constReal.xdc] for cell 'double_dds_i/dds1_offset/U0'
Finished Parsing XDC File [/home/bma/git/fpga_design/redpitaya/double_dds/design/tmp/double_dds.srcs/sources_1/bd/double_dds/ip/double_dds_dds1_offset_0/add_constReal.xdc] for cell 'double_dds_i/dds1_offset/U0'
Parsing XDC File [/home/bma/git/fpga_design/redpitaya/double_dds/design/tmp/double_dds.srcs/sources_1/bd/double_dds/ip/double_dds_dds2_offset_0/add_constReal.xdc] for cell 'double_dds_i/dds2_offset/U0'
Finished Parsing XDC File [/home/bma/git/fpga_design/redpitaya/double_dds/design/tmp/double_dds.srcs/sources_1/bd/double_dds/ip/double_dds_dds2_offset_0/add_constReal.xdc] for cell 'double_dds_i/dds2_offset/U0'
Parsing XDC File [/home/bma/git/fpga_design/redpitaya/double_dds/design/tmp/double_dds.srcs/sources_1/bd/double_dds/ip/double_dds_adc1_offset_0/add_constReal.xdc] for cell 'double_dds_i/adc1_offset/U0'
Finished Parsing XDC File [/home/bma/git/fpga_design/redpitaya/double_dds/design/tmp/double_dds.srcs/sources_1/bd/double_dds/ip/double_dds_adc1_offset_0/add_constReal.xdc] for cell 'double_dds_i/adc1_offset/U0'
Parsing XDC File [/home/bma/git/fpga_design/redpitaya/double_dds/design/tmp/double_dds.srcs/sources_1/bd/double_dds/ip/double_dds_adc2_offset_0/add_constReal.xdc] for cell 'double_dds_i/adc2_offset/U0'
Finished Parsing XDC File [/home/bma/git/fpga_design/redpitaya/double_dds/design/tmp/double_dds.srcs/sources_1/bd/double_dds/ip/double_dds_adc2_offset_0/add_constReal.xdc] for cell 'double_dds_i/adc2_offset/U0'
Parsing XDC File [/home/bma/git/github/oscimpDigital/fpga_ip/redpitaya_converters/redpitaya_converters_adc.xdc]
Finished Parsing XDC File [/home/bma/git/github/oscimpDigital/fpga_ip/redpitaya_converters/redpitaya_converters_adc.xdc]
Parsing XDC File [/home/bma/git/github/oscimpDigital/fpga_ip/redpitaya_converters/redpitaya_converters.xdc]
Finished Parsing XDC File [/home/bma/git/github/oscimpDigital/fpga_ip/redpitaya_converters/redpitaya_converters.xdc]
Parsing XDC File [/home/bma/git/fpga_design/redpitaya/double_dds/design/pwm_axi_test.xdc]
WARNING: [Vivado 12-584] No ports matched 'pwm_o'. [/home/bma/git/fpga_design/redpitaya/double_dds/design/pwm_axi_test.xdc:1]
CRITICAL WARNING: [Common 17-55] 'set_property' expects at least one object. [/home/bma/git/fpga_design/redpitaya/double_dds/design/pwm_axi_test.xdc:1]
Resolution: If [get_<value>] was used to populate the object, check to make sure this command returns at least one valid object.
WARNING: [Vivado 12-584] No ports matched 'pwm_o'. [/home/bma/git/fpga_design/redpitaya/double_dds/design/pwm_axi_test.xdc:2]
CRITICAL WARNING: [Common 17-55] 'set_property' expects at least one object. [/home/bma/git/fpga_design/redpitaya/double_dds/design/pwm_axi_test.xdc:2]
Resolution: If [get_<value>] was used to populate the object, check to make sure this command returns at least one valid object.
WARNING: [Vivado 12-584] No ports matched 'pwm_o'. [/home/bma/git/fpga_design/redpitaya/double_dds/design/pwm_axi_test.xdc:3]
CRITICAL WARNING: [Common 17-55] 'set_property' expects at least one object. [/home/bma/git/fpga_design/redpitaya/double_dds/design/pwm_axi_test.xdc:3]
Resolution: If [get_<value>] was used to populate the object, check to make sure this command returns at least one valid object.
WARNING: [Vivado 12-584] No ports matched 'pwm_o'. [/home/bma/git/fpga_design/redpitaya/double_dds/design/pwm_axi_test.xdc:4]
CRITICAL WARNING: [Common 17-55] 'set_property' expects at least one object. [/home/bma/git/fpga_design/redpitaya/double_dds/design/pwm_axi_test.xdc:4]
Resolution: If [get_<value>] was used to populate the object, check to make sure this command returns at least one valid object.
WARNING: [Vivado 12-584] No ports matched 'pwm_o'. [/home/bma/git/fpga_design/redpitaya/double_dds/design/pwm_axi_test.xdc:5]
CRITICAL WARNING: [Common 17-55] 'set_property' expects at least one object. [/home/bma/git/fpga_design/redpitaya/double_dds/design/pwm_axi_test.xdc:5]
Resolution: If [get_<value>] was used to populate the object, check to make sure this command returns at least one valid object.
WARNING: [Vivado 12-584] No ports matched 'pwm_1'. [/home/bma/git/fpga_design/redpitaya/double_dds/design/pwm_axi_test.xdc:7]
CRITICAL WARNING: [Common 17-55] 'set_property' expects at least one object. [/home/bma/git/fpga_design/redpitaya/double_dds/design/pwm_axi_test.xdc:7]
Resolution: If [get_<value>] was used to populate the object, check to make sure this command returns at least one valid object.
WARNING: [Vivado 12-584] No ports matched 'pwm_1'. [/home/bma/git/fpga_design/redpitaya/double_dds/design/pwm_axi_test.xdc:8]
CRITICAL WARNING: [Common 17-55] 'set_property' expects at least one object. [/home/bma/git/fpga_design/redpitaya/double_dds/design/pwm_axi_test.xdc:8]
Resolution: If [get_<value>] was used to populate the object, check to make sure this command returns at least one valid object.
WARNING: [Vivado 12-584] No ports matched 'pwm_1'. [/home/bma/git/fpga_design/redpitaya/double_dds/design/pwm_axi_test.xdc:9]
CRITICAL WARNING: [Common 17-55] 'set_property' expects at least one object. [/home/bma/git/fpga_design/redpitaya/double_dds/design/pwm_axi_test.xdc:9]
Resolution: If [get_<value>] was used to populate the object, check to make sure this command returns at least one valid object.
WARNING: [Vivado 12-584] No ports matched 'pwm_1'. [/home/bma/git/fpga_design/redpitaya/double_dds/design/pwm_axi_test.xdc:10]
CRITICAL WARNING: [Common 17-55] 'set_property' expects at least one object. [/home/bma/git/fpga_design/redpitaya/double_dds/design/pwm_axi_test.xdc:10]
Resolution: If [get_<value>] was used to populate the object, check to make sure this command returns at least one valid object.
WARNING: [Vivado 12-584] No ports matched 'pwm_1'. [/home/bma/git/fpga_design/redpitaya/double_dds/design/pwm_axi_test.xdc:11]
CRITICAL WARNING: [Common 17-55] 'set_property' expects at least one object. [/home/bma/git/fpga_design/redpitaya/double_dds/design/pwm_axi_test.xdc:11]
Resolution: If [get_<value>] was used to populate the object, check to make sure this command returns at least one valid object.
Finished Parsing XDC File [/home/bma/git/fpga_design/redpitaya/double_dds/design/pwm_axi_test.xdc]
Parsing XDC File [/home/bma/git/fpga_design/redpitaya/double_dds/design/tmp/double_dds.srcs/sources_1/bd/double_dds/ip/double_dds_redpitaya_converters_0_0/redpitaya_converters_ooc.xdc] for cell 'double_dds_i/redpitaya_converters_0/U0'
INFO: [Timing 38-35] Done setting XDC timing constraints. [/home/bma/git/fpga_design/redpitaya/double_dds/design/tmp/double_dds.srcs/sources_1/bd/double_dds/ip/double_dds_redpitaya_converters_0_0/redpitaya_converters_ooc.xdc:9]
INFO: [Timing 38-2] Deriving generated clocks [/home/bma/git/fpga_design/redpitaya/double_dds/design/tmp/double_dds.srcs/sources_1/bd/double_dds/ip/double_dds_redpitaya_converters_0_0/redpitaya_converters_ooc.xdc:9]
get_clocks: Time (s): cpu = 00:00:13 ; elapsed = 00:00:16 . Memory (MB): peak = 2275.715 ; gain = 455.805 ; free physical = 2810 ; free virtual = 28345
Finished Parsing XDC File [/home/bma/git/fpga_design/redpitaya/double_dds/design/tmp/double_dds.srcs/sources_1/bd/double_dds/ip/double_dds_redpitaya_converters_0_0/redpitaya_converters_ooc.xdc] for cell 'double_dds_i/redpitaya_converters_0/U0'
Parsing XDC File [/home/bma/git/fpga_design/redpitaya/double_dds/design/tmp/double_dds.srcs/sources_1/bd/double_dds/ip/double_dds_dds_ampl_0/axi_to_dac.xdc] for cell 'double_dds_i/dds_ampl/U0'
Finished Parsing XDC File [/home/bma/git/fpga_design/redpitaya/double_dds/design/tmp/double_dds.srcs/sources_1/bd/double_dds/ip/double_dds_dds_ampl_0/axi_to_dac.xdc] for cell 'double_dds_i/dds_ampl/U0'
Parsing XDC File [/home/bma/git/fpga_design/redpitaya/double_dds/design/tmp/double_dds.srcs/sources_1/bd/double_dds/ip/double_dds_nco_counter_1_0/nco_counter.xdc] for cell 'double_dds_i/nco_counter_1/U0'
Finished Parsing XDC File [/home/bma/git/fpga_design/redpitaya/double_dds/design/tmp/double_dds.srcs/sources_1/bd/double_dds/ip/double_dds_nco_counter_1_0/nco_counter.xdc] for cell 'double_dds_i/nco_counter_1/U0'
Parsing XDC File [/home/bma/git/fpga_design/redpitaya/double_dds/design/tmp/double_dds.srcs/sources_1/bd/double_dds/ip/double_dds_nco_counter_2_0/nco_counter.xdc] for cell 'double_dds_i/nco_counter_2/U0'
Finished Parsing XDC File [/home/bma/git/fpga_design/redpitaya/double_dds/design/tmp/double_dds.srcs/sources_1/bd/double_dds/ip/double_dds_nco_counter_2_0/nco_counter.xdc] for cell 'double_dds_i/nco_counter_2/U0'
Parsing XDC File [/home/bma/git/fpga_design/redpitaya/double_dds/design/tmp/double_dds.srcs/sources_1/bd/double_dds/ip/double_dds_dataReal_to_ram_1_0/dataReal_to_ram.xdc] for cell 'double_dds_i/dataReal_to_ram_1/U0'
Finished Parsing XDC File [/home/bma/git/fpga_design/redpitaya/double_dds/design/tmp/double_dds.srcs/sources_1/bd/double_dds/ip/double_dds_dataReal_to_ram_1_0/dataReal_to_ram.xdc] for cell 'double_dds_i/dataReal_to_ram_1/U0'
INFO: [Opt 31-138] Pushed 0 inverter(s) to 0 load pin(s).
Netlist sorting complete. Time (s): cpu = 00:00:00 ; elapsed = 00:00:00 . Memory (MB): peak = 2419.785 ; gain = 0.000 ; free physical = 2817 ; free virtual = 28368
INFO: [Project 1-111] Unisim Transformation Summary:
No Unisim elements were transformed.

29 Infos, 10 Warnings, 10 Critical Warnings and 0 Errors encountered.
link_design completed successfully
link_design: Time (s): cpu = 00:00:29 ; elapsed = 00:00:38 . Memory (MB): peak = 2419.785 ; gain = 982.473 ; free physical = 2817 ; free virtual = 28368
Command: opt_design
Attempting to get a license for feature 'Implementation' and/or device 'xc7z010'
INFO: [Common 17-349] Got license for feature 'Implementation' and/or device 'xc7z010'
Running DRC as a precondition to command opt_design

Starting DRC Task
INFO: [DRC 23-27] Running DRC with 4 threads
INFO: [Project 1-461] DRC finished with 0 Errors
INFO: [Project 1-462] Please refer to the DRC report (report_drc) for more information.

Time (s): cpu = 00:00:03 ; elapsed = 00:00:03 . Memory (MB): peak = 2419.785 ; gain = 0.000 ; free physical = 2826 ; free virtual = 28362

Starting Cache Timing Information Task
INFO: [Timing 38-35] Done setting XDC timing constraints.
Ending Cache Timing Information Task | Checksum: 1153b80b8

Time (s): cpu = 00:00:00.75 ; elapsed = 00:00:00.37 . Memory (MB): peak = 2419.785 ; gain = 0.000 ; free physical = 2823 ; free virtual = 28359

Starting Logic Optimization Task

Phase 1 Retarget
INFO: [Opt 31-138] Pushed 26 inverter(s) to 26 load pin(s).
INFO: [Opt 31-49] Retargeted 0 cell(s).
Phase 1 Retarget | Checksum: 1f8fbbc3e

Time (s): cpu = 00:00:00.92 ; elapsed = 00:00:00.64 . Memory (MB): peak = 2468.543 ; gain = 0.000 ; free physical = 2662 ; free virtual = 28197
INFO: [Opt 31-389] Phase Retarget created 142 cells and removed 215 cells

Phase 2 Constant propagation
INFO: [Opt 31-138] Pushed 0 inverter(s) to 0 load pin(s).
Phase 2 Constant propagation | Checksum: 1cc0b1566

Time (s): cpu = 00:00:01 ; elapsed = 00:00:00.73 . Memory (MB): peak = 2468.543 ; gain = 0.000 ; free physical = 2662 ; free virtual = 28197
INFO: [Opt 31-389] Phase Constant propagation created 0 cells and removed 8 cells

Phase 3 Sweep
Phase 3 Sweep | Checksum: 20fbda23c

Time (s): cpu = 00:00:02 ; elapsed = 00:00:02 . Memory (MB): peak = 2468.543 ; gain = 0.000 ; free physical = 2664 ; free virtual = 28200
INFO: [Opt 31-389] Phase Sweep created 0 cells and removed 717 cells

Phase 4 BUFG optimization
INFO: [Opt 31-1112] Starts optimizing BUFG(s) with a common MMCM/DPLL/XPLL driver.
INFO: [Opt 31-1112] Starts optimizing BUFG(s) with a common driver.
INFO: [Opt 31-1092] Phase BUFG optimization transformed 0 BUFG(s) to MBUFG(s).
Phase 4 BUFG optimization | Checksum: 20fbda23c

Time (s): cpu = 00:00:02 ; elapsed = 00:00:02 . Memory (MB): peak = 2468.543 ; gain = 0.000 ; free physical = 2664 ; free virtual = 28200
INFO: [Opt 31-662] Phase BUFG optimization created 0 cells of which 0 are BUFGs and removed 0 cells.

Phase 5 Shift Register Optimization
INFO: [Opt 31-1064] SRL Remap converted 0 SRLs to 0 registers and converted 0 registers of register chains to 0 SRLs
Phase 5 Shift Register Optimization | Checksum: 20fbda23c

Time (s): cpu = 00:00:02 ; elapsed = 00:00:02 . Memory (MB): peak = 2468.543 ; gain = 0.000 ; free physical = 2664 ; free virtual = 28200
INFO: [Opt 31-389] Phase Shift Register Optimization created 0 cells and removed 0 cells

Phase 6 Post Processing Netlist
Phase 6 Post Processing Netlist | Checksum: 20fbda23c

Time (s): cpu = 00:00:02 ; elapsed = 00:00:02 . Memory (MB): peak = 2468.543 ; gain = 0.000 ; free physical = 2664 ; free virtual = 28200
INFO: [Opt 31-389] Phase Post Processing Netlist created 0 cells and removed 0 cells
Opt_design Change Summary
=========================


-------------------------------------------------------------------------------------------------------------------------
|  Phase                        |  #Cells created  |  #Cells Removed  |  #Constrained objects preventing optimizations  |
-------------------------------------------------------------------------------------------------------------------------
|  Retarget                     |             142  |             215  |                                              0  |
|  Constant propagation         |               0  |               8  |                                              0  |
|  Sweep                        |               0  |             717  |                                              0  |
|  BUFG optimization            |               0  |               0  |                                              0  |
|  Shift Register Optimization  |               0  |               0  |                                              0  |
|  Post Processing Netlist      |               0  |               0  |                                              0  |
-------------------------------------------------------------------------------------------------------------------------



Starting Connectivity Check Task

Time (s): cpu = 00:00:00.02 ; elapsed = 00:00:00.02 . Memory (MB): peak = 2468.543 ; gain = 0.000 ; free physical = 2664 ; free virtual = 28200
Ending Logic Optimization Task | Checksum: 23fdef713

Time (s): cpu = 00:00:02 ; elapsed = 00:00:02 . Memory (MB): peak = 2468.543 ; gain = 0.000 ; free physical = 2664 ; free virtual = 28200

Starting Power Optimization Task
INFO: [Pwropt 34-132] Skipping clock gating for clocks with a period < 2.00 ns.
INFO: [Timing 38-35] Done setting XDC timing constraints.
INFO: [Pwropt 34-9] Applying IDT optimizations ...
INFO: [Pwropt 34-10] Applying ODC optimizations ...
INFO: [Physopt 32-619] Estimated Timing Summary | WNS=1.320 | TNS=0.000 |
Running Vector-less Activity Propagation...

Finished Running Vector-less Activity Propagation


Starting PowerOpt Patch Enables Task
INFO: [Pwropt 34-162] WRITE_MODE attribute of 0 BRAM(s) out of a total of 12 has been updated to save power. Run report_power_opt to get a complete listing of the BRAMs updated.
INFO: [Pwropt 34-201] Structural ODC has moved 4 WE to EN ports
Number of BRAM Ports augmented: 0 newly gated: 4 Total Ports: 24
Ending PowerOpt Patch Enables Task | Checksum: 24a9f889e

Time (s): cpu = 00:00:00.10 ; elapsed = 00:00:00.11 . Memory (MB): peak = 2683.297 ; gain = 0.000 ; free physical = 2646 ; free virtual = 28182
Ending Power Optimization Task | Checksum: 24a9f889e

Time (s): cpu = 00:00:06 ; elapsed = 00:00:03 . Memory (MB): peak = 2683.297 ; gain = 214.754 ; free physical = 2650 ; free virtual = 28186

Starting Final Cleanup Task
Ending Final Cleanup Task | Checksum: 24a9f889e

Time (s): cpu = 00:00:00 ; elapsed = 00:00:00 . Memory (MB): peak = 2683.297 ; gain = 0.000 ; free physical = 2650 ; free virtual = 28186

Starting Netlist Obfuscation Task
Netlist sorting complete. Time (s): cpu = 00:00:00 ; elapsed = 00:00:00 . Memory (MB): peak = 2683.297 ; gain = 0.000 ; free physical = 2650 ; free virtual = 28186
Ending Netlist Obfuscation Task | Checksum: 1acf9bf4d

Time (s): cpu = 00:00:00 ; elapsed = 00:00:00 . Memory (MB): peak = 2683.297 ; gain = 0.000 ; free physical = 2650 ; free virtual = 28186
INFO: [Common 17-83] Releasing license: Implementation
55 Infos, 10 Warnings, 10 Critical Warnings and 0 Errors encountered.
opt_design completed successfully
opt_design: Time (s): cpu = 00:00:16 ; elapsed = 00:00:12 . Memory (MB): peak = 2683.297 ; gain = 263.512 ; free physical = 2650 ; free virtual = 28186
Netlist sorting complete. Time (s): cpu = 00:00:00 ; elapsed = 00:00:00 . Memory (MB): peak = 2683.297 ; gain = 0.000 ; free physical = 2650 ; free virtual = 28186
INFO: [Timing 38-480] Writing timing data to binary archive.
Writing placer database...
Writing XDEF routing.
Writing XDEF routing logical nets.
Writing XDEF routing special nets.
Write XDEF Complete: Time (s): cpu = 00:00:00.30 ; elapsed = 00:00:00.08 . Memory (MB): peak = 2683.297 ; gain = 0.000 ; free physical = 2642 ; free virtual = 28180
INFO: [Common 17-1381] The checkpoint '/home/bma/git/fpga_design/redpitaya/double_dds/design/tmp/double_dds.runs/impl_1/double_dds_wrapper_opt.dcp' has been generated.
INFO: [runtcl-4] Executing : report_drc -file double_dds_wrapper_drc_opted.rpt -pb double_dds_wrapper_drc_opted.pb -rpx double_dds_wrapper_drc_opted.rpx
Command: report_drc -file double_dds_wrapper_drc_opted.rpt -pb double_dds_wrapper_drc_opted.pb -rpx double_dds_wrapper_drc_opted.rpx
INFO: [IP_Flow 19-1839] IP Catalog is up to date.
INFO: [DRC 23-27] Running DRC with 4 threads
INFO: [Coretcl 2-168] The results of DRC are in file /home/bma/git/fpga_design/redpitaya/double_dds/design/tmp/double_dds.runs/impl_1/double_dds_wrapper_drc_opted.rpt.
report_drc completed successfully
Command: place_design
Attempting to get a license for feature 'Implementation' and/or device 'xc7z010'
INFO: [Common 17-349] Got license for feature 'Implementation' and/or device 'xc7z010'
INFO: [DRC 23-27] Running DRC with 4 threads
INFO: [Vivado_Tcl 4-198] DRC finished with 0 Errors
INFO: [Vivado_Tcl 4-199] Please refer to the DRC report (report_drc) for more information.
Running DRC as a precondition to command place_design
INFO: [DRC 23-27] Running DRC with 4 threads
INFO: [Vivado_Tcl 4-198] DRC finished with 0 Errors
INFO: [Vivado_Tcl 4-199] Please refer to the DRC report (report_drc) for more information.

Starting Placer Task
INFO: [Place 30-611] Multithreading enabled for place_design using a maximum of 4 CPUs

Phase 1 Placer Initialization

Phase 1.1 Placer Initialization Netlist Sorting
Netlist sorting complete. Time (s): cpu = 00:00:00 ; elapsed = 00:00:00 . Memory (MB): peak = 2691.301 ; gain = 0.000 ; free physical = 2638 ; free virtual = 28180
Phase 1.1 Placer Initialization Netlist Sorting | Checksum: 161dcb966

Time (s): cpu = 00:00:00.03 ; elapsed = 00:00:00.04 . Memory (MB): peak = 2691.301 ; gain = 0.000 ; free physical = 2638 ; free virtual = 28180
Netlist sorting complete. Time (s): cpu = 00:00:00 ; elapsed = 00:00:00 . Memory (MB): peak = 2691.301 ; gain = 0.000 ; free physical = 2638 ; free virtual = 28180

Phase 1.2 IO Placement/ Clock Placement/ Build Placer Device
INFO: [Timing 38-35] Done setting XDC timing constraints.
Phase 1.2 IO Placement/ Clock Placement/ Build Placer Device | Checksum: 8f4e0845

Time (s): cpu = 00:00:03 ; elapsed = 00:00:02 . Memory (MB): peak = 2691.301 ; gain = 0.000 ; free physical = 2641 ; free virtual = 28179

Phase 1.3 Build Placer Netlist Model
Phase 1.3 Build Placer Netlist Model | Checksum: 1d5c82397

Time (s): cpu = 00:00:05 ; elapsed = 00:00:03 . Memory (MB): peak = 2691.301 ; gain = 0.000 ; free physical = 2622 ; free virtual = 28173

Phase 1.4 Constrain Clocks/Macros
Phase 1.4 Constrain Clocks/Macros | Checksum: 1d5c82397

Time (s): cpu = 00:00:05 ; elapsed = 00:00:03 . Memory (MB): peak = 2691.301 ; gain = 0.000 ; free physical = 2622 ; free virtual = 28173
Phase 1 Placer Initialization | Checksum: 1d5c82397

Time (s): cpu = 00:00:05 ; elapsed = 00:00:03 . Memory (MB): peak = 2691.301 ; gain = 0.000 ; free physical = 2622 ; free virtual = 28173

Phase 2 Global Placement

Phase 2.1 Floorplanning
Phase 2.1 Floorplanning | Checksum: 172958ae9

Time (s): cpu = 00:00:06 ; elapsed = 00:00:03 . Memory (MB): peak = 2691.301 ; gain = 0.000 ; free physical = 2621 ; free virtual = 28172

Phase 2.2 Global Placement Core

Phase 2.2.1 Physical Synthesis In Placer
INFO: [Physopt 32-1018] Found 36 candidate LUT instances to create LUTNM shape
INFO: [Physopt 32-775] End 1 Pass. Optimized 15 nets or cells. Created 0 new cell, deleted 15 existing cells and moved 0 existing cell
INFO: [Physopt 32-65] No nets found for high-fanout optimization.
INFO: [Physopt 32-232] Optimized 0 net. Created 0 new instance.
INFO: [Physopt 32-775] End 1 Pass. Optimized 0 net or cell. Created 0 new cell, deleted 0 existing cell and moved 0 existing cell
INFO: [Physopt 32-670] No setup violation found.  DSP Register Optimization was not performed.
INFO: [Physopt 32-670] No setup violation found.  Shift Register to Pipeline Optimization was not performed.
INFO: [Physopt 32-670] No setup violation found.  Shift Register Optimization was not performed.
INFO: [Physopt 32-670] No setup violation found.  BRAM Register Optimization was not performed.
INFO: [Physopt 32-949] No candidate nets found for HD net replication
INFO: [Physopt 32-775] End 1 Pass. Optimized 0 net or cell. Created 0 new cell, deleted 0 existing cell and moved 0 existing cell
Netlist sorting complete. Time (s): cpu = 00:00:00 ; elapsed = 00:00:00 . Memory (MB): peak = 2691.301 ; gain = 0.000 ; free physical = 2622 ; free virtual = 28164

Summary of Physical Synthesis Optimizations
============================================


-----------------------------------------------------------------------------------------------------------------------------------------------------------
|  Optimization                                     |  Added Cells  |  Removed Cells  |  Optimized Cells/Nets  |  Dont Touch  |  Iterations  |  Elapsed   |
-----------------------------------------------------------------------------------------------------------------------------------------------------------
|  LUT Combining                                    |            0  |             15  |                    15  |           0  |           1  |  00:00:00  |
|  Very High Fanout                                 |            0  |              0  |                     0  |           0  |           1  |  00:00:00  |
|  DSP Register                                     |            0  |              0  |                     0  |           0  |           0  |  00:00:00  |
|  Shift Register to Pipeline                       |            0  |              0  |                     0  |           0  |           0  |  00:00:00  |
|  Shift Register                                   |            0  |              0  |                     0  |           0  |           0  |  00:00:00  |
|  BRAM Register                                    |            0  |              0  |                     0  |           0  |           0  |  00:00:00  |
|  Dynamic/Static Region Interface Net Replication  |            0  |              0  |                     0  |           0  |           1  |  00:00:00  |
|  Total                                            |            0  |             15  |                    15  |           0  |           3  |  00:00:00  |
-----------------------------------------------------------------------------------------------------------------------------------------------------------


Phase 2.2.1 Physical Synthesis In Placer | Checksum: d3a999ef

Time (s): cpu = 00:00:17 ; elapsed = 00:00:07 . Memory (MB): peak = 2691.301 ; gain = 0.000 ; free physical = 2622 ; free virtual = 28164
Phase 2.2 Global Placement Core | Checksum: fa715dbc

Time (s): cpu = 00:00:18 ; elapsed = 00:00:08 . Memory (MB): peak = 2691.301 ; gain = 0.000 ; free physical = 2610 ; free virtual = 28164
Phase 2 Global Placement | Checksum: fa715dbc

Time (s): cpu = 00:00:18 ; elapsed = 00:00:08 . Memory (MB): peak = 2691.301 ; gain = 0.000 ; free physical = 2611 ; free virtual = 28165

Phase 3 Detail Placement

Phase 3.1 Commit Multi Column Macros
Phase 3.1 Commit Multi Column Macros | Checksum: fa264030

Time (s): cpu = 00:00:19 ; elapsed = 00:00:08 . Memory (MB): peak = 2691.301 ; gain = 0.000 ; free physical = 2611 ; free virtual = 28165

Phase 3.2 Commit Most Macros & LUTRAMs
Phase 3.2 Commit Most Macros & LUTRAMs | Checksum: 1a0601136

Time (s): cpu = 00:00:20 ; elapsed = 00:00:09 . Memory (MB): peak = 2691.301 ; gain = 0.000 ; free physical = 2610 ; free virtual = 28164

Phase 3.3 Area Swap Optimization
Phase 3.3 Area Swap Optimization | Checksum: 10819ad48

Time (s): cpu = 00:00:21 ; elapsed = 00:00:09 . Memory (MB): peak = 2691.301 ; gain = 0.000 ; free physical = 2610 ; free virtual = 28164

Phase 3.4 Pipeline Register Optimization
Phase 3.4 Pipeline Register Optimization | Checksum: 13df112c4

Time (s): cpu = 00:00:21 ; elapsed = 00:00:09 . Memory (MB): peak = 2691.301 ; gain = 0.000 ; free physical = 2610 ; free virtual = 28164

Phase 3.5 Small Shape Detail Placement
Phase 3.5 Small Shape Detail Placement | Checksum: 12ae6591d

Time (s): cpu = 00:00:23 ; elapsed = 00:00:10 . Memory (MB): peak = 2691.301 ; gain = 0.000 ; free physical = 2621 ; free virtual = 28160

Phase 3.6 Re-assign LUT pins
Phase 3.6 Re-assign LUT pins | Checksum: 1952034e8

Time (s): cpu = 00:00:23 ; elapsed = 00:00:11 . Memory (MB): peak = 2691.301 ; gain = 0.000 ; free physical = 2621 ; free virtual = 28160

Phase 3.7 Pipeline Register Optimization
Phase 3.7 Pipeline Register Optimization | Checksum: 1bf77b074

Time (s): cpu = 00:00:23 ; elapsed = 00:00:11 . Memory (MB): peak = 2691.301 ; gain = 0.000 ; free physical = 2621 ; free virtual = 28160
Phase 3 Detail Placement | Checksum: 1bf77b074

Time (s): cpu = 00:00:23 ; elapsed = 00:00:11 . Memory (MB): peak = 2691.301 ; gain = 0.000 ; free physical = 2623 ; free virtual = 28162

Phase 4 Post Placement Optimization and Clean-Up

Phase 4.1 Post Commit Optimization
INFO: [Timing 38-35] Done setting XDC timing constraints.

Phase 4.1.1 Post Placement Optimization
Post Placement Optimization Initialization | Checksum: 19f9e5bcb

Phase 4.1.1.1 BUFG Insertion
INFO: [Place 46-33] Processed net double_dds_i/ps7_rst/U0/peripheral_reset[0], BUFG insertion was skipped due to placement/routing conflicts.
INFO: [Place 46-56] BUFG insertion identified 1 candidate nets. Inserted BUFG: 0, Replicated BUFG Driver: 0, Skipped due to Placement/Routing Conflicts: 1, Skipped due to Timing Degradation: 0, Skipped due to Illegal Netlist: 0.
Phase 4.1.1.1 BUFG Insertion | Checksum: 19f9e5bcb

Time (s): cpu = 00:00:26 ; elapsed = 00:00:12 . Memory (MB): peak = 2691.301 ; gain = 0.000 ; free physical = 2623 ; free virtual = 28161
INFO: [Place 30-746] Post Placement Timing Summary WNS=0.601. For the most accurate timing information please run report_timing.
Phase 4.1.1 Post Placement Optimization | Checksum: 21a69e745

Time (s): cpu = 00:00:29 ; elapsed = 00:00:14 . Memory (MB): peak = 2691.301 ; gain = 0.000 ; free physical = 2610 ; free virtual = 28160
Phase 4.1 Post Commit Optimization | Checksum: 21a69e745

Time (s): cpu = 00:00:29 ; elapsed = 00:00:15 . Memory (MB): peak = 2691.301 ; gain = 0.000 ; free physical = 2610 ; free virtual = 28160

Phase 4.2 Post Placement Cleanup
Phase 4.2 Post Placement Cleanup | Checksum: 21a69e745

Time (s): cpu = 00:00:29 ; elapsed = 00:00:15 . Memory (MB): peak = 2691.301 ; gain = 0.000 ; free physical = 2610 ; free virtual = 28160

Phase 4.3 Placer Reporting
Phase 4.3 Placer Reporting | Checksum: 21a69e745

Time (s): cpu = 00:00:29 ; elapsed = 00:00:15 . Memory (MB): peak = 2691.301 ; gain = 0.000 ; free physical = 2611 ; free virtual = 28161

Phase 4.4 Final Placement Cleanup
Netlist sorting complete. Time (s): cpu = 00:00:00 ; elapsed = 00:00:00 . Memory (MB): peak = 2691.301 ; gain = 0.000 ; free physical = 2611 ; free virtual = 28161
Phase 4.4 Final Placement Cleanup | Checksum: 134ee6e7b

Time (s): cpu = 00:00:29 ; elapsed = 00:00:15 . Memory (MB): peak = 2691.301 ; gain = 0.000 ; free physical = 2611 ; free virtual = 28161
Phase 4 Post Placement Optimization and Clean-Up | Checksum: 134ee6e7b

Time (s): cpu = 00:00:29 ; elapsed = 00:00:15 . Memory (MB): peak = 2691.301 ; gain = 0.000 ; free physical = 2611 ; free virtual = 28161
Ending Placer Task | Checksum: 9c3de994

Time (s): cpu = 00:00:29 ; elapsed = 00:00:15 . Memory (MB): peak = 2691.301 ; gain = 0.000 ; free physical = 2620 ; free virtual = 28159
INFO: [Common 17-83] Releasing license: Implementation
86 Infos, 10 Warnings, 10 Critical Warnings and 0 Errors encountered.
place_design completed successfully
place_design: Time (s): cpu = 00:00:35 ; elapsed = 00:00:18 . Memory (MB): peak = 2691.301 ; gain = 0.000 ; free physical = 2623 ; free virtual = 28161
Netlist sorting complete. Time (s): cpu = 00:00:00 ; elapsed = 00:00:00 . Memory (MB): peak = 2691.301 ; gain = 0.000 ; free physical = 2623 ; free virtual = 28161
INFO: [Timing 38-480] Writing timing data to binary archive.
Writing placer database...
Writing XDEF routing.
Writing XDEF routing logical nets.
Writing XDEF routing special nets.
Write XDEF Complete: Time (s): cpu = 00:00:02 ; elapsed = 00:00:00.60 . Memory (MB): peak = 2691.301 ; gain = 0.000 ; free physical = 2608 ; free virtual = 28153
INFO: [Common 17-1381] The checkpoint '/home/bma/git/fpga_design/redpitaya/double_dds/design/tmp/double_dds.runs/impl_1/double_dds_wrapper_placed.dcp' has been generated.
INFO: [runtcl-4] Executing : report_io -file double_dds_wrapper_io_placed.rpt
report_io: Time (s): cpu = 00:00:00.18 ; elapsed = 00:00:00.25 . Memory (MB): peak = 2691.301 ; gain = 0.000 ; free physical = 2611 ; free virtual = 28155
INFO: [runtcl-4] Executing : report_utilization -file double_dds_wrapper_utilization_placed.rpt -pb double_dds_wrapper_utilization_placed.pb
INFO: [runtcl-4] Executing : report_control_sets -verbose -file double_dds_wrapper_control_sets_placed.rpt
report_control_sets: Time (s): cpu = 00:00:00.07 ; elapsed = 00:00:00.12 . Memory (MB): peak = 2691.301 ; gain = 0.000 ; free physical = 2618 ; free virtual = 28163
Command: phys_opt_design
Attempting to get a license for feature 'Implementation' and/or device 'xc7z010'
INFO: [Common 17-349] Got license for feature 'Implementation' and/or device 'xc7z010'
INFO: [Vivado_Tcl 4-383] Design worst setup slack (WNS) is greater than or equal to 0.250 ns. Skipping all physical synthesis optimizations.
INFO: [Vivado_Tcl 4-232] No setup violation found. The netlist was not modified.
INFO: [Common 17-83] Releasing license: Implementation
95 Infos, 10 Warnings, 10 Critical Warnings and 0 Errors encountered.
phys_opt_design completed successfully
Netlist sorting complete. Time (s): cpu = 00:00:00.01 ; elapsed = 00:00:00 . Memory (MB): peak = 2691.301 ; gain = 0.000 ; free physical = 2591 ; free virtual = 28148
INFO: [Timing 38-480] Writing timing data to binary archive.
Writing placer database...
Writing XDEF routing.
Writing XDEF routing logical nets.
Writing XDEF routing special nets.
Write XDEF Complete: Time (s): cpu = 00:00:02 ; elapsed = 00:00:00.71 . Memory (MB): peak = 2691.301 ; gain = 0.000 ; free physical = 2574 ; free virtual = 28138
INFO: [Common 17-1381] The checkpoint '/home/bma/git/fpga_design/redpitaya/double_dds/design/tmp/double_dds.runs/impl_1/double_dds_wrapper_physopt.dcp' has been generated.
Command: route_design
Attempting to get a license for feature 'Implementation' and/or device 'xc7z010'
INFO: [Common 17-349] Got license for feature 'Implementation' and/or device 'xc7z010'
Running DRC as a precondition to command route_design
INFO: [DRC 23-27] Running DRC with 4 threads
INFO: [Vivado_Tcl 4-198] DRC finished with 0 Errors
INFO: [Vivado_Tcl 4-199] Please refer to the DRC report (report_drc) for more information.


Starting Routing Task
INFO: [Route 35-254] Multithreading enabled for route_design using a maximum of 4 CPUs
Checksum: PlaceDB: 9982ba4e ConstDB: 0 ShapeSum: 2bb2f46 RouteDB: 0

Phase 1 Build RT Design
Phase 1 Build RT Design | Checksum: 11daf2fe5

Time (s): cpu = 00:00:17 ; elapsed = 00:00:13 . Memory (MB): peak = 2691.301 ; gain = 0.000 ; free physical = 2526 ; free virtual = 28073
Post Restoration Checksum: NetGraph: 84817f1c NumContArr: 992db0c9 Constraints: 0 Timing: 0

Phase 2 Router Initialization

Phase 2.1 Create Timer
Phase 2.1 Create Timer | Checksum: 11daf2fe5

Time (s): cpu = 00:00:17 ; elapsed = 00:00:14 . Memory (MB): peak = 2691.301 ; gain = 0.000 ; free physical = 2514 ; free virtual = 28073

Phase 2.2 Fix Topology Constraints
Phase 2.2 Fix Topology Constraints | Checksum: 11daf2fe5

Time (s): cpu = 00:00:17 ; elapsed = 00:00:14 . Memory (MB): peak = 2691.301 ; gain = 0.000 ; free physical = 2499 ; free virtual = 28058

Phase 2.3 Pre Route Cleanup
Phase 2.3 Pre Route Cleanup | Checksum: 11daf2fe5

Time (s): cpu = 00:00:17 ; elapsed = 00:00:14 . Memory (MB): peak = 2691.301 ; gain = 0.000 ; free physical = 2499 ; free virtual = 28058
 Number of Nodes with overlaps = 0

Phase 2.4 Update Timing
Phase 2.4 Update Timing | Checksum: a3747c2f

Time (s): cpu = 00:00:21 ; elapsed = 00:00:15 . Memory (MB): peak = 2691.301 ; gain = 0.000 ; free physical = 2480 ; free virtual = 28039
INFO: [Route 35-416] Intermediate Timing Summary | WNS=0.811  | TNS=0.000  | WHS=-0.358 | THS=-62.699|

Phase 2 Router Initialization | Checksum: 165f4e5d5

Time (s): cpu = 00:00:22 ; elapsed = 00:00:16 . Memory (MB): peak = 2691.301 ; gain = 0.000 ; free physical = 2489 ; free virtual = 28033

Router Utilization Summary
  Global Vertical Routing Utilization    = 0 %
  Global Horizontal Routing Utilization  = 0 %
  Routable Net Status*
  *Does not include unroutable nets such as driverless and loadless.
  Run report_route_status for detailed report.
  Number of Failed Nets               = 4033
    (Failed Nets is the sum of unrouted and partially routed nets)
  Number of Unrouted Nets             = 4033
  Number of Partially Routed Nets     = 0
  Number of Node Overlaps             = 0


Phase 3 Initial Routing
Phase 3 Initial Routing | Checksum: 1a9dcd785

Time (s): cpu = 00:00:26 ; elapsed = 00:00:17 . Memory (MB): peak = 2691.301 ; gain = 0.000 ; free physical = 2492 ; free virtual = 28036

Phase 4 Rip-up And Reroute

Phase 4.1 Global Iteration 0
 Number of Nodes with overlaps = 379
 Number of Nodes with overlaps = 52
 Number of Nodes with overlaps = 16
 Number of Nodes with overlaps = 8
 Number of Nodes with overlaps = 3
 Number of Nodes with overlaps = 2
 Number of Nodes with overlaps = 1
 Number of Nodes with overlaps = 1
 Number of Nodes with overlaps = 0
INFO: [Route 35-416] Intermediate Timing Summary | WNS=0.281  | TNS=0.000  | WHS=N/A    | THS=N/A    |

Phase 4.1 Global Iteration 0 | Checksum: 1fdc58293

Time (s): cpu = 00:00:34 ; elapsed = 00:00:22 . Memory (MB): peak = 2691.301 ; gain = 0.000 ; free physical = 2489 ; free virtual = 28033

Phase 4.2 Global Iteration 1
 Number of Nodes with overlaps = 2
 Number of Nodes with overlaps = 0
INFO: [Route 35-416] Intermediate Timing Summary | WNS=0.281  | TNS=0.000  | WHS=N/A    | THS=N/A    |

Phase 4.2 Global Iteration 1 | Checksum: 1b50f8614

Time (s): cpu = 00:00:35 ; elapsed = 00:00:22 . Memory (MB): peak = 2691.301 ; gain = 0.000 ; free physical = 2489 ; free virtual = 28033
Phase 4 Rip-up And Reroute | Checksum: 1b50f8614

Time (s): cpu = 00:00:35 ; elapsed = 00:00:22 . Memory (MB): peak = 2691.301 ; gain = 0.000 ; free physical = 2489 ; free virtual = 28033

Phase 5 Delay and Skew Optimization

Phase 5.1 Delay CleanUp
Phase 5.1 Delay CleanUp | Checksum: 1b50f8614

Time (s): cpu = 00:00:35 ; elapsed = 00:00:22 . Memory (MB): peak = 2691.301 ; gain = 0.000 ; free physical = 2489 ; free virtual = 28033

Phase 5.2 Clock Skew Optimization
Phase 5.2 Clock Skew Optimization | Checksum: 1b50f8614

Time (s): cpu = 00:00:35 ; elapsed = 00:00:22 . Memory (MB): peak = 2691.301 ; gain = 0.000 ; free physical = 2489 ; free virtual = 28033
Phase 5 Delay and Skew Optimization | Checksum: 1b50f8614

Time (s): cpu = 00:00:35 ; elapsed = 00:00:22 . Memory (MB): peak = 2691.301 ; gain = 0.000 ; free physical = 2489 ; free virtual = 28033

Phase 6 Post Hold Fix

Phase 6.1 Hold Fix Iter

Phase 6.1.1 Update Timing
Phase 6.1.1 Update Timing | Checksum: 15e37a455

Time (s): cpu = 00:00:36 ; elapsed = 00:00:22 . Memory (MB): peak = 2691.301 ; gain = 0.000 ; free physical = 2490 ; free virtual = 28033
INFO: [Route 35-416] Intermediate Timing Summary | WNS=0.281  | TNS=0.000  | WHS=0.018  | THS=0.000  |

Phase 6.1 Hold Fix Iter | Checksum: edfe0a1c

Time (s): cpu = 00:00:36 ; elapsed = 00:00:22 . Memory (MB): peak = 2691.301 ; gain = 0.000 ; free physical = 2490 ; free virtual = 28033
Phase 6 Post Hold Fix | Checksum: edfe0a1c

Time (s): cpu = 00:00:36 ; elapsed = 00:00:22 . Memory (MB): peak = 2691.301 ; gain = 0.000 ; free physical = 2490 ; free virtual = 28033

Phase 7 Route finalize

Router Utilization Summary
  Global Vertical Routing Utilization    = 1.86233 %
  Global Horizontal Routing Utilization  = 2.44256 %
  Routable Net Status*
  *Does not include unroutable nets such as driverless and loadless.
  Run report_route_status for detailed report.
  Number of Failed Nets               = 0
    (Failed Nets is the sum of unrouted and partially routed nets)
  Number of Unrouted Nets             = 0
  Number of Partially Routed Nets     = 0
  Number of Node Overlaps             = 0

Phase 7 Route finalize | Checksum: feddcc5b

Time (s): cpu = 00:00:36 ; elapsed = 00:00:23 . Memory (MB): peak = 2691.301 ; gain = 0.000 ; free physical = 2490 ; free virtual = 28033

Phase 8 Verifying routed nets

 Verification completed successfully
Phase 8 Verifying routed nets | Checksum: feddcc5b

Time (s): cpu = 00:00:36 ; elapsed = 00:00:23 . Memory (MB): peak = 2691.301 ; gain = 0.000 ; free physical = 2488 ; free virtual = 28032

Phase 9 Depositing Routes
Phase 9 Depositing Routes | Checksum: 146c5e28b

Time (s): cpu = 00:00:36 ; elapsed = 00:00:23 . Memory (MB): peak = 2691.301 ; gain = 0.000 ; free physical = 2488 ; free virtual = 28031

Phase 10 Post Router Timing
INFO: [Route 35-57] Estimated Timing Summary | WNS=0.281  | TNS=0.000  | WHS=0.018  | THS=0.000  |

INFO: [Route 35-327] The final timing numbers are based on the router estimated timing analysis. For a complete and accurate timing signoff, please run report_timing_summary.
Phase 10 Post Router Timing | Checksum: 146c5e28b

Time (s): cpu = 00:00:36 ; elapsed = 00:00:23 . Memory (MB): peak = 2691.301 ; gain = 0.000 ; free physical = 2485 ; free virtual = 28032
INFO: [Route 35-16] Router Completed Successfully

Time (s): cpu = 00:00:36 ; elapsed = 00:00:23 . Memory (MB): peak = 2691.301 ; gain = 0.000 ; free physical = 2506 ; free virtual = 28053

Routing Is Done.
INFO: [Common 17-83] Releasing license: Implementation
110 Infos, 10 Warnings, 10 Critical Warnings and 0 Errors encountered.
route_design completed successfully
route_design: Time (s): cpu = 00:00:43 ; elapsed = 00:00:26 . Memory (MB): peak = 2691.301 ; gain = 0.000 ; free physical = 2506 ; free virtual = 28053
INFO: [Common 17-600] The following parameters have non-default value.
general.maxThreads
Netlist sorting complete. Time (s): cpu = 00:00:00 ; elapsed = 00:00:00 . Memory (MB): peak = 2691.301 ; gain = 0.000 ; free physical = 2506 ; free virtual = 28053
INFO: [Timing 38-480] Writing timing data to binary archive.
Writing placer database...
Writing XDEF routing.
Writing XDEF routing logical nets.
Writing XDEF routing special nets.
Write XDEF Complete: Time (s): cpu = 00:00:02 ; elapsed = 00:00:00.73 . Memory (MB): peak = 2691.301 ; gain = 0.000 ; free physical = 2471 ; free virtual = 28039
INFO: [Common 17-1381] The checkpoint '/home/bma/git/fpga_design/redpitaya/double_dds/design/tmp/double_dds.runs/impl_1/double_dds_wrapper_routed.dcp' has been generated.
INFO: [runtcl-4] Executing : report_drc -file double_dds_wrapper_drc_routed.rpt -pb double_dds_wrapper_drc_routed.pb -rpx double_dds_wrapper_drc_routed.rpx
Command: report_drc -file double_dds_wrapper_drc_routed.rpt -pb double_dds_wrapper_drc_routed.pb -rpx double_dds_wrapper_drc_routed.rpx
INFO: [IP_Flow 19-1839] IP Catalog is up to date.
INFO: [DRC 23-27] Running DRC with 4 threads
INFO: [Coretcl 2-168] The results of DRC are in file /home/bma/git/fpga_design/redpitaya/double_dds/design/tmp/double_dds.runs/impl_1/double_dds_wrapper_drc_routed.rpt.
report_drc completed successfully
INFO: [runtcl-4] Executing : report_methodology -file double_dds_wrapper_methodology_drc_routed.rpt -pb double_dds_wrapper_methodology_drc_routed.pb -rpx double_dds_wrapper_methodology_drc_routed.rpx
Command: report_methodology -file double_dds_wrapper_methodology_drc_routed.rpt -pb double_dds_wrapper_methodology_drc_routed.pb -rpx double_dds_wrapper_methodology_drc_routed.rpx
INFO: [Timing 38-35] Done setting XDC timing constraints.
INFO: [DRC 23-133] Running Methodology with 4 threads
INFO: [Coretcl 2-1520] The results of Report Methodology are in file /home/bma/git/fpga_design/redpitaya/double_dds/design/tmp/double_dds.runs/impl_1/double_dds_wrapper_methodology_drc_routed.rpt.
report_methodology completed successfully
report_methodology: Time (s): cpu = 00:00:12 ; elapsed = 00:00:05 . Memory (MB): peak = 2691.301 ; gain = 0.000 ; free physical = 2485 ; free virtual = 28047
INFO: [runtcl-4] Executing : report_power -file double_dds_wrapper_power_routed.rpt -pb double_dds_wrapper_power_summary_routed.pb -rpx double_dds_wrapper_power_routed.rpx
Command: report_power -file double_dds_wrapper_power_routed.rpt -pb double_dds_wrapper_power_summary_routed.pb -rpx double_dds_wrapper_power_routed.rpx
INFO: [Timing 38-35] Done setting XDC timing constraints.
Running Vector-less Activity Propagation...

Finished Running Vector-less Activity Propagation
123 Infos, 10 Warnings, 10 Critical Warnings and 0 Errors encountered.
report_power completed successfully
INFO: [runtcl-4] Executing : report_route_status -file double_dds_wrapper_route_status.rpt -pb double_dds_wrapper_route_status.pb
INFO: [runtcl-4] Executing : report_timing_summary -max_paths 10 -file double_dds_wrapper_timing_summary_routed.rpt -pb double_dds_wrapper_timing_summary_routed.pb -rpx double_dds_wrapper_timing_summary_routed.rpx -warn_on_violation 
INFO: [Timing 38-91] UpdateTimingParams: Speed grade: -1, Delay Type: min_max.
INFO: [Timing 38-191] Multithreading enabled for timing update using a maximum of 4 CPUs
INFO: [runtcl-4] Executing : report_incremental_reuse -file double_dds_wrapper_incremental_reuse_routed.rpt
INFO: [Vivado_Tcl 4-1062] Incremental flow is disabled. No incremental reuse Info to report.
INFO: [runtcl-4] Executing : report_clock_utilization -file double_dds_wrapper_clock_utilization_routed.rpt
INFO: [runtcl-4] Executing : report_bus_skew -warn_on_violation -file double_dds_wrapper_bus_skew_routed.rpt -pb double_dds_wrapper_bus_skew_routed.pb -rpx double_dds_wrapper_bus_skew_routed.rpx
INFO: [Timing 38-91] UpdateTimingParams: Speed grade: -1, Delay Type: min_max.
INFO: [Timing 38-191] Multithreading enabled for timing update using a maximum of 4 CPUs
INFO: [Common 17-206] Exiting Vivado at Sun Oct 11 16:27:15 2020...

*** Running vivado
    with args -log double_dds_wrapper.vdi -applog -m64 -product Vivado -messageDb vivado.pb -mode batch -source double_dds_wrapper.tcl -notrace


****** Vivado v2019.2 (64-bit)
  **** SW Build 2708876 on Wed Nov  6 21:39:14 MST 2019
  **** IP Build 2700528 on Thu Nov  7 00:09:20 MST 2019
    ** Copyright 1986-2019 Xilinx, Inc. All Rights Reserved.

source double_dds_wrapper.tcl -notrace
Command: open_checkpoint double_dds_wrapper_routed.dcp

Starting open_checkpoint Task

Time (s): cpu = 00:00:00.07 ; elapsed = 00:00:00.14 . Memory (MB): peak = 1437.289 ; gain = 0.000 ; free physical = 3693 ; free virtual = 29242
INFO: [Device 21-403] Loading part xc7z010clg400-1
Netlist sorting complete. Time (s): cpu = 00:00:00.10 ; elapsed = 00:00:00.10 . Memory (MB): peak = 1636.844 ; gain = 0.000 ; free physical = 3377 ; free virtual = 28929
INFO: [Netlist 29-17] Analyzing 115 Unisim elements for replacement
INFO: [Netlist 29-28] Unisim Transformation completed in 0 CPU seconds
INFO: [Project 1-479] Netlist was created with Vivado 2019.2
INFO: [Project 1-570] Preparing netlist for logic optimization
INFO: [Timing 38-478] Restoring timing data from binary archive.
INFO: [Timing 38-479] Binary timing data restore complete.
INFO: [Project 1-856] Restoring constraints from binary archive.
INFO: [Constraints 18-5170] The checkpoint was created with non-default parameter values which do not match the current Vivado settings.  Mismatching parameters are:
  general.maxThreads
INFO: [Project 1-853] Binary constraint restore complete.
Reading XDEF placement.
Reading placer database...
Reading XDEF routing.
Read XDEF File: Time (s): cpu = 00:00:00.70 ; elapsed = 00:00:00.79 . Memory (MB): peak = 2195.961 ; gain = 3.969 ; free physical = 2849 ; free virtual = 28398
Restored from archive | CPU: 0.790000 secs | Memory: 5.779190 MB |
Finished XDEF File Restore: Time (s): cpu = 00:00:00.70 ; elapsed = 00:00:00.79 . Memory (MB): peak = 2195.961 ; gain = 3.969 ; free physical = 2849 ; free virtual = 28398
Netlist sorting complete. Time (s): cpu = 00:00:00 ; elapsed = 00:00:00 . Memory (MB): peak = 2195.961 ; gain = 0.000 ; free physical = 2849 ; free virtual = 28398
INFO: [Project 1-111] Unisim Transformation Summary:
No Unisim elements were transformed.

INFO: [Project 1-604] Checkpoint was created with Vivado v2019.2 (64-bit) build 2708876
open_checkpoint: Time (s): cpu = 00:00:23 ; elapsed = 00:00:33 . Memory (MB): peak = 2195.961 ; gain = 758.672 ; free physical = 2848 ; free virtual = 28398
Command: write_bitstream -force double_dds_wrapper.bit
Attempting to get a license for feature 'Implementation' and/or device 'xc7z010'
INFO: [Common 17-349] Got license for feature 'Implementation' and/or device 'xc7z010'
Running DRC as a precondition to command write_bitstream
INFO: [IP_Flow 19-234] Refreshing IP repositories
INFO: [IP_Flow 19-1704] No user IP repositories specified
INFO: [IP_Flow 19-2313] Loaded Vivado IP repository '/opt/Xilinx/Vivado/2019.2/data/ip'.
INFO: [DRC 23-27] Running DRC with 4 threads
WARNING: [DRC DPIP-1] Input pipelining: DSP double_dds_i/mixer_sin_1/U0/data_s input double_dds_i/mixer_sin_1/U0/data_s/B[17:0] is not pipelined. Pipelining DSP48 input will improve performance.
WARNING: [DRC DPIP-1] Input pipelining: DSP double_dds_i/mixer_sin_2/U0/data_s input double_dds_i/mixer_sin_2/U0/data_s/B[17:0] is not pipelined. Pipelining DSP48 input will improve performance.
WARNING: [DRC DPOP-1] PREG Output pipelining: DSP double_dds_i/mixer_sin_1/U0/data_s output double_dds_i/mixer_sin_1/U0/data_s/PATTERNDETECT is not pipelined (PREG=0). Pipelining the DSP48 output will improve performance and often saves power so it is suggested whenever possible to fully pipeline this function.  If this DSP48 function was inferred, it is suggested to describe an additional register stage after this function.  If the DSP48 was instantiated in the design, it is suggested to set the PREG attribute to 1.
WARNING: [DRC DPOP-1] PREG Output pipelining: DSP double_dds_i/mixer_sin_1/U0/data_s output double_dds_i/mixer_sin_1/U0/data_s/P[47:0] is not pipelined (PREG=0). Pipelining the DSP48 output will improve performance and often saves power so it is suggested whenever possible to fully pipeline this function.  If this DSP48 function was inferred, it is suggested to describe an additional register stage after this function.  If the DSP48 was instantiated in the design, it is suggested to set the PREG attribute to 1.
WARNING: [DRC DPOP-1] PREG Output pipelining: DSP double_dds_i/mixer_sin_2/U0/data_s output double_dds_i/mixer_sin_2/U0/data_s/PATTERNDETECT is not pipelined (PREG=0). Pipelining the DSP48 output will improve performance and often saves power so it is suggested whenever possible to fully pipeline this function.  If this DSP48 function was inferred, it is suggested to describe an additional register stage after this function.  If the DSP48 was instantiated in the design, it is suggested to set the PREG attribute to 1.
WARNING: [DRC DPOP-1] PREG Output pipelining: DSP double_dds_i/mixer_sin_2/U0/data_s output double_dds_i/mixer_sin_2/U0/data_s/P[47:0] is not pipelined (PREG=0). Pipelining the DSP48 output will improve performance and often saves power so it is suggested whenever possible to fully pipeline this function.  If this DSP48 function was inferred, it is suggested to describe an additional register stage after this function.  If the DSP48 was instantiated in the design, it is suggested to set the PREG attribute to 1.
WARNING: [DRC DPOP-2] MREG Output pipelining: DSP double_dds_i/mixer_sin_1/U0/data_s multiplier stage double_dds_i/mixer_sin_1/U0/data_s/PATTERNDETECT is not pipelined (MREG=0). Pipelining the multiplier function will improve performance and will save significant power so it is suggested whenever possible to fully pipeline this function.  If this multiplier was inferred, it is suggested to describe an additional register stage after this function.  If there is no registered adder/accumulator following the multiply function, two pipeline stages are suggested to allow both the MREG and PREG registers to be used.  If the DSP48 was instantiated in the design, it is suggested to set both the MREG and PREG attributes to 1 when performing multiply functions.
WARNING: [DRC DPOP-2] MREG Output pipelining: DSP double_dds_i/mixer_sin_1/U0/data_s multiplier stage double_dds_i/mixer_sin_1/U0/data_s/P[47:0] is not pipelined (MREG=0). Pipelining the multiplier function will improve performance and will save significant power so it is suggested whenever possible to fully pipeline this function.  If this multiplier was inferred, it is suggested to describe an additional register stage after this function.  If there is no registered adder/accumulator following the multiply function, two pipeline stages are suggested to allow both the MREG and PREG registers to be used.  If the DSP48 was instantiated in the design, it is suggested to set both the MREG and PREG attributes to 1 when performing multiply functions.
WARNING: [DRC DPOP-2] MREG Output pipelining: DSP double_dds_i/mixer_sin_2/U0/data_s multiplier stage double_dds_i/mixer_sin_2/U0/data_s/PATTERNDETECT is not pipelined (MREG=0). Pipelining the multiplier function will improve performance and will save significant power so it is suggested whenever possible to fully pipeline this function.  If this multiplier was inferred, it is suggested to describe an additional register stage after this function.  If there is no registered adder/accumulator following the multiply function, two pipeline stages are suggested to allow both the MREG and PREG registers to be used.  If the DSP48 was instantiated in the design, it is suggested to set both the MREG and PREG attributes to 1 when performing multiply functions.
WARNING: [DRC DPOP-2] MREG Output pipelining: DSP double_dds_i/mixer_sin_2/U0/data_s multiplier stage double_dds_i/mixer_sin_2/U0/data_s/P[47:0] is not pipelined (MREG=0). Pipelining the multiplier function will improve performance and will save significant power so it is suggested whenever possible to fully pipeline this function.  If this multiplier was inferred, it is suggested to describe an additional register stage after this function.  If there is no registered adder/accumulator following the multiply function, two pipeline stages are suggested to allow both the MREG and PREG registers to be used.  If the DSP48 was instantiated in the design, it is suggested to set both the MREG and PREG attributes to 1 when performing multiply functions.
INFO: [Vivado 12-3199] DRC finished with 0 Errors, 10 Warnings
INFO: [Vivado 12-3200] Please refer to the DRC report (report_drc) for more information.
INFO: [Designutils 20-2272] Running write_bitstream with 4 threads.
Loading data files...
Loading site data...
Loading route data...
Processing options...
Creating bitmap...
Creating bitstream...
Writing bitstream ./double_dds_wrapper.bit...
INFO: [Vivado 12-1842] Bitgen Completed Successfully.
INFO: [Project 1-120] WebTalk data collection is mandatory when using a WebPACK part without a full Vivado license. To see the specific WebTalk data collected for your design, open the usage_statistics_webtalk.html or usage_statistics_webtalk.xml file in the implementation directory.
INFO: [Common 17-186] '/home/bma/git/fpga_design/redpitaya/double_dds/design/tmp/double_dds.runs/impl_1/usage_statistics_webtalk.xml' has been successfully sent to Xilinx on Sun Oct 11 16:28:36 2020. For additional details about this file, please refer to the WebTalk help file at /opt/Xilinx/Vivado/2019.2/doc/webtalk_introduction.html.
INFO: [Common 17-83] Releasing license: Implementation
24 Infos, 10 Warnings, 0 Critical Warnings and 0 Errors encountered.
write_bitstream completed successfully
write_bitstream: Time (s): cpu = 00:00:31 ; elapsed = 00:00:28 . Memory (MB): peak = 2606.891 ; gain = 410.930 ; free physical = 2793 ; free virtual = 28345
INFO: [Common 17-206] Exiting Vivado at Sun Oct 11 16:28:36 2020...
