
*** Running vivado
    with args -log vco_only_wrapper_auto_pc_6.vds -m64 -product Vivado -mode batch -messageDb vivado.pb -notrace -source vco_only_wrapper_auto_pc_6.tcl

awk: symbol lookup error: awk: undefined symbol: mpfr_z_sub

****** Vivado v2016.4 (64-bit)
  **** SW Build 1733598 on Wed Dec 14 22:35:42 MST 2016
  **** IP Build 1731160 on Wed Dec 14 23:47:21 MST 2016
    ** Copyright 1986-2016 Xilinx, Inc. All Rights Reserved.

source vco_only_wrapper_auto_pc_6.tcl -notrace
awk: symbol lookup error: awk: undefined symbol: mpfr_z_sub
Starting RTL Elaboration : Time (s): cpu = 00:00:28 ; elapsed = 00:00:30 . Memory (MB): peak = 1118.262 ; gain = 187.086 ; free physical = 1262 ; free virtual = 11849
INFO: [Synth 8-638] synthesizing module 'vco_only_wrapper_auto_pc_6' [/home/bma/git/fpga_design/redpitaya/vco_only/vco_only.srcs/sources_1/bd/vco_only_wrapper/ip/vco_only_wrapper_auto_pc_6/synth/vco_only_wrapper_auto_pc_6.v:58]
INFO: [Synth 8-638] synthesizing module 'axi_protocol_converter_v2_1_11_axi_protocol_converter' [/home/bma/git/fpga_design/redpitaya/vco_only/vco_only.srcs/sources_1/bd/vco_only_wrapper/ipshared/df1b/hdl/axi_protocol_converter_v2_1_vl_rfs.v:4806]
INFO: [Synth 8-256] done synthesizing module 'axi_protocol_converter_v2_1_11_axi_protocol_converter' (1#1) [/home/bma/git/fpga_design/redpitaya/vco_only/vco_only.srcs/sources_1/bd/vco_only_wrapper/ipshared/df1b/hdl/axi_protocol_converter_v2_1_vl_rfs.v:4806]
INFO: [Synth 8-256] done synthesizing module 'vco_only_wrapper_auto_pc_6' (2#1) [/home/bma/git/fpga_design/redpitaya/vco_only/vco_only.srcs/sources_1/bd/vco_only_wrapper/ip/vco_only_wrapper_auto_pc_6/synth/vco_only_wrapper_auto_pc_6.v:58]
Finished RTL Elaboration : Time (s): cpu = 00:01:38 ; elapsed = 00:01:42 . Memory (MB): peak = 1238.730 ; gain = 307.555 ; free physical = 1726 ; free virtual = 12319
Finished RTL Optimization Phase 1 : Time (s): cpu = 00:01:38 ; elapsed = 00:01:42 . Memory (MB): peak = 1238.730 ; gain = 307.555 ; free physical = 1725 ; free virtual = 12318
INFO: [Device 21-403] Loading part xc7z010clg400-1
Constraint Validation Runtime : Time (s): cpu = 00:00:00.04 ; elapsed = 00:00:00.05 . Memory (MB): peak = 1405.539 ; gain = 0.000 ; free physical = 1689 ; free virtual = 12284
Finished Constraint Validation : Time (s): cpu = 00:02:06 ; elapsed = 00:02:11 . Memory (MB): peak = 1405.539 ; gain = 474.363 ; free physical = 1494 ; free virtual = 12088
Finished Loading Part and Timing Information : Time (s): cpu = 00:02:06 ; elapsed = 00:02:11 . Memory (MB): peak = 1405.539 ; gain = 474.363 ; free physical = 1494 ; free virtual = 12088
Finished applying 'set_property' XDC Constraints : Time (s): cpu = 00:02:06 ; elapsed = 00:02:11 . Memory (MB): peak = 1405.539 ; gain = 474.363 ; free physical = 1494 ; free virtual = 12088
Finished RTL Optimization Phase 2 : Time (s): cpu = 00:02:06 ; elapsed = 00:02:11 . Memory (MB): peak = 1405.539 ; gain = 474.363 ; free physical = 1494 ; free virtual = 12088
Finished Cross Boundary and Area Optimization : Time (s): cpu = 00:02:07 ; elapsed = 00:02:12 . Memory (MB): peak = 1405.539 ; gain = 474.363 ; free physical = 1438 ; free virtual = 12032
Finished Applying XDC Timing Constraints : Time (s): cpu = 00:02:33 ; elapsed = 00:02:39 . Memory (MB): peak = 1441.539 ; gain = 510.363 ; free physical = 1032 ; free virtual = 11627
Finished Timing Optimization : Time (s): cpu = 00:02:33 ; elapsed = 00:02:39 . Memory (MB): peak = 1441.539 ; gain = 510.363 ; free physical = 1031 ; free virtual = 11626
Finished Technology Mapping : Time (s): cpu = 00:02:33 ; elapsed = 00:02:39 . Memory (MB): peak = 1450.555 ; gain = 519.379 ; free physical = 1022 ; free virtual = 11617
Finished IO Insertion : Time (s): cpu = 00:02:34 ; elapsed = 00:02:40 . Memory (MB): peak = 1450.555 ; gain = 519.379 ; free physical = 1000 ; free virtual = 11595
Finished Renaming Generated Instances : Time (s): cpu = 00:02:34 ; elapsed = 00:02:40 . Memory (MB): peak = 1450.555 ; gain = 519.379 ; free physical = 1000 ; free virtual = 11595
Finished Rebuilding User Hierarchy : Time (s): cpu = 00:02:34 ; elapsed = 00:02:40 . Memory (MB): peak = 1450.555 ; gain = 519.379 ; free physical = 1000 ; free virtual = 11595
Finished Renaming Generated Ports : Time (s): cpu = 00:02:34 ; elapsed = 00:02:40 . Memory (MB): peak = 1450.555 ; gain = 519.379 ; free physical = 1000 ; free virtual = 11595
Finished Handling Custom Attributes : Time (s): cpu = 00:02:34 ; elapsed = 00:02:40 . Memory (MB): peak = 1450.555 ; gain = 519.379 ; free physical = 1000 ; free virtual = 11595
Finished Renaming Generated Nets : Time (s): cpu = 00:02:35 ; elapsed = 00:02:40 . Memory (MB): peak = 1450.555 ; gain = 519.379 ; free physical = 1000 ; free virtual = 11595

Report Cell Usage: 
+-+-----+------+
| |Cell |Count |
+-+-----+------+
+-+-----+------+
Finished Writing Synthesis Report : Time (s): cpu = 00:02:35 ; elapsed = 00:02:40 . Memory (MB): peak = 1450.555 ; gain = 519.379 ; free physical = 1000 ; free virtual = 11595
synth_design: Time (s): cpu = 00:02:25 ; elapsed = 00:02:30 . Memory (MB): peak = 1473.555 ; gain = 442.875 ; free physical = 952 ; free virtual = 11547
