
*** Running vivado
    with args -log dds_gnuradio_wrapper_expanderReal_0_0.vds -m64 -product Vivado -mode batch -messageDb vivado.pb -notrace -source dds_gnuradio_wrapper_expanderReal_0_0.tcl

awk: symbol lookup error: awk: undefined symbol: mpfr_z_sub

****** Vivado v2016.4 (64-bit)
  **** SW Build 1733598 on Wed Dec 14 22:35:42 MST 2016
  **** IP Build 1731160 on Wed Dec 14 23:47:21 MST 2016
    ** Copyright 1986-2016 Xilinx, Inc. All Rights Reserved.

source dds_gnuradio_wrapper_expanderReal_0_0.tcl -notrace
Command: synth_design -top dds_gnuradio_wrapper_expanderReal_0_0 -part xc7z010clg400-1 -mode out_of_context
Starting synth_design
Attempting to get a license for feature 'Synthesis' and/or device 'xc7z010'
INFO: [Common 17-349] Got license for feature 'Synthesis' and/or device 'xc7z010'
INFO: Launching helper process for spawning children vivado processes
INFO: Helper process launched with PID 5855 
awk: symbol lookup error: awk: undefined symbol: mpfr_z_sub
---------------------------------------------------------------------------------
Starting RTL Elaboration : Time (s): cpu = 00:00:27 ; elapsed = 00:00:34 . Memory (MB): peak = 1113.270 ; gain = 182.086 ; free physical = 2078 ; free virtual = 12473
---------------------------------------------------------------------------------
INFO: [Synth 8-638] synthesizing module 'dds_gnuradio_wrapper_expanderReal_0_0' [/home/bma/git/fpga_design/redpitaya/dds_gnuradio/dds_gnuradio.srcs/sources_1/bd/dds_gnuradio_wrapper/ip/dds_gnuradio_wrapper_expanderReal_0_0/synth/dds_gnuradio_wrapper_expanderReal_0_0.vhd:71]
	Parameter format bound to: signed - type: string 
	Parameter DATA_IN_SIZE bound to: 14 - type: integer 
	Parameter DATA_OUT_SIZE bound to: 16 - type: integer 
INFO: [Synth 8-3491] module 'expanderReal' declared at '/home/bma/git/fpga_design/redpitaya/dds_gnuradio/dds_gnuradio.srcs/sources_1/bd/dds_gnuradio_wrapper/ipshared/8279/hdl/expanderReal.vhd:5' bound to instance 'U0' of component 'expanderReal' [/home/bma/git/fpga_design/redpitaya/dds_gnuradio/dds_gnuradio.srcs/sources_1/bd/dds_gnuradio_wrapper/ip/dds_gnuradio_wrapper_expanderReal_0_0/synth/dds_gnuradio_wrapper_expanderReal_0_0.vhd:109]
INFO: [Synth 8-638] synthesizing module 'expanderReal' [/home/bma/git/fpga_design/redpitaya/dds_gnuradio/dds_gnuradio.srcs/sources_1/bd/dds_gnuradio_wrapper/ipshared/8279/hdl/expanderReal.vhd:26]
	Parameter format bound to: signed - type: string 
	Parameter DATA_IN_SIZE bound to: 14 - type: integer 
	Parameter DATA_OUT_SIZE bound to: 16 - type: integer 
INFO: [Synth 8-256] done synthesizing module 'expanderReal' (1#1) [/home/bma/git/fpga_design/redpitaya/dds_gnuradio/dds_gnuradio.srcs/sources_1/bd/dds_gnuradio_wrapper/ipshared/8279/hdl/expanderReal.vhd:26]
INFO: [Synth 8-256] done synthesizing module 'dds_gnuradio_wrapper_expanderReal_0_0' (2#1) [/home/bma/git/fpga_design/redpitaya/dds_gnuradio/dds_gnuradio.srcs/sources_1/bd/dds_gnuradio_wrapper/ip/dds_gnuradio_wrapper_expanderReal_0_0/synth/dds_gnuradio_wrapper_expanderReal_0_0.vhd:71]
---------------------------------------------------------------------------------
Finished RTL Elaboration : Time (s): cpu = 00:00:29 ; elapsed = 00:00:37 . Memory (MB): peak = 1153.738 ; gain = 222.555 ; free physical = 2015 ; free virtual = 12414
---------------------------------------------------------------------------------

Report Check Netlist: 
+------+------------------+-------+---------+-------+------------------+
|      |Item              |Errors |Warnings |Status |Description       |
+------+------------------+-------+---------+-------+------------------+
|1     |multi_driven_nets |      0|        0|Passed |Multi driven nets |
+------+------------------+-------+---------+-------+------------------+
---------------------------------------------------------------------------------
Finished RTL Optimization Phase 1 : Time (s): cpu = 00:00:29 ; elapsed = 00:00:38 . Memory (MB): peak = 1153.738 ; gain = 222.555 ; free physical = 2015 ; free virtual = 12413
---------------------------------------------------------------------------------
INFO: [Device 21-403] Loading part xc7z010clg400-1
INFO: [Project 1-570] Preparing netlist for logic optimization

Processing XDC Constraints
Initializing timing engine
Completed Processing XDC Constraints

INFO: [Project 1-111] Unisim Transformation Summary:
No Unisim elements were transformed.

Constraint Validation Runtime : Time (s): cpu = 00:00:00.03 ; elapsed = 00:00:00.03 . Memory (MB): peak = 1396.891 ; gain = 0.000 ; free physical = 1881 ; free virtual = 12306
---------------------------------------------------------------------------------
Finished Constraint Validation : Time (s): cpu = 00:00:56 ; elapsed = 00:01:07 . Memory (MB): peak = 1396.891 ; gain = 465.707 ; free physical = 1879 ; free virtual = 12305
---------------------------------------------------------------------------------
---------------------------------------------------------------------------------
Start Loading Part and Timing Information
---------------------------------------------------------------------------------
Loading part: xc7z010clg400-1
---------------------------------------------------------------------------------
Finished Loading Part and Timing Information : Time (s): cpu = 00:00:56 ; elapsed = 00:01:07 . Memory (MB): peak = 1396.891 ; gain = 465.707 ; free physical = 1879 ; free virtual = 12305
---------------------------------------------------------------------------------
---------------------------------------------------------------------------------
Start Applying 'set_property' XDC Constraints
---------------------------------------------------------------------------------
---------------------------------------------------------------------------------
Finished applying 'set_property' XDC Constraints : Time (s): cpu = 00:00:56 ; elapsed = 00:01:07 . Memory (MB): peak = 1396.891 ; gain = 465.707 ; free physical = 1879 ; free virtual = 12305
---------------------------------------------------------------------------------
---------------------------------------------------------------------------------
Finished RTL Optimization Phase 2 : Time (s): cpu = 00:00:56 ; elapsed = 00:01:07 . Memory (MB): peak = 1396.891 ; gain = 465.707 ; free physical = 1871 ; free virtual = 12298
---------------------------------------------------------------------------------

Report RTL Partitions: 
+-+--------------+------------+----------+
| |RTL Partition |Replication |Instances |
+-+--------------+------------+----------+
+-+--------------+------------+----------+
---------------------------------------------------------------------------------
Start RTL Component Statistics 
---------------------------------------------------------------------------------
Detailed RTL Component Info : 
---------------------------------------------------------------------------------
Finished RTL Component Statistics 
---------------------------------------------------------------------------------
---------------------------------------------------------------------------------
Start RTL Hierarchical Component Statistics 
---------------------------------------------------------------------------------
Hierarchical RTL Component report 
---------------------------------------------------------------------------------
Finished RTL Hierarchical Component Statistics
---------------------------------------------------------------------------------
---------------------------------------------------------------------------------
Start Part Resource Summary
---------------------------------------------------------------------------------
Part Resources:
DSPs: 80 (col length:40)
BRAMs: 120 (col length: RAMB18 40 RAMB36 20)
---------------------------------------------------------------------------------
Finished Part Resource Summary
---------------------------------------------------------------------------------
---------------------------------------------------------------------------------
Start Cross Boundary and Area Optimization
---------------------------------------------------------------------------------
WARNING: [Synth 8-3330] design dds_gnuradio_wrapper_expanderReal_0_0 has an empty top module
---------------------------------------------------------------------------------
Finished Cross Boundary and Area Optimization : Time (s): cpu = 00:00:58 ; elapsed = 00:01:08 . Memory (MB): peak = 1396.891 ; gain = 465.707 ; free physical = 1834 ; free virtual = 12267
---------------------------------------------------------------------------------

Report RTL Partitions: 
+-+--------------+------------+----------+
| |RTL Partition |Replication |Instances |
+-+--------------+------------+----------+
+-+--------------+------------+----------+
---------------------------------------------------------------------------------
Start Timing Optimization
---------------------------------------------------------------------------------
---------------------------------------------------------------------------------
Start Applying XDC Timing Constraints
---------------------------------------------------------------------------------
---------------------------------------------------------------------------------
Finished Applying XDC Timing Constraints : Time (s): cpu = 00:01:24 ; elapsed = 00:01:39 . Memory (MB): peak = 1436.891 ; gain = 505.707 ; free physical = 1631 ; free virtual = 12133
---------------------------------------------------------------------------------
---------------------------------------------------------------------------------
Finished Timing Optimization : Time (s): cpu = 00:01:24 ; elapsed = 00:01:39 . Memory (MB): peak = 1436.891 ; gain = 505.707 ; free physical = 1631 ; free virtual = 12133
---------------------------------------------------------------------------------

Report RTL Partitions: 
+-+--------------+------------+----------+
| |RTL Partition |Replication |Instances |
+-+--------------+------------+----------+
+-+--------------+------------+----------+
---------------------------------------------------------------------------------
Start Technology Mapping
---------------------------------------------------------------------------------
---------------------------------------------------------------------------------
Finished Technology Mapping : Time (s): cpu = 00:01:24 ; elapsed = 00:01:39 . Memory (MB): peak = 1445.906 ; gain = 514.723 ; free physical = 1621 ; free virtual = 12124
---------------------------------------------------------------------------------

Report RTL Partitions: 
+-+--------------+------------+----------+
| |RTL Partition |Replication |Instances |
+-+--------------+------------+----------+
+-+--------------+------------+----------+
---------------------------------------------------------------------------------
Start IO Insertion
---------------------------------------------------------------------------------
---------------------------------------------------------------------------------
Start Flattening Before IO Insertion
---------------------------------------------------------------------------------
---------------------------------------------------------------------------------
Finished Flattening Before IO Insertion
---------------------------------------------------------------------------------
---------------------------------------------------------------------------------
Start Final Netlist Cleanup
---------------------------------------------------------------------------------
---------------------------------------------------------------------------------
Finished Final Netlist Cleanup
---------------------------------------------------------------------------------
---------------------------------------------------------------------------------
Finished IO Insertion : Time (s): cpu = 00:01:26 ; elapsed = 00:01:40 . Memory (MB): peak = 1445.906 ; gain = 514.723 ; free physical = 1566 ; free virtual = 12031
---------------------------------------------------------------------------------

Report Check Netlist: 
+------+------------------+-------+---------+-------+------------------+
|      |Item              |Errors |Warnings |Status |Description       |
+------+------------------+-------+---------+-------+------------------+
|1     |multi_driven_nets |      0|        0|Passed |Multi driven nets |
+------+------------------+-------+---------+-------+------------------+
---------------------------------------------------------------------------------
Start Renaming Generated Instances
---------------------------------------------------------------------------------
---------------------------------------------------------------------------------
Finished Renaming Generated Instances : Time (s): cpu = 00:01:26 ; elapsed = 00:01:40 . Memory (MB): peak = 1445.906 ; gain = 514.723 ; free physical = 1566 ; free virtual = 12031
---------------------------------------------------------------------------------

Report RTL Partitions: 
+-+--------------+------------+----------+
| |RTL Partition |Replication |Instances |
+-+--------------+------------+----------+
+-+--------------+------------+----------+
---------------------------------------------------------------------------------
Start Rebuilding User Hierarchy
---------------------------------------------------------------------------------
---------------------------------------------------------------------------------
Finished Rebuilding User Hierarchy : Time (s): cpu = 00:01:26 ; elapsed = 00:01:40 . Memory (MB): peak = 1445.906 ; gain = 514.723 ; free physical = 1565 ; free virtual = 12030
---------------------------------------------------------------------------------
---------------------------------------------------------------------------------
Start Renaming Generated Ports
---------------------------------------------------------------------------------
---------------------------------------------------------------------------------
Finished Renaming Generated Ports : Time (s): cpu = 00:01:26 ; elapsed = 00:01:40 . Memory (MB): peak = 1445.906 ; gain = 514.723 ; free physical = 1565 ; free virtual = 12030
---------------------------------------------------------------------------------
---------------------------------------------------------------------------------
Start Handling Custom Attributes
---------------------------------------------------------------------------------
---------------------------------------------------------------------------------
Finished Handling Custom Attributes : Time (s): cpu = 00:01:26 ; elapsed = 00:01:40 . Memory (MB): peak = 1445.906 ; gain = 514.723 ; free physical = 1558 ; free virtual = 12024
---------------------------------------------------------------------------------
---------------------------------------------------------------------------------
Start Renaming Generated Nets
---------------------------------------------------------------------------------
---------------------------------------------------------------------------------
Finished Renaming Generated Nets : Time (s): cpu = 00:01:26 ; elapsed = 00:01:40 . Memory (MB): peak = 1445.906 ; gain = 514.723 ; free physical = 1558 ; free virtual = 12024
---------------------------------------------------------------------------------
---------------------------------------------------------------------------------
Start Writing Synthesis Report
---------------------------------------------------------------------------------

Report BlackBoxes: 
+-+--------------+----------+
| |BlackBox name |Instances |
+-+--------------+----------+
+-+--------------+----------+

Report Cell Usage: 
+-+-----+------+
| |Cell |Count |
+-+-----+------+
+-+-----+------+

Report Instance Areas: 
+------+---------+-------+------+
|      |Instance |Module |Cells |
+------+---------+-------+------+
|1     |top      |       |     0|
+------+---------+-------+------+
---------------------------------------------------------------------------------
Finished Writing Synthesis Report : Time (s): cpu = 00:01:26 ; elapsed = 00:01:40 . Memory (MB): peak = 1445.906 ; gain = 514.723 ; free physical = 1558 ; free virtual = 12024
---------------------------------------------------------------------------------
Synthesis finished with 0 errors, 0 critical warnings and 1 warnings.
Synthesis Optimization Runtime : Time (s): cpu = 00:00:57 ; elapsed = 00:01:06 . Memory (MB): peak = 1445.906 ; gain = 158.480 ; free physical = 1548 ; free virtual = 12013
Synthesis Optimization Complete : Time (s): cpu = 00:01:26 ; elapsed = 00:01:41 . Memory (MB): peak = 1445.914 ; gain = 514.730 ; free physical = 1547 ; free virtual = 12013
INFO: [Project 1-571] Translating synthesized netlist
INFO: [Project 1-570] Preparing netlist for logic optimization
INFO: [Opt 31-138] Pushed 0 inverter(s) to 0 load pin(s).
INFO: [Project 1-111] Unisim Transformation Summary:
No Unisim elements were transformed.

INFO: [Common 17-83] Releasing license: Synthesis
14 Infos, 1 Warnings, 0 Critical Warnings and 0 Errors encountered.
synth_design completed successfully
synth_design: Time (s): cpu = 00:01:15 ; elapsed = 00:01:25 . Memory (MB): peak = 1449.906 ; gain = 418.219 ; free physical = 1525 ; free virtual = 11975
INFO: [Common 17-1381] The checkpoint '/home/bma/git/fpga_design/redpitaya/dds_gnuradio/dds_gnuradio.runs/dds_gnuradio_wrapper_expanderReal_0_0_synth_1/dds_gnuradio_wrapper_expanderReal_0_0.dcp' has been generated.
INFO: [Common 17-1381] The checkpoint '/home/bma/git/fpga_design/redpitaya/dds_gnuradio/dds_gnuradio.runs/dds_gnuradio_wrapper_expanderReal_0_0_synth_1/dds_gnuradio_wrapper_expanderReal_0_0.dcp' has been generated.
report_utilization: Time (s): cpu = 00:00:00.14 ; elapsed = 00:00:00.20 . Memory (MB): peak = 1449.906 ; gain = 0.000 ; free physical = 1522 ; free virtual = 11973
INFO: [Common 17-206] Exiting Vivado at Thu Mar 30 09:03:12 2017...
