
*** Running vivado
    with args -log double_pid_vco_wrapper_tier2_xbar_0_0.vds -m64 -product Vivado -mode batch -messageDb vivado.pb -notrace -source double_pid_vco_wrapper_tier2_xbar_0_0.tcl

awk: symbol lookup error: awk: undefined symbol: mpfr_z_sub

****** Vivado v2016.4 (64-bit)
  **** SW Build 1733598 on Wed Dec 14 22:35:42 MST 2016
  **** IP Build 1731160 on Wed Dec 14 23:47:21 MST 2016
    ** Copyright 1986-2016 Xilinx, Inc. All Rights Reserved.

source double_pid_vco_wrapper_tier2_xbar_0_0.tcl -notrace
awk: symbol lookup error: awk: undefined symbol: mpfr_z_sub
Starting RTL Elaboration : Time (s): cpu = 00:00:32 ; elapsed = 00:00:37 . Memory (MB): peak = 1128.270 ; gain = 197.086 ; free physical = 1184 ; free virtual = 11804
INFO: [Synth 8-638] synthesizing module 'double_pid_vco_wrapper_tier2_xbar_0_0' [/home/bma/git/fpga_design/redpitaya/double_pid_vco/double_pid_vco.srcs/sources_1/bd/double_pid_vco_wrapper/ip/double_pid_vco_wrapper_tier2_xbar_0_0/synth/double_pid_vco_wrapper_tier2_xbar_0_0.v:59]
INFO: [Synth 8-638] synthesizing module 'axi_crossbar_v2_1_12_axi_crossbar' [/home/bma/git/fpga_design/redpitaya/double_pid_vco/double_pid_vco.srcs/sources_1/bd/double_pid_vco_wrapper/ipshared/896d/hdl/axi_crossbar_v2_1_vl_rfs.v:4882]
INFO: [Synth 8-638] synthesizing module 'axi_crossbar_v2_1_12_crossbar_sasd' [/home/bma/git/fpga_design/redpitaya/double_pid_vco/double_pid_vco.srcs/sources_1/bd/double_pid_vco_wrapper/ipshared/896d/hdl/axi_crossbar_v2_1_vl_rfs.v:1240]
INFO: [Synth 8-638] synthesizing module 'axi_crossbar_v2_1_12_addr_decoder' [/home/bma/git/fpga_design/redpitaya/double_pid_vco/double_pid_vco.srcs/sources_1/bd/double_pid_vco_wrapper/ipshared/896d/hdl/axi_crossbar_v2_1_vl_rfs.v:794]
INFO: [Synth 8-638] synthesizing module 'generic_baseblocks_v2_1_0_comparator_static' [/home/bma/git/fpga_design/redpitaya/double_pid_vco/double_pid_vco.srcs/sources_1/bd/double_pid_vco_wrapper/ipshared/7ee0/hdl/generic_baseblocks_v2_1_vl_rfs.v:2133]
INFO: [Synth 8-638] synthesizing module 'generic_baseblocks_v2_1_0_carry_and' [/home/bma/git/fpga_design/redpitaya/double_pid_vco/double_pid_vco.srcs/sources_1/bd/double_pid_vco_wrapper/ipshared/7ee0/hdl/generic_baseblocks_v2_1_vl_rfs.v:62]
INFO: [Synth 8-256] done synthesizing module 'generic_baseblocks_v2_1_0_carry_and' (1#1) [/home/bma/git/fpga_design/redpitaya/double_pid_vco/double_pid_vco.srcs/sources_1/bd/double_pid_vco_wrapper/ipshared/7ee0/hdl/generic_baseblocks_v2_1_vl_rfs.v:62]
INFO: [Synth 8-256] done synthesizing module 'generic_baseblocks_v2_1_0_comparator_static' (2#1) [/home/bma/git/fpga_design/redpitaya/double_pid_vco/double_pid_vco.srcs/sources_1/bd/double_pid_vco_wrapper/ipshared/7ee0/hdl/generic_baseblocks_v2_1_vl_rfs.v:2133]
INFO: [Synth 8-638] synthesizing module 'generic_baseblocks_v2_1_0_comparator_static__parameterized0' [/home/bma/git/fpga_design/redpitaya/double_pid_vco/double_pid_vco.srcs/sources_1/bd/double_pid_vco_wrapper/ipshared/7ee0/hdl/generic_baseblocks_v2_1_vl_rfs.v:2133]
INFO: [Synth 8-256] done synthesizing module 'generic_baseblocks_v2_1_0_comparator_static__parameterized0' (2#1) [/home/bma/git/fpga_design/redpitaya/double_pid_vco/double_pid_vco.srcs/sources_1/bd/double_pid_vco_wrapper/ipshared/7ee0/hdl/generic_baseblocks_v2_1_vl_rfs.v:2133]
INFO: [Synth 8-638] synthesizing module 'generic_baseblocks_v2_1_0_comparator_static__parameterized1' [/home/bma/git/fpga_design/redpitaya/double_pid_vco/double_pid_vco.srcs/sources_1/bd/double_pid_vco_wrapper/ipshared/7ee0/hdl/generic_baseblocks_v2_1_vl_rfs.v:2133]
INFO: [Synth 8-256] done synthesizing module 'generic_baseblocks_v2_1_0_comparator_static__parameterized1' (2#1) [/home/bma/git/fpga_design/redpitaya/double_pid_vco/double_pid_vco.srcs/sources_1/bd/double_pid_vco_wrapper/ipshared/7ee0/hdl/generic_baseblocks_v2_1_vl_rfs.v:2133]
INFO: [Synth 8-638] synthesizing module 'generic_baseblocks_v2_1_0_comparator_static__parameterized2' [/home/bma/git/fpga_design/redpitaya/double_pid_vco/double_pid_vco.srcs/sources_1/bd/double_pid_vco_wrapper/ipshared/7ee0/hdl/generic_baseblocks_v2_1_vl_rfs.v:2133]
INFO: [Synth 8-256] done synthesizing module 'generic_baseblocks_v2_1_0_comparator_static__parameterized2' (2#1) [/home/bma/git/fpga_design/redpitaya/double_pid_vco/double_pid_vco.srcs/sources_1/bd/double_pid_vco_wrapper/ipshared/7ee0/hdl/generic_baseblocks_v2_1_vl_rfs.v:2133]
INFO: [Synth 8-638] synthesizing module 'generic_baseblocks_v2_1_0_comparator_static__parameterized3' [/home/bma/git/fpga_design/redpitaya/double_pid_vco/double_pid_vco.srcs/sources_1/bd/double_pid_vco_wrapper/ipshared/7ee0/hdl/generic_baseblocks_v2_1_vl_rfs.v:2133]
INFO: [Synth 8-256] done synthesizing module 'generic_baseblocks_v2_1_0_comparator_static__parameterized3' (2#1) [/home/bma/git/fpga_design/redpitaya/double_pid_vco/double_pid_vco.srcs/sources_1/bd/double_pid_vco_wrapper/ipshared/7ee0/hdl/generic_baseblocks_v2_1_vl_rfs.v:2133]
INFO: [Synth 8-638] synthesizing module 'generic_baseblocks_v2_1_0_comparator_static__parameterized4' [/home/bma/git/fpga_design/redpitaya/double_pid_vco/double_pid_vco.srcs/sources_1/bd/double_pid_vco_wrapper/ipshared/7ee0/hdl/generic_baseblocks_v2_1_vl_rfs.v:2133]
INFO: [Synth 8-256] done synthesizing module 'generic_baseblocks_v2_1_0_comparator_static__parameterized4' (2#1) [/home/bma/git/fpga_design/redpitaya/double_pid_vco/double_pid_vco.srcs/sources_1/bd/double_pid_vco_wrapper/ipshared/7ee0/hdl/generic_baseblocks_v2_1_vl_rfs.v:2133]
INFO: [Synth 8-638] synthesizing module 'generic_baseblocks_v2_1_0_comparator_static__parameterized5' [/home/bma/git/fpga_design/redpitaya/double_pid_vco/double_pid_vco.srcs/sources_1/bd/double_pid_vco_wrapper/ipshared/7ee0/hdl/generic_baseblocks_v2_1_vl_rfs.v:2133]
INFO: [Synth 8-256] done synthesizing module 'generic_baseblocks_v2_1_0_comparator_static__parameterized5' (2#1) [/home/bma/git/fpga_design/redpitaya/double_pid_vco/double_pid_vco.srcs/sources_1/bd/double_pid_vco_wrapper/ipshared/7ee0/hdl/generic_baseblocks_v2_1_vl_rfs.v:2133]
INFO: [Synth 8-638] synthesizing module 'generic_baseblocks_v2_1_0_comparator_static__parameterized6' [/home/bma/git/fpga_design/redpitaya/double_pid_vco/double_pid_vco.srcs/sources_1/bd/double_pid_vco_wrapper/ipshared/7ee0/hdl/generic_baseblocks_v2_1_vl_rfs.v:2133]
INFO: [Synth 8-256] done synthesizing module 'generic_baseblocks_v2_1_0_comparator_static__parameterized6' (2#1) [/home/bma/git/fpga_design/redpitaya/double_pid_vco/double_pid_vco.srcs/sources_1/bd/double_pid_vco_wrapper/ipshared/7ee0/hdl/generic_baseblocks_v2_1_vl_rfs.v:2133]
INFO: [Synth 8-256] done synthesizing module 'axi_crossbar_v2_1_12_addr_decoder' (3#1) [/home/bma/git/fpga_design/redpitaya/double_pid_vco/double_pid_vco.srcs/sources_1/bd/double_pid_vco_wrapper/ipshared/896d/hdl/axi_crossbar_v2_1_vl_rfs.v:794]
INFO: [Synth 8-638] synthesizing module 'axi_crossbar_v2_1_12_decerr_slave' [/home/bma/git/fpga_design/redpitaya/double_pid_vco/double_pid_vco.srcs/sources_1/bd/double_pid_vco_wrapper/ipshared/896d/hdl/axi_crossbar_v2_1_vl_rfs.v:3500]
INFO: [Synth 8-256] done synthesizing module 'axi_crossbar_v2_1_12_decerr_slave' (4#1) [/home/bma/git/fpga_design/redpitaya/double_pid_vco/double_pid_vco.srcs/sources_1/bd/double_pid_vco_wrapper/ipshared/896d/hdl/axi_crossbar_v2_1_vl_rfs.v:3500]
INFO: [Synth 8-638] synthesizing module 'axi_crossbar_v2_1_12_addr_arbiter_sasd' [/home/bma/git/fpga_design/redpitaya/double_pid_vco/double_pid_vco.srcs/sources_1/bd/double_pid_vco_wrapper/ipshared/896d/hdl/axi_crossbar_v2_1_vl_rfs.v:65]
INFO: [Synth 8-256] done synthesizing module 'axi_crossbar_v2_1_12_addr_arbiter_sasd' (5#1) [/home/bma/git/fpga_design/redpitaya/double_pid_vco/double_pid_vco.srcs/sources_1/bd/double_pid_vco_wrapper/ipshared/896d/hdl/axi_crossbar_v2_1_vl_rfs.v:65]
INFO: [Synth 8-638] synthesizing module 'axi_crossbar_v2_1_12_splitter' [/home/bma/git/fpga_design/redpitaya/double_pid_vco/double_pid_vco.srcs/sources_1/bd/double_pid_vco_wrapper/ipshared/896d/hdl/axi_crossbar_v2_1_vl_rfs.v:4459]
INFO: [Synth 8-256] done synthesizing module 'axi_crossbar_v2_1_12_splitter' (6#1) [/home/bma/git/fpga_design/redpitaya/double_pid_vco/double_pid_vco.srcs/sources_1/bd/double_pid_vco_wrapper/ipshared/896d/hdl/axi_crossbar_v2_1_vl_rfs.v:4459]
INFO: [Synth 8-638] synthesizing module 'axi_crossbar_v2_1_12_splitter__parameterized0' [/home/bma/git/fpga_design/redpitaya/double_pid_vco/double_pid_vco.srcs/sources_1/bd/double_pid_vco_wrapper/ipshared/896d/hdl/axi_crossbar_v2_1_vl_rfs.v:4459]
INFO: [Synth 8-256] done synthesizing module 'axi_crossbar_v2_1_12_splitter__parameterized0' (6#1) [/home/bma/git/fpga_design/redpitaya/double_pid_vco/double_pid_vco.srcs/sources_1/bd/double_pid_vco_wrapper/ipshared/896d/hdl/axi_crossbar_v2_1_vl_rfs.v:4459]
INFO: [Synth 8-638] synthesizing module 'generic_baseblocks_v2_1_0_mux_enc' [/home/bma/git/fpga_design/redpitaya/double_pid_vco/double_pid_vco.srcs/sources_1/bd/double_pid_vco_wrapper/ipshared/7ee0/hdl/generic_baseblocks_v2_1_vl_rfs.v:2452]
INFO: [Synth 8-256] done synthesizing module 'generic_baseblocks_v2_1_0_mux_enc' (7#1) [/home/bma/git/fpga_design/redpitaya/double_pid_vco/double_pid_vco.srcs/sources_1/bd/double_pid_vco_wrapper/ipshared/7ee0/hdl/generic_baseblocks_v2_1_vl_rfs.v:2452]
INFO: [Synth 8-638] synthesizing module 'generic_baseblocks_v2_1_0_mux_enc__parameterized0' [/home/bma/git/fpga_design/redpitaya/double_pid_vco/double_pid_vco.srcs/sources_1/bd/double_pid_vco_wrapper/ipshared/7ee0/hdl/generic_baseblocks_v2_1_vl_rfs.v:2452]
INFO: [Synth 8-256] done synthesizing module 'generic_baseblocks_v2_1_0_mux_enc__parameterized0' (7#1) [/home/bma/git/fpga_design/redpitaya/double_pid_vco/double_pid_vco.srcs/sources_1/bd/double_pid_vco_wrapper/ipshared/7ee0/hdl/generic_baseblocks_v2_1_vl_rfs.v:2452]
INFO: [Synth 8-638] synthesizing module 'generic_baseblocks_v2_1_0_mux_enc__parameterized1' [/home/bma/git/fpga_design/redpitaya/double_pid_vco/double_pid_vco.srcs/sources_1/bd/double_pid_vco_wrapper/ipshared/7ee0/hdl/generic_baseblocks_v2_1_vl_rfs.v:2452]
INFO: [Synth 8-256] done synthesizing module 'generic_baseblocks_v2_1_0_mux_enc__parameterized1' (7#1) [/home/bma/git/fpga_design/redpitaya/double_pid_vco/double_pid_vco.srcs/sources_1/bd/double_pid_vco_wrapper/ipshared/7ee0/hdl/generic_baseblocks_v2_1_vl_rfs.v:2452]
INFO: [Synth 8-638] synthesizing module 'generic_baseblocks_v2_1_0_mux_enc__parameterized2' [/home/bma/git/fpga_design/redpitaya/double_pid_vco/double_pid_vco.srcs/sources_1/bd/double_pid_vco_wrapper/ipshared/7ee0/hdl/generic_baseblocks_v2_1_vl_rfs.v:2452]
INFO: [Synth 8-256] done synthesizing module 'generic_baseblocks_v2_1_0_mux_enc__parameterized2' (7#1) [/home/bma/git/fpga_design/redpitaya/double_pid_vco/double_pid_vco.srcs/sources_1/bd/double_pid_vco_wrapper/ipshared/7ee0/hdl/generic_baseblocks_v2_1_vl_rfs.v:2452]
INFO: [Synth 8-638] synthesizing module 'axi_register_slice_v2_1_11_axic_register_slice' [/home/bma/git/fpga_design/redpitaya/double_pid_vco/double_pid_vco.srcs/sources_1/bd/double_pid_vco_wrapper/ipshared/0b6b/hdl/axi_register_slice_v2_1_vl_rfs.v:85]
INFO: [Synth 8-256] done synthesizing module 'axi_register_slice_v2_1_11_axic_register_slice' (8#1) [/home/bma/git/fpga_design/redpitaya/double_pid_vco/double_pid_vco.srcs/sources_1/bd/double_pid_vco_wrapper/ipshared/0b6b/hdl/axi_register_slice_v2_1_vl_rfs.v:85]
INFO: [Synth 8-638] synthesizing module 'generic_baseblocks_v2_1_0_mux_enc__parameterized3' [/home/bma/git/fpga_design/redpitaya/double_pid_vco/double_pid_vco.srcs/sources_1/bd/double_pid_vco_wrapper/ipshared/7ee0/hdl/generic_baseblocks_v2_1_vl_rfs.v:2452]
INFO: [Synth 8-256] done synthesizing module 'generic_baseblocks_v2_1_0_mux_enc__parameterized3' (8#1) [/home/bma/git/fpga_design/redpitaya/double_pid_vco/double_pid_vco.srcs/sources_1/bd/double_pid_vco_wrapper/ipshared/7ee0/hdl/generic_baseblocks_v2_1_vl_rfs.v:2452]
INFO: [Synth 8-256] done synthesizing module 'axi_crossbar_v2_1_12_crossbar_sasd' (9#1) [/home/bma/git/fpga_design/redpitaya/double_pid_vco/double_pid_vco.srcs/sources_1/bd/double_pid_vco_wrapper/ipshared/896d/hdl/axi_crossbar_v2_1_vl_rfs.v:1240]
INFO: [Synth 8-256] done synthesizing module 'axi_crossbar_v2_1_12_axi_crossbar' (10#1) [/home/bma/git/fpga_design/redpitaya/double_pid_vco/double_pid_vco.srcs/sources_1/bd/double_pid_vco_wrapper/ipshared/896d/hdl/axi_crossbar_v2_1_vl_rfs.v:4882]
INFO: [Synth 8-256] done synthesizing module 'double_pid_vco_wrapper_tier2_xbar_0_0' (11#1) [/home/bma/git/fpga_design/redpitaya/double_pid_vco/double_pid_vco.srcs/sources_1/bd/double_pid_vco_wrapper/ip/double_pid_vco_wrapper_tier2_xbar_0_0/synth/double_pid_vco_wrapper_tier2_xbar_0_0.v:59]
Finished RTL Elaboration : Time (s): cpu = 00:00:45 ; elapsed = 00:00:53 . Memory (MB): peak = 1249.738 ; gain = 318.555 ; free physical = 1492 ; free virtual = 12112
Finished RTL Optimization Phase 1 : Time (s): cpu = 00:00:45 ; elapsed = 00:00:53 . Memory (MB): peak = 1249.738 ; gain = 318.555 ; free physical = 1483 ; free virtual = 12103
INFO: [Device 21-403] Loading part xc7z010clg400-1
Constraint Validation Runtime : Time (s): cpu = 00:00:00.18 ; elapsed = 00:00:00.18 . Memory (MB): peak = 1514.547 ; gain = 0.000 ; free physical = 1004 ; free virtual = 11625
Finished Constraint Validation : Time (s): cpu = 00:01:15 ; elapsed = 00:01:27 . Memory (MB): peak = 1514.547 ; gain = 583.363 ; free physical = 1476 ; free virtual = 12099
Finished Loading Part and Timing Information : Time (s): cpu = 00:01:15 ; elapsed = 00:01:27 . Memory (MB): peak = 1514.547 ; gain = 583.363 ; free physical = 1475 ; free virtual = 12099
Finished applying 'set_property' XDC Constraints : Time (s): cpu = 00:01:15 ; elapsed = 00:01:27 . Memory (MB): peak = 1514.547 ; gain = 583.363 ; free physical = 1473 ; free virtual = 12097
Finished RTL Optimization Phase 2 : Time (s): cpu = 00:01:16 ; elapsed = 00:01:28 . Memory (MB): peak = 1514.547 ; gain = 583.363 ; free physical = 1443 ; free virtual = 12066
Finished Cross Boundary and Area Optimization : Time (s): cpu = 00:01:20 ; elapsed = 00:01:32 . Memory (MB): peak = 1514.547 ; gain = 583.363 ; free physical = 1334 ; free virtual = 11957
Finished Applying XDC Timing Constraints : Time (s): cpu = 00:01:45 ; elapsed = 00:01:58 . Memory (MB): peak = 1514.547 ; gain = 583.363 ; free physical = 911 ; free virtual = 11537
Finished Timing Optimization : Time (s): cpu = 00:01:48 ; elapsed = 00:02:01 . Memory (MB): peak = 1514.547 ; gain = 583.363 ; free physical = 850 ; free virtual = 11476
Finished Technology Mapping : Time (s): cpu = 00:01:49 ; elapsed = 00:02:02 . Memory (MB): peak = 1522.555 ; gain = 591.371 ; free physical = 840 ; free virtual = 11466
Finished IO Insertion : Time (s): cpu = 00:01:50 ; elapsed = 00:02:03 . Memory (MB): peak = 1522.555 ; gain = 591.371 ; free physical = 836 ; free virtual = 11462
Finished Renaming Generated Instances : Time (s): cpu = 00:01:50 ; elapsed = 00:02:03 . Memory (MB): peak = 1522.555 ; gain = 591.371 ; free physical = 836 ; free virtual = 11462
Finished Rebuilding User Hierarchy : Time (s): cpu = 00:01:50 ; elapsed = 00:02:03 . Memory (MB): peak = 1522.555 ; gain = 591.371 ; free physical = 834 ; free virtual = 11461
Finished Renaming Generated Ports : Time (s): cpu = 00:01:50 ; elapsed = 00:02:03 . Memory (MB): peak = 1522.555 ; gain = 591.371 ; free physical = 834 ; free virtual = 11461
Finished Handling Custom Attributes : Time (s): cpu = 00:01:51 ; elapsed = 00:02:04 . Memory (MB): peak = 1522.555 ; gain = 591.371 ; free physical = 834 ; free virtual = 11460
Finished Renaming Generated Nets : Time (s): cpu = 00:01:51 ; elapsed = 00:02:04 . Memory (MB): peak = 1522.555 ; gain = 591.371 ; free physical = 834 ; free virtual = 11460

Report Cell Usage: 
+------+-----+------+
|      |Cell |Count |
+------+-----+------+
|1     |LUT1 |     2|
|2     |LUT2 |    17|
|3     |LUT3 |    56|
|4     |LUT4 |    70|
|5     |LUT5 |    61|
|6     |LUT6 |   155|
|7     |FDRE |   138|
+------+-----+------+
Finished Writing Synthesis Report : Time (s): cpu = 00:01:51 ; elapsed = 00:02:04 . Memory (MB): peak = 1522.555 ; gain = 591.371 ; free physical = 834 ; free virtual = 11460
synth_design: Time (s): cpu = 00:01:39 ; elapsed = 00:01:48 . Memory (MB): peak = 1522.562 ; gain = 483.875 ; free physical = 754 ; free virtual = 11380
