
*** Running vivado
    with args -log pid_vco_bypass_pid_only_wrapper_xbar_0.vds -m64 -product Vivado -mode batch -messageDb vivado.pb -notrace -source pid_vco_bypass_pid_only_wrapper_xbar_0.tcl

awk: symbol lookup error: awk: undefined symbol: mpfr_z_sub

****** Vivado v2016.4 (64-bit)
  **** SW Build 1733598 on Wed Dec 14 22:35:42 MST 2016
  **** IP Build 1731160 on Wed Dec 14 23:47:21 MST 2016
    ** Copyright 1986-2016 Xilinx, Inc. All Rights Reserved.

source pid_vco_bypass_pid_only_wrapper_xbar_0.tcl -notrace
awk: symbol lookup error: awk: undefined symbol: mpfr_z_sub
Starting RTL Elaboration : Time (s): cpu = 00:00:31 ; elapsed = 00:00:34 . Memory (MB): peak = 1131.266 ; gain = 200.086 ; free physical = 383 ; free virtual = 10491
INFO: [Synth 8-638] synthesizing module 'pid_vco_bypass_pid_only_wrapper_xbar_0' [/home/bma/git/fpga_design/redpitaya/pid_vco_bypass_pid_only/pid_vco_bypass_pid_only.srcs/sources_1/bd/pid_vco_bypass_pid_only_wrapper/ip/pid_vco_bypass_pid_only_wrapper_xbar_0/synth/pid_vco_bypass_pid_only_wrapper_xbar_0.v:60]
INFO: [Synth 8-638] synthesizing module 'axi_crossbar_v2_1_12_axi_crossbar' [/home/bma/git/fpga_design/redpitaya/pid_vco_bypass_pid_only/pid_vco_bypass_pid_only.srcs/sources_1/bd/pid_vco_bypass_pid_only_wrapper/ipshared/896d/hdl/axi_crossbar_v2_1_vl_rfs.v:4882]
INFO: [Synth 8-638] synthesizing module 'axi_crossbar_v2_1_12_crossbar_sasd' [/home/bma/git/fpga_design/redpitaya/pid_vco_bypass_pid_only/pid_vco_bypass_pid_only.srcs/sources_1/bd/pid_vco_bypass_pid_only_wrapper/ipshared/896d/hdl/axi_crossbar_v2_1_vl_rfs.v:1240]
INFO: [Synth 8-638] synthesizing module 'axi_crossbar_v2_1_12_addr_decoder' [/home/bma/git/fpga_design/redpitaya/pid_vco_bypass_pid_only/pid_vco_bypass_pid_only.srcs/sources_1/bd/pid_vco_bypass_pid_only_wrapper/ipshared/896d/hdl/axi_crossbar_v2_1_vl_rfs.v:794]
INFO: [Synth 8-638] synthesizing module 'generic_baseblocks_v2_1_0_comparator_static' [/home/bma/git/fpga_design/redpitaya/pid_vco_bypass_pid_only/pid_vco_bypass_pid_only.srcs/sources_1/bd/pid_vco_bypass_pid_only_wrapper/ipshared/7ee0/hdl/generic_baseblocks_v2_1_vl_rfs.v:2133]
INFO: [Synth 8-638] synthesizing module 'generic_baseblocks_v2_1_0_carry_and' [/home/bma/git/fpga_design/redpitaya/pid_vco_bypass_pid_only/pid_vco_bypass_pid_only.srcs/sources_1/bd/pid_vco_bypass_pid_only_wrapper/ipshared/7ee0/hdl/generic_baseblocks_v2_1_vl_rfs.v:62]
INFO: [Synth 8-256] done synthesizing module 'generic_baseblocks_v2_1_0_carry_and' (1#1) [/home/bma/git/fpga_design/redpitaya/pid_vco_bypass_pid_only/pid_vco_bypass_pid_only.srcs/sources_1/bd/pid_vco_bypass_pid_only_wrapper/ipshared/7ee0/hdl/generic_baseblocks_v2_1_vl_rfs.v:62]
INFO: [Synth 8-256] done synthesizing module 'generic_baseblocks_v2_1_0_comparator_static' (2#1) [/home/bma/git/fpga_design/redpitaya/pid_vco_bypass_pid_only/pid_vco_bypass_pid_only.srcs/sources_1/bd/pid_vco_bypass_pid_only_wrapper/ipshared/7ee0/hdl/generic_baseblocks_v2_1_vl_rfs.v:2133]
INFO: [Synth 8-638] synthesizing module 'generic_baseblocks_v2_1_0_comparator_static__parameterized0' [/home/bma/git/fpga_design/redpitaya/pid_vco_bypass_pid_only/pid_vco_bypass_pid_only.srcs/sources_1/bd/pid_vco_bypass_pid_only_wrapper/ipshared/7ee0/hdl/generic_baseblocks_v2_1_vl_rfs.v:2133]
INFO: [Synth 8-256] done synthesizing module 'generic_baseblocks_v2_1_0_comparator_static__parameterized0' (2#1) [/home/bma/git/fpga_design/redpitaya/pid_vco_bypass_pid_only/pid_vco_bypass_pid_only.srcs/sources_1/bd/pid_vco_bypass_pid_only_wrapper/ipshared/7ee0/hdl/generic_baseblocks_v2_1_vl_rfs.v:2133]
INFO: [Synth 8-638] synthesizing module 'generic_baseblocks_v2_1_0_comparator_static__parameterized1' [/home/bma/git/fpga_design/redpitaya/pid_vco_bypass_pid_only/pid_vco_bypass_pid_only.srcs/sources_1/bd/pid_vco_bypass_pid_only_wrapper/ipshared/7ee0/hdl/generic_baseblocks_v2_1_vl_rfs.v:2133]
INFO: [Synth 8-256] done synthesizing module 'generic_baseblocks_v2_1_0_comparator_static__parameterized1' (2#1) [/home/bma/git/fpga_design/redpitaya/pid_vco_bypass_pid_only/pid_vco_bypass_pid_only.srcs/sources_1/bd/pid_vco_bypass_pid_only_wrapper/ipshared/7ee0/hdl/generic_baseblocks_v2_1_vl_rfs.v:2133]
INFO: [Synth 8-638] synthesizing module 'generic_baseblocks_v2_1_0_comparator_static__parameterized2' [/home/bma/git/fpga_design/redpitaya/pid_vco_bypass_pid_only/pid_vco_bypass_pid_only.srcs/sources_1/bd/pid_vco_bypass_pid_only_wrapper/ipshared/7ee0/hdl/generic_baseblocks_v2_1_vl_rfs.v:2133]
INFO: [Synth 8-256] done synthesizing module 'generic_baseblocks_v2_1_0_comparator_static__parameterized2' (2#1) [/home/bma/git/fpga_design/redpitaya/pid_vco_bypass_pid_only/pid_vco_bypass_pid_only.srcs/sources_1/bd/pid_vco_bypass_pid_only_wrapper/ipshared/7ee0/hdl/generic_baseblocks_v2_1_vl_rfs.v:2133]
INFO: [Synth 8-638] synthesizing module 'generic_baseblocks_v2_1_0_comparator_static__parameterized3' [/home/bma/git/fpga_design/redpitaya/pid_vco_bypass_pid_only/pid_vco_bypass_pid_only.srcs/sources_1/bd/pid_vco_bypass_pid_only_wrapper/ipshared/7ee0/hdl/generic_baseblocks_v2_1_vl_rfs.v:2133]
INFO: [Synth 8-256] done synthesizing module 'generic_baseblocks_v2_1_0_comparator_static__parameterized3' (2#1) [/home/bma/git/fpga_design/redpitaya/pid_vco_bypass_pid_only/pid_vco_bypass_pid_only.srcs/sources_1/bd/pid_vco_bypass_pid_only_wrapper/ipshared/7ee0/hdl/generic_baseblocks_v2_1_vl_rfs.v:2133]
INFO: [Synth 8-638] synthesizing module 'generic_baseblocks_v2_1_0_comparator_static__parameterized4' [/home/bma/git/fpga_design/redpitaya/pid_vco_bypass_pid_only/pid_vco_bypass_pid_only.srcs/sources_1/bd/pid_vco_bypass_pid_only_wrapper/ipshared/7ee0/hdl/generic_baseblocks_v2_1_vl_rfs.v:2133]
INFO: [Synth 8-256] done synthesizing module 'generic_baseblocks_v2_1_0_comparator_static__parameterized4' (2#1) [/home/bma/git/fpga_design/redpitaya/pid_vco_bypass_pid_only/pid_vco_bypass_pid_only.srcs/sources_1/bd/pid_vco_bypass_pid_only_wrapper/ipshared/7ee0/hdl/generic_baseblocks_v2_1_vl_rfs.v:2133]
INFO: [Synth 8-638] synthesizing module 'generic_baseblocks_v2_1_0_comparator_static__parameterized5' [/home/bma/git/fpga_design/redpitaya/pid_vco_bypass_pid_only/pid_vco_bypass_pid_only.srcs/sources_1/bd/pid_vco_bypass_pid_only_wrapper/ipshared/7ee0/hdl/generic_baseblocks_v2_1_vl_rfs.v:2133]
INFO: [Synth 8-256] done synthesizing module 'generic_baseblocks_v2_1_0_comparator_static__parameterized5' (2#1) [/home/bma/git/fpga_design/redpitaya/pid_vco_bypass_pid_only/pid_vco_bypass_pid_only.srcs/sources_1/bd/pid_vco_bypass_pid_only_wrapper/ipshared/7ee0/hdl/generic_baseblocks_v2_1_vl_rfs.v:2133]
INFO: [Synth 8-638] synthesizing module 'generic_baseblocks_v2_1_0_comparator_static__parameterized6' [/home/bma/git/fpga_design/redpitaya/pid_vco_bypass_pid_only/pid_vco_bypass_pid_only.srcs/sources_1/bd/pid_vco_bypass_pid_only_wrapper/ipshared/7ee0/hdl/generic_baseblocks_v2_1_vl_rfs.v:2133]
INFO: [Synth 8-256] done synthesizing module 'generic_baseblocks_v2_1_0_comparator_static__parameterized6' (2#1) [/home/bma/git/fpga_design/redpitaya/pid_vco_bypass_pid_only/pid_vco_bypass_pid_only.srcs/sources_1/bd/pid_vco_bypass_pid_only_wrapper/ipshared/7ee0/hdl/generic_baseblocks_v2_1_vl_rfs.v:2133]
INFO: [Synth 8-638] synthesizing module 'generic_baseblocks_v2_1_0_comparator_static__parameterized7' [/home/bma/git/fpga_design/redpitaya/pid_vco_bypass_pid_only/pid_vco_bypass_pid_only.srcs/sources_1/bd/pid_vco_bypass_pid_only_wrapper/ipshared/7ee0/hdl/generic_baseblocks_v2_1_vl_rfs.v:2133]
INFO: [Synth 8-256] done synthesizing module 'generic_baseblocks_v2_1_0_comparator_static__parameterized7' (2#1) [/home/bma/git/fpga_design/redpitaya/pid_vco_bypass_pid_only/pid_vco_bypass_pid_only.srcs/sources_1/bd/pid_vco_bypass_pid_only_wrapper/ipshared/7ee0/hdl/generic_baseblocks_v2_1_vl_rfs.v:2133]
INFO: [Synth 8-638] synthesizing module 'generic_baseblocks_v2_1_0_comparator_static__parameterized8' [/home/bma/git/fpga_design/redpitaya/pid_vco_bypass_pid_only/pid_vco_bypass_pid_only.srcs/sources_1/bd/pid_vco_bypass_pid_only_wrapper/ipshared/7ee0/hdl/generic_baseblocks_v2_1_vl_rfs.v:2133]
INFO: [Synth 8-256] done synthesizing module 'generic_baseblocks_v2_1_0_comparator_static__parameterized8' (2#1) [/home/bma/git/fpga_design/redpitaya/pid_vco_bypass_pid_only/pid_vco_bypass_pid_only.srcs/sources_1/bd/pid_vco_bypass_pid_only_wrapper/ipshared/7ee0/hdl/generic_baseblocks_v2_1_vl_rfs.v:2133]
INFO: [Synth 8-638] synthesizing module 'generic_baseblocks_v2_1_0_comparator_static__parameterized9' [/home/bma/git/fpga_design/redpitaya/pid_vco_bypass_pid_only/pid_vco_bypass_pid_only.srcs/sources_1/bd/pid_vco_bypass_pid_only_wrapper/ipshared/7ee0/hdl/generic_baseblocks_v2_1_vl_rfs.v:2133]
INFO: [Synth 8-256] done synthesizing module 'generic_baseblocks_v2_1_0_comparator_static__parameterized9' (2#1) [/home/bma/git/fpga_design/redpitaya/pid_vco_bypass_pid_only/pid_vco_bypass_pid_only.srcs/sources_1/bd/pid_vco_bypass_pid_only_wrapper/ipshared/7ee0/hdl/generic_baseblocks_v2_1_vl_rfs.v:2133]
INFO: [Synth 8-638] synthesizing module 'generic_baseblocks_v2_1_0_comparator_static__parameterized10' [/home/bma/git/fpga_design/redpitaya/pid_vco_bypass_pid_only/pid_vco_bypass_pid_only.srcs/sources_1/bd/pid_vco_bypass_pid_only_wrapper/ipshared/7ee0/hdl/generic_baseblocks_v2_1_vl_rfs.v:2133]
INFO: [Synth 8-256] done synthesizing module 'generic_baseblocks_v2_1_0_comparator_static__parameterized10' (2#1) [/home/bma/git/fpga_design/redpitaya/pid_vco_bypass_pid_only/pid_vco_bypass_pid_only.srcs/sources_1/bd/pid_vco_bypass_pid_only_wrapper/ipshared/7ee0/hdl/generic_baseblocks_v2_1_vl_rfs.v:2133]
INFO: [Synth 8-638] synthesizing module 'generic_baseblocks_v2_1_0_comparator_static__parameterized11' [/home/bma/git/fpga_design/redpitaya/pid_vco_bypass_pid_only/pid_vco_bypass_pid_only.srcs/sources_1/bd/pid_vco_bypass_pid_only_wrapper/ipshared/7ee0/hdl/generic_baseblocks_v2_1_vl_rfs.v:2133]
INFO: [Synth 8-256] done synthesizing module 'generic_baseblocks_v2_1_0_comparator_static__parameterized11' (2#1) [/home/bma/git/fpga_design/redpitaya/pid_vco_bypass_pid_only/pid_vco_bypass_pid_only.srcs/sources_1/bd/pid_vco_bypass_pid_only_wrapper/ipshared/7ee0/hdl/generic_baseblocks_v2_1_vl_rfs.v:2133]
INFO: [Synth 8-638] synthesizing module 'generic_baseblocks_v2_1_0_comparator_static__parameterized12' [/home/bma/git/fpga_design/redpitaya/pid_vco_bypass_pid_only/pid_vco_bypass_pid_only.srcs/sources_1/bd/pid_vco_bypass_pid_only_wrapper/ipshared/7ee0/hdl/generic_baseblocks_v2_1_vl_rfs.v:2133]
INFO: [Synth 8-256] done synthesizing module 'generic_baseblocks_v2_1_0_comparator_static__parameterized12' (2#1) [/home/bma/git/fpga_design/redpitaya/pid_vco_bypass_pid_only/pid_vco_bypass_pid_only.srcs/sources_1/bd/pid_vco_bypass_pid_only_wrapper/ipshared/7ee0/hdl/generic_baseblocks_v2_1_vl_rfs.v:2133]
INFO: [Synth 8-256] done synthesizing module 'axi_crossbar_v2_1_12_addr_decoder' (3#1) [/home/bma/git/fpga_design/redpitaya/pid_vco_bypass_pid_only/pid_vco_bypass_pid_only.srcs/sources_1/bd/pid_vco_bypass_pid_only_wrapper/ipshared/896d/hdl/axi_crossbar_v2_1_vl_rfs.v:794]
INFO: [Synth 8-638] synthesizing module 'axi_crossbar_v2_1_12_decerr_slave' [/home/bma/git/fpga_design/redpitaya/pid_vco_bypass_pid_only/pid_vco_bypass_pid_only.srcs/sources_1/bd/pid_vco_bypass_pid_only_wrapper/ipshared/896d/hdl/axi_crossbar_v2_1_vl_rfs.v:3500]
INFO: [Synth 8-256] done synthesizing module 'axi_crossbar_v2_1_12_decerr_slave' (4#1) [/home/bma/git/fpga_design/redpitaya/pid_vco_bypass_pid_only/pid_vco_bypass_pid_only.srcs/sources_1/bd/pid_vco_bypass_pid_only_wrapper/ipshared/896d/hdl/axi_crossbar_v2_1_vl_rfs.v:3500]
INFO: [Synth 8-638] synthesizing module 'axi_crossbar_v2_1_12_addr_arbiter_sasd' [/home/bma/git/fpga_design/redpitaya/pid_vco_bypass_pid_only/pid_vco_bypass_pid_only.srcs/sources_1/bd/pid_vco_bypass_pid_only_wrapper/ipshared/896d/hdl/axi_crossbar_v2_1_vl_rfs.v:65]
INFO: [Synth 8-256] done synthesizing module 'axi_crossbar_v2_1_12_addr_arbiter_sasd' (5#1) [/home/bma/git/fpga_design/redpitaya/pid_vco_bypass_pid_only/pid_vco_bypass_pid_only.srcs/sources_1/bd/pid_vco_bypass_pid_only_wrapper/ipshared/896d/hdl/axi_crossbar_v2_1_vl_rfs.v:65]
INFO: [Synth 8-638] synthesizing module 'axi_crossbar_v2_1_12_splitter' [/home/bma/git/fpga_design/redpitaya/pid_vco_bypass_pid_only/pid_vco_bypass_pid_only.srcs/sources_1/bd/pid_vco_bypass_pid_only_wrapper/ipshared/896d/hdl/axi_crossbar_v2_1_vl_rfs.v:4459]
INFO: [Synth 8-256] done synthesizing module 'axi_crossbar_v2_1_12_splitter' (6#1) [/home/bma/git/fpga_design/redpitaya/pid_vco_bypass_pid_only/pid_vco_bypass_pid_only.srcs/sources_1/bd/pid_vco_bypass_pid_only_wrapper/ipshared/896d/hdl/axi_crossbar_v2_1_vl_rfs.v:4459]
INFO: [Synth 8-638] synthesizing module 'axi_crossbar_v2_1_12_splitter__parameterized0' [/home/bma/git/fpga_design/redpitaya/pid_vco_bypass_pid_only/pid_vco_bypass_pid_only.srcs/sources_1/bd/pid_vco_bypass_pid_only_wrapper/ipshared/896d/hdl/axi_crossbar_v2_1_vl_rfs.v:4459]
INFO: [Synth 8-256] done synthesizing module 'axi_crossbar_v2_1_12_splitter__parameterized0' (6#1) [/home/bma/git/fpga_design/redpitaya/pid_vco_bypass_pid_only/pid_vco_bypass_pid_only.srcs/sources_1/bd/pid_vco_bypass_pid_only_wrapper/ipshared/896d/hdl/axi_crossbar_v2_1_vl_rfs.v:4459]
INFO: [Synth 8-638] synthesizing module 'generic_baseblocks_v2_1_0_mux_enc' [/home/bma/git/fpga_design/redpitaya/pid_vco_bypass_pid_only/pid_vco_bypass_pid_only.srcs/sources_1/bd/pid_vco_bypass_pid_only_wrapper/ipshared/7ee0/hdl/generic_baseblocks_v2_1_vl_rfs.v:2452]
INFO: [Synth 8-256] done synthesizing module 'generic_baseblocks_v2_1_0_mux_enc' (7#1) [/home/bma/git/fpga_design/redpitaya/pid_vco_bypass_pid_only/pid_vco_bypass_pid_only.srcs/sources_1/bd/pid_vco_bypass_pid_only_wrapper/ipshared/7ee0/hdl/generic_baseblocks_v2_1_vl_rfs.v:2452]
INFO: [Synth 8-638] synthesizing module 'generic_baseblocks_v2_1_0_mux_enc__parameterized0' [/home/bma/git/fpga_design/redpitaya/pid_vco_bypass_pid_only/pid_vco_bypass_pid_only.srcs/sources_1/bd/pid_vco_bypass_pid_only_wrapper/ipshared/7ee0/hdl/generic_baseblocks_v2_1_vl_rfs.v:2452]
INFO: [Synth 8-256] done synthesizing module 'generic_baseblocks_v2_1_0_mux_enc__parameterized0' (7#1) [/home/bma/git/fpga_design/redpitaya/pid_vco_bypass_pid_only/pid_vco_bypass_pid_only.srcs/sources_1/bd/pid_vco_bypass_pid_only_wrapper/ipshared/7ee0/hdl/generic_baseblocks_v2_1_vl_rfs.v:2452]
INFO: [Synth 8-638] synthesizing module 'generic_baseblocks_v2_1_0_mux_enc__parameterized1' [/home/bma/git/fpga_design/redpitaya/pid_vco_bypass_pid_only/pid_vco_bypass_pid_only.srcs/sources_1/bd/pid_vco_bypass_pid_only_wrapper/ipshared/7ee0/hdl/generic_baseblocks_v2_1_vl_rfs.v:2452]
INFO: [Synth 8-256] done synthesizing module 'generic_baseblocks_v2_1_0_mux_enc__parameterized1' (7#1) [/home/bma/git/fpga_design/redpitaya/pid_vco_bypass_pid_only/pid_vco_bypass_pid_only.srcs/sources_1/bd/pid_vco_bypass_pid_only_wrapper/ipshared/7ee0/hdl/generic_baseblocks_v2_1_vl_rfs.v:2452]
INFO: [Synth 8-638] synthesizing module 'generic_baseblocks_v2_1_0_mux_enc__parameterized2' [/home/bma/git/fpga_design/redpitaya/pid_vco_bypass_pid_only/pid_vco_bypass_pid_only.srcs/sources_1/bd/pid_vco_bypass_pid_only_wrapper/ipshared/7ee0/hdl/generic_baseblocks_v2_1_vl_rfs.v:2452]
INFO: [Synth 8-256] done synthesizing module 'generic_baseblocks_v2_1_0_mux_enc__parameterized2' (7#1) [/home/bma/git/fpga_design/redpitaya/pid_vco_bypass_pid_only/pid_vco_bypass_pid_only.srcs/sources_1/bd/pid_vco_bypass_pid_only_wrapper/ipshared/7ee0/hdl/generic_baseblocks_v2_1_vl_rfs.v:2452]
INFO: [Synth 8-638] synthesizing module 'axi_register_slice_v2_1_11_axic_register_slice' [/home/bma/git/fpga_design/redpitaya/pid_vco_bypass_pid_only/pid_vco_bypass_pid_only.srcs/sources_1/bd/pid_vco_bypass_pid_only_wrapper/ipshared/0b6b/hdl/axi_register_slice_v2_1_vl_rfs.v:85]
INFO: [Synth 8-256] done synthesizing module 'axi_register_slice_v2_1_11_axic_register_slice' (8#1) [/home/bma/git/fpga_design/redpitaya/pid_vco_bypass_pid_only/pid_vco_bypass_pid_only.srcs/sources_1/bd/pid_vco_bypass_pid_only_wrapper/ipshared/0b6b/hdl/axi_register_slice_v2_1_vl_rfs.v:85]
INFO: [Synth 8-638] synthesizing module 'generic_baseblocks_v2_1_0_mux_enc__parameterized3' [/home/bma/git/fpga_design/redpitaya/pid_vco_bypass_pid_only/pid_vco_bypass_pid_only.srcs/sources_1/bd/pid_vco_bypass_pid_only_wrapper/ipshared/7ee0/hdl/generic_baseblocks_v2_1_vl_rfs.v:2452]
INFO: [Synth 8-256] done synthesizing module 'generic_baseblocks_v2_1_0_mux_enc__parameterized3' (8#1) [/home/bma/git/fpga_design/redpitaya/pid_vco_bypass_pid_only/pid_vco_bypass_pid_only.srcs/sources_1/bd/pid_vco_bypass_pid_only_wrapper/ipshared/7ee0/hdl/generic_baseblocks_v2_1_vl_rfs.v:2452]
INFO: [Synth 8-256] done synthesizing module 'axi_crossbar_v2_1_12_crossbar_sasd' (9#1) [/home/bma/git/fpga_design/redpitaya/pid_vco_bypass_pid_only/pid_vco_bypass_pid_only.srcs/sources_1/bd/pid_vco_bypass_pid_only_wrapper/ipshared/896d/hdl/axi_crossbar_v2_1_vl_rfs.v:1240]
INFO: [Synth 8-256] done synthesizing module 'axi_crossbar_v2_1_12_axi_crossbar' (10#1) [/home/bma/git/fpga_design/redpitaya/pid_vco_bypass_pid_only/pid_vco_bypass_pid_only.srcs/sources_1/bd/pid_vco_bypass_pid_only_wrapper/ipshared/896d/hdl/axi_crossbar_v2_1_vl_rfs.v:4882]
INFO: [Synth 8-256] done synthesizing module 'pid_vco_bypass_pid_only_wrapper_xbar_0' (11#1) [/home/bma/git/fpga_design/redpitaya/pid_vco_bypass_pid_only/pid_vco_bypass_pid_only.srcs/sources_1/bd/pid_vco_bypass_pid_only_wrapper/ip/pid_vco_bypass_pid_only_wrapper_xbar_0/synth/pid_vco_bypass_pid_only_wrapper_xbar_0.v:60]
Finished RTL Elaboration : Time (s): cpu = 00:00:43 ; elapsed = 00:00:47 . Memory (MB): peak = 1251.734 ; gain = 320.555 ; free physical = 141 ; free virtual = 10027
Finished RTL Optimization Phase 1 : Time (s): cpu = 00:00:44 ; elapsed = 00:00:47 . Memory (MB): peak = 1251.734 ; gain = 320.555 ; free physical = 140 ; free virtual = 10026
INFO: [Device 21-403] Loading part xc7z010clg400-1
Constraint Validation Runtime : Time (s): cpu = 00:00:00.11 ; elapsed = 00:00:00.12 . Memory (MB): peak = 1514.547 ; gain = 0.000 ; free physical = 128 ; free virtual = 9831
Finished Constraint Validation : Time (s): cpu = 00:01:12 ; elapsed = 00:01:16 . Memory (MB): peak = 1514.547 ; gain = 583.367 ; free physical = 121 ; free virtual = 9813
Finished Loading Part and Timing Information : Time (s): cpu = 00:01:12 ; elapsed = 00:01:16 . Memory (MB): peak = 1514.547 ; gain = 583.367 ; free physical = 121 ; free virtual = 9813
Finished applying 'set_property' XDC Constraints : Time (s): cpu = 00:01:12 ; elapsed = 00:01:16 . Memory (MB): peak = 1514.547 ; gain = 583.367 ; free physical = 121 ; free virtual = 9813
Finished RTL Optimization Phase 2 : Time (s): cpu = 00:01:13 ; elapsed = 00:01:17 . Memory (MB): peak = 1514.547 ; gain = 583.367 ; free physical = 144 ; free virtual = 9803
Finished Cross Boundary and Area Optimization : Time (s): cpu = 00:01:16 ; elapsed = 00:01:20 . Memory (MB): peak = 1514.547 ; gain = 583.367 ; free physical = 129 ; free virtual = 9776
Finished Applying XDC Timing Constraints : Time (s): cpu = 00:01:43 ; elapsed = 00:01:49 . Memory (MB): peak = 1514.547 ; gain = 583.367 ; free physical = 1003 ; free virtual = 10529
Finished Timing Optimization : Time (s): cpu = 00:01:45 ; elapsed = 00:01:52 . Memory (MB): peak = 1514.547 ; gain = 583.367 ; free physical = 918 ; free virtual = 10444
Finished Technology Mapping : Time (s): cpu = 00:01:46 ; elapsed = 00:01:52 . Memory (MB): peak = 1514.547 ; gain = 583.367 ; free physical = 909 ; free virtual = 10435
Finished IO Insertion : Time (s): cpu = 00:01:47 ; elapsed = 00:01:54 . Memory (MB): peak = 1514.547 ; gain = 583.367 ; free physical = 892 ; free virtual = 10418
Finished Renaming Generated Instances : Time (s): cpu = 00:01:47 ; elapsed = 00:01:54 . Memory (MB): peak = 1514.547 ; gain = 583.367 ; free physical = 891 ; free virtual = 10417
Finished Rebuilding User Hierarchy : Time (s): cpu = 00:01:47 ; elapsed = 00:01:54 . Memory (MB): peak = 1514.547 ; gain = 583.367 ; free physical = 888 ; free virtual = 10414
Finished Renaming Generated Ports : Time (s): cpu = 00:01:47 ; elapsed = 00:01:54 . Memory (MB): peak = 1514.547 ; gain = 583.367 ; free physical = 888 ; free virtual = 10413
Finished Handling Custom Attributes : Time (s): cpu = 00:01:47 ; elapsed = 00:01:54 . Memory (MB): peak = 1514.547 ; gain = 583.367 ; free physical = 885 ; free virtual = 10411
Finished Renaming Generated Nets : Time (s): cpu = 00:01:47 ; elapsed = 00:01:54 . Memory (MB): peak = 1514.547 ; gain = 583.367 ; free physical = 885 ; free virtual = 10411

Report Cell Usage: 
+------+-----+------+
|      |Cell |Count |
+------+-----+------+
|1     |LUT1 |     2|
|2     |LUT2 |    15|
|3     |LUT3 |    42|
|4     |LUT4 |    52|
|5     |LUT5 |    58|
|6     |LUT6 |    64|
|7     |FDRE |   133|
+------+-----+------+
Finished Writing Synthesis Report : Time (s): cpu = 00:01:47 ; elapsed = 00:01:54 . Memory (MB): peak = 1514.547 ; gain = 583.367 ; free physical = 885 ; free virtual = 10411
synth_design: Time (s): cpu = 00:01:36 ; elapsed = 00:01:41 . Memory (MB): peak = 1514.555 ; gain = 473.871 ; free physical = 709 ; free virtual = 10368
