
*** Running vivado
    with args -log iq_demod_only_wrapper_xlslice_0_0.vds -m64 -product Vivado -mode batch -messageDb vivado.pb -notrace -source iq_demod_only_wrapper_xlslice_0_0.tcl

awk: symbol lookup error: awk: undefined symbol: mpfr_z_sub

****** Vivado v2016.4 (64-bit)
  **** SW Build 1733598 on Wed Dec 14 22:35:42 MST 2016
  **** IP Build 1731160 on Wed Dec 14 23:47:21 MST 2016
    ** Copyright 1986-2016 Xilinx, Inc. All Rights Reserved.

source iq_demod_only_wrapper_xlslice_0_0.tcl -notrace
awk: symbol lookup error: awk: undefined symbol: mpfr_z_sub
Starting RTL Elaboration : Time (s): cpu = 00:00:26 ; elapsed = 00:00:28 . Memory (MB): peak = 1111.266 ; gain = 180.086 ; free physical = 595 ; free virtual = 12136
INFO: [Synth 8-638] synthesizing module 'iq_demod_only_wrapper_xlslice_0_0' [/home/bma/git/fpga_design/redpitaya/iq_demod_only/iq_demod_only.srcs/sources_1/bd/iq_demod_only_wrapper/ip/iq_demod_only_wrapper_xlslice_0_0/synth/iq_demod_only_wrapper_xlslice_0_0.v:57]
INFO: [Synth 8-638] synthesizing module 'xlslice' [/home/bma/git/fpga_design/redpitaya/iq_demod_only/iq_demod_only.srcs/sources_1/bd/iq_demod_only_wrapper/ipshared/c49f/xlslice.v:14]
INFO: [Synth 8-256] done synthesizing module 'xlslice' (1#1) [/home/bma/git/fpga_design/redpitaya/iq_demod_only/iq_demod_only.srcs/sources_1/bd/iq_demod_only_wrapper/ipshared/c49f/xlslice.v:14]
INFO: [Synth 8-256] done synthesizing module 'iq_demod_only_wrapper_xlslice_0_0' (2#1) [/home/bma/git/fpga_design/redpitaya/iq_demod_only/iq_demod_only.srcs/sources_1/bd/iq_demod_only_wrapper/ip/iq_demod_only_wrapper_xlslice_0_0/synth/iq_demod_only_wrapper_xlslice_0_0.v:57]
Finished RTL Elaboration : Time (s): cpu = 00:00:28 ; elapsed = 00:00:31 . Memory (MB): peak = 1152.734 ; gain = 221.555 ; free physical = 516 ; free virtual = 12057
Finished RTL Optimization Phase 1 : Time (s): cpu = 00:00:28 ; elapsed = 00:00:31 . Memory (MB): peak = 1152.734 ; gain = 221.555 ; free physical = 512 ; free virtual = 12054
INFO: [Device 21-403] Loading part xc7z010clg400-1
Constraint Validation Runtime : Time (s): cpu = 00:00:00.02 ; elapsed = 00:00:00.02 . Memory (MB): peak = 1395.887 ; gain = 0.000 ; free physical = 240 ; free virtual = 11819
Finished Constraint Validation : Time (s): cpu = 00:00:56 ; elapsed = 00:01:03 . Memory (MB): peak = 1395.887 ; gain = 464.707 ; free physical = 1268 ; free virtual = 12846
Finished Loading Part and Timing Information : Time (s): cpu = 00:00:56 ; elapsed = 00:01:03 . Memory (MB): peak = 1395.887 ; gain = 464.707 ; free physical = 1268 ; free virtual = 12846
Finished applying 'set_property' XDC Constraints : Time (s): cpu = 00:00:56 ; elapsed = 00:01:03 . Memory (MB): peak = 1395.887 ; gain = 464.707 ; free physical = 1267 ; free virtual = 12845
Finished RTL Optimization Phase 2 : Time (s): cpu = 00:00:56 ; elapsed = 00:01:03 . Memory (MB): peak = 1395.887 ; gain = 464.707 ; free physical = 1267 ; free virtual = 12845
Finished Cross Boundary and Area Optimization : Time (s): cpu = 00:00:57 ; elapsed = 00:01:04 . Memory (MB): peak = 1395.887 ; gain = 464.707 ; free physical = 1260 ; free virtual = 12838
Finished Applying XDC Timing Constraints : Time (s): cpu = 00:01:22 ; elapsed = 00:01:31 . Memory (MB): peak = 1434.887 ; gain = 503.707 ; free physical = 1118 ; free virtual = 12700
Finished Timing Optimization : Time (s): cpu = 00:01:22 ; elapsed = 00:01:31 . Memory (MB): peak = 1434.887 ; gain = 503.707 ; free physical = 1118 ; free virtual = 12700
Finished Technology Mapping : Time (s): cpu = 00:01:22 ; elapsed = 00:01:31 . Memory (MB): peak = 1444.902 ; gain = 513.723 ; free physical = 1109 ; free virtual = 12691
Finished IO Insertion : Time (s): cpu = 00:01:23 ; elapsed = 00:01:33 . Memory (MB): peak = 1444.902 ; gain = 513.723 ; free physical = 1083 ; free virtual = 12664
Finished Renaming Generated Instances : Time (s): cpu = 00:01:23 ; elapsed = 00:01:33 . Memory (MB): peak = 1444.902 ; gain = 513.723 ; free physical = 1083 ; free virtual = 12664
Finished Rebuilding User Hierarchy : Time (s): cpu = 00:01:23 ; elapsed = 00:01:33 . Memory (MB): peak = 1444.902 ; gain = 513.723 ; free physical = 1083 ; free virtual = 12664
Finished Renaming Generated Ports : Time (s): cpu = 00:01:23 ; elapsed = 00:01:33 . Memory (MB): peak = 1444.902 ; gain = 513.723 ; free physical = 1083 ; free virtual = 12664
Finished Handling Custom Attributes : Time (s): cpu = 00:01:23 ; elapsed = 00:01:33 . Memory (MB): peak = 1444.902 ; gain = 513.723 ; free physical = 1083 ; free virtual = 12664
Finished Renaming Generated Nets : Time (s): cpu = 00:01:23 ; elapsed = 00:01:33 . Memory (MB): peak = 1444.902 ; gain = 513.723 ; free physical = 1083 ; free virtual = 12664

Report Cell Usage: 
+-+-----+------+
| |Cell |Count |
+-+-----+------+
+-+-----+------+
Finished Writing Synthesis Report : Time (s): cpu = 00:01:23 ; elapsed = 00:01:33 . Memory (MB): peak = 1444.902 ; gain = 513.723 ; free physical = 1083 ; free virtual = 12664
synth_design: Time (s): cpu = 00:01:12 ; elapsed = 00:01:20 . Memory (MB): peak = 1448.902 ; gain = 417.219 ; free physical = 1069 ; free virtual = 12650
