Copyright 1986-2016 Xilinx, Inc. All Rights Reserved.
--------------------------------------------------------------------------------------------------
| Tool Version : Vivado v.2016.4 (lin64) Build 1733598 Wed Dec 14 22:35:42 MST 2016
| Date         : Wed Jan 31 08:17:47 2018
| Host         : ux305 running 64-bit Debian GNU/Linux testing/unstable
| Command      : report_control_sets -verbose -file iq_demod_only_wrapper_control_sets_placed.rpt
| Design       : iq_demod_only_wrapper
| Device       : xc7z010
--------------------------------------------------------------------------------------------------

Control Set Information

Table of Contents
-----------------
1. Summary
2. Flip-Flop Distribution
3. Detailed Control Set Information

1. Summary
----------

+----------------------------------------------------------+-------+
|                          Status                          | Count |
+----------------------------------------------------------+-------+
| Number of unique control sets                            |   234 |
| Unused register locations in slices containing registers |   540 |
+----------------------------------------------------------+-------+


2. Flip-Flop Distribution
-------------------------

+--------------+-----------------------+------------------------+-----------------+--------------+
| Clock Enable | Synchronous Set/Reset | Asynchronous Set/Reset | Total Registers | Total Slices |
+--------------+-----------------------+------------------------+-----------------+--------------+
| No           | No                    | No                     |            7194 |         1671 |
| No           | No                    | Yes                    |               1 |            1 |
| No           | Yes                   | No                     |             262 |          100 |
| Yes          | No                    | No                     |            2932 |          692 |
| Yes          | No                    | Yes                    |              84 |           26 |
| Yes          | Yes                   | No                     |            4571 |         1289 |
+--------------+-----------------------+------------------------+-----------------+--------------+


3. Detailed Control Set Information
-----------------------------------

+-----------------------------------------+----------------------------------------------------------------------------------------------------------------------------------------------------+-------------------------------------------------------------------------------------------------------------------------------+------------------+----------------+
|               Clock Signal              |                                                                    Enable Signal                                                                   |                                                        Set/Reset Signal                                                       | Slice Load Count | Bel Load Count |
+-----------------------------------------+----------------------------------------------------------------------------------------------------------------------------------------------------+-------------------------------------------------------------------------------------------------------------------------------+------------------+----------------+
|  redpitaya_adc_dac_clk_0/inst/adc_clk_o |                                                                                                                                                    | ltc2145_0/U0/ltc2145_capture_inst/adc_data_en_i_1_n_0                                                                         |                1 |              1 |
|  processing_system7_0/inst/FCLK_CLK0    | ps7_0_axi_periph/s00_couplers/auto_pc/inst/gen_axilite.gen_b2s_conv.axilite_b2s/WR.b_channel_0/bid_fifo_0/bresp_push                               |                                                                                                                               |                1 |              2 |
|  processing_system7_0/inst/FCLK_CLK0    | ps7_0_axi_periph/s00_couplers/auto_pc/inst/gen_axilite.gen_b2s_conv.axilite_b2s/WR.aw_channel_0/cmd_translator_0/incr_cmd_0/axaddr_incr[0]_i_1_n_0 |                                                                                                                               |                1 |              4 |
|  processing_system7_0/inst/FCLK_CLK0    | ps7_0_axi_periph/s00_couplers/auto_pc/inst/gen_axilite.gen_b2s_conv.axilite_b2s/RD.ar_channel_0/ar_cmd_fsm_0/E[0]                                  |                                                                                                                               |                2 |              4 |
|  processing_system7_0/inst/FCLK_CLK0    | ps7_0_axi_periph/s00_couplers/auto_pc/inst/gen_axilite.gen_b2s_conv.axilite_b2s/RD.ar_channel_0/ar_cmd_fsm_0/axlen_cnt_reg[3][0]                   | ps7_0_axi_periph/s00_couplers/auto_pc/inst/gen_axilite.gen_b2s_conv.axilite_b2s/RD.ar_channel_0/ar_cmd_fsm_0/axlen_cnt_reg[7] |                2 |              4 |
|  processing_system7_0/inst/FCLK_CLK0    | ps7_0_axi_periph/s00_couplers/auto_pc/inst/gen_axilite.gen_b2s_conv.axilite_b2s/WR.aw_channel_0/aw_cmd_fsm_0/wrap_boundary_axaddr_r_reg[0][0]      |                                                                                                                               |                2 |              4 |
|  processing_system7_0/inst/FCLK_CLK0    |                                                                                                                                                    | ps7_0_axi_periph/s00_couplers/auto_pc/inst/gen_axilite.gen_b2s_conv.axilite_b2s/SI_REG/aw_pipe/s_ready_i_reg_0                |                4 |              4 |
|  processing_system7_0/inst/FCLK_CLK0    |                                                                                                                                                    | ps7_0_axi_periph/s00_couplers/auto_pc/inst/gen_axilite.gen_b2s_conv.axilite_b2s/SI_REG/ar_pipe/m_valid_i_reg_0                |                2 |              4 |
|  processing_system7_0/inst/FCLK_CLK0    | ps7_0_axi_periph/s00_couplers/auto_pc/inst/gen_axilite.gen_b2s_conv.axilite_b2s/WR.aw_channel_0/aw_cmd_fsm_0/E[0]                                  | ps7_0_axi_periph/s00_couplers/auto_pc/inst/gen_axilite.gen_b2s_conv.axilite_b2s/WR.aw_channel_0/aw_cmd_fsm_0/axlen_cnt_reg[7] |                1 |              4 |
|  processing_system7_0/inst/FCLK_CLK0    | ps7_0_axi_periph/s00_couplers/auto_pc/inst/gen_axilite.gen_b2s_conv.axilite_b2s/RD.ar_channel_0/ar_cmd_fsm_0/axaddr_incr_reg[11]                   |                                                                                                                               |                1 |              4 |
|  processing_system7_0/inst/FCLK_CLK0    |                                                                                                                                                    | proc_sys_reset_0/U0/EXT_LPF/lpf_int                                                                                           |                1 |              5 |
|  processing_system7_0/inst/FCLK_CLK0    | proc_sys_reset_0/U0/SEQ/seq_cnt_en                                                                                                                 | proc_sys_reset_0/U0/SEQ/SEQ_COUNTER/clear                                                                                     |                1 |              6 |
|  processing_system7_0/inst/FCLK_CLK0    | ps7_0_axi_periph/s00_couplers/auto_pc/inst/gen_axilite.gen_b2s_conv.axilite_b2s/WR.b_channel_0/mhandshake_r                                        | ps7_0_axi_periph/s00_couplers/auto_pc/inst/gen_axilite.gen_b2s_conv.axilite_b2s/WR.b_channel_0/bid_fifo_0/SR[0]               |                2 |              8 |
|  processing_system7_0/inst/FCLK_CLK0    | cordicAtan_0/U0/handle_comm/coeff_addr_s_reg[0][0]                                                                                                 | proc_sys_reset_0/U0/peripheral_reset[0]                                                                                       |                2 |              9 |
|  processing_system7_0/inst/FCLK_CLK0    | fir16RealbitsOneInTwoMult_v1_0_0/U0/handle_comm/coeff_addr_s_reg[8][0]                                                                             | proc_sys_reset_0/U0/peripheral_reset[0]                                                                                       |                2 |              9 |
|  processing_system7_0/inst/FCLK_CLK0    | ps7_0_axi_periph/s00_couplers/auto_pc/inst/gen_axilite.gen_b2s_conv.axilite_b2s/WR.aw_channel_0/aw_cmd_fsm_0/E[0]                                  |                                                                                                                               |                5 |             12 |
|  processing_system7_0/inst/FCLK_CLK0    | ps7_0_axi_periph/s00_couplers/auto_pc/inst/gen_axilite.gen_b2s_conv.axilite_b2s/RD.ar_channel_0/ar_cmd_fsm_0/axlen_cnt_reg[3][0]                   |                                                                                                                               |                5 |             12 |
|  processing_system7_0/inst/FCLK_CLK0    | ps7_0_axi_periph/s00_couplers/auto_pc/inst/gen_axilite.gen_b2s_conv.axilite_b2s/RD.r_channel_0/r_push_r                                            |                                                                                                                               |                4 |             13 |
|  redpitaya_adc_dac_clk_0/inst/adc_clk_o | fir16RealbitsOneInTwoMult_v1_0_0/U0/fir_top_inst/generate_fir[29].fir_glob_inst/fir_proc_inst/E[0]                                                 |                                                                                                                               |                3 |             14 |
|  redpitaya_adc_dac_clk_0/inst/adc_clk_o | fir16RealbitsOneInTwoMult_v1_0_0/U0/fir_top_inst/generate_fir[32].fir_glob_inst/fir_proc_inst/E[0]                                                 |                                                                                                                               |                3 |             14 |
|  redpitaya_adc_dac_clk_0/inst/adc_clk_o | fir16RealbitsOneInTwoMult_v1_0_0/U0/fir_top_inst/generate_fir[32].fir_glob_inst/fir_proc_inst/data_en_o_reg_0[0]                                   |                                                                                                                               |                3 |             14 |
|  redpitaya_adc_dac_clk_0/inst/adc_clk_o | fir16RealbitsOneInTwoMult_v1_0_0/U0/fir_top_inst/generate_fir[31].fir_glob_inst/fir_proc_inst/E[0]                                                 |                                                                                                                               |                4 |             14 |
|  redpitaya_adc_dac_clk_0/inst/adc_clk_o | fir16RealbitsOneInTwoMult_v1_0_0/U0/fir_top_inst/generate_fir[31].fir_glob_inst/fir_proc_inst/data_en_o_reg_0[0]                                   |                                                                                                                               |                3 |             14 |
|  redpitaya_adc_dac_clk_0/inst/adc_clk_o | fir16RealbitsOneInTwoMult_v1_0_0/U0/fir_top_inst/generate_fir[30].fir_glob_inst/fir_proc_inst/data_en_o_reg_0[0]                                   |                                                                                                                               |                5 |             14 |
|  redpitaya_adc_dac_clk_0/inst/adc_clk_o | fir16RealbitsOneInTwoMult_v1_0_0/U0/fir_top_inst/generate_fir[30].fir_glob_inst/fir_proc_inst/E[0]                                                 |                                                                                                                               |                2 |             14 |
|  redpitaya_adc_dac_clk_0/inst/adc_clk_o | fir16RealbitsOneInTwoMult_v1_0_0/U0/fir_top_inst/generate_fir[2].fir_glob_inst/fir_proc_inst/E[0]                                                  |                                                                                                                               |                4 |             14 |
|  redpitaya_adc_dac_clk_0/inst/adc_clk_o | fir16RealbitsOneInTwoMult_v1_0_0/U0/fir_top_inst/generate_fir[2].fir_glob_inst/fir_proc_inst/data_en_o_reg_0[0]                                    |                                                                                                                               |                5 |             14 |
|  redpitaya_adc_dac_clk_0/inst/adc_clk_o | fir16RealbitsOneInTwoMult_v1_0_0/U0/fir_top_inst/generate_fir[34].fir_glob_inst/fir_proc_inst/data_en_o_reg_0[0]                                   |                                                                                                                               |                5 |             14 |
|  redpitaya_adc_dac_clk_0/inst/adc_clk_o | fir16RealbitsOneInTwoMult_v1_0_0/U0/fir_top_inst/generate_fir[20].fir_glob_inst/fir_proc_inst/E[0]                                                 |                                                                                                                               |                2 |             14 |
|  redpitaya_adc_dac_clk_0/inst/adc_clk_o | fir16RealbitsOneInTwoMult_v1_0_0/U0/fir_top_inst/generate_fir[29].fir_glob_inst/fir_proc_inst/data_en_o_reg_0[0]                                   |                                                                                                                               |                4 |             14 |
|  redpitaya_adc_dac_clk_0/inst/adc_clk_o | fir16RealbitsOneInTwoMult_v1_0_0/U0/fir_top_inst/generate_fir[28].fir_glob_inst/fir_proc_inst/E[0]                                                 |                                                                                                                               |                2 |             14 |
|  redpitaya_adc_dac_clk_0/inst/adc_clk_o | fir16RealbitsOneInTwoMult_v1_0_0/U0/fir_top_inst/generate_fir[33].fir_glob_inst/fir_proc_inst/data_en_o_reg_0[0]                                   |                                                                                                                               |                3 |             14 |
|  redpitaya_adc_dac_clk_0/inst/adc_clk_o | dds_nco/U0/nco_inst1/wave_en_o                                                                                                                     | proc_sys_reset_0/U0/peripheral_reset[0]                                                                                       |                4 |             14 |
|  redpitaya_adc_dac_clk_0/inst/adc_clk_o | fir16RealbitsOneInTwoMult_v1_0_0/U0/fir_top_inst/generate_fir[33].fir_glob_inst/fir_proc_inst/E[0]                                                 |                                                                                                                               |                2 |             14 |
|  redpitaya_adc_dac_clk_0/inst/adc_clk_o | fir16RealbitsOneInTwoMult_v1_0_0/U0/fir_top_inst/generate_fir[27].fir_glob_inst/fir_proc_inst/E[0]                                                 |                                                                                                                               |                2 |             14 |
|  redpitaya_adc_dac_clk_0/inst/adc_clk_o | fir16RealbitsOneInTwoMult_v1_0_0/U0/fir_top_inst/generate_fir[34].fir_glob_inst/fir_proc_inst/E[0]                                                 |                                                                                                                               |                2 |             14 |
|  redpitaya_adc_dac_clk_0/inst/adc_clk_o | fir16RealbitsOneInTwoMult_v1_0_0/U0/fir_top_inst/generate_fir[35].fir_glob_inst/fir_proc_inst/E[0]                                                 |                                                                                                                               |                3 |             14 |
|  redpitaya_adc_dac_clk_0/inst/adc_clk_o | fir16RealbitsOneInTwoMult_v1_0_0/U0/fir_top_inst/generate_fir[34].fir_glob_inst/data_out_s_reg[0]_0[0]                                             |                                                                                                                               |                5 |             14 |
|  redpitaya_adc_dac_clk_0/inst/adc_clk_o | fir16RealbitsOneInTwoMult_v1_0_0/U0/fir_top_inst/generate_fir[35].fir_glob_inst/fir_proc_inst/data_en_o_reg_0[0]                                   |                                                                                                                               |                3 |             14 |
|  redpitaya_adc_dac_clk_0/inst/adc_clk_o | fir16RealbitsOneInTwoMult_v1_0_0/U0/fir_top_inst/generate_fir[36].fir_glob_inst/fir_proc_inst/data_en_o_reg_0[0]                                   |                                                                                                                               |                3 |             14 |
|  redpitaya_adc_dac_clk_0/inst/adc_clk_o | fir16RealbitsOneInTwoMult_v1_0_0/U0/fir_top_inst/generate_fir[36].fir_glob_inst/fir_proc_inst/E[0]                                                 |                                                                                                                               |                2 |             14 |
|  redpitaya_adc_dac_clk_0/inst/adc_clk_o | fir16RealbitsOneInTwoMult_v1_0_0/U0/fir_top_inst/generate_fir[37].fir_glob_inst/fir_proc_inst/data_en_o_reg_0[0]                                   |                                                                                                                               |                2 |             14 |
|  redpitaya_adc_dac_clk_0/inst/adc_clk_o | fir16RealbitsOneInTwoMult_v1_0_0/U0/fir_top_inst/generate_fir[37].fir_glob_inst/fir_proc_inst/E[0]                                                 |                                                                                                                               |                2 |             14 |
|  redpitaya_adc_dac_clk_0/inst/adc_clk_o | fir16RealbitsOneInTwoMult_v1_0_0/U0/fir_top_inst/generate_fir[17].fir_glob_inst/fir_proc_inst/E[0]                                                 |                                                                                                                               |                3 |             14 |
|  redpitaya_adc_dac_clk_0/inst/adc_clk_o | fir16RealbitsOneInTwoMult_v1_0_0/U0/fir_top_inst/generate_fir[12].fir_glob_inst/fir_proc_inst/E[0]                                                 |                                                                                                                               |                2 |             14 |
|  redpitaya_adc_dac_clk_0/inst/adc_clk_o | fir16RealbitsOneInTwoMult_v1_0_0/U0/fir_top_inst/generate_fir[13].fir_glob_inst/fir_proc_inst/data_en_o_reg_0[0]                                   |                                                                                                                               |                4 |             14 |
|  redpitaya_adc_dac_clk_0/inst/adc_clk_o | fir16RealbitsOneInTwoMult_v1_0_0/U0/fir_top_inst/generate_fir[13].fir_glob_inst/fir_proc_inst/E[0]                                                 |                                                                                                                               |                2 |             14 |
|  redpitaya_adc_dac_clk_0/inst/adc_clk_o | fir16RealbitsOneInTwoMult_v1_0_0/U0/fir_top_inst/generate_fir[14].fir_glob_inst/fir_proc_inst/data_en_o_reg_0[0]                                   |                                                                                                                               |                4 |             14 |
|  redpitaya_adc_dac_clk_0/inst/adc_clk_o | fir16RealbitsOneInTwoMult_v1_0_0/U0/fir_top_inst/generate_fir[14].fir_glob_inst/fir_proc_inst/E[0]                                                 |                                                                                                                               |                2 |             14 |
|  redpitaya_adc_dac_clk_0/inst/adc_clk_o | fir16RealbitsOneInTwoMult_v1_0_0/U0/fir_top_inst/generate_fir[15].fir_glob_inst/fir_proc_inst/data_en_o_reg_0[0]                                   |                                                                                                                               |                3 |             14 |
|  redpitaya_adc_dac_clk_0/inst/adc_clk_o | fir16RealbitsOneInTwoMult_v1_0_0/U0/fir_top_inst/generate_fir[15].fir_glob_inst/fir_proc_inst/E[0]                                                 |                                                                                                                               |                2 |             14 |
|  redpitaya_adc_dac_clk_0/inst/adc_clk_o | fir16RealbitsOneInTwoMult_v1_0_0/U0/fir_top_inst/generate_fir[16].fir_glob_inst/fir_proc_inst/data_en_o_reg_0[0]                                   |                                                                                                                               |                3 |             14 |
|  redpitaya_adc_dac_clk_0/inst/adc_clk_o | fir16RealbitsOneInTwoMult_v1_0_0/U0/fir_top_inst/generate_fir[16].fir_glob_inst/fir_proc_inst/E[0]                                                 |                                                                                                                               |                3 |             14 |
|  redpitaya_adc_dac_clk_0/inst/adc_clk_o | fir16RealbitsOneInTwoMult_v1_0_0/U0/fir_top_inst/generate_fir[12].fir_glob_inst/fir_proc_inst/data_en_o_reg_0[0]                                   |                                                                                                                               |                3 |             14 |
|  redpitaya_adc_dac_clk_0/inst/adc_clk_o | fir16RealbitsOneInTwoMult_v1_0_0/U0/fir_top_inst/generate_fir[17].fir_glob_inst/fir_proc_inst/data_en_o_reg_0[0]                                   |                                                                                                                               |                3 |             14 |
|  redpitaya_adc_dac_clk_0/inst/adc_clk_o | fir16RealbitsOneInTwoMult_v1_0_0/U0/fir_top_inst/generate_fir[18].fir_glob_inst/fir_proc_inst/data_en_o_reg_0[0]                                   |                                                                                                                               |                2 |             14 |
|  redpitaya_adc_dac_clk_0/inst/adc_clk_o | fir16RealbitsOneInTwoMult_v1_0_0/U0/fir_top_inst/generate_fir[18].fir_glob_inst/fir_proc_inst/E[0]                                                 |                                                                                                                               |                2 |             14 |
|  redpitaya_adc_dac_clk_0/inst/adc_clk_o | fir16RealbitsOneInTwoMult_v1_0_0/U0/fir_top_inst/generate_fir[19].fir_glob_inst/fir_proc_inst/data_en_o_reg_0[0]                                   |                                                                                                                               |                2 |             14 |
|  redpitaya_adc_dac_clk_0/inst/adc_clk_o | fir16RealbitsOneInTwoMult_v1_0_0/U0/fir_top_inst/generate_fir[19].fir_glob_inst/fir_proc_inst/E[0]                                                 |                                                                                                                               |                3 |             14 |
|  redpitaya_adc_dac_clk_0/inst/adc_clk_o | fir16RealbitsOneInTwoMult_v1_0_0/U0/fir_top_inst/generate_fir[1].fir_glob_inst/fir_proc_inst/data_en_o_reg_0[0]                                    |                                                                                                                               |                4 |             14 |
|  redpitaya_adc_dac_clk_0/inst/adc_clk_o | fir16RealbitsOneInTwoMult_v1_0_0/U0/fir_top_inst/generate_fir[1].fir_glob_inst/fir_proc_inst/E[0]                                                  |                                                                                                                               |                5 |             14 |
|  redpitaya_adc_dac_clk_0/inst/adc_clk_o | fir16RealbitsOneInTwoMult_v1_0_0/U0/fir_top_inst/generate_fir[20].fir_glob_inst/fir_proc_inst/data_en_o_reg_0[0]                                   |                                                                                                                               |                4 |             14 |
|  redpitaya_adc_dac_clk_0/inst/adc_clk_o | fir16RealbitsOneInTwoMult_v1_0_0/U0/fir_top_inst/generate_fir[23].fir_glob_inst/fir_proc_inst/E[0]                                                 |                                                                                                                               |                2 |             14 |
|  redpitaya_adc_dac_clk_0/inst/adc_clk_o | fir16RealbitsOneInTwoMult_v1_0_0/U0/fir_top_inst/generate_fir[27].fir_glob_inst/fir_proc_inst/data_en_o_reg_0[0]                                   |                                                                                                                               |                4 |             14 |
|  processing_system7_0/inst/FCLK_CLK0    | ps7_0_axi_periph/s00_couplers/auto_pc/inst/gen_axilite.gen_b2s_conv.axilite_b2s/SI_REG/b_pipe/p_1_in                                               |                                                                                                                               |                2 |             14 |
|  redpitaya_adc_dac_clk_0/inst/adc_clk_o | cordicAtan_0/U0/cordic_top_inst/generate_cordic[29].cordic_impl_inst/E[0]                                                                          | proc_sys_reset_0/U0/peripheral_reset[0]                                                                                       |                4 |             14 |
|  redpitaya_adc_dac_clk_0/inst/adc_clk_o | fir16RealbitsOneInTwoMult_v1_0_0/U0/fir_top_inst/generate_fir[26].fir_glob_inst/fir_proc_inst/E[0]                                                 |                                                                                                                               |                2 |             14 |
|  redpitaya_adc_dac_clk_0/inst/adc_clk_o | fir16RealbitsOneInTwoMult_v1_0_0/U0/fir_top_inst/generate_fir[26].fir_glob_inst/fir_proc_inst/data_en_o_reg_0[0]                                   |                                                                                                                               |                3 |             14 |
|  redpitaya_adc_dac_clk_0/inst/adc_clk_o | fir16RealbitsOneInTwoMult_v1_0_0/U0/fir_top_inst/generate_fir[25].fir_glob_inst/fir_proc_inst/E[0]                                                 |                                                                                                                               |                3 |             14 |
|  redpitaya_adc_dac_clk_0/inst/adc_clk_o | fir16RealbitsOneInTwoMult_v1_0_0/U0/fir_top_inst/generate_fir[25].fir_glob_inst/fir_proc_inst/data_en_o_reg_0[0]                                   |                                                                                                                               |                4 |             14 |
|  redpitaya_adc_dac_clk_0/inst/adc_clk_o | fir16RealbitsOneInTwoMult_v1_0_0/U0/fir_top_inst/generate_fir[24].fir_glob_inst/fir_proc_inst/E[0]                                                 |                                                                                                                               |                2 |             14 |
|  redpitaya_adc_dac_clk_0/inst/adc_clk_o | fir16RealbitsOneInTwoMult_v1_0_0/U0/fir_top_inst/generate_fir[24].fir_glob_inst/fir_proc_inst/data_en_o_reg_0[0]                                   |                                                                                                                               |                4 |             14 |
|  redpitaya_adc_dac_clk_0/inst/adc_clk_o | fir16RealbitsOneInTwoMult_v1_0_0/U0/fir_top_inst/generate_fir[28].fir_glob_inst/fir_proc_inst/data_en_o_reg_0[0]                                   |                                                                                                                               |                3 |             14 |
|  redpitaya_adc_dac_clk_0/inst/adc_clk_o | fir16RealbitsOneInTwoMult_v1_0_0/U0/fir_top_inst/generate_fir[23].fir_glob_inst/fir_proc_inst/data_en_o_reg_0[0]                                   |                                                                                                                               |                5 |             14 |
|  redpitaya_adc_dac_clk_0/inst/adc_clk_o | cordicAtan_0/U0/cordic_top_inst/atan_en_o                                                                                                          |                                                                                                                               |                3 |             14 |
|  redpitaya_adc_dac_clk_0/inst/adc_clk_o | fir16RealbitsOneInTwoMult_v1_0_0/U0/fir_top_inst/generate_fir[0].fir_glob_inst/fir_proc_inst/data_en_o_reg_0[0]                                    |                                                                                                                               |                2 |             14 |
|  redpitaya_adc_dac_clk_0/inst/adc_clk_o | fir16RealbitsOneInTwoMult_v1_0_0/U0/fir_top_inst/generate_fir[0].fir_glob_inst/fir_proc_inst/E[0]                                                  |                                                                                                                               |                2 |             14 |
|  redpitaya_adc_dac_clk_0/inst/adc_clk_o | fir16RealbitsOneInTwoMult_v1_0_0/U0/fir_top_inst/generate_fir[10].fir_glob_inst/fir_proc_inst/data_en_o_reg_0[0]                                   |                                                                                                                               |                3 |             14 |
|  redpitaya_adc_dac_clk_0/inst/adc_clk_o | fir16RealbitsOneInTwoMult_v1_0_0/U0/fir_top_inst/generate_fir[10].fir_glob_inst/fir_proc_inst/E[0]                                                 |                                                                                                                               |                2 |             14 |
|  redpitaya_adc_dac_clk_0/inst/adc_clk_o | fir16RealbitsOneInTwoMult_v1_0_0/U0/fir_top_inst/generate_fir[11].fir_glob_inst/fir_proc_inst/data_en_o_reg_0[0]                                   |                                                                                                                               |                4 |             14 |
|  redpitaya_adc_dac_clk_0/inst/adc_clk_o | fir16RealbitsOneInTwoMult_v1_0_0/U0/fir_top_inst/generate_fir[11].fir_glob_inst/fir_proc_inst/E[0]                                                 |                                                                                                                               |                2 |             14 |
|  redpitaya_adc_dac_clk_0/inst/adc_clk_o | fir16RealbitsOneInTwoMult_v1_0_0/U0/fir_top_inst/generate_fir[5].fir_glob_inst/fir_proc_inst/data_en_o_reg_0[0]                                    |                                                                                                                               |                4 |             14 |
|  redpitaya_adc_dac_clk_0/inst/adc_clk_o | fir16RealbitsOneInTwoMult_v1_0_0/U0/fir_top_inst/generate_fir[48].fir_glob_inst/fir_proc_inst/data_en_o_reg_0[0]                                   |                                                                                                                               |                3 |             14 |
|  redpitaya_adc_dac_clk_0/inst/adc_clk_o | fir16RealbitsOneInTwoMult_v1_0_0/U0/fir_top_inst/generate_fir[49].fir_glob_inst/fir_proc_inst/data_en_o_reg_0[0]                                   |                                                                                                                               |                3 |             14 |
|  redpitaya_adc_dac_clk_0/inst/adc_clk_o | fir16RealbitsOneInTwoMult_v1_0_0/U0/fir_top_inst/generate_fir[49].fir_glob_inst/fir_proc_inst/E[0]                                                 |                                                                                                                               |                3 |             14 |
|  redpitaya_adc_dac_clk_0/inst/adc_clk_o | fir16RealbitsOneInTwoMult_v1_0_0/U0/fir_top_inst/generate_fir[4].fir_glob_inst/fir_proc_inst/data_en_o_reg_0[0]                                    |                                                                                                                               |                4 |             14 |
|  redpitaya_adc_dac_clk_0/inst/adc_clk_o | fir16RealbitsOneInTwoMult_v1_0_0/U0/fir_top_inst/generate_fir[4].fir_glob_inst/fir_proc_inst/E[0]                                                  |                                                                                                                               |                2 |             14 |
|  redpitaya_adc_dac_clk_0/inst/adc_clk_o | fir16RealbitsOneInTwoMult_v1_0_0/U0/fir_top_inst/generate_fir[50].fir_glob_inst/fir_proc_inst/data_en_o_reg_0[0]                                   |                                                                                                                               |                5 |             14 |
|  redpitaya_adc_dac_clk_0/inst/adc_clk_o | fir16RealbitsOneInTwoMult_v1_0_0/U0/fir_top_inst/generate_fir[50].fir_glob_inst/fir_proc_inst/E[0]                                                 |                                                                                                                               |                3 |             14 |
|  redpitaya_adc_dac_clk_0/inst/adc_clk_o | fir16RealbitsOneInTwoMult_v1_0_0/U0/fir_top_inst/generate_fir[51].fir_glob_inst/fir_proc_inst/data_en_o_reg_0[0]                                   |                                                                                                                               |                3 |             14 |
|  redpitaya_adc_dac_clk_0/inst/adc_clk_o | fir16RealbitsOneInTwoMult_v1_0_0/U0/fir_top_inst/generate_fir[51].fir_glob_inst/fir_proc_inst/E[0]                                                 |                                                                                                                               |                3 |             14 |
|  redpitaya_adc_dac_clk_0/inst/adc_clk_o | fir16RealbitsOneInTwoMult_v1_0_0/U0/fir_top_inst/generate_fir[52].fir_glob_inst/fir_proc_inst/data_en_o_reg_0[0]                                   |                                                                                                                               |                3 |             14 |
|  redpitaya_adc_dac_clk_0/inst/adc_clk_o | fir16RealbitsOneInTwoMult_v1_0_0/U0/fir_top_inst/generate_fir[52].fir_glob_inst/fir_proc_inst/E[0]                                                 |                                                                                                                               |                6 |             14 |
|  redpitaya_adc_dac_clk_0/inst/adc_clk_o | fir16RealbitsOneInTwoMult_v1_0_0/U0/fir_top_inst/generate_fir[53].fir_glob_inst/fir_proc_inst/data_en_o_reg_0[0]                                   |                                                                                                                               |                4 |             14 |
|  redpitaya_adc_dac_clk_0/inst/adc_clk_o | fir16RealbitsOneInTwoMult_v1_0_0/U0/fir_top_inst/generate_fir[53].fir_glob_inst/fir_proc_inst/E[0]                                                 |                                                                                                                               |                2 |             14 |
|  redpitaya_adc_dac_clk_0/inst/adc_clk_o | fir16RealbitsOneInTwoMult_v1_0_0/U0/fir_top_inst/generate_fir[54].fir_glob_inst/fir_proc_inst/data_en_o_reg_0[0]                                   |                                                                                                                               |                5 |             14 |
|  redpitaya_adc_dac_clk_0/inst/adc_clk_o | fir16RealbitsOneInTwoMult_v1_0_0/U0/fir_top_inst/generate_fir[54].fir_glob_inst/fir_proc_inst/E[0]                                                 |                                                                                                                               |                4 |             14 |
|  redpitaya_adc_dac_clk_0/inst/adc_clk_o | fir16RealbitsOneInTwoMult_v1_0_0/U0/fir_top_inst/generate_fir[48].fir_glob_inst/fir_proc_inst/E[0]                                                 |                                                                                                                               |                2 |             14 |
|  redpitaya_adc_dac_clk_0/inst/adc_clk_o | fir16RealbitsOneInTwoMult_v1_0_0/U0/fir_top_inst/generate_fir[5].fir_glob_inst/fir_proc_inst/E[0]                                                  |                                                                                                                               |                3 |             14 |
|  redpitaya_adc_dac_clk_0/inst/adc_clk_o | fir16RealbitsOneInTwoMult_v1_0_0/U0/fir_top_inst/generate_fir[6].fir_glob_inst/fir_proc_inst/data_en_o_reg_0[0]                                    |                                                                                                                               |                3 |             14 |
|  redpitaya_adc_dac_clk_0/inst/adc_clk_o | fir16RealbitsOneInTwoMult_v1_0_0/U0/fir_top_inst/generate_fir[6].fir_glob_inst/fir_proc_inst/E[0]                                                  |                                                                                                                               |                4 |             14 |
|  redpitaya_adc_dac_clk_0/inst/adc_clk_o | fir16RealbitsOneInTwoMult_v1_0_0/U0/fir_top_inst/generate_fir[7].fir_glob_inst/fir_proc_inst/E[0]                                                  |                                                                                                                               |                4 |             14 |
|  redpitaya_adc_dac_clk_0/inst/adc_clk_o | fir16RealbitsOneInTwoMult_v1_0_0/U0/fir_top_inst/generate_fir[7].fir_glob_inst/fir_proc_inst/data_en_o_reg_0[0]                                    |                                                                                                                               |                3 |             14 |
|  redpitaya_adc_dac_clk_0/inst/adc_clk_o | fir16RealbitsOneInTwoMult_v1_0_0/U0/fir_top_inst/generate_fir[8].fir_glob_inst/fir_proc_inst/data_en_o_reg_0[0]                                    |                                                                                                                               |                4 |             14 |
|  processing_system7_0/inst/FCLK_CLK0    | dds_offset/U0/add_constHandComm/readdata_s_reg[0][0]                                                                                               | proc_sys_reset_0/U0/peripheral_reset[0]                                                                                       |                6 |             14 |
|  processing_system7_0/inst/FCLK_CLK0    | dds_offset/U0/add_constHandComm/E[0]                                                                                                               | proc_sys_reset_0/U0/peripheral_reset[0]                                                                                       |                3 |             14 |
|  redpitaya_adc_dac_clk_0/inst/adc_clk_o | fir16RealbitsOneInTwoMult_v1_0_0/U0/fir_top_inst/generate_fir[8].fir_glob_inst/fir_proc_inst/E[0]                                                  |                                                                                                                               |                3 |             14 |
|  redpitaya_adc_dac_clk_0/inst/adc_clk_o | fir16RealbitsOneInTwoMult_v1_0_0/U0/fir_top_inst/generate_fir[9].fir_glob_inst/fir_proc_inst/data_en_o_reg_0[0]                                    |                                                                                                                               |                4 |             14 |
|  redpitaya_adc_dac_clk_0/inst/adc_clk_o | fir16RealbitsOneInTwoMult_v1_0_0/U0/fir_top_inst/generate_fir[22].fir_glob_inst/fir_proc_inst/E[0]                                                 |                                                                                                                               |                4 |             14 |
|  redpitaya_adc_dac_clk_0/inst/adc_clk_o | fir16RealbitsOneInTwoMult_v1_0_0/U0/fir_top_inst/generate_fir[9].fir_glob_inst/fir_proc_inst/E[0]                                                  |                                                                                                                               |                4 |             14 |
|  redpitaya_adc_dac_clk_0/inst/adc_clk_o | twoInMult_0/U0/data_en_o                                                                                                                           | proc_sys_reset_0/U0/peripheral_reset[0]                                                                                       |                4 |             14 |
|  redpitaya_adc_dac_clk_0/inst/dac_clk_o | fir16RealbitsOneInTwoMult_v1_0_0/U0/fir_top_inst/data_en_o                                                                                         |                                                                                                                               |                5 |             14 |
|  redpitaya_adc_dac_clk_0/inst/dac_clk_o | dds_offset/U0/add_constLogic/data_en_o                                                                                                             |                                                                                                                               |                5 |             14 |
|  processing_system7_0/inst/FCLK_CLK0    | dds_ampl/U0/add_constHandComm/readdata_s_reg[0][0]                                                                                                 | proc_sys_reset_0/U0/peripheral_reset[0]                                                                                       |                5 |             14 |
|  redpitaya_adc_dac_clk_0/inst/adc_clk_o | fir16RealbitsOneInTwoMult_v1_0_0/U0/fir_top_inst/generate_fir[38].fir_glob_inst/fir_proc_inst/E[0]                                                 |                                                                                                                               |                2 |             14 |
|  redpitaya_adc_dac_clk_0/inst/adc_clk_o | fir16RealbitsOneInTwoMult_v1_0_0/U0/fir_top_inst/generate_fir[21].fir_glob_inst/fir_proc_inst/data_en_o_reg_0[0]                                   |                                                                                                                               |                3 |             14 |
|  processing_system7_0/inst/FCLK_CLK0    | ps7_0_axi_periph/s00_couplers/auto_pc/inst/gen_axilite.gen_b2s_conv.axilite_b2s/SI_REG/b_pipe/skid_buffer_reg[0]_0                                 |                                                                                                                               |                2 |             14 |
|  redpitaya_adc_dac_clk_0/inst/adc_clk_o | fir16RealbitsOneInTwoMult_v1_0_0/U0/fir_top_inst/generate_fir[39].fir_glob_inst/fir_proc_inst/data_en_o_reg_0[0]                                   |                                                                                                                               |                3 |             14 |
|  redpitaya_adc_dac_clk_0/inst/adc_clk_o | fir16RealbitsOneInTwoMult_v1_0_0/U0/fir_top_inst/generate_fir[39].fir_glob_inst/fir_proc_inst/E[0]                                                 |                                                                                                                               |                3 |             14 |
|  redpitaya_adc_dac_clk_0/inst/adc_clk_o | fir16RealbitsOneInTwoMult_v1_0_0/U0/fir_top_inst/generate_fir[3].fir_glob_inst/fir_proc_inst/data_en_o_reg_0[0]                                    |                                                                                                                               |                4 |             14 |
|  redpitaya_adc_dac_clk_0/inst/adc_clk_o | fir16RealbitsOneInTwoMult_v1_0_0/U0/fir_top_inst/generate_fir[3].fir_glob_inst/fir_proc_inst/E[0]                                                  |                                                                                                                               |                3 |             14 |
|  redpitaya_adc_dac_clk_0/inst/adc_clk_o | fir16RealbitsOneInTwoMult_v1_0_0/U0/fir_top_inst/generate_fir[40].fir_glob_inst/fir_proc_inst/data_en_o_reg_0[0]                                   |                                                                                                                               |                2 |             14 |
|  redpitaya_adc_dac_clk_0/inst/adc_clk_o | fir16RealbitsOneInTwoMult_v1_0_0/U0/fir_top_inst/generate_fir[40].fir_glob_inst/fir_proc_inst/E[0]                                                 |                                                                                                                               |                2 |             14 |
|  redpitaya_adc_dac_clk_0/inst/adc_clk_o | fir16RealbitsOneInTwoMult_v1_0_0/U0/fir_top_inst/generate_fir[41].fir_glob_inst/fir_proc_inst/data_en_o_reg_0[0]                                   |                                                                                                                               |                4 |             14 |
|  redpitaya_adc_dac_clk_0/inst/adc_clk_o | fir16RealbitsOneInTwoMult_v1_0_0/U0/fir_top_inst/generate_fir[21].fir_glob_inst/fir_proc_inst/E[0]                                                 |                                                                                                                               |                3 |             14 |
|  redpitaya_adc_dac_clk_0/inst/adc_clk_o | fir16RealbitsOneInTwoMult_v1_0_0/U0/fir_top_inst/generate_fir[22].fir_glob_inst/fir_proc_inst/data_en_o_reg_0[0]                                   |                                                                                                                               |                3 |             14 |
|  redpitaya_adc_dac_clk_0/inst/adc_clk_o | fir16RealbitsOneInTwoMult_v1_0_0/U0/fir_top_inst/generate_fir[41].fir_glob_inst/fir_proc_inst/E[0]                                                 |                                                                                                                               |                2 |             14 |
|  processing_system7_0/inst/FCLK_CLK0    | dds_ampl/U0/add_constHandComm/E[0]                                                                                                                 | proc_sys_reset_0/U0/peripheral_reset[0]                                                                                       |                2 |             14 |
|  redpitaya_adc_dac_clk_0/inst/adc_clk_o | fir16RealbitsOneInTwoMult_v1_0_0/U0/fir_top_inst/generate_fir[38].fir_glob_inst/fir_proc_inst/data_en_o_reg_0[0]                                   |                                                                                                                               |                4 |             14 |
|  redpitaya_adc_dac_clk_0/inst/adc_clk_o | fir16RealbitsOneInTwoMult_v1_0_0/U0/fir_top_inst/generate_fir[42].fir_glob_inst/fir_proc_inst/data_en_o_reg_0[0]                                   |                                                                                                                               |                3 |             14 |
|  redpitaya_adc_dac_clk_0/inst/adc_clk_o | fir16RealbitsOneInTwoMult_v1_0_0/U0/fir_top_inst/generate_fir[42].fir_glob_inst/fir_proc_inst/E[0]                                                 |                                                                                                                               |                4 |             14 |
|  redpitaya_adc_dac_clk_0/inst/adc_clk_o | ltc2145_0/U0/ltc2145_capture_inst/data_b_en_o                                                                                                      | proc_sys_reset_0/U0/peripheral_reset[0]                                                                                       |                4 |             14 |
|  redpitaya_adc_dac_clk_0/inst/adc_clk_o | fir16RealbitsOneInTwoMult_v1_0_0/U0/fir_top_inst/generate_fir[43].fir_glob_inst/fir_proc_inst/data_en_o_reg_0[0]                                   |                                                                                                                               |                3 |             14 |
|  redpitaya_adc_dac_clk_0/inst/adc_clk_o | fir16RealbitsOneInTwoMult_v1_0_0/U0/fir_top_inst/generate_fir[43].fir_glob_inst/fir_proc_inst/E[0]                                                 |                                                                                                                               |                2 |             14 |
|  redpitaya_adc_dac_clk_0/inst/adc_clk_o | fir16RealbitsOneInTwoMult_v1_0_0/U0/fir_top_inst/generate_fir[44].fir_glob_inst/fir_proc_inst/data_en_o_reg_0[0]                                   |                                                                                                                               |                3 |             14 |
|  redpitaya_adc_dac_clk_0/inst/adc_clk_o | fir16RealbitsOneInTwoMult_v1_0_0/U0/fir_top_inst/generate_fir[44].fir_glob_inst/fir_proc_inst/E[0]                                                 |                                                                                                                               |                2 |             14 |
|  redpitaya_adc_dac_clk_0/inst/adc_clk_o | fir16RealbitsOneInTwoMult_v1_0_0/U0/fir_top_inst/generate_fir[45].fir_glob_inst/fir_proc_inst/data_en_o_reg_0[0]                                   |                                                                                                                               |                2 |             14 |
|  processing_system7_0/inst/FCLK_CLK0    | adc1_offset/U0/add_constHandComm/readdata_s_reg[0][0]                                                                                              | proc_sys_reset_0/U0/peripheral_reset[0]                                                                                       |                8 |             14 |
|  processing_system7_0/inst/FCLK_CLK0    | adc1_offset/U0/add_constHandComm/E[0]                                                                                                              | proc_sys_reset_0/U0/peripheral_reset[0]                                                                                       |                2 |             14 |
|  redpitaya_adc_dac_clk_0/inst/adc_clk_o | fir16RealbitsOneInTwoMult_v1_0_0/U0/fir_top_inst/generate_fir[45].fir_glob_inst/fir_proc_inst/E[0]                                                 |                                                                                                                               |                2 |             14 |
|  redpitaya_adc_dac_clk_0/inst/adc_clk_o | fir16RealbitsOneInTwoMult_v1_0_0/U0/fir_top_inst/generate_fir[46].fir_glob_inst/fir_proc_inst/data_en_o_reg_0[0]                                   |                                                                                                                               |                3 |             14 |
|  redpitaya_adc_dac_clk_0/inst/adc_clk_o | fir16RealbitsOneInTwoMult_v1_0_0/U0/fir_top_inst/generate_fir[46].fir_glob_inst/fir_proc_inst/E[0]                                                 |                                                                                                                               |                2 |             14 |
|  redpitaya_adc_dac_clk_0/inst/adc_clk_o | fir16RealbitsOneInTwoMult_v1_0_0/U0/fir_top_inst/generate_fir[47].fir_glob_inst/fir_proc_inst/data_en_o_reg_0[0]                                   |                                                                                                                               |                2 |             14 |
|  redpitaya_adc_dac_clk_0/inst/adc_clk_o | fir16RealbitsOneInTwoMult_v1_0_0/U0/fir_top_inst/generate_fir[47].fir_glob_inst/fir_proc_inst/E[0]                                                 |                                                                                                                               |                3 |             14 |
|  processing_system7_0/inst/FCLK_CLK0    | ps7_0_axi_periph/s00_couplers/auto_pc/inst/gen_axilite.gen_b2s_conv.axilite_b2s/WR.aw_channel_0/aw_cmd_fsm_0/b_push                                |                                                                                                                               |                3 |             16 |
|  processing_system7_0/inst/FCLK_CLK0    | ps7_0_axi_periph/xbar/inst/gen_sasd.crossbar_sasd_0/addr_arbiter_inst/p_0_in1_in                                                                   | ps7_0_axi_periph/xbar/inst/gen_sasd.crossbar_sasd_0/addr_arbiter_inst/SR[0]                                                   |                7 |             18 |
|  processing_system7_0/inst/FCLK_CLK0    |                                                                                                                                                    | ps7_0_axi_periph/xbar/inst/gen_sasd.crossbar_sasd_0/addr_arbiter_inst/SR[0]                                                   |                8 |             18 |
|  processing_system7_0/inst/FCLK_CLK0    | fir16RealbitsOneInTwoMult_v1_0_0/U0/handle_comm/E[0]                                                                                               | proc_sys_reset_0/U0/peripheral_reset[0]                                                                                       |                4 |             25 |
|  redpitaya_adc_dac_clk_0/inst/adc_clk_o | demod_nco/U0/nco_inst1/wave_en_o                                                                                                                   | proc_sys_reset_0/U0/peripheral_reset[0]                                                                                       |                8 |             28 |
|  redpitaya_adc_dac_clk_0/inst/dac_clk_o |                                                                                                                                                    |                                                                                                                               |               12 |             29 |
|  processing_system7_0/inst/FCLK_CLK0    | cordicAtan_0/U0/cordic_comm_inst/val_alpha_s_reg[0]_18[0]                                                                                          | proc_sys_reset_0/U0/peripheral_reset[0]                                                                                       |                8 |             29 |
|  processing_system7_0/inst/FCLK_CLK0    | cordicAtan_0/U0/cordic_comm_inst/val_alpha_s_reg[0]_28[0]                                                                                          | proc_sys_reset_0/U0/peripheral_reset[0]                                                                                       |                6 |             29 |
|  processing_system7_0/inst/FCLK_CLK0    | cordicAtan_0/U0/cordic_comm_inst/val_alpha_s_reg[0]_27[0]                                                                                          | proc_sys_reset_0/U0/peripheral_reset[0]                                                                                       |                7 |             29 |
|  processing_system7_0/inst/FCLK_CLK0    | cordicAtan_0/U0/cordic_comm_inst/val_alpha_s_reg[0]_25[0]                                                                                          | proc_sys_reset_0/U0/peripheral_reset[0]                                                                                       |                9 |             29 |
|  processing_system7_0/inst/FCLK_CLK0    | cordicAtan_0/U0/cordic_comm_inst/val_alpha_s_reg[0]_23[0]                                                                                          | proc_sys_reset_0/U0/peripheral_reset[0]                                                                                       |                7 |             29 |
|  processing_system7_0/inst/FCLK_CLK0    | cordicAtan_0/U0/cordic_comm_inst/val_alpha_s_reg[0]_0[0]                                                                                           | proc_sys_reset_0/U0/peripheral_reset[0]                                                                                       |                9 |             29 |
|  processing_system7_0/inst/FCLK_CLK0    | cordicAtan_0/U0/cordic_comm_inst/val_alpha_s_reg[0]_24[0]                                                                                          | proc_sys_reset_0/U0/peripheral_reset[0]                                                                                       |                6 |             29 |
|  processing_system7_0/inst/FCLK_CLK0    | cordicAtan_0/U0/cordic_comm_inst/val_alpha_s_reg[0]_22[0]                                                                                          | proc_sys_reset_0/U0/peripheral_reset[0]                                                                                       |               10 |             29 |
|  processing_system7_0/inst/FCLK_CLK0    | cordicAtan_0/U0/cordic_comm_inst/val_alpha_s_reg[0]_20[0]                                                                                          | proc_sys_reset_0/U0/peripheral_reset[0]                                                                                       |                9 |             29 |
|  processing_system7_0/inst/FCLK_CLK0    | cordicAtan_0/U0/cordic_comm_inst/val_alpha_s_reg[0]_21[0]                                                                                          | proc_sys_reset_0/U0/peripheral_reset[0]                                                                                       |                9 |             29 |
|  processing_system7_0/inst/FCLK_CLK0    | cordicAtan_0/U0/cordic_comm_inst/val_alpha_s_reg[0]_2[0]                                                                                           | proc_sys_reset_0/U0/peripheral_reset[0]                                                                                       |                8 |             29 |
|  processing_system7_0/inst/FCLK_CLK0    | cordicAtan_0/U0/cordic_comm_inst/val_alpha_s_reg[0]_19[0]                                                                                          | proc_sys_reset_0/U0/peripheral_reset[0]                                                                                       |                8 |             29 |
|  processing_system7_0/inst/FCLK_CLK0    | cordicAtan_0/U0/cordic_comm_inst/val_alpha_s_reg[0]_10[0]                                                                                          | proc_sys_reset_0/U0/peripheral_reset[0]                                                                                       |                7 |             29 |
|  processing_system7_0/inst/FCLK_CLK0    | cordicAtan_0/U0/cordic_comm_inst/val_alpha_s_reg[0]_17[0]                                                                                          | proc_sys_reset_0/U0/peripheral_reset[0]                                                                                       |                8 |             29 |
|  processing_system7_0/inst/FCLK_CLK0    | cordicAtan_0/U0/cordic_comm_inst/val_alpha_s_reg[0]_14[0]                                                                                          | proc_sys_reset_0/U0/peripheral_reset[0]                                                                                       |                8 |             29 |
|  processing_system7_0/inst/FCLK_CLK0    | cordicAtan_0/U0/cordic_comm_inst/val_alpha_s_reg[0]_9[0]                                                                                           | proc_sys_reset_0/U0/peripheral_reset[0]                                                                                       |                7 |             29 |
|  processing_system7_0/inst/FCLK_CLK0    | cordicAtan_0/U0/cordic_comm_inst/val_alpha_s_reg[0]_3[0]                                                                                           | proc_sys_reset_0/U0/peripheral_reset[0]                                                                                       |               10 |             29 |
|  processing_system7_0/inst/FCLK_CLK0    | cordicAtan_0/U0/cordic_comm_inst/val_alpha_s_reg[0]_5[0]                                                                                           | proc_sys_reset_0/U0/peripheral_reset[0]                                                                                       |               10 |             29 |
|  processing_system7_0/inst/FCLK_CLK0    | cordicAtan_0/U0/cordic_comm_inst/val_alpha_s_reg[0]_6[0]                                                                                           | proc_sys_reset_0/U0/peripheral_reset[0]                                                                                       |                8 |             29 |
|  processing_system7_0/inst/FCLK_CLK0    | cordicAtan_0/U0/cordic_comm_inst/val_alpha_s_reg[0]_4[0]                                                                                           | proc_sys_reset_0/U0/peripheral_reset[0]                                                                                       |                7 |             29 |
|  processing_system7_0/inst/FCLK_CLK0    | cordicAtan_0/U0/cordic_comm_inst/val_alpha_s_reg[0]_8[0]                                                                                           | proc_sys_reset_0/U0/peripheral_reset[0]                                                                                       |                7 |             29 |
|  processing_system7_0/inst/FCLK_CLK0    | cordicAtan_0/U0/cordic_comm_inst/val_alpha_s_reg[0]_7[0]                                                                                           | proc_sys_reset_0/U0/peripheral_reset[0]                                                                                       |                6 |             29 |
|  processing_system7_0/inst/FCLK_CLK0    | cordicAtan_0/U0/cordic_comm_inst/val_alpha_s_reg[0]_16[0]                                                                                          | proc_sys_reset_0/U0/peripheral_reset[0]                                                                                       |               10 |             29 |
|  processing_system7_0/inst/FCLK_CLK0    | cordicAtan_0/U0/cordic_comm_inst/val_alpha_s_reg[0]_26[0]                                                                                          | proc_sys_reset_0/U0/peripheral_reset[0]                                                                                       |                8 |             29 |
|  processing_system7_0/inst/FCLK_CLK0    | cordicAtan_0/U0/cordic_comm_inst/val_alpha_s_reg[0]_12[0]                                                                                          | proc_sys_reset_0/U0/peripheral_reset[0]                                                                                       |               10 |             29 |
|  processing_system7_0/inst/FCLK_CLK0    | cordicAtan_0/U0/cordic_comm_inst/val_alpha_s_reg[0]_11[0]                                                                                          | proc_sys_reset_0/U0/peripheral_reset[0]                                                                                       |                7 |             29 |
|  processing_system7_0/inst/FCLK_CLK0    | cordicAtan_0/U0/cordic_comm_inst/val_alpha_s_reg[0][0]                                                                                             | proc_sys_reset_0/U0/peripheral_reset[0]                                                                                       |                7 |             29 |
|  processing_system7_0/inst/FCLK_CLK0    | cordicAtan_0/U0/cordic_comm_inst/val_alpha_s_reg[0]_1[0]                                                                                           | proc_sys_reset_0/U0/peripheral_reset[0]                                                                                       |                8 |             29 |
|  processing_system7_0/inst/FCLK_CLK0    | cordicAtan_0/U0/cordic_comm_inst/val_alpha_s_reg[0]_13[0]                                                                                          | proc_sys_reset_0/U0/peripheral_reset[0]                                                                                       |                5 |             29 |
|  processing_system7_0/inst/FCLK_CLK0    | cordicAtan_0/U0/cordic_comm_inst/val_alpha_s_reg[0]_15[0]                                                                                          | proc_sys_reset_0/U0/peripheral_reset[0]                                                                                       |                8 |             29 |
|  processing_system7_0/inst/FCLK_CLK0    | ps7_0_axi_periph/xbar/inst/gen_sasd.crossbar_sasd_0/reg_slice_r/aa_rready                                                                          |                                                                                                                               |                7 |             32 |
|  redpitaya_adc_dac_clk_0/inst/adc_clk_o |                                                                                                                                                    | demod_nco/U0/nco_inst1/counter_s[0]_i_1_n_0                                                                                   |                8 |             32 |
|  processing_system7_0/inst/FCLK_CLK0    | demod_nco/U0/handle_comm/cpt_step_s_reg[0][0]                                                                                                      | proc_sys_reset_0/U0/peripheral_reset[0]                                                                                       |               10 |             32 |
|  processing_system7_0/inst/FCLK_CLK0    | demod_nco/U0/handle_comm/E[0]                                                                                                                      | proc_sys_reset_0/U0/peripheral_reset[0]                                                                                       |               14 |             32 |
|  processing_system7_0/inst/FCLK_CLK0    | demod_nco/U0/handle_comm/cpt_off_s_reg[0][0]                                                                                                       | proc_sys_reset_0/U0/peripheral_reset[0]                                                                                       |                6 |             32 |
|  processing_system7_0/inst/FCLK_CLK0    | dds_nco/U0/handle_comm/cpt_off_s_reg[0][0]                                                                                                         | proc_sys_reset_0/U0/peripheral_reset[0]                                                                                       |               10 |             32 |
|  processing_system7_0/inst/FCLK_CLK0    | dds_nco/U0/handle_comm/cpt_step_s_reg[0][0]                                                                                                        | proc_sys_reset_0/U0/peripheral_reset[0]                                                                                       |                8 |             32 |
|  processing_system7_0/inst/FCLK_CLK0    | dds_nco/U0/handle_comm/E[0]                                                                                                                        | proc_sys_reset_0/U0/peripheral_reset[0]                                                                                       |               15 |             32 |
|  redpitaya_adc_dac_clk_0/inst/adc_clk_o |                                                                                                                                                    | dds_nco/U0/nco_inst1/counter_s[0]_i_1_n_0                                                                                     |                8 |             32 |
|  processing_system7_0/inst/FCLK_CLK0    | ps7_0_axi_periph/s00_couplers/auto_pc/inst/gen_axilite.gen_b2s_conv.axilite_b2s/RD.r_channel_0/rd_data_fifo_0/wr_en0                               |                                                                                                                               |                9 |             34 |
|  processing_system7_0/inst/FCLK_CLK0    | ps7_0_axi_periph/xbar/inst/gen_sasd.crossbar_sasd_0/addr_arbiter_inst/E[0]                                                                         |                                                                                                                               |               10 |             35 |
|  redpitaya_adc_dac_clk_0/inst/adc_clk_o | cordicAtan_0/U0/cordic_top_inst/generate_cordic[29].cordic_impl_inst/data2_en_s                                                                    | proc_sys_reset_0/U0/peripheral_reset[0]                                                                                       |               10 |             37 |
|  processing_system7_0/inst/FCLK_CLK0    | cordicAtan_0/U0/handle_comm/E[0]                                                                                                                   | proc_sys_reset_0/U0/peripheral_reset[0]                                                                                       |               12 |             38 |
|  redpitaya_adc_dac_clk_0/inst/adc_clk_o | cordicAtan_0/U0/cordic_top_inst/generate_cordic[28].cordic_impl_inst/data2_en_s                                                                    | proc_sys_reset_0/U0/peripheral_reset[0]                                                                                       |               13 |             39 |
|  redpitaya_adc_dac_clk_0/inst/adc_clk_o |                                                                                                                                                    | proc_sys_reset_0/U0/peripheral_reset[0]                                                                                       |               31 |             41 |
|  processing_system7_0/inst/FCLK_CLK0    | ps7_0_axi_periph/s00_couplers/auto_pc/inst/gen_axilite.gen_b2s_conv.axilite_b2s/RD.ar_channel_0/ar_cmd_fsm_0/m_payload_i_reg[0]_1[0]               |                                                                                                                               |                7 |             43 |
|  processing_system7_0/inst/FCLK_CLK0    | ps7_0_axi_periph/s00_couplers/auto_pc/inst/gen_axilite.gen_b2s_conv.axilite_b2s/SI_REG/aw_pipe/s_axi_awready                                       |                                                                                                                               |                6 |             43 |
|  processing_system7_0/inst/FCLK_CLK0    | ps7_0_axi_periph/s00_couplers/auto_pc/inst/gen_axilite.gen_b2s_conv.axilite_b2s/WR.aw_channel_0/aw_cmd_fsm_0/m_payload_i_reg[0][0]                 |                                                                                                                               |                7 |             43 |
|  processing_system7_0/inst/FCLK_CLK0    | ps7_0_axi_periph/s00_couplers/auto_pc/inst/gen_axilite.gen_b2s_conv.axilite_b2s/SI_REG/ar_pipe/s_axi_arready                                       |                                                                                                                               |               10 |             43 |
|  processing_system7_0/inst/FCLK_CLK0    | ps7_0_axi_periph/s00_couplers/auto_pc/inst/gen_axilite.gen_b2s_conv.axilite_b2s/SI_REG/r_pipe/skid_buffer_reg[0]_0                                 |                                                                                                                               |                8 |             47 |
|  processing_system7_0/inst/FCLK_CLK0    | ps7_0_axi_periph/s00_couplers/auto_pc/inst/gen_axilite.gen_b2s_conv.axilite_b2s/SI_REG/r_pipe/p_1_in                                               |                                                                                                                               |                7 |             47 |
|  processing_system7_0/inst/FCLK_CLK0    |                                                                                                                                                    | ps7_0_axi_periph/s00_couplers/auto_pc/inst/gen_axilite.gen_b2s_conv.axilite_b2s/areset_d1                                     |               12 |             57 |
|  redpitaya_adc_dac_clk_0/inst/adc_clk_o | cordicAtan_0/U0/cordic_top_inst/generate_cordic[0].cordic_impl_inst/data2_en_s                                                                     | proc_sys_reset_0/U0/peripheral_reset[0]                                                                                       |               20 |             65 |
|  redpitaya_adc_dac_clk_0/inst/adc_clk_o | cordicAtan_0/U0/cordic_top_inst/generate_cordic[1].cordic_impl_inst/data2_en_s                                                                     | proc_sys_reset_0/U0/peripheral_reset[0]                                                                                       |               21 |             67 |
|  processing_system7_0/inst/FCLK_CLK0    |                                                                                                                                                    | proc_sys_reset_0/U0/peripheral_reset[0]                                                                                       |               26 |             69 |
|  redpitaya_adc_dac_clk_0/inst/adc_clk_o | cordicAtan_0/U0/cordic_top_inst/generate_cordic[2].cordic_impl_inst/data2_en_s                                                                     | proc_sys_reset_0/U0/peripheral_reset[0]                                                                                       |               21 |             71 |
|  redpitaya_adc_dac_clk_0/inst/adc_clk_o | cordicAtan_0/U0/cordic_top_inst/generate_cordic[3].cordic_impl_inst/data2_en_s                                                                     | proc_sys_reset_0/U0/peripheral_reset[0]                                                                                       |               24 |             77 |
|  redpitaya_adc_dac_clk_0/inst/adc_clk_o | cordicAtan_0/U0/cordic_top_inst/generate_cordic[4].cordic_impl_inst/data2_en_s                                                                     | proc_sys_reset_0/U0/peripheral_reset[0]                                                                                       |               26 |             85 |
|  redpitaya_adc_dac_clk_0/inst/adc_clk_o | cordicAtan_0/U0/cordic_top_inst/generate_cordic[5].cordic_impl_inst/data2_en_s                                                                     | proc_sys_reset_0/U0/peripheral_reset[0]                                                                                       |               28 |             95 |
|  redpitaya_adc_dac_clk_0/inst/adc_clk_o | cordicAtan_0/U0/cordic_top_inst/generate_cordic[6].cordic_impl_inst/data2_en_s                                                                     | proc_sys_reset_0/U0/peripheral_reset[0]                                                                                       |               31 |            107 |
|  redpitaya_adc_dac_clk_0/inst/adc_clk_o | cordicAtan_0/U0/cordic_top_inst/generate_cordic[7].cordic_impl_inst/data2_en_s                                                                     | proc_sys_reset_0/U0/peripheral_reset[0]                                                                                       |               35 |            121 |
|  redpitaya_adc_dac_clk_0/inst/adc_clk_o | cordicAtan_0/U0/cordic_top_inst/generate_cordic[9].cordic_impl_inst/data2_en_s                                                                     | proc_sys_reset_0/U0/peripheral_reset[0]                                                                                       |               35 |            127 |
|  redpitaya_adc_dac_clk_0/inst/adc_clk_o | cordicAtan_0/U0/cordic_top_inst/generate_cordic[20].cordic_impl_inst/data2_en_s                                                                    | proc_sys_reset_0/U0/peripheral_reset[0]                                                                                       |               36 |            127 |
|  redpitaya_adc_dac_clk_0/inst/adc_clk_o | cordicAtan_0/U0/cordic_top_inst/generate_cordic[8].cordic_impl_inst/data2_en_s                                                                     | proc_sys_reset_0/U0/peripheral_reset[0]                                                                                       |               35 |            127 |
|  redpitaya_adc_dac_clk_0/inst/adc_clk_o | cordicAtan_0/U0/cordic_top_inst/generate_cordic[27].cordic_impl_inst/data2_en_s                                                                    | proc_sys_reset_0/U0/peripheral_reset[0]                                                                                       |               36 |            127 |
|  redpitaya_adc_dac_clk_0/inst/adc_clk_o | cordicAtan_0/U0/cordic_top_inst/generate_cordic[26].cordic_impl_inst/data2_en_s                                                                    | proc_sys_reset_0/U0/peripheral_reset[0]                                                                                       |               34 |            127 |
|  redpitaya_adc_dac_clk_0/inst/adc_clk_o | cordicAtan_0/U0/cordic_top_inst/generate_cordic[25].cordic_impl_inst/data2_en_s                                                                    | proc_sys_reset_0/U0/peripheral_reset[0]                                                                                       |               34 |            127 |
|  redpitaya_adc_dac_clk_0/inst/adc_clk_o | cordicAtan_0/U0/cordic_top_inst/generate_cordic[24].cordic_impl_inst/data2_en_s                                                                    | proc_sys_reset_0/U0/peripheral_reset[0]                                                                                       |               34 |            127 |
|  redpitaya_adc_dac_clk_0/inst/adc_clk_o | cordicAtan_0/U0/cordic_top_inst/generate_cordic[23].cordic_impl_inst/data2_en_s                                                                    | proc_sys_reset_0/U0/peripheral_reset[0]                                                                                       |               37 |            127 |
|  redpitaya_adc_dac_clk_0/inst/adc_clk_o | cordicAtan_0/U0/cordic_top_inst/generate_cordic[22].cordic_impl_inst/data2_en_s                                                                    | proc_sys_reset_0/U0/peripheral_reset[0]                                                                                       |               35 |            127 |
|  redpitaya_adc_dac_clk_0/inst/adc_clk_o | cordicAtan_0/U0/cordic_top_inst/generate_cordic[21].cordic_impl_inst/data2_en_s                                                                    | proc_sys_reset_0/U0/peripheral_reset[0]                                                                                       |               34 |            127 |
|  redpitaya_adc_dac_clk_0/inst/adc_clk_o | cordicAtan_0/U0/cordic_top_inst/generate_cordic[13].cordic_impl_inst/data2_en_s                                                                    | proc_sys_reset_0/U0/peripheral_reset[0]                                                                                       |               35 |            127 |
|  redpitaya_adc_dac_clk_0/inst/adc_clk_o | cordicAtan_0/U0/cordic_top_inst/generate_cordic[19].cordic_impl_inst/data2_en_s                                                                    | proc_sys_reset_0/U0/peripheral_reset[0]                                                                                       |               34 |            127 |
|  redpitaya_adc_dac_clk_0/inst/adc_clk_o | cordicAtan_0/U0/cordic_top_inst/generate_cordic[18].cordic_impl_inst/data2_en_s                                                                    | proc_sys_reset_0/U0/peripheral_reset[0]                                                                                       |               35 |            127 |
|  redpitaya_adc_dac_clk_0/inst/adc_clk_o | cordicAtan_0/U0/cordic_top_inst/generate_cordic[17].cordic_impl_inst/data2_en_s                                                                    | proc_sys_reset_0/U0/peripheral_reset[0]                                                                                       |               36 |            127 |
|  redpitaya_adc_dac_clk_0/inst/adc_clk_o | cordicAtan_0/U0/cordic_top_inst/generate_cordic[16].cordic_impl_inst/data2_en_s                                                                    | proc_sys_reset_0/U0/peripheral_reset[0]                                                                                       |               35 |            127 |
|  redpitaya_adc_dac_clk_0/inst/adc_clk_o | cordicAtan_0/U0/cordic_top_inst/generate_cordic[15].cordic_impl_inst/data2_en_s                                                                    | proc_sys_reset_0/U0/peripheral_reset[0]                                                                                       |               36 |            127 |
|  redpitaya_adc_dac_clk_0/inst/adc_clk_o | cordicAtan_0/U0/cordic_top_inst/generate_cordic[14].cordic_impl_inst/data2_en_s                                                                    | proc_sys_reset_0/U0/peripheral_reset[0]                                                                                       |               35 |            127 |
|  redpitaya_adc_dac_clk_0/inst/adc_clk_o | cordicAtan_0/U0/cordic_top_inst/generate_cordic[10].cordic_impl_inst/data2_en_s                                                                    | proc_sys_reset_0/U0/peripheral_reset[0]                                                                                       |               36 |            127 |
|  redpitaya_adc_dac_clk_0/inst/adc_clk_o | cordicAtan_0/U0/cordic_top_inst/generate_cordic[11].cordic_impl_inst/data2_en_s                                                                    | proc_sys_reset_0/U0/peripheral_reset[0]                                                                                       |               36 |            127 |
|  redpitaya_adc_dac_clk_0/inst/adc_clk_o | cordicAtan_0/U0/cordic_top_inst/generate_cordic[12].cordic_impl_inst/data2_en_s                                                                    | proc_sys_reset_0/U0/peripheral_reset[0]                                                                                       |               35 |            127 |
|  processing_system7_0/inst/FCLK_CLK0    |                                                                                                                                                    |                                                                                                                               |               45 |            145 |
|  redpitaya_adc_dac_clk_0/inst/adc_clk_o | fir16RealbitsOneInTwoMult_v1_0_0/U0/fir_top_inst/enable_s                                                                                          |                                                                                                                               |              256 |            935 |
|  redpitaya_adc_dac_clk_0/inst/adc_clk_o |                                                                                                                                                    |                                                                                                                               |             1628 |           7110 |
+-----------------------------------------+----------------------------------------------------------------------------------------------------------------------------------------------------+-------------------------------------------------------------------------------------------------------------------------------+------------------+----------------+


+--------+-----------------------+
| Fanout | Number of ControlSets |
+--------+-----------------------+
| 1      |                     1 |
| 2      |                     1 |
| 4      |                     8 |
| 5      |                     1 |
| 6      |                     1 |
| 8      |                     1 |
| 9      |                     2 |
| 12     |                     2 |
| 13     |                     1 |
| 14     |                   126 |
| 16+    |                    90 |
+--------+-----------------------+


