
*** Running vivado
    with args -log iq_pid_vco_wrapper_ad9767_0_0.vds -m64 -product Vivado -mode batch -messageDb vivado.pb -notrace -source iq_pid_vco_wrapper_ad9767_0_0.tcl

awk: symbol lookup error: awk: undefined symbol: mpfr_z_sub

****** Vivado v2016.4 (64-bit)
  **** SW Build 1733598 on Wed Dec 14 22:35:42 MST 2016
  **** IP Build 1731160 on Wed Dec 14 23:47:21 MST 2016
    ** Copyright 1986-2016 Xilinx, Inc. All Rights Reserved.

source iq_pid_vco_wrapper_ad9767_0_0.tcl -notrace
Command: synth_design -top iq_pid_vco_wrapper_ad9767_0_0 -part xc7z010clg400-1 -mode out_of_context
Starting synth_design
Attempting to get a license for feature 'Synthesis' and/or device 'xc7z010'
INFO: [Common 17-349] Got license for feature 'Synthesis' and/or device 'xc7z010'
INFO: Launching helper process for spawning children vivado processes
INFO: Helper process launched with PID 15910 
awk: symbol lookup error: awk: undefined symbol: mpfr_z_sub
---------------------------------------------------------------------------------
Starting RTL Elaboration : Time (s): cpu = 00:00:27 ; elapsed = 00:00:31 . Memory (MB): peak = 1112.266 ; gain = 181.086 ; free physical = 1515 ; free virtual = 12698
---------------------------------------------------------------------------------
INFO: [Synth 8-638] synthesizing module 'iq_pid_vco_wrapper_ad9767_0_0' [/home/bma/git/fpga_design/redpitaya/iq_pid_vco/iq_pid_vco.srcs/sources_1/bd/iq_pid_vco_wrapper/ip/iq_pid_vco_wrapper_ad9767_0_0/synth/iq_pid_vco_wrapper_ad9767_0_0.v:56]
INFO: [Synth 8-638] synthesizing module 'ad9767' [/home/bma/git/fpga_design/redpitaya/iq_pid_vco/iq_pid_vco.srcs/sources_1/bd/iq_pid_vco_wrapper/ipshared/1c5a/hdl/ad9767.v:1]
INFO: [Synth 8-638] synthesizing module 'ODDR' [/opt/Xilinx/Vivado/2016.4/scripts/rt/data/unisim_comp.v:25305]
	Parameter DDR_CLK_EDGE bound to: OPPOSITE_EDGE - type: string 
	Parameter INIT bound to: 1'b0 
	Parameter IS_C_INVERTED bound to: 1'b0 
	Parameter IS_D1_INVERTED bound to: 1'b0 
	Parameter IS_D2_INVERTED bound to: 1'b0 
	Parameter SRTYPE bound to: SYNC - type: string 
INFO: [Synth 8-256] done synthesizing module 'ODDR' (1#1) [/opt/Xilinx/Vivado/2016.4/scripts/rt/data/unisim_comp.v:25305]
INFO: [Synth 8-256] done synthesizing module 'ad9767' (2#1) [/home/bma/git/fpga_design/redpitaya/iq_pid_vco/iq_pid_vco.srcs/sources_1/bd/iq_pid_vco_wrapper/ipshared/1c5a/hdl/ad9767.v:1]
INFO: [Synth 8-256] done synthesizing module 'iq_pid_vco_wrapper_ad9767_0_0' (3#1) [/home/bma/git/fpga_design/redpitaya/iq_pid_vco/iq_pid_vco.srcs/sources_1/bd/iq_pid_vco_wrapper/ip/iq_pid_vco_wrapper_ad9767_0_0/synth/iq_pid_vco_wrapper_ad9767_0_0.v:56]
WARNING: [Synth 8-3331] design ad9767 has unconnected port dac_dat_a_rst_i
WARNING: [Synth 8-3331] design ad9767 has unconnected port dac_dat_b_rst_i
---------------------------------------------------------------------------------
Finished RTL Elaboration : Time (s): cpu = 00:00:29 ; elapsed = 00:00:33 . Memory (MB): peak = 1152.734 ; gain = 221.555 ; free physical = 1449 ; free virtual = 12632
---------------------------------------------------------------------------------

Report Check Netlist: 
+------+------------------+-------+---------+-------+------------------+
|      |Item              |Errors |Warnings |Status |Description       |
+------+------------------+-------+---------+-------+------------------+
|1     |multi_driven_nets |      0|        0|Passed |Multi driven nets |
+------+------------------+-------+---------+-------+------------------+
---------------------------------------------------------------------------------
Finished RTL Optimization Phase 1 : Time (s): cpu = 00:00:30 ; elapsed = 00:00:33 . Memory (MB): peak = 1152.734 ; gain = 221.555 ; free physical = 1446 ; free virtual = 12630
---------------------------------------------------------------------------------
INFO: [Netlist 29-17] Analyzing 18 Unisim elements for replacement
INFO: [Netlist 29-28] Unisim Transformation completed in 0 CPU seconds
INFO: [Device 21-403] Loading part xc7z010clg400-1
INFO: [Project 1-570] Preparing netlist for logic optimization

Processing XDC Constraints
Initializing timing engine
Completed Processing XDC Constraints

INFO: [Project 1-111] Unisim Transformation Summary:
No Unisim elements were transformed.

Constraint Validation Runtime : Time (s): cpu = 00:00:00.04 ; elapsed = 00:00:00.03 . Memory (MB): peak = 1465.895 ; gain = 1.000 ; free physical = 1075 ; free virtual = 12259
---------------------------------------------------------------------------------
Finished Constraint Validation : Time (s): cpu = 00:00:55 ; elapsed = 00:01:00 . Memory (MB): peak = 1465.895 ; gain = 534.715 ; free physical = 820 ; free virtual = 12005
---------------------------------------------------------------------------------
---------------------------------------------------------------------------------
Start Loading Part and Timing Information
---------------------------------------------------------------------------------
Loading part: xc7z010clg400-1
---------------------------------------------------------------------------------
Finished Loading Part and Timing Information : Time (s): cpu = 00:00:55 ; elapsed = 00:01:00 . Memory (MB): peak = 1465.895 ; gain = 534.715 ; free physical = 820 ; free virtual = 12005
---------------------------------------------------------------------------------
---------------------------------------------------------------------------------
Start Applying 'set_property' XDC Constraints
---------------------------------------------------------------------------------
---------------------------------------------------------------------------------
Finished applying 'set_property' XDC Constraints : Time (s): cpu = 00:00:55 ; elapsed = 00:01:00 . Memory (MB): peak = 1465.895 ; gain = 534.715 ; free physical = 820 ; free virtual = 12004
---------------------------------------------------------------------------------
---------------------------------------------------------------------------------
Finished RTL Optimization Phase 2 : Time (s): cpu = 00:00:56 ; elapsed = 00:01:00 . Memory (MB): peak = 1465.895 ; gain = 534.715 ; free physical = 809 ; free virtual = 11993
---------------------------------------------------------------------------------

Report RTL Partitions: 
+-+--------------+------------+----------+
| |RTL Partition |Replication |Instances |
+-+--------------+------------+----------+
+-+--------------+------------+----------+
---------------------------------------------------------------------------------
Start RTL Component Statistics 
---------------------------------------------------------------------------------
Detailed RTL Component Info : 
+---Registers : 
	               14 Bit    Registers := 4     
	                1 Bit    Registers := 1     
---------------------------------------------------------------------------------
Finished RTL Component Statistics 
---------------------------------------------------------------------------------
---------------------------------------------------------------------------------
Start RTL Hierarchical Component Statistics 
---------------------------------------------------------------------------------
Hierarchical RTL Component report 
Module ad9767 
Detailed RTL Component Info : 
+---Registers : 
	               14 Bit    Registers := 4     
	                1 Bit    Registers := 1     
---------------------------------------------------------------------------------
Finished RTL Hierarchical Component Statistics
---------------------------------------------------------------------------------
---------------------------------------------------------------------------------
Start Part Resource Summary
---------------------------------------------------------------------------------
Part Resources:
DSPs: 80 (col length:40)
BRAMs: 120 (col length: RAMB18 40 RAMB36 20)
---------------------------------------------------------------------------------
Finished Part Resource Summary
---------------------------------------------------------------------------------
---------------------------------------------------------------------------------
Start Cross Boundary and Area Optimization
---------------------------------------------------------------------------------
WARNING: [Synth 8-3331] design iq_pid_vco_wrapper_ad9767_0_0 has unconnected port dac_dat_a_rst_i
WARNING: [Synth 8-3331] design iq_pid_vco_wrapper_ad9767_0_0 has unconnected port dac_dat_b_rst_i
---------------------------------------------------------------------------------
Finished Cross Boundary and Area Optimization : Time (s): cpu = 00:00:56 ; elapsed = 00:01:01 . Memory (MB): peak = 1465.895 ; gain = 534.715 ; free physical = 754 ; free virtual = 11938
---------------------------------------------------------------------------------

Report RTL Partitions: 
+-+--------------+------------+----------+
| |RTL Partition |Replication |Instances |
+-+--------------+------------+----------+
+-+--------------+------------+----------+
---------------------------------------------------------------------------------
Start Timing Optimization
---------------------------------------------------------------------------------
---------------------------------------------------------------------------------
Start Applying XDC Timing Constraints
---------------------------------------------------------------------------------
---------------------------------------------------------------------------------
Finished Applying XDC Timing Constraints : Time (s): cpu = 00:01:21 ; elapsed = 00:01:28 . Memory (MB): peak = 1465.895 ; gain = 534.715 ; free physical = 1006 ; free virtual = 12190
---------------------------------------------------------------------------------
---------------------------------------------------------------------------------
Finished Timing Optimization : Time (s): cpu = 00:01:21 ; elapsed = 00:01:28 . Memory (MB): peak = 1465.895 ; gain = 534.715 ; free physical = 1006 ; free virtual = 12190
---------------------------------------------------------------------------------

Report RTL Partitions: 
+-+--------------+------------+----------+
| |RTL Partition |Replication |Instances |
+-+--------------+------------+----------+
+-+--------------+------------+----------+
---------------------------------------------------------------------------------
Start Technology Mapping
---------------------------------------------------------------------------------
---------------------------------------------------------------------------------
Finished Technology Mapping : Time (s): cpu = 00:01:21 ; elapsed = 00:01:28 . Memory (MB): peak = 1473.902 ; gain = 542.723 ; free physical = 988 ; free virtual = 12173
---------------------------------------------------------------------------------

Report RTL Partitions: 
+-+--------------+------------+----------+
| |RTL Partition |Replication |Instances |
+-+--------------+------------+----------+
+-+--------------+------------+----------+
---------------------------------------------------------------------------------
Start IO Insertion
---------------------------------------------------------------------------------
---------------------------------------------------------------------------------
Start Flattening Before IO Insertion
---------------------------------------------------------------------------------
---------------------------------------------------------------------------------
Finished Flattening Before IO Insertion
---------------------------------------------------------------------------------
---------------------------------------------------------------------------------
Start Final Netlist Cleanup
---------------------------------------------------------------------------------
---------------------------------------------------------------------------------
Finished Final Netlist Cleanup
---------------------------------------------------------------------------------
---------------------------------------------------------------------------------
Finished IO Insertion : Time (s): cpu = 00:01:23 ; elapsed = 00:01:29 . Memory (MB): peak = 1473.902 ; gain = 542.723 ; free physical = 983 ; free virtual = 12167
---------------------------------------------------------------------------------

Report Check Netlist: 
+------+------------------+-------+---------+-------+------------------+
|      |Item              |Errors |Warnings |Status |Description       |
+------+------------------+-------+---------+-------+------------------+
|1     |multi_driven_nets |      0|        0|Passed |Multi driven nets |
+------+------------------+-------+---------+-------+------------------+
---------------------------------------------------------------------------------
Start Renaming Generated Instances
---------------------------------------------------------------------------------
---------------------------------------------------------------------------------
Finished Renaming Generated Instances : Time (s): cpu = 00:01:23 ; elapsed = 00:01:29 . Memory (MB): peak = 1473.902 ; gain = 542.723 ; free physical = 983 ; free virtual = 12167
---------------------------------------------------------------------------------

Report RTL Partitions: 
+-+--------------+------------+----------+
| |RTL Partition |Replication |Instances |
+-+--------------+------------+----------+
+-+--------------+------------+----------+
---------------------------------------------------------------------------------
Start Rebuilding User Hierarchy
---------------------------------------------------------------------------------
---------------------------------------------------------------------------------
Finished Rebuilding User Hierarchy : Time (s): cpu = 00:01:23 ; elapsed = 00:01:29 . Memory (MB): peak = 1473.902 ; gain = 542.723 ; free physical = 983 ; free virtual = 12167
---------------------------------------------------------------------------------
---------------------------------------------------------------------------------
Start Renaming Generated Ports
---------------------------------------------------------------------------------
---------------------------------------------------------------------------------
Finished Renaming Generated Ports : Time (s): cpu = 00:01:23 ; elapsed = 00:01:29 . Memory (MB): peak = 1473.902 ; gain = 542.723 ; free physical = 983 ; free virtual = 12167
---------------------------------------------------------------------------------
---------------------------------------------------------------------------------
Start Handling Custom Attributes
---------------------------------------------------------------------------------
---------------------------------------------------------------------------------
Finished Handling Custom Attributes : Time (s): cpu = 00:01:23 ; elapsed = 00:01:29 . Memory (MB): peak = 1473.902 ; gain = 542.723 ; free physical = 983 ; free virtual = 12167
---------------------------------------------------------------------------------
---------------------------------------------------------------------------------
Start Renaming Generated Nets
---------------------------------------------------------------------------------
---------------------------------------------------------------------------------
Finished Renaming Generated Nets : Time (s): cpu = 00:01:23 ; elapsed = 00:01:29 . Memory (MB): peak = 1473.902 ; gain = 542.723 ; free physical = 983 ; free virtual = 12167
---------------------------------------------------------------------------------
---------------------------------------------------------------------------------
Start Writing Synthesis Report
---------------------------------------------------------------------------------

Report BlackBoxes: 
+-+--------------+----------+
| |BlackBox name |Instances |
+-+--------------+----------+
+-+--------------+----------+

Report Cell Usage: 
+------+-----+------+
|      |Cell |Count |
+------+-----+------+
|1     |LUT1 |    27|
|2     |ODDR |    18|
|3     |FDRE |    57|
+------+-----+------+

Report Instance Areas: 
+------+---------+-------+------+
|      |Instance |Module |Cells |
+------+---------+-------+------+
|1     |top      |       |   102|
|2     |  inst   |ad9767 |   102|
+------+---------+-------+------+
---------------------------------------------------------------------------------
Finished Writing Synthesis Report : Time (s): cpu = 00:01:23 ; elapsed = 00:01:29 . Memory (MB): peak = 1473.902 ; gain = 542.723 ; free physical = 983 ; free virtual = 12167
---------------------------------------------------------------------------------
Synthesis finished with 0 errors, 0 critical warnings and 2 warnings.
Synthesis Optimization Runtime : Time (s): cpu = 00:00:55 ; elapsed = 00:00:58 . Memory (MB): peak = 1473.902 ; gain = 116.473 ; free physical = 934 ; free virtual = 12118
Synthesis Optimization Complete : Time (s): cpu = 00:01:23 ; elapsed = 00:01:30 . Memory (MB): peak = 1473.910 ; gain = 542.730 ; free physical = 934 ; free virtual = 12118
INFO: [Project 1-571] Translating synthesized netlist
INFO: [Netlist 29-17] Analyzing 18 Unisim elements for replacement
INFO: [Netlist 29-28] Unisim Transformation completed in 0 CPU seconds
INFO: [Project 1-570] Preparing netlist for logic optimization
INFO: [Opt 31-138] Pushed 0 inverter(s) to 0 load pin(s).
INFO: [Project 1-111] Unisim Transformation Summary:
No Unisim elements were transformed.

INFO: [Common 17-83] Releasing license: Synthesis
19 Infos, 4 Warnings, 0 Critical Warnings and 0 Errors encountered.
synth_design completed successfully
synth_design: Time (s): cpu = 00:01:11 ; elapsed = 00:01:15 . Memory (MB): peak = 1473.910 ; gain = 442.227 ; free physical = 861 ; free virtual = 12046
INFO: [Common 17-1381] The checkpoint '/home/bma/git/fpga_design/redpitaya/iq_pid_vco/iq_pid_vco.runs/iq_pid_vco_wrapper_ad9767_0_0_synth_1/iq_pid_vco_wrapper_ad9767_0_0.dcp' has been generated.
INFO: [Common 17-1381] The checkpoint '/home/bma/git/fpga_design/redpitaya/iq_pid_vco/iq_pid_vco.runs/iq_pid_vco_wrapper_ad9767_0_0_synth_1/iq_pid_vco_wrapper_ad9767_0_0.dcp' has been generated.
report_utilization: Time (s): cpu = 00:00:00.15 ; elapsed = 00:00:00.19 . Memory (MB): peak = 1473.910 ; gain = 0.000 ; free physical = 860 ; free virtual = 12045
INFO: [Common 17-206] Exiting Vivado at Fri Apr 21 17:00:49 2017...
