
*** Running vivado
    with args -log double_pid_vco_wrapper_auto_pc_0.vds -m64 -product Vivado -mode batch -messageDb vivado.pb -notrace -source double_pid_vco_wrapper_auto_pc_0.tcl

awk: symbol lookup error: awk: undefined symbol: mpfr_z_sub

****** Vivado v2016.4 (64-bit)
  **** SW Build 1733598 on Wed Dec 14 22:35:42 MST 2016
  **** IP Build 1731160 on Wed Dec 14 23:47:21 MST 2016
    ** Copyright 1986-2016 Xilinx, Inc. All Rights Reserved.

source double_pid_vco_wrapper_auto_pc_0.tcl -notrace
awk: symbol lookup error: awk: undefined symbol: mpfr_z_sub
Starting RTL Elaboration : Time (s): cpu = 00:00:30 ; elapsed = 00:00:38 . Memory (MB): peak = 1119.270 ; gain = 188.086 ; free physical = 1673 ; free virtual = 12268
INFO: [Synth 8-638] synthesizing module 'double_pid_vco_wrapper_auto_pc_0' [/home/bma/git/fpga_design/redpitaya/double_pid_vco/double_pid_vco.srcs/sources_1/bd/double_pid_vco_wrapper/ip/double_pid_vco_wrapper_auto_pc_0/synth/double_pid_vco_wrapper_auto_pc_0.v:58]
INFO: [Synth 8-638] synthesizing module 'axi_protocol_converter_v2_1_11_axi_protocol_converter' [/home/bma/git/fpga_design/redpitaya/double_pid_vco/double_pid_vco.srcs/sources_1/bd/double_pid_vco_wrapper/ipshared/df1b/hdl/axi_protocol_converter_v2_1_vl_rfs.v:4806]
INFO: [Synth 8-638] synthesizing module 'axi_protocol_converter_v2_1_11_b2s' [/home/bma/git/fpga_design/redpitaya/double_pid_vco/double_pid_vco.srcs/sources_1/bd/double_pid_vco_wrapper/ipshared/df1b/hdl/axi_protocol_converter_v2_1_vl_rfs.v:4224]
INFO: [Synth 8-638] synthesizing module 'axi_protocol_converter_v2_1_11_b2s_aw_channel' [/home/bma/git/fpga_design/redpitaya/double_pid_vco/double_pid_vco.srcs/sources_1/bd/double_pid_vco_wrapper/ipshared/df1b/hdl/axi_protocol_converter_v2_1_vl_rfs.v:3969]
INFO: [Synth 8-638] synthesizing module 'axi_protocol_converter_v2_1_11_b2s_cmd_translator' [/home/bma/git/fpga_design/redpitaya/double_pid_vco/double_pid_vco.srcs/sources_1/bd/double_pid_vco_wrapper/ipshared/df1b/hdl/axi_protocol_converter_v2_1_vl_rfs.v:3467]
INFO: [Synth 8-638] synthesizing module 'axi_protocol_converter_v2_1_11_b2s_incr_cmd' [/home/bma/git/fpga_design/redpitaya/double_pid_vco/double_pid_vco.srcs/sources_1/bd/double_pid_vco_wrapper/ipshared/df1b/hdl/axi_protocol_converter_v2_1_vl_rfs.v:3093]
INFO: [Synth 8-256] done synthesizing module 'axi_protocol_converter_v2_1_11_b2s_incr_cmd' (1#1) [/home/bma/git/fpga_design/redpitaya/double_pid_vco/double_pid_vco.srcs/sources_1/bd/double_pid_vco_wrapper/ipshared/df1b/hdl/axi_protocol_converter_v2_1_vl_rfs.v:3093]
INFO: [Synth 8-638] synthesizing module 'axi_protocol_converter_v2_1_11_b2s_wrap_cmd' [/home/bma/git/fpga_design/redpitaya/double_pid_vco/double_pid_vco.srcs/sources_1/bd/double_pid_vco_wrapper/ipshared/df1b/hdl/axi_protocol_converter_v2_1_vl_rfs.v:2903]
INFO: [Synth 8-256] done synthesizing module 'axi_protocol_converter_v2_1_11_b2s_wrap_cmd' (2#1) [/home/bma/git/fpga_design/redpitaya/double_pid_vco/double_pid_vco.srcs/sources_1/bd/double_pid_vco_wrapper/ipshared/df1b/hdl/axi_protocol_converter_v2_1_vl_rfs.v:2903]
INFO: [Synth 8-256] done synthesizing module 'axi_protocol_converter_v2_1_11_b2s_cmd_translator' (3#1) [/home/bma/git/fpga_design/redpitaya/double_pid_vco/double_pid_vco.srcs/sources_1/bd/double_pid_vco_wrapper/ipshared/df1b/hdl/axi_protocol_converter_v2_1_vl_rfs.v:3467]
INFO: [Synth 8-638] synthesizing module 'axi_protocol_converter_v2_1_11_b2s_wr_cmd_fsm' [/home/bma/git/fpga_design/redpitaya/double_pid_vco/double_pid_vco.srcs/sources_1/bd/double_pid_vco_wrapper/ipshared/df1b/hdl/axi_protocol_converter_v2_1_vl_rfs.v:3225]
INFO: [Synth 8-256] done synthesizing module 'axi_protocol_converter_v2_1_11_b2s_wr_cmd_fsm' (4#1) [/home/bma/git/fpga_design/redpitaya/double_pid_vco/double_pid_vco.srcs/sources_1/bd/double_pid_vco_wrapper/ipshared/df1b/hdl/axi_protocol_converter_v2_1_vl_rfs.v:3225]
INFO: [Synth 8-256] done synthesizing module 'axi_protocol_converter_v2_1_11_b2s_aw_channel' (5#1) [/home/bma/git/fpga_design/redpitaya/double_pid_vco/double_pid_vco.srcs/sources_1/bd/double_pid_vco_wrapper/ipshared/df1b/hdl/axi_protocol_converter_v2_1_vl_rfs.v:3969]
INFO: [Synth 8-638] synthesizing module 'axi_protocol_converter_v2_1_11_b2s_b_channel' [/home/bma/git/fpga_design/redpitaya/double_pid_vco/double_pid_vco.srcs/sources_1/bd/double_pid_vco_wrapper/ipshared/df1b/hdl/axi_protocol_converter_v2_1_vl_rfs.v:3609]
INFO: [Synth 8-638] synthesizing module 'axi_protocol_converter_v2_1_11_b2s_simple_fifo' [/home/bma/git/fpga_design/redpitaya/double_pid_vco/double_pid_vco.srcs/sources_1/bd/double_pid_vco_wrapper/ipshared/df1b/hdl/axi_protocol_converter_v2_1_vl_rfs.v:2816]
INFO: [Synth 8-256] done synthesizing module 'axi_protocol_converter_v2_1_11_b2s_simple_fifo' (6#1) [/home/bma/git/fpga_design/redpitaya/double_pid_vco/double_pid_vco.srcs/sources_1/bd/double_pid_vco_wrapper/ipshared/df1b/hdl/axi_protocol_converter_v2_1_vl_rfs.v:2816]
INFO: [Synth 8-638] synthesizing module 'axi_protocol_converter_v2_1_11_b2s_simple_fifo__parameterized0' [/home/bma/git/fpga_design/redpitaya/double_pid_vco/double_pid_vco.srcs/sources_1/bd/double_pid_vco_wrapper/ipshared/df1b/hdl/axi_protocol_converter_v2_1_vl_rfs.v:2816]
INFO: [Synth 8-256] done synthesizing module 'axi_protocol_converter_v2_1_11_b2s_simple_fifo__parameterized0' (6#1) [/home/bma/git/fpga_design/redpitaya/double_pid_vco/double_pid_vco.srcs/sources_1/bd/double_pid_vco_wrapper/ipshared/df1b/hdl/axi_protocol_converter_v2_1_vl_rfs.v:2816]
INFO: [Synth 8-256] done synthesizing module 'axi_protocol_converter_v2_1_11_b2s_b_channel' (7#1) [/home/bma/git/fpga_design/redpitaya/double_pid_vco/double_pid_vco.srcs/sources_1/bd/double_pid_vco_wrapper/ipshared/df1b/hdl/axi_protocol_converter_v2_1_vl_rfs.v:3609]
INFO: [Synth 8-638] synthesizing module 'axi_protocol_converter_v2_1_11_b2s_ar_channel' [/home/bma/git/fpga_design/redpitaya/double_pid_vco/double_pid_vco.srcs/sources_1/bd/double_pid_vco_wrapper/ipshared/df1b/hdl/axi_protocol_converter_v2_1_vl_rfs.v:4080]
INFO: [Synth 8-638] synthesizing module 'axi_protocol_converter_v2_1_11_b2s_rd_cmd_fsm' [/home/bma/git/fpga_design/redpitaya/double_pid_vco/double_pid_vco.srcs/sources_1/bd/double_pid_vco_wrapper/ipshared/df1b/hdl/axi_protocol_converter_v2_1_vl_rfs.v:3336]
INFO: [Synth 8-256] done synthesizing module 'axi_protocol_converter_v2_1_11_b2s_rd_cmd_fsm' (8#1) [/home/bma/git/fpga_design/redpitaya/double_pid_vco/double_pid_vco.srcs/sources_1/bd/double_pid_vco_wrapper/ipshared/df1b/hdl/axi_protocol_converter_v2_1_vl_rfs.v:3336]
INFO: [Synth 8-256] done synthesizing module 'axi_protocol_converter_v2_1_11_b2s_ar_channel' (9#1) [/home/bma/git/fpga_design/redpitaya/double_pid_vco/double_pid_vco.srcs/sources_1/bd/double_pid_vco_wrapper/ipshared/df1b/hdl/axi_protocol_converter_v2_1_vl_rfs.v:4080]
INFO: [Synth 8-638] synthesizing module 'axi_protocol_converter_v2_1_11_b2s_r_channel' [/home/bma/git/fpga_design/redpitaya/double_pid_vco/double_pid_vco.srcs/sources_1/bd/double_pid_vco_wrapper/ipshared/df1b/hdl/axi_protocol_converter_v2_1_vl_rfs.v:3809]
INFO: [Synth 8-638] synthesizing module 'axi_protocol_converter_v2_1_11_b2s_simple_fifo__parameterized1' [/home/bma/git/fpga_design/redpitaya/double_pid_vco/double_pid_vco.srcs/sources_1/bd/double_pid_vco_wrapper/ipshared/df1b/hdl/axi_protocol_converter_v2_1_vl_rfs.v:2816]
INFO: [Synth 8-256] done synthesizing module 'axi_protocol_converter_v2_1_11_b2s_simple_fifo__parameterized1' (9#1) [/home/bma/git/fpga_design/redpitaya/double_pid_vco/double_pid_vco.srcs/sources_1/bd/double_pid_vco_wrapper/ipshared/df1b/hdl/axi_protocol_converter_v2_1_vl_rfs.v:2816]
INFO: [Synth 8-638] synthesizing module 'axi_protocol_converter_v2_1_11_b2s_simple_fifo__parameterized2' [/home/bma/git/fpga_design/redpitaya/double_pid_vco/double_pid_vco.srcs/sources_1/bd/double_pid_vco_wrapper/ipshared/df1b/hdl/axi_protocol_converter_v2_1_vl_rfs.v:2816]
INFO: [Synth 8-256] done synthesizing module 'axi_protocol_converter_v2_1_11_b2s_simple_fifo__parameterized2' (9#1) [/home/bma/git/fpga_design/redpitaya/double_pid_vco/double_pid_vco.srcs/sources_1/bd/double_pid_vco_wrapper/ipshared/df1b/hdl/axi_protocol_converter_v2_1_vl_rfs.v:2816]
INFO: [Synth 8-256] done synthesizing module 'axi_protocol_converter_v2_1_11_b2s_r_channel' (10#1) [/home/bma/git/fpga_design/redpitaya/double_pid_vco/double_pid_vco.srcs/sources_1/bd/double_pid_vco_wrapper/ipshared/df1b/hdl/axi_protocol_converter_v2_1_vl_rfs.v:3809]
INFO: [Synth 8-638] synthesizing module 'axi_register_slice_v2_1_11_axi_register_slice' [/home/bma/git/fpga_design/redpitaya/double_pid_vco/double_pid_vco.srcs/sources_1/bd/double_pid_vco_wrapper/ipshared/0b6b/hdl/axi_register_slice_v2_1_vl_rfs.v:791]
INFO: [Synth 8-638] synthesizing module 'axi_infrastructure_v1_1_0_axi2vector' [/home/bma/git/fpga_design/redpitaya/double_pid_vco/double_pid_vco.srcs/sources_1/bd/double_pid_vco_wrapper/ipshared/7e3a/hdl/axi_infrastructure_v1_1_vl_rfs.v:60]
INFO: [Synth 8-256] done synthesizing module 'axi_infrastructure_v1_1_0_axi2vector' (11#1) [/home/bma/git/fpga_design/redpitaya/double_pid_vco/double_pid_vco.srcs/sources_1/bd/double_pid_vco_wrapper/ipshared/7e3a/hdl/axi_infrastructure_v1_1_vl_rfs.v:60]
INFO: [Synth 8-638] synthesizing module 'axi_register_slice_v2_1_11_axic_register_slice' [/home/bma/git/fpga_design/redpitaya/double_pid_vco/double_pid_vco.srcs/sources_1/bd/double_pid_vco_wrapper/ipshared/0b6b/hdl/axi_register_slice_v2_1_vl_rfs.v:85]
INFO: [Synth 8-256] done synthesizing module 'axi_register_slice_v2_1_11_axic_register_slice' (12#1) [/home/bma/git/fpga_design/redpitaya/double_pid_vco/double_pid_vco.srcs/sources_1/bd/double_pid_vco_wrapper/ipshared/0b6b/hdl/axi_register_slice_v2_1_vl_rfs.v:85]
INFO: [Synth 8-638] synthesizing module 'axi_register_slice_v2_1_11_axic_register_slice__parameterized0' [/home/bma/git/fpga_design/redpitaya/double_pid_vco/double_pid_vco.srcs/sources_1/bd/double_pid_vco_wrapper/ipshared/0b6b/hdl/axi_register_slice_v2_1_vl_rfs.v:85]
INFO: [Synth 8-256] done synthesizing module 'axi_register_slice_v2_1_11_axic_register_slice__parameterized0' (12#1) [/home/bma/git/fpga_design/redpitaya/double_pid_vco/double_pid_vco.srcs/sources_1/bd/double_pid_vco_wrapper/ipshared/0b6b/hdl/axi_register_slice_v2_1_vl_rfs.v:85]
INFO: [Synth 8-638] synthesizing module 'axi_register_slice_v2_1_11_axic_register_slice__parameterized1' [/home/bma/git/fpga_design/redpitaya/double_pid_vco/double_pid_vco.srcs/sources_1/bd/double_pid_vco_wrapper/ipshared/0b6b/hdl/axi_register_slice_v2_1_vl_rfs.v:85]
INFO: [Synth 8-256] done synthesizing module 'axi_register_slice_v2_1_11_axic_register_slice__parameterized1' (12#1) [/home/bma/git/fpga_design/redpitaya/double_pid_vco/double_pid_vco.srcs/sources_1/bd/double_pid_vco_wrapper/ipshared/0b6b/hdl/axi_register_slice_v2_1_vl_rfs.v:85]
INFO: [Synth 8-638] synthesizing module 'axi_register_slice_v2_1_11_axic_register_slice__parameterized2' [/home/bma/git/fpga_design/redpitaya/double_pid_vco/double_pid_vco.srcs/sources_1/bd/double_pid_vco_wrapper/ipshared/0b6b/hdl/axi_register_slice_v2_1_vl_rfs.v:85]
INFO: [Synth 8-256] done synthesizing module 'axi_register_slice_v2_1_11_axic_register_slice__parameterized2' (12#1) [/home/bma/git/fpga_design/redpitaya/double_pid_vco/double_pid_vco.srcs/sources_1/bd/double_pid_vco_wrapper/ipshared/0b6b/hdl/axi_register_slice_v2_1_vl_rfs.v:85]
INFO: [Synth 8-638] synthesizing module 'axi_infrastructure_v1_1_0_vector2axi' [/home/bma/git/fpga_design/redpitaya/double_pid_vco/double_pid_vco.srcs/sources_1/bd/double_pid_vco_wrapper/ipshared/7e3a/hdl/axi_infrastructure_v1_1_vl_rfs.v:474]
INFO: [Synth 8-256] done synthesizing module 'axi_infrastructure_v1_1_0_vector2axi' (13#1) [/home/bma/git/fpga_design/redpitaya/double_pid_vco/double_pid_vco.srcs/sources_1/bd/double_pid_vco_wrapper/ipshared/7e3a/hdl/axi_infrastructure_v1_1_vl_rfs.v:474]
INFO: [Synth 8-256] done synthesizing module 'axi_register_slice_v2_1_11_axi_register_slice' (14#1) [/home/bma/git/fpga_design/redpitaya/double_pid_vco/double_pid_vco.srcs/sources_1/bd/double_pid_vco_wrapper/ipshared/0b6b/hdl/axi_register_slice_v2_1_vl_rfs.v:791]
INFO: [Synth 8-638] synthesizing module 'axi_register_slice_v2_1_11_axi_register_slice__parameterized0' [/home/bma/git/fpga_design/redpitaya/double_pid_vco/double_pid_vco.srcs/sources_1/bd/double_pid_vco_wrapper/ipshared/0b6b/hdl/axi_register_slice_v2_1_vl_rfs.v:791]
INFO: [Synth 8-638] synthesizing module 'axi_infrastructure_v1_1_0_axi2vector__parameterized0' [/home/bma/git/fpga_design/redpitaya/double_pid_vco/double_pid_vco.srcs/sources_1/bd/double_pid_vco_wrapper/ipshared/7e3a/hdl/axi_infrastructure_v1_1_vl_rfs.v:60]
INFO: [Synth 8-256] done synthesizing module 'axi_infrastructure_v1_1_0_axi2vector__parameterized0' (14#1) [/home/bma/git/fpga_design/redpitaya/double_pid_vco/double_pid_vco.srcs/sources_1/bd/double_pid_vco_wrapper/ipshared/7e3a/hdl/axi_infrastructure_v1_1_vl_rfs.v:60]
INFO: [Synth 8-638] synthesizing module 'axi_register_slice_v2_1_11_axic_register_slice__parameterized3' [/home/bma/git/fpga_design/redpitaya/double_pid_vco/double_pid_vco.srcs/sources_1/bd/double_pid_vco_wrapper/ipshared/0b6b/hdl/axi_register_slice_v2_1_vl_rfs.v:85]
INFO: [Synth 8-256] done synthesizing module 'axi_register_slice_v2_1_11_axic_register_slice__parameterized3' (14#1) [/home/bma/git/fpga_design/redpitaya/double_pid_vco/double_pid_vco.srcs/sources_1/bd/double_pid_vco_wrapper/ipshared/0b6b/hdl/axi_register_slice_v2_1_vl_rfs.v:85]
INFO: [Synth 8-638] synthesizing module 'axi_register_slice_v2_1_11_axic_register_slice__parameterized4' [/home/bma/git/fpga_design/redpitaya/double_pid_vco/double_pid_vco.srcs/sources_1/bd/double_pid_vco_wrapper/ipshared/0b6b/hdl/axi_register_slice_v2_1_vl_rfs.v:85]
INFO: [Synth 8-256] done synthesizing module 'axi_register_slice_v2_1_11_axic_register_slice__parameterized4' (14#1) [/home/bma/git/fpga_design/redpitaya/double_pid_vco/double_pid_vco.srcs/sources_1/bd/double_pid_vco_wrapper/ipshared/0b6b/hdl/axi_register_slice_v2_1_vl_rfs.v:85]
INFO: [Synth 8-638] synthesizing module 'axi_register_slice_v2_1_11_axic_register_slice__parameterized5' [/home/bma/git/fpga_design/redpitaya/double_pid_vco/double_pid_vco.srcs/sources_1/bd/double_pid_vco_wrapper/ipshared/0b6b/hdl/axi_register_slice_v2_1_vl_rfs.v:85]
INFO: [Synth 8-256] done synthesizing module 'axi_register_slice_v2_1_11_axic_register_slice__parameterized5' (14#1) [/home/bma/git/fpga_design/redpitaya/double_pid_vco/double_pid_vco.srcs/sources_1/bd/double_pid_vco_wrapper/ipshared/0b6b/hdl/axi_register_slice_v2_1_vl_rfs.v:85]
INFO: [Synth 8-638] synthesizing module 'axi_register_slice_v2_1_11_axic_register_slice__parameterized6' [/home/bma/git/fpga_design/redpitaya/double_pid_vco/double_pid_vco.srcs/sources_1/bd/double_pid_vco_wrapper/ipshared/0b6b/hdl/axi_register_slice_v2_1_vl_rfs.v:85]
INFO: [Synth 8-256] done synthesizing module 'axi_register_slice_v2_1_11_axic_register_slice__parameterized6' (14#1) [/home/bma/git/fpga_design/redpitaya/double_pid_vco/double_pid_vco.srcs/sources_1/bd/double_pid_vco_wrapper/ipshared/0b6b/hdl/axi_register_slice_v2_1_vl_rfs.v:85]
INFO: [Synth 8-638] synthesizing module 'axi_register_slice_v2_1_11_axic_register_slice__parameterized7' [/home/bma/git/fpga_design/redpitaya/double_pid_vco/double_pid_vco.srcs/sources_1/bd/double_pid_vco_wrapper/ipshared/0b6b/hdl/axi_register_slice_v2_1_vl_rfs.v:85]
INFO: [Synth 8-256] done synthesizing module 'axi_register_slice_v2_1_11_axic_register_slice__parameterized7' (14#1) [/home/bma/git/fpga_design/redpitaya/double_pid_vco/double_pid_vco.srcs/sources_1/bd/double_pid_vco_wrapper/ipshared/0b6b/hdl/axi_register_slice_v2_1_vl_rfs.v:85]
INFO: [Synth 8-638] synthesizing module 'axi_infrastructure_v1_1_0_vector2axi__parameterized0' [/home/bma/git/fpga_design/redpitaya/double_pid_vco/double_pid_vco.srcs/sources_1/bd/double_pid_vco_wrapper/ipshared/7e3a/hdl/axi_infrastructure_v1_1_vl_rfs.v:474]
INFO: [Synth 8-256] done synthesizing module 'axi_infrastructure_v1_1_0_vector2axi__parameterized0' (14#1) [/home/bma/git/fpga_design/redpitaya/double_pid_vco/double_pid_vco.srcs/sources_1/bd/double_pid_vco_wrapper/ipshared/7e3a/hdl/axi_infrastructure_v1_1_vl_rfs.v:474]
INFO: [Synth 8-256] done synthesizing module 'axi_register_slice_v2_1_11_axi_register_slice__parameterized0' (14#1) [/home/bma/git/fpga_design/redpitaya/double_pid_vco/double_pid_vco.srcs/sources_1/bd/double_pid_vco_wrapper/ipshared/0b6b/hdl/axi_register_slice_v2_1_vl_rfs.v:791]
INFO: [Synth 8-256] done synthesizing module 'axi_protocol_converter_v2_1_11_b2s' (15#1) [/home/bma/git/fpga_design/redpitaya/double_pid_vco/double_pid_vco.srcs/sources_1/bd/double_pid_vco_wrapper/ipshared/df1b/hdl/axi_protocol_converter_v2_1_vl_rfs.v:4224]
INFO: [Synth 8-256] done synthesizing module 'axi_protocol_converter_v2_1_11_axi_protocol_converter' (16#1) [/home/bma/git/fpga_design/redpitaya/double_pid_vco/double_pid_vco.srcs/sources_1/bd/double_pid_vco_wrapper/ipshared/df1b/hdl/axi_protocol_converter_v2_1_vl_rfs.v:4806]
INFO: [Synth 8-256] done synthesizing module 'double_pid_vco_wrapper_auto_pc_0' (17#1) [/home/bma/git/fpga_design/redpitaya/double_pid_vco/double_pid_vco.srcs/sources_1/bd/double_pid_vco_wrapper/ip/double_pid_vco_wrapper_auto_pc_0/synth/double_pid_vco_wrapper_auto_pc_0.v:58]
Finished RTL Elaboration : Time (s): cpu = 00:01:37 ; elapsed = 00:01:56 . Memory (MB): peak = 1239.738 ; gain = 308.555 ; free physical = 1338 ; free virtual = 11938
Finished RTL Optimization Phase 1 : Time (s): cpu = 00:01:38 ; elapsed = 00:01:57 . Memory (MB): peak = 1239.738 ; gain = 308.555 ; free physical = 1323 ; free virtual = 11930
INFO: [Device 21-403] Loading part xc7z010clg400-1
Constraint Validation Runtime : Time (s): cpu = 00:00:00.21 ; elapsed = 00:00:00.25 . Memory (MB): peak = 1509.547 ; gain = 0.000 ; free physical = 1512 ; free virtual = 12138
Finished Constraint Validation : Time (s): cpu = 00:02:09 ; elapsed = 00:02:36 . Memory (MB): peak = 1509.547 ; gain = 578.363 ; free physical = 1252 ; free virtual = 11929
Finished Loading Part and Timing Information : Time (s): cpu = 00:02:09 ; elapsed = 00:02:36 . Memory (MB): peak = 1509.547 ; gain = 578.363 ; free physical = 1252 ; free virtual = 11929
Finished applying 'set_property' XDC Constraints : Time (s): cpu = 00:02:09 ; elapsed = 00:02:36 . Memory (MB): peak = 1509.547 ; gain = 578.363 ; free physical = 1253 ; free virtual = 11930
Finished RTL Optimization Phase 2 : Time (s): cpu = 00:02:11 ; elapsed = 00:02:39 . Memory (MB): peak = 1509.547 ; gain = 578.363 ; free physical = 1280 ; free virtual = 11885
Finished Cross Boundary and Area Optimization : Time (s): cpu = 00:02:17 ; elapsed = 00:02:46 . Memory (MB): peak = 1509.547 ; gain = 578.363 ; free physical = 1155 ; free virtual = 11760
Finished Applying XDC Timing Constraints : Time (s): cpu = 00:02:42 ; elapsed = 00:03:17 . Memory (MB): peak = 1509.547 ; gain = 578.363 ; free physical = 1155 ; free virtual = 11771
Finished Timing Optimization : Time (s): cpu = 00:02:47 ; elapsed = 00:03:22 . Memory (MB): peak = 1523.148 ; gain = 591.965 ; free physical = 1058 ; free virtual = 11675
Finished Technology Mapping : Time (s): cpu = 00:02:48 ; elapsed = 00:03:24 . Memory (MB): peak = 1531.156 ; gain = 599.973 ; free physical = 1031 ; free virtual = 11647
Finished IO Insertion : Time (s): cpu = 00:02:50 ; elapsed = 00:03:25 . Memory (MB): peak = 1531.156 ; gain = 599.973 ; free physical = 1018 ; free virtual = 11635
Finished Renaming Generated Instances : Time (s): cpu = 00:02:50 ; elapsed = 00:03:25 . Memory (MB): peak = 1531.156 ; gain = 599.973 ; free physical = 1018 ; free virtual = 11635
Finished Rebuilding User Hierarchy : Time (s): cpu = 00:02:50 ; elapsed = 00:03:26 . Memory (MB): peak = 1531.156 ; gain = 599.973 ; free physical = 1007 ; free virtual = 11624
Finished Renaming Generated Ports : Time (s): cpu = 00:02:50 ; elapsed = 00:03:26 . Memory (MB): peak = 1531.156 ; gain = 599.973 ; free physical = 1004 ; free virtual = 11621
Finished Handling Custom Attributes : Time (s): cpu = 00:02:51 ; elapsed = 00:03:26 . Memory (MB): peak = 1531.156 ; gain = 599.973 ; free physical = 992 ; free virtual = 11603
Finished Renaming Generated Nets : Time (s): cpu = 00:02:51 ; elapsed = 00:03:26 . Memory (MB): peak = 1531.156 ; gain = 599.973 ; free physical = 991 ; free virtual = 11602

Report Cell Usage: 
+------+--------+------+
|      |Cell    |Count |
+------+--------+------+
|1     |CARRY4  |    18|
|2     |LUT1    |    38|
|3     |LUT2    |    18|
|4     |LUT3    |   235|
|5     |LUT4    |    41|
|6     |LUT5    |    70|
|7     |LUT6    |   106|
|8     |SRL16E  |    18|
|9     |SRLC32E |    47|
|10    |FDRE    |   548|
|11    |FDSE    |    51|
+------+--------+------+
Finished Writing Synthesis Report : Time (s): cpu = 00:02:51 ; elapsed = 00:03:26 . Memory (MB): peak = 1531.156 ; gain = 599.973 ; free physical = 990 ; free virtual = 11601
synth_design: Time (s): cpu = 00:02:41 ; elapsed = 00:03:12 . Memory (MB): peak = 1531.164 ; gain = 500.477 ; free physical = 914 ; free virtual = 11524
