Copyright 1986-2016 Xilinx, Inc. All Rights Reserved.
-----------------------------------------------------------------------------------------------
| Tool Version : Vivado v.2016.4 (lin64) Build 1733598 Wed Dec 14 22:35:42 MST 2016
| Date         : Fri Apr 21 18:37:38 2017
| Host         : ux305 running 64-bit Debian GNU/Linux 9.0 (stretch)
| Command      : report_control_sets -verbose -file iq_pid_vco_wrapper_control_sets_placed.rpt
| Design       : iq_pid_vco_wrapper
| Device       : xc7z010
-----------------------------------------------------------------------------------------------

Control Set Information

Table of Contents
-----------------
1. Summary
2. Flip-Flop Distribution
3. Detailed Control Set Information

1. Summary
----------

+----------------------------------------------------------+-------+
|                          Status                          | Count |
+----------------------------------------------------------+-------+
| Number of unique control sets                            |   186 |
| Unused register locations in slices containing registers |   421 |
+----------------------------------------------------------+-------+


2. Flip-Flop Distribution
-------------------------

+--------------+-----------------------+------------------------+-----------------+--------------+
| Clock Enable | Synchronous Set/Reset | Asynchronous Set/Reset | Total Registers | Total Slices |
+--------------+-----------------------+------------------------+-----------------+--------------+
| No           | No                    | No                     |            1687 |          433 |
| No           | No                    | Yes                    |               5 |            3 |
| No           | Yes                   | No                     |             341 |          112 |
| Yes          | No                    | No                     |            2934 |          707 |
| Yes          | No                    | Yes                    |             316 |           98 |
| Yes          | Yes                   | No                     |             408 |          130 |
+--------------+-----------------------+------------------------+-----------------+--------------+


3. Detailed Control Set Information
-----------------------------------

+-----------------------------------------+------------------------------------------------------------------------------------------------------------------------------------------------------+---------------------------------------------------------------------------------------------------------------------------------+------------------+----------------+
|               Clock Signal              |                                                                     Enable Signal                                                                    |                                                         Set/Reset Signal                                                        | Slice Load Count | Bel Load Count |
+-----------------------------------------+------------------------------------------------------------------------------------------------------------------------------------------------------+---------------------------------------------------------------------------------------------------------------------------------+------------------+----------------+
|  redpitaya_adc_dac_clk_0/inst/adc_clk_o |                                                                                                                                                      | ltc2145_0/U0/ltc2145_capture_inst/adc_data_en_i_1_n_0                                                                           |                1 |              1 |
|  processing_system7_0/inst/FCLK_CLK0    | axi_interconnect_0/s00_couplers/auto_pc/inst/gen_axilite.gen_b2s_conv.axilite_b2s/WR.b_channel_0/bid_fifo_0/bresp_push                               |                                                                                                                                 |                1 |              2 |
|  processing_system7_0/inst/FCLK_CLK0    | axi_interconnect_0/s00_couplers/auto_pc/inst/gen_axilite.gen_b2s_conv.axilite_b2s/RD.ar_channel_0/ar_cmd_fsm_0/axaddr_incr_reg[11]                   |                                                                                                                                 |                1 |              4 |
|  processing_system7_0/inst/FCLK_CLK0    | axi_interconnect_0/s00_couplers/auto_pc/inst/gen_axilite.gen_b2s_conv.axilite_b2s/RD.ar_channel_0/ar_cmd_fsm_0/axlen_cnt_reg[3][0]                   | axi_interconnect_0/s00_couplers/auto_pc/inst/gen_axilite.gen_b2s_conv.axilite_b2s/RD.ar_channel_0/ar_cmd_fsm_0/axlen_cnt_reg[7] |                1 |              4 |
|  processing_system7_0/inst/FCLK_CLK0    |                                                                                                                                                      | axi_interconnect_0/s00_couplers/auto_pc/inst/gen_axilite.gen_b2s_conv.axilite_b2s/SI_REG/ar_pipe/m_valid_i_reg_0                |                4 |              4 |
|  processing_system7_0/inst/FCLK_CLK0    | axi_interconnect_0/s00_couplers/auto_pc/inst/gen_axilite.gen_b2s_conv.axilite_b2s/RD.ar_channel_0/ar_cmd_fsm_0/E[0]                                  |                                                                                                                                 |                2 |              4 |
|  processing_system7_0/inst/FCLK_CLK0    |                                                                                                                                                      | axi_interconnect_0/s00_couplers/auto_pc/inst/gen_axilite.gen_b2s_conv.axilite_b2s/SI_REG/aw_pipe/s_ready_i_reg_0                |                4 |              4 |
|  processing_system7_0/inst/FCLK_CLK0    | axi_interconnect_0/s00_couplers/auto_pc/inst/gen_axilite.gen_b2s_conv.axilite_b2s/WR.aw_channel_0/aw_cmd_fsm_0/E[0]                                  | axi_interconnect_0/s00_couplers/auto_pc/inst/gen_axilite.gen_b2s_conv.axilite_b2s/WR.aw_channel_0/aw_cmd_fsm_0/axlen_cnt_reg[7] |                2 |              4 |
|  processing_system7_0/inst/FCLK_CLK0    | axi_interconnect_0/s00_couplers/auto_pc/inst/gen_axilite.gen_b2s_conv.axilite_b2s/WR.aw_channel_0/aw_cmd_fsm_0/wrap_boundary_axaddr_r_reg[0][0]      |                                                                                                                                 |                2 |              4 |
|  processing_system7_0/inst/FCLK_CLK0    | axi_interconnect_0/s00_couplers/auto_pc/inst/gen_axilite.gen_b2s_conv.axilite_b2s/WR.aw_channel_0/cmd_translator_0/incr_cmd_0/axaddr_incr[0]_i_1_n_0 |                                                                                                                                 |                1 |              4 |
|  processing_system7_0/inst/FCLK_CLK0    |                                                                                                                                                      | proc_sys_reset_0/U0/EXT_LPF/lpf_int                                                                                             |                4 |              5 |
|  processing_system7_0/inst/FCLK_CLK0    | proc_sys_reset_0/U0/SEQ/seq_cnt_en                                                                                                                   | proc_sys_reset_0/U0/SEQ/SEQ_COUNTER/clear                                                                                       |                2 |              6 |
|  processing_system7_0/inst/FCLK_CLK0    | axi_interconnect_0/s00_couplers/auto_pc/inst/gen_axilite.gen_b2s_conv.axilite_b2s/WR.b_channel_0/mhandshake_r                                        | axi_interconnect_0/s00_couplers/auto_pc/inst/gen_axilite.gen_b2s_conv.axilite_b2s/WR.b_channel_0/bid_fifo_0/SR[0]               |                3 |              8 |
|  processing_system7_0/inst/FCLK_CLK0    | demod_fir/U0/handle_comm/coeff_addr_s_reg[8][0]                                                                                                      | proc_sys_reset_0/U0/peripheral_reset[0]                                                                                         |                2 |              9 |
|  processing_system7_0/inst/FCLK_CLK0    | axi_interconnect_0/s00_couplers/auto_pc/inst/gen_axilite.gen_b2s_conv.axilite_b2s/WR.aw_channel_0/aw_cmd_fsm_0/E[0]                                  |                                                                                                                                 |                4 |             12 |
|  processing_system7_0/inst/FCLK_CLK0    | axi_interconnect_0/s00_couplers/auto_pc/inst/gen_axilite.gen_b2s_conv.axilite_b2s/RD.ar_channel_0/ar_cmd_fsm_0/axlen_cnt_reg[3][0]                   |                                                                                                                                 |                4 |             12 |
|  redpitaya_adc_dac_clk_0/inst/adc_clk_o | red_pitaya_pidv3_0/U0/red_pitaya_pidv3Logic/I_s[12]_i_2_n_0                                                                                          | red_pitaya_pidv3_0/U0/red_pitaya_pidv3Logic/I_s[12]_i_1_n_0                                                                     |                2 |             13 |
|  processing_system7_0/inst/FCLK_CLK0    | axi_interconnect_0/s00_couplers/auto_pc/inst/gen_axilite.gen_b2s_conv.axilite_b2s/RD.r_channel_0/r_push_r                                            |                                                                                                                                 |                4 |             13 |
|  redpitaya_adc_dac_clk_0/inst/adc_clk_o | red_pitaya_pidv3_0/U0/red_pitaya_pidv3Logic/pid_out_s[12]_i_1_n_0                                                                                    | proc_sys_reset_0/U0/peripheral_reset[0]                                                                                         |                3 |             13 |
|  redpitaya_adc_dac_clk_0/inst/adc_clk_o | demod_fir/U0/fir_top_inst/generate_fir[52].fir_glob_inst/fir_proc_inst/data_en_o_reg_0[0]                                                            |                                                                                                                                 |                4 |             14 |
|  redpitaya_adc_dac_clk_0/inst/adc_clk_o | demod_fir/U0/fir_top_inst/generate_fir[51].fir_glob_inst/fir_proc_inst/data_en_o_reg_0[0]                                                            |                                                                                                                                 |                3 |             14 |
|  redpitaya_adc_dac_clk_0/inst/adc_clk_o | demod_fir/U0/fir_top_inst/generate_fir[51].fir_glob_inst/fir_proc_inst/E[0]                                                                          |                                                                                                                                 |                2 |             14 |
|  redpitaya_adc_dac_clk_0/inst/adc_clk_o | demod_fir/U0/fir_top_inst/generate_fir[49].fir_glob_inst/fir_proc_inst/E[0]                                                                          |                                                                                                                                 |                4 |             14 |
|  redpitaya_adc_dac_clk_0/inst/adc_clk_o | demod_fir/U0/fir_top_inst/generate_fir[52].fir_glob_inst/fir_proc_inst/E[0]                                                                          |                                                                                                                                 |                6 |             14 |
|  redpitaya_adc_dac_clk_0/inst/adc_clk_o | demod_fir/U0/fir_top_inst/generate_fir[53].fir_glob_inst/fir_proc_inst/data_en_o_reg_0[0]                                                            |                                                                                                                                 |                2 |             14 |
|  redpitaya_adc_dac_clk_0/inst/adc_clk_o | demod_fir/U0/fir_top_inst/generate_fir[53].fir_glob_inst/fir_proc_inst/E[0]                                                                          |                                                                                                                                 |                2 |             14 |
|  redpitaya_adc_dac_clk_0/inst/adc_clk_o | demod_fir/U0/fir_top_inst/generate_fir[54].fir_glob_inst/fir_proc_inst/data_en_o_reg_0[0]                                                            |                                                                                                                                 |                5 |             14 |
|  redpitaya_adc_dac_clk_0/inst/adc_clk_o | demod_fir/U0/fir_top_inst/generate_fir[54].fir_glob_inst/fir_proc_inst/E[0]                                                                          |                                                                                                                                 |                4 |             14 |
|  redpitaya_adc_dac_clk_0/inst/adc_clk_o | demod_fir/U0/fir_top_inst/generate_fir[5].fir_glob_inst/fir_proc_inst/data_en_o_reg_0[0]                                                             |                                                                                                                                 |                4 |             14 |
|  redpitaya_adc_dac_clk_0/inst/adc_clk_o | demod_fir/U0/fir_top_inst/generate_fir[5].fir_glob_inst/fir_proc_inst/E[0]                                                                           |                                                                                                                                 |                3 |             14 |
|  redpitaya_adc_dac_clk_0/inst/adc_clk_o | demod_fir/U0/fir_top_inst/generate_fir[46].fir_glob_inst/fir_proc_inst/data_en_o_reg_0[0]                                                            |                                                                                                                                 |                4 |             14 |
|  redpitaya_adc_dac_clk_0/inst/adc_clk_o | demod_fir/U0/fir_top_inst/generate_fir[41].fir_glob_inst/fir_proc_inst/E[0]                                                                          |                                                                                                                                 |                2 |             14 |
|  redpitaya_adc_dac_clk_0/inst/adc_clk_o | demod_fir/U0/fir_top_inst/generate_fir[42].fir_glob_inst/fir_proc_inst/E[0]                                                                          |                                                                                                                                 |                2 |             14 |
|  redpitaya_adc_dac_clk_0/inst/adc_clk_o | demod_fir/U0/fir_top_inst/generate_fir[42].fir_glob_inst/fir_proc_inst/data_en_o_reg_0[0]                                                            |                                                                                                                                 |                4 |             14 |
|  redpitaya_adc_dac_clk_0/inst/adc_clk_o | demod_fir/U0/fir_top_inst/generate_fir[43].fir_glob_inst/fir_proc_inst/data_en_o_reg_0[0]                                                            |                                                                                                                                 |                4 |             14 |
|  redpitaya_adc_dac_clk_0/inst/adc_clk_o | demod_fir/U0/fir_top_inst/generate_fir[43].fir_glob_inst/fir_proc_inst/E[0]                                                                          |                                                                                                                                 |                3 |             14 |
|  redpitaya_adc_dac_clk_0/inst/adc_clk_o | demod_fir/U0/fir_top_inst/generate_fir[44].fir_glob_inst/fir_proc_inst/data_en_o_reg_0[0]                                                            |                                                                                                                                 |                2 |             14 |
|  redpitaya_adc_dac_clk_0/inst/adc_clk_o | demod_fir/U0/fir_top_inst/generate_fir[44].fir_glob_inst/fir_proc_inst/E[0]                                                                          |                                                                                                                                 |                2 |             14 |
|  redpitaya_adc_dac_clk_0/inst/adc_clk_o | demod_fir/U0/fir_top_inst/generate_fir[45].fir_glob_inst/fir_proc_inst/data_en_o_reg_0[0]                                                            |                                                                                                                                 |                4 |             14 |
|  redpitaya_adc_dac_clk_0/inst/adc_clk_o | demod_fir/U0/fir_top_inst/generate_fir[45].fir_glob_inst/fir_proc_inst/E[0]                                                                          |                                                                                                                                 |                5 |             14 |
|  redpitaya_adc_dac_clk_0/inst/adc_clk_o | demod_fir/U0/fir_top_inst/generate_fir[50].fir_glob_inst/fir_proc_inst/E[0]                                                                          |                                                                                                                                 |                2 |             14 |
|  redpitaya_adc_dac_clk_0/inst/adc_clk_o | demod_fir/U0/fir_top_inst/generate_fir[46].fir_glob_inst/fir_proc_inst/E[0]                                                                          |                                                                                                                                 |                3 |             14 |
|  redpitaya_adc_dac_clk_0/inst/adc_clk_o | demod_fir/U0/fir_top_inst/generate_fir[47].fir_glob_inst/fir_proc_inst/data_en_o_reg_0[0]                                                            |                                                                                                                                 |                4 |             14 |
|  redpitaya_adc_dac_clk_0/inst/adc_clk_o | demod_fir/U0/fir_top_inst/generate_fir[48].fir_glob_inst/fir_proc_inst/data_en_o_reg_0[0]                                                            |                                                                                                                                 |                2 |             14 |
|  redpitaya_adc_dac_clk_0/inst/adc_clk_o | demod_fir/U0/fir_top_inst/generate_fir[48].fir_glob_inst/fir_proc_inst/E[0]                                                                          |                                                                                                                                 |                3 |             14 |
|  redpitaya_adc_dac_clk_0/inst/adc_clk_o | demod_fir/U0/fir_top_inst/generate_fir[49].fir_glob_inst/fir_proc_inst/data_en_o_reg_0[0]                                                            |                                                                                                                                 |                4 |             14 |
|  redpitaya_adc_dac_clk_0/inst/adc_clk_o | red_pitaya_pidv3_0/U0/red_pitaya_pidv3Logic/data_en_o                                                                                                | proc_sys_reset_0/U0/peripheral_reset[0]                                                                                         |                4 |             14 |
|  redpitaya_adc_dac_clk_0/inst/adc_clk_o | demod_fir/U0/fir_top_inst/generate_fir[4].fir_glob_inst/fir_proc_inst/data_en_o_reg_0[0]                                                             |                                                                                                                                 |                3 |             14 |
|  redpitaya_adc_dac_clk_0/inst/adc_clk_o | demod_fir/U0/fir_top_inst/generate_fir[4].fir_glob_inst/fir_proc_inst/E[0]                                                                           |                                                                                                                                 |                3 |             14 |
|  redpitaya_adc_dac_clk_0/inst/adc_clk_o | demod_fir/U0/fir_top_inst/generate_fir[50].fir_glob_inst/fir_proc_inst/data_en_o_reg_0[0]                                                            |                                                                                                                                 |                2 |             14 |
|  processing_system7_0/inst/FCLK_CLK0    | dds_offset/U0/add_constHandComm/E[0]                                                                                                                 | proc_sys_reset_0/U0/peripheral_reset[0]                                                                                         |                4 |             14 |
|  processing_system7_0/inst/FCLK_CLK0    | pid_setpoint/U0/add_constHandComm/E[0]                                                                                                               | proc_sys_reset_0/U0/peripheral_reset[0]                                                                                         |                2 |             14 |
|  processing_system7_0/inst/FCLK_CLK0    | pid_setpoint/U0/add_constHandComm/readdata_s_reg[0][0]                                                                                               | proc_sys_reset_0/U0/peripheral_reset[0]                                                                                         |                6 |             14 |
|  processing_system7_0/inst/FCLK_CLK0    | pid_kp/U0/add_constHandComm/E[0]                                                                                                                     | proc_sys_reset_0/U0/peripheral_reset[0]                                                                                         |                4 |             14 |
|  processing_system7_0/inst/FCLK_CLK0    | pid_kp/U0/add_constHandComm/readdata_s_reg[0][0]                                                                                                     | proc_sys_reset_0/U0/peripheral_reset[0]                                                                                         |                8 |             14 |
|  processing_system7_0/inst/FCLK_CLK0    | pid_ki/U0/add_constHandComm/E[0]                                                                                                                     | proc_sys_reset_0/U0/peripheral_reset[0]                                                                                         |                2 |             14 |
|  processing_system7_0/inst/FCLK_CLK0    | pid_ki/U0/add_constHandComm/readdata_s_reg[0][0]                                                                                                     | proc_sys_reset_0/U0/peripheral_reset[0]                                                                                         |                5 |             14 |
|  processing_system7_0/inst/FCLK_CLK0    | pid_kd/U0/add_constHandComm/E[0]                                                                                                                     | proc_sys_reset_0/U0/peripheral_reset[0]                                                                                         |                2 |             14 |
|  processing_system7_0/inst/FCLK_CLK0    | pid_kd/U0/add_constHandComm/readdata_s_reg[0][0]                                                                                                     | proc_sys_reset_0/U0/peripheral_reset[0]                                                                                         |                7 |             14 |
|  processing_system7_0/inst/FCLK_CLK0    | adc1_offset/U0/add_constHandComm/readdata_s_reg[0][0]                                                                                                | proc_sys_reset_0/U0/peripheral_reset[0]                                                                                         |                5 |             14 |
|  processing_system7_0/inst/FCLK_CLK0    | adc1_offset/U0/add_constHandComm/E[0]                                                                                                                | proc_sys_reset_0/U0/peripheral_reset[0]                                                                                         |                2 |             14 |
|  processing_system7_0/inst/FCLK_CLK0    | dac2_offset/U0/add_constHandComm/readdata_s_reg[0][0]                                                                                                | proc_sys_reset_0/U0/peripheral_reset[0]                                                                                         |                4 |             14 |
|  processing_system7_0/inst/FCLK_CLK0    | dac2_offset/U0/add_constHandComm/E[0]                                                                                                                | proc_sys_reset_0/U0/peripheral_reset[0]                                                                                         |                2 |             14 |
|  processing_system7_0/inst/FCLK_CLK0    | dds_ampl/U0/add_constHandComm/readdata_s_reg[0][0]                                                                                                   | proc_sys_reset_0/U0/peripheral_reset[0]                                                                                         |                6 |             14 |
|  processing_system7_0/inst/FCLK_CLK0    | dds_ampl/U0/add_constHandComm/E[0]                                                                                                                   | proc_sys_reset_0/U0/peripheral_reset[0]                                                                                         |                3 |             14 |
|  processing_system7_0/inst/FCLK_CLK0    | dds_offset/U0/add_constHandComm/readdata_s_reg[0][0]                                                                                                 | proc_sys_reset_0/U0/peripheral_reset[0]                                                                                         |                5 |             14 |
|  redpitaya_adc_dac_clk_0/inst/adc_clk_o | demod_fir/U0/fir_top_inst/generate_fir[6].fir_glob_inst/fir_proc_inst/data_en_o_reg_0[0]                                                             |                                                                                                                                 |                2 |             14 |
|  processing_system7_0/inst/FCLK_CLK0    | dds_range/U0/add_constHandComm/readdata_s_reg[0][0]                                                                                                  | proc_sys_reset_0/U0/peripheral_reset[0]                                                                                         |                8 |             14 |
|  processing_system7_0/inst/FCLK_CLK0    | dds_range/U0/add_constHandComm/E[0]                                                                                                                  | proc_sys_reset_0/U0/peripheral_reset[0]                                                                                         |                2 |             14 |
|  processing_system7_0/inst/FCLK_CLK0    | axi_interconnect_0/s00_couplers/auto_pc/inst/gen_axilite.gen_b2s_conv.axilite_b2s/SI_REG/b_pipe/p_1_in                                               |                                                                                                                                 |                2 |             14 |
|  processing_system7_0/inst/FCLK_CLK0    | axi_interconnect_0/s00_couplers/auto_pc/inst/gen_axilite.gen_b2s_conv.axilite_b2s/SI_REG/b_pipe/skid_buffer_reg[0]_0                                 |                                                                                                                                 |                2 |             14 |
|  redpitaya_adc_dac_clk_0/inst/adc_clk_o | demod_fir/U0/fir_top_inst/generate_fir[47].fir_glob_inst/fir_proc_inst/E[0]                                                                          |                                                                                                                                 |                5 |             14 |
|  redpitaya_adc_dac_clk_0/inst/adc_clk_o | twoInMult_dds_ampl/U0/data_en_o                                                                                                                      | proc_sys_reset_0/U0/peripheral_reset[0]                                                                                         |                4 |             14 |
|  redpitaya_adc_dac_clk_0/inst/adc_clk_o | demod_fir/U0/fir_top_inst/data_en_o                                                                                                                  | proc_sys_reset_0/U0/peripheral_reset[0]                                                                                         |                4 |             14 |
|  redpitaya_adc_dac_clk_0/inst/adc_clk_o | demod_fir/U0/fir_top_inst/generate_fir[9].fir_glob_inst/fir_proc_inst/E[0]                                                                           |                                                                                                                                 |                3 |             14 |
|  redpitaya_adc_dac_clk_0/inst/adc_clk_o | demod_fir/U0/fir_top_inst/generate_fir[9].fir_glob_inst/fir_proc_inst/data_en_o_reg_0[0]                                                             |                                                                                                                                 |                2 |             14 |
|  redpitaya_adc_dac_clk_0/inst/adc_clk_o | demod_fir/U0/fir_top_inst/generate_fir[8].fir_glob_inst/fir_proc_inst/E[0]                                                                           |                                                                                                                                 |                2 |             14 |
|  redpitaya_adc_dac_clk_0/inst/adc_clk_o | demod_fir/U0/fir_top_inst/generate_fir[8].fir_glob_inst/fir_proc_inst/data_en_o_reg_0[0]                                                             |                                                                                                                                 |                4 |             14 |
|  redpitaya_adc_dac_clk_0/inst/adc_clk_o | demod_fir/U0/fir_top_inst/generate_fir[7].fir_glob_inst/fir_proc_inst/E[0]                                                                           |                                                                                                                                 |                4 |             14 |
|  redpitaya_adc_dac_clk_0/inst/adc_clk_o | demod_fir/U0/fir_top_inst/generate_fir[7].fir_glob_inst/fir_proc_inst/data_en_o_reg_0[0]                                                             |                                                                                                                                 |                3 |             14 |
|  redpitaya_adc_dac_clk_0/inst/adc_clk_o | demod_fir/U0/fir_top_inst/generate_fir[6].fir_glob_inst/fir_proc_inst/E[0]                                                                           |                                                                                                                                 |                2 |             14 |
|  redpitaya_adc_dac_clk_0/inst/adc_clk_o | demod_fir/U0/fir_top_inst/generate_fir[21].fir_glob_inst/fir_proc_inst/data_en_o_reg_0[0]                                                            |                                                                                                                                 |                2 |             14 |
|  redpitaya_adc_dac_clk_0/inst/adc_clk_o | demod_fir/U0/fir_top_inst/generate_fir[17].fir_glob_inst/fir_proc_inst/E[0]                                                                          |                                                                                                                                 |                4 |             14 |
|  redpitaya_adc_dac_clk_0/inst/adc_clk_o | demod_fir/U0/fir_top_inst/generate_fir[18].fir_glob_inst/fir_proc_inst/E[0]                                                                          |                                                                                                                                 |                4 |             14 |
|  redpitaya_adc_dac_clk_0/inst/adc_clk_o | demod_fir/U0/fir_top_inst/generate_fir[18].fir_glob_inst/fir_proc_inst/data_en_o_reg_0[0]                                                            |                                                                                                                                 |                4 |             14 |
|  redpitaya_adc_dac_clk_0/inst/adc_clk_o | demod_fir/U0/fir_top_inst/generate_fir[19].fir_glob_inst/fir_proc_inst/data_en_o_reg_0[0]                                                            |                                                                                                                                 |                3 |             14 |
|  redpitaya_adc_dac_clk_0/inst/adc_clk_o | demod_fir/U0/fir_top_inst/generate_fir[19].fir_glob_inst/fir_proc_inst/E[0]                                                                          |                                                                                                                                 |                5 |             14 |
|  redpitaya_adc_dac_clk_0/inst/adc_clk_o | demod_fir/U0/fir_top_inst/generate_fir[1].fir_glob_inst/fir_proc_inst/E[0]                                                                           |                                                                                                                                 |                4 |             14 |
|  redpitaya_adc_dac_clk_0/inst/adc_clk_o | demod_fir/U0/fir_top_inst/generate_fir[1].fir_glob_inst/fir_proc_inst/data_en_o_reg_0[0]                                                             |                                                                                                                                 |                3 |             14 |
|  redpitaya_adc_dac_clk_0/inst/adc_clk_o | demod_fir/U0/fir_top_inst/generate_fir[20].fir_glob_inst/fir_proc_inst/data_en_o_reg_0[0]                                                            |                                                                                                                                 |                4 |             14 |
|  redpitaya_adc_dac_clk_0/inst/adc_clk_o | demod_fir/U0/fir_top_inst/generate_fir[20].fir_glob_inst/fir_proc_inst/E[0]                                                                          |                                                                                                                                 |                3 |             14 |
|  redpitaya_adc_dac_clk_0/inst/adc_clk_o | demod_fir/U0/fir_top_inst/generate_fir[17].fir_glob_inst/fir_proc_inst/data_en_o_reg_0[0]                                                            |                                                                                                                                 |                4 |             14 |
|  redpitaya_adc_dac_clk_0/inst/adc_clk_o | demod_fir/U0/fir_top_inst/generate_fir[21].fir_glob_inst/fir_proc_inst/E[0]                                                                          |                                                                                                                                 |                3 |             14 |
|  redpitaya_adc_dac_clk_0/inst/adc_clk_o | demod_fir/U0/fir_top_inst/generate_fir[22].fir_glob_inst/fir_proc_inst/data_en_o_reg_0[0]                                                            |                                                                                                                                 |                4 |             14 |
|  redpitaya_adc_dac_clk_0/inst/adc_clk_o | demod_fir/U0/fir_top_inst/generate_fir[22].fir_glob_inst/fir_proc_inst/E[0]                                                                          |                                                                                                                                 |                2 |             14 |
|  redpitaya_adc_dac_clk_0/inst/adc_clk_o | demod_fir/U0/fir_top_inst/generate_fir[23].fir_glob_inst/fir_proc_inst/data_en_o_reg_0[0]                                                            |                                                                                                                                 |                4 |             14 |
|  redpitaya_adc_dac_clk_0/inst/adc_clk_o | demod_fir/U0/fir_top_inst/generate_fir[23].fir_glob_inst/fir_proc_inst/E[0]                                                                          |                                                                                                                                 |                4 |             14 |
|  redpitaya_adc_dac_clk_0/inst/adc_clk_o | demod_fir/U0/fir_top_inst/generate_fir[24].fir_glob_inst/fir_proc_inst/data_en_o_reg_0[0]                                                            |                                                                                                                                 |                2 |             14 |
|  redpitaya_adc_dac_clk_0/inst/adc_clk_o | demod_fir/U0/fir_top_inst/generate_fir[24].fir_glob_inst/fir_proc_inst/E[0]                                                                          |                                                                                                                                 |                3 |             14 |
|  redpitaya_adc_dac_clk_0/inst/adc_clk_o | demod_fir/U0/fir_top_inst/generate_fir[25].fir_glob_inst/fir_proc_inst/E[0]                                                                          |                                                                                                                                 |                4 |             14 |
|  redpitaya_adc_dac_clk_0/inst/adc_clk_o | demod_fir/U0/fir_top_inst/generate_fir[25].fir_glob_inst/fir_proc_inst/data_en_o_reg_0[0]                                                            |                                                                                                                                 |                3 |             14 |
|  redpitaya_adc_dac_clk_0/inst/adc_clk_o | demod_fir/U0/fir_top_inst/generate_fir[0].fir_glob_inst/fir_proc_inst/data_en_o_reg_0[0]                                                             |                                                                                                                                 |                2 |             14 |
|  redpitaya_adc_dac_clk_0/inst/dac_clk_o | dds_offset/U0/add_constLogic/data_en_o                                                                                                               |                                                                                                                                 |                3 |             14 |
|  redpitaya_adc_dac_clk_0/inst/dac_clk_o | dac2_offset/U0/add_constLogic/data_en_o                                                                                                              |                                                                                                                                 |                4 |             14 |
|  redpitaya_adc_dac_clk_0/inst/adc_clk_o | demod_fir/U0/fir_top_inst/generate_fir[12].fir_glob_inst/fir_proc_inst/E[0]                                                                          |                                                                                                                                 |                4 |             14 |
|  redpitaya_adc_dac_clk_0/inst/adc_clk_o | demod_fir/U0/fir_top_inst/generate_fir[12].fir_glob_inst/fir_proc_inst/data_en_o_reg_0[0]                                                            |                                                                                                                                 |                3 |             14 |
|  redpitaya_adc_dac_clk_0/inst/adc_clk_o | demod_fir/U0/fir_top_inst/generate_fir[11].fir_glob_inst/fir_proc_inst/E[0]                                                                          |                                                                                                                                 |                4 |             14 |
|  redpitaya_adc_dac_clk_0/inst/adc_clk_o | demod_fir/U0/fir_top_inst/generate_fir[11].fir_glob_inst/fir_proc_inst/data_en_o_reg_0[0]                                                            |                                                                                                                                 |                4 |             14 |
|  redpitaya_adc_dac_clk_0/inst/adc_clk_o | demod_fir/U0/fir_top_inst/generate_fir[10].fir_glob_inst/fir_proc_inst/data_en_o_reg_0[0]                                                            |                                                                                                                                 |                4 |             14 |
|  redpitaya_adc_dac_clk_0/inst/adc_clk_o | demod_fir/U0/fir_top_inst/generate_fir[10].fir_glob_inst/fir_proc_inst/E[0]                                                                          |                                                                                                                                 |                3 |             14 |
|  redpitaya_adc_dac_clk_0/inst/adc_clk_o | demod_fir/U0/fir_top_inst/generate_fir[0].fir_glob_inst/fir_proc_inst/E[0]                                                                           |                                                                                                                                 |                2 |             14 |
|  redpitaya_adc_dac_clk_0/inst/adc_clk_o | demod_fir/U0/fir_top_inst/generate_fir[41].fir_glob_inst/fir_proc_inst/data_en_o_reg_0[0]                                                            |                                                                                                                                 |                3 |             14 |
|  redpitaya_adc_dac_clk_0/inst/adc_clk_o | demod_fir/U0/fir_top_inst/generate_fir[13].fir_glob_inst/fir_proc_inst/E[0]                                                                          |                                                                                                                                 |                3 |             14 |
|  redpitaya_adc_dac_clk_0/inst/adc_clk_o | demod_fir/U0/fir_top_inst/generate_fir[13].fir_glob_inst/fir_proc_inst/data_en_o_reg_0[0]                                                            |                                                                                                                                 |                3 |             14 |
|  redpitaya_adc_dac_clk_0/inst/adc_clk_o | demod_fir/U0/fir_top_inst/generate_fir[14].fir_glob_inst/fir_proc_inst/data_en_o_reg_0[0]                                                            |                                                                                                                                 |                4 |             14 |
|  redpitaya_adc_dac_clk_0/inst/adc_clk_o | demod_fir/U0/fir_top_inst/generate_fir[14].fir_glob_inst/fir_proc_inst/E[0]                                                                          |                                                                                                                                 |                4 |             14 |
|  redpitaya_adc_dac_clk_0/inst/adc_clk_o | demod_fir/U0/fir_top_inst/generate_fir[15].fir_glob_inst/fir_proc_inst/data_en_o_reg_0[0]                                                            |                                                                                                                                 |                4 |             14 |
|  redpitaya_adc_dac_clk_0/inst/adc_clk_o | demod_fir/U0/fir_top_inst/generate_fir[15].fir_glob_inst/fir_proc_inst/E[0]                                                                          |                                                                                                                                 |                3 |             14 |
|  redpitaya_adc_dac_clk_0/inst/adc_clk_o | demod_fir/U0/fir_top_inst/generate_fir[16].fir_glob_inst/fir_proc_inst/data_en_o_reg_0[0]                                                            |                                                                                                                                 |                5 |             14 |
|  redpitaya_adc_dac_clk_0/inst/adc_clk_o | demod_fir/U0/fir_top_inst/generate_fir[16].fir_glob_inst/fir_proc_inst/E[0]                                                                          |                                                                                                                                 |                5 |             14 |
|  redpitaya_adc_dac_clk_0/inst/adc_clk_o | demod_fir/U0/fir_top_inst/generate_fir[36].fir_glob_inst/fir_proc_inst/E[0]                                                                          |                                                                                                                                 |                2 |             14 |
|  redpitaya_adc_dac_clk_0/inst/adc_clk_o | demod_fir/U0/fir_top_inst/generate_fir[31].fir_glob_inst/fir_proc_inst/E[0]                                                                          |                                                                                                                                 |                4 |             14 |
|  redpitaya_adc_dac_clk_0/inst/adc_clk_o | demod_fir/U0/fir_top_inst/generate_fir[32].fir_glob_inst/fir_proc_inst/data_en_o_reg_0[0]                                                            |                                                                                                                                 |                3 |             14 |
|  redpitaya_adc_dac_clk_0/inst/adc_clk_o | demod_fir/U0/fir_top_inst/generate_fir[32].fir_glob_inst/fir_proc_inst/E[0]                                                                          |                                                                                                                                 |                2 |             14 |
|  redpitaya_adc_dac_clk_0/inst/adc_clk_o | demod_fir/U0/fir_top_inst/generate_fir[33].fir_glob_inst/fir_proc_inst/data_en_o_reg_0[0]                                                            |                                                                                                                                 |                4 |             14 |
|  redpitaya_adc_dac_clk_0/inst/adc_clk_o | demod_fir/U0/fir_top_inst/generate_fir[33].fir_glob_inst/fir_proc_inst/E[0]                                                                          |                                                                                                                                 |                4 |             14 |
|  redpitaya_adc_dac_clk_0/inst/adc_clk_o | demod_fir/U0/fir_top_inst/generate_fir[34].fir_glob_inst/fir_proc_inst/data_en_o_reg_0[0]                                                            |                                                                                                                                 |                4 |             14 |
|  redpitaya_adc_dac_clk_0/inst/adc_clk_o | demod_fir/U0/fir_top_inst/generate_fir[34].fir_glob_inst/fir_proc_inst/E[0]                                                                          |                                                                                                                                 |                3 |             14 |
|  redpitaya_adc_dac_clk_0/inst/adc_clk_o | demod_fir/U0/fir_top_inst/generate_fir[34].fir_glob_inst/data_out_s_reg[0]_0[0]                                                                      |                                                                                                                                 |                7 |             14 |
|  redpitaya_adc_dac_clk_0/inst/adc_clk_o | demod_fir/U0/fir_top_inst/generate_fir[35].fir_glob_inst/fir_proc_inst/data_en_o_reg_0[0]                                                            |                                                                                                                                 |                3 |             14 |
|  redpitaya_adc_dac_clk_0/inst/adc_clk_o | demod_fir/U0/fir_top_inst/generate_fir[35].fir_glob_inst/fir_proc_inst/E[0]                                                                          |                                                                                                                                 |                2 |             14 |
|  redpitaya_adc_dac_clk_0/inst/adc_clk_o | demod_mixer/U0/data_en_o                                                                                                                             |                                                                                                                                 |                3 |             14 |
|  redpitaya_adc_dac_clk_0/inst/adc_clk_o | demod_fir/U0/fir_top_inst/generate_fir[26].fir_glob_inst/fir_proc_inst/data_en_o_reg_0[0]                                                            |                                                                                                                                 |                3 |             14 |
|  redpitaya_adc_dac_clk_0/inst/adc_clk_o | demod_fir/U0/fir_top_inst/generate_fir[36].fir_glob_inst/fir_proc_inst/data_en_o_reg_0[0]                                                            |                                                                                                                                 |                2 |             14 |
|  redpitaya_adc_dac_clk_0/inst/adc_clk_o | demod_fir/U0/fir_top_inst/generate_fir[37].fir_glob_inst/fir_proc_inst/data_en_o_reg_0[0]                                                            |                                                                                                                                 |                3 |             14 |
|  redpitaya_adc_dac_clk_0/inst/adc_clk_o | demod_fir/U0/fir_top_inst/generate_fir[37].fir_glob_inst/fir_proc_inst/E[0]                                                                          |                                                                                                                                 |                2 |             14 |
|  redpitaya_adc_dac_clk_0/inst/adc_clk_o | demod_fir/U0/fir_top_inst/generate_fir[38].fir_glob_inst/fir_proc_inst/data_en_o_reg_0[0]                                                            |                                                                                                                                 |                4 |             14 |
|  redpitaya_adc_dac_clk_0/inst/adc_clk_o | demod_fir/U0/fir_top_inst/generate_fir[38].fir_glob_inst/fir_proc_inst/E[0]                                                                          |                                                                                                                                 |                2 |             14 |
|  redpitaya_adc_dac_clk_0/inst/adc_clk_o | demod_fir/U0/fir_top_inst/generate_fir[39].fir_glob_inst/fir_proc_inst/data_en_o_reg_0[0]                                                            |                                                                                                                                 |                3 |             14 |
|  redpitaya_adc_dac_clk_0/inst/adc_clk_o | demod_fir/U0/fir_top_inst/generate_fir[39].fir_glob_inst/fir_proc_inst/E[0]                                                                          |                                                                                                                                 |                2 |             14 |
|  redpitaya_adc_dac_clk_0/inst/adc_clk_o | demod_fir/U0/fir_top_inst/generate_fir[3].fir_glob_inst/fir_proc_inst/E[0]                                                                           |                                                                                                                                 |                2 |             14 |
|  redpitaya_adc_dac_clk_0/inst/adc_clk_o | demod_fir/U0/fir_top_inst/generate_fir[3].fir_glob_inst/fir_proc_inst/data_en_o_reg_0[0]                                                             |                                                                                                                                 |                6 |             14 |
|  redpitaya_adc_dac_clk_0/inst/adc_clk_o | demod_fir/U0/fir_top_inst/generate_fir[40].fir_glob_inst/fir_proc_inst/data_en_o_reg_0[0]                                                            |                                                                                                                                 |                3 |             14 |
|  redpitaya_adc_dac_clk_0/inst/adc_clk_o | demod_fir/U0/fir_top_inst/generate_fir[40].fir_glob_inst/fir_proc_inst/E[0]                                                                          |                                                                                                                                 |                2 |             14 |
|  redpitaya_adc_dac_clk_0/inst/adc_clk_o | demod_fir/U0/fir_top_inst/generate_fir[31].fir_glob_inst/fir_proc_inst/data_en_o_reg_0[0]                                                            |                                                                                                                                 |                3 |             14 |
|  redpitaya_adc_dac_clk_0/inst/adc_clk_o | demod_fir/U0/fir_top_inst/generate_fir[30].fir_glob_inst/fir_proc_inst/E[0]                                                                          |                                                                                                                                 |                3 |             14 |
|  redpitaya_adc_dac_clk_0/inst/adc_clk_o | demod_fir/U0/fir_top_inst/generate_fir[27].fir_glob_inst/fir_proc_inst/E[0]                                                                          |                                                                                                                                 |                6 |             14 |
|  redpitaya_adc_dac_clk_0/inst/adc_clk_o | demod_fir/U0/fir_top_inst/generate_fir[30].fir_glob_inst/fir_proc_inst/data_en_o_reg_0[0]                                                            |                                                                                                                                 |                3 |             14 |
|  redpitaya_adc_dac_clk_0/inst/adc_clk_o | demod_fir/U0/fir_top_inst/generate_fir[2].fir_glob_inst/fir_proc_inst/E[0]                                                                           |                                                                                                                                 |                5 |             14 |
|  redpitaya_adc_dac_clk_0/inst/adc_clk_o | demod_fir/U0/fir_top_inst/generate_fir[29].fir_glob_inst/fir_proc_inst/E[0]                                                                          |                                                                                                                                 |                3 |             14 |
|  redpitaya_adc_dac_clk_0/inst/adc_clk_o | demod_fir/U0/fir_top_inst/generate_fir[28].fir_glob_inst/fir_proc_inst/E[0]                                                                          |                                                                                                                                 |                4 |             14 |
|  redpitaya_adc_dac_clk_0/inst/adc_clk_o | demod_fir/U0/fir_top_inst/generate_fir[28].fir_glob_inst/fir_proc_inst/data_en_o_reg_0[0]                                                            |                                                                                                                                 |                4 |             14 |
|  redpitaya_adc_dac_clk_0/inst/adc_clk_o | demod_fir/U0/fir_top_inst/generate_fir[27].fir_glob_inst/fir_proc_inst/data_en_o_reg_0[0]                                                            |                                                                                                                                 |                3 |             14 |
|  redpitaya_adc_dac_clk_0/inst/adc_clk_o | demod_fir/U0/fir_top_inst/generate_fir[26].fir_glob_inst/fir_proc_inst/E[0]                                                                          |                                                                                                                                 |                2 |             14 |
|  redpitaya_adc_dac_clk_0/inst/adc_clk_o | demod_fir/U0/fir_top_inst/generate_fir[2].fir_glob_inst/fir_proc_inst/data_en_o_reg_0[0]                                                             |                                                                                                                                 |                5 |             14 |
|  redpitaya_adc_dac_clk_0/inst/adc_clk_o | demod_fir/U0/fir_top_inst/generate_fir[29].fir_glob_inst/fir_proc_inst/data_en_o_reg_0[0]                                                            |                                                                                                                                 |                4 |             14 |
|  processing_system7_0/inst/FCLK_CLK0    | axi_interconnect_0/s00_couplers/auto_pc/inst/gen_axilite.gen_b2s_conv.axilite_b2s/WR.aw_channel_0/aw_cmd_fsm_0/b_push                                |                                                                                                                                 |                3 |             16 |
|  processing_system7_0/inst/FCLK_CLK0    | axi_interconnect_0/xbar/inst/gen_sasd.crossbar_sasd_0/addr_arbiter_inst/p_0_in1_in                                                                   | axi_interconnect_0/xbar/inst/gen_sasd.crossbar_sasd_0/addr_arbiter_inst/reset                                                   |                7 |             18 |
|  processing_system7_0/inst/FCLK_CLK0    | demod_fir/U0/handle_comm/E[0]                                                                                                                        | proc_sys_reset_0/U0/peripheral_reset[0]                                                                                         |                6 |             25 |
|  redpitaya_adc_dac_clk_0/inst/dac_clk_o |                                                                                                                                                      |                                                                                                                                 |               10 |             29 |
|  processing_system7_0/inst/FCLK_CLK0    | dds_f0/U0/add_constHandComm/readdata_s_reg[0][0]                                                                                                     | proc_sys_reset_0/U0/peripheral_reset[0]                                                                                         |               13 |             32 |
|  processing_system7_0/inst/FCLK_CLK0    | dds_f0/U0/add_constHandComm/E[0]                                                                                                                     | proc_sys_reset_0/U0/peripheral_reset[0]                                                                                         |                8 |             32 |
|  redpitaya_adc_dac_clk_0/inst/adc_clk_o | twoInMult_dds_range/U0/data_en_o                                                                                                                     | proc_sys_reset_0/U0/peripheral_reset[0]                                                                                         |                8 |             32 |
|  processing_system7_0/inst/FCLK_CLK0    | demod_nco/U0/handle_comm/cpt_off_s_reg[0][0]                                                                                                         | proc_sys_reset_0/U0/peripheral_reset[0]                                                                                         |               10 |             32 |
|  processing_system7_0/inst/FCLK_CLK0    | demod_nco/U0/handle_comm/E[0]                                                                                                                        | proc_sys_reset_0/U0/peripheral_reset[0]                                                                                         |               18 |             32 |
|  processing_system7_0/inst/FCLK_CLK0    | demod_nco/U0/handle_comm/cpt_step_s_reg[0][0]                                                                                                        | proc_sys_reset_0/U0/peripheral_reset[0]                                                                                         |               10 |             32 |
|  processing_system7_0/inst/FCLK_CLK0    | dds_nco/U0/handle_comm/cpt_step_s_reg[0][0]                                                                                                          | proc_sys_reset_0/U0/peripheral_reset[0]                                                                                         |                9 |             32 |
|  processing_system7_0/inst/FCLK_CLK0    | dds_nco/U0/handle_comm/cpt_off_s_reg[0][0]                                                                                                           | proc_sys_reset_0/U0/peripheral_reset[0]                                                                                         |                7 |             32 |
|  processing_system7_0/inst/FCLK_CLK0    | dds_nco/U0/handle_comm/E[0]                                                                                                                          | proc_sys_reset_0/U0/peripheral_reset[0]                                                                                         |               16 |             32 |
|  processing_system7_0/inst/FCLK_CLK0    |                                                                                                                                                      | axi_interconnect_0/xbar/inst/gen_sasd.crossbar_sasd_0/addr_arbiter_inst/reset                                                   |               13 |             33 |
|  processing_system7_0/inst/FCLK_CLK0    | axi_interconnect_0/s00_couplers/auto_pc/inst/gen_axilite.gen_b2s_conv.axilite_b2s/RD.r_channel_0/rd_data_fifo_0/wr_en0                               |                                                                                                                                 |                9 |             34 |
|  processing_system7_0/inst/FCLK_CLK0    | axi_interconnect_0/xbar/inst/gen_sasd.crossbar_sasd_0/reg_slice_r/aa_rready                                                                          |                                                                                                                                 |                7 |             34 |
|  processing_system7_0/inst/FCLK_CLK0    | axi_interconnect_0/xbar/inst/gen_sasd.crossbar_sasd_0/addr_arbiter_inst/E[0]                                                                         |                                                                                                                                 |                7 |             35 |
|  redpitaya_adc_dac_clk_0/inst/adc_clk_o | ltc2145_0/U0/ltc2145_capture_inst/data_b_en_o                                                                                                        | proc_sys_reset_0/U0/peripheral_reset[0]                                                                                         |               12 |             42 |
|  processing_system7_0/inst/FCLK_CLK0    | axi_interconnect_0/s00_couplers/auto_pc/inst/gen_axilite.gen_b2s_conv.axilite_b2s/SI_REG/aw_pipe/s_axi_awready                                       |                                                                                                                                 |                9 |             43 |
|  processing_system7_0/inst/FCLK_CLK0    | axi_interconnect_0/s00_couplers/auto_pc/inst/gen_axilite.gen_b2s_conv.axilite_b2s/RD.ar_channel_0/ar_cmd_fsm_0/m_payload_i_reg[0]_1[0]               |                                                                                                                                 |                8 |             43 |
|  processing_system7_0/inst/FCLK_CLK0    | axi_interconnect_0/s00_couplers/auto_pc/inst/gen_axilite.gen_b2s_conv.axilite_b2s/SI_REG/ar_pipe/s_axi_arready                                       |                                                                                                                                 |                8 |             43 |
|  processing_system7_0/inst/FCLK_CLK0    | axi_interconnect_0/s00_couplers/auto_pc/inst/gen_axilite.gen_b2s_conv.axilite_b2s/WR.aw_channel_0/aw_cmd_fsm_0/m_payload_i_reg[0][0]                 |                                                                                                                                 |               10 |             43 |
|  processing_system7_0/inst/FCLK_CLK0    | axi_interconnect_0/s00_couplers/auto_pc/inst/gen_axilite.gen_b2s_conv.axilite_b2s/SI_REG/r_pipe/skid_buffer_reg[0]_0                                 |                                                                                                                                 |                8 |             47 |
|  processing_system7_0/inst/FCLK_CLK0    | axi_interconnect_0/s00_couplers/auto_pc/inst/gen_axilite.gen_b2s_conv.axilite_b2s/SI_REG/r_pipe/p_1_in                                               |                                                                                                                                 |                8 |             47 |
|  processing_system7_0/inst/FCLK_CLK0    |                                                                                                                                                      | axi_interconnect_0/s00_couplers/auto_pc/inst/gen_axilite.gen_b2s_conv.axilite_b2s/areset_d1                                     |               14 |             57 |
|  redpitaya_adc_dac_clk_0/inst/adc_clk_o |                                                                                                                                                      | proc_sys_reset_0/U0/peripheral_reset[0]                                                                                         |               23 |             98 |
|  processing_system7_0/inst/FCLK_CLK0    |                                                                                                                                                      | proc_sys_reset_0/U0/peripheral_reset[0]                                                                                         |               52 |            144 |
|  processing_system7_0/inst/FCLK_CLK0    |                                                                                                                                                      |                                                                                                                                 |               57 |            155 |
|  redpitaya_adc_dac_clk_0/inst/adc_clk_o | demod_fir/U0/fir_top_inst/enable_s                                                                                                                   |                                                                                                                                 |              244 |            935 |
|  redpitaya_adc_dac_clk_0/inst/adc_clk_o |                                                                                                                                                      |                                                                                                                                 |              380 |           1593 |
+-----------------------------------------+------------------------------------------------------------------------------------------------------------------------------------------------------+---------------------------------------------------------------------------------------------------------------------------------+------------------+----------------+


+--------+-----------------------+
| Fanout | Number of ControlSets |
+--------+-----------------------+
| 1      |                     1 |
| 2      |                     1 |
| 4      |                     8 |
| 5      |                     1 |
| 6      |                     1 |
| 8      |                     1 |
| 9      |                     1 |
| 12     |                     2 |
| 13     |                     3 |
| 14     |                   137 |
| 16+    |                    30 |
+--------+-----------------------+


