Copyright 1986-2016 Xilinx, Inc. All Rights Reserved.
----------------------------------------------------------------------------------------------------------------------------------------------------------------------------------------------------------------------------------------
| Tool Version     : Vivado v.2016.4 (lin64) Build 1733598 Wed Dec 14 22:35:42 MST 2016
| Date             : Wed May 16 16:02:55 2018
| Host             : ux305 running 64-bit Debian GNU/Linux testing/unstable
| Command          : report_power -file demod_pid_vco_amp_mod_pid_only_wrapper_power_routed.rpt -pb demod_pid_vco_amp_mod_pid_only_wrapper_power_summary_routed.pb -rpx demod_pid_vco_amp_mod_pid_only_wrapper_power_routed.rpx
| Design           : demod_pid_vco_amp_mod_pid_only_wrapper
| Device           : xc7z010clg400-1
| Design State     : routed
| Grade            : commercial
| Process          : typical
| Characterization : Production
----------------------------------------------------------------------------------------------------------------------------------------------------------------------------------------------------------------------------------------

Power Report

Table of Contents
-----------------
1. Summary
1.1 On-Chip Components
1.2 Power Supply Summary
1.3 Confidence Level
2. Settings
2.1 Environment
2.2 Clock Constraints
3. Detailed Reports
3.1 By Hierarchy

1. Summary
----------

+--------------------------+-------+
| Total On-Chip Power (W)  | 2.234 |
| Dynamic (W)              | 2.086 |
| Device Static (W)        | 0.148 |
| Effective TJA (C/W)      | 11.5  |
| Max Ambient (C)          | 59.2  |
| Junction Temperature (C) | 50.8  |
| Confidence Level         | Low   |
| Setting File             | ---   |
| Simulation Activity File | ---   |
| Design Nets Matched      | NA    |
+--------------------------+-------+


1.1 On-Chip Components
----------------------

+-------------------------+-----------+----------+-----------+-----------------+
| On-Chip                 | Power (W) | Used     | Available | Utilization (%) |
+-------------------------+-----------+----------+-----------+-----------------+
| Clocks                  |     0.083 |       11 |       --- |             --- |
| Slice Logic             |     0.105 |    33904 |       --- |             --- |
|   LUT as Logic          |     0.078 |    11679 |     17600 |           66.36 |
|   Register              |     0.014 |    18131 |     35200 |           51.51 |
|   CARRY4                |     0.012 |     1720 |      4400 |           39.09 |
|   LUT as Shift Register |    <0.001 |      184 |      6000 |            3.07 |
|   Others                |     0.000 |     1104 |       --- |             --- |
| Signals                 |     0.175 |    26175 |       --- |             --- |
| Block RAM               |     0.032 |     10.5 |        60 |           17.50 |
| PLL                     |     0.102 |        1 |         2 |           50.00 |
| DSPs                    |     0.098 |       68 |        80 |           85.00 |
| I/O                     |     0.214 |       49 |       100 |           49.00 |
| PS7                     |     1.277 |        1 |       --- |             --- |
| Static Power            |     0.148 |          |           |                 |
| Total                   |     2.234 |          |           |                 |
+-------------------------+-----------+----------+-----------+-----------------+


1.2 Power Supply Summary
------------------------

+-----------+-------------+-----------+-------------+------------+
| Source    | Voltage (V) | Total (A) | Dynamic (A) | Static (A) |
+-----------+-------------+-----------+-------------+------------+
| Vccint    |       1.000 |     0.509 |       0.499 |      0.009 |
| Vccaux    |       1.800 |     0.069 |       0.057 |      0.012 |
| Vcco33    |       3.300 |     0.063 |       0.062 |      0.001 |
| Vcco25    |       2.500 |     0.001 |       0.000 |      0.001 |
| Vcco18    |       1.800 |     0.001 |       0.000 |      0.001 |
| Vcco15    |       1.500 |     0.001 |       0.000 |      0.001 |
| Vcco135   |       1.350 |     0.000 |       0.000 |      0.000 |
| Vcco12    |       1.200 |     0.000 |       0.000 |      0.000 |
| Vccaux_io |       1.800 |     0.000 |       0.000 |      0.000 |
| Vccbram   |       1.000 |     0.004 |       0.003 |      0.001 |
| MGTAVcc   |       1.000 |     0.000 |       0.000 |      0.000 |
| MGTAVtt   |       1.200 |     0.000 |       0.000 |      0.000 |
| MGTVccaux |       1.800 |     0.000 |       0.000 |      0.000 |
| Vccpint   |       1.000 |     0.701 |       0.663 |      0.037 |
| Vccpaux   |       1.800 |     0.038 |       0.027 |      0.010 |
| Vccpll    |       1.800 |     0.017 |       0.014 |      0.003 |
| Vcco_ddr  |       1.500 |     0.356 |       0.354 |      0.002 |
| Vcco_mio0 |       3.300 |     0.002 |       0.001 |      0.001 |
| Vcco_mio1 |       2.500 |     0.003 |       0.002 |      0.001 |
| Vccadc    |       1.800 |     0.020 |       0.000 |      0.020 |
+-----------+-------------+-----------+-------------+------------+


1.3 Confidence Level
--------------------

+-----------------------------+------------+--------------------------------------------------------+------------------------------------------------------------------------------------------------------------+
| User Input Data             | Confidence | Details                                                | Action                                                                                                     |
+-----------------------------+------------+--------------------------------------------------------+------------------------------------------------------------------------------------------------------------+
| Design implementation state | High       | Design is routed                                       |                                                                                                            |
| Clock nodes activity        | High       | User specified more than 95% of clocks                 |                                                                                                            |
| I/O nodes activity          | Low        | More than 75% of inputs are missing user specification | Provide missing input activity with simulation results or by editing the "By Resource Type -> I/Os" view   |
| Internal nodes activity     | Medium     | User specified less than 25% of internal nodes         | Provide missing internal nodes activity with simulation results or by editing the "By Resource Type" views |
| Device models               | High       | Device models are Production                           |                                                                                                            |
|                             |            |                                                        |                                                                                                            |
| Overall confidence level    | Low        |                                                        |                                                                                                            |
+-----------------------------+------------+--------------------------------------------------------+------------------------------------------------------------------------------------------------------------+


2. Settings
-----------

2.1 Environment
---------------

+-----------------------+------------------------+
| Ambient Temp (C)      | 25.0                   |
| ThetaJA (C/W)         | 11.5                   |
| Airflow (LFM)         | 250                    |
| Heat Sink             | none                   |
| ThetaSA (C/W)         | 0.0                    |
| Board Selection       | medium (10"x10")       |
| # of Board Layers     | 8to11 (8 to 11 Layers) |
| Board Temperature (C) | 25.0                   |
+-----------------------+------------------------+


2.2 Clock Constraints
---------------------

+--------------+--------------------------------------------------+-----------------+
| Clock        | Domain                                           | Constraint (ns) |
+--------------+--------------------------------------------------+-----------------+
| adc_clk      | adc_clk_p_i                                      |             8.0 |
| clk_fpga_0   | processing_system7_0/inst/FCLK_CLK_unbuffered[0] |             8.0 |
| dac_2clk_out | redpitaya_adc_dac_clk_0/inst/dac_2clk_out        |             4.0 |
| dac_2ph_out  | redpitaya_adc_dac_clk_0/inst/dac_2ph_out         |             4.0 |
| dac_clk_fb   | redpitaya_adc_dac_clk_0/inst/dac_clk_fb          |             8.0 |
| dac_clk_out  | redpitaya_adc_dac_clk_0/inst/dac_clk_out         |             8.0 |
+--------------+--------------------------------------------------+-----------------+


3. Detailed Reports
-------------------

3.1 By Hierarchy
----------------

+------------------------------------------------+-----------+
| Name                                           | Power (W) |
+------------------------------------------------+-----------+
| demod_pid_vco_amp_mod_pid_only_wrapper         |     2.086 |
|   ad9767_0                                     |     0.005 |
|     inst                                       |     0.005 |
|   adc1_offset                                  |    <0.001 |
|     U0                                         |    <0.001 |
|       add_constHandComm                        |    <0.001 |
|       add_constLogic                           |    <0.001 |
|       wb_add_const_inst                        |    <0.001 |
|   adc2_offset                                  |    <0.001 |
|     U0                                         |    <0.001 |
|       add_constHandComm                        |    <0.001 |
|       add_constLogic                           |    <0.001 |
|       wb_add_const_inst                        |    <0.001 |
|   adder_substracter_dds_ampl_mod               |     0.001 |
|     U0                                         |     0.001 |
|   adder_substracter_mod_input_0                |     0.001 |
|     U0                                         |     0.001 |
|   adder_substracter_mod_out_pid2               |     0.001 |
|     U0                                         |     0.001 |
|   axi_interconnect_0                           |     0.008 |
|     s00_couplers                               |     0.004 |
|       auto_pc                                  |     0.004 |
|         inst                                   |     0.004 |
|           gen_axilite.gen_b2s_conv.axilite_b2s |     0.004 |
|             RD.ar_channel_0                    |    <0.001 |
|               ar_cmd_fsm_0                     |    <0.001 |
|               cmd_translator_0                 |    <0.001 |
|                 incr_cmd_0                     |    <0.001 |
|                 wrap_cmd_0                     |    <0.001 |
|             RD.r_channel_0                     |     0.001 |
|               rd_data_fifo_0                   |    <0.001 |
|               transaction_fifo_0               |    <0.001 |
|             SI_REG                             |     0.002 |
|               ar_pipe                          |    <0.001 |
|               aw_pipe                          |    <0.001 |
|               b_pipe                           |    <0.001 |
|               r_pipe                           |    <0.001 |
|             WR.aw_channel_0                    |    <0.001 |
|               aw_cmd_fsm_0                     |    <0.001 |
|               cmd_translator_0                 |    <0.001 |
|                 incr_cmd_0                     |    <0.001 |
|                 wrap_cmd_0                     |    <0.001 |
|             WR.b_channel_0                     |    <0.001 |
|               bid_fifo_0                       |    <0.001 |
|               bresp_fifo_0                     |    <0.001 |
|     tier2_xbar_0                               |    <0.001 |
|       inst                                     |    <0.001 |
|         gen_sasd.crossbar_sasd_0               |    <0.001 |
|           addr_arbiter_inst                    |    <0.001 |
|           gen_decerr.decerr_slave_inst         |    <0.001 |
|           reg_slice_r                          |    <0.001 |
|           splitter_ar                          |    <0.001 |
|           splitter_aw                          |    <0.001 |
|     tier2_xbar_1                               |    <0.001 |
|       inst                                     |    <0.001 |
|         gen_sasd.crossbar_sasd_0               |    <0.001 |
|           addr_arbiter_inst                    |    <0.001 |
|           gen_decerr.decerr_slave_inst         |    <0.001 |
|           reg_slice_r                          |    <0.001 |
|           splitter_ar                          |    <0.001 |
|           splitter_aw                          |    <0.001 |
|     tier2_xbar_2                               |    <0.001 |
|       inst                                     |    <0.001 |
|         gen_sasd.crossbar_sasd_0               |    <0.001 |
|           addr_arbiter_inst                    |    <0.001 |
|           gen_decerr.decerr_slave_inst         |    <0.001 |
|           reg_slice_r                          |    <0.001 |
|           splitter_ar                          |    <0.001 |
|           splitter_aw                          |    <0.001 |
|     tier2_xbar_3                               |    <0.001 |
|       inst                                     |    <0.001 |
|         gen_sasd.crossbar_sasd_0               |    <0.001 |
|           addr_arbiter_inst                    |    <0.001 |
|           gen_decerr.decerr_slave_inst         |    <0.001 |
|           reg_slice_r                          |    <0.001 |
|           splitter_ar                          |    <0.001 |
|           splitter_aw                          |    <0.001 |
|     tier2_xbar_4                               |    <0.001 |
|       inst                                     |    <0.001 |
|         gen_sasd.crossbar_sasd_0               |    <0.001 |
|           addr_arbiter_inst                    |    <0.001 |
|           gen_decerr.decerr_slave_inst         |    <0.001 |
|           reg_slice_r                          |    <0.001 |
|           splitter_ar                          |    <0.001 |
|           splitter_aw                          |    <0.001 |
|     xbar                                       |    <0.001 |
|       inst                                     |    <0.001 |
|         gen_sasd.crossbar_sasd_0               |    <0.001 |
|           addr_arbiter_inst                    |    <0.001 |
|           gen_decerr.decerr_slave_inst         |    <0.001 |
|           reg_slice_r                          |    <0.001 |
|           splitter_ar                          |    <0.001 |
|           splitter_aw                          |    <0.001 |
|   cordicAtan_0                                 |     0.252 |
|     U0                                         |     0.251 |
|       cordic_comm_inst                         |    <0.001 |
|       cordic_top_inst                          |     0.251 |
|         generate_cordic[0].cordic_impl_inst    |     0.005 |
|         generate_cordic[10].cordic_impl_inst   |     0.010 |
|         generate_cordic[11].cordic_impl_inst   |     0.010 |
|         generate_cordic[12].cordic_impl_inst   |     0.010 |
|         generate_cordic[13].cordic_impl_inst   |     0.010 |
|         generate_cordic[14].cordic_impl_inst   |     0.010 |
|         generate_cordic[15].cordic_impl_inst   |     0.009 |
|         generate_cordic[16].cordic_impl_inst   |     0.010 |
|         generate_cordic[17].cordic_impl_inst   |     0.010 |
|         generate_cordic[18].cordic_impl_inst   |     0.009 |
|         generate_cordic[19].cordic_impl_inst   |     0.009 |
|         generate_cordic[1].cordic_impl_inst    |     0.005 |
|         generate_cordic[20].cordic_impl_inst   |     0.010 |
|         generate_cordic[21].cordic_impl_inst   |     0.009 |
|         generate_cordic[22].cordic_impl_inst   |     0.009 |
|         generate_cordic[23].cordic_impl_inst   |     0.009 |
|         generate_cordic[24].cordic_impl_inst   |     0.009 |
|         generate_cordic[25].cordic_impl_inst   |     0.009 |
|         generate_cordic[26].cordic_impl_inst   |     0.008 |
|         generate_cordic[27].cordic_impl_inst   |     0.008 |
|         generate_cordic[28].cordic_impl_inst   |     0.005 |
|         generate_cordic[29].cordic_impl_inst   |     0.003 |
|         generate_cordic[2].cordic_impl_inst    |     0.005 |
|         generate_cordic[3].cordic_impl_inst    |     0.006 |
|         generate_cordic[4].cordic_impl_inst    |     0.006 |
|         generate_cordic[5].cordic_impl_inst    |     0.008 |
|         generate_cordic[6].cordic_impl_inst    |     0.009 |
|         generate_cordic[7].cordic_impl_inst    |     0.010 |
|         generate_cordic[8].cordic_impl_inst    |     0.011 |
|         generate_cordic[9].cordic_impl_inst    |     0.010 |
|       handle_comm                              |    <0.001 |
|   dds1_ampl                                    |    <0.001 |
|     U0                                         |    <0.001 |
|       add_constHandComm                        |    <0.001 |
|       add_constLogic                           |    <0.001 |
|       wb_add_const_inst                        |    <0.001 |
|   dds1_f0                                      |     0.001 |
|     U0                                         |     0.001 |
|       add_constHandComm                        |    <0.001 |
|       add_constLogic                           |    <0.001 |
|       wb_add_const_inst                        |    <0.001 |
|   dds1_nco                                     |     0.007 |
|     U0                                         |     0.007 |
|       handle_comm                              |    <0.001 |
|       nco_inst1                                |     0.007 |
|         rom_12.rom12_inst                      |     0.005 |
|       wb_nco_inst                              |    <0.001 |
|   dds1_offset                                  |    <0.001 |
|     U0                                         |    <0.001 |
|       add_constHandComm                        |    <0.001 |
|       add_constLogic                           |    <0.001 |
|       wb_add_const_inst                        |    <0.001 |
|   dds1_range                                   |    <0.001 |
|     U0                                         |    <0.001 |
|       add_constHandComm                        |    <0.001 |
|       add_constLogic                           |    <0.001 |
|       wb_add_const_inst                        |    <0.001 |
|   demod_nco                                    |     0.013 |
|     U0                                         |     0.013 |
|       handle_comm                              |    <0.001 |
|       nco_inst1                                |     0.012 |
|         rom_12.rom12_inst                      |     0.011 |
|       wb_nco_inst                              |    <0.001 |
|   dupplReal_1_to_2_0                           |     0.000 |
|   dupplReal_1_to_2_1                           |     0.000 |
|   expanderReal_0_dds1                          |     0.000 |
|   expanderReal_0_ki_pid1                       |     0.000 |
|   expanderReal_0_ki_pid2                       |     0.000 |
|   expanderReal_0_ki_pid3                       |     0.000 |
|   fir16RealbitsOneInTwoMult_v1_0_0             |     0.145 |
|     U0                                         |     0.145 |
|       fir16bitsOneInTwoMult_v1_0_S00_AXI_inst  |    <0.001 |
|       fir_top_inst                             |     0.144 |
|         cpt_ram                                |    <0.001 |
|         generate_fir[0].fir_glob_inst          |     0.016 |
|           coeff_reg_delay                      |    <0.001 |
|           fir_proc_inst                        |     0.016 |
|             multiplier_i                       |     0.002 |
|           reset_delay                          |    <0.001 |
|         generate_fir[10].fir_glob_inst         |     0.002 |
|           coeff_reg_delay                      |    <0.001 |
|           fir_proc_inst                        |     0.002 |
|             multiplier_i                       |     0.002 |
|           reset_delay                          |    <0.001 |
|         generate_fir[11].fir_glob_inst         |     0.002 |
|           coeff_reg_delay                      |    <0.001 |
|           fir_proc_inst                        |     0.002 |
|             multiplier_i                       |     0.002 |
|           reset_delay                          |    <0.001 |
|         generate_fir[12].fir_glob_inst         |     0.002 |
|           coeff_reg_delay                      |    <0.001 |
|           fir_proc_inst                        |     0.002 |
|             multiplier_i                       |     0.002 |
|           reset_delay                          |    <0.001 |
|         generate_fir[13].fir_glob_inst         |     0.002 |
|           coeff_reg_delay                      |    <0.001 |
|           fir_proc_inst                        |     0.002 |
|             multiplier_i                       |     0.002 |
|           reset_delay                          |    <0.001 |
|         generate_fir[14].fir_glob_inst         |     0.002 |
|           coeff_reg_delay                      |    <0.001 |
|           fir_proc_inst                        |     0.002 |
|             multiplier_i                       |     0.002 |
|           reset_delay                          |    <0.001 |
|         generate_fir[15].fir_glob_inst         |     0.003 |
|           coeff_reg_delay                      |    <0.001 |
|           fir_proc_inst                        |     0.002 |
|             multiplier_i                       |     0.002 |
|           reset_delay                          |    <0.001 |
|         generate_fir[16].fir_glob_inst         |     0.002 |
|           coeff_reg_delay                      |    <0.001 |
|           fir_proc_inst                        |     0.002 |
|             multiplier_i                       |     0.002 |
|           reset_delay                          |    <0.001 |
|         generate_fir[17].fir_glob_inst         |     0.002 |
|           coeff_reg_delay                      |    <0.001 |
|           fir_proc_inst                        |     0.002 |
|             multiplier_i                       |     0.002 |
|           reset_delay                          |    <0.001 |
|         generate_fir[18].fir_glob_inst         |     0.002 |
|           coeff_reg_delay                      |    <0.001 |
|           fir_proc_inst                        |     0.002 |
|             multiplier_i                       |     0.002 |
|           reset_delay                          |    <0.001 |
|         generate_fir[19].fir_glob_inst         |     0.002 |
|           coeff_reg_delay                      |    <0.001 |
|           fir_proc_inst                        |     0.002 |
|             multiplier_i                       |     0.002 |
|           reset_delay                          |    <0.001 |
|         generate_fir[1].fir_glob_inst          |     0.002 |
|           coeff_reg_delay                      |    <0.001 |
|           fir_proc_inst                        |     0.002 |
|             multiplier_i                       |     0.002 |
|           reset_delay                          |    <0.001 |
|         generate_fir[20].fir_glob_inst         |     0.002 |
|           coeff_reg_delay                      |    <0.001 |
|           fir_proc_inst                        |     0.002 |
|             multiplier_i                       |     0.002 |
|           reset_delay                          |    <0.001 |
|         generate_fir[21].fir_glob_inst         |     0.002 |
|           coeff_reg_delay                      |    <0.001 |
|           fir_proc_inst                        |     0.002 |
|             multiplier_i                       |     0.002 |
|           reset_delay                          |    <0.001 |
|         generate_fir[22].fir_glob_inst         |     0.002 |
|           coeff_reg_delay                      |    <0.001 |
|           fir_proc_inst                        |     0.002 |
|             multiplier_i                       |     0.002 |
|           reset_delay                          |    <0.001 |
|         generate_fir[23].fir_glob_inst         |     0.002 |
|           coeff_reg_delay                      |    <0.001 |
|           fir_proc_inst                        |     0.002 |
|             multiplier_i                       |     0.002 |
|           reset_delay                          |    <0.001 |
|         generate_fir[24].fir_glob_inst         |     0.002 |
|           coeff_reg_delay                      |    <0.001 |
|           fir_proc_inst                        |     0.002 |
|             multiplier_i                       |     0.002 |
|           reset_delay                          |    <0.001 |
|         generate_fir[25].fir_glob_inst         |     0.002 |
|           coeff_reg_delay                      |    <0.001 |
|           fir_proc_inst                        |     0.002 |
|             multiplier_i                       |     0.002 |
|           reset_delay                          |    <0.001 |
|         generate_fir[26].fir_glob_inst         |     0.002 |
|           coeff_reg_delay                      |    <0.001 |
|           fir_proc_inst                        |     0.002 |
|             multiplier_i                       |     0.002 |
|           reset_delay                          |    <0.001 |
|         generate_fir[27].fir_glob_inst         |     0.002 |
|           coeff_reg_delay                      |    <0.001 |
|           fir_proc_inst                        |     0.002 |
|             multiplier_i                       |     0.002 |
|           reset_delay                          |    <0.001 |
|         generate_fir[28].fir_glob_inst         |     0.003 |
|           coeff_reg_delay                      |    <0.001 |
|           fir_proc_inst                        |     0.002 |
|             multiplier_i                       |     0.002 |
|           reset_delay                          |    <0.001 |
|         generate_fir[29].fir_glob_inst         |     0.002 |
|           coeff_reg_delay                      |    <0.001 |
|           fir_proc_inst                        |     0.002 |
|             multiplier_i                       |     0.002 |
|           reset_delay                          |    <0.001 |
|         generate_fir[2].fir_glob_inst          |     0.002 |
|           coeff_reg_delay                      |    <0.001 |
|           fir_proc_inst                        |     0.002 |
|             multiplier_i                       |     0.002 |
|           reset_delay                          |    <0.001 |
|         generate_fir[30].fir_glob_inst         |     0.002 |
|           coeff_reg_delay                      |    <0.001 |
|           fir_proc_inst                        |     0.002 |
|             multiplier_i                       |     0.002 |
|           reset_delay                          |    <0.001 |
|         generate_fir[31].fir_glob_inst         |     0.002 |
|           coeff_reg_delay                      |    <0.001 |
|           fir_proc_inst                        |     0.002 |
|             multiplier_i                       |     0.002 |
|           reset_delay                          |    <0.001 |
|         generate_fir[32].fir_glob_inst         |     0.002 |
|           coeff_reg_delay                      |    <0.001 |
|           fir_proc_inst                        |     0.002 |
|             multiplier_i                       |     0.002 |
|           reset_delay                          |    <0.001 |
|         generate_fir[33].fir_glob_inst         |     0.002 |
|           coeff_reg_delay                      |    <0.001 |
|           fir_proc_inst                        |     0.002 |
|             multiplier_i                       |     0.002 |
|           reset_delay                          |    <0.001 |
|         generate_fir[34].fir_glob_inst         |     0.003 |
|           coeff_reg_delay                      |    <0.001 |
|           fir_proc_inst                        |     0.002 |
|             multiplier_i                       |     0.002 |
|           reset_delay                          |    <0.001 |
|         generate_fir[35].fir_glob_inst         |     0.002 |
|           coeff_reg_delay                      |    <0.001 |
|           fir_proc_inst                        |     0.002 |
|             multiplier_i                       |     0.002 |
|           reset_delay                          |    <0.001 |
|         generate_fir[36].fir_glob_inst         |     0.003 |
|           coeff_reg_delay                      |    <0.001 |
|           fir_proc_inst                        |     0.002 |
|             multiplier_i                       |     0.002 |
|           reset_delay                          |    <0.001 |
|         generate_fir[37].fir_glob_inst         |     0.002 |
|           coeff_reg_delay                      |    <0.001 |
|           fir_proc_inst                        |     0.002 |
|             multiplier_i                       |     0.002 |
|           reset_delay                          |    <0.001 |
|         generate_fir[38].fir_glob_inst         |     0.002 |
|           coeff_reg_delay                      |    <0.001 |
|           fir_proc_inst                        |     0.002 |
|             multiplier_i                       |     0.002 |
|           reset_delay                          |    <0.001 |
|         generate_fir[39].fir_glob_inst         |     0.002 |
|           coeff_reg_delay                      |    <0.001 |
|           fir_proc_inst                        |     0.002 |
|             multiplier_i                       |     0.002 |
|           reset_delay                          |    <0.001 |
|         generate_fir[3].fir_glob_inst          |     0.002 |
|           coeff_reg_delay                      |    <0.001 |
|           fir_proc_inst                        |     0.002 |
|             multiplier_i                       |     0.002 |
|           reset_delay                          |    <0.001 |
|         generate_fir[40].fir_glob_inst         |     0.002 |
|           coeff_reg_delay                      |    <0.001 |
|           fir_proc_inst                        |     0.002 |
|             multiplier_i                       |     0.002 |
|           reset_delay                          |    <0.001 |
|         generate_fir[41].fir_glob_inst         |     0.002 |
|           coeff_reg_delay                      |    <0.001 |
|           fir_proc_inst                        |     0.002 |
|             multiplier_i                       |     0.002 |
|           reset_delay                          |    <0.001 |
|         generate_fir[42].fir_glob_inst         |     0.002 |
|           coeff_reg_delay                      |    <0.001 |
|           fir_proc_inst                        |     0.002 |
|             multiplier_i                       |     0.002 |
|           reset_delay                          |    <0.001 |
|         generate_fir[43].fir_glob_inst         |     0.002 |
|           coeff_reg_delay                      |    <0.001 |
|           fir_proc_inst                        |     0.002 |
|             multiplier_i                       |     0.002 |
|           reset_delay                          |    <0.001 |
|         generate_fir[44].fir_glob_inst         |     0.002 |
|           coeff_reg_delay                      |    <0.001 |
|           fir_proc_inst                        |     0.002 |
|             multiplier_i                       |     0.002 |
|           reset_delay                          |    <0.001 |
|         generate_fir[45].fir_glob_inst         |     0.002 |
|           coeff_reg_delay                      |    <0.001 |
|           fir_proc_inst                        |     0.002 |
|             multiplier_i                       |     0.002 |
|           reset_delay                          |    <0.001 |
|         generate_fir[46].fir_glob_inst         |     0.002 |
|           coeff_reg_delay                      |    <0.001 |
|           fir_proc_inst                        |     0.002 |
|             multiplier_i                       |     0.002 |
|           reset_delay                          |    <0.001 |
|         generate_fir[47].fir_glob_inst         |     0.002 |
|           coeff_reg_delay                      |    <0.001 |
|           fir_proc_inst                        |     0.002 |
|             multiplier_i                       |     0.002 |
|           reset_delay                          |    <0.001 |
|         generate_fir[48].fir_glob_inst         |     0.002 |
|           coeff_reg_delay                      |    <0.001 |
|           fir_proc_inst                        |     0.002 |
|             multiplier_i                       |     0.002 |
|           reset_delay                          |    <0.001 |
|         generate_fir[49].fir_glob_inst         |     0.002 |
|           coeff_reg_delay                      |    <0.001 |
|           fir_proc_inst                        |     0.002 |
|             multiplier_i                       |     0.002 |
|           reset_delay                          |    <0.001 |
|         generate_fir[4].fir_glob_inst          |     0.002 |
|           coeff_reg_delay                      |    <0.001 |
|           fir_proc_inst                        |     0.002 |
|             multiplier_i                       |     0.002 |
|           reset_delay                          |    <0.001 |
|         generate_fir[50].fir_glob_inst         |     0.002 |
|           coeff_reg_delay                      |    <0.001 |
|           fir_proc_inst                        |     0.002 |
|             multiplier_i                       |     0.002 |
|           reset_delay                          |    <0.001 |
|         generate_fir[51].fir_glob_inst         |     0.002 |
|           coeff_reg_delay                      |    <0.001 |
|           fir_proc_inst                        |     0.002 |
|             multiplier_i                       |     0.002 |
|           reset_delay                          |    <0.001 |
|         generate_fir[52].fir_glob_inst         |     0.002 |
|           coeff_reg_delay                      |    <0.001 |
|           fir_proc_inst                        |     0.002 |
|             multiplier_i                       |     0.002 |
|           reset_delay                          |    <0.001 |
|         generate_fir[53].fir_glob_inst         |     0.002 |
|           coeff_reg_delay                      |    <0.001 |
|           fir_proc_inst                        |     0.002 |
|             multiplier_i                       |     0.002 |
|           reset_delay                          |    <0.001 |
|         generate_fir[54].fir_glob_inst         |     0.002 |
|           coeff_reg_delay                      |    <0.001 |
|           fir_proc_inst                        |     0.002 |
|             multiplier_i                       |     0.002 |
|           reset_delay                          |    <0.001 |
|         generate_fir[5].fir_glob_inst          |     0.002 |
|           coeff_reg_delay                      |    <0.001 |
|           fir_proc_inst                        |     0.002 |
|             multiplier_i                       |     0.002 |
|           reset_delay                          |    <0.001 |
|         generate_fir[6].fir_glob_inst          |     0.002 |
|           coeff_reg_delay                      |    <0.001 |
|           fir_proc_inst                        |     0.002 |
|             multiplier_i                       |     0.002 |
|           reset_delay                          |    <0.001 |
|         generate_fir[7].fir_glob_inst          |     0.002 |
|           coeff_reg_delay                      |    <0.001 |
|           fir_proc_inst                        |     0.002 |
|             multiplier_i                       |     0.002 |
|           reset_delay                          |    <0.001 |
|         generate_fir[8].fir_glob_inst          |     0.003 |
|           coeff_reg_delay                      |    <0.001 |
|           fir_proc_inst                        |     0.002 |
|             multiplier_i                       |     0.002 |
|           reset_delay                          |    <0.001 |
|         generate_fir[9].fir_glob_inst          |     0.002 |
|           coeff_reg_delay                      |    <0.001 |
|           fir_proc_inst                        |     0.002 |
|             multiplier_i                       |     0.002 |
|           reset_delay                          |    <0.001 |
|         ram1                                   |     0.001 |
|           BRAM_TDP_MACRO_inst                  |     0.001 |
|       handle_comm                              |    <0.001 |
|   ltc2145_0                                    |    <0.001 |
|     U0                                         |    <0.001 |
|       ltc2145_capture_inst                     |    <0.001 |
|   mixer_sin_0                                  |     0.004 |
|     U0                                         |     0.004 |
|   mod_amp_dds_ampl                             |    <0.001 |
|     U0                                         |    <0.001 |
|       add_constHandComm                        |    <0.001 |
|       add_constLogic                           |    <0.001 |
|       wb_add_const_inst                        |    <0.001 |
|   mod_amp_dds_nco                              |     0.007 |
|     U0                                         |     0.007 |
|       handle_comm                              |    <0.001 |
|       nco_inst1                                |     0.007 |
|         rom_12.rom12_inst                      |     0.005 |
|       wb_nco_inst                              |    <0.001 |
|   mod_input_ampl                               |    <0.001 |
|     U0                                         |    <0.001 |
|       add_constHandComm                        |    <0.001 |
|       add_constLogic                           |    <0.001 |
|       wb_add_const_inst                        |    <0.001 |
|   mod_input_nco                                |     0.007 |
|     U0                                         |     0.007 |
|       handle_comm                              |    <0.001 |
|       nco_inst1                                |     0.007 |
|         rom_12.rom12_inst                      |     0.005 |
|       wb_nco_inst                              |    <0.001 |
|   mod_out_pid2_ampl                            |    <0.001 |
|     U0                                         |    <0.001 |
|       add_constHandComm                        |    <0.001 |
|       add_constLogic                           |    <0.001 |
|       wb_add_const_inst                        |    <0.001 |
|   mod_out_pid2_nco                             |     0.007 |
|     U0                                         |     0.007 |
|       handle_comm                              |    <0.001 |
|       nco_inst1                                |     0.007 |
|         rom_12.rom12_inst                      |     0.005 |
|       wb_nco_inst                              |    <0.001 |
|   pid1                                         |     0.005 |
|     U0                                         |     0.005 |
|       red_pitaya_pidv3Logic                    |     0.005 |
|   pid1_kd                                      |    <0.001 |
|     U0                                         |    <0.001 |
|       add_constHandComm                        |    <0.001 |
|       wb_add_const_inst                        |    <0.001 |
|   pid1_ki                                      |    <0.001 |
|     U0                                         |    <0.001 |
|       add_constHandComm                        |    <0.001 |
|       add_constLogic                           |    <0.001 |
|       wb_add_const_inst                        |    <0.001 |
|   pid1_kp                                      |    <0.001 |
|     U0                                         |    <0.001 |
|       add_constHandComm                        |    <0.001 |
|       add_constLogic                           |    <0.001 |
|       wb_add_const_inst                        |    <0.001 |
|   pid1_rst_int                                 |    <0.001 |
|     U0                                         |    <0.001 |
|       add_constHandComm                        |    <0.001 |
|       add_constLogic                           |    <0.001 |
|       wb_add_const_inst                        |    <0.001 |
|   pid1_setpoint                                |    <0.001 |
|     U0                                         |    <0.001 |
|       add_constHandComm                        |    <0.001 |
|       wb_add_const_inst                        |    <0.001 |
|   pid1_sign                                    |    <0.001 |
|     U0                                         |    <0.001 |
|       add_constHandComm                        |    <0.001 |
|       add_constLogic                           |    <0.001 |
|       wb_add_const_inst                        |    <0.001 |
|   pid2                                         |     0.005 |
|     U0                                         |     0.005 |
|       red_pitaya_pidv3Logic                    |     0.005 |
|   pid2_kd                                      |    <0.001 |
|     U0                                         |    <0.001 |
|       add_constHandComm                        |    <0.001 |
|       wb_add_const_inst                        |    <0.001 |
|   pid2_ki                                      |    <0.001 |
|     U0                                         |    <0.001 |
|       add_constHandComm                        |    <0.001 |
|       add_constLogic                           |    <0.001 |
|       wb_add_const_inst                        |    <0.001 |
|   pid2_kp                                      |    <0.001 |
|     U0                                         |    <0.001 |
|       add_constHandComm                        |    <0.001 |
|       add_constLogic                           |    <0.001 |
|       wb_add_const_inst                        |    <0.001 |
|   pid2_offset                                  |    <0.001 |
|     U0                                         |    <0.001 |
|       add_constHandComm                        |    <0.001 |
|       add_constLogic                           |    <0.001 |
|       wb_add_const_inst                        |    <0.001 |
|   pid2_rst_int                                 |    <0.001 |
|     U0                                         |    <0.001 |
|       add_constHandComm                        |    <0.001 |
|       add_constLogic                           |    <0.001 |
|       wb_add_const_inst                        |    <0.001 |
|   pid2_setpoint                                |    <0.001 |
|     U0                                         |    <0.001 |
|       add_constHandComm                        |    <0.001 |
|       wb_add_const_inst                        |    <0.001 |
|   pid2_sign                                    |    <0.001 |
|     U0                                         |    <0.001 |
|       add_constHandComm                        |    <0.001 |
|       add_constLogic                           |    <0.001 |
|       wb_add_const_inst                        |    <0.001 |
|   pid3                                         |     0.005 |
|     U0                                         |     0.005 |
|       red_pitaya_pidv3Logic                    |     0.005 |
|   pid3_kd                                      |    <0.001 |
|     U0                                         |    <0.001 |
|       add_constHandComm                        |    <0.001 |
|       wb_add_const_inst                        |    <0.001 |
|   pid3_ki                                      |    <0.001 |
|     U0                                         |    <0.001 |
|       add_constHandComm                        |    <0.001 |
|       add_constLogic                           |    <0.001 |
|       wb_add_const_inst                        |    <0.001 |
|   pid3_kp                                      |    <0.001 |
|     U0                                         |    <0.001 |
|       add_constHandComm                        |    <0.001 |
|       add_constLogic                           |    <0.001 |
|       wb_add_const_inst                        |    <0.001 |
|   pid3_rst_int                                 |    <0.001 |
|     U0                                         |    <0.001 |
|       add_constHandComm                        |    <0.001 |
|       add_constLogic                           |    <0.001 |
|       wb_add_const_inst                        |    <0.001 |
|   pid3_setpoint                                |    <0.001 |
|     U0                                         |    <0.001 |
|       add_constHandComm                        |    <0.001 |
|       wb_add_const_inst                        |    <0.001 |
|   pid3_sign                                    |    <0.001 |
|     U0                                         |    <0.001 |
|       add_constHandComm                        |    <0.001 |
|       add_constLogic                           |    <0.001 |
|       wb_add_const_inst                        |    <0.001 |
|   proc_sys_reset_0                             |    <0.001 |
|     U0                                         |    <0.001 |
|       EXT_LPF                                  |    <0.001 |
|         ACTIVE_LOW_EXT.ACT_LO_EXT              |    <0.001 |
|       SEQ                                      |    <0.001 |
|         SEQ_COUNTER                            |    <0.001 |
|   processing_system7_0                         |     1.279 |
|     inst                                       |     1.279 |
|   redpitaya_adc_dac_clk_0                      |     0.104 |
|     inst                                       |     0.104 |
|   switchComplex_0                              |    <0.001 |
|     U0                                         |    <0.001 |
|       handle_comm                              |    <0.001 |
|       switchComplexWb_inst                     |    <0.001 |
|   twoInMult_dds1_ampl                          |     0.001 |
|     U0                                         |     0.001 |
|   twoInMult_dds1_range                         |     0.002 |
|     U0                                         |     0.002 |
|   twoInMult_mod_amp_dds                        |     0.001 |
|     U0                                         |     0.001 |
|   twoInMult_mod_input_0                        |     0.001 |
|     U0                                         |     0.001 |
|   twoInMult_mod_out_pid2                       |     0.001 |
|     U0                                         |     0.001 |
|   xlconstant_0                                 |     0.000 |
|   xlslice_dds1                                 |     0.000 |
|   xlslice_dds_ampl_mod                         |     0.000 |
|   xlslice_mod_amp_dds                          |     0.000 |
|   xlslice_mod_input_0                          |     0.000 |
|   xlslice_mod_input_1                          |     0.000 |
|   xlslice_mod_out_pid2_0                       |     0.000 |
|   xlslice_mod_out_pid2_1                       |     0.000 |
+------------------------------------------------+-----------+


