
*** Running vivado
    with args -log pid_vco_wrapper_auto_pc_0.vds -m64 -product Vivado -mode batch -messageDb vivado.pb -notrace -source pid_vco_wrapper_auto_pc_0.tcl

awk: symbol lookup error: awk: undefined symbol: mpfr_z_sub

****** Vivado v2016.4 (64-bit)
  **** SW Build 1733598 on Wed Dec 14 22:35:42 MST 2016
  **** IP Build 1731160 on Wed Dec 14 23:47:21 MST 2016
    ** Copyright 1986-2016 Xilinx, Inc. All Rights Reserved.

source pid_vco_wrapper_auto_pc_0.tcl -notrace
awk: symbol lookup error: awk: undefined symbol: mpfr_z_sub
Starting RTL Elaboration : Time (s): cpu = 00:00:33 ; elapsed = 00:00:38 . Memory (MB): peak = 1118.270 ; gain = 187.086 ; free physical = 649 ; free virtual = 11737
INFO: [Synth 8-638] synthesizing module 'pid_vco_wrapper_auto_pc_0' [/home/bma/git/fpga_design/redpitaya/pid_vco/pid_vco.srcs/sources_1/bd/pid_vco_wrapper/ip/pid_vco_wrapper_auto_pc_0/synth/pid_vco_wrapper_auto_pc_0.v:58]
INFO: [Synth 8-638] synthesizing module 'axi_protocol_converter_v2_1_11_axi_protocol_converter' [/home/bma/git/fpga_design/redpitaya/pid_vco/pid_vco.srcs/sources_1/bd/pid_vco_wrapper/ipshared/df1b/hdl/axi_protocol_converter_v2_1_vl_rfs.v:4806]
INFO: [Synth 8-638] synthesizing module 'axi_protocol_converter_v2_1_11_b2s' [/home/bma/git/fpga_design/redpitaya/pid_vco/pid_vco.srcs/sources_1/bd/pid_vco_wrapper/ipshared/df1b/hdl/axi_protocol_converter_v2_1_vl_rfs.v:4224]
INFO: [Synth 8-638] synthesizing module 'axi_protocol_converter_v2_1_11_b2s_aw_channel' [/home/bma/git/fpga_design/redpitaya/pid_vco/pid_vco.srcs/sources_1/bd/pid_vco_wrapper/ipshared/df1b/hdl/axi_protocol_converter_v2_1_vl_rfs.v:3969]
INFO: [Synth 8-638] synthesizing module 'axi_protocol_converter_v2_1_11_b2s_cmd_translator' [/home/bma/git/fpga_design/redpitaya/pid_vco/pid_vco.srcs/sources_1/bd/pid_vco_wrapper/ipshared/df1b/hdl/axi_protocol_converter_v2_1_vl_rfs.v:3467]
INFO: [Synth 8-638] synthesizing module 'axi_protocol_converter_v2_1_11_b2s_incr_cmd' [/home/bma/git/fpga_design/redpitaya/pid_vco/pid_vco.srcs/sources_1/bd/pid_vco_wrapper/ipshared/df1b/hdl/axi_protocol_converter_v2_1_vl_rfs.v:3093]
INFO: [Synth 8-256] done synthesizing module 'axi_protocol_converter_v2_1_11_b2s_incr_cmd' (1#1) [/home/bma/git/fpga_design/redpitaya/pid_vco/pid_vco.srcs/sources_1/bd/pid_vco_wrapper/ipshared/df1b/hdl/axi_protocol_converter_v2_1_vl_rfs.v:3093]
INFO: [Synth 8-638] synthesizing module 'axi_protocol_converter_v2_1_11_b2s_wrap_cmd' [/home/bma/git/fpga_design/redpitaya/pid_vco/pid_vco.srcs/sources_1/bd/pid_vco_wrapper/ipshared/df1b/hdl/axi_protocol_converter_v2_1_vl_rfs.v:2903]
INFO: [Synth 8-256] done synthesizing module 'axi_protocol_converter_v2_1_11_b2s_wrap_cmd' (2#1) [/home/bma/git/fpga_design/redpitaya/pid_vco/pid_vco.srcs/sources_1/bd/pid_vco_wrapper/ipshared/df1b/hdl/axi_protocol_converter_v2_1_vl_rfs.v:2903]
INFO: [Synth 8-256] done synthesizing module 'axi_protocol_converter_v2_1_11_b2s_cmd_translator' (3#1) [/home/bma/git/fpga_design/redpitaya/pid_vco/pid_vco.srcs/sources_1/bd/pid_vco_wrapper/ipshared/df1b/hdl/axi_protocol_converter_v2_1_vl_rfs.v:3467]
INFO: [Synth 8-638] synthesizing module 'axi_protocol_converter_v2_1_11_b2s_wr_cmd_fsm' [/home/bma/git/fpga_design/redpitaya/pid_vco/pid_vco.srcs/sources_1/bd/pid_vco_wrapper/ipshared/df1b/hdl/axi_protocol_converter_v2_1_vl_rfs.v:3225]
INFO: [Synth 8-256] done synthesizing module 'axi_protocol_converter_v2_1_11_b2s_wr_cmd_fsm' (4#1) [/home/bma/git/fpga_design/redpitaya/pid_vco/pid_vco.srcs/sources_1/bd/pid_vco_wrapper/ipshared/df1b/hdl/axi_protocol_converter_v2_1_vl_rfs.v:3225]
INFO: [Synth 8-256] done synthesizing module 'axi_protocol_converter_v2_1_11_b2s_aw_channel' (5#1) [/home/bma/git/fpga_design/redpitaya/pid_vco/pid_vco.srcs/sources_1/bd/pid_vco_wrapper/ipshared/df1b/hdl/axi_protocol_converter_v2_1_vl_rfs.v:3969]
INFO: [Synth 8-638] synthesizing module 'axi_protocol_converter_v2_1_11_b2s_b_channel' [/home/bma/git/fpga_design/redpitaya/pid_vco/pid_vco.srcs/sources_1/bd/pid_vco_wrapper/ipshared/df1b/hdl/axi_protocol_converter_v2_1_vl_rfs.v:3609]
INFO: [Synth 8-638] synthesizing module 'axi_protocol_converter_v2_1_11_b2s_simple_fifo' [/home/bma/git/fpga_design/redpitaya/pid_vco/pid_vco.srcs/sources_1/bd/pid_vco_wrapper/ipshared/df1b/hdl/axi_protocol_converter_v2_1_vl_rfs.v:2816]
INFO: [Synth 8-256] done synthesizing module 'axi_protocol_converter_v2_1_11_b2s_simple_fifo' (6#1) [/home/bma/git/fpga_design/redpitaya/pid_vco/pid_vco.srcs/sources_1/bd/pid_vco_wrapper/ipshared/df1b/hdl/axi_protocol_converter_v2_1_vl_rfs.v:2816]
INFO: [Synth 8-638] synthesizing module 'axi_protocol_converter_v2_1_11_b2s_simple_fifo__parameterized0' [/home/bma/git/fpga_design/redpitaya/pid_vco/pid_vco.srcs/sources_1/bd/pid_vco_wrapper/ipshared/df1b/hdl/axi_protocol_converter_v2_1_vl_rfs.v:2816]
INFO: [Synth 8-256] done synthesizing module 'axi_protocol_converter_v2_1_11_b2s_simple_fifo__parameterized0' (6#1) [/home/bma/git/fpga_design/redpitaya/pid_vco/pid_vco.srcs/sources_1/bd/pid_vco_wrapper/ipshared/df1b/hdl/axi_protocol_converter_v2_1_vl_rfs.v:2816]
INFO: [Synth 8-256] done synthesizing module 'axi_protocol_converter_v2_1_11_b2s_b_channel' (7#1) [/home/bma/git/fpga_design/redpitaya/pid_vco/pid_vco.srcs/sources_1/bd/pid_vco_wrapper/ipshared/df1b/hdl/axi_protocol_converter_v2_1_vl_rfs.v:3609]
INFO: [Synth 8-638] synthesizing module 'axi_protocol_converter_v2_1_11_b2s_ar_channel' [/home/bma/git/fpga_design/redpitaya/pid_vco/pid_vco.srcs/sources_1/bd/pid_vco_wrapper/ipshared/df1b/hdl/axi_protocol_converter_v2_1_vl_rfs.v:4080]
INFO: [Synth 8-638] synthesizing module 'axi_protocol_converter_v2_1_11_b2s_rd_cmd_fsm' [/home/bma/git/fpga_design/redpitaya/pid_vco/pid_vco.srcs/sources_1/bd/pid_vco_wrapper/ipshared/df1b/hdl/axi_protocol_converter_v2_1_vl_rfs.v:3336]
INFO: [Synth 8-256] done synthesizing module 'axi_protocol_converter_v2_1_11_b2s_rd_cmd_fsm' (8#1) [/home/bma/git/fpga_design/redpitaya/pid_vco/pid_vco.srcs/sources_1/bd/pid_vco_wrapper/ipshared/df1b/hdl/axi_protocol_converter_v2_1_vl_rfs.v:3336]
INFO: [Synth 8-256] done synthesizing module 'axi_protocol_converter_v2_1_11_b2s_ar_channel' (9#1) [/home/bma/git/fpga_design/redpitaya/pid_vco/pid_vco.srcs/sources_1/bd/pid_vco_wrapper/ipshared/df1b/hdl/axi_protocol_converter_v2_1_vl_rfs.v:4080]
INFO: [Synth 8-638] synthesizing module 'axi_protocol_converter_v2_1_11_b2s_r_channel' [/home/bma/git/fpga_design/redpitaya/pid_vco/pid_vco.srcs/sources_1/bd/pid_vco_wrapper/ipshared/df1b/hdl/axi_protocol_converter_v2_1_vl_rfs.v:3809]
INFO: [Synth 8-638] synthesizing module 'axi_protocol_converter_v2_1_11_b2s_simple_fifo__parameterized1' [/home/bma/git/fpga_design/redpitaya/pid_vco/pid_vco.srcs/sources_1/bd/pid_vco_wrapper/ipshared/df1b/hdl/axi_protocol_converter_v2_1_vl_rfs.v:2816]
INFO: [Synth 8-256] done synthesizing module 'axi_protocol_converter_v2_1_11_b2s_simple_fifo__parameterized1' (9#1) [/home/bma/git/fpga_design/redpitaya/pid_vco/pid_vco.srcs/sources_1/bd/pid_vco_wrapper/ipshared/df1b/hdl/axi_protocol_converter_v2_1_vl_rfs.v:2816]
INFO: [Synth 8-638] synthesizing module 'axi_protocol_converter_v2_1_11_b2s_simple_fifo__parameterized2' [/home/bma/git/fpga_design/redpitaya/pid_vco/pid_vco.srcs/sources_1/bd/pid_vco_wrapper/ipshared/df1b/hdl/axi_protocol_converter_v2_1_vl_rfs.v:2816]
INFO: [Synth 8-256] done synthesizing module 'axi_protocol_converter_v2_1_11_b2s_simple_fifo__parameterized2' (9#1) [/home/bma/git/fpga_design/redpitaya/pid_vco/pid_vco.srcs/sources_1/bd/pid_vco_wrapper/ipshared/df1b/hdl/axi_protocol_converter_v2_1_vl_rfs.v:2816]
INFO: [Synth 8-256] done synthesizing module 'axi_protocol_converter_v2_1_11_b2s_r_channel' (10#1) [/home/bma/git/fpga_design/redpitaya/pid_vco/pid_vco.srcs/sources_1/bd/pid_vco_wrapper/ipshared/df1b/hdl/axi_protocol_converter_v2_1_vl_rfs.v:3809]
INFO: [Synth 8-638] synthesizing module 'axi_register_slice_v2_1_11_axi_register_slice' [/home/bma/git/fpga_design/redpitaya/pid_vco/pid_vco.srcs/sources_1/bd/pid_vco_wrapper/ipshared/0b6b/hdl/axi_register_slice_v2_1_vl_rfs.v:791]
INFO: [Synth 8-638] synthesizing module 'axi_infrastructure_v1_1_0_axi2vector' [/home/bma/git/fpga_design/redpitaya/pid_vco/pid_vco.srcs/sources_1/bd/pid_vco_wrapper/ipshared/7e3a/hdl/axi_infrastructure_v1_1_vl_rfs.v:60]
INFO: [Synth 8-256] done synthesizing module 'axi_infrastructure_v1_1_0_axi2vector' (11#1) [/home/bma/git/fpga_design/redpitaya/pid_vco/pid_vco.srcs/sources_1/bd/pid_vco_wrapper/ipshared/7e3a/hdl/axi_infrastructure_v1_1_vl_rfs.v:60]
INFO: [Synth 8-638] synthesizing module 'axi_register_slice_v2_1_11_axic_register_slice' [/home/bma/git/fpga_design/redpitaya/pid_vco/pid_vco.srcs/sources_1/bd/pid_vco_wrapper/ipshared/0b6b/hdl/axi_register_slice_v2_1_vl_rfs.v:85]
INFO: [Synth 8-256] done synthesizing module 'axi_register_slice_v2_1_11_axic_register_slice' (12#1) [/home/bma/git/fpga_design/redpitaya/pid_vco/pid_vco.srcs/sources_1/bd/pid_vco_wrapper/ipshared/0b6b/hdl/axi_register_slice_v2_1_vl_rfs.v:85]
INFO: [Synth 8-638] synthesizing module 'axi_register_slice_v2_1_11_axic_register_slice__parameterized0' [/home/bma/git/fpga_design/redpitaya/pid_vco/pid_vco.srcs/sources_1/bd/pid_vco_wrapper/ipshared/0b6b/hdl/axi_register_slice_v2_1_vl_rfs.v:85]
INFO: [Synth 8-256] done synthesizing module 'axi_register_slice_v2_1_11_axic_register_slice__parameterized0' (12#1) [/home/bma/git/fpga_design/redpitaya/pid_vco/pid_vco.srcs/sources_1/bd/pid_vco_wrapper/ipshared/0b6b/hdl/axi_register_slice_v2_1_vl_rfs.v:85]
INFO: [Synth 8-638] synthesizing module 'axi_register_slice_v2_1_11_axic_register_slice__parameterized1' [/home/bma/git/fpga_design/redpitaya/pid_vco/pid_vco.srcs/sources_1/bd/pid_vco_wrapper/ipshared/0b6b/hdl/axi_register_slice_v2_1_vl_rfs.v:85]
INFO: [Synth 8-256] done synthesizing module 'axi_register_slice_v2_1_11_axic_register_slice__parameterized1' (12#1) [/home/bma/git/fpga_design/redpitaya/pid_vco/pid_vco.srcs/sources_1/bd/pid_vco_wrapper/ipshared/0b6b/hdl/axi_register_slice_v2_1_vl_rfs.v:85]
INFO: [Synth 8-638] synthesizing module 'axi_register_slice_v2_1_11_axic_register_slice__parameterized2' [/home/bma/git/fpga_design/redpitaya/pid_vco/pid_vco.srcs/sources_1/bd/pid_vco_wrapper/ipshared/0b6b/hdl/axi_register_slice_v2_1_vl_rfs.v:85]
INFO: [Synth 8-256] done synthesizing module 'axi_register_slice_v2_1_11_axic_register_slice__parameterized2' (12#1) [/home/bma/git/fpga_design/redpitaya/pid_vco/pid_vco.srcs/sources_1/bd/pid_vco_wrapper/ipshared/0b6b/hdl/axi_register_slice_v2_1_vl_rfs.v:85]
INFO: [Synth 8-638] synthesizing module 'axi_infrastructure_v1_1_0_vector2axi' [/home/bma/git/fpga_design/redpitaya/pid_vco/pid_vco.srcs/sources_1/bd/pid_vco_wrapper/ipshared/7e3a/hdl/axi_infrastructure_v1_1_vl_rfs.v:474]
INFO: [Synth 8-256] done synthesizing module 'axi_infrastructure_v1_1_0_vector2axi' (13#1) [/home/bma/git/fpga_design/redpitaya/pid_vco/pid_vco.srcs/sources_1/bd/pid_vco_wrapper/ipshared/7e3a/hdl/axi_infrastructure_v1_1_vl_rfs.v:474]
INFO: [Synth 8-256] done synthesizing module 'axi_register_slice_v2_1_11_axi_register_slice' (14#1) [/home/bma/git/fpga_design/redpitaya/pid_vco/pid_vco.srcs/sources_1/bd/pid_vco_wrapper/ipshared/0b6b/hdl/axi_register_slice_v2_1_vl_rfs.v:791]
INFO: [Synth 8-638] synthesizing module 'axi_register_slice_v2_1_11_axi_register_slice__parameterized0' [/home/bma/git/fpga_design/redpitaya/pid_vco/pid_vco.srcs/sources_1/bd/pid_vco_wrapper/ipshared/0b6b/hdl/axi_register_slice_v2_1_vl_rfs.v:791]
INFO: [Synth 8-638] synthesizing module 'axi_infrastructure_v1_1_0_axi2vector__parameterized0' [/home/bma/git/fpga_design/redpitaya/pid_vco/pid_vco.srcs/sources_1/bd/pid_vco_wrapper/ipshared/7e3a/hdl/axi_infrastructure_v1_1_vl_rfs.v:60]
INFO: [Synth 8-256] done synthesizing module 'axi_infrastructure_v1_1_0_axi2vector__parameterized0' (14#1) [/home/bma/git/fpga_design/redpitaya/pid_vco/pid_vco.srcs/sources_1/bd/pid_vco_wrapper/ipshared/7e3a/hdl/axi_infrastructure_v1_1_vl_rfs.v:60]
INFO: [Synth 8-638] synthesizing module 'axi_register_slice_v2_1_11_axic_register_slice__parameterized3' [/home/bma/git/fpga_design/redpitaya/pid_vco/pid_vco.srcs/sources_1/bd/pid_vco_wrapper/ipshared/0b6b/hdl/axi_register_slice_v2_1_vl_rfs.v:85]
INFO: [Synth 8-256] done synthesizing module 'axi_register_slice_v2_1_11_axic_register_slice__parameterized3' (14#1) [/home/bma/git/fpga_design/redpitaya/pid_vco/pid_vco.srcs/sources_1/bd/pid_vco_wrapper/ipshared/0b6b/hdl/axi_register_slice_v2_1_vl_rfs.v:85]
INFO: [Synth 8-638] synthesizing module 'axi_register_slice_v2_1_11_axic_register_slice__parameterized4' [/home/bma/git/fpga_design/redpitaya/pid_vco/pid_vco.srcs/sources_1/bd/pid_vco_wrapper/ipshared/0b6b/hdl/axi_register_slice_v2_1_vl_rfs.v:85]
INFO: [Synth 8-256] done synthesizing module 'axi_register_slice_v2_1_11_axic_register_slice__parameterized4' (14#1) [/home/bma/git/fpga_design/redpitaya/pid_vco/pid_vco.srcs/sources_1/bd/pid_vco_wrapper/ipshared/0b6b/hdl/axi_register_slice_v2_1_vl_rfs.v:85]
INFO: [Synth 8-638] synthesizing module 'axi_register_slice_v2_1_11_axic_register_slice__parameterized5' [/home/bma/git/fpga_design/redpitaya/pid_vco/pid_vco.srcs/sources_1/bd/pid_vco_wrapper/ipshared/0b6b/hdl/axi_register_slice_v2_1_vl_rfs.v:85]
INFO: [Synth 8-256] done synthesizing module 'axi_register_slice_v2_1_11_axic_register_slice__parameterized5' (14#1) [/home/bma/git/fpga_design/redpitaya/pid_vco/pid_vco.srcs/sources_1/bd/pid_vco_wrapper/ipshared/0b6b/hdl/axi_register_slice_v2_1_vl_rfs.v:85]
INFO: [Synth 8-638] synthesizing module 'axi_register_slice_v2_1_11_axic_register_slice__parameterized6' [/home/bma/git/fpga_design/redpitaya/pid_vco/pid_vco.srcs/sources_1/bd/pid_vco_wrapper/ipshared/0b6b/hdl/axi_register_slice_v2_1_vl_rfs.v:85]
INFO: [Synth 8-256] done synthesizing module 'axi_register_slice_v2_1_11_axic_register_slice__parameterized6' (14#1) [/home/bma/git/fpga_design/redpitaya/pid_vco/pid_vco.srcs/sources_1/bd/pid_vco_wrapper/ipshared/0b6b/hdl/axi_register_slice_v2_1_vl_rfs.v:85]
INFO: [Synth 8-638] synthesizing module 'axi_register_slice_v2_1_11_axic_register_slice__parameterized7' [/home/bma/git/fpga_design/redpitaya/pid_vco/pid_vco.srcs/sources_1/bd/pid_vco_wrapper/ipshared/0b6b/hdl/axi_register_slice_v2_1_vl_rfs.v:85]
INFO: [Synth 8-256] done synthesizing module 'axi_register_slice_v2_1_11_axic_register_slice__parameterized7' (14#1) [/home/bma/git/fpga_design/redpitaya/pid_vco/pid_vco.srcs/sources_1/bd/pid_vco_wrapper/ipshared/0b6b/hdl/axi_register_slice_v2_1_vl_rfs.v:85]
INFO: [Synth 8-638] synthesizing module 'axi_infrastructure_v1_1_0_vector2axi__parameterized0' [/home/bma/git/fpga_design/redpitaya/pid_vco/pid_vco.srcs/sources_1/bd/pid_vco_wrapper/ipshared/7e3a/hdl/axi_infrastructure_v1_1_vl_rfs.v:474]
INFO: [Synth 8-256] done synthesizing module 'axi_infrastructure_v1_1_0_vector2axi__parameterized0' (14#1) [/home/bma/git/fpga_design/redpitaya/pid_vco/pid_vco.srcs/sources_1/bd/pid_vco_wrapper/ipshared/7e3a/hdl/axi_infrastructure_v1_1_vl_rfs.v:474]
INFO: [Synth 8-256] done synthesizing module 'axi_register_slice_v2_1_11_axi_register_slice__parameterized0' (14#1) [/home/bma/git/fpga_design/redpitaya/pid_vco/pid_vco.srcs/sources_1/bd/pid_vco_wrapper/ipshared/0b6b/hdl/axi_register_slice_v2_1_vl_rfs.v:791]
INFO: [Synth 8-256] done synthesizing module 'axi_protocol_converter_v2_1_11_b2s' (15#1) [/home/bma/git/fpga_design/redpitaya/pid_vco/pid_vco.srcs/sources_1/bd/pid_vco_wrapper/ipshared/df1b/hdl/axi_protocol_converter_v2_1_vl_rfs.v:4224]
INFO: [Synth 8-256] done synthesizing module 'axi_protocol_converter_v2_1_11_axi_protocol_converter' (16#1) [/home/bma/git/fpga_design/redpitaya/pid_vco/pid_vco.srcs/sources_1/bd/pid_vco_wrapper/ipshared/df1b/hdl/axi_protocol_converter_v2_1_vl_rfs.v:4806]
INFO: [Synth 8-256] done synthesizing module 'pid_vco_wrapper_auto_pc_0' (17#1) [/home/bma/git/fpga_design/redpitaya/pid_vco/pid_vco.srcs/sources_1/bd/pid_vco_wrapper/ip/pid_vco_wrapper_auto_pc_0/synth/pid_vco_wrapper_auto_pc_0.v:58]
Finished RTL Elaboration : Time (s): cpu = 00:02:13 ; elapsed = 00:02:27 . Memory (MB): peak = 1239.738 ; gain = 308.555 ; free physical = 1159 ; free virtual = 12250
Finished RTL Optimization Phase 1 : Time (s): cpu = 00:02:14 ; elapsed = 00:02:28 . Memory (MB): peak = 1239.738 ; gain = 308.555 ; free physical = 1159 ; free virtual = 12250
INFO: [Device 21-403] Loading part xc7z010clg400-1
Constraint Validation Runtime : Time (s): cpu = 00:00:00.28 ; elapsed = 00:00:00.21 . Memory (MB): peak = 1508.547 ; gain = 1.000 ; free physical = 935 ; free virtual = 12025
Finished Constraint Validation : Time (s): cpu = 00:02:54 ; elapsed = 00:03:09 . Memory (MB): peak = 1508.547 ; gain = 577.363 ; free physical = 1503 ; free virtual = 12594
Finished Loading Part and Timing Information : Time (s): cpu = 00:02:54 ; elapsed = 00:03:09 . Memory (MB): peak = 1508.547 ; gain = 577.363 ; free physical = 1503 ; free virtual = 12594
Finished applying 'set_property' XDC Constraints : Time (s): cpu = 00:02:54 ; elapsed = 00:03:09 . Memory (MB): peak = 1508.547 ; gain = 577.363 ; free physical = 1503 ; free virtual = 12594
Finished RTL Optimization Phase 2 : Time (s): cpu = 00:02:56 ; elapsed = 00:03:11 . Memory (MB): peak = 1508.547 ; gain = 577.363 ; free physical = 1495 ; free virtual = 12586
Finished Cross Boundary and Area Optimization : Time (s): cpu = 00:03:03 ; elapsed = 00:03:18 . Memory (MB): peak = 1508.547 ; gain = 577.363 ; free physical = 1464 ; free virtual = 12555
Finished Applying XDC Timing Constraints : Time (s): cpu = 00:03:23 ; elapsed = 00:03:39 . Memory (MB): peak = 1508.547 ; gain = 577.363 ; free physical = 1467 ; free virtual = 12525
Finished Timing Optimization : Time (s): cpu = 00:03:25 ; elapsed = 00:03:41 . Memory (MB): peak = 1524.148 ; gain = 592.965 ; free physical = 1425 ; free virtual = 12483
Finished Technology Mapping : Time (s): cpu = 00:03:26 ; elapsed = 00:03:41 . Memory (MB): peak = 1532.156 ; gain = 600.973 ; free physical = 1417 ; free virtual = 12475
Finished IO Insertion : Time (s): cpu = 00:03:26 ; elapsed = 00:03:42 . Memory (MB): peak = 1532.156 ; gain = 600.973 ; free physical = 1417 ; free virtual = 12475
Finished Renaming Generated Instances : Time (s): cpu = 00:03:26 ; elapsed = 00:03:42 . Memory (MB): peak = 1532.156 ; gain = 600.973 ; free physical = 1417 ; free virtual = 12475
Finished Rebuilding User Hierarchy : Time (s): cpu = 00:03:27 ; elapsed = 00:03:42 . Memory (MB): peak = 1532.156 ; gain = 600.973 ; free physical = 1417 ; free virtual = 12475
Finished Renaming Generated Ports : Time (s): cpu = 00:03:27 ; elapsed = 00:03:42 . Memory (MB): peak = 1532.156 ; gain = 600.973 ; free physical = 1417 ; free virtual = 12475
Finished Handling Custom Attributes : Time (s): cpu = 00:03:27 ; elapsed = 00:03:42 . Memory (MB): peak = 1532.156 ; gain = 600.973 ; free physical = 1417 ; free virtual = 12475
Finished Renaming Generated Nets : Time (s): cpu = 00:03:27 ; elapsed = 00:03:42 . Memory (MB): peak = 1532.156 ; gain = 600.973 ; free physical = 1417 ; free virtual = 12475

Report Cell Usage: 
+------+--------+------+
|      |Cell    |Count |
+------+--------+------+
|1     |CARRY4  |    18|
|2     |LUT1    |    38|
|3     |LUT2    |    18|
|4     |LUT3    |   235|
|5     |LUT4    |    41|
|6     |LUT5    |    70|
|7     |LUT6    |   106|
|8     |SRL16E  |    18|
|9     |SRLC32E |    47|
|10    |FDRE    |   548|
|11    |FDSE    |    51|
+------+--------+------+
Finished Writing Synthesis Report : Time (s): cpu = 00:03:27 ; elapsed = 00:03:42 . Memory (MB): peak = 1532.156 ; gain = 600.973 ; free physical = 1417 ; free virtual = 12475
synth_design: Time (s): cpu = 00:03:16 ; elapsed = 00:03:30 . Memory (MB): peak = 1532.164 ; gain = 501.477 ; free physical = 1419 ; free virtual = 12477
