
*** Running vivado
    with args -log pid_only_wrapper_xlconstant_0_0.vds -m64 -product Vivado -mode batch -messageDb vivado.pb -notrace -source pid_only_wrapper_xlconstant_0_0.tcl

awk: symbol lookup error: awk: undefined symbol: mpfr_z_sub

****** Vivado v2016.4 (64-bit)
  **** SW Build 1733598 on Wed Dec 14 22:35:42 MST 2016
  **** IP Build 1731160 on Wed Dec 14 23:47:21 MST 2016
    ** Copyright 1986-2016 Xilinx, Inc. All Rights Reserved.

source pid_only_wrapper_xlconstant_0_0.tcl -notrace
awk: symbol lookup error: awk: undefined symbol: mpfr_z_sub
Starting RTL Elaboration : Time (s): cpu = 00:00:31 ; elapsed = 00:00:38 . Memory (MB): peak = 1114.266 ; gain = 183.086 ; free physical = 2872 ; free virtual = 12784
INFO: [Synth 8-638] synthesizing module 'pid_only_wrapper_xlconstant_0_0' [/home/bma/git/fpga_design/redpitaya/pid_only/pid_only.srcs/sources_1/bd/pid_only_wrapper/ip/pid_only_wrapper_xlconstant_0_0/sim/pid_only_wrapper_xlconstant_0_0.v:56]
INFO: [Synth 8-638] synthesizing module 'xlconstant' [/home/bma/git/fpga_design/redpitaya/pid_only/pid_only.srcs/sources_1/bd/pid_only_wrapper/ipshared/e147/xlconstant.v:23]
INFO: [Synth 8-256] done synthesizing module 'xlconstant' (1#1) [/home/bma/git/fpga_design/redpitaya/pid_only/pid_only.srcs/sources_1/bd/pid_only_wrapper/ipshared/e147/xlconstant.v:23]
INFO: [Synth 8-256] done synthesizing module 'pid_only_wrapper_xlconstant_0_0' (2#1) [/home/bma/git/fpga_design/redpitaya/pid_only/pid_only.srcs/sources_1/bd/pid_only_wrapper/ip/pid_only_wrapper_xlconstant_0_0/sim/pid_only_wrapper_xlconstant_0_0.v:56]
Finished RTL Elaboration : Time (s): cpu = 00:00:34 ; elapsed = 00:00:41 . Memory (MB): peak = 1154.734 ; gain = 223.555 ; free physical = 2819 ; free virtual = 12705
Finished RTL Optimization Phase 1 : Time (s): cpu = 00:00:35 ; elapsed = 00:00:42 . Memory (MB): peak = 1154.734 ; gain = 223.555 ; free physical = 2816 ; free virtual = 12702
INFO: [Device 21-403] Loading part xc7z010clg400-1
Constraint Validation Runtime : Time (s): cpu = 00:00:00.03 ; elapsed = 00:00:00.02 . Memory (MB): peak = 1392.895 ; gain = 0.000 ; free physical = 2357 ; free virtual = 12248
Finished Constraint Validation : Time (s): cpu = 00:01:01 ; elapsed = 00:01:10 . Memory (MB): peak = 1392.895 ; gain = 461.715 ; free physical = 2125 ; free virtual = 12025
Finished Loading Part and Timing Information : Time (s): cpu = 00:01:01 ; elapsed = 00:01:10 . Memory (MB): peak = 1392.895 ; gain = 461.715 ; free physical = 2125 ; free virtual = 12025
Finished applying 'set_property' XDC Constraints : Time (s): cpu = 00:01:01 ; elapsed = 00:01:10 . Memory (MB): peak = 1392.895 ; gain = 461.715 ; free physical = 2125 ; free virtual = 12024
Finished RTL Optimization Phase 2 : Time (s): cpu = 00:01:01 ; elapsed = 00:01:10 . Memory (MB): peak = 1392.895 ; gain = 461.715 ; free physical = 2124 ; free virtual = 12024
Finished Cross Boundary and Area Optimization : Time (s): cpu = 00:01:02 ; elapsed = 00:01:11 . Memory (MB): peak = 1392.895 ; gain = 461.715 ; free physical = 2100 ; free virtual = 12016
Finished Applying XDC Timing Constraints : Time (s): cpu = 00:01:28 ; elapsed = 00:01:41 . Memory (MB): peak = 1437.895 ; gain = 506.715 ; free physical = 1693 ; free virtual = 11595
Finished Timing Optimization : Time (s): cpu = 00:01:28 ; elapsed = 00:01:41 . Memory (MB): peak = 1437.895 ; gain = 506.715 ; free physical = 1693 ; free virtual = 11595
Finished Technology Mapping : Time (s): cpu = 00:01:28 ; elapsed = 00:01:41 . Memory (MB): peak = 1446.910 ; gain = 515.730 ; free physical = 1668 ; free virtual = 11570
Finished IO Insertion : Time (s): cpu = 00:01:29 ; elapsed = 00:01:43 . Memory (MB): peak = 1446.910 ; gain = 515.730 ; free physical = 1625 ; free virtual = 11524
Finished Renaming Generated Instances : Time (s): cpu = 00:01:29 ; elapsed = 00:01:43 . Memory (MB): peak = 1446.910 ; gain = 515.730 ; free physical = 1625 ; free virtual = 11524
Finished Rebuilding User Hierarchy : Time (s): cpu = 00:01:29 ; elapsed = 00:01:43 . Memory (MB): peak = 1446.910 ; gain = 515.730 ; free physical = 1625 ; free virtual = 11524
Finished Renaming Generated Ports : Time (s): cpu = 00:01:29 ; elapsed = 00:01:43 . Memory (MB): peak = 1446.910 ; gain = 515.730 ; free physical = 1625 ; free virtual = 11524
Finished Handling Custom Attributes : Time (s): cpu = 00:01:30 ; elapsed = 00:01:43 . Memory (MB): peak = 1446.910 ; gain = 515.730 ; free physical = 1622 ; free virtual = 11521
Finished Renaming Generated Nets : Time (s): cpu = 00:01:30 ; elapsed = 00:01:43 . Memory (MB): peak = 1446.910 ; gain = 515.730 ; free physical = 1622 ; free virtual = 11521

Report Cell Usage: 
+-+-----+------+
| |Cell |Count |
+-+-----+------+
+-+-----+------+
Finished Writing Synthesis Report : Time (s): cpu = 00:01:30 ; elapsed = 00:01:43 . Memory (MB): peak = 1446.910 ; gain = 515.730 ; free physical = 1622 ; free virtual = 11521
synth_design: Time (s): cpu = 00:01:16 ; elapsed = 00:01:25 . Memory (MB): peak = 1458.910 ; gain = 426.227 ; free physical = 1522 ; free virtual = 11421
