
*** Running vivado
    with args -log design_1_proc_sys_reset_0_0.vds -m64 -product Vivado -mode batch -messageDb vivado.pb -notrace -source design_1_proc_sys_reset_0_0.tcl

awk: symbol lookup error: awk: undefined symbol: mpfr_z_sub

****** Vivado v2016.4 (64-bit)
  **** SW Build 1733598 on Wed Dec 14 22:35:42 MST 2016
  **** IP Build 1731160 on Wed Dec 14 23:47:21 MST 2016
    ** Copyright 1986-2016 Xilinx, Inc. All Rights Reserved.

source design_1_proc_sys_reset_0_0.tcl -notrace
awk: symbol lookup error: awk: undefined symbol: mpfr_z_sub
Starting RTL Elaboration : Time (s): cpu = 00:00:24 ; elapsed = 00:00:26 . Memory (MB): peak = 1111.270 ; gain = 180.086 ; free physical = 2168 ; free virtual = 12890
INFO: [Synth 8-638] synthesizing module 'design_1_proc_sys_reset_0_0' [/home/bma/git/fpga_design/redpitaya/dds_gnuradio/dds_gnuradio.srcs/sources_1/bd/design_1/ip/design_1_proc_sys_reset_0_0/synth/design_1_proc_sys_reset_0_0.vhd:71]
INFO: [Synth 8-638] synthesizing module 'proc_sys_reset' [/home/bma/git/fpga_design/redpitaya/dds_gnuradio/dds_gnuradio.srcs/sources_1/bd/design_1/ipshared/04b4/hdl/proc_sys_reset_v5_0_vh_rfs.vhd:1323]
INFO: [Synth 8-638] synthesizing module 'lpf' [/home/bma/git/fpga_design/redpitaya/dds_gnuradio/dds_gnuradio.srcs/sources_1/bd/design_1/ipshared/04b4/hdl/proc_sys_reset_v5_0_vh_rfs.vhd:816]
INFO: [Synth 8-638] synthesizing module 'SRL16' [/opt/Xilinx/Vivado/2016.4/scripts/rt/data/unisim_comp.v:43312]
INFO: [Synth 8-256] done synthesizing module 'SRL16' (1#1) [/opt/Xilinx/Vivado/2016.4/scripts/rt/data/unisim_comp.v:43312]
INFO: [Synth 8-638] synthesizing module 'cdc_sync' [/home/bma/git/fpga_design/redpitaya/dds_gnuradio/dds_gnuradio.srcs/sources_1/bd/design_1/ipshared/52cb/hdl/lib_cdc_v1_0_rfs.vhd:106]
INFO: [Synth 8-256] done synthesizing module 'cdc_sync' (2#1) [/home/bma/git/fpga_design/redpitaya/dds_gnuradio/dds_gnuradio.srcs/sources_1/bd/design_1/ipshared/52cb/hdl/lib_cdc_v1_0_rfs.vhd:106]
INFO: [Synth 8-256] done synthesizing module 'lpf' (3#1) [/home/bma/git/fpga_design/redpitaya/dds_gnuradio/dds_gnuradio.srcs/sources_1/bd/design_1/ipshared/04b4/hdl/proc_sys_reset_v5_0_vh_rfs.vhd:816]
INFO: [Synth 8-638] synthesizing module 'sequence_psr' [/home/bma/git/fpga_design/redpitaya/dds_gnuradio/dds_gnuradio.srcs/sources_1/bd/design_1/ipshared/04b4/hdl/proc_sys_reset_v5_0_vh_rfs.vhd:301]
INFO: [Synth 8-638] synthesizing module 'upcnt_n' [/home/bma/git/fpga_design/redpitaya/dds_gnuradio/dds_gnuradio.srcs/sources_1/bd/design_1/ipshared/04b4/hdl/proc_sys_reset_v5_0_vh_rfs.vhd:125]
INFO: [Synth 8-256] done synthesizing module 'upcnt_n' (4#1) [/home/bma/git/fpga_design/redpitaya/dds_gnuradio/dds_gnuradio.srcs/sources_1/bd/design_1/ipshared/04b4/hdl/proc_sys_reset_v5_0_vh_rfs.vhd:125]
INFO: [Synth 8-256] done synthesizing module 'sequence_psr' (5#1) [/home/bma/git/fpga_design/redpitaya/dds_gnuradio/dds_gnuradio.srcs/sources_1/bd/design_1/ipshared/04b4/hdl/proc_sys_reset_v5_0_vh_rfs.vhd:301]
INFO: [Synth 8-256] done synthesizing module 'proc_sys_reset' (6#1) [/home/bma/git/fpga_design/redpitaya/dds_gnuradio/dds_gnuradio.srcs/sources_1/bd/design_1/ipshared/04b4/hdl/proc_sys_reset_v5_0_vh_rfs.vhd:1323]
INFO: [Synth 8-256] done synthesizing module 'design_1_proc_sys_reset_0_0' (7#1) [/home/bma/git/fpga_design/redpitaya/dds_gnuradio/dds_gnuradio.srcs/sources_1/bd/design_1/ip/design_1_proc_sys_reset_0_0/synth/design_1_proc_sys_reset_0_0.vhd:71]
Finished RTL Elaboration : Time (s): cpu = 00:00:26 ; elapsed = 00:00:29 . Memory (MB): peak = 1151.738 ; gain = 220.555 ; free physical = 1968 ; free virtual = 12691
Finished RTL Optimization Phase 1 : Time (s): cpu = 00:00:27 ; elapsed = 00:00:29 . Memory (MB): peak = 1151.738 ; gain = 220.555 ; free physical = 1960 ; free virtual = 12683
INFO: [Device 21-403] Loading part xc7z010clg400-1
Constraint Validation Runtime : Time (s): cpu = 00:00:00.03 ; elapsed = 00:00:00.03 . Memory (MB): peak = 1487.906 ; gain = 0.000 ; free physical = 2240 ; free virtual = 12966
Finished Constraint Validation : Time (s): cpu = 00:00:52 ; elapsed = 00:00:55 . Memory (MB): peak = 1487.906 ; gain = 556.723 ; free physical = 2085 ; free virtual = 12811
Finished Loading Part and Timing Information : Time (s): cpu = 00:00:52 ; elapsed = 00:00:55 . Memory (MB): peak = 1487.906 ; gain = 556.723 ; free physical = 2085 ; free virtual = 12811
Finished applying 'set_property' XDC Constraints : Time (s): cpu = 00:00:52 ; elapsed = 00:00:55 . Memory (MB): peak = 1487.906 ; gain = 556.723 ; free physical = 2085 ; free virtual = 12811
Finished RTL Optimization Phase 2 : Time (s): cpu = 00:00:53 ; elapsed = 00:00:56 . Memory (MB): peak = 1487.906 ; gain = 556.723 ; free physical = 2072 ; free virtual = 12799
Finished Cross Boundary and Area Optimization : Time (s): cpu = 00:00:53 ; elapsed = 00:00:56 . Memory (MB): peak = 1487.906 ; gain = 556.723 ; free physical = 2053 ; free virtual = 12779
Finished Applying XDC Timing Constraints : Time (s): cpu = 00:01:13 ; elapsed = 00:01:17 . Memory (MB): peak = 1487.906 ; gain = 556.723 ; free physical = 1938 ; free virtual = 12664
Finished Timing Optimization : Time (s): cpu = 00:01:13 ; elapsed = 00:01:17 . Memory (MB): peak = 1487.906 ; gain = 556.723 ; free physical = 1938 ; free virtual = 12664
Finished Technology Mapping : Time (s): cpu = 00:01:13 ; elapsed = 00:01:17 . Memory (MB): peak = 1487.906 ; gain = 556.723 ; free physical = 1920 ; free virtual = 12646
Finished IO Insertion : Time (s): cpu = 00:01:15 ; elapsed = 00:01:18 . Memory (MB): peak = 1487.906 ; gain = 556.723 ; free physical = 1913 ; free virtual = 12639
Finished Renaming Generated Instances : Time (s): cpu = 00:01:15 ; elapsed = 00:01:18 . Memory (MB): peak = 1487.906 ; gain = 556.723 ; free physical = 1912 ; free virtual = 12638
Finished Rebuilding User Hierarchy : Time (s): cpu = 00:01:15 ; elapsed = 00:01:18 . Memory (MB): peak = 1487.906 ; gain = 556.723 ; free physical = 1911 ; free virtual = 12637
Finished Renaming Generated Ports : Time (s): cpu = 00:01:15 ; elapsed = 00:01:18 . Memory (MB): peak = 1487.906 ; gain = 556.723 ; free physical = 1911 ; free virtual = 12637
Finished Handling Custom Attributes : Time (s): cpu = 00:01:15 ; elapsed = 00:01:18 . Memory (MB): peak = 1487.906 ; gain = 556.723 ; free physical = 1905 ; free virtual = 12631
Finished Renaming Generated Nets : Time (s): cpu = 00:01:15 ; elapsed = 00:01:18 . Memory (MB): peak = 1487.906 ; gain = 556.723 ; free physical = 1905 ; free virtual = 12631

Report Cell Usage: 
+------+------+------+
|      |Cell  |Count |
+------+------+------+
|1     |LUT1  |     5|
|2     |LUT2  |     9|
|3     |LUT3  |     1|
|4     |LUT4  |     6|
|5     |LUT5  |     3|
|6     |LUT6  |     1|
|7     |SRL16 |     1|
|8     |FDR   |     8|
|9     |FDRE  |    28|
|10    |FDSE  |     4|
+------+------+------+
Finished Writing Synthesis Report : Time (s): cpu = 00:01:15 ; elapsed = 00:01:18 . Memory (MB): peak = 1487.906 ; gain = 556.723 ; free physical = 1905 ; free virtual = 12631
synth_design: Time (s): cpu = 00:01:05 ; elapsed = 00:01:08 . Memory (MB): peak = 1487.914 ; gain = 457.227 ; free physical = 1866 ; free virtual = 12593
