
*** Running vivado
    with args -log pid_vco_amp_mod_pid_only_wrapper_xlconstant_0_0.vds -m64 -product Vivado -mode batch -messageDb vivado.pb -notrace -source pid_vco_amp_mod_pid_only_wrapper_xlconstant_0_0.tcl


****** Vivado v2016.4 (64-bit)
  **** SW Build 1733598 on Wed Dec 14 22:35:42 MST 2016
  **** IP Build 1731160 on Wed Dec 14 23:47:21 MST 2016
    ** Copyright 1986-2016 Xilinx, Inc. All Rights Reserved.

source pid_vco_amp_mod_pid_only_wrapper_xlconstant_0_0.tcl -notrace
Starting RTL Elaboration : Time (s): cpu = 00:00:28 ; elapsed = 00:00:32 . Memory (MB): peak = 1111.934 ; gain = 180.086 ; free physical = 1293 ; free virtual = 10971
INFO: [Synth 8-638] synthesizing module 'pid_vco_amp_mod_pid_only_wrapper_xlconstant_0_0' [/home/bma/git/fpga_design/redpitaya/pid_vco_amp_mod_pid_only/pid_vco_amp_mod_pid_only.srcs/sources_1/bd/pid_vco_amp_mod_pid_only_wrapper/ip/pid_vco_amp_mod_pid_only_wrapper_xlconstant_0_0/sim/pid_vco_amp_mod_pid_only_wrapper_xlconstant_0_0.v:56]
INFO: [Synth 8-638] synthesizing module 'xlconstant' [/home/bma/git/fpga_design/redpitaya/pid_vco_amp_mod_pid_only/pid_vco_amp_mod_pid_only.srcs/sources_1/bd/pid_vco_amp_mod_pid_only_wrapper/ipshared/e147/xlconstant.v:23]
INFO: [Synth 8-256] done synthesizing module 'xlconstant' (1#1) [/home/bma/git/fpga_design/redpitaya/pid_vco_amp_mod_pid_only/pid_vco_amp_mod_pid_only.srcs/sources_1/bd/pid_vco_amp_mod_pid_only_wrapper/ipshared/e147/xlconstant.v:23]
INFO: [Synth 8-256] done synthesizing module 'pid_vco_amp_mod_pid_only_wrapper_xlconstant_0_0' (2#1) [/home/bma/git/fpga_design/redpitaya/pid_vco_amp_mod_pid_only/pid_vco_amp_mod_pid_only.srcs/sources_1/bd/pid_vco_amp_mod_pid_only_wrapper/ip/pid_vco_amp_mod_pid_only_wrapper_xlconstant_0_0/sim/pid_vco_amp_mod_pid_only_wrapper_xlconstant_0_0.v:56]
Finished RTL Elaboration : Time (s): cpu = 00:00:31 ; elapsed = 00:00:36 . Memory (MB): peak = 1153.402 ; gain = 221.555 ; free physical = 1174 ; free virtual = 10851
Finished RTL Optimization Phase 1 : Time (s): cpu = 00:00:31 ; elapsed = 00:00:36 . Memory (MB): peak = 1153.402 ; gain = 221.555 ; free physical = 1125 ; free virtual = 10803
INFO: [Device 21-403] Loading part xc7z010clg400-1
Constraint Validation Runtime : Time (s): cpu = 00:00:00.03 ; elapsed = 00:00:00.03 . Memory (MB): peak = 1393.793 ; gain = 1.000 ; free physical = 469 ; free virtual = 10266
Finished Constraint Validation : Time (s): cpu = 00:01:01 ; elapsed = 00:01:12 . Memory (MB): peak = 1393.793 ; gain = 461.945 ; free physical = 381 ; free virtual = 10225
Finished Loading Part and Timing Information : Time (s): cpu = 00:01:01 ; elapsed = 00:01:12 . Memory (MB): peak = 1393.793 ; gain = 461.945 ; free physical = 380 ; free virtual = 10225
Finished applying 'set_property' XDC Constraints : Time (s): cpu = 00:01:01 ; elapsed = 00:01:12 . Memory (MB): peak = 1393.793 ; gain = 461.945 ; free physical = 380 ; free virtual = 10224
Finished RTL Optimization Phase 2 : Time (s): cpu = 00:01:01 ; elapsed = 00:01:12 . Memory (MB): peak = 1393.793 ; gain = 461.945 ; free physical = 380 ; free virtual = 10224
Finished Cross Boundary and Area Optimization : Time (s): cpu = 00:01:02 ; elapsed = 00:01:13 . Memory (MB): peak = 1393.793 ; gain = 461.945 ; free physical = 355 ; free virtual = 10199
Finished Applying XDC Timing Constraints : Time (s): cpu = 00:01:27 ; elapsed = 00:01:41 . Memory (MB): peak = 1437.793 ; gain = 505.945 ; free physical = 127 ; free virtual = 9880
Finished Timing Optimization : Time (s): cpu = 00:01:27 ; elapsed = 00:01:41 . Memory (MB): peak = 1437.793 ; gain = 505.945 ; free physical = 116 ; free virtual = 9864
Finished Technology Mapping : Time (s): cpu = 00:01:27 ; elapsed = 00:01:41 . Memory (MB): peak = 1446.809 ; gain = 514.961 ; free physical = 129 ; free virtual = 9840
Finished IO Insertion : Time (s): cpu = 00:01:28 ; elapsed = 00:01:42 . Memory (MB): peak = 1446.809 ; gain = 514.961 ; free physical = 210 ; free virtual = 9884
Finished Renaming Generated Instances : Time (s): cpu = 00:01:28 ; elapsed = 00:01:42 . Memory (MB): peak = 1446.809 ; gain = 514.961 ; free physical = 210 ; free virtual = 9884
Finished Rebuilding User Hierarchy : Time (s): cpu = 00:01:28 ; elapsed = 00:01:42 . Memory (MB): peak = 1446.809 ; gain = 514.961 ; free physical = 210 ; free virtual = 9884
Finished Renaming Generated Ports : Time (s): cpu = 00:01:28 ; elapsed = 00:01:42 . Memory (MB): peak = 1446.809 ; gain = 514.961 ; free physical = 210 ; free virtual = 9884
Finished Handling Custom Attributes : Time (s): cpu = 00:01:29 ; elapsed = 00:01:42 . Memory (MB): peak = 1446.809 ; gain = 514.961 ; free physical = 209 ; free virtual = 9883
Finished Renaming Generated Nets : Time (s): cpu = 00:01:29 ; elapsed = 00:01:42 . Memory (MB): peak = 1446.809 ; gain = 514.961 ; free physical = 209 ; free virtual = 9882

Report Cell Usage: 
+-+-----+------+
| |Cell |Count |
+-+-----+------+
+-+-----+------+
Finished Writing Synthesis Report : Time (s): cpu = 00:01:29 ; elapsed = 00:01:42 . Memory (MB): peak = 1446.809 ; gain = 514.961 ; free physical = 208 ; free virtual = 9882
synth_design: Time (s): cpu = 00:01:17 ; elapsed = 00:01:29 . Memory (MB): peak = 1459.809 ; gain = 427.457 ; free physical = 175 ; free virtual = 9849
