Copyright 1986-2016 Xilinx, Inc. All Rights Reserved.
------------------------------------------------------------------------------------
| Tool Version : Vivado v.2016.4 (lin64) Build 1733598 Wed Dec 14 22:35:42 MST 2016
| Date         : Fri Jul  7 19:16:49 2017
| Host         : ux305 running 64-bit Debian GNU/Linux 9.0 (stretch)
| Command      : upgrade_ip
| Device       : xc7z010clg400-1
------------------------------------------------------------------------------------

Upgrade Log for IP 'pid_only_wrapper_red_pitaya_pidv3_0_0'

1. Summary
----------

SUCCESS in the upgrade of pid_only_wrapper_red_pitaya_pidv3_0_0 (user.org:user:red_pitaya_pidv3:1.0) from (Rev. 6) to (Rev. 7)






Copyright 1986-2016 Xilinx, Inc. All Rights Reserved.
------------------------------------------------------------------------------------
| Tool Version : Vivado v.2016.4 (lin64) Build 1733598 Wed Dec 14 22:35:42 MST 2016
| Date         : Fri Jul  7 17:24:07 2017
| Host         : ux305 running 64-bit Debian GNU/Linux 9.0 (stretch)
| Command      : upgrade_ip
| Device       : xc7z010clg400-1
------------------------------------------------------------------------------------

Upgrade Log for IP 'pid_only_wrapper_red_pitaya_pidv3_0_0'

1. Summary
----------

SUCCESS in the update of pid_only_wrapper_red_pitaya_pidv3_0_0 (user.org:user:red_pitaya_pidv3:1.0 (Rev. 6)) to current project options.






Copyright 1986-2016 Xilinx, Inc. All Rights Reserved.
------------------------------------------------------------------------------------
| Tool Version : Vivado v.2016.4 (lin64) Build 1733598 Wed Dec 14 22:35:42 MST 2016
| Date         : Fri Jul  7 17:21:57 2017
| Host         : ux305 running 64-bit Debian GNU/Linux 9.0 (stretch)
| Command      : upgrade_ip
| Device       : xc7z010clg400-1
------------------------------------------------------------------------------------

Upgrade Log for IP 'pid_only_wrapper_red_pitaya_pidv3_0_0'

1. Summary
----------

SUCCESS in the update of pid_only_wrapper_red_pitaya_pidv3_0_0 (user.org:user:red_pitaya_pidv3:1.0 (Rev. 6)) to current project options.






Copyright 1986-2016 Xilinx, Inc. All Rights Reserved.
------------------------------------------------------------------------------------
| Tool Version : Vivado v.2016.4 (lin64) Build 1733598 Wed Dec 14 22:35:42 MST 2016
| Date         : Fri Jul  7 17:20:23 2017
| Host         : ux305 running 64-bit Debian GNU/Linux 9.0 (stretch)
| Command      : upgrade_ip
| Device       : xc7z010clg400-1
------------------------------------------------------------------------------------

Upgrade Log for IP 'pid_only_wrapper_red_pitaya_pidv3_0_0'

1. Summary
----------

SUCCESS in the update of pid_only_wrapper_red_pitaya_pidv3_0_0 (user.org:user:red_pitaya_pidv3:1.0 (Rev. 6)) to current project options.






Copyright 1986-2016 Xilinx, Inc. All Rights Reserved.
------------------------------------------------------------------------------------
| Tool Version : Vivado v.2016.4 (lin64) Build 1733598 Wed Dec 14 22:35:42 MST 2016
| Date         : Fri Jul  7 17:03:19 2017
| Host         : ux305 running 64-bit Debian GNU/Linux 9.0 (stretch)
| Command      : upgrade_ip
| Device       : xc7z010clg400-1
------------------------------------------------------------------------------------

Upgrade Log for IP 'pid_only_wrapper_red_pitaya_pidv3_0_0'

1. Summary
----------

SUCCESS in the update of pid_only_wrapper_red_pitaya_pidv3_0_0 (user.org:user:red_pitaya_pidv3:1.0 (Rev. 6)) to current project options.






Copyright 1986-2016 Xilinx, Inc. All Rights Reserved.
------------------------------------------------------------------------------------
| Tool Version : Vivado v.2016.4 (lin64) Build 1733598 Wed Dec 14 22:35:42 MST 2016
| Date         : Fri Jul  7 16:41:23 2017
| Host         : ux305 running 64-bit Debian GNU/Linux 9.0 (stretch)
| Command      : upgrade_ip
| Device       : xc7z010clg400-1
------------------------------------------------------------------------------------

Upgrade Log for IP 'pid_only_wrapper_red_pitaya_pidv3_0_0'

1. Summary
----------

SUCCESS in the update of pid_only_wrapper_red_pitaya_pidv3_0_0 (user.org:user:red_pitaya_pidv3:1.0 (Rev. 6)) to current project options.






Copyright 1986-2016 Xilinx, Inc. All Rights Reserved.
------------------------------------------------------------------------------------
| Tool Version : Vivado v.2016.4 (lin64) Build 1733598 Wed Dec 14 22:35:42 MST 2016
| Date         : Fri Jul  7 16:38:23 2017
| Host         : ux305 running 64-bit Debian GNU/Linux 9.0 (stretch)
| Command      : upgrade_ip
| Device       : xc7z010clg400-1
------------------------------------------------------------------------------------

Upgrade Log for IP 'pid_only_wrapper_red_pitaya_pidv3_0_0'

1. Summary
----------

SUCCESS in the update of pid_only_wrapper_red_pitaya_pidv3_0_0 (user.org:user:red_pitaya_pidv3:1.0 (Rev. 6)) to current project options.






Copyright 1986-2016 Xilinx, Inc. All Rights Reserved.
------------------------------------------------------------------------------------
| Tool Version : Vivado v.2016.4 (lin64) Build 1733598 Wed Dec 14 22:35:42 MST 2016
| Date         : Fri Jul  7 16:33:54 2017
| Host         : ux305 running 64-bit Debian GNU/Linux 9.0 (stretch)
| Command      : upgrade_ip
| Device       : xc7z010clg400-1
------------------------------------------------------------------------------------

Upgrade Log for IP 'pid_only_wrapper_red_pitaya_pidv3_0_0'

1. Summary
----------

SUCCESS in the update of pid_only_wrapper_red_pitaya_pidv3_0_0 (user.org:user:red_pitaya_pidv3:1.0 (Rev. 6)) to current project options.






Copyright 1986-2016 Xilinx, Inc. All Rights Reserved.
------------------------------------------------------------------------------------
| Tool Version : Vivado v.2016.4 (lin64) Build 1733598 Wed Dec 14 22:35:42 MST 2016
| Date         : Fri Jul  7 16:27:24 2017
| Host         : ux305 running 64-bit Debian GNU/Linux 9.0 (stretch)
| Command      : upgrade_ip
| Device       : xc7z010clg400-1
------------------------------------------------------------------------------------

Upgrade Log for IP 'pid_only_wrapper_red_pitaya_pidv3_0_0'

1. Summary
----------

SUCCESS in the update of pid_only_wrapper_red_pitaya_pidv3_0_0 (user.org:user:red_pitaya_pidv3:1.0 (Rev. 6)) to current project options.






Copyright 1986-2016 Xilinx, Inc. All Rights Reserved.
------------------------------------------------------------------------------------
| Tool Version : Vivado v.2016.4 (lin64) Build 1733598 Wed Dec 14 22:35:42 MST 2016
| Date         : Fri Jul  7 13:59:49 2017
| Host         : ux305 running 64-bit Debian GNU/Linux 9.0 (stretch)
| Command      : upgrade_ip
| Device       : xc7z010clg400-1
------------------------------------------------------------------------------------

Upgrade Log for IP 'pid_only_wrapper_red_pitaya_pidv3_0_0'

1. Summary
----------

SUCCESS in the update of pid_only_wrapper_red_pitaya_pidv3_0_0 (user.org:user:red_pitaya_pidv3:1.0 (Rev. 6)) to current project options.






Copyright 1986-2016 Xilinx, Inc. All Rights Reserved.
------------------------------------------------------------------------------------
| Tool Version : Vivado v.2016.4 (lin64) Build 1733598 Wed Dec 14 22:35:42 MST 2016
| Date         : Fri Jul  7 13:52:51 2017
| Host         : ux305 running 64-bit Debian GNU/Linux 9.0 (stretch)
| Command      : upgrade_ip
| Device       : xc7z010clg400-1
------------------------------------------------------------------------------------

Upgrade Log for IP 'pid_only_wrapper_red_pitaya_pidv3_0_0'

1. Summary
----------

SUCCESS in the update of pid_only_wrapper_red_pitaya_pidv3_0_0 (user.org:user:red_pitaya_pidv3:1.0 (Rev. 6)) to current project options.






Copyright 1986-2016 Xilinx, Inc. All Rights Reserved.
------------------------------------------------------------------------------------
| Tool Version : Vivado v.2016.4 (lin64) Build 1733598 Wed Dec 14 22:35:42 MST 2016
| Date         : Fri Jul  7 12:27:01 2017
| Host         : ux305 running 64-bit Debian GNU/Linux 9.0 (stretch)
| Command      : upgrade_ip
| Device       : xc7z010clg400-1
------------------------------------------------------------------------------------

Upgrade Log for IP 'pid_only_wrapper_red_pitaya_pidv3_0_0'

1. Summary
----------

SUCCESS in the update of pid_only_wrapper_red_pitaya_pidv3_0_0 (user.org:user:red_pitaya_pidv3:1.0 (Rev. 6)) to current project options.






Copyright 1986-2016 Xilinx, Inc. All Rights Reserved.
------------------------------------------------------------------------------------
| Tool Version : Vivado v.2016.4 (lin64) Build 1733598 Wed Dec 14 22:35:42 MST 2016
| Date         : Fri Jul  7 12:19:10 2017
| Host         : ux305 running 64-bit Debian GNU/Linux 9.0 (stretch)
| Command      : upgrade_ip
| Device       : xc7z010clg400-1
------------------------------------------------------------------------------------

Upgrade Log for IP 'pid_only_wrapper_red_pitaya_pidv3_0_0'

1. Summary
----------

SUCCESS in the update of pid_only_wrapper_red_pitaya_pidv3_0_0 (user.org:user:red_pitaya_pidv3:1.0 (Rev. 6)) to current project options.






Copyright 1986-2016 Xilinx, Inc. All Rights Reserved.
------------------------------------------------------------------------------------
| Tool Version : Vivado v.2016.4 (lin64) Build 1733598 Wed Dec 14 22:35:42 MST 2016
| Date         : Fri Jul  7 12:10:47 2017
| Host         : ux305 running 64-bit Debian GNU/Linux 9.0 (stretch)
| Command      : upgrade_ip
| Device       : xc7z010clg400-1
------------------------------------------------------------------------------------

Upgrade Log for IP 'pid_only_wrapper_red_pitaya_pidv3_0_0'

1. Summary
----------

SUCCESS in the update of pid_only_wrapper_red_pitaya_pidv3_0_0 (user.org:user:red_pitaya_pidv3:1.0 (Rev. 6)) to current project options.






Copyright 1986-2016 Xilinx, Inc. All Rights Reserved.
------------------------------------------------------------------------------------
| Tool Version : Vivado v.2016.4 (lin64) Build 1733598 Wed Dec 14 22:35:42 MST 2016
| Date         : Fri Jul  7 11:59:29 2017
| Host         : ux305 running 64-bit Debian GNU/Linux 9.0 (stretch)
| Command      : upgrade_ip
| Device       : xc7z010clg400-1
------------------------------------------------------------------------------------

Upgrade Log for IP 'pid_only_wrapper_red_pitaya_pidv3_0_0'

1. Summary
----------

SUCCESS in the update of pid_only_wrapper_red_pitaya_pidv3_0_0 (user.org:user:red_pitaya_pidv3:1.0 (Rev. 6)) to current project options.






Copyright 1986-2016 Xilinx, Inc. All Rights Reserved.
------------------------------------------------------------------------------------
| Tool Version : Vivado v.2016.4 (lin64) Build 1733598 Wed Dec 14 22:35:42 MST 2016
| Date         : Tue Apr 25 11:56:24 2017
| Host         : ux305 running 64-bit Debian GNU/Linux 9.0 (stretch)
| Command      : upgrade_ip
| Device       : xc7z010clg400-1
------------------------------------------------------------------------------------

Upgrade Log for IP 'pid_only_wrapper_ltc2145_0_0'

1. Summary
----------

SUCCESS in the upgrade of pid_only_wrapper_ltc2145_0_0 (gwbs:user:ltc2145:1.0) from (Rev. 10) to (Rev. 11)






Copyright 1986-2016 Xilinx, Inc. All Rights Reserved.
------------------------------------------------------------------------------------
| Tool Version : Vivado v.2016.4 (lin64) Build 1733598 Wed Dec 14 22:35:42 MST 2016
| Date         : Thu Mar 30 10:25:04 2017
| Host         : ux305 running 64-bit Debian GNU/Linux 9.0 (stretch)
| Command      : upgrade_ip
| Device       : xc7z010clg400-1
------------------------------------------------------------------------------------

Upgrade Log for IP 'pid_only_wrapper_red_pitaya_pidv3_0_0'

1. Summary
----------

SUCCESS in the update of pid_only_wrapper_red_pitaya_pidv3_0_0 (user.org:user:red_pitaya_pidv3:1.0 (Rev. 6)) to current project options.






Copyright 1986-2016 Xilinx, Inc. All Rights Reserved.
------------------------------------------------------------------------------------
| Tool Version : Vivado v.2016.4 (lin64) Build 1733598 Wed Dec 14 22:35:42 MST 2016
| Date         : Thu Mar 30 10:22:00 2017
| Host         : ux305 running 64-bit Debian GNU/Linux 9.0 (stretch)
| Command      : upgrade_ip
| Device       : xc7z010clg400-1
------------------------------------------------------------------------------------

Upgrade Log for IP 'pid_only_wrapper_red_pitaya_pidv3_0_0'

1. Summary
----------

SUCCESS in the update of pid_only_wrapper_red_pitaya_pidv3_0_0 (user.org:user:red_pitaya_pidv3:1.0 (Rev. 6)) to current project options.






Copyright 1986-2016 Xilinx, Inc. All Rights Reserved.
------------------------------------------------------------------------------------
| Tool Version : Vivado v.2016.4 (lin64) Build 1733598 Wed Dec 14 22:35:42 MST 2016
| Date         : Thu Mar 30 10:14:17 2017
| Host         : ux305 running 64-bit Debian GNU/Linux 9.0 (stretch)
| Command      : upgrade_ip
| Device       : xc7z010clg400-1
------------------------------------------------------------------------------------

Upgrade Log for IP 'pid_only_wrapper_red_pitaya_pidv3_0_0'

1. Summary
----------

SUCCESS in the update of pid_only_wrapper_red_pitaya_pidv3_0_0 (user.org:user:red_pitaya_pidv3:1.0 (Rev. 6)) to current project options.






Copyright 1986-2016 Xilinx, Inc. All Rights Reserved.
------------------------------------------------------------------------------------
| Tool Version : Vivado v.2016.4 (lin64) Build 1733598 Wed Dec 14 22:35:42 MST 2016
| Date         : Thu Mar 30 09:31:43 2017
| Host         : ux305 running 64-bit Debian GNU/Linux 9.0 (stretch)
| Command      : upgrade_ip
| Device       : xc7z010clg400-1
------------------------------------------------------------------------------------

Upgrade Log for IP 'pid_only_wrapper_red_pitaya_pidv3_0_0'

1. Summary
----------

SUCCESS in the update of pid_only_wrapper_red_pitaya_pidv3_0_0 (user.org:user:red_pitaya_pidv3:1.0 (Rev. 6)) to current project options.






Copyright 1986-2016 Xilinx, Inc. All Rights Reserved.
------------------------------------------------------------------------------------
| Tool Version : Vivado v.2016.4 (lin64) Build 1733598 Wed Dec 14 22:35:42 MST 2016
| Date         : Wed Mar 29 22:06:39 2017
| Host         : ux305 running 64-bit Debian GNU/Linux 9.0 (stretch)
| Command      : upgrade_ip
| Device       : xc7z010clg400-1
------------------------------------------------------------------------------------

Upgrade Log for IP 'pid_only_wrapper_red_pitaya_pidv3_0_0'

1. Summary
----------

SUCCESS in the update of pid_only_wrapper_red_pitaya_pidv3_0_0 (user.org:user:red_pitaya_pidv3:1.0 (Rev. 6)) to current project options.






Copyright 1986-2016 Xilinx, Inc. All Rights Reserved.
------------------------------------------------------------------------------------
| Tool Version : Vivado v.2016.4 (lin64) Build 1733598 Wed Dec 14 22:35:42 MST 2016
| Date         : Wed Mar 29 21:27:26 2017
| Host         : ux305 running 64-bit Debian GNU/Linux 9.0 (stretch)
| Command      : upgrade_ip
| Device       : xc7z010clg400-1
------------------------------------------------------------------------------------

Upgrade Log for IP 'pid_only_wrapper_red_pitaya_pidv3_0_0'

1. Summary
----------

SUCCESS in the update of pid_only_wrapper_red_pitaya_pidv3_0_0 (user.org:user:red_pitaya_pidv3:1.0 (Rev. 6)) to current project options.






Copyright 1986-2016 Xilinx, Inc. All Rights Reserved.
------------------------------------------------------------------------------------
| Tool Version : Vivado v.2016.4 (lin64) Build 1733598 Wed Dec 14 22:35:42 MST 2016
| Date         : Wed Mar 29 21:23:35 2017
| Host         : ux305 running 64-bit Debian GNU/Linux 9.0 (stretch)
| Command      : upgrade_ip
| Device       : xc7z010clg400-1
------------------------------------------------------------------------------------

Upgrade Log for IP 'pid_only_wrapper_red_pitaya_pidv3_0_0'

1. Summary
----------

SUCCESS in the update of pid_only_wrapper_red_pitaya_pidv3_0_0 (user.org:user:red_pitaya_pidv3:1.0 (Rev. 6)) to current project options.






Copyright 1986-2016 Xilinx, Inc. All Rights Reserved.
------------------------------------------------------------------------------------
| Tool Version : Vivado v.2016.4 (lin64) Build 1733598 Wed Dec 14 22:35:42 MST 2016
| Date         : Wed Mar 29 18:33:33 2017
| Host         : ux305 running 64-bit Debian GNU/Linux 9.0 (stretch)
| Command      : upgrade_ip
| Device       : xc7z010clg400-1
------------------------------------------------------------------------------------

Upgrade Log for IP 'pid_only_wrapper_red_pitaya_pidv3_0_0'

1. Summary
----------

SUCCESS in the update of pid_only_wrapper_red_pitaya_pidv3_0_0 (user.org:user:red_pitaya_pidv3:1.0 (Rev. 6)) to current project options.






Copyright 1986-2016 Xilinx, Inc. All Rights Reserved.
------------------------------------------------------------------------------------
| Tool Version : Vivado v.2016.4 (lin64) Build 1733598 Wed Dec 14 22:35:42 MST 2016
| Date         : Wed Mar 29 18:31:42 2017
| Host         : ux305 running 64-bit Debian GNU/Linux 9.0 (stretch)
| Command      : upgrade_ip
| Device       : xc7z010clg400-1
------------------------------------------------------------------------------------

Upgrade Log for IP 'pid_only_wrapper_red_pitaya_pidv3_0_0'

1. Summary
----------

SUCCESS in the update of pid_only_wrapper_red_pitaya_pidv3_0_0 (user.org:user:red_pitaya_pidv3:1.0 (Rev. 6)) to current project options.

