#-----------------------------------------------------------
# Vivado v2016.4 (64-bit)
# SW Build 1733598 on Wed Dec 14 22:35:42 MST 2016
# IP Build 1731160 on Wed Dec 14 23:47:21 MST 2016
# Start of session at: Tue Aug 22 18:35:35 2017
# Process ID: 11096
# Current directory: /home/bma/git/fpga_design/redpitaya/pid_only
# Command line: vivado pid_only.xpr
# Log file: /home/bma/git/fpga_design/redpitaya/pid_only/vivado.log
# Journal file: /home/bma/git/fpga_design/redpitaya/pid_only/vivado.jou
#-----------------------------------------------------------
start_gui
open_project pid_only.xpr
Scanning sources...
Finished scanning sources
INFO: [IP_Flow 19-234] Refreshing IP repositories
INFO: [IP_Flow 19-1700] Loaded user IP repository '/home/bma/git/gitlab/oimp/fpga_ip'.
INFO: [IP_Flow 19-2313] Loaded Vivado IP repository '/opt/Xilinx/Vivado/2016.4/data/ip'.
WARNING: [IP_Flow 19-4830] Duplicate Interface found for 'xilinx.com:interface:vga:1.0'. The one found in location '/home/bma/git/gitlab/oimp/fpga_ip/interfaces/vga_v1_0/vga.xml' will take precedence over the same Interface in location '/opt/Xilinx/Vivado/2016.4/data/ip/interfaces/vga_v1_0/vga.xml'
open_project: Time (s): cpu = 00:00:32 ; elapsed = 00:00:14 . Memory (MB): peak = 5972.121 ; gain = 148.895 ; free physical = 1836 ; free virtual = 13272
open_bd_design {/home/bma/git/fpga_design/redpitaya/pid_only/pid_only.srcs/sources_1/bd/pid_only_wrapper/pid_only_wrapper.bd}
Adding cell -- xilinx.com:ip:proc_sys_reset:5.0 - proc_sys_reset_0
Adding cell -- xilinx.com:ip:processing_system7:5.5 - processing_system7_0
Adding cell -- ggm:cogen:redpitaya_adc_dac_clk:1.0 - redpitaya_adc_dac_clk_0
Adding cell -- ggm:cogen:ad9767:1.0 - ad9767_0
Adding cell -- ggm:cogen:add_const:1.0 - adc1_offset
Adding cell -- ggm:cogen:add_const:1.0 - dac1_offset
Adding cell -- ggm:cogen:add_const:1.0 - pid_setpoint
Adding cell -- xilinx.com:ip:xlconstant:1.1 - xlconstant_0
Adding cell -- ggm:cogen:add_const:1.0 - pid_kp
Adding cell -- ggm:cogen:add_const:1.0 - pid_ki
Adding cell -- ggm:cogen:add_const:1.0 - pid_kd
Adding cell -- ggm:cogen:add_const:1.0 - pid_sign
Adding cell -- ggm:cogen:add_const:1.0 - pid_rst_int
Adding cell -- xilinx.com:ip:xlconstant:1.1 - xlconstant_1
Adding cell -- gwbs:user:ltc2145:1.0 - ltc2145_0
Adding cell -- user.org:user:red_pitaya_pidv3:1.0 - red_pitaya_pidv3_0
WARNING: [BD 41-1731] Type mismatch between connected pins: /proc_sys_reset_0/interconnect_aresetn(rst) and /ltc2145_0/resetn(undef)
WARNING: [BD 41-1731] Type mismatch between connected pins: /proc_sys_reset_0/peripheral_reset(rst) and /redpitaya_adc_dac_clk_0/adc_rst_i(undef)
WARNING: [BD 41-1731] Type mismatch between connected pins: /proc_sys_reset_0/peripheral_reset(rst) and /ltc2145_0/processing_rst_i(undef)
Adding cell -- xilinx.com:ip:axi_crossbar:2.1 - xbar
Adding cell -- xilinx.com:ip:axi_protocol_converter:2.1 - auto_pc
Successfully read diagram <pid_only_wrapper> from BD file </home/bma/git/fpga_design/redpitaya/pid_only/pid_only.srcs/sources_1/bd/pid_only_wrapper/pid_only_wrapper.bd>
open_bd_design: Time (s): cpu = 00:00:14 ; elapsed = 00:00:07 . Memory (MB): peak = 6099.215 ; gain = 117.094 ; free physical = 1726 ; free virtual = 13133
close_project
open_project /home/bma/git/fpga_design/redpitaya/pid_vco/pid_vco.xpr
Scanning sources...
Finished scanning sources
INFO: [IP_Flow 19-234] Refreshing IP repositories
INFO: [IP_Flow 19-1700] Loaded user IP repository '/home/bma/git/gitlab/oimp/fpga_ip'.
INFO: [IP_Flow 19-2313] Loaded Vivado IP repository '/opt/Xilinx/Vivado/2016.4/data/ip'.
WARNING: [IP_Flow 19-4830] Duplicate Interface found for 'xilinx.com:interface:vga:1.0'. The one found in location '/home/bma/git/gitlab/oimp/fpga_ip/interfaces/vga_v1_0/vga.xml' will take precedence over the same Interface in location '/opt/Xilinx/Vivado/2016.4/data/ip/interfaces/vga_v1_0/vga.xml'
open_project: Time (s): cpu = 00:00:19 ; elapsed = 00:00:09 . Memory (MB): peak = 6272.395 ; gain = 78.023 ; free physical = 1517 ; free virtual = 12947
open_bd_design {/home/bma/git/fpga_design/redpitaya/pid_vco/pid_vco.srcs/sources_1/bd/pid_vco_wrapper/pid_vco_wrapper.bd}
Adding cell -- ggm:cogen:ad9767:1.0 - ad9767_0
Adding cell -- ggm:cogen:add_const:1.0 - adc1_offset
Adding cell -- ggm:cogen:add_const:1.0 - dac1_offset
Adding cell -- ggm:cogen:add_const:1.0 - dds_ampl
Adding cell -- ggm:cogen:add_const:1.0 - dds_f0
Adding cell -- ggm:cogen:add_const:1.0 - dds_offset
Adding cell -- ggm:cogen:add_const:1.0 - dds_range
Adding cell -- ggm:cogen:dupplReal_1_to_2:1.0 - dupplReal_1_to_2_0
Adding cell -- ggm:cogen:expanderReal:1.0 - expanderReal_0
Adding cell -- xilinx.com:ip:proc_sys_reset:5.0 - proc_sys_reset_0
Adding cell -- xilinx.com:ip:processing_system7:5.5 - processing_system7_0
Adding cell -- ggm:cogen:redpitaya_adc_dac_clk:1.0 - redpitaya_adc_dac_clk_0
Adding cell -- ggm:cogen:twoInMult:1.0 - twoInMult_dds_ampl
Adding cell -- ggm:cogen:twoInMult:1.0 - twoInMult_dds_range
Adding cell -- xilinx.com:ip:xlconstant:1.1 - xlconstant_0
Adding cell -- xilinx.com:ip:xlslice:1.0 - xlslice_0
Adding cell -- ggm:cogen:add_const:1.0 - pid_kp
Adding cell -- ggm:cogen:add_const:1.0 - pid_ki
Adding cell -- ggm:cogen:add_const:1.0 - pid_kd
Adding cell -- ggm:cogen:add_const:1.0 - pid_rst_int
Adding cell -- xilinx.com:ip:xlconstant:1.1 - xlconstant_1
Adding cell -- ggm:cogen:add_const:1.0 - pid_sign
Adding cell -- ggm:cogen:add_const:1.0 - pid_setpoint
Adding cell -- user.org:user:nco_counter:1.0 - dds_nco
Adding cell -- gwbs:user:ltc2145:1.0 - ltc2145_0
Adding cell -- user.org:user:red_pitaya_pidv3:1.0 - red_pitaya_pidv3_0
WARNING: [BD 41-1731] Type mismatch between connected pins: /proc_sys_reset_0/interconnect_aresetn(rst) and /ltc2145_0/resetn(undef)
WARNING: [BD 41-1731] Type mismatch between connected pins: /proc_sys_reset_0/peripheral_reset(rst) and /redpitaya_adc_dac_clk_0/adc_rst_i(undef)
WARNING: [BD 41-1731] Type mismatch between connected pins: /proc_sys_reset_0/peripheral_reset(rst) and /dds_offset/data_rst_i(undef)
WARNING: [BD 41-1731] Type mismatch between connected pins: /proc_sys_reset_0/peripheral_reset(rst) and /dds_ampl/data_rst_i(undef)
WARNING: [BD 41-1731] Type mismatch between connected pins: /proc_sys_reset_0/peripheral_reset(rst) and /dds_range/data_rst_i(undef)
WARNING: [BD 41-1731] Type mismatch between connected pins: /proc_sys_reset_0/peripheral_reset(rst) and /dds_nco/ref_rst_i(undef)
WARNING: [BD 41-1731] Type mismatch between connected pins: /proc_sys_reset_0/peripheral_reset(rst) and /ltc2145_0/processing_rst_i(undef)
Adding cell -- xilinx.com:ip:axi_crossbar:2.1 - xbar
Adding cell -- xilinx.com:ip:axi_protocol_converter:2.1 - auto_pc
Successfully read diagram <pid_vco_wrapper> from BD file </home/bma/git/fpga_design/redpitaya/pid_vco/pid_vco.srcs/sources_1/bd/pid_vco_wrapper/pid_vco_wrapper.bd>
open_bd_design: Time (s): cpu = 00:00:08 ; elapsed = 00:00:05 . Memory (MB): peak = 6280.406 ; gain = 8.012 ; free physical = 1499 ; free virtual = 12928
report_ip_status -name ip_status 
close_project
open_project /home/bma/git/fpga_design/redpitaya/pid_vco/pid_vco.xpr
Scanning sources...
Finished scanning sources
INFO: [IP_Flow 19-234] Refreshing IP repositories
INFO: [IP_Flow 19-1700] Loaded user IP repository '/home/bma/git/gitlab/oimp/fpga_ip'.
INFO: [IP_Flow 19-2313] Loaded Vivado IP repository '/opt/Xilinx/Vivado/2016.4/data/ip'.
WARNING: [IP_Flow 19-4830] Duplicate Interface found for 'xilinx.com:interface:vga:1.0'. The one found in location '/home/bma/git/gitlab/oimp/fpga_ip/interfaces/vga_v1_0/vga.xml' will take precedence over the same Interface in location '/opt/Xilinx/Vivado/2016.4/data/ip/interfaces/vga_v1_0/vga.xml'
open_project: Time (s): cpu = 00:00:13 ; elapsed = 00:00:08 . Memory (MB): peak = 6324.129 ; gain = 9.359 ; free physical = 1449 ; free virtual = 12880
open_bd_design {/home/bma/git/fpga_design/redpitaya/pid_vco/pid_vco.srcs/sources_1/bd/pid_vco_wrapper/pid_vco_wrapper.bd}
Adding cell -- ggm:cogen:ad9767:1.0 - ad9767_0
Adding cell -- ggm:cogen:add_const:1.0 - adc1_offset
Adding cell -- ggm:cogen:add_const:1.0 - dac1_offset
Adding cell -- ggm:cogen:add_const:1.0 - dds_ampl
Adding cell -- ggm:cogen:add_const:1.0 - dds_f0
Adding cell -- ggm:cogen:add_const:1.0 - dds_offset
Adding cell -- ggm:cogen:add_const:1.0 - dds_range
Adding cell -- ggm:cogen:dupplReal_1_to_2:1.0 - dupplReal_1_to_2_0
Adding cell -- ggm:cogen:expanderReal:1.0 - expanderReal_0
Adding cell -- xilinx.com:ip:proc_sys_reset:5.0 - proc_sys_reset_0
Adding cell -- xilinx.com:ip:processing_system7:5.5 - processing_system7_0
Adding cell -- ggm:cogen:redpitaya_adc_dac_clk:1.0 - redpitaya_adc_dac_clk_0
Adding cell -- ggm:cogen:twoInMult:1.0 - twoInMult_dds_ampl
Adding cell -- ggm:cogen:twoInMult:1.0 - twoInMult_dds_range
Adding cell -- xilinx.com:ip:xlconstant:1.1 - xlconstant_0
Adding cell -- xilinx.com:ip:xlslice:1.0 - xlslice_0
Adding cell -- ggm:cogen:add_const:1.0 - pid_kp
Adding cell -- ggm:cogen:add_const:1.0 - pid_ki
Adding cell -- ggm:cogen:add_const:1.0 - pid_kd
Adding cell -- ggm:cogen:add_const:1.0 - pid_rst_int
Adding cell -- xilinx.com:ip:xlconstant:1.1 - xlconstant_1
Adding cell -- ggm:cogen:add_const:1.0 - pid_sign
Adding cell -- ggm:cogen:add_const:1.0 - pid_setpoint
Adding cell -- user.org:user:nco_counter:1.0 - dds_nco
Adding cell -- gwbs:user:ltc2145:1.0 - ltc2145_0
Adding cell -- user.org:user:red_pitaya_pidv3:1.0 - red_pitaya_pidv3_0
WARNING: [BD 41-1731] Type mismatch between connected pins: /proc_sys_reset_0/interconnect_aresetn(rst) and /ltc2145_0/resetn(undef)
WARNING: [BD 41-1731] Type mismatch between connected pins: /proc_sys_reset_0/peripheral_reset(rst) and /redpitaya_adc_dac_clk_0/adc_rst_i(undef)
WARNING: [BD 41-1731] Type mismatch between connected pins: /proc_sys_reset_0/peripheral_reset(rst) and /dds_offset/data_rst_i(undef)
WARNING: [BD 41-1731] Type mismatch between connected pins: /proc_sys_reset_0/peripheral_reset(rst) and /dds_ampl/data_rst_i(undef)
WARNING: [BD 41-1731] Type mismatch between connected pins: /proc_sys_reset_0/peripheral_reset(rst) and /dds_range/data_rst_i(undef)
WARNING: [BD 41-1731] Type mismatch between connected pins: /proc_sys_reset_0/peripheral_reset(rst) and /dds_nco/ref_rst_i(undef)
WARNING: [BD 41-1731] Type mismatch between connected pins: /proc_sys_reset_0/peripheral_reset(rst) and /ltc2145_0/processing_rst_i(undef)
Adding cell -- xilinx.com:ip:axi_crossbar:2.1 - xbar
Adding cell -- xilinx.com:ip:axi_protocol_converter:2.1 - auto_pc
Successfully read diagram <pid_vco_wrapper> from BD file </home/bma/git/fpga_design/redpitaya/pid_vco/pid_vco.srcs/sources_1/bd/pid_vco_wrapper/pid_vco_wrapper.bd>
open_bd_design: Time (s): cpu = 00:00:09 ; elapsed = 00:00:05 . Memory (MB): peak = 6351.062 ; gain = 26.934 ; free physical = 1411 ; free virtual = 12841
exit
INFO: [Common 17-206] Exiting Vivado at Tue Aug 22 18:41:02 2017...
