
*** Running vivado
    with args -log pid_vco_amp_mod_pid_only_wrapper_xlconstant_1_0.vds -m64 -product Vivado -mode batch -messageDb vivado.pb -notrace -source pid_vco_amp_mod_pid_only_wrapper_xlconstant_1_0.tcl


****** Vivado v2016.4 (64-bit)
  **** SW Build 1733598 on Wed Dec 14 22:35:42 MST 2016
  **** IP Build 1731160 on Wed Dec 14 23:47:21 MST 2016
    ** Copyright 1986-2016 Xilinx, Inc. All Rights Reserved.

source pid_vco_amp_mod_pid_only_wrapper_xlconstant_1_0.tcl -notrace
Starting RTL Elaboration : Time (s): cpu = 00:00:27 ; elapsed = 00:00:30 . Memory (MB): peak = 1111.934 ; gain = 180.086 ; free physical = 949 ; free virtual = 10619
INFO: [Synth 8-638] synthesizing module 'pid_vco_amp_mod_pid_only_wrapper_xlconstant_1_0' [/home/bma/git/fpga_design/redpitaya/pid_vco_amp_mod_pid_only/pid_vco_amp_mod_pid_only.srcs/sources_1/bd/pid_vco_amp_mod_pid_only_wrapper/ip/pid_vco_amp_mod_pid_only_wrapper_xlconstant_1_0/sim/pid_vco_amp_mod_pid_only_wrapper_xlconstant_1_0.v:56]
INFO: [Synth 8-638] synthesizing module 'xlconstant' [/home/bma/git/fpga_design/redpitaya/pid_vco_amp_mod_pid_only/pid_vco_amp_mod_pid_only.srcs/sources_1/bd/pid_vco_amp_mod_pid_only_wrapper/ipshared/e147/xlconstant.v:23]
INFO: [Synth 8-256] done synthesizing module 'xlconstant' (1#1) [/home/bma/git/fpga_design/redpitaya/pid_vco_amp_mod_pid_only/pid_vco_amp_mod_pid_only.srcs/sources_1/bd/pid_vco_amp_mod_pid_only_wrapper/ipshared/e147/xlconstant.v:23]
INFO: [Synth 8-256] done synthesizing module 'pid_vco_amp_mod_pid_only_wrapper_xlconstant_1_0' (2#1) [/home/bma/git/fpga_design/redpitaya/pid_vco_amp_mod_pid_only/pid_vco_amp_mod_pid_only.srcs/sources_1/bd/pid_vco_amp_mod_pid_only_wrapper/ip/pid_vco_amp_mod_pid_only_wrapper_xlconstant_1_0/sim/pid_vco_amp_mod_pid_only_wrapper_xlconstant_1_0.v:56]
Finished RTL Elaboration : Time (s): cpu = 00:00:30 ; elapsed = 00:00:33 . Memory (MB): peak = 1153.402 ; gain = 221.555 ; free physical = 866 ; free virtual = 10536
Finished RTL Optimization Phase 1 : Time (s): cpu = 00:00:30 ; elapsed = 00:00:33 . Memory (MB): peak = 1153.402 ; gain = 221.555 ; free physical = 853 ; free virtual = 10523
INFO: [Device 21-403] Loading part xc7z010clg400-1
Constraint Validation Runtime : Time (s): cpu = 00:00:00.02 ; elapsed = 00:00:00.03 . Memory (MB): peak = 1393.801 ; gain = 0.000 ; free physical = 373 ; free virtual = 10043
Finished Constraint Validation : Time (s): cpu = 00:00:57 ; elapsed = 00:01:03 . Memory (MB): peak = 1393.801 ; gain = 461.953 ; free physical = 818 ; free virtual = 10490
Finished Loading Part and Timing Information : Time (s): cpu = 00:00:57 ; elapsed = 00:01:03 . Memory (MB): peak = 1393.801 ; gain = 461.953 ; free physical = 818 ; free virtual = 10490
Finished applying 'set_property' XDC Constraints : Time (s): cpu = 00:00:57 ; elapsed = 00:01:03 . Memory (MB): peak = 1393.801 ; gain = 461.953 ; free physical = 818 ; free virtual = 10490
Finished RTL Optimization Phase 2 : Time (s): cpu = 00:00:57 ; elapsed = 00:01:03 . Memory (MB): peak = 1393.801 ; gain = 461.953 ; free physical = 818 ; free virtual = 10490
Finished Cross Boundary and Area Optimization : Time (s): cpu = 00:00:58 ; elapsed = 00:01:04 . Memory (MB): peak = 1393.801 ; gain = 461.953 ; free physical = 817 ; free virtual = 10488
Finished Applying XDC Timing Constraints : Time (s): cpu = 00:01:25 ; elapsed = 00:01:33 . Memory (MB): peak = 1436.801 ; gain = 504.953 ; free physical = 573 ; free virtual = 10237
Finished Timing Optimization : Time (s): cpu = 00:01:25 ; elapsed = 00:01:33 . Memory (MB): peak = 1436.801 ; gain = 504.953 ; free physical = 572 ; free virtual = 10237
Finished Technology Mapping : Time (s): cpu = 00:01:25 ; elapsed = 00:01:33 . Memory (MB): peak = 1446.816 ; gain = 514.969 ; free physical = 562 ; free virtual = 10226
Finished IO Insertion : Time (s): cpu = 00:01:27 ; elapsed = 00:01:35 . Memory (MB): peak = 1446.816 ; gain = 514.969 ; free physical = 515 ; free virtual = 10180
Finished Renaming Generated Instances : Time (s): cpu = 00:01:27 ; elapsed = 00:01:35 . Memory (MB): peak = 1446.816 ; gain = 514.969 ; free physical = 514 ; free virtual = 10180
Finished Rebuilding User Hierarchy : Time (s): cpu = 00:01:27 ; elapsed = 00:01:35 . Memory (MB): peak = 1446.816 ; gain = 514.969 ; free physical = 514 ; free virtual = 10180
Finished Renaming Generated Ports : Time (s): cpu = 00:01:27 ; elapsed = 00:01:35 . Memory (MB): peak = 1446.816 ; gain = 514.969 ; free physical = 514 ; free virtual = 10180
Finished Handling Custom Attributes : Time (s): cpu = 00:01:27 ; elapsed = 00:01:35 . Memory (MB): peak = 1446.816 ; gain = 514.969 ; free physical = 514 ; free virtual = 10179
Finished Renaming Generated Nets : Time (s): cpu = 00:01:27 ; elapsed = 00:01:35 . Memory (MB): peak = 1446.816 ; gain = 514.969 ; free physical = 514 ; free virtual = 10179

Report Cell Usage: 
+-+-----+------+
| |Cell |Count |
+-+-----+------+
+-+-----+------+
Finished Writing Synthesis Report : Time (s): cpu = 00:01:27 ; elapsed = 00:01:35 . Memory (MB): peak = 1446.816 ; gain = 514.969 ; free physical = 514 ; free virtual = 10179
synth_design: Time (s): cpu = 00:01:16 ; elapsed = 00:01:22 . Memory (MB): peak = 1459.816 ; gain = 427.465 ; free physical = 480 ; free virtual = 10145
