Copyright 1986-2016 Xilinx, Inc. All Rights Reserved.
-------------------------------------------------------------------------------------------------------------
| Tool Version : Vivado v.2016.4 (lin64) Build 1733598 Wed Dec 14 22:35:42 MST 2016
| Date         : Wed May  9 21:51:47 2018
| Host         : ux305 running 64-bit Debian GNU/Linux testing/unstable
| Command      : report_control_sets -verbose -file pid_vco_amp_mod_pid_only_wrapper_control_sets_placed.rpt
| Design       : pid_vco_amp_mod_pid_only_wrapper
| Device       : xc7z010
-------------------------------------------------------------------------------------------------------------

Control Set Information

Table of Contents
-----------------
1. Summary
2. Flip-Flop Distribution
3. Detailed Control Set Information

1. Summary
----------

+----------------------------------------------------------+-------+
|                          Status                          | Count |
+----------------------------------------------------------+-------+
| Number of unique control sets                            |   151 |
| Unused register locations in slices containing registers |   370 |
+----------------------------------------------------------+-------+


2. Flip-Flop Distribution
-------------------------

+--------------+-----------------------+------------------------+-----------------+--------------+
| Clock Enable | Synchronous Set/Reset | Asynchronous Set/Reset | Total Registers | Total Slices |
+--------------+-----------------------+------------------------+-----------------+--------------+
| No           | No                    | No                     |            1050 |          281 |
| No           | No                    | Yes                    |              13 |            7 |
| No           | Yes                   | No                     |             606 |          216 |
| Yes          | No                    | No                     |             982 |          252 |
| Yes          | No                    | Yes                    |             652 |          194 |
| Yes          | Yes                   | No                     |             879 |          242 |
+--------------+-----------------------+------------------------+-----------------+--------------+


3. Detailed Control Set Information
-----------------------------------

+-----------------------------------------+------------------------------------------------------------------------------------------------------------------------------------------------------+---------------------------------------------------------------------------------------------------------------------------------+------------------+----------------+
|               Clock Signal              |                                                                     Enable Signal                                                                    |                                                         Set/Reset Signal                                                        | Slice Load Count | Bel Load Count |
+-----------------------------------------+------------------------------------------------------------------------------------------------------------------------------------------------------+---------------------------------------------------------------------------------------------------------------------------------+------------------+----------------+
|  redpitaya_adc_dac_clk_0/inst/adc_clk_o |                                                                                                                                                      | ltc2145_0/U0/ltc2145_capture_inst/adc_data_en_i_1_n_0                                                                           |                1 |              1 |
|  processing_system7_0/inst/FCLK_CLK0    | axi_interconnect_0/s00_couplers/auto_pc/inst/gen_axilite.gen_b2s_conv.axilite_b2s/WR.b_channel_0/bid_fifo_0/bresp_push                               |                                                                                                                                 |                1 |              2 |
|  processing_system7_0/inst/FCLK_CLK0    | axi_interconnect_0/s00_couplers/auto_pc/inst/gen_axilite.gen_b2s_conv.axilite_b2s/WR.aw_channel_0/aw_cmd_fsm_0/E[0]                                  | axi_interconnect_0/s00_couplers/auto_pc/inst/gen_axilite.gen_b2s_conv.axilite_b2s/WR.aw_channel_0/aw_cmd_fsm_0/axlen_cnt_reg[7] |                1 |              4 |
|  processing_system7_0/inst/FCLK_CLK0    | axi_interconnect_0/s00_couplers/auto_pc/inst/gen_axilite.gen_b2s_conv.axilite_b2s/RD.ar_channel_0/ar_cmd_fsm_0/axaddr_incr_reg[11]                   |                                                                                                                                 |                1 |              4 |
|  processing_system7_0/inst/FCLK_CLK0    | axi_interconnect_0/s00_couplers/auto_pc/inst/gen_axilite.gen_b2s_conv.axilite_b2s/RD.ar_channel_0/ar_cmd_fsm_0/E[0]                                  |                                                                                                                                 |                1 |              4 |
|  processing_system7_0/inst/FCLK_CLK0    | axi_interconnect_0/s00_couplers/auto_pc/inst/gen_axilite.gen_b2s_conv.axilite_b2s/WR.aw_channel_0/aw_cmd_fsm_0/wrap_boundary_axaddr_r_reg[0][0]      |                                                                                                                                 |                2 |              4 |
|  processing_system7_0/inst/FCLK_CLK0    | axi_interconnect_0/s00_couplers/auto_pc/inst/gen_axilite.gen_b2s_conv.axilite_b2s/RD.ar_channel_0/ar_cmd_fsm_0/axlen_cnt_reg[3][0]                   | axi_interconnect_0/s00_couplers/auto_pc/inst/gen_axilite.gen_b2s_conv.axilite_b2s/RD.ar_channel_0/ar_cmd_fsm_0/axlen_cnt_reg[7] |                1 |              4 |
|  processing_system7_0/inst/FCLK_CLK0    |                                                                                                                                                      | axi_interconnect_0/s00_couplers/auto_pc/inst/gen_axilite.gen_b2s_conv.axilite_b2s/SI_REG/ar_pipe/m_valid_i_reg_0                |                3 |              4 |
|  processing_system7_0/inst/FCLK_CLK0    |                                                                                                                                                      | axi_interconnect_0/s00_couplers/auto_pc/inst/gen_axilite.gen_b2s_conv.axilite_b2s/SI_REG/aw_pipe/s_ready_i_reg_0                |                3 |              4 |
|  processing_system7_0/inst/FCLK_CLK0    | axi_interconnect_0/s00_couplers/auto_pc/inst/gen_axilite.gen_b2s_conv.axilite_b2s/WR.aw_channel_0/cmd_translator_0/incr_cmd_0/axaddr_incr[0]_i_1_n_0 |                                                                                                                                 |                1 |              4 |
|  processing_system7_0/inst/FCLK_CLK0    |                                                                                                                                                      | proc_sys_reset_0/U0/EXT_LPF/lpf_int                                                                                             |                3 |              5 |
|  processing_system7_0/inst/FCLK_CLK0    | proc_sys_reset_0/U0/SEQ/seq_cnt_en                                                                                                                   | proc_sys_reset_0/U0/SEQ/SEQ_COUNTER/clear                                                                                       |                2 |              6 |
|  processing_system7_0/inst/FCLK_CLK0    | axi_interconnect_0/s00_couplers/auto_pc/inst/gen_axilite.gen_b2s_conv.axilite_b2s/WR.b_channel_0/mhandshake_r                                        | axi_interconnect_0/s00_couplers/auto_pc/inst/gen_axilite.gen_b2s_conv.axilite_b2s/WR.b_channel_0/bid_fifo_0/SR[0]               |                2 |              8 |
|  redpitaya_adc_dac_clk_0/inst/adc_clk_o |                                                                                                                                                      | proc_sys_reset_0/U0/peripheral_reset[0]                                                                                         |                3 |              8 |
|  processing_system7_0/inst/FCLK_CLK0    |                                                                                                                                                      | axi_interconnect_0/tier2_xbar_4/inst/gen_sasd.crossbar_sasd_0/addr_arbiter_inst/SR[0]                                           |                3 |             11 |
|  processing_system7_0/inst/FCLK_CLK0    | axi_interconnect_0/s00_couplers/auto_pc/inst/gen_axilite.gen_b2s_conv.axilite_b2s/RD.ar_channel_0/ar_cmd_fsm_0/axlen_cnt_reg[3][0]                   |                                                                                                                                 |                4 |             12 |
|  processing_system7_0/inst/FCLK_CLK0    | axi_interconnect_0/s00_couplers/auto_pc/inst/gen_axilite.gen_b2s_conv.axilite_b2s/WR.aw_channel_0/aw_cmd_fsm_0/E[0]                                  |                                                                                                                                 |                6 |             12 |
|  redpitaya_adc_dac_clk_0/inst/adc_clk_o | pid2/U0/red_pitaya_pidv3Logic/I_sum_s_i_1_n_0                                                                                                        | pid2/U0/red_pitaya_pidv3Logic/I_temp_s[31]_i_1_n_0                                                                              |                3 |             13 |
|  redpitaya_adc_dac_clk_0/inst/adc_clk_o | pid3/U0/red_pitaya_pidv3Logic/I_sum_s_i_1_n_0                                                                                                        | pid3/U0/red_pitaya_pidv3Logic/I_temp_s[31]_i_1_n_0                                                                              |                6 |             13 |
|  processing_system7_0/inst/FCLK_CLK0    |                                                                                                                                                      | axi_interconnect_0/xbar/inst/gen_sasd.crossbar_sasd_0/addr_arbiter_inst/SR[0]                                                   |                6 |             13 |
|  redpitaya_adc_dac_clk_0/inst/adc_clk_o | pid1/U0/red_pitaya_pidv3Logic/I_sum_s_i_1_n_0                                                                                                        | pid1/U0/red_pitaya_pidv3Logic/I_temp_s[31]_i_1_n_0                                                                              |                3 |             13 |
|  processing_system7_0/inst/FCLK_CLK0    | axi_interconnect_0/s00_couplers/auto_pc/inst/gen_axilite.gen_b2s_conv.axilite_b2s/RD.r_channel_0/r_push_r                                            |                                                                                                                                 |                4 |             13 |
|  processing_system7_0/inst/FCLK_CLK0    | dds1_ampl/U0/add_constHandComm/E[0]                                                                                                                  | proc_sys_reset_0/U0/peripheral_reset[0]                                                                                         |                2 |             14 |
|  processing_system7_0/inst/FCLK_CLK0    | dds1_offset/U0/add_constHandComm/readdata_s_reg[0][0]                                                                                                | proc_sys_reset_0/U0/peripheral_reset[0]                                                                                         |                5 |             14 |
|  processing_system7_0/inst/FCLK_CLK0    | dds1_ampl/U0/add_constHandComm/readdata_s_reg[0][0]                                                                                                  | proc_sys_reset_0/U0/peripheral_reset[0]                                                                                         |                5 |             14 |
|  processing_system7_0/inst/FCLK_CLK0    | dds1_offset/U0/add_constHandComm/E[0]                                                                                                                | proc_sys_reset_0/U0/peripheral_reset[0]                                                                                         |                3 |             14 |
|  processing_system7_0/inst/FCLK_CLK0    | adc2_offset/U0/add_constHandComm/E[0]                                                                                                                | proc_sys_reset_0/U0/peripheral_reset[0]                                                                                         |                4 |             14 |
|  processing_system7_0/inst/FCLK_CLK0    | mod_out_pid2_ampl/U0/add_constHandComm/E[0]                                                                                                          | proc_sys_reset_0/U0/peripheral_reset[0]                                                                                         |                2 |             14 |
|  processing_system7_0/inst/FCLK_CLK0    | dds1_range/U0/add_constHandComm/readdata_s_reg[0][0]                                                                                                 | proc_sys_reset_0/U0/peripheral_reset[0]                                                                                         |                6 |             14 |
|  processing_system7_0/inst/FCLK_CLK0    | dds1_range/U0/add_constHandComm/E[0]                                                                                                                 | proc_sys_reset_0/U0/peripheral_reset[0]                                                                                         |                2 |             14 |
|  processing_system7_0/inst/FCLK_CLK0    | adc2_offset/U0/add_constHandComm/readdata_s_reg[0][0]                                                                                                | proc_sys_reset_0/U0/peripheral_reset[0]                                                                                         |                6 |             14 |
|  processing_system7_0/inst/FCLK_CLK0    | adc1_offset/U0/add_constHandComm/E[0]                                                                                                                | proc_sys_reset_0/U0/peripheral_reset[0]                                                                                         |                2 |             14 |
|  processing_system7_0/inst/FCLK_CLK0    | adc1_offset/U0/add_constHandComm/readdata_s_reg[0][0]                                                                                                | proc_sys_reset_0/U0/peripheral_reset[0]                                                                                         |                8 |             14 |
|  processing_system7_0/inst/FCLK_CLK0    | mod_amp_dds_ampl/U0/add_constHandComm/readdata_s_reg[0][0]                                                                                           | proc_sys_reset_0/U0/peripheral_reset[0]                                                                                         |                4 |             14 |
|  processing_system7_0/inst/FCLK_CLK0    | mod_input_ampl/U0/add_constHandComm/readdata_s_reg[0][0]                                                                                             | proc_sys_reset_0/U0/peripheral_reset[0]                                                                                         |                7 |             14 |
|  processing_system7_0/inst/FCLK_CLK0    | mod_input_ampl/U0/add_constHandComm/E[0]                                                                                                             | proc_sys_reset_0/U0/peripheral_reset[0]                                                                                         |                2 |             14 |
|  processing_system7_0/inst/FCLK_CLK0    | mod_amp_dds_ampl/U0/add_constHandComm/E[0]                                                                                                           | proc_sys_reset_0/U0/peripheral_reset[0]                                                                                         |                2 |             14 |
|  processing_system7_0/inst/FCLK_CLK0    | pid1_setpoint/U0/add_constHandComm/readdata_s_reg[0][0]                                                                                              | proc_sys_reset_0/U0/peripheral_reset[0]                                                                                         |                6 |             14 |
|  processing_system7_0/inst/FCLK_CLK0    | pid3_kd/U0/add_constHandComm/readdata_s_reg[0][0]                                                                                                    | proc_sys_reset_0/U0/peripheral_reset[0]                                                                                         |                4 |             14 |
|  processing_system7_0/inst/FCLK_CLK0    | pid2_setpoint/U0/add_constHandComm/E[0]                                                                                                              | proc_sys_reset_0/U0/peripheral_reset[0]                                                                                         |                2 |             14 |
|  processing_system7_0/inst/FCLK_CLK0    | pid2_setpoint/U0/add_constHandComm/readdata_s_reg[0][0]                                                                                              | proc_sys_reset_0/U0/peripheral_reset[0]                                                                                         |                6 |             14 |
|  processing_system7_0/inst/FCLK_CLK0    | pid2_offset/U0/add_constHandComm/E[0]                                                                                                                | proc_sys_reset_0/U0/peripheral_reset[0]                                                                                         |                2 |             14 |
|  processing_system7_0/inst/FCLK_CLK0    | pid2_offset/U0/add_constHandComm/readdata_s_reg[0][0]                                                                                                | proc_sys_reset_0/U0/peripheral_reset[0]                                                                                         |                7 |             14 |
|  processing_system7_0/inst/FCLK_CLK0    | pid2_kp/U0/add_constHandComm/E[0]                                                                                                                    | proc_sys_reset_0/U0/peripheral_reset[0]                                                                                         |                3 |             14 |
|  processing_system7_0/inst/FCLK_CLK0    | pid2_kp/U0/add_constHandComm/readdata_s_reg[0][0]                                                                                                    | proc_sys_reset_0/U0/peripheral_reset[0]                                                                                         |                6 |             14 |
|  processing_system7_0/inst/FCLK_CLK0    | pid2_ki/U0/add_constHandComm/E[0]                                                                                                                    | proc_sys_reset_0/U0/peripheral_reset[0]                                                                                         |                2 |             14 |
|  processing_system7_0/inst/FCLK_CLK0    | pid2_ki/U0/add_constHandComm/readdata_s_reg[0][0]                                                                                                    | proc_sys_reset_0/U0/peripheral_reset[0]                                                                                         |                5 |             14 |
|  processing_system7_0/inst/FCLK_CLK0    | pid2_kd/U0/add_constHandComm/E[0]                                                                                                                    | proc_sys_reset_0/U0/peripheral_reset[0]                                                                                         |                2 |             14 |
|  processing_system7_0/inst/FCLK_CLK0    | pid2_kd/U0/add_constHandComm/readdata_s_reg[0][0]                                                                                                    | proc_sys_reset_0/U0/peripheral_reset[0]                                                                                         |                6 |             14 |
|  processing_system7_0/inst/FCLK_CLK0    | pid1_setpoint/U0/add_constHandComm/E[0]                                                                                                              | proc_sys_reset_0/U0/peripheral_reset[0]                                                                                         |                3 |             14 |
|  processing_system7_0/inst/FCLK_CLK0    | pid3_kp/U0/add_constHandComm/E[0]                                                                                                                    | proc_sys_reset_0/U0/peripheral_reset[0]                                                                                         |                3 |             14 |
|  processing_system7_0/inst/FCLK_CLK0    | pid1_kp/U0/add_constHandComm/E[0]                                                                                                                    | proc_sys_reset_0/U0/peripheral_reset[0]                                                                                         |                2 |             14 |
|  processing_system7_0/inst/FCLK_CLK0    | pid1_kp/U0/add_constHandComm/readdata_s_reg[0][0]                                                                                                    | proc_sys_reset_0/U0/peripheral_reset[0]                                                                                         |                6 |             14 |
|  processing_system7_0/inst/FCLK_CLK0    | pid1_ki/U0/add_constHandComm/E[0]                                                                                                                    | proc_sys_reset_0/U0/peripheral_reset[0]                                                                                         |                4 |             14 |
|  processing_system7_0/inst/FCLK_CLK0    | pid1_ki/U0/add_constHandComm/readdata_s_reg[0][0]                                                                                                    | proc_sys_reset_0/U0/peripheral_reset[0]                                                                                         |                8 |             14 |
|  processing_system7_0/inst/FCLK_CLK0    | pid1_kd/U0/add_constHandComm/E[0]                                                                                                                    | proc_sys_reset_0/U0/peripheral_reset[0]                                                                                         |                2 |             14 |
|  processing_system7_0/inst/FCLK_CLK0    | pid1_kd/U0/add_constHandComm/readdata_s_reg[0][0]                                                                                                    | proc_sys_reset_0/U0/peripheral_reset[0]                                                                                         |                4 |             14 |
|  processing_system7_0/inst/FCLK_CLK0    | pid3_kd/U0/add_constHandComm/E[0]                                                                                                                    | proc_sys_reset_0/U0/peripheral_reset[0]                                                                                         |                2 |             14 |
|  processing_system7_0/inst/FCLK_CLK0    | pid3_ki/U0/add_constHandComm/readdata_s_reg[0][0]                                                                                                    | proc_sys_reset_0/U0/peripheral_reset[0]                                                                                         |                5 |             14 |
|  processing_system7_0/inst/FCLK_CLK0    | pid3_ki/U0/add_constHandComm/E[0]                                                                                                                    | proc_sys_reset_0/U0/peripheral_reset[0]                                                                                         |                3 |             14 |
|  processing_system7_0/inst/FCLK_CLK0    | pid3_setpoint/U0/add_constHandComm/readdata_s_reg[0][0]                                                                                              | proc_sys_reset_0/U0/peripheral_reset[0]                                                                                         |                7 |             14 |
|  processing_system7_0/inst/FCLK_CLK0    | mod_out_pid2_ampl/U0/add_constHandComm/readdata_s_reg[0][0]                                                                                          | proc_sys_reset_0/U0/peripheral_reset[0]                                                                                         |                5 |             14 |
|  processing_system7_0/inst/FCLK_CLK0    | pid3_kp/U0/add_constHandComm/readdata_s_reg[0][0]                                                                                                    | proc_sys_reset_0/U0/peripheral_reset[0]                                                                                         |                4 |             14 |
|  redpitaya_adc_dac_clk_0/inst/adc_clk_o | adder_substracter_dds_ampl_mod/U0/data21_en_s                                                                                                        |                                                                                                                                 |                3 |             14 |
|  redpitaya_adc_dac_clk_0/inst/adc_clk_o | pid2/U0/red_pitaya_pidv3Logic/data_en_o                                                                                                              |                                                                                                                                 |                4 |             14 |
|  redpitaya_adc_dac_clk_0/inst/adc_clk_o | pid2/U0/red_pitaya_pidv3Logic/data_en_s                                                                                                              | pid2/U0/red_pitaya_pidv3Logic/I_s[13]_i_1_n_0                                                                                   |                4 |             14 |
|  redpitaya_adc_dac_clk_0/inst/adc_clk_o | pid2/U0/red_pitaya_pidv3Logic/pid_out_s[13]_i_1_n_0                                                                                                  | proc_sys_reset_0/U0/peripheral_reset[0]                                                                                         |                2 |             14 |
|  redpitaya_adc_dac_clk_0/inst/adc_clk_o | pid1/U0/red_pitaya_pidv3Logic/pid_out_s[13]_i_1_n_0                                                                                                  | proc_sys_reset_0/U0/peripheral_reset[0]                                                                                         |                2 |             14 |
|  redpitaya_adc_dac_clk_0/inst/adc_clk_o | pid1/U0/red_pitaya_pidv3Logic/data_en_s                                                                                                              | pid1/U0/red_pitaya_pidv3Logic/I_s[13]_i_1_n_0                                                                                   |                7 |             14 |
|  redpitaya_adc_dac_clk_0/inst/adc_clk_o | pid1/U0/red_pitaya_pidv3Logic/data_en_o                                                                                                              | proc_sys_reset_0/U0/peripheral_reset[0]                                                                                         |                4 |             14 |
|  redpitaya_adc_dac_clk_0/inst/adc_clk_o | mod_out_pid2_nco/U0/nco_inst1/wave_en_o                                                                                                              | proc_sys_reset_0/U0/peripheral_reset[0]                                                                                         |                4 |             14 |
|  redpitaya_adc_dac_clk_0/inst/adc_clk_o | mod_amp_dds_nco/U0/nco_inst1/wave_en_o                                                                                                               | proc_sys_reset_0/U0/peripheral_reset[0]                                                                                         |                4 |             14 |
|  redpitaya_adc_dac_clk_0/inst/adc_clk_o | mod_input_nco/U0/nco_inst1/wave_en_o                                                                                                                 | proc_sys_reset_0/U0/peripheral_reset[0]                                                                                         |                4 |             14 |
|  redpitaya_adc_dac_clk_0/inst/adc_clk_o | adc1_offset/U0/add_constLogic/data_en_o                                                                                                              |                                                                                                                                 |                3 |             14 |
|  redpitaya_adc_dac_clk_0/inst/adc_clk_o | adder_substracter_dds_ampl_mod/U0/data11_en_s                                                                                                        |                                                                                                                                 |                4 |             14 |
|  redpitaya_adc_dac_clk_0/inst/adc_clk_o | pid3/U0/red_pitaya_pidv3Logic/pid_out_s[13]_i_1_n_0                                                                                                  | proc_sys_reset_0/U0/peripheral_reset[0]                                                                                         |                2 |             14 |
|  redpitaya_adc_dac_clk_0/inst/adc_clk_o | adder_substracter_dds_ampl_mod/U0/data_en_s                                                                                                          |                                                                                                                                 |                4 |             14 |
|  redpitaya_adc_dac_clk_0/inst/adc_clk_o | adder_substracter_mod_input_0/U0/data21_en_s                                                                                                         |                                                                                                                                 |                5 |             14 |
|  redpitaya_adc_dac_clk_0/inst/adc_clk_o | adder_substracter_mod_input_0/U0/data_en_s                                                                                                           |                                                                                                                                 |                4 |             14 |
|  redpitaya_adc_dac_clk_0/inst/adc_clk_o | adder_substracter_mod_input_0/U0/data11_en_s                                                                                                         |                                                                                                                                 |                3 |             14 |
|  redpitaya_adc_dac_clk_0/inst/adc_clk_o | adder_substracter_mod_out_pid2/U0/data_en_s                                                                                                          |                                                                                                                                 |                4 |             14 |
|  redpitaya_adc_dac_clk_0/inst/adc_clk_o | adder_substracter_mod_out_pid2/U0/data_en_o                                                                                                          | proc_sys_reset_0/U0/peripheral_reset[0]                                                                                         |                4 |             14 |
|  redpitaya_adc_dac_clk_0/inst/adc_clk_o | adder_substracter_mod_out_pid2/U0/data21_en_s                                                                                                        |                                                                                                                                 |                2 |             14 |
|  redpitaya_adc_dac_clk_0/inst/adc_clk_o | adder_substracter_mod_out_pid2/U0/data11_en_s                                                                                                        |                                                                                                                                 |                2 |             14 |
|  redpitaya_adc_dac_clk_0/inst/adc_clk_o | dds1_ampl/U0/add_constLogic/data_en_o                                                                                                                |                                                                                                                                 |                2 |             14 |
|  redpitaya_adc_dac_clk_0/inst/adc_clk_o | twoInMult_dds1_ampl/U0/data_en_o                                                                                                                     | proc_sys_reset_0/U0/peripheral_reset[0]                                                                                         |                4 |             14 |
|  redpitaya_adc_dac_clk_0/inst/adc_clk_o | pid3/U0/red_pitaya_pidv3Logic/data_en_s                                                                                                              | pid3/U0/red_pitaya_pidv3Logic/I_s[13]_i_1_n_0                                                                                   |                4 |             14 |
|  redpitaya_adc_dac_clk_0/inst/adc_clk_o | pid3/U0/red_pitaya_pidv3Logic/data_en_o                                                                                                              |                                                                                                                                 |                5 |             14 |
|  redpitaya_adc_dac_clk_0/inst/adc_clk_o | twoInMult_mod_amp_dds/U0/data_en_o                                                                                                                   | proc_sys_reset_0/U0/peripheral_reset[0]                                                                                         |                4 |             14 |
|  redpitaya_adc_dac_clk_0/inst/adc_clk_o | twoInMult_mod_input_0/U0/data_en_o                                                                                                                   |                                                                                                                                 |                3 |             14 |
|  redpitaya_adc_dac_clk_0/inst/adc_clk_o | twoInMult_mod_out_pid2/U0/data_en_o                                                                                                                  |                                                                                                                                 |                2 |             14 |
|  redpitaya_adc_dac_clk_0/inst/dac_clk_o | dds1_offset/U0/add_constLogic/data_en_o                                                                                                              |                                                                                                                                 |                4 |             14 |
|  redpitaya_adc_dac_clk_0/inst/dac_clk_o | pid2_offset/U0/add_constLogic/data_en_o                                                                                                              |                                                                                                                                 |                4 |             14 |
|  processing_system7_0/inst/FCLK_CLK0    | axi_interconnect_0/s00_couplers/auto_pc/inst/gen_axilite.gen_b2s_conv.axilite_b2s/SI_REG/b_pipe/p_1_in                                               |                                                                                                                                 |                3 |             14 |
|  processing_system7_0/inst/FCLK_CLK0    | pid3_setpoint/U0/add_constHandComm/E[0]                                                                                                              | proc_sys_reset_0/U0/peripheral_reset[0]                                                                                         |                4 |             14 |
|  processing_system7_0/inst/FCLK_CLK0    | axi_interconnect_0/s00_couplers/auto_pc/inst/gen_axilite.gen_b2s_conv.axilite_b2s/SI_REG/b_pipe/skid_buffer_reg[0]_0                                 |                                                                                                                                 |                3 |             14 |
|  processing_system7_0/inst/FCLK_CLK0    | axi_interconnect_0/s00_couplers/auto_pc/inst/gen_axilite.gen_b2s_conv.axilite_b2s/WR.aw_channel_0/aw_cmd_fsm_0/b_push                                |                                                                                                                                 |                3 |             16 |
|  processing_system7_0/inst/FCLK_CLK0    |                                                                                                                                                      | axi_interconnect_0/tier2_xbar_0/inst/gen_sasd.crossbar_sasd_0/addr_arbiter_inst/SR[0]                                           |                8 |             17 |
|  processing_system7_0/inst/FCLK_CLK0    |                                                                                                                                                      | axi_interconnect_0/tier2_xbar_2/inst/gen_sasd.crossbar_sasd_0/addr_arbiter_inst/SR[0]                                           |                7 |             17 |
|  processing_system7_0/inst/FCLK_CLK0    |                                                                                                                                                      | axi_interconnect_0/tier2_xbar_1/inst/gen_sasd.crossbar_sasd_0/addr_arbiter_inst/SR[0]                                           |                9 |             17 |
|  processing_system7_0/inst/FCLK_CLK0    | axi_interconnect_0/tier2_xbar_2/inst/gen_sasd.crossbar_sasd_0/addr_arbiter_inst/p_0_in1_in                                                           | axi_interconnect_0/tier2_xbar_2/inst/gen_sasd.crossbar_sasd_0/addr_arbiter_inst/SR[0]                                           |                4 |             18 |
|  processing_system7_0/inst/FCLK_CLK0    | axi_interconnect_0/tier2_xbar_3/inst/gen_sasd.crossbar_sasd_0/addr_arbiter_inst/p_0_in1_in                                                           | axi_interconnect_0/tier2_xbar_3/inst/gen_sasd.crossbar_sasd_0/addr_arbiter_inst/SR[0]                                           |                5 |             18 |
|  processing_system7_0/inst/FCLK_CLK0    | axi_interconnect_0/tier2_xbar_4/inst/gen_sasd.crossbar_sasd_0/addr_arbiter_inst/p_0_in1_in                                                           | axi_interconnect_0/tier2_xbar_4/inst/gen_sasd.crossbar_sasd_0/addr_arbiter_inst/SR[0]                                           |                5 |             18 |
|  processing_system7_0/inst/FCLK_CLK0    | axi_interconnect_0/tier2_xbar_1/inst/gen_sasd.crossbar_sasd_0/addr_arbiter_inst/p_0_in1_in                                                           | axi_interconnect_0/tier2_xbar_1/inst/gen_sasd.crossbar_sasd_0/addr_arbiter_inst/SR[0]                                           |                4 |             18 |
|  processing_system7_0/inst/FCLK_CLK0    | axi_interconnect_0/tier2_xbar_0/inst/gen_sasd.crossbar_sasd_0/addr_arbiter_inst/p_0_in1_in                                                           | axi_interconnect_0/tier2_xbar_0/inst/gen_sasd.crossbar_sasd_0/addr_arbiter_inst/SR[0]                                           |                3 |             18 |
|  processing_system7_0/inst/FCLK_CLK0    |                                                                                                                                                      | axi_interconnect_0/tier2_xbar_3/inst/gen_sasd.crossbar_sasd_0/addr_arbiter_inst/SR[0]                                           |                8 |             18 |
|  processing_system7_0/inst/FCLK_CLK0    | axi_interconnect_0/xbar/inst/gen_sasd.crossbar_sasd_0/addr_arbiter_inst/p_0_in1_in                                                                   | axi_interconnect_0/xbar/inst/gen_sasd.crossbar_sasd_0/addr_arbiter_inst/SR[0]                                                   |                6 |             18 |
|  redpitaya_adc_dac_clk_0/inst/dac_clk_o |                                                                                                                                                      |                                                                                                                                 |               11 |             29 |
|  processing_system7_0/inst/FCLK_CLK0    | axi_interconnect_0/tier2_xbar_4/inst/gen_sasd.crossbar_sasd_0/reg_slice_r/aa_rready                                                                  |                                                                                                                                 |               11 |             32 |
|  processing_system7_0/inst/FCLK_CLK0    | axi_interconnect_0/tier2_xbar_3/inst/gen_sasd.crossbar_sasd_0/reg_slice_r/aa_rready                                                                  |                                                                                                                                 |               10 |             32 |
|  processing_system7_0/inst/FCLK_CLK0    | dds1_f0/U0/add_constHandComm/readdata_s_reg[0][0]                                                                                                    | proc_sys_reset_0/U0/peripheral_reset[0]                                                                                         |               14 |             32 |
|  processing_system7_0/inst/FCLK_CLK0    | mod_out_pid2_nco/U0/handle_comm/E[0]                                                                                                                 | proc_sys_reset_0/U0/peripheral_reset[0]                                                                                         |               14 |             32 |
|  redpitaya_adc_dac_clk_0/inst/adc_clk_o |                                                                                                                                                      | mod_amp_dds_nco/U0/nco_inst1/counter_s[0]_i_1_n_0                                                                               |                8 |             32 |
|  redpitaya_adc_dac_clk_0/inst/adc_clk_o |                                                                                                                                                      | dds1_nco/U0/nco_inst1/counter_s[0]_i_1_n_0                                                                                      |                8 |             32 |
|  redpitaya_adc_dac_clk_0/inst/adc_clk_o |                                                                                                                                                      | mod_input_nco/U0/nco_inst1/counter_s[0]_i_1_n_0                                                                                 |                8 |             32 |
|  redpitaya_adc_dac_clk_0/inst/adc_clk_o |                                                                                                                                                      | mod_out_pid2_nco/U0/nco_inst1/counter_s[0]_i_1_n_0                                                                              |                8 |             32 |
|  redpitaya_adc_dac_clk_0/inst/adc_clk_o | twoInMult_dds1_range/U0/data_en_o                                                                                                                    | proc_sys_reset_0/U0/peripheral_reset[0]                                                                                         |                8 |             32 |
|  processing_system7_0/inst/FCLK_CLK0    | mod_amp_dds_nco/U0/handle_comm/E[0]                                                                                                                  | proc_sys_reset_0/U0/peripheral_reset[0]                                                                                         |               10 |             32 |
|  processing_system7_0/inst/FCLK_CLK0    | mod_amp_dds_nco/U0/handle_comm/cpt_step_s_reg[0][0]                                                                                                  | proc_sys_reset_0/U0/peripheral_reset[0]                                                                                         |                6 |             32 |
|  processing_system7_0/inst/FCLK_CLK0    | mod_amp_dds_nco/U0/handle_comm/cpt_off_s_reg[0][0]                                                                                                   | proc_sys_reset_0/U0/peripheral_reset[0]                                                                                         |                8 |             32 |
|  processing_system7_0/inst/FCLK_CLK0    | dds1_nco/U0/handle_comm/E[0]                                                                                                                         | proc_sys_reset_0/U0/peripheral_reset[0]                                                                                         |               14 |             32 |
|  processing_system7_0/inst/FCLK_CLK0    | dds1_nco/U0/handle_comm/cpt_off_s_reg[0][0]                                                                                                          | proc_sys_reset_0/U0/peripheral_reset[0]                                                                                         |                6 |             32 |
|  processing_system7_0/inst/FCLK_CLK0    | dds1_nco/U0/handle_comm/cpt_step_s_reg[0][0]                                                                                                         | proc_sys_reset_0/U0/peripheral_reset[0]                                                                                         |                6 |             32 |
|  processing_system7_0/inst/FCLK_CLK0    | dds1_f0/U0/add_constHandComm/E[0]                                                                                                                    | proc_sys_reset_0/U0/peripheral_reset[0]                                                                                         |                7 |             32 |
|  processing_system7_0/inst/FCLK_CLK0    | mod_out_pid2_nco/U0/handle_comm/cpt_off_s_reg[0][0]                                                                                                  | proc_sys_reset_0/U0/peripheral_reset[0]                                                                                         |                6 |             32 |
|  processing_system7_0/inst/FCLK_CLK0    | mod_out_pid2_nco/U0/handle_comm/cpt_step_s_reg[0][0]                                                                                                 | proc_sys_reset_0/U0/peripheral_reset[0]                                                                                         |                6 |             32 |
|  processing_system7_0/inst/FCLK_CLK0    | mod_input_nco/U0/handle_comm/E[0]                                                                                                                    | proc_sys_reset_0/U0/peripheral_reset[0]                                                                                         |               15 |             32 |
|  processing_system7_0/inst/FCLK_CLK0    | mod_input_nco/U0/handle_comm/cpt_off_s_reg[0][0]                                                                                                     | proc_sys_reset_0/U0/peripheral_reset[0]                                                                                         |                8 |             32 |
|  processing_system7_0/inst/FCLK_CLK0    | mod_input_nco/U0/handle_comm/cpt_step_s_reg[0][0]                                                                                                    | proc_sys_reset_0/U0/peripheral_reset[0]                                                                                         |                9 |             32 |
|  processing_system7_0/inst/FCLK_CLK0    | axi_interconnect_0/tier2_xbar_1/inst/gen_sasd.crossbar_sasd_0/reg_slice_r/aa_rready                                                                  |                                                                                                                                 |                8 |             34 |
|  processing_system7_0/inst/FCLK_CLK0    | axi_interconnect_0/tier2_xbar_2/inst/gen_sasd.crossbar_sasd_0/reg_slice_r/aa_rready                                                                  |                                                                                                                                 |                7 |             34 |
|  processing_system7_0/inst/FCLK_CLK0    | axi_interconnect_0/xbar/inst/gen_sasd.crossbar_sasd_0/reg_slice_r/aa_rready                                                                          |                                                                                                                                 |                7 |             34 |
|  processing_system7_0/inst/FCLK_CLK0    | axi_interconnect_0/tier2_xbar_0/inst/gen_sasd.crossbar_sasd_0/reg_slice_r/aa_rready                                                                  |                                                                                                                                 |               10 |             34 |
|  processing_system7_0/inst/FCLK_CLK0    | axi_interconnect_0/s00_couplers/auto_pc/inst/gen_axilite.gen_b2s_conv.axilite_b2s/RD.r_channel_0/rd_data_fifo_0/wr_en0                               |                                                                                                                                 |                9 |             34 |
|  processing_system7_0/inst/FCLK_CLK0    | axi_interconnect_0/tier2_xbar_3/inst/gen_sasd.crossbar_sasd_0/addr_arbiter_inst/E[0]                                                                 |                                                                                                                                 |               12 |             35 |
|  processing_system7_0/inst/FCLK_CLK0    | axi_interconnect_0/tier2_xbar_0/inst/gen_sasd.crossbar_sasd_0/addr_arbiter_inst/E[0]                                                                 |                                                                                                                                 |               11 |             35 |
|  processing_system7_0/inst/FCLK_CLK0    | axi_interconnect_0/tier2_xbar_2/inst/gen_sasd.crossbar_sasd_0/addr_arbiter_inst/E[0]                                                                 |                                                                                                                                 |                8 |             35 |
|  processing_system7_0/inst/FCLK_CLK0    | axi_interconnect_0/tier2_xbar_1/inst/gen_sasd.crossbar_sasd_0/addr_arbiter_inst/E[0]                                                                 |                                                                                                                                 |               14 |             35 |
|  processing_system7_0/inst/FCLK_CLK0    | axi_interconnect_0/xbar/inst/gen_sasd.crossbar_sasd_0/addr_arbiter_inst/E[0]                                                                         |                                                                                                                                 |                7 |             35 |
|  processing_system7_0/inst/FCLK_CLK0    | axi_interconnect_0/tier2_xbar_4/inst/gen_sasd.crossbar_sasd_0/addr_arbiter_inst/E[0]                                                                 |                                                                                                                                 |               15 |             35 |
|  processing_system7_0/inst/FCLK_CLK0    | axi_interconnect_0/s00_couplers/auto_pc/inst/gen_axilite.gen_b2s_conv.axilite_b2s/SI_REG/ar_pipe/s_axi_arready                                       |                                                                                                                                 |               10 |             43 |
|  processing_system7_0/inst/FCLK_CLK0    | axi_interconnect_0/s00_couplers/auto_pc/inst/gen_axilite.gen_b2s_conv.axilite_b2s/SI_REG/aw_pipe/s_axi_awready                                       |                                                                                                                                 |                8 |             43 |
|  processing_system7_0/inst/FCLK_CLK0    | axi_interconnect_0/s00_couplers/auto_pc/inst/gen_axilite.gen_b2s_conv.axilite_b2s/RD.ar_channel_0/ar_cmd_fsm_0/m_payload_i_reg[0]_1[0]               |                                                                                                                                 |                9 |             43 |
|  processing_system7_0/inst/FCLK_CLK0    | axi_interconnect_0/s00_couplers/auto_pc/inst/gen_axilite.gen_b2s_conv.axilite_b2s/WR.aw_channel_0/aw_cmd_fsm_0/m_payload_i_reg[0][0]                 |                                                                                                                                 |                9 |             43 |
|  processing_system7_0/inst/FCLK_CLK0    | axi_interconnect_0/s00_couplers/auto_pc/inst/gen_axilite.gen_b2s_conv.axilite_b2s/SI_REG/r_pipe/skid_buffer_reg[0]_0                                 |                                                                                                                                 |                9 |             47 |
|  processing_system7_0/inst/FCLK_CLK0    | axi_interconnect_0/s00_couplers/auto_pc/inst/gen_axilite.gen_b2s_conv.axilite_b2s/SI_REG/r_pipe/p_1_in                                               |                                                                                                                                 |                8 |             47 |
|  processing_system7_0/inst/FCLK_CLK0    |                                                                                                                                                      | axi_interconnect_0/s00_couplers/auto_pc/inst/gen_axilite.gen_b2s_conv.axilite_b2s/areset_d1                                     |               14 |             57 |
|  redpitaya_adc_dac_clk_0/inst/adc_clk_o | ltc2145_0/U0/ltc2145_capture_inst/data_b_en_o                                                                                                        | proc_sys_reset_0/U0/peripheral_reset[0]                                                                                         |               32 |            112 |
|  processing_system7_0/inst/FCLK_CLK0    |                                                                                                                                                      |                                                                                                                                 |              110 |            273 |
|  processing_system7_0/inst/FCLK_CLK0    |                                                                                                                                                      | proc_sys_reset_0/U0/peripheral_reset[0]                                                                                         |              123 |            319 |
|  redpitaya_adc_dac_clk_0/inst/adc_clk_o |                                                                                                                                                      |                                                                                                                                 |              186 |            926 |
+-----------------------------------------+------------------------------------------------------------------------------------------------------------------------------------------------------+---------------------------------------------------------------------------------------------------------------------------------+------------------+----------------+


+--------+-----------------------+
| Fanout | Number of ControlSets |
+--------+-----------------------+
| 1      |                     1 |
| 2      |                     1 |
| 4      |                     8 |
| 5      |                     1 |
| 6      |                     1 |
| 8      |                     2 |
| 11     |                     1 |
| 12     |                     2 |
| 13     |                     5 |
| 14     |                    74 |
| 16+    |                    55 |
+--------+-----------------------+


