
*** Running vivado
    with args -log adc2dac_ram_offset_auto_pc_0.vds -m64 -product Vivado -mode batch -messageDb vivado.pb -notrace -source adc2dac_ram_offset_auto_pc_0.tcl

awk: symbol lookup error: awk: undefined symbol: mpfr_z_sub

****** Vivado v2016.4 (64-bit)
  **** SW Build 1733598 on Wed Dec 14 22:35:42 MST 2016
  **** IP Build 1731160 on Wed Dec 14 23:47:21 MST 2016
    ** Copyright 1986-2016 Xilinx, Inc. All Rights Reserved.

source adc2dac_ram_offset_auto_pc_0.tcl -notrace
awk: symbol lookup error: awk: undefined symbol: mpfr_z_sub
Starting RTL Elaboration : Time (s): cpu = 00:00:20 ; elapsed = 00:00:21 . Memory (MB): peak = 1116.184 ; gain = 187.086 ; free physical = 3398 ; free virtual = 13738
INFO: [Synth 8-638] synthesizing module 'adc2dac_ram_offset_auto_pc_0' [/home/bma/Documents/BPT_sync/Work/5-ED_SPIM/Work/git/fpga_design/redpitaya/adc2dac_ram_offset/adc2dac_ram_offset/adc2dac_ram_offset.srcs/sources_1/bd/adc2dac_ram_offset/ip/adc2dac_ram_offset_auto_pc_0/synth/adc2dac_ram_offset_auto_pc_0.v:58]
INFO: [Synth 8-638] synthesizing module 'axi_protocol_converter_v2_1_11_axi_protocol_converter' [/home/bma/Documents/BPT_sync/Work/5-ED_SPIM/Work/git/fpga_design/redpitaya/adc2dac_ram_offset/adc2dac_ram_offset/adc2dac_ram_offset.srcs/sources_1/bd/adc2dac_ram_offset/ipshared/df1b/hdl/axi_protocol_converter_v2_1_vl_rfs.v:4806]
INFO: [Synth 8-638] synthesizing module 'axi_protocol_converter_v2_1_11_b2s' [/home/bma/Documents/BPT_sync/Work/5-ED_SPIM/Work/git/fpga_design/redpitaya/adc2dac_ram_offset/adc2dac_ram_offset/adc2dac_ram_offset.srcs/sources_1/bd/adc2dac_ram_offset/ipshared/df1b/hdl/axi_protocol_converter_v2_1_vl_rfs.v:4224]
INFO: [Synth 8-638] synthesizing module 'axi_protocol_converter_v2_1_11_b2s_aw_channel' [/home/bma/Documents/BPT_sync/Work/5-ED_SPIM/Work/git/fpga_design/redpitaya/adc2dac_ram_offset/adc2dac_ram_offset/adc2dac_ram_offset.srcs/sources_1/bd/adc2dac_ram_offset/ipshared/df1b/hdl/axi_protocol_converter_v2_1_vl_rfs.v:3969]
INFO: [Synth 8-638] synthesizing module 'axi_protocol_converter_v2_1_11_b2s_cmd_translator' [/home/bma/Documents/BPT_sync/Work/5-ED_SPIM/Work/git/fpga_design/redpitaya/adc2dac_ram_offset/adc2dac_ram_offset/adc2dac_ram_offset.srcs/sources_1/bd/adc2dac_ram_offset/ipshared/df1b/hdl/axi_protocol_converter_v2_1_vl_rfs.v:3467]
INFO: [Synth 8-638] synthesizing module 'axi_protocol_converter_v2_1_11_b2s_incr_cmd' [/home/bma/Documents/BPT_sync/Work/5-ED_SPIM/Work/git/fpga_design/redpitaya/adc2dac_ram_offset/adc2dac_ram_offset/adc2dac_ram_offset.srcs/sources_1/bd/adc2dac_ram_offset/ipshared/df1b/hdl/axi_protocol_converter_v2_1_vl_rfs.v:3093]
INFO: [Synth 8-256] done synthesizing module 'axi_protocol_converter_v2_1_11_b2s_incr_cmd' (1#1) [/home/bma/Documents/BPT_sync/Work/5-ED_SPIM/Work/git/fpga_design/redpitaya/adc2dac_ram_offset/adc2dac_ram_offset/adc2dac_ram_offset.srcs/sources_1/bd/adc2dac_ram_offset/ipshared/df1b/hdl/axi_protocol_converter_v2_1_vl_rfs.v:3093]
INFO: [Synth 8-638] synthesizing module 'axi_protocol_converter_v2_1_11_b2s_wrap_cmd' [/home/bma/Documents/BPT_sync/Work/5-ED_SPIM/Work/git/fpga_design/redpitaya/adc2dac_ram_offset/adc2dac_ram_offset/adc2dac_ram_offset.srcs/sources_1/bd/adc2dac_ram_offset/ipshared/df1b/hdl/axi_protocol_converter_v2_1_vl_rfs.v:2903]
INFO: [Synth 8-256] done synthesizing module 'axi_protocol_converter_v2_1_11_b2s_wrap_cmd' (2#1) [/home/bma/Documents/BPT_sync/Work/5-ED_SPIM/Work/git/fpga_design/redpitaya/adc2dac_ram_offset/adc2dac_ram_offset/adc2dac_ram_offset.srcs/sources_1/bd/adc2dac_ram_offset/ipshared/df1b/hdl/axi_protocol_converter_v2_1_vl_rfs.v:2903]
INFO: [Synth 8-256] done synthesizing module 'axi_protocol_converter_v2_1_11_b2s_cmd_translator' (3#1) [/home/bma/Documents/BPT_sync/Work/5-ED_SPIM/Work/git/fpga_design/redpitaya/adc2dac_ram_offset/adc2dac_ram_offset/adc2dac_ram_offset.srcs/sources_1/bd/adc2dac_ram_offset/ipshared/df1b/hdl/axi_protocol_converter_v2_1_vl_rfs.v:3467]
INFO: [Synth 8-638] synthesizing module 'axi_protocol_converter_v2_1_11_b2s_wr_cmd_fsm' [/home/bma/Documents/BPT_sync/Work/5-ED_SPIM/Work/git/fpga_design/redpitaya/adc2dac_ram_offset/adc2dac_ram_offset/adc2dac_ram_offset.srcs/sources_1/bd/adc2dac_ram_offset/ipshared/df1b/hdl/axi_protocol_converter_v2_1_vl_rfs.v:3225]
INFO: [Synth 8-256] done synthesizing module 'axi_protocol_converter_v2_1_11_b2s_wr_cmd_fsm' (4#1) [/home/bma/Documents/BPT_sync/Work/5-ED_SPIM/Work/git/fpga_design/redpitaya/adc2dac_ram_offset/adc2dac_ram_offset/adc2dac_ram_offset.srcs/sources_1/bd/adc2dac_ram_offset/ipshared/df1b/hdl/axi_protocol_converter_v2_1_vl_rfs.v:3225]
INFO: [Synth 8-256] done synthesizing module 'axi_protocol_converter_v2_1_11_b2s_aw_channel' (5#1) [/home/bma/Documents/BPT_sync/Work/5-ED_SPIM/Work/git/fpga_design/redpitaya/adc2dac_ram_offset/adc2dac_ram_offset/adc2dac_ram_offset.srcs/sources_1/bd/adc2dac_ram_offset/ipshared/df1b/hdl/axi_protocol_converter_v2_1_vl_rfs.v:3969]
INFO: [Synth 8-638] synthesizing module 'axi_protocol_converter_v2_1_11_b2s_b_channel' [/home/bma/Documents/BPT_sync/Work/5-ED_SPIM/Work/git/fpga_design/redpitaya/adc2dac_ram_offset/adc2dac_ram_offset/adc2dac_ram_offset.srcs/sources_1/bd/adc2dac_ram_offset/ipshared/df1b/hdl/axi_protocol_converter_v2_1_vl_rfs.v:3609]
INFO: [Synth 8-638] synthesizing module 'axi_protocol_converter_v2_1_11_b2s_simple_fifo' [/home/bma/Documents/BPT_sync/Work/5-ED_SPIM/Work/git/fpga_design/redpitaya/adc2dac_ram_offset/adc2dac_ram_offset/adc2dac_ram_offset.srcs/sources_1/bd/adc2dac_ram_offset/ipshared/df1b/hdl/axi_protocol_converter_v2_1_vl_rfs.v:2816]
INFO: [Synth 8-256] done synthesizing module 'axi_protocol_converter_v2_1_11_b2s_simple_fifo' (6#1) [/home/bma/Documents/BPT_sync/Work/5-ED_SPIM/Work/git/fpga_design/redpitaya/adc2dac_ram_offset/adc2dac_ram_offset/adc2dac_ram_offset.srcs/sources_1/bd/adc2dac_ram_offset/ipshared/df1b/hdl/axi_protocol_converter_v2_1_vl_rfs.v:2816]
INFO: [Synth 8-638] synthesizing module 'axi_protocol_converter_v2_1_11_b2s_simple_fifo__parameterized0' [/home/bma/Documents/BPT_sync/Work/5-ED_SPIM/Work/git/fpga_design/redpitaya/adc2dac_ram_offset/adc2dac_ram_offset/adc2dac_ram_offset.srcs/sources_1/bd/adc2dac_ram_offset/ipshared/df1b/hdl/axi_protocol_converter_v2_1_vl_rfs.v:2816]
INFO: [Synth 8-256] done synthesizing module 'axi_protocol_converter_v2_1_11_b2s_simple_fifo__parameterized0' (6#1) [/home/bma/Documents/BPT_sync/Work/5-ED_SPIM/Work/git/fpga_design/redpitaya/adc2dac_ram_offset/adc2dac_ram_offset/adc2dac_ram_offset.srcs/sources_1/bd/adc2dac_ram_offset/ipshared/df1b/hdl/axi_protocol_converter_v2_1_vl_rfs.v:2816]
INFO: [Synth 8-256] done synthesizing module 'axi_protocol_converter_v2_1_11_b2s_b_channel' (7#1) [/home/bma/Documents/BPT_sync/Work/5-ED_SPIM/Work/git/fpga_design/redpitaya/adc2dac_ram_offset/adc2dac_ram_offset/adc2dac_ram_offset.srcs/sources_1/bd/adc2dac_ram_offset/ipshared/df1b/hdl/axi_protocol_converter_v2_1_vl_rfs.v:3609]
INFO: [Synth 8-638] synthesizing module 'axi_protocol_converter_v2_1_11_b2s_ar_channel' [/home/bma/Documents/BPT_sync/Work/5-ED_SPIM/Work/git/fpga_design/redpitaya/adc2dac_ram_offset/adc2dac_ram_offset/adc2dac_ram_offset.srcs/sources_1/bd/adc2dac_ram_offset/ipshared/df1b/hdl/axi_protocol_converter_v2_1_vl_rfs.v:4080]
INFO: [Synth 8-638] synthesizing module 'axi_protocol_converter_v2_1_11_b2s_rd_cmd_fsm' [/home/bma/Documents/BPT_sync/Work/5-ED_SPIM/Work/git/fpga_design/redpitaya/adc2dac_ram_offset/adc2dac_ram_offset/adc2dac_ram_offset.srcs/sources_1/bd/adc2dac_ram_offset/ipshared/df1b/hdl/axi_protocol_converter_v2_1_vl_rfs.v:3336]
INFO: [Synth 8-256] done synthesizing module 'axi_protocol_converter_v2_1_11_b2s_rd_cmd_fsm' (8#1) [/home/bma/Documents/BPT_sync/Work/5-ED_SPIM/Work/git/fpga_design/redpitaya/adc2dac_ram_offset/adc2dac_ram_offset/adc2dac_ram_offset.srcs/sources_1/bd/adc2dac_ram_offset/ipshared/df1b/hdl/axi_protocol_converter_v2_1_vl_rfs.v:3336]
INFO: [Synth 8-256] done synthesizing module 'axi_protocol_converter_v2_1_11_b2s_ar_channel' (9#1) [/home/bma/Documents/BPT_sync/Work/5-ED_SPIM/Work/git/fpga_design/redpitaya/adc2dac_ram_offset/adc2dac_ram_offset/adc2dac_ram_offset.srcs/sources_1/bd/adc2dac_ram_offset/ipshared/df1b/hdl/axi_protocol_converter_v2_1_vl_rfs.v:4080]
INFO: [Synth 8-638] synthesizing module 'axi_protocol_converter_v2_1_11_b2s_r_channel' [/home/bma/Documents/BPT_sync/Work/5-ED_SPIM/Work/git/fpga_design/redpitaya/adc2dac_ram_offset/adc2dac_ram_offset/adc2dac_ram_offset.srcs/sources_1/bd/adc2dac_ram_offset/ipshared/df1b/hdl/axi_protocol_converter_v2_1_vl_rfs.v:3809]
INFO: [Synth 8-638] synthesizing module 'axi_protocol_converter_v2_1_11_b2s_simple_fifo__parameterized1' [/home/bma/Documents/BPT_sync/Work/5-ED_SPIM/Work/git/fpga_design/redpitaya/adc2dac_ram_offset/adc2dac_ram_offset/adc2dac_ram_offset.srcs/sources_1/bd/adc2dac_ram_offset/ipshared/df1b/hdl/axi_protocol_converter_v2_1_vl_rfs.v:2816]
INFO: [Synth 8-256] done synthesizing module 'axi_protocol_converter_v2_1_11_b2s_simple_fifo__parameterized1' (9#1) [/home/bma/Documents/BPT_sync/Work/5-ED_SPIM/Work/git/fpga_design/redpitaya/adc2dac_ram_offset/adc2dac_ram_offset/adc2dac_ram_offset.srcs/sources_1/bd/adc2dac_ram_offset/ipshared/df1b/hdl/axi_protocol_converter_v2_1_vl_rfs.v:2816]
INFO: [Synth 8-638] synthesizing module 'axi_protocol_converter_v2_1_11_b2s_simple_fifo__parameterized2' [/home/bma/Documents/BPT_sync/Work/5-ED_SPIM/Work/git/fpga_design/redpitaya/adc2dac_ram_offset/adc2dac_ram_offset/adc2dac_ram_offset.srcs/sources_1/bd/adc2dac_ram_offset/ipshared/df1b/hdl/axi_protocol_converter_v2_1_vl_rfs.v:2816]
INFO: [Synth 8-256] done synthesizing module 'axi_protocol_converter_v2_1_11_b2s_simple_fifo__parameterized2' (9#1) [/home/bma/Documents/BPT_sync/Work/5-ED_SPIM/Work/git/fpga_design/redpitaya/adc2dac_ram_offset/adc2dac_ram_offset/adc2dac_ram_offset.srcs/sources_1/bd/adc2dac_ram_offset/ipshared/df1b/hdl/axi_protocol_converter_v2_1_vl_rfs.v:2816]
INFO: [Synth 8-256] done synthesizing module 'axi_protocol_converter_v2_1_11_b2s_r_channel' (10#1) [/home/bma/Documents/BPT_sync/Work/5-ED_SPIM/Work/git/fpga_design/redpitaya/adc2dac_ram_offset/adc2dac_ram_offset/adc2dac_ram_offset.srcs/sources_1/bd/adc2dac_ram_offset/ipshared/df1b/hdl/axi_protocol_converter_v2_1_vl_rfs.v:3809]
INFO: [Synth 8-638] synthesizing module 'axi_register_slice_v2_1_11_axi_register_slice' [/home/bma/Documents/BPT_sync/Work/5-ED_SPIM/Work/git/fpga_design/redpitaya/adc2dac_ram_offset/adc2dac_ram_offset/adc2dac_ram_offset.srcs/sources_1/bd/adc2dac_ram_offset/ipshared/0b6b/hdl/axi_register_slice_v2_1_vl_rfs.v:791]
INFO: [Synth 8-638] synthesizing module 'axi_infrastructure_v1_1_0_axi2vector' [/home/bma/Documents/BPT_sync/Work/5-ED_SPIM/Work/git/fpga_design/redpitaya/adc2dac_ram_offset/adc2dac_ram_offset/adc2dac_ram_offset.srcs/sources_1/bd/adc2dac_ram_offset/ipshared/7e3a/hdl/axi_infrastructure_v1_1_vl_rfs.v:60]
INFO: [Synth 8-256] done synthesizing module 'axi_infrastructure_v1_1_0_axi2vector' (11#1) [/home/bma/Documents/BPT_sync/Work/5-ED_SPIM/Work/git/fpga_design/redpitaya/adc2dac_ram_offset/adc2dac_ram_offset/adc2dac_ram_offset.srcs/sources_1/bd/adc2dac_ram_offset/ipshared/7e3a/hdl/axi_infrastructure_v1_1_vl_rfs.v:60]
INFO: [Synth 8-638] synthesizing module 'axi_register_slice_v2_1_11_axic_register_slice' [/home/bma/Documents/BPT_sync/Work/5-ED_SPIM/Work/git/fpga_design/redpitaya/adc2dac_ram_offset/adc2dac_ram_offset/adc2dac_ram_offset.srcs/sources_1/bd/adc2dac_ram_offset/ipshared/0b6b/hdl/axi_register_slice_v2_1_vl_rfs.v:85]
INFO: [Synth 8-256] done synthesizing module 'axi_register_slice_v2_1_11_axic_register_slice' (12#1) [/home/bma/Documents/BPT_sync/Work/5-ED_SPIM/Work/git/fpga_design/redpitaya/adc2dac_ram_offset/adc2dac_ram_offset/adc2dac_ram_offset.srcs/sources_1/bd/adc2dac_ram_offset/ipshared/0b6b/hdl/axi_register_slice_v2_1_vl_rfs.v:85]
INFO: [Synth 8-638] synthesizing module 'axi_register_slice_v2_1_11_axic_register_slice__parameterized0' [/home/bma/Documents/BPT_sync/Work/5-ED_SPIM/Work/git/fpga_design/redpitaya/adc2dac_ram_offset/adc2dac_ram_offset/adc2dac_ram_offset.srcs/sources_1/bd/adc2dac_ram_offset/ipshared/0b6b/hdl/axi_register_slice_v2_1_vl_rfs.v:85]
INFO: [Synth 8-256] done synthesizing module 'axi_register_slice_v2_1_11_axic_register_slice__parameterized0' (12#1) [/home/bma/Documents/BPT_sync/Work/5-ED_SPIM/Work/git/fpga_design/redpitaya/adc2dac_ram_offset/adc2dac_ram_offset/adc2dac_ram_offset.srcs/sources_1/bd/adc2dac_ram_offset/ipshared/0b6b/hdl/axi_register_slice_v2_1_vl_rfs.v:85]
INFO: [Synth 8-638] synthesizing module 'axi_register_slice_v2_1_11_axic_register_slice__parameterized1' [/home/bma/Documents/BPT_sync/Work/5-ED_SPIM/Work/git/fpga_design/redpitaya/adc2dac_ram_offset/adc2dac_ram_offset/adc2dac_ram_offset.srcs/sources_1/bd/adc2dac_ram_offset/ipshared/0b6b/hdl/axi_register_slice_v2_1_vl_rfs.v:85]
INFO: [Synth 8-256] done synthesizing module 'axi_register_slice_v2_1_11_axic_register_slice__parameterized1' (12#1) [/home/bma/Documents/BPT_sync/Work/5-ED_SPIM/Work/git/fpga_design/redpitaya/adc2dac_ram_offset/adc2dac_ram_offset/adc2dac_ram_offset.srcs/sources_1/bd/adc2dac_ram_offset/ipshared/0b6b/hdl/axi_register_slice_v2_1_vl_rfs.v:85]
INFO: [Synth 8-638] synthesizing module 'axi_register_slice_v2_1_11_axic_register_slice__parameterized2' [/home/bma/Documents/BPT_sync/Work/5-ED_SPIM/Work/git/fpga_design/redpitaya/adc2dac_ram_offset/adc2dac_ram_offset/adc2dac_ram_offset.srcs/sources_1/bd/adc2dac_ram_offset/ipshared/0b6b/hdl/axi_register_slice_v2_1_vl_rfs.v:85]
INFO: [Synth 8-256] done synthesizing module 'axi_register_slice_v2_1_11_axic_register_slice__parameterized2' (12#1) [/home/bma/Documents/BPT_sync/Work/5-ED_SPIM/Work/git/fpga_design/redpitaya/adc2dac_ram_offset/adc2dac_ram_offset/adc2dac_ram_offset.srcs/sources_1/bd/adc2dac_ram_offset/ipshared/0b6b/hdl/axi_register_slice_v2_1_vl_rfs.v:85]
INFO: [Synth 8-638] synthesizing module 'axi_infrastructure_v1_1_0_vector2axi' [/home/bma/Documents/BPT_sync/Work/5-ED_SPIM/Work/git/fpga_design/redpitaya/adc2dac_ram_offset/adc2dac_ram_offset/adc2dac_ram_offset.srcs/sources_1/bd/adc2dac_ram_offset/ipshared/7e3a/hdl/axi_infrastructure_v1_1_vl_rfs.v:474]
INFO: [Synth 8-256] done synthesizing module 'axi_infrastructure_v1_1_0_vector2axi' (13#1) [/home/bma/Documents/BPT_sync/Work/5-ED_SPIM/Work/git/fpga_design/redpitaya/adc2dac_ram_offset/adc2dac_ram_offset/adc2dac_ram_offset.srcs/sources_1/bd/adc2dac_ram_offset/ipshared/7e3a/hdl/axi_infrastructure_v1_1_vl_rfs.v:474]
INFO: [Synth 8-256] done synthesizing module 'axi_register_slice_v2_1_11_axi_register_slice' (14#1) [/home/bma/Documents/BPT_sync/Work/5-ED_SPIM/Work/git/fpga_design/redpitaya/adc2dac_ram_offset/adc2dac_ram_offset/adc2dac_ram_offset.srcs/sources_1/bd/adc2dac_ram_offset/ipshared/0b6b/hdl/axi_register_slice_v2_1_vl_rfs.v:791]
INFO: [Synth 8-638] synthesizing module 'axi_register_slice_v2_1_11_axi_register_slice__parameterized0' [/home/bma/Documents/BPT_sync/Work/5-ED_SPIM/Work/git/fpga_design/redpitaya/adc2dac_ram_offset/adc2dac_ram_offset/adc2dac_ram_offset.srcs/sources_1/bd/adc2dac_ram_offset/ipshared/0b6b/hdl/axi_register_slice_v2_1_vl_rfs.v:791]
INFO: [Synth 8-638] synthesizing module 'axi_infrastructure_v1_1_0_axi2vector__parameterized0' [/home/bma/Documents/BPT_sync/Work/5-ED_SPIM/Work/git/fpga_design/redpitaya/adc2dac_ram_offset/adc2dac_ram_offset/adc2dac_ram_offset.srcs/sources_1/bd/adc2dac_ram_offset/ipshared/7e3a/hdl/axi_infrastructure_v1_1_vl_rfs.v:60]
INFO: [Synth 8-256] done synthesizing module 'axi_infrastructure_v1_1_0_axi2vector__parameterized0' (14#1) [/home/bma/Documents/BPT_sync/Work/5-ED_SPIM/Work/git/fpga_design/redpitaya/adc2dac_ram_offset/adc2dac_ram_offset/adc2dac_ram_offset.srcs/sources_1/bd/adc2dac_ram_offset/ipshared/7e3a/hdl/axi_infrastructure_v1_1_vl_rfs.v:60]
INFO: [Synth 8-638] synthesizing module 'axi_register_slice_v2_1_11_axic_register_slice__parameterized3' [/home/bma/Documents/BPT_sync/Work/5-ED_SPIM/Work/git/fpga_design/redpitaya/adc2dac_ram_offset/adc2dac_ram_offset/adc2dac_ram_offset.srcs/sources_1/bd/adc2dac_ram_offset/ipshared/0b6b/hdl/axi_register_slice_v2_1_vl_rfs.v:85]
INFO: [Synth 8-256] done synthesizing module 'axi_register_slice_v2_1_11_axic_register_slice__parameterized3' (14#1) [/home/bma/Documents/BPT_sync/Work/5-ED_SPIM/Work/git/fpga_design/redpitaya/adc2dac_ram_offset/adc2dac_ram_offset/adc2dac_ram_offset.srcs/sources_1/bd/adc2dac_ram_offset/ipshared/0b6b/hdl/axi_register_slice_v2_1_vl_rfs.v:85]
INFO: [Synth 8-638] synthesizing module 'axi_register_slice_v2_1_11_axic_register_slice__parameterized4' [/home/bma/Documents/BPT_sync/Work/5-ED_SPIM/Work/git/fpga_design/redpitaya/adc2dac_ram_offset/adc2dac_ram_offset/adc2dac_ram_offset.srcs/sources_1/bd/adc2dac_ram_offset/ipshared/0b6b/hdl/axi_register_slice_v2_1_vl_rfs.v:85]
INFO: [Synth 8-256] done synthesizing module 'axi_register_slice_v2_1_11_axic_register_slice__parameterized4' (14#1) [/home/bma/Documents/BPT_sync/Work/5-ED_SPIM/Work/git/fpga_design/redpitaya/adc2dac_ram_offset/adc2dac_ram_offset/adc2dac_ram_offset.srcs/sources_1/bd/adc2dac_ram_offset/ipshared/0b6b/hdl/axi_register_slice_v2_1_vl_rfs.v:85]
INFO: [Synth 8-638] synthesizing module 'axi_register_slice_v2_1_11_axic_register_slice__parameterized5' [/home/bma/Documents/BPT_sync/Work/5-ED_SPIM/Work/git/fpga_design/redpitaya/adc2dac_ram_offset/adc2dac_ram_offset/adc2dac_ram_offset.srcs/sources_1/bd/adc2dac_ram_offset/ipshared/0b6b/hdl/axi_register_slice_v2_1_vl_rfs.v:85]
INFO: [Synth 8-256] done synthesizing module 'axi_register_slice_v2_1_11_axic_register_slice__parameterized5' (14#1) [/home/bma/Documents/BPT_sync/Work/5-ED_SPIM/Work/git/fpga_design/redpitaya/adc2dac_ram_offset/adc2dac_ram_offset/adc2dac_ram_offset.srcs/sources_1/bd/adc2dac_ram_offset/ipshared/0b6b/hdl/axi_register_slice_v2_1_vl_rfs.v:85]
INFO: [Synth 8-638] synthesizing module 'axi_register_slice_v2_1_11_axic_register_slice__parameterized6' [/home/bma/Documents/BPT_sync/Work/5-ED_SPIM/Work/git/fpga_design/redpitaya/adc2dac_ram_offset/adc2dac_ram_offset/adc2dac_ram_offset.srcs/sources_1/bd/adc2dac_ram_offset/ipshared/0b6b/hdl/axi_register_slice_v2_1_vl_rfs.v:85]
INFO: [Synth 8-256] done synthesizing module 'axi_register_slice_v2_1_11_axic_register_slice__parameterized6' (14#1) [/home/bma/Documents/BPT_sync/Work/5-ED_SPIM/Work/git/fpga_design/redpitaya/adc2dac_ram_offset/adc2dac_ram_offset/adc2dac_ram_offset.srcs/sources_1/bd/adc2dac_ram_offset/ipshared/0b6b/hdl/axi_register_slice_v2_1_vl_rfs.v:85]
INFO: [Synth 8-638] synthesizing module 'axi_register_slice_v2_1_11_axic_register_slice__parameterized7' [/home/bma/Documents/BPT_sync/Work/5-ED_SPIM/Work/git/fpga_design/redpitaya/adc2dac_ram_offset/adc2dac_ram_offset/adc2dac_ram_offset.srcs/sources_1/bd/adc2dac_ram_offset/ipshared/0b6b/hdl/axi_register_slice_v2_1_vl_rfs.v:85]
INFO: [Synth 8-256] done synthesizing module 'axi_register_slice_v2_1_11_axic_register_slice__parameterized7' (14#1) [/home/bma/Documents/BPT_sync/Work/5-ED_SPIM/Work/git/fpga_design/redpitaya/adc2dac_ram_offset/adc2dac_ram_offset/adc2dac_ram_offset.srcs/sources_1/bd/adc2dac_ram_offset/ipshared/0b6b/hdl/axi_register_slice_v2_1_vl_rfs.v:85]
INFO: [Synth 8-638] synthesizing module 'axi_infrastructure_v1_1_0_vector2axi__parameterized0' [/home/bma/Documents/BPT_sync/Work/5-ED_SPIM/Work/git/fpga_design/redpitaya/adc2dac_ram_offset/adc2dac_ram_offset/adc2dac_ram_offset.srcs/sources_1/bd/adc2dac_ram_offset/ipshared/7e3a/hdl/axi_infrastructure_v1_1_vl_rfs.v:474]
INFO: [Synth 8-256] done synthesizing module 'axi_infrastructure_v1_1_0_vector2axi__parameterized0' (14#1) [/home/bma/Documents/BPT_sync/Work/5-ED_SPIM/Work/git/fpga_design/redpitaya/adc2dac_ram_offset/adc2dac_ram_offset/adc2dac_ram_offset.srcs/sources_1/bd/adc2dac_ram_offset/ipshared/7e3a/hdl/axi_infrastructure_v1_1_vl_rfs.v:474]
INFO: [Synth 8-256] done synthesizing module 'axi_register_slice_v2_1_11_axi_register_slice__parameterized0' (14#1) [/home/bma/Documents/BPT_sync/Work/5-ED_SPIM/Work/git/fpga_design/redpitaya/adc2dac_ram_offset/adc2dac_ram_offset/adc2dac_ram_offset.srcs/sources_1/bd/adc2dac_ram_offset/ipshared/0b6b/hdl/axi_register_slice_v2_1_vl_rfs.v:791]
INFO: [Synth 8-256] done synthesizing module 'axi_protocol_converter_v2_1_11_b2s' (15#1) [/home/bma/Documents/BPT_sync/Work/5-ED_SPIM/Work/git/fpga_design/redpitaya/adc2dac_ram_offset/adc2dac_ram_offset/adc2dac_ram_offset.srcs/sources_1/bd/adc2dac_ram_offset/ipshared/df1b/hdl/axi_protocol_converter_v2_1_vl_rfs.v:4224]
INFO: [Synth 8-256] done synthesizing module 'axi_protocol_converter_v2_1_11_axi_protocol_converter' (16#1) [/home/bma/Documents/BPT_sync/Work/5-ED_SPIM/Work/git/fpga_design/redpitaya/adc2dac_ram_offset/adc2dac_ram_offset/adc2dac_ram_offset.srcs/sources_1/bd/adc2dac_ram_offset/ipshared/df1b/hdl/axi_protocol_converter_v2_1_vl_rfs.v:4806]
INFO: [Synth 8-256] done synthesizing module 'adc2dac_ram_offset_auto_pc_0' (17#1) [/home/bma/Documents/BPT_sync/Work/5-ED_SPIM/Work/git/fpga_design/redpitaya/adc2dac_ram_offset/adc2dac_ram_offset/adc2dac_ram_offset.srcs/sources_1/bd/adc2dac_ram_offset/ip/adc2dac_ram_offset_auto_pc_0/synth/adc2dac_ram_offset_auto_pc_0.v:58]
Finished RTL Elaboration : Time (s): cpu = 00:00:58 ; elapsed = 00:00:59 . Memory (MB): peak = 1237.652 ; gain = 308.555 ; free physical = 3569 ; free virtual = 13911
Finished RTL Optimization Phase 1 : Time (s): cpu = 00:00:58 ; elapsed = 00:00:59 . Memory (MB): peak = 1237.652 ; gain = 308.555 ; free physical = 3569 ; free virtual = 13911
INFO: [Device 21-403] Loading part xc7z010clg400-1
Constraint Validation Runtime : Time (s): cpu = 00:00:00.11 ; elapsed = 00:00:00.06 . Memory (MB): peak = 1506.453 ; gain = 1.000 ; free physical = 3474 ; free virtual = 13815
Finished Constraint Validation : Time (s): cpu = 00:01:11 ; elapsed = 00:01:12 . Memory (MB): peak = 1506.453 ; gain = 577.355 ; free physical = 3473 ; free virtual = 13815
Finished Loading Part and Timing Information : Time (s): cpu = 00:01:11 ; elapsed = 00:01:12 . Memory (MB): peak = 1506.453 ; gain = 577.355 ; free physical = 3473 ; free virtual = 13815
Finished applying 'set_property' XDC Constraints : Time (s): cpu = 00:01:11 ; elapsed = 00:01:12 . Memory (MB): peak = 1506.453 ; gain = 577.355 ; free physical = 3473 ; free virtual = 13815
Finished RTL Optimization Phase 2 : Time (s): cpu = 00:01:12 ; elapsed = 00:01:13 . Memory (MB): peak = 1506.453 ; gain = 577.355 ; free physical = 3466 ; free virtual = 13807
Finished Cross Boundary and Area Optimization : Time (s): cpu = 00:01:14 ; elapsed = 00:01:15 . Memory (MB): peak = 1506.453 ; gain = 577.355 ; free physical = 3434 ; free virtual = 13775
Finished Applying XDC Timing Constraints : Time (s): cpu = 00:01:24 ; elapsed = 00:01:25 . Memory (MB): peak = 1506.453 ; gain = 577.355 ; free physical = 3402 ; free virtual = 13744
Finished Timing Optimization : Time (s): cpu = 00:01:26 ; elapsed = 00:01:27 . Memory (MB): peak = 1521.055 ; gain = 591.957 ; free physical = 3362 ; free virtual = 13704
Finished Technology Mapping : Time (s): cpu = 00:01:27 ; elapsed = 00:01:28 . Memory (MB): peak = 1529.062 ; gain = 599.965 ; free physical = 3354 ; free virtual = 13696
Finished IO Insertion : Time (s): cpu = 00:01:27 ; elapsed = 00:01:28 . Memory (MB): peak = 1529.062 ; gain = 599.965 ; free physical = 3354 ; free virtual = 13696
Finished Renaming Generated Instances : Time (s): cpu = 00:01:27 ; elapsed = 00:01:28 . Memory (MB): peak = 1529.062 ; gain = 599.965 ; free physical = 3354 ; free virtual = 13695
Finished Rebuilding User Hierarchy : Time (s): cpu = 00:01:27 ; elapsed = 00:01:29 . Memory (MB): peak = 1529.062 ; gain = 599.965 ; free physical = 3354 ; free virtual = 13695
Finished Renaming Generated Ports : Time (s): cpu = 00:01:27 ; elapsed = 00:01:29 . Memory (MB): peak = 1529.062 ; gain = 599.965 ; free physical = 3354 ; free virtual = 13695
Finished Handling Custom Attributes : Time (s): cpu = 00:01:28 ; elapsed = 00:01:29 . Memory (MB): peak = 1529.062 ; gain = 599.965 ; free physical = 3354 ; free virtual = 13695
Finished Renaming Generated Nets : Time (s): cpu = 00:01:28 ; elapsed = 00:01:29 . Memory (MB): peak = 1529.062 ; gain = 599.965 ; free physical = 3354 ; free virtual = 13695

Report Cell Usage: 
+------+--------+------+
|      |Cell    |Count |
+------+--------+------+
|1     |CARRY4  |    18|
|2     |LUT1    |    38|
|3     |LUT2    |    18|
|4     |LUT3    |   235|
|5     |LUT4    |    41|
|6     |LUT5    |    70|
|7     |LUT6    |   106|
|8     |SRL16E  |    18|
|9     |SRLC32E |    47|
|10    |FDRE    |   548|
|11    |FDSE    |    51|
+------+--------+------+
Finished Writing Synthesis Report : Time (s): cpu = 00:01:28 ; elapsed = 00:01:29 . Memory (MB): peak = 1529.062 ; gain = 599.965 ; free physical = 3354 ; free virtual = 13695
synth_design: Time (s): cpu = 00:01:19 ; elapsed = 00:01:20 . Memory (MB): peak = 1529.070 ; gain = 500.469 ; free physical = 3356 ; free virtual = 13698
