
*** Running vivado
    with args -log pid_only_wrapper_processing_system7_0_0.vds -m64 -product Vivado -mode batch -messageDb vivado.pb -notrace -source pid_only_wrapper_processing_system7_0_0.tcl

awk: symbol lookup error: awk: undefined symbol: mpfr_z_sub

****** Vivado v2016.4 (64-bit)
  **** SW Build 1733598 on Wed Dec 14 22:35:42 MST 2016
  **** IP Build 1731160 on Wed Dec 14 23:47:21 MST 2016
    ** Copyright 1986-2016 Xilinx, Inc. All Rights Reserved.

source pid_only_wrapper_processing_system7_0_0.tcl -notrace
awk: symbol lookup error: awk: undefined symbol: mpfr_z_sub
Starting RTL Elaboration : Time (s): cpu = 00:00:29 ; elapsed = 00:00:31 . Memory (MB): peak = 1122.266 ; gain = 191.086 ; free physical = 1544 ; free virtual = 12774
INFO: [Synth 8-638] synthesizing module 'pid_only_wrapper_processing_system7_0_0' [/home/bma/git/fpga_design/redpitaya/pid_only/pid_only.srcs/sources_1/bd/pid_only_wrapper/ip/pid_only_wrapper_processing_system7_0_0/synth/pid_only_wrapper_processing_system7_0_0.v:60]
INFO: [Synth 8-638] synthesizing module 'processing_system7_v5_5_processing_system7' [/home/bma/git/fpga_design/redpitaya/pid_only/pid_only.srcs/sources_1/bd/pid_only_wrapper/ip/pid_only_wrapper_processing_system7_0_0/hdl/verilog/processing_system7_v5_5_processing_system7.v:162]
INFO: [Synth 8-638] synthesizing module 'BUFG' [/opt/Xilinx/Vivado/2016.4/scripts/rt/data/unisim_comp.v:607]
INFO: [Synth 8-256] done synthesizing module 'BUFG' (1#1) [/opt/Xilinx/Vivado/2016.4/scripts/rt/data/unisim_comp.v:607]
INFO: [Synth 8-638] synthesizing module 'BIBUF' [/opt/Xilinx/Vivado/2016.4/scripts/rt/data/unisim_comp.v:268]
INFO: [Synth 8-256] done synthesizing module 'BIBUF' (2#1) [/opt/Xilinx/Vivado/2016.4/scripts/rt/data/unisim_comp.v:268]
INFO: [Synth 8-638] synthesizing module 'PS7' [/opt/Xilinx/Vivado/2016.4/scripts/rt/data/unisim_comp.v:33182]
INFO: [Synth 8-256] done synthesizing module 'PS7' (3#1) [/opt/Xilinx/Vivado/2016.4/scripts/rt/data/unisim_comp.v:33182]
INFO: [Synth 8-256] done synthesizing module 'processing_system7_v5_5_processing_system7' (4#1) [/home/bma/git/fpga_design/redpitaya/pid_only/pid_only.srcs/sources_1/bd/pid_only_wrapper/ip/pid_only_wrapper_processing_system7_0_0/hdl/verilog/processing_system7_v5_5_processing_system7.v:162]
INFO: [Synth 8-256] done synthesizing module 'pid_only_wrapper_processing_system7_0_0' (5#1) [/home/bma/git/fpga_design/redpitaya/pid_only/pid_only.srcs/sources_1/bd/pid_only_wrapper/ip/pid_only_wrapper_processing_system7_0_0/synth/pid_only_wrapper_processing_system7_0_0.v:60]
Finished RTL Elaboration : Time (s): cpu = 00:00:32 ; elapsed = 00:00:34 . Memory (MB): peak = 1162.734 ; gain = 231.555 ; free physical = 1400 ; free virtual = 12630
Finished RTL Optimization Phase 1 : Time (s): cpu = 00:00:32 ; elapsed = 00:00:35 . Memory (MB): peak = 1162.734 ; gain = 231.555 ; free physical = 1393 ; free virtual = 12624
INFO: [Device 21-403] Loading part xc7z010clg400-1
Constraint Validation Runtime : Time (s): cpu = 00:00:00.08 ; elapsed = 00:00:00.09 . Memory (MB): peak = 1426.410 ; gain = 0.000 ; free physical = 811 ; free virtual = 12160
Finished Constraint Validation : Time (s): cpu = 00:01:03 ; elapsed = 00:01:08 . Memory (MB): peak = 1426.410 ; gain = 495.230 ; free physical = 829 ; free virtual = 12066
Finished Loading Part and Timing Information : Time (s): cpu = 00:01:03 ; elapsed = 00:01:08 . Memory (MB): peak = 1426.410 ; gain = 495.230 ; free physical = 829 ; free virtual = 12066
Finished applying 'set_property' XDC Constraints : Time (s): cpu = 00:01:05 ; elapsed = 00:01:10 . Memory (MB): peak = 1426.410 ; gain = 495.230 ; free physical = 828 ; free virtual = 12066
Finished RTL Optimization Phase 2 : Time (s): cpu = 00:01:06 ; elapsed = 00:01:11 . Memory (MB): peak = 1426.410 ; gain = 495.230 ; free physical = 822 ; free virtual = 12058
Finished Cross Boundary and Area Optimization : Time (s): cpu = 00:01:07 ; elapsed = 00:01:12 . Memory (MB): peak = 1434.418 ; gain = 503.238 ; free physical = 805 ; free virtual = 12041
Finished Applying XDC Timing Constraints : Time (s): cpu = 00:01:36 ; elapsed = 00:01:43 . Memory (MB): peak = 1626.418 ; gain = 695.238 ; free physical = 478 ; free virtual = 11715
Finished Timing Optimization : Time (s): cpu = 00:01:36 ; elapsed = 00:01:43 . Memory (MB): peak = 1646.426 ; gain = 715.246 ; free physical = 458 ; free virtual = 11695
Finished Technology Mapping : Time (s): cpu = 00:01:40 ; elapsed = 00:01:47 . Memory (MB): peak = 1654.434 ; gain = 723.254 ; free physical = 1046 ; free virtual = 12284
Finished IO Insertion : Time (s): cpu = 00:01:45 ; elapsed = 00:01:51 . Memory (MB): peak = 1654.434 ; gain = 723.254 ; free physical = 1005 ; free virtual = 12239
Finished Renaming Generated Instances : Time (s): cpu = 00:01:45 ; elapsed = 00:01:51 . Memory (MB): peak = 1654.434 ; gain = 723.254 ; free physical = 1005 ; free virtual = 12239
Finished Rebuilding User Hierarchy : Time (s): cpu = 00:01:45 ; elapsed = 00:01:51 . Memory (MB): peak = 1654.434 ; gain = 723.254 ; free physical = 1005 ; free virtual = 12239
Finished Renaming Generated Ports : Time (s): cpu = 00:01:45 ; elapsed = 00:01:51 . Memory (MB): peak = 1654.434 ; gain = 723.254 ; free physical = 1005 ; free virtual = 12239
Finished Handling Custom Attributes : Time (s): cpu = 00:01:45 ; elapsed = 00:01:51 . Memory (MB): peak = 1654.434 ; gain = 723.254 ; free physical = 1005 ; free virtual = 12239
Finished Renaming Generated Nets : Time (s): cpu = 00:01:45 ; elapsed = 00:01:51 . Memory (MB): peak = 1654.434 ; gain = 723.254 ; free physical = 1005 ; free virtual = 12239

Report Cell Usage: 
+------+------+------+
|      |Cell  |Count |
+------+------+------+
|1     |BIBUF |   130|
|2     |BUFG  |     4|
|3     |LUT1  |   352|
|4     |PS7   |     1|
+------+------+------+
Finished Writing Synthesis Report : Time (s): cpu = 00:01:45 ; elapsed = 00:01:51 . Memory (MB): peak = 1654.434 ; gain = 723.254 ; free physical = 1005 ; free virtual = 12239
synth_design: Time (s): cpu = 00:01:37 ; elapsed = 00:01:41 . Memory (MB): peak = 1666.434 ; gain = 629.750 ; free physical = 961 ; free virtual = 12195
