
*** Running vivado
    with args -log dds_gnuradio_wrapper_nco_counter_0_0.vds -m64 -product Vivado -mode batch -messageDb vivado.pb -notrace -source dds_gnuradio_wrapper_nco_counter_0_0.tcl

awk: symbol lookup error: awk: undefined symbol: mpfr_z_sub

****** Vivado v2016.4 (64-bit)
  **** SW Build 1733598 on Wed Dec 14 22:35:42 MST 2016
  **** IP Build 1731160 on Wed Dec 14 23:47:21 MST 2016
    ** Copyright 1986-2016 Xilinx, Inc. All Rights Reserved.

source dds_gnuradio_wrapper_nco_counter_0_0.tcl -notrace
Command: synth_design -top dds_gnuradio_wrapper_nco_counter_0_0 -part xc7z010clg400-1 -mode out_of_context
Starting synth_design
Attempting to get a license for feature 'Synthesis' and/or device 'xc7z010'
INFO: [Common 17-349] Got license for feature 'Synthesis' and/or device 'xc7z010'
INFO: Launching helper process for spawning children vivado processes
INFO: Helper process launched with PID 6663 
awk: symbol lookup error: awk: undefined symbol: mpfr_z_sub
---------------------------------------------------------------------------------
Starting RTL Elaboration : Time (s): cpu = 00:00:26 ; elapsed = 00:00:28 . Memory (MB): peak = 1113.266 ; gain = 182.086 ; free physical = 2730 ; free virtual = 13191
---------------------------------------------------------------------------------
INFO: [Synth 8-638] synthesizing module 'dds_gnuradio_wrapper_nco_counter_0_0' [/home/bma/git/fpga_design/redpitaya/dds_gnuradio/dds_gnuradio.srcs/sources_1/bd/dds_gnuradio_wrapper/ip/dds_gnuradio_wrapper_nco_counter_0_0/synth/dds_gnuradio_wrapper_nco_counter_0_0.vhd:103]
	Parameter id bound to: 1 - type: integer 
	Parameter DATA_SIZE bound to: 14 - type: integer 
	Parameter COUNTER_SIZE bound to: 32 - type: integer 
	Parameter C_S00_AXI_DATA_WIDTH bound to: 32 - type: integer 
	Parameter C_S00_AXI_ADDR_WIDTH bound to: 4 - type: integer 
	Parameter LUT_SIZE bound to: 10 - type: integer 
INFO: [Synth 8-3491] module 'nco_counter' declared at '/home/bma/git/fpga_design/redpitaya/dds_gnuradio/dds_gnuradio.srcs/sources_1/bd/dds_gnuradio_wrapper/ipshared/f688/hdl/nco_counter.vhd:5' bound to instance 'U0' of component 'nco_counter' [/home/bma/git/fpga_design/redpitaya/dds_gnuradio/dds_gnuradio.srcs/sources_1/bd/dds_gnuradio_wrapper/ip/dds_gnuradio_wrapper_nco_counter_0_0/synth/dds_gnuradio_wrapper_nco_counter_0_0.vhd:205]
INFO: [Synth 8-638] synthesizing module 'nco_counter' [/home/bma/git/fpga_design/redpitaya/dds_gnuradio/dds_gnuradio.srcs/sources_1/bd/dds_gnuradio_wrapper/ipshared/f688/hdl/nco_counter.vhd:67]
	Parameter id bound to: 1 - type: integer 
	Parameter DATA_SIZE bound to: 14 - type: integer 
	Parameter LUT_SIZE bound to: 10 - type: integer 
	Parameter COUNTER_SIZE bound to: 32 - type: integer 
	Parameter C_S00_AXI_DATA_WIDTH bound to: 32 - type: integer 
	Parameter C_S00_AXI_ADDR_WIDTH bound to: 4 - type: integer 
INFO: [Synth 8-638] synthesizing module 'nco_counter_logic' [/home/bma/git/fpga_design/redpitaya/dds_gnuradio/dds_gnuradio.srcs/sources_1/bd/dds_gnuradio_wrapper/ipshared/f688/hdl/nco_counter_logic.vhd:29]
	Parameter LUT_SIZE bound to: 10 - type: integer 
	Parameter COUNTER_SIZE bound to: 32 - type: integer 
	Parameter DATA_SIZE bound to: 14 - type: integer 
INFO: [Synth 8-638] synthesizing module 'nco_counter_cos_rom' [/home/bma/git/fpga_design/redpitaya/dds_gnuradio/dds_gnuradio.srcs/sources_1/bd/dds_gnuradio_wrapper/ipshared/f688/hdl/nco_counter_cos_rom.vhd:14]
INFO: [Synth 8-256] done synthesizing module 'nco_counter_cos_rom' (1#1) [/home/bma/git/fpga_design/redpitaya/dds_gnuradio/dds_gnuradio.srcs/sources_1/bd/dds_gnuradio_wrapper/ipshared/f688/hdl/nco_counter_cos_rom.vhd:14]
INFO: [Synth 8-256] done synthesizing module 'nco_counter_logic' (2#1) [/home/bma/git/fpga_design/redpitaya/dds_gnuradio/dds_gnuradio.srcs/sources_1/bd/dds_gnuradio_wrapper/ipshared/f688/hdl/nco_counter_logic.vhd:29]
INFO: [Synth 8-638] synthesizing module 'wb_nco_counter' [/home/bma/git/fpga_design/redpitaya/dds_gnuradio/dds_gnuradio.srcs/sources_1/bd/dds_gnuradio_wrapper/ipshared/f688/hdl/wb_nco_counter.vhd:33]
	Parameter COUNTER_SIZE bound to: 32 - type: integer 
	Parameter LUT_SIZE bound to: 10 - type: integer 
	Parameter id bound to: 1 - type: integer 
	Parameter wb_size bound to: 32 - type: integer 
INFO: [Synth 8-226] default block is never used [/home/bma/git/fpga_design/redpitaya/dds_gnuradio/dds_gnuradio.srcs/sources_1/bd/dds_gnuradio_wrapper/ipshared/f688/hdl/wb_nco_counter.vhd:88]
INFO: [Synth 8-256] done synthesizing module 'wb_nco_counter' (3#1) [/home/bma/git/fpga_design/redpitaya/dds_gnuradio/dds_gnuradio.srcs/sources_1/bd/dds_gnuradio_wrapper/ipshared/f688/hdl/wb_nco_counter.vhd:33]
INFO: [Synth 8-638] synthesizing module 'nco_counter_handcomm' [/home/bma/git/fpga_design/redpitaya/dds_gnuradio/dds_gnuradio.srcs/sources_1/bd/dds_gnuradio_wrapper/ipshared/f688/hdl/nco_counter_handcomm.vhd:88]
	Parameter C_S_AXI_DATA_WIDTH bound to: 32 - type: integer 
	Parameter C_S_AXI_ADDR_WIDTH bound to: 4 - type: integer 
	Parameter INTERNAL_ADDR_WIDTH bound to: 2 - type: integer 
INFO: [Synth 8-256] done synthesizing module 'nco_counter_handcomm' (4#1) [/home/bma/git/fpga_design/redpitaya/dds_gnuradio/dds_gnuradio.srcs/sources_1/bd/dds_gnuradio_wrapper/ipshared/f688/hdl/nco_counter_handcomm.vhd:88]
WARNING: [Synth 8-3848] Net step_scale_s in module/entity nco_counter does not have driver. [/home/bma/git/fpga_design/redpitaya/dds_gnuradio/dds_gnuradio.srcs/sources_1/bd/dds_gnuradio_wrapper/ipshared/f688/hdl/nco_counter.vhd:79]
INFO: [Synth 8-256] done synthesizing module 'nco_counter' (5#1) [/home/bma/git/fpga_design/redpitaya/dds_gnuradio/dds_gnuradio.srcs/sources_1/bd/dds_gnuradio_wrapper/ipshared/f688/hdl/nco_counter.vhd:67]
INFO: [Synth 8-256] done synthesizing module 'dds_gnuradio_wrapper_nco_counter_0_0' (6#1) [/home/bma/git/fpga_design/redpitaya/dds_gnuradio/dds_gnuradio.srcs/sources_1/bd/dds_gnuradio_wrapper/ip/dds_gnuradio_wrapper_nco_counter_0_0/synth/dds_gnuradio_wrapper_nco_counter_0_0.vhd:103]
WARNING: [Synth 8-3331] design nco_counter_handcomm has unconnected port S_AXI_AWPROT[2]
WARNING: [Synth 8-3331] design nco_counter_handcomm has unconnected port S_AXI_AWPROT[1]
WARNING: [Synth 8-3331] design nco_counter_handcomm has unconnected port S_AXI_AWPROT[0]
WARNING: [Synth 8-3331] design nco_counter_handcomm has unconnected port S_AXI_WSTRB[3]
WARNING: [Synth 8-3331] design nco_counter_handcomm has unconnected port S_AXI_WSTRB[2]
WARNING: [Synth 8-3331] design nco_counter_handcomm has unconnected port S_AXI_WSTRB[1]
WARNING: [Synth 8-3331] design nco_counter_handcomm has unconnected port S_AXI_WSTRB[0]
WARNING: [Synth 8-3331] design nco_counter_handcomm has unconnected port S_AXI_ARPROT[2]
WARNING: [Synth 8-3331] design nco_counter_handcomm has unconnected port S_AXI_ARPROT[1]
WARNING: [Synth 8-3331] design nco_counter_handcomm has unconnected port S_AXI_ARPROT[0]
WARNING: [Synth 8-3331] design nco_counter_logic has unconnected port cpu_clk_i
WARNING: [Synth 8-3331] design nco_counter has unconnected port pinc_en_i
WARNING: [Synth 8-3331] design nco_counter has unconnected port pinc_rst_i
WARNING: [Synth 8-3331] design nco_counter has unconnected port pinc_clk_i
WARNING: [Synth 8-3331] design nco_counter has unconnected port poff_en_i
WARNING: [Synth 8-3331] design nco_counter has unconnected port poff_rst_i
WARNING: [Synth 8-3331] design nco_counter has unconnected port poff_clk_i
---------------------------------------------------------------------------------
Finished RTL Elaboration : Time (s): cpu = 00:00:30 ; elapsed = 00:00:34 . Memory (MB): peak = 1160.734 ; gain = 229.555 ; free physical = 2509 ; free virtual = 12965
---------------------------------------------------------------------------------

Report Check Netlist: 
+------+------------------+-------+---------+-------+------------------+
|      |Item              |Errors |Warnings |Status |Description       |
+------+------------------+-------+---------+-------+------------------+
|1     |multi_driven_nets |      0|        0|Passed |Multi driven nets |
+------+------------------+-------+---------+-------+------------------+
WARNING: [Synth 8-3295] tying undriven pin wb_nco_inst:step_scale_i[9] to constant 0 [/home/bma/git/fpga_design/redpitaya/dds_gnuradio/dds_gnuradio.srcs/sources_1/bd/dds_gnuradio_wrapper/ipshared/f688/hdl/nco_counter.vhd:129]
WARNING: [Synth 8-3295] tying undriven pin wb_nco_inst:step_scale_i[8] to constant 0 [/home/bma/git/fpga_design/redpitaya/dds_gnuradio/dds_gnuradio.srcs/sources_1/bd/dds_gnuradio_wrapper/ipshared/f688/hdl/nco_counter.vhd:129]
WARNING: [Synth 8-3295] tying undriven pin wb_nco_inst:step_scale_i[7] to constant 0 [/home/bma/git/fpga_design/redpitaya/dds_gnuradio/dds_gnuradio.srcs/sources_1/bd/dds_gnuradio_wrapper/ipshared/f688/hdl/nco_counter.vhd:129]
WARNING: [Synth 8-3295] tying undriven pin wb_nco_inst:step_scale_i[6] to constant 0 [/home/bma/git/fpga_design/redpitaya/dds_gnuradio/dds_gnuradio.srcs/sources_1/bd/dds_gnuradio_wrapper/ipshared/f688/hdl/nco_counter.vhd:129]
WARNING: [Synth 8-3295] tying undriven pin wb_nco_inst:step_scale_i[5] to constant 0 [/home/bma/git/fpga_design/redpitaya/dds_gnuradio/dds_gnuradio.srcs/sources_1/bd/dds_gnuradio_wrapper/ipshared/f688/hdl/nco_counter.vhd:129]
WARNING: [Synth 8-3295] tying undriven pin wb_nco_inst:step_scale_i[4] to constant 0 [/home/bma/git/fpga_design/redpitaya/dds_gnuradio/dds_gnuradio.srcs/sources_1/bd/dds_gnuradio_wrapper/ipshared/f688/hdl/nco_counter.vhd:129]
WARNING: [Synth 8-3295] tying undriven pin wb_nco_inst:step_scale_i[3] to constant 0 [/home/bma/git/fpga_design/redpitaya/dds_gnuradio/dds_gnuradio.srcs/sources_1/bd/dds_gnuradio_wrapper/ipshared/f688/hdl/nco_counter.vhd:129]
WARNING: [Synth 8-3295] tying undriven pin wb_nco_inst:step_scale_i[2] to constant 0 [/home/bma/git/fpga_design/redpitaya/dds_gnuradio/dds_gnuradio.srcs/sources_1/bd/dds_gnuradio_wrapper/ipshared/f688/hdl/nco_counter.vhd:129]
WARNING: [Synth 8-3295] tying undriven pin wb_nco_inst:step_scale_i[1] to constant 0 [/home/bma/git/fpga_design/redpitaya/dds_gnuradio/dds_gnuradio.srcs/sources_1/bd/dds_gnuradio_wrapper/ipshared/f688/hdl/nco_counter.vhd:129]
WARNING: [Synth 8-3295] tying undriven pin wb_nco_inst:step_scale_i[0] to constant 0 [/home/bma/git/fpga_design/redpitaya/dds_gnuradio/dds_gnuradio.srcs/sources_1/bd/dds_gnuradio_wrapper/ipshared/f688/hdl/nco_counter.vhd:129]
---------------------------------------------------------------------------------
Finished RTL Optimization Phase 1 : Time (s): cpu = 00:00:30 ; elapsed = 00:00:34 . Memory (MB): peak = 1160.734 ; gain = 229.555 ; free physical = 2477 ; free virtual = 12933
---------------------------------------------------------------------------------
INFO: [Device 21-403] Loading part xc7z010clg400-1
INFO: [Project 1-570] Preparing netlist for logic optimization

Processing XDC Constraints
Initializing timing engine
Parsing XDC File [/home/bma/git/fpga_design/redpitaya/dds_gnuradio/dds_gnuradio.srcs/sources_1/bd/dds_gnuradio_wrapper/ip/dds_gnuradio_wrapper_nco_counter_0_0/nco_counter_ooc.xdc] for cell 'U0'
Finished Parsing XDC File [/home/bma/git/fpga_design/redpitaya/dds_gnuradio/dds_gnuradio.srcs/sources_1/bd/dds_gnuradio_wrapper/ip/dds_gnuradio_wrapper_nco_counter_0_0/nco_counter_ooc.xdc] for cell 'U0'
Parsing XDC File [/home/bma/git/fpga_design/redpitaya/dds_gnuradio/dds_gnuradio.runs/dds_gnuradio_wrapper_nco_counter_0_0_synth_1/dont_touch.xdc]
Finished Parsing XDC File [/home/bma/git/fpga_design/redpitaya/dds_gnuradio/dds_gnuradio.runs/dds_gnuradio_wrapper_nco_counter_0_0_synth_1/dont_touch.xdc]
Completed Processing XDC Constraints

INFO: [Project 1-111] Unisim Transformation Summary:
No Unisim elements were transformed.

Constraint Validation Runtime : Time (s): cpu = 00:00:00.06 ; elapsed = 00:00:00.07 . Memory (MB): peak = 1488.887 ; gain = 0.000 ; free physical = 2122 ; free virtual = 12581
---------------------------------------------------------------------------------
Finished Constraint Validation : Time (s): cpu = 00:00:57 ; elapsed = 00:01:06 . Memory (MB): peak = 1488.887 ; gain = 557.707 ; free physical = 1827 ; free virtual = 12284
---------------------------------------------------------------------------------
---------------------------------------------------------------------------------
Start Loading Part and Timing Information
---------------------------------------------------------------------------------
Loading part: xc7z010clg400-1
---------------------------------------------------------------------------------
Finished Loading Part and Timing Information : Time (s): cpu = 00:00:57 ; elapsed = 00:01:06 . Memory (MB): peak = 1488.887 ; gain = 557.707 ; free physical = 1827 ; free virtual = 12284
---------------------------------------------------------------------------------
---------------------------------------------------------------------------------
Start Applying 'set_property' XDC Constraints
---------------------------------------------------------------------------------
Applied set_property DONT_TOUCH = true for U0. (constraint file  auto generated constraint, line ).
---------------------------------------------------------------------------------
Finished applying 'set_property' XDC Constraints : Time (s): cpu = 00:00:57 ; elapsed = 00:01:06 . Memory (MB): peak = 1488.887 ; gain = 557.707 ; free physical = 1827 ; free virtual = 12284
---------------------------------------------------------------------------------
---------------------------------------------------------------------------------
Finished RTL Optimization Phase 2 : Time (s): cpu = 00:00:59 ; elapsed = 00:01:09 . Memory (MB): peak = 1488.887 ; gain = 557.707 ; free physical = 1684 ; free virtual = 12183
---------------------------------------------------------------------------------

Report RTL Partitions: 
+-+--------------+------------+----------+
| |RTL Partition |Replication |Instances |
+-+--------------+------------+----------+
+-+--------------+------------+----------+
---------------------------------------------------------------------------------
Start RTL Component Statistics 
---------------------------------------------------------------------------------
Detailed RTL Component Info : 
+---Adders : 
	   2 Input     32 Bit       Adders := 1     
	   2 Input     10 Bit       Adders := 2     
+---Registers : 
	               32 Bit    Registers := 6     
	               16 Bit    Registers := 2     
	               10 Bit    Registers := 3     
	                4 Bit    Registers := 2     
	                2 Bit    Registers := 3     
	                1 Bit    Registers := 13    
+---ROMs : 
	                              ROMs := 2     
+---Muxes : 
	   4 Input     32 Bit        Muxes := 1     
	   2 Input     32 Bit        Muxes := 1     
	   2 Input     10 Bit        Muxes := 1     
	   2 Input      2 Bit        Muxes := 3     
	   4 Input      1 Bit        Muxes := 3     
	   2 Input      1 Bit        Muxes := 4     
---------------------------------------------------------------------------------
Finished RTL Component Statistics 
---------------------------------------------------------------------------------
---------------------------------------------------------------------------------
Start RTL Hierarchical Component Statistics 
---------------------------------------------------------------------------------
Hierarchical RTL Component report 
Module nco_counter_cos_rom 
Detailed RTL Component Info : 
+---Registers : 
	               16 Bit    Registers := 2     
+---ROMs : 
	                              ROMs := 2     
Module nco_counter_logic 
Detailed RTL Component Info : 
+---Adders : 
	   2 Input     32 Bit       Adders := 1     
	   2 Input     10 Bit       Adders := 2     
+---Registers : 
	               32 Bit    Registers := 3     
	               10 Bit    Registers := 3     
	                1 Bit    Registers := 2     
Module wb_nco_counter 
Detailed RTL Component Info : 
+---Registers : 
	               32 Bit    Registers := 3     
	                1 Bit    Registers := 2     
+---Muxes : 
	   4 Input     32 Bit        Muxes := 1     
	   4 Input      1 Bit        Muxes := 3     
Module nco_counter_handcomm 
Detailed RTL Component Info : 
+---Registers : 
	                4 Bit    Registers := 2     
	                2 Bit    Registers := 3     
	                1 Bit    Registers := 5     
+---Muxes : 
	   2 Input      2 Bit        Muxes := 3     
	   2 Input      1 Bit        Muxes := 4     
Module nco_counter 
Detailed RTL Component Info : 
+---Registers : 
	                1 Bit    Registers := 4     
+---Muxes : 
	   2 Input     32 Bit        Muxes := 1     
	   2 Input     10 Bit        Muxes := 1     
---------------------------------------------------------------------------------
Finished RTL Hierarchical Component Statistics
---------------------------------------------------------------------------------
---------------------------------------------------------------------------------
Start Part Resource Summary
---------------------------------------------------------------------------------
Part Resources:
DSPs: 80 (col length:40)
BRAMs: 120 (col length: RAMB18 40 RAMB36 20)
---------------------------------------------------------------------------------
Finished Part Resource Summary
---------------------------------------------------------------------------------
---------------------------------------------------------------------------------
Start Cross Boundary and Area Optimization
---------------------------------------------------------------------------------
WARNING: [Synth 8-3331] design nco_counter has unconnected port s00_axi_awprot[2]
WARNING: [Synth 8-3331] design nco_counter has unconnected port s00_axi_awprot[1]
WARNING: [Synth 8-3331] design nco_counter has unconnected port s00_axi_awprot[0]
WARNING: [Synth 8-3331] design nco_counter has unconnected port s00_axi_wstrb[3]
WARNING: [Synth 8-3331] design nco_counter has unconnected port s00_axi_wstrb[2]
WARNING: [Synth 8-3331] design nco_counter has unconnected port s00_axi_wstrb[1]
WARNING: [Synth 8-3331] design nco_counter has unconnected port s00_axi_wstrb[0]
WARNING: [Synth 8-3331] design nco_counter has unconnected port s00_axi_arprot[2]
WARNING: [Synth 8-3331] design nco_counter has unconnected port s00_axi_arprot[1]
WARNING: [Synth 8-3331] design nco_counter has unconnected port s00_axi_arprot[0]
WARNING: [Synth 8-3331] design nco_counter has unconnected port pinc_en_i
WARNING: [Synth 8-3331] design nco_counter has unconnected port pinc_rst_i
WARNING: [Synth 8-3331] design nco_counter has unconnected port pinc_clk_i
WARNING: [Synth 8-3331] design nco_counter has unconnected port poff_en_i
WARNING: [Synth 8-3331] design nco_counter has unconnected port poff_rst_i
WARNING: [Synth 8-3331] design nco_counter has unconnected port poff_clk_i
INFO: [Synth 8-3886] merging instance 'U0/handle_comm/axi_rresp_reg[0]' (FDRE) to 'U0/handle_comm/axi_rresp_reg[1]'
INFO: [Synth 8-3333] propagating constant 0 across sequential element (U0/\handle_comm/axi_rresp_reg[1] )
INFO: [Synth 8-3886] merging instance 'U0/handle_comm/axi_bresp_reg[0]' (FDRE) to 'U0/handle_comm/axi_bresp_reg[1]'
INFO: [Synth 8-3333] propagating constant 0 across sequential element (U0/\handle_comm/axi_bresp_reg[1] )
WARNING: [Synth 8-3332] Sequential element (handle_comm/axi_bresp_reg[1]) is unused and will be removed from module nco_counter.
WARNING: [Synth 8-3332] Sequential element (handle_comm/axi_rresp_reg[1]) is unused and will be removed from module nco_counter.
WARNING: [Synth 8-3332] Sequential element (handle_comm/axi_awaddr_reg[1]) is unused and will be removed from module nco_counter.
WARNING: [Synth 8-3332] Sequential element (handle_comm/axi_awaddr_reg[0]) is unused and will be removed from module nco_counter.
WARNING: [Synth 8-3332] Sequential element (handle_comm/axi_araddr_reg[1]) is unused and will be removed from module nco_counter.
WARNING: [Synth 8-3332] Sequential element (handle_comm/axi_araddr_reg[0]) is unused and will be removed from module nco_counter.
---------------------------------------------------------------------------------
Finished Cross Boundary and Area Optimization : Time (s): cpu = 00:01:03 ; elapsed = 00:01:13 . Memory (MB): peak = 1488.887 ; gain = 557.707 ; free physical = 1600 ; free virtual = 12080
---------------------------------------------------------------------------------
---------------------------------------------------------------------------------
Start ROM, RAM, DSP and Shift Register Reporting
---------------------------------------------------------------------------------

ROM:
+--------------------+--------------------------------------+---------------+----------------+
|Module Name         | RTL Object                           | Depth x Width | Implemented As | 
+--------------------+--------------------------------------+---------------+----------------+
|nco_counter_cos_rom | data_a_reg                           | 1024x16       | Block RAM      | 
|nco_counter_cos_rom | data_b_reg                           | 1024x16       | Block RAM      | 
|nco_counter         | nco_inst1/rom_10.rom_inst/data_a_reg | 1024x16       | Block RAM      | 
|nco_counter         | nco_inst1/rom_10.rom_inst/data_b_reg | 1024x16       | Block RAM      | 
+--------------------+--------------------------------------+---------------+----------------+

---------------------------------------------------------------------------------
Finished ROM, RAM, DSP and Shift Register Reporting
---------------------------------------------------------------------------------

Report RTL Partitions: 
+-+--------------+------------+----------+
| |RTL Partition |Replication |Instances |
+-+--------------+------------+----------+
+-+--------------+------------+----------+
---------------------------------------------------------------------------------
Start Timing Optimization
---------------------------------------------------------------------------------
---------------------------------------------------------------------------------
Start Applying XDC Timing Constraints
---------------------------------------------------------------------------------
---------------------------------------------------------------------------------
Finished Applying XDC Timing Constraints : Time (s): cpu = 00:01:29 ; elapsed = 00:01:41 . Memory (MB): peak = 1488.887 ; gain = 557.707 ; free physical = 1296 ; free virtual = 11793
---------------------------------------------------------------------------------
---------------------------------------------------------------------------------
Finished Timing Optimization : Time (s): cpu = 00:01:29 ; elapsed = 00:01:41 . Memory (MB): peak = 1488.887 ; gain = 557.707 ; free physical = 1296 ; free virtual = 11792
---------------------------------------------------------------------------------

Report RTL Partitions: 
+-+--------------+------------+----------+
| |RTL Partition |Replication |Instances |
+-+--------------+------------+----------+
+-+--------------+------------+----------+
---------------------------------------------------------------------------------
Start Technology Mapping
---------------------------------------------------------------------------------
INFO: [Synth 8-4480] The timing for the instance U0/nco_inst1/rom_10.rom_inst/data_a_reg (implemented as a block RAM) might be sub-optimal as no optional output register could be merged into the block ram. Providing additional output register may help in improving timing.
INFO: [Synth 8-4480] The timing for the instance U0/nco_inst1/rom_10.rom_inst/data_a_reg (implemented as a block RAM) might be sub-optimal as no optional output register could be merged into the block ram. Providing additional output register may help in improving timing.
---------------------------------------------------------------------------------
Finished Technology Mapping : Time (s): cpu = 00:01:29 ; elapsed = 00:01:41 . Memory (MB): peak = 1488.887 ; gain = 557.707 ; free physical = 1277 ; free virtual = 11773
---------------------------------------------------------------------------------

Report RTL Partitions: 
+-+--------------+------------+----------+
| |RTL Partition |Replication |Instances |
+-+--------------+------------+----------+
+-+--------------+------------+----------+
---------------------------------------------------------------------------------
Start IO Insertion
---------------------------------------------------------------------------------
---------------------------------------------------------------------------------
Start Flattening Before IO Insertion
---------------------------------------------------------------------------------
---------------------------------------------------------------------------------
Finished Flattening Before IO Insertion
---------------------------------------------------------------------------------
---------------------------------------------------------------------------------
Start Final Netlist Cleanup
---------------------------------------------------------------------------------
---------------------------------------------------------------------------------
Finished Final Netlist Cleanup
---------------------------------------------------------------------------------
---------------------------------------------------------------------------------
Finished IO Insertion : Time (s): cpu = 00:01:31 ; elapsed = 00:01:43 . Memory (MB): peak = 1488.887 ; gain = 557.707 ; free physical = 1274 ; free virtual = 11772
---------------------------------------------------------------------------------

Report Check Netlist: 
+------+------------------+-------+---------+-------+------------------+
|      |Item              |Errors |Warnings |Status |Description       |
+------+------------------+-------+---------+-------+------------------+
|1     |multi_driven_nets |      0|        0|Passed |Multi driven nets |
+------+------------------+-------+---------+-------+------------------+
---------------------------------------------------------------------------------
Start Renaming Generated Instances
---------------------------------------------------------------------------------
---------------------------------------------------------------------------------
Finished Renaming Generated Instances : Time (s): cpu = 00:01:31 ; elapsed = 00:01:43 . Memory (MB): peak = 1488.887 ; gain = 557.707 ; free physical = 1273 ; free virtual = 11771
---------------------------------------------------------------------------------

Report RTL Partitions: 
+-+--------------+------------+----------+
| |RTL Partition |Replication |Instances |
+-+--------------+------------+----------+
+-+--------------+------------+----------+
---------------------------------------------------------------------------------
Start Rebuilding User Hierarchy
---------------------------------------------------------------------------------
---------------------------------------------------------------------------------
Finished Rebuilding User Hierarchy : Time (s): cpu = 00:01:31 ; elapsed = 00:01:43 . Memory (MB): peak = 1488.887 ; gain = 557.707 ; free physical = 1271 ; free virtual = 11769
---------------------------------------------------------------------------------
---------------------------------------------------------------------------------
Start Renaming Generated Ports
---------------------------------------------------------------------------------
---------------------------------------------------------------------------------
Finished Renaming Generated Ports : Time (s): cpu = 00:01:31 ; elapsed = 00:01:43 . Memory (MB): peak = 1488.887 ; gain = 557.707 ; free physical = 1271 ; free virtual = 11769
---------------------------------------------------------------------------------
---------------------------------------------------------------------------------
Start Handling Custom Attributes
---------------------------------------------------------------------------------
---------------------------------------------------------------------------------
Finished Handling Custom Attributes : Time (s): cpu = 00:01:31 ; elapsed = 00:01:43 . Memory (MB): peak = 1488.887 ; gain = 557.707 ; free physical = 1274 ; free virtual = 11771
---------------------------------------------------------------------------------
---------------------------------------------------------------------------------
Start Renaming Generated Nets
---------------------------------------------------------------------------------
---------------------------------------------------------------------------------
Finished Renaming Generated Nets : Time (s): cpu = 00:01:31 ; elapsed = 00:01:43 . Memory (MB): peak = 1488.887 ; gain = 557.707 ; free physical = 1274 ; free virtual = 11770
---------------------------------------------------------------------------------
---------------------------------------------------------------------------------
Start ROM, RAM, DSP and Shift Register Reporting
---------------------------------------------------------------------------------

Static Shift Register Report:
+------------+-----------------------------+--------+-------+--------------+--------------------+-------------------+--------+---------+
|Module Name | RTL Name                    | Length | Width | Reset Signal | Pull out first Reg | Pull out last Reg | SRL16E | SRLC32E | 
+------------+-----------------------------+--------+-------+--------------+--------------------+-------------------+--------+---------+
|nco_counter | nco_inst1/cpt_off_s_reg[9]  | 3      | 10    | NO           | NO                 | YES               | 10     | 0       | 
|nco_counter | nco_inst1/cpt_inc_s_reg[31] | 3      | 32    | NO           | NO                 | YES               | 32     | 0       | 
+------------+-----------------------------+--------+-------+--------------+--------------------+-------------------+--------+---------+

---------------------------------------------------------------------------------
Finished ROM, RAM, DSP and Shift Register Reporting
---------------------------------------------------------------------------------
---------------------------------------------------------------------------------
Start Writing Synthesis Report
---------------------------------------------------------------------------------

Report BlackBoxes: 
+-+--------------+----------+
| |BlackBox name |Instances |
+-+--------------+----------+
+-+--------------+----------+

Report Cell Usage: 
+------+---------+------+
|      |Cell     |Count |
+------+---------+------+
|1     |CARRY4   |    15|
|2     |LUT1     |     3|
|3     |LUT2     |    54|
|4     |LUT3     |    45|
|5     |LUT4     |    34|
|6     |LUT5     |    10|
|7     |LUT6     |     3|
|8     |RAMB18E1 |     1|
|9     |SRL16E   |    42|
|10    |FDRE     |   169|
|11    |FDSE     |    20|
+------+---------+------+

Report Instance Areas: 
+------+------------------------+---------------------+------+
|      |Instance                |Module               |Cells |
+------+------------------------+---------------------+------+
|1     |top                     |                     |   396|
|2     |  U0                    |nco_counter          |   396|
|3     |    handle_comm         |nco_counter_handcomm |    28|
|4     |    nco_inst1           |nco_counter_logic    |   192|
|5     |      \rom_10.rom_inst  |nco_counter_cos_rom  |    22|
|6     |    wb_nco_inst         |wb_nco_counter       |   172|
+------+------------------------+---------------------+------+
---------------------------------------------------------------------------------
Finished Writing Synthesis Report : Time (s): cpu = 00:01:31 ; elapsed = 00:01:43 . Memory (MB): peak = 1488.887 ; gain = 557.707 ; free physical = 1274 ; free virtual = 11770
---------------------------------------------------------------------------------
Synthesis finished with 0 errors, 0 critical warnings and 22 warnings.
Synthesis Optimization Runtime : Time (s): cpu = 00:01:03 ; elapsed = 00:01:11 . Memory (MB): peak = 1488.887 ; gain = 116.465 ; free physical = 1277 ; free virtual = 11774
Synthesis Optimization Complete : Time (s): cpu = 00:01:31 ; elapsed = 00:01:43 . Memory (MB): peak = 1488.895 ; gain = 557.715 ; free physical = 1279 ; free virtual = 11775
INFO: [Project 1-571] Translating synthesized netlist
INFO: [Netlist 29-17] Analyzing 16 Unisim elements for replacement
INFO: [Netlist 29-28] Unisim Transformation completed in 0 CPU seconds
INFO: [Project 1-570] Preparing netlist for logic optimization
Parsing XDC File [/home/bma/git/fpga_design/redpitaya/dds_gnuradio/dds_gnuradio.srcs/sources_1/bd/dds_gnuradio_wrapper/ip/dds_gnuradio_wrapper_nco_counter_0_0/nco_counter_ooc.xdc] for cell 'U0'
WARNING: [Vivado 12-508] No pins matched 'nco_inst1/cpt_off2_s_reg[*]/D'. [/home/bma/git/fpga_design/redpitaya/dds_gnuradio/dds_gnuradio.srcs/sources_1/bd/dds_gnuradio_wrapper/ip/dds_gnuradio_wrapper_nco_counter_0_0/nco_counter_ooc.xdc:5]
CRITICAL WARNING: [Vivado 12-4739] set_false_path:No valid object(s) found for '-to [get_pins {nco_inst1/cpt_off2_s_reg[*]/D}]'. [/home/bma/git/fpga_design/redpitaya/dds_gnuradio/dds_gnuradio.srcs/sources_1/bd/dds_gnuradio_wrapper/ip/dds_gnuradio_wrapper_nco_counter_0_0/nco_counter_ooc.xdc:5]
Resolution: Check if the specified object(s) exists in the current design. If it does, ensure that the correct design hierarchy was specified for the object. If you are working with clocks, make sure create_clock was used to create the clock object before it is referenced.
Finished Parsing XDC File [/home/bma/git/fpga_design/redpitaya/dds_gnuradio/dds_gnuradio.srcs/sources_1/bd/dds_gnuradio_wrapper/ip/dds_gnuradio_wrapper_nco_counter_0_0/nco_counter_ooc.xdc] for cell 'U0'
INFO: [Opt 31-138] Pushed 0 inverter(s) to 0 load pin(s).
INFO: [Project 1-111] Unisim Transformation Summary:
No Unisim elements were transformed.

INFO: [Common 17-83] Releasing license: Synthesis
31 Infos, 51 Warnings, 1 Critical Warnings and 0 Errors encountered.
synth_design completed successfully
synth_design: Time (s): cpu = 00:01:21 ; elapsed = 00:01:31 . Memory (MB): peak = 1488.895 ; gain = 457.211 ; free physical = 1800 ; free virtual = 12296
INFO: [Common 17-1381] The checkpoint '/home/bma/git/fpga_design/redpitaya/dds_gnuradio/dds_gnuradio.runs/dds_gnuradio_wrapper_nco_counter_0_0_synth_1/dds_gnuradio_wrapper_nco_counter_0_0.dcp' has been generated.
INFO: [Coretcl 2-1174] Renamed 5 cell refs.
INFO: [Common 17-1381] The checkpoint '/home/bma/git/fpga_design/redpitaya/dds_gnuradio/dds_gnuradio.runs/dds_gnuradio_wrapper_nco_counter_0_0_synth_1/dds_gnuradio_wrapper_nco_counter_0_0.dcp' has been generated.
report_utilization: Time (s): cpu = 00:00:00.16 ; elapsed = 00:00:00.22 . Memory (MB): peak = 1512.898 ; gain = 0.000 ; free physical = 2375 ; free virtual = 12872
INFO: [Common 17-206] Exiting Vivado at Thu Mar 30 09:07:19 2017...
