Copyright 1986-2016 Xilinx, Inc. All Rights Reserved.
----------------------------------------------------------------------------------------------------------------------------------------------------------------------------
| Tool Version     : Vivado v.2016.4 (lin64) Build 1733598 Wed Dec 14 22:35:42 MST 2016
| Date             : Thu Sep 21 16:13:58 2017
| Host             : ux305 running 64-bit Debian GNU/Linux 9.1 (stretch)
| Command          : report_power -file double_dds_wrapper_power_routed.rpt -pb double_dds_wrapper_power_summary_routed.pb -rpx double_dds_wrapper_power_routed.rpx
| Design           : double_dds_wrapper
| Device           : xc7z010clg400-1
| Design State     : routed
| Grade            : commercial
| Process          : typical
| Characterization : Production
----------------------------------------------------------------------------------------------------------------------------------------------------------------------------

Power Report

Table of Contents
-----------------
1. Summary
1.1 On-Chip Components
1.2 Power Supply Summary
1.3 Confidence Level
2. Settings
2.1 Environment
2.2 Clock Constraints
3. Detailed Reports
3.1 By Hierarchy

1. Summary
----------

+--------------------------+--------+
| Total On-Chip Power (W)  | 2.010  |
| Dynamic (W)              | 1.868  |
| Device Static (W)        | 0.142  |
| Effective TJA (C/W)      | 11.5   |
| Max Ambient (C)          | 61.8   |
| Junction Temperature (C) | 48.2   |
| Confidence Level         | Medium |
| Setting File             | ---    |
| Simulation Activity File | ---    |
| Design Nets Matched      | NA     |
+--------------------------+--------+


1.1 On-Chip Components
----------------------

+-------------------------+-----------+----------+-----------+-----------------+
| On-Chip                 | Power (W) | Used     | Available | Utilization (%) |
+-------------------------+-----------+----------+-----------+-----------------+
| Clocks                  |     0.014 |       11 |       --- |             --- |
| Slice Logic             |     0.003 |     3328 |       --- |             --- |
|   LUT as Logic          |     0.002 |     1038 |     17600 |            5.90 |
|   CARRY4                |    <0.001 |       58 |      4400 |            1.32 |
|   Register              |    <0.001 |     1581 |     35200 |            4.49 |
|   LUT as Shift Register |    <0.001 |      108 |      6000 |            1.80 |
|   Others                |     0.000 |      250 |       --- |             --- |
| Signals                 |     0.005 |     2482 |       --- |             --- |
| Block RAM               |     0.006 |      2.5 |        60 |            4.17 |
| PLL                     |     0.102 |        1 |         2 |           50.00 |
| DSPs                    |     0.002 |        2 |        80 |            2.50 |
| I/O                     |     0.458 |       21 |       100 |           21.00 |
| PS7                     |     1.277 |        1 |       --- |             --- |
| Static Power            |     0.142 |          |           |                 |
| Total                   |     2.010 |          |           |                 |
+-------------------------+-----------+----------+-----------+-----------------+


1.2 Power Supply Summary
------------------------

+-----------+-------------+-----------+-------------+------------+
| Source    | Voltage (V) | Total (A) | Dynamic (A) | Static (A) |
+-----------+-------------+-----------+-------------+------------+
| Vccint    |       1.000 |     0.048 |       0.040 |      0.008 |
| Vccaux    |       1.800 |     0.072 |       0.060 |      0.012 |
| Vcco33    |       3.300 |     0.135 |       0.134 |      0.001 |
| Vcco25    |       2.500 |     0.001 |       0.000 |      0.001 |
| Vcco18    |       1.800 |     0.001 |       0.000 |      0.001 |
| Vcco15    |       1.500 |     0.001 |       0.000 |      0.001 |
| Vcco135   |       1.350 |     0.000 |       0.000 |      0.000 |
| Vcco12    |       1.200 |     0.000 |       0.000 |      0.000 |
| Vccaux_io |       1.800 |     0.000 |       0.000 |      0.000 |
| Vccbram   |       1.000 |     0.001 |       0.001 |      0.001 |
| MGTAVcc   |       1.000 |     0.000 |       0.000 |      0.000 |
| MGTAVtt   |       1.200 |     0.000 |       0.000 |      0.000 |
| MGTVccaux |       1.800 |     0.000 |       0.000 |      0.000 |
| Vccpint   |       1.000 |     0.697 |       0.663 |      0.034 |
| Vccpaux   |       1.800 |     0.038 |       0.027 |      0.010 |
| Vccpll    |       1.800 |     0.017 |       0.014 |      0.003 |
| Vcco_ddr  |       1.500 |     0.356 |       0.354 |      0.002 |
| Vcco_mio0 |       3.300 |     0.002 |       0.001 |      0.001 |
| Vcco_mio1 |       2.500 |     0.003 |       0.002 |      0.001 |
| Vccadc    |       1.800 |     0.020 |       0.000 |      0.020 |
+-----------+-------------+-----------+-------------+------------+


1.3 Confidence Level
--------------------

+-----------------------------+------------+------------------------------------------------+------------------------------------------------------------------------------------------------------------+
| User Input Data             | Confidence | Details                                        | Action                                                                                                     |
+-----------------------------+------------+------------------------------------------------+------------------------------------------------------------------------------------------------------------+
| Design implementation state | High       | Design is routed                               |                                                                                                            |
| Clock nodes activity        | High       | User specified more than 95% of clocks         |                                                                                                            |
| I/O nodes activity          | High       | User specified more than 95% of inputs         |                                                                                                            |
| Internal nodes activity     | Medium     | User specified less than 25% of internal nodes | Provide missing internal nodes activity with simulation results or by editing the "By Resource Type" views |
| Device models               | High       | Device models are Production                   |                                                                                                            |
|                             |            |                                                |                                                                                                            |
| Overall confidence level    | Medium     |                                                |                                                                                                            |
+-----------------------------+------------+------------------------------------------------+------------------------------------------------------------------------------------------------------------+


2. Settings
-----------

2.1 Environment
---------------

+-----------------------+------------------------+
| Ambient Temp (C)      | 25.0                   |
| ThetaJA (C/W)         | 11.5                   |
| Airflow (LFM)         | 250                    |
| Heat Sink             | none                   |
| ThetaSA (C/W)         | 0.0                    |
| Board Selection       | medium (10"x10")       |
| # of Board Layers     | 8to11 (8 to 11 Layers) |
| Board Temperature (C) | 25.0                   |
+-----------------------+------------------------+


2.2 Clock Constraints
---------------------

+--------------+--------------------------------------------------+-----------------+
| Clock        | Domain                                           | Constraint (ns) |
+--------------+--------------------------------------------------+-----------------+
| adc_clk      | adc_clk_p_i                                      |             8.0 |
| clk_fpga_0   | processing_system7_0/inst/FCLK_CLK_unbuffered[0] |             8.0 |
| dac_2clk_out | redpitaya_adc_dac_clk_0/inst/dac_2clk_out        |             4.0 |
| dac_2ph_out  | redpitaya_adc_dac_clk_0/inst/dac_2ph_out         |             4.0 |
| dac_clk_fb   | redpitaya_adc_dac_clk_0/inst/dac_clk_fb          |             8.0 |
| dac_clk_out  | redpitaya_adc_dac_clk_0/inst/dac_clk_out         |             8.0 |
+--------------+--------------------------------------------------+-----------------+


3. Detailed Reports
-------------------

3.1 By Hierarchy
----------------

+------------------------------------------------+-----------+
| Name                                           | Power (W) |
+------------------------------------------------+-----------+
| double_dds_wrapper                             |     1.868 |
|   ad9767_0                                     |     0.007 |
|     inst                                       |     0.007 |
|   axi_interconnect_0                           |     0.006 |
|     s00_couplers                               |     0.005 |
|       auto_pc                                  |     0.005 |
|         inst                                   |     0.005 |
|           gen_axilite.gen_b2s_conv.axilite_b2s |     0.005 |
|             RD.ar_channel_0                    |    <0.001 |
|               ar_cmd_fsm_0                     |    <0.001 |
|               cmd_translator_0                 |    <0.001 |
|                 incr_cmd_0                     |    <0.001 |
|                 wrap_cmd_0                     |    <0.001 |
|             RD.r_channel_0                     |     0.001 |
|               rd_data_fifo_0                   |    <0.001 |
|               transaction_fifo_0               |    <0.001 |
|             SI_REG                             |     0.002 |
|               ar_pipe                          |    <0.001 |
|               aw_pipe                          |    <0.001 |
|               b_pipe                           |    <0.001 |
|               r_pipe                           |    <0.001 |
|             WR.aw_channel_0                    |    <0.001 |
|               aw_cmd_fsm_0                     |    <0.001 |
|               cmd_translator_0                 |    <0.001 |
|                 incr_cmd_0                     |    <0.001 |
|                 wrap_cmd_0                     |    <0.001 |
|             WR.b_channel_0                     |    <0.001 |
|               bid_fifo_0                       |    <0.001 |
|               bresp_fifo_0                     |    <0.001 |
|     xbar                                       |     0.001 |
|       inst                                     |     0.001 |
|         gen_sasd.crossbar_sasd_0               |     0.001 |
|           addr_arbiter_inst                    |    <0.001 |
|           gen_decerr.decerr_slave_inst         |    <0.001 |
|           reg_slice_r                          |    <0.001 |
|           splitter_ar                          |    <0.001 |
|           splitter_aw                          |    <0.001 |
|   dds1_ampl                                    |    <0.001 |
|     U0                                         |    <0.001 |
|       add_constHandComm                        |    <0.001 |
|       add_constLogic                           |    <0.001 |
|       wb_add_const_inst                        |    <0.001 |
|   dds1_nco_counter                             |     0.008 |
|     U0                                         |     0.008 |
|       handle_comm                              |    <0.001 |
|       nco_inst1                                |     0.007 |
|         rom_12.rom12_inst                      |     0.005 |
|       wb_nco_inst                              |    <0.001 |
|   dds1_offset                                  |    <0.001 |
|     U0                                         |    <0.001 |
|       add_constHandComm                        |    <0.001 |
|       add_constLogic                           |    <0.001 |
|       wb_add_const_inst                        |    <0.001 |
|   dds1_phase                                   |    <0.001 |
|     U0                                         |    <0.001 |
|       add_constHandComm                        |    <0.001 |
|       add_constLogic                           |    <0.001 |
|       wb_add_const_inst                        |    <0.001 |
|   dds1_twoInMult_0                             |     0.001 |
|     U0                                         |     0.001 |
|   dds2_ampl                                    |    <0.001 |
|     U0                                         |    <0.001 |
|       add_constHandComm                        |    <0.001 |
|       add_constLogic                           |    <0.001 |
|       wb_add_const_inst                        |    <0.001 |
|   dds2_nco_counter                             |     0.004 |
|     U0                                         |     0.004 |
|       handle_comm                              |    <0.001 |
|       nco_inst1                                |     0.003 |
|         rom_10.rom10_inst                      |     0.002 |
|       wb_nco_inst                              |    <0.001 |
|   dds2_offset                                  |    <0.001 |
|     U0                                         |    <0.001 |
|       add_constHandComm                        |    <0.001 |
|       add_constLogic                           |    <0.001 |
|       wb_add_const_inst                        |    <0.001 |
|   dds2_phase                                   |    <0.001 |
|     U0                                         |    <0.001 |
|       add_constHandComm                        |    <0.001 |
|       add_constLogic                           |    <0.001 |
|       wb_add_const_inst                        |    <0.001 |
|   dds2_twoInMult_1                             |     0.001 |
|     U0                                         |     0.001 |
|   ltc2145_0                                    |     0.000 |
|   proc_sys_reset_0                             |    <0.001 |
|     U0                                         |    <0.001 |
|       EXT_LPF                                  |    <0.001 |
|         ACTIVE_LOW_EXT.ACT_LO_EXT              |    <0.001 |
|       SEQ                                      |    <0.001 |
|         SEQ_COUNTER                            |    <0.001 |
|   processing_system7_0                         |     1.278 |
|     inst                                       |     1.278 |
|   redpitaya_adc_dac_clk_0                      |     0.104 |
|     inst                                       |     0.104 |
|   xlconstant_0                                 |     0.000 |
|   xlconstant_1                                 |     0.000 |
|   xlslice_0                                    |     0.000 |
|   xlslice_1                                    |     0.000 |
+------------------------------------------------+-----------+


