
*** Running vivado
    with args -log pid_vco_amp_mod_pid_only_wrapper_dupplReal_1_to_2_0_0.vds -m64 -product Vivado -mode batch -messageDb vivado.pb -notrace -source pid_vco_amp_mod_pid_only_wrapper_dupplReal_1_to_2_0_0.tcl


****** Vivado v2016.4 (64-bit)
  **** SW Build 1733598 on Wed Dec 14 22:35:42 MST 2016
  **** IP Build 1731160 on Wed Dec 14 23:47:21 MST 2016
    ** Copyright 1986-2016 Xilinx, Inc. All Rights Reserved.

source pid_vco_amp_mod_pid_only_wrapper_dupplReal_1_to_2_0_0.tcl -notrace
Command: synth_design -top pid_vco_amp_mod_pid_only_wrapper_dupplReal_1_to_2_0_0 -part xc7z010clg400-1 -mode out_of_context
Starting synth_design
Attempting to get a license for feature 'Synthesis' and/or device 'xc7z010'
INFO: [Common 17-349] Got license for feature 'Synthesis' and/or device 'xc7z010'
INFO: Launching helper process for spawning children vivado processes
INFO: Helper process launched with PID 26841 
---------------------------------------------------------------------------------
Starting RTL Elaboration : Time (s): cpu = 00:00:26 ; elapsed = 00:00:28 . Memory (MB): peak = 1111.934 ; gain = 180.086 ; free physical = 721 ; free virtual = 10379
---------------------------------------------------------------------------------
INFO: [Synth 8-638] synthesizing module 'pid_vco_amp_mod_pid_only_wrapper_dupplReal_1_to_2_0_0' [/home/bma/git/fpga_design/redpitaya/pid_vco_amp_mod_pid_only/pid_vco_amp_mod_pid_only.srcs/sources_1/bd/pid_vco_amp_mod_pid_only_wrapper/ip/pid_vco_amp_mod_pid_only_wrapper_dupplReal_1_to_2_0_0/synth/pid_vco_amp_mod_pid_only_wrapper_dupplReal_1_to_2_0_0.vhd:76]
	Parameter DATA_SIZE bound to: 14 - type: integer 
INFO: [Synth 8-3491] module 'dupplReal_1_to_2' declared at '/home/bma/git/fpga_design/redpitaya/pid_vco_amp_mod_pid_only/pid_vco_amp_mod_pid_only.srcs/sources_1/bd/pid_vco_amp_mod_pid_only_wrapper/ipshared/0e23/hdl/dupplReal_1_to_2.vhd:5' bound to instance 'U0' of component 'dupplReal_1_to_2' [/home/bma/git/fpga_design/redpitaya/pid_vco_amp_mod_pid_only/pid_vco_amp_mod_pid_only.srcs/sources_1/bd/pid_vco_amp_mod_pid_only_wrapper/ip/pid_vco_amp_mod_pid_only_wrapper_dupplReal_1_to_2_0_0/synth/pid_vco_amp_mod_pid_only_wrapper_dupplReal_1_to_2_0_0.vhd:122]
INFO: [Synth 8-638] synthesizing module 'dupplReal_1_to_2' [/home/bma/git/fpga_design/redpitaya/pid_vco_amp_mod_pid_only/pid_vco_amp_mod_pid_only.srcs/sources_1/bd/pid_vco_amp_mod_pid_only_wrapper/ipshared/0e23/hdl/dupplReal_1_to_2.vhd:30]
	Parameter DATA_SIZE bound to: 14 - type: integer 
INFO: [Synth 8-256] done synthesizing module 'dupplReal_1_to_2' (1#1) [/home/bma/git/fpga_design/redpitaya/pid_vco_amp_mod_pid_only/pid_vco_amp_mod_pid_only.srcs/sources_1/bd/pid_vco_amp_mod_pid_only_wrapper/ipshared/0e23/hdl/dupplReal_1_to_2.vhd:30]
INFO: [Synth 8-256] done synthesizing module 'pid_vco_amp_mod_pid_only_wrapper_dupplReal_1_to_2_0_0' (2#1) [/home/bma/git/fpga_design/redpitaya/pid_vco_amp_mod_pid_only/pid_vco_amp_mod_pid_only.srcs/sources_1/bd/pid_vco_amp_mod_pid_only_wrapper/ip/pid_vco_amp_mod_pid_only_wrapper_dupplReal_1_to_2_0_0/synth/pid_vco_amp_mod_pid_only_wrapper_dupplReal_1_to_2_0_0.vhd:76]
---------------------------------------------------------------------------------
Finished RTL Elaboration : Time (s): cpu = 00:00:28 ; elapsed = 00:00:31 . Memory (MB): peak = 1153.402 ; gain = 221.555 ; free physical = 639 ; free virtual = 10297
---------------------------------------------------------------------------------

Report Check Netlist: 
+------+------------------+-------+---------+-------+------------------+
|      |Item              |Errors |Warnings |Status |Description       |
+------+------------------+-------+---------+-------+------------------+
|1     |multi_driven_nets |      0|        0|Passed |Multi driven nets |
+------+------------------+-------+---------+-------+------------------+
---------------------------------------------------------------------------------
Finished RTL Optimization Phase 1 : Time (s): cpu = 00:00:28 ; elapsed = 00:00:31 . Memory (MB): peak = 1153.402 ; gain = 221.555 ; free physical = 619 ; free virtual = 10277
---------------------------------------------------------------------------------
INFO: [Device 21-403] Loading part xc7z010clg400-1
INFO: [Project 1-570] Preparing netlist for logic optimization

Processing XDC Constraints
Initializing timing engine
Completed Processing XDC Constraints

INFO: [Project 1-111] Unisim Transformation Summary:
No Unisim elements were transformed.

Constraint Validation Runtime : Time (s): cpu = 00:00:00.02 ; elapsed = 00:00:00.03 . Memory (MB): peak = 1398.809 ; gain = 0.000 ; free physical = 264 ; free virtual = 9921
---------------------------------------------------------------------------------
Finished Constraint Validation : Time (s): cpu = 00:00:54 ; elapsed = 00:01:00 . Memory (MB): peak = 1398.809 ; gain = 466.961 ; free physical = 126 ; free virtual = 9390
---------------------------------------------------------------------------------
---------------------------------------------------------------------------------
Start Loading Part and Timing Information
---------------------------------------------------------------------------------
Loading part: xc7z010clg400-1
---------------------------------------------------------------------------------
Finished Loading Part and Timing Information : Time (s): cpu = 00:00:54 ; elapsed = 00:01:00 . Memory (MB): peak = 1398.809 ; gain = 466.961 ; free physical = 126 ; free virtual = 9390
---------------------------------------------------------------------------------
---------------------------------------------------------------------------------
Start Applying 'set_property' XDC Constraints
---------------------------------------------------------------------------------
---------------------------------------------------------------------------------
Finished applying 'set_property' XDC Constraints : Time (s): cpu = 00:00:55 ; elapsed = 00:01:00 . Memory (MB): peak = 1398.809 ; gain = 466.961 ; free physical = 126 ; free virtual = 9390
---------------------------------------------------------------------------------
---------------------------------------------------------------------------------
Finished RTL Optimization Phase 2 : Time (s): cpu = 00:00:55 ; elapsed = 00:01:00 . Memory (MB): peak = 1398.809 ; gain = 466.961 ; free physical = 131 ; free virtual = 9395
---------------------------------------------------------------------------------

Report RTL Partitions: 
+-+--------------+------------+----------+
| |RTL Partition |Replication |Instances |
+-+--------------+------------+----------+
+-+--------------+------------+----------+
---------------------------------------------------------------------------------
Start RTL Component Statistics 
---------------------------------------------------------------------------------
Detailed RTL Component Info : 
---------------------------------------------------------------------------------
Finished RTL Component Statistics 
---------------------------------------------------------------------------------
---------------------------------------------------------------------------------
Start RTL Hierarchical Component Statistics 
---------------------------------------------------------------------------------
Hierarchical RTL Component report 
---------------------------------------------------------------------------------
Finished RTL Hierarchical Component Statistics
---------------------------------------------------------------------------------
---------------------------------------------------------------------------------
Start Part Resource Summary
---------------------------------------------------------------------------------
Part Resources:
DSPs: 80 (col length:40)
BRAMs: 120 (col length: RAMB18 40 RAMB36 20)
---------------------------------------------------------------------------------
Finished Part Resource Summary
---------------------------------------------------------------------------------
---------------------------------------------------------------------------------
Start Cross Boundary and Area Optimization
---------------------------------------------------------------------------------
WARNING: [Synth 8-3330] design pid_vco_amp_mod_pid_only_wrapper_dupplReal_1_to_2_0_0 has an empty top module
---------------------------------------------------------------------------------
Finished Cross Boundary and Area Optimization : Time (s): cpu = 00:00:56 ; elapsed = 00:01:01 . Memory (MB): peak = 1398.809 ; gain = 466.961 ; free physical = 130 ; free virtual = 9395
---------------------------------------------------------------------------------

Report RTL Partitions: 
+-+--------------+------------+----------+
| |RTL Partition |Replication |Instances |
+-+--------------+------------+----------+
+-+--------------+------------+----------+
---------------------------------------------------------------------------------
Start Timing Optimization
---------------------------------------------------------------------------------
---------------------------------------------------------------------------------
Start Applying XDC Timing Constraints
---------------------------------------------------------------------------------
---------------------------------------------------------------------------------
Finished Applying XDC Timing Constraints : Time (s): cpu = 00:01:23 ; elapsed = 00:01:31 . Memory (MB): peak = 1437.809 ; gain = 505.961 ; free physical = 1164 ; free virtual = 10431
---------------------------------------------------------------------------------
---------------------------------------------------------------------------------
Finished Timing Optimization : Time (s): cpu = 00:01:23 ; elapsed = 00:01:31 . Memory (MB): peak = 1437.809 ; gain = 505.961 ; free physical = 1164 ; free virtual = 10431
---------------------------------------------------------------------------------

Report RTL Partitions: 
+-+--------------+------------+----------+
| |RTL Partition |Replication |Instances |
+-+--------------+------------+----------+
+-+--------------+------------+----------+
---------------------------------------------------------------------------------
Start Technology Mapping
---------------------------------------------------------------------------------
---------------------------------------------------------------------------------
Finished Technology Mapping : Time (s): cpu = 00:01:23 ; elapsed = 00:01:31 . Memory (MB): peak = 1447.824 ; gain = 515.977 ; free physical = 1150 ; free virtual = 10417
---------------------------------------------------------------------------------

Report RTL Partitions: 
+-+--------------+------------+----------+
| |RTL Partition |Replication |Instances |
+-+--------------+------------+----------+
+-+--------------+------------+----------+
---------------------------------------------------------------------------------
Start IO Insertion
---------------------------------------------------------------------------------
---------------------------------------------------------------------------------
Start Flattening Before IO Insertion
---------------------------------------------------------------------------------
---------------------------------------------------------------------------------
Finished Flattening Before IO Insertion
---------------------------------------------------------------------------------
---------------------------------------------------------------------------------
Start Final Netlist Cleanup
---------------------------------------------------------------------------------
---------------------------------------------------------------------------------
Finished Final Netlist Cleanup
---------------------------------------------------------------------------------
---------------------------------------------------------------------------------
Finished IO Insertion : Time (s): cpu = 00:01:24 ; elapsed = 00:01:34 . Memory (MB): peak = 1447.824 ; gain = 515.977 ; free physical = 1139 ; free virtual = 10404
---------------------------------------------------------------------------------

Report Check Netlist: 
+------+------------------+-------+---------+-------+------------------+
|      |Item              |Errors |Warnings |Status |Description       |
+------+------------------+-------+---------+-------+------------------+
|1     |multi_driven_nets |      0|        0|Passed |Multi driven nets |
+------+------------------+-------+---------+-------+------------------+
---------------------------------------------------------------------------------
Start Renaming Generated Instances
---------------------------------------------------------------------------------
---------------------------------------------------------------------------------
Finished Renaming Generated Instances : Time (s): cpu = 00:01:24 ; elapsed = 00:01:34 . Memory (MB): peak = 1447.824 ; gain = 515.977 ; free physical = 1139 ; free virtual = 10404
---------------------------------------------------------------------------------

Report RTL Partitions: 
+-+--------------+------------+----------+
| |RTL Partition |Replication |Instances |
+-+--------------+------------+----------+
+-+--------------+------------+----------+
---------------------------------------------------------------------------------
Start Rebuilding User Hierarchy
---------------------------------------------------------------------------------
---------------------------------------------------------------------------------
Finished Rebuilding User Hierarchy : Time (s): cpu = 00:01:24 ; elapsed = 00:01:34 . Memory (MB): peak = 1447.824 ; gain = 515.977 ; free physical = 1139 ; free virtual = 10404
---------------------------------------------------------------------------------
---------------------------------------------------------------------------------
Start Renaming Generated Ports
---------------------------------------------------------------------------------
---------------------------------------------------------------------------------
Finished Renaming Generated Ports : Time (s): cpu = 00:01:24 ; elapsed = 00:01:34 . Memory (MB): peak = 1447.824 ; gain = 515.977 ; free physical = 1139 ; free virtual = 10404
---------------------------------------------------------------------------------
---------------------------------------------------------------------------------
Start Handling Custom Attributes
---------------------------------------------------------------------------------
---------------------------------------------------------------------------------
Finished Handling Custom Attributes : Time (s): cpu = 00:01:24 ; elapsed = 00:01:34 . Memory (MB): peak = 1447.824 ; gain = 515.977 ; free physical = 1141 ; free virtual = 10406
---------------------------------------------------------------------------------
---------------------------------------------------------------------------------
Start Renaming Generated Nets
---------------------------------------------------------------------------------
---------------------------------------------------------------------------------
Finished Renaming Generated Nets : Time (s): cpu = 00:01:24 ; elapsed = 00:01:34 . Memory (MB): peak = 1447.824 ; gain = 515.977 ; free physical = 1141 ; free virtual = 10406
---------------------------------------------------------------------------------
---------------------------------------------------------------------------------
Start Writing Synthesis Report
---------------------------------------------------------------------------------

Report BlackBoxes: 
+-+--------------+----------+
| |BlackBox name |Instances |
+-+--------------+----------+
+-+--------------+----------+

Report Cell Usage: 
+-+-----+------+
| |Cell |Count |
+-+-----+------+
+-+-----+------+

Report Instance Areas: 
+------+---------+-------+------+
|      |Instance |Module |Cells |
+------+---------+-------+------+
|1     |top      |       |     0|
+------+---------+-------+------+
---------------------------------------------------------------------------------
Finished Writing Synthesis Report : Time (s): cpu = 00:01:24 ; elapsed = 00:01:34 . Memory (MB): peak = 1447.824 ; gain = 515.977 ; free physical = 1141 ; free virtual = 10406
---------------------------------------------------------------------------------
Synthesis finished with 0 errors, 0 critical warnings and 1 warnings.
Synthesis Optimization Runtime : Time (s): cpu = 00:00:58 ; elapsed = 00:01:04 . Memory (MB): peak = 1447.824 ; gain = 157.480 ; free physical = 1141 ; free virtual = 10407
Synthesis Optimization Complete : Time (s): cpu = 00:01:24 ; elapsed = 00:01:34 . Memory (MB): peak = 1447.832 ; gain = 515.984 ; free physical = 1141 ; free virtual = 10407
INFO: [Project 1-571] Translating synthesized netlist
INFO: [Project 1-570] Preparing netlist for logic optimization
INFO: [Opt 31-138] Pushed 0 inverter(s) to 0 load pin(s).
INFO: [Project 1-111] Unisim Transformation Summary:
No Unisim elements were transformed.

INFO: [Common 17-83] Releasing license: Synthesis
14 Infos, 1 Warnings, 0 Critical Warnings and 0 Errors encountered.
synth_design completed successfully
synth_design: Time (s): cpu = 00:01:15 ; elapsed = 00:01:23 . Memory (MB): peak = 1451.824 ; gain = 419.473 ; free physical = 1129 ; free virtual = 10397
INFO: [Common 17-1381] The checkpoint '/home/bma/git/fpga_design/redpitaya/pid_vco_amp_mod_pid_only/pid_vco_amp_mod_pid_only.runs/pid_vco_amp_mod_pid_only_wrapper_dupplReal_1_to_2_0_0_synth_1/pid_vco_amp_mod_pid_only_wrapper_dupplReal_1_to_2_0_0.dcp' has been generated.
INFO: [Common 17-1381] The checkpoint '/home/bma/git/fpga_design/redpitaya/pid_vco_amp_mod_pid_only/pid_vco_amp_mod_pid_only.runs/pid_vco_amp_mod_pid_only_wrapper_dupplReal_1_to_2_0_0_synth_1/pid_vco_amp_mod_pid_only_wrapper_dupplReal_1_to_2_0_0.dcp' has been generated.
report_utilization: Time (s): cpu = 00:00:00.15 ; elapsed = 00:00:00.22 . Memory (MB): peak = 1451.824 ; gain = 0.000 ; free physical = 1109 ; free virtual = 10380
INFO: [Common 17-206] Exiting Vivado at Wed May  9 11:12:25 2018...
