
*** Running vivado
    with args -log adc2dac_ram_offset_processing_system7_0_0.vds -m64 -product Vivado -mode batch -messageDb vivado.pb -notrace -source adc2dac_ram_offset_processing_system7_0_0.tcl

awk: symbol lookup error: awk: undefined symbol: mpfr_z_sub

****** Vivado v2016.4 (64-bit)
  **** SW Build 1733598 on Wed Dec 14 22:35:42 MST 2016
  **** IP Build 1731160 on Wed Dec 14 23:47:21 MST 2016
    ** Copyright 1986-2016 Xilinx, Inc. All Rights Reserved.

source adc2dac_ram_offset_processing_system7_0_0.tcl -notrace
awk: symbol lookup error: awk: undefined symbol: mpfr_z_sub
Starting RTL Elaboration : Time (s): cpu = 00:00:27 ; elapsed = 00:00:28 . Memory (MB): peak = 1122.270 ; gain = 191.086 ; free physical = 1891 ; free virtual = 12862
INFO: [Synth 8-638] synthesizing module 'adc2dac_ram_offset_processing_system7_0_0' [/home/bma/git/fpga_design/redpitaya/adc2dac_ram_offset/adc2dac_ram_offset.srcs/sources_1/bd/adc2dac_ram_offset/ip/adc2dac_ram_offset_processing_system7_0_0/synth/adc2dac_ram_offset_processing_system7_0_0.v:60]
INFO: [Synth 8-638] synthesizing module 'processing_system7_v5_5_processing_system7' [/home/bma/git/fpga_design/redpitaya/adc2dac_ram_offset/adc2dac_ram_offset.srcs/sources_1/bd/adc2dac_ram_offset/ip/adc2dac_ram_offset_processing_system7_0_0/hdl/verilog/processing_system7_v5_5_processing_system7.v:162]
INFO: [Synth 8-638] synthesizing module 'BUFG' [/opt/Xilinx/Vivado/2016.4/scripts/rt/data/unisim_comp.v:607]
INFO: [Synth 8-256] done synthesizing module 'BUFG' (1#1) [/opt/Xilinx/Vivado/2016.4/scripts/rt/data/unisim_comp.v:607]
INFO: [Synth 8-638] synthesizing module 'BIBUF' [/opt/Xilinx/Vivado/2016.4/scripts/rt/data/unisim_comp.v:268]
INFO: [Synth 8-256] done synthesizing module 'BIBUF' (2#1) [/opt/Xilinx/Vivado/2016.4/scripts/rt/data/unisim_comp.v:268]
INFO: [Synth 8-638] synthesizing module 'PS7' [/opt/Xilinx/Vivado/2016.4/scripts/rt/data/unisim_comp.v:33182]
INFO: [Synth 8-256] done synthesizing module 'PS7' (3#1) [/opt/Xilinx/Vivado/2016.4/scripts/rt/data/unisim_comp.v:33182]
INFO: [Synth 8-256] done synthesizing module 'processing_system7_v5_5_processing_system7' (4#1) [/home/bma/git/fpga_design/redpitaya/adc2dac_ram_offset/adc2dac_ram_offset.srcs/sources_1/bd/adc2dac_ram_offset/ip/adc2dac_ram_offset_processing_system7_0_0/hdl/verilog/processing_system7_v5_5_processing_system7.v:162]
INFO: [Synth 8-256] done synthesizing module 'adc2dac_ram_offset_processing_system7_0_0' (5#1) [/home/bma/git/fpga_design/redpitaya/adc2dac_ram_offset/adc2dac_ram_offset.srcs/sources_1/bd/adc2dac_ram_offset/ip/adc2dac_ram_offset_processing_system7_0_0/synth/adc2dac_ram_offset_processing_system7_0_0.v:60]
Finished RTL Elaboration : Time (s): cpu = 00:00:30 ; elapsed = 00:00:32 . Memory (MB): peak = 1162.738 ; gain = 231.555 ; free physical = 1753 ; free virtual = 12725
Finished RTL Optimization Phase 1 : Time (s): cpu = 00:00:31 ; elapsed = 00:00:32 . Memory (MB): peak = 1162.738 ; gain = 231.555 ; free physical = 1732 ; free virtual = 12704
INFO: [Device 21-403] Loading part xc7z010clg400-1
Constraint Validation Runtime : Time (s): cpu = 00:00:00.08 ; elapsed = 00:00:00.08 . Memory (MB): peak = 1428.422 ; gain = 0.000 ; free physical = 1153 ; free virtual = 12125
Finished Constraint Validation : Time (s): cpu = 00:00:59 ; elapsed = 00:01:03 . Memory (MB): peak = 1428.422 ; gain = 497.238 ; free physical = 1050 ; free virtual = 12023
Finished Loading Part and Timing Information : Time (s): cpu = 00:00:59 ; elapsed = 00:01:03 . Memory (MB): peak = 1428.422 ; gain = 497.238 ; free physical = 1050 ; free virtual = 12023
Finished applying 'set_property' XDC Constraints : Time (s): cpu = 00:01:01 ; elapsed = 00:01:05 . Memory (MB): peak = 1428.422 ; gain = 497.238 ; free physical = 1050 ; free virtual = 12022
Finished RTL Optimization Phase 2 : Time (s): cpu = 00:01:02 ; elapsed = 00:01:06 . Memory (MB): peak = 1428.422 ; gain = 497.238 ; free physical = 1043 ; free virtual = 12015
Finished Cross Boundary and Area Optimization : Time (s): cpu = 00:01:03 ; elapsed = 00:01:07 . Memory (MB): peak = 1444.438 ; gain = 513.254 ; free physical = 1027 ; free virtual = 11999
Finished Applying XDC Timing Constraints : Time (s): cpu = 00:01:29 ; elapsed = 00:01:34 . Memory (MB): peak = 1627.438 ; gain = 696.254 ; free physical = 1802 ; free virtual = 12776
Finished Timing Optimization : Time (s): cpu = 00:01:29 ; elapsed = 00:01:34 . Memory (MB): peak = 1647.445 ; gain = 716.262 ; free physical = 1779 ; free virtual = 12752
Finished Technology Mapping : Time (s): cpu = 00:01:32 ; elapsed = 00:01:36 . Memory (MB): peak = 1655.453 ; gain = 724.270 ; free physical = 2335 ; free virtual = 13309
Finished IO Insertion : Time (s): cpu = 00:01:34 ; elapsed = 00:01:39 . Memory (MB): peak = 1655.453 ; gain = 724.270 ; free physical = 2337 ; free virtual = 13309
Finished Renaming Generated Instances : Time (s): cpu = 00:01:34 ; elapsed = 00:01:39 . Memory (MB): peak = 1655.453 ; gain = 724.270 ; free physical = 2337 ; free virtual = 13309
Finished Rebuilding User Hierarchy : Time (s): cpu = 00:01:34 ; elapsed = 00:01:39 . Memory (MB): peak = 1655.453 ; gain = 724.270 ; free physical = 2337 ; free virtual = 13309
Finished Renaming Generated Ports : Time (s): cpu = 00:01:34 ; elapsed = 00:01:39 . Memory (MB): peak = 1655.453 ; gain = 724.270 ; free physical = 2337 ; free virtual = 13309
Finished Handling Custom Attributes : Time (s): cpu = 00:01:34 ; elapsed = 00:01:39 . Memory (MB): peak = 1655.453 ; gain = 724.270 ; free physical = 2337 ; free virtual = 13309
Finished Renaming Generated Nets : Time (s): cpu = 00:01:34 ; elapsed = 00:01:39 . Memory (MB): peak = 1655.453 ; gain = 724.270 ; free physical = 2337 ; free virtual = 13309

Report Cell Usage: 
+------+------+------+
|      |Cell  |Count |
+------+------+------+
|1     |BIBUF |   130|
|2     |BUFG  |     4|
|3     |LUT1  |   352|
|4     |PS7   |     1|
+------+------+------+
Finished Writing Synthesis Report : Time (s): cpu = 00:01:34 ; elapsed = 00:01:39 . Memory (MB): peak = 1655.453 ; gain = 724.270 ; free physical = 2337 ; free virtual = 13309
synth_design: Time (s): cpu = 00:01:24 ; elapsed = 00:01:27 . Memory (MB): peak = 1666.453 ; gain = 629.766 ; free physical = 2307 ; free virtual = 13279
