
*** Running vivado
    with args -log iq_pid_vco_wrapper_xbar_0.vds -m64 -product Vivado -mode batch -messageDb vivado.pb -notrace -source iq_pid_vco_wrapper_xbar_0.tcl

awk: symbol lookup error: awk: undefined symbol: mpfr_z_sub

****** Vivado v2016.4 (64-bit)
  **** SW Build 1733598 on Wed Dec 14 22:35:42 MST 2016
  **** IP Build 1731160 on Wed Dec 14 23:47:21 MST 2016
    ** Copyright 1986-2016 Xilinx, Inc. All Rights Reserved.

source iq_pid_vco_wrapper_xbar_0.tcl -notrace
awk: symbol lookup error: awk: undefined symbol: mpfr_z_sub
Starting RTL Elaboration : Time (s): cpu = 00:00:29 ; elapsed = 00:00:30 . Memory (MB): peak = 1128.273 ; gain = 197.086 ; free physical = 834 ; free virtual = 12011
INFO: [Synth 8-638] synthesizing module 'iq_pid_vco_wrapper_xbar_0' [/home/bma/git/fpga_design/redpitaya/iq_pid_vco/iq_pid_vco.srcs/sources_1/bd/iq_pid_vco_wrapper/ip/iq_pid_vco_wrapper_xbar_0/synth/iq_pid_vco_wrapper_xbar_0.v:60]
INFO: [Synth 8-638] synthesizing module 'axi_crossbar_v2_1_12_axi_crossbar' [/home/bma/git/fpga_design/redpitaya/iq_pid_vco/iq_pid_vco.srcs/sources_1/bd/iq_pid_vco_wrapper/ipshared/896d/hdl/axi_crossbar_v2_1_vl_rfs.v:4882]
INFO: [Synth 8-638] synthesizing module 'axi_crossbar_v2_1_12_crossbar_sasd' [/home/bma/git/fpga_design/redpitaya/iq_pid_vco/iq_pid_vco.srcs/sources_1/bd/iq_pid_vco_wrapper/ipshared/896d/hdl/axi_crossbar_v2_1_vl_rfs.v:1240]
INFO: [Synth 8-638] synthesizing module 'axi_crossbar_v2_1_12_addr_decoder' [/home/bma/git/fpga_design/redpitaya/iq_pid_vco/iq_pid_vco.srcs/sources_1/bd/iq_pid_vco_wrapper/ipshared/896d/hdl/axi_crossbar_v2_1_vl_rfs.v:794]
INFO: [Synth 8-638] synthesizing module 'generic_baseblocks_v2_1_0_comparator_static' [/home/bma/git/fpga_design/redpitaya/iq_pid_vco/iq_pid_vco.srcs/sources_1/bd/iq_pid_vco_wrapper/ipshared/7ee0/hdl/generic_baseblocks_v2_1_vl_rfs.v:2133]
INFO: [Synth 8-638] synthesizing module 'generic_baseblocks_v2_1_0_carry_and' [/home/bma/git/fpga_design/redpitaya/iq_pid_vco/iq_pid_vco.srcs/sources_1/bd/iq_pid_vco_wrapper/ipshared/7ee0/hdl/generic_baseblocks_v2_1_vl_rfs.v:62]
INFO: [Synth 8-256] done synthesizing module 'generic_baseblocks_v2_1_0_carry_and' (1#1) [/home/bma/git/fpga_design/redpitaya/iq_pid_vco/iq_pid_vco.srcs/sources_1/bd/iq_pid_vco_wrapper/ipshared/7ee0/hdl/generic_baseblocks_v2_1_vl_rfs.v:62]
INFO: [Synth 8-256] done synthesizing module 'generic_baseblocks_v2_1_0_comparator_static' (2#1) [/home/bma/git/fpga_design/redpitaya/iq_pid_vco/iq_pid_vco.srcs/sources_1/bd/iq_pid_vco_wrapper/ipshared/7ee0/hdl/generic_baseblocks_v2_1_vl_rfs.v:2133]
INFO: [Synth 8-638] synthesizing module 'generic_baseblocks_v2_1_0_comparator_static__parameterized0' [/home/bma/git/fpga_design/redpitaya/iq_pid_vco/iq_pid_vco.srcs/sources_1/bd/iq_pid_vco_wrapper/ipshared/7ee0/hdl/generic_baseblocks_v2_1_vl_rfs.v:2133]
INFO: [Synth 8-256] done synthesizing module 'generic_baseblocks_v2_1_0_comparator_static__parameterized0' (2#1) [/home/bma/git/fpga_design/redpitaya/iq_pid_vco/iq_pid_vco.srcs/sources_1/bd/iq_pid_vco_wrapper/ipshared/7ee0/hdl/generic_baseblocks_v2_1_vl_rfs.v:2133]
INFO: [Synth 8-638] synthesizing module 'generic_baseblocks_v2_1_0_comparator_static__parameterized1' [/home/bma/git/fpga_design/redpitaya/iq_pid_vco/iq_pid_vco.srcs/sources_1/bd/iq_pid_vco_wrapper/ipshared/7ee0/hdl/generic_baseblocks_v2_1_vl_rfs.v:2133]
INFO: [Synth 8-256] done synthesizing module 'generic_baseblocks_v2_1_0_comparator_static__parameterized1' (2#1) [/home/bma/git/fpga_design/redpitaya/iq_pid_vco/iq_pid_vco.srcs/sources_1/bd/iq_pid_vco_wrapper/ipshared/7ee0/hdl/generic_baseblocks_v2_1_vl_rfs.v:2133]
INFO: [Synth 8-638] synthesizing module 'generic_baseblocks_v2_1_0_comparator_static__parameterized2' [/home/bma/git/fpga_design/redpitaya/iq_pid_vco/iq_pid_vco.srcs/sources_1/bd/iq_pid_vco_wrapper/ipshared/7ee0/hdl/generic_baseblocks_v2_1_vl_rfs.v:2133]
INFO: [Synth 8-256] done synthesizing module 'generic_baseblocks_v2_1_0_comparator_static__parameterized2' (2#1) [/home/bma/git/fpga_design/redpitaya/iq_pid_vco/iq_pid_vco.srcs/sources_1/bd/iq_pid_vco_wrapper/ipshared/7ee0/hdl/generic_baseblocks_v2_1_vl_rfs.v:2133]
INFO: [Synth 8-638] synthesizing module 'generic_baseblocks_v2_1_0_comparator_static__parameterized3' [/home/bma/git/fpga_design/redpitaya/iq_pid_vco/iq_pid_vco.srcs/sources_1/bd/iq_pid_vco_wrapper/ipshared/7ee0/hdl/generic_baseblocks_v2_1_vl_rfs.v:2133]
INFO: [Synth 8-256] done synthesizing module 'generic_baseblocks_v2_1_0_comparator_static__parameterized3' (2#1) [/home/bma/git/fpga_design/redpitaya/iq_pid_vco/iq_pid_vco.srcs/sources_1/bd/iq_pid_vco_wrapper/ipshared/7ee0/hdl/generic_baseblocks_v2_1_vl_rfs.v:2133]
INFO: [Synth 8-638] synthesizing module 'generic_baseblocks_v2_1_0_comparator_static__parameterized4' [/home/bma/git/fpga_design/redpitaya/iq_pid_vco/iq_pid_vco.srcs/sources_1/bd/iq_pid_vco_wrapper/ipshared/7ee0/hdl/generic_baseblocks_v2_1_vl_rfs.v:2133]
INFO: [Synth 8-256] done synthesizing module 'generic_baseblocks_v2_1_0_comparator_static__parameterized4' (2#1) [/home/bma/git/fpga_design/redpitaya/iq_pid_vco/iq_pid_vco.srcs/sources_1/bd/iq_pid_vco_wrapper/ipshared/7ee0/hdl/generic_baseblocks_v2_1_vl_rfs.v:2133]
INFO: [Synth 8-638] synthesizing module 'generic_baseblocks_v2_1_0_comparator_static__parameterized5' [/home/bma/git/fpga_design/redpitaya/iq_pid_vco/iq_pid_vco.srcs/sources_1/bd/iq_pid_vco_wrapper/ipshared/7ee0/hdl/generic_baseblocks_v2_1_vl_rfs.v:2133]
INFO: [Synth 8-256] done synthesizing module 'generic_baseblocks_v2_1_0_comparator_static__parameterized5' (2#1) [/home/bma/git/fpga_design/redpitaya/iq_pid_vco/iq_pid_vco.srcs/sources_1/bd/iq_pid_vco_wrapper/ipshared/7ee0/hdl/generic_baseblocks_v2_1_vl_rfs.v:2133]
INFO: [Synth 8-638] synthesizing module 'generic_baseblocks_v2_1_0_comparator_static__parameterized6' [/home/bma/git/fpga_design/redpitaya/iq_pid_vco/iq_pid_vco.srcs/sources_1/bd/iq_pid_vco_wrapper/ipshared/7ee0/hdl/generic_baseblocks_v2_1_vl_rfs.v:2133]
INFO: [Synth 8-256] done synthesizing module 'generic_baseblocks_v2_1_0_comparator_static__parameterized6' (2#1) [/home/bma/git/fpga_design/redpitaya/iq_pid_vco/iq_pid_vco.srcs/sources_1/bd/iq_pid_vco_wrapper/ipshared/7ee0/hdl/generic_baseblocks_v2_1_vl_rfs.v:2133]
INFO: [Synth 8-638] synthesizing module 'generic_baseblocks_v2_1_0_comparator_static__parameterized7' [/home/bma/git/fpga_design/redpitaya/iq_pid_vco/iq_pid_vco.srcs/sources_1/bd/iq_pid_vco_wrapper/ipshared/7ee0/hdl/generic_baseblocks_v2_1_vl_rfs.v:2133]
INFO: [Synth 8-256] done synthesizing module 'generic_baseblocks_v2_1_0_comparator_static__parameterized7' (2#1) [/home/bma/git/fpga_design/redpitaya/iq_pid_vco/iq_pid_vco.srcs/sources_1/bd/iq_pid_vco_wrapper/ipshared/7ee0/hdl/generic_baseblocks_v2_1_vl_rfs.v:2133]
INFO: [Synth 8-638] synthesizing module 'generic_baseblocks_v2_1_0_comparator_static__parameterized8' [/home/bma/git/fpga_design/redpitaya/iq_pid_vco/iq_pid_vco.srcs/sources_1/bd/iq_pid_vco_wrapper/ipshared/7ee0/hdl/generic_baseblocks_v2_1_vl_rfs.v:2133]
INFO: [Synth 8-256] done synthesizing module 'generic_baseblocks_v2_1_0_comparator_static__parameterized8' (2#1) [/home/bma/git/fpga_design/redpitaya/iq_pid_vco/iq_pid_vco.srcs/sources_1/bd/iq_pid_vco_wrapper/ipshared/7ee0/hdl/generic_baseblocks_v2_1_vl_rfs.v:2133]
INFO: [Synth 8-638] synthesizing module 'generic_baseblocks_v2_1_0_comparator_static__parameterized9' [/home/bma/git/fpga_design/redpitaya/iq_pid_vco/iq_pid_vco.srcs/sources_1/bd/iq_pid_vco_wrapper/ipshared/7ee0/hdl/generic_baseblocks_v2_1_vl_rfs.v:2133]
INFO: [Synth 8-256] done synthesizing module 'generic_baseblocks_v2_1_0_comparator_static__parameterized9' (2#1) [/home/bma/git/fpga_design/redpitaya/iq_pid_vco/iq_pid_vco.srcs/sources_1/bd/iq_pid_vco_wrapper/ipshared/7ee0/hdl/generic_baseblocks_v2_1_vl_rfs.v:2133]
INFO: [Synth 8-638] synthesizing module 'generic_baseblocks_v2_1_0_comparator_static__parameterized10' [/home/bma/git/fpga_design/redpitaya/iq_pid_vco/iq_pid_vco.srcs/sources_1/bd/iq_pid_vco_wrapper/ipshared/7ee0/hdl/generic_baseblocks_v2_1_vl_rfs.v:2133]
INFO: [Synth 8-256] done synthesizing module 'generic_baseblocks_v2_1_0_comparator_static__parameterized10' (2#1) [/home/bma/git/fpga_design/redpitaya/iq_pid_vco/iq_pid_vco.srcs/sources_1/bd/iq_pid_vco_wrapper/ipshared/7ee0/hdl/generic_baseblocks_v2_1_vl_rfs.v:2133]
INFO: [Synth 8-638] synthesizing module 'generic_baseblocks_v2_1_0_comparator_static__parameterized11' [/home/bma/git/fpga_design/redpitaya/iq_pid_vco/iq_pid_vco.srcs/sources_1/bd/iq_pid_vco_wrapper/ipshared/7ee0/hdl/generic_baseblocks_v2_1_vl_rfs.v:2133]
INFO: [Synth 8-256] done synthesizing module 'generic_baseblocks_v2_1_0_comparator_static__parameterized11' (2#1) [/home/bma/git/fpga_design/redpitaya/iq_pid_vco/iq_pid_vco.srcs/sources_1/bd/iq_pid_vco_wrapper/ipshared/7ee0/hdl/generic_baseblocks_v2_1_vl_rfs.v:2133]
INFO: [Synth 8-256] done synthesizing module 'axi_crossbar_v2_1_12_addr_decoder' (3#1) [/home/bma/git/fpga_design/redpitaya/iq_pid_vco/iq_pid_vco.srcs/sources_1/bd/iq_pid_vco_wrapper/ipshared/896d/hdl/axi_crossbar_v2_1_vl_rfs.v:794]
INFO: [Synth 8-638] synthesizing module 'axi_crossbar_v2_1_12_decerr_slave' [/home/bma/git/fpga_design/redpitaya/iq_pid_vco/iq_pid_vco.srcs/sources_1/bd/iq_pid_vco_wrapper/ipshared/896d/hdl/axi_crossbar_v2_1_vl_rfs.v:3500]
INFO: [Synth 8-256] done synthesizing module 'axi_crossbar_v2_1_12_decerr_slave' (4#1) [/home/bma/git/fpga_design/redpitaya/iq_pid_vco/iq_pid_vco.srcs/sources_1/bd/iq_pid_vco_wrapper/ipshared/896d/hdl/axi_crossbar_v2_1_vl_rfs.v:3500]
INFO: [Synth 8-638] synthesizing module 'axi_crossbar_v2_1_12_addr_arbiter_sasd' [/home/bma/git/fpga_design/redpitaya/iq_pid_vco/iq_pid_vco.srcs/sources_1/bd/iq_pid_vco_wrapper/ipshared/896d/hdl/axi_crossbar_v2_1_vl_rfs.v:65]
INFO: [Synth 8-256] done synthesizing module 'axi_crossbar_v2_1_12_addr_arbiter_sasd' (5#1) [/home/bma/git/fpga_design/redpitaya/iq_pid_vco/iq_pid_vco.srcs/sources_1/bd/iq_pid_vco_wrapper/ipshared/896d/hdl/axi_crossbar_v2_1_vl_rfs.v:65]
INFO: [Synth 8-638] synthesizing module 'axi_crossbar_v2_1_12_splitter' [/home/bma/git/fpga_design/redpitaya/iq_pid_vco/iq_pid_vco.srcs/sources_1/bd/iq_pid_vco_wrapper/ipshared/896d/hdl/axi_crossbar_v2_1_vl_rfs.v:4459]
INFO: [Synth 8-256] done synthesizing module 'axi_crossbar_v2_1_12_splitter' (6#1) [/home/bma/git/fpga_design/redpitaya/iq_pid_vco/iq_pid_vco.srcs/sources_1/bd/iq_pid_vco_wrapper/ipshared/896d/hdl/axi_crossbar_v2_1_vl_rfs.v:4459]
INFO: [Synth 8-638] synthesizing module 'axi_crossbar_v2_1_12_splitter__parameterized0' [/home/bma/git/fpga_design/redpitaya/iq_pid_vco/iq_pid_vco.srcs/sources_1/bd/iq_pid_vco_wrapper/ipshared/896d/hdl/axi_crossbar_v2_1_vl_rfs.v:4459]
INFO: [Synth 8-256] done synthesizing module 'axi_crossbar_v2_1_12_splitter__parameterized0' (6#1) [/home/bma/git/fpga_design/redpitaya/iq_pid_vco/iq_pid_vco.srcs/sources_1/bd/iq_pid_vco_wrapper/ipshared/896d/hdl/axi_crossbar_v2_1_vl_rfs.v:4459]
INFO: [Synth 8-638] synthesizing module 'generic_baseblocks_v2_1_0_mux_enc' [/home/bma/git/fpga_design/redpitaya/iq_pid_vco/iq_pid_vco.srcs/sources_1/bd/iq_pid_vco_wrapper/ipshared/7ee0/hdl/generic_baseblocks_v2_1_vl_rfs.v:2452]
INFO: [Synth 8-256] done synthesizing module 'generic_baseblocks_v2_1_0_mux_enc' (7#1) [/home/bma/git/fpga_design/redpitaya/iq_pid_vco/iq_pid_vco.srcs/sources_1/bd/iq_pid_vco_wrapper/ipshared/7ee0/hdl/generic_baseblocks_v2_1_vl_rfs.v:2452]
INFO: [Synth 8-638] synthesizing module 'generic_baseblocks_v2_1_0_mux_enc__parameterized0' [/home/bma/git/fpga_design/redpitaya/iq_pid_vco/iq_pid_vco.srcs/sources_1/bd/iq_pid_vco_wrapper/ipshared/7ee0/hdl/generic_baseblocks_v2_1_vl_rfs.v:2452]
INFO: [Synth 8-256] done synthesizing module 'generic_baseblocks_v2_1_0_mux_enc__parameterized0' (7#1) [/home/bma/git/fpga_design/redpitaya/iq_pid_vco/iq_pid_vco.srcs/sources_1/bd/iq_pid_vco_wrapper/ipshared/7ee0/hdl/generic_baseblocks_v2_1_vl_rfs.v:2452]
INFO: [Synth 8-638] synthesizing module 'generic_baseblocks_v2_1_0_mux_enc__parameterized1' [/home/bma/git/fpga_design/redpitaya/iq_pid_vco/iq_pid_vco.srcs/sources_1/bd/iq_pid_vco_wrapper/ipshared/7ee0/hdl/generic_baseblocks_v2_1_vl_rfs.v:2452]
INFO: [Synth 8-256] done synthesizing module 'generic_baseblocks_v2_1_0_mux_enc__parameterized1' (7#1) [/home/bma/git/fpga_design/redpitaya/iq_pid_vco/iq_pid_vco.srcs/sources_1/bd/iq_pid_vco_wrapper/ipshared/7ee0/hdl/generic_baseblocks_v2_1_vl_rfs.v:2452]
INFO: [Synth 8-638] synthesizing module 'generic_baseblocks_v2_1_0_mux_enc__parameterized2' [/home/bma/git/fpga_design/redpitaya/iq_pid_vco/iq_pid_vco.srcs/sources_1/bd/iq_pid_vco_wrapper/ipshared/7ee0/hdl/generic_baseblocks_v2_1_vl_rfs.v:2452]
INFO: [Synth 8-256] done synthesizing module 'generic_baseblocks_v2_1_0_mux_enc__parameterized2' (7#1) [/home/bma/git/fpga_design/redpitaya/iq_pid_vco/iq_pid_vco.srcs/sources_1/bd/iq_pid_vco_wrapper/ipshared/7ee0/hdl/generic_baseblocks_v2_1_vl_rfs.v:2452]
INFO: [Synth 8-638] synthesizing module 'axi_register_slice_v2_1_11_axic_register_slice' [/home/bma/git/fpga_design/redpitaya/iq_pid_vco/iq_pid_vco.srcs/sources_1/bd/iq_pid_vco_wrapper/ipshared/0b6b/hdl/axi_register_slice_v2_1_vl_rfs.v:85]
INFO: [Synth 8-256] done synthesizing module 'axi_register_slice_v2_1_11_axic_register_slice' (8#1) [/home/bma/git/fpga_design/redpitaya/iq_pid_vco/iq_pid_vco.srcs/sources_1/bd/iq_pid_vco_wrapper/ipshared/0b6b/hdl/axi_register_slice_v2_1_vl_rfs.v:85]
INFO: [Synth 8-638] synthesizing module 'generic_baseblocks_v2_1_0_mux_enc__parameterized3' [/home/bma/git/fpga_design/redpitaya/iq_pid_vco/iq_pid_vco.srcs/sources_1/bd/iq_pid_vco_wrapper/ipshared/7ee0/hdl/generic_baseblocks_v2_1_vl_rfs.v:2452]
INFO: [Synth 8-256] done synthesizing module 'generic_baseblocks_v2_1_0_mux_enc__parameterized3' (8#1) [/home/bma/git/fpga_design/redpitaya/iq_pid_vco/iq_pid_vco.srcs/sources_1/bd/iq_pid_vco_wrapper/ipshared/7ee0/hdl/generic_baseblocks_v2_1_vl_rfs.v:2452]
INFO: [Synth 8-256] done synthesizing module 'axi_crossbar_v2_1_12_crossbar_sasd' (9#1) [/home/bma/git/fpga_design/redpitaya/iq_pid_vco/iq_pid_vco.srcs/sources_1/bd/iq_pid_vco_wrapper/ipshared/896d/hdl/axi_crossbar_v2_1_vl_rfs.v:1240]
INFO: [Synth 8-256] done synthesizing module 'axi_crossbar_v2_1_12_axi_crossbar' (10#1) [/home/bma/git/fpga_design/redpitaya/iq_pid_vco/iq_pid_vco.srcs/sources_1/bd/iq_pid_vco_wrapper/ipshared/896d/hdl/axi_crossbar_v2_1_vl_rfs.v:4882]
INFO: [Synth 8-256] done synthesizing module 'iq_pid_vco_wrapper_xbar_0' (11#1) [/home/bma/git/fpga_design/redpitaya/iq_pid_vco/iq_pid_vco.srcs/sources_1/bd/iq_pid_vco_wrapper/ip/iq_pid_vco_wrapper_xbar_0/synth/iq_pid_vco_wrapper_xbar_0.v:60]
Finished RTL Elaboration : Time (s): cpu = 00:00:41 ; elapsed = 00:00:44 . Memory (MB): peak = 1249.742 ; gain = 318.555 ; free physical = 693 ; free virtual = 11872
Finished RTL Optimization Phase 1 : Time (s): cpu = 00:00:42 ; elapsed = 00:00:44 . Memory (MB): peak = 1249.742 ; gain = 318.555 ; free physical = 693 ; free virtual = 11873
INFO: [Device 21-403] Loading part xc7z010clg400-1
Constraint Validation Runtime : Time (s): cpu = 00:00:00.27 ; elapsed = 00:00:00.30 . Memory (MB): peak = 1516.551 ; gain = 0.000 ; free physical = 1480 ; free virtual = 12660
Finished Constraint Validation : Time (s): cpu = 00:01:12 ; elapsed = 00:01:18 . Memory (MB): peak = 1516.551 ; gain = 585.363 ; free physical = 1752 ; free virtual = 12931
Finished Loading Part and Timing Information : Time (s): cpu = 00:01:12 ; elapsed = 00:01:18 . Memory (MB): peak = 1516.551 ; gain = 585.363 ; free physical = 1752 ; free virtual = 12931
Finished applying 'set_property' XDC Constraints : Time (s): cpu = 00:01:12 ; elapsed = 00:01:18 . Memory (MB): peak = 1516.551 ; gain = 585.363 ; free physical = 1751 ; free virtual = 12930
Finished RTL Optimization Phase 2 : Time (s): cpu = 00:01:14 ; elapsed = 00:01:20 . Memory (MB): peak = 1516.551 ; gain = 585.363 ; free physical = 1662 ; free virtual = 12841
Finished Cross Boundary and Area Optimization : Time (s): cpu = 00:01:19 ; elapsed = 00:01:25 . Memory (MB): peak = 1516.551 ; gain = 585.363 ; free physical = 1487 ; free virtual = 12666
Finished Applying XDC Timing Constraints : Time (s): cpu = 00:01:41 ; elapsed = 00:01:48 . Memory (MB): peak = 1516.551 ; gain = 585.363 ; free physical = 967 ; free virtual = 12146
Finished Timing Optimization : Time (s): cpu = 00:01:45 ; elapsed = 00:01:53 . Memory (MB): peak = 1532.559 ; gain = 601.371 ; free physical = 848 ; free virtual = 12028
Finished Technology Mapping : Time (s): cpu = 00:01:46 ; elapsed = 00:01:53 . Memory (MB): peak = 1532.559 ; gain = 601.371 ; free physical = 841 ; free virtual = 12021
Finished IO Insertion : Time (s): cpu = 00:01:48 ; elapsed = 00:01:55 . Memory (MB): peak = 1532.559 ; gain = 601.371 ; free physical = 804 ; free virtual = 11983
Finished Renaming Generated Instances : Time (s): cpu = 00:01:48 ; elapsed = 00:01:55 . Memory (MB): peak = 1532.559 ; gain = 601.371 ; free physical = 802 ; free virtual = 11982
Finished Rebuilding User Hierarchy : Time (s): cpu = 00:01:48 ; elapsed = 00:01:55 . Memory (MB): peak = 1532.559 ; gain = 601.371 ; free physical = 795 ; free virtual = 11975
Finished Renaming Generated Ports : Time (s): cpu = 00:01:48 ; elapsed = 00:01:55 . Memory (MB): peak = 1532.559 ; gain = 601.371 ; free physical = 795 ; free virtual = 11974
Finished Handling Custom Attributes : Time (s): cpu = 00:01:48 ; elapsed = 00:01:55 . Memory (MB): peak = 1532.559 ; gain = 601.371 ; free physical = 788 ; free virtual = 11968
Finished Renaming Generated Nets : Time (s): cpu = 00:01:48 ; elapsed = 00:01:55 . Memory (MB): peak = 1532.559 ; gain = 601.371 ; free physical = 787 ; free virtual = 11967

Report Cell Usage: 
+------+------+------+
|      |Cell  |Count |
+------+------+------+
|1     |LUT1  |     2|
|2     |LUT2  |    22|
|3     |LUT3  |    16|
|4     |LUT4  |    68|
|5     |LUT5  |   213|
|6     |LUT6  |    96|
|7     |MUXF7 |    94|
|8     |MUXF8 |     5|
|9     |FDRE  |   144|
+------+------+------+
Finished Writing Synthesis Report : Time (s): cpu = 00:01:48 ; elapsed = 00:01:55 . Memory (MB): peak = 1532.559 ; gain = 601.371 ; free physical = 787 ; free virtual = 11966
synth_design: Time (s): cpu = 00:01:38 ; elapsed = 00:01:44 . Memory (MB): peak = 1532.566 ; gain = 493.875 ; free physical = 686 ; free virtual = 11865
