
*** Running vivado
    with args -log pid_only_wrapper_auto_pc_0.vds -m64 -product Vivado -mode batch -messageDb vivado.pb -notrace -source pid_only_wrapper_auto_pc_0.tcl

awk: symbol lookup error: awk: undefined symbol: mpfr_z_sub

****** Vivado v2016.4 (64-bit)
  **** SW Build 1733598 on Wed Dec 14 22:35:42 MST 2016
  **** IP Build 1731160 on Wed Dec 14 23:47:21 MST 2016
    ** Copyright 1986-2016 Xilinx, Inc. All Rights Reserved.

source pid_only_wrapper_auto_pc_0.tcl -notrace
awk: symbol lookup error: awk: undefined symbol: mpfr_z_sub
Starting RTL Elaboration : Time (s): cpu = 00:00:29 ; elapsed = 00:00:33 . Memory (MB): peak = 1118.266 ; gain = 187.086 ; free physical = 2511 ; free virtual = 12956
INFO: [Synth 8-638] synthesizing module 'pid_only_wrapper_auto_pc_0' [/home/bma/git/fpga_design/redpitaya/pid_only/pid_only.srcs/sources_1/bd/pid_only_wrapper/ip/pid_only_wrapper_auto_pc_0/synth/pid_only_wrapper_auto_pc_0.v:58]
INFO: [Synth 8-638] synthesizing module 'axi_protocol_converter_v2_1_11_axi_protocol_converter' [/home/bma/git/fpga_design/redpitaya/pid_only/pid_only.srcs/sources_1/bd/pid_only_wrapper/ipshared/df1b/hdl/axi_protocol_converter_v2_1_vl_rfs.v:4806]
INFO: [Synth 8-256] done synthesizing module 'axi_protocol_converter_v2_1_11_axi_protocol_converter' (1#1) [/home/bma/git/fpga_design/redpitaya/pid_only/pid_only.srcs/sources_1/bd/pid_only_wrapper/ipshared/df1b/hdl/axi_protocol_converter_v2_1_vl_rfs.v:4806]
INFO: [Synth 8-256] done synthesizing module 'pid_only_wrapper_auto_pc_0' (2#1) [/home/bma/git/fpga_design/redpitaya/pid_only/pid_only.srcs/sources_1/bd/pid_only_wrapper/ip/pid_only_wrapper_auto_pc_0/synth/pid_only_wrapper_auto_pc_0.v:58]
Finished RTL Elaboration : Time (s): cpu = 00:01:35 ; elapsed = 00:01:42 . Memory (MB): peak = 1238.734 ; gain = 307.555 ; free physical = 1921 ; free virtual = 12447
Finished RTL Optimization Phase 1 : Time (s): cpu = 00:01:35 ; elapsed = 00:01:42 . Memory (MB): peak = 1238.734 ; gain = 307.555 ; free physical = 1921 ; free virtual = 12447
INFO: [Device 21-403] Loading part xc7z010clg400-1
Constraint Validation Runtime : Time (s): cpu = 00:00:00.06 ; elapsed = 00:00:00.06 . Memory (MB): peak = 1405.543 ; gain = 0.000 ; free physical = 1828 ; free virtual = 12354
Finished Constraint Validation : Time (s): cpu = 00:01:56 ; elapsed = 00:02:04 . Memory (MB): peak = 1405.543 ; gain = 474.363 ; free physical = 2456 ; free virtual = 13007
Finished Loading Part and Timing Information : Time (s): cpu = 00:01:56 ; elapsed = 00:02:04 . Memory (MB): peak = 1405.543 ; gain = 474.363 ; free physical = 2456 ; free virtual = 13007
Finished applying 'set_property' XDC Constraints : Time (s): cpu = 00:01:56 ; elapsed = 00:02:04 . Memory (MB): peak = 1405.543 ; gain = 474.363 ; free physical = 2456 ; free virtual = 13007
Finished RTL Optimization Phase 2 : Time (s): cpu = 00:01:56 ; elapsed = 00:02:04 . Memory (MB): peak = 1405.543 ; gain = 474.363 ; free physical = 2456 ; free virtual = 13007
Finished Cross Boundary and Area Optimization : Time (s): cpu = 00:01:57 ; elapsed = 00:02:05 . Memory (MB): peak = 1405.543 ; gain = 474.363 ; free physical = 2455 ; free virtual = 13005
Finished Applying XDC Timing Constraints : Time (s): cpu = 00:02:13 ; elapsed = 00:02:21 . Memory (MB): peak = 1441.543 ; gain = 510.363 ; free physical = 3083 ; free virtual = 13613
Finished Timing Optimization : Time (s): cpu = 00:02:13 ; elapsed = 00:02:21 . Memory (MB): peak = 1441.543 ; gain = 510.363 ; free physical = 3083 ; free virtual = 13613
Finished Technology Mapping : Time (s): cpu = 00:02:13 ; elapsed = 00:02:21 . Memory (MB): peak = 1450.559 ; gain = 519.379 ; free physical = 3074 ; free virtual = 13604
Finished IO Insertion : Time (s): cpu = 00:02:14 ; elapsed = 00:02:22 . Memory (MB): peak = 1450.559 ; gain = 519.379 ; free physical = 3074 ; free virtual = 13603
Finished Renaming Generated Instances : Time (s): cpu = 00:02:14 ; elapsed = 00:02:22 . Memory (MB): peak = 1450.559 ; gain = 519.379 ; free physical = 3074 ; free virtual = 13603
Finished Rebuilding User Hierarchy : Time (s): cpu = 00:02:14 ; elapsed = 00:02:22 . Memory (MB): peak = 1450.559 ; gain = 519.379 ; free physical = 3074 ; free virtual = 13603
Finished Renaming Generated Ports : Time (s): cpu = 00:02:14 ; elapsed = 00:02:22 . Memory (MB): peak = 1450.559 ; gain = 519.379 ; free physical = 3074 ; free virtual = 13603
Finished Handling Custom Attributes : Time (s): cpu = 00:02:14 ; elapsed = 00:02:22 . Memory (MB): peak = 1450.559 ; gain = 519.379 ; free physical = 3074 ; free virtual = 13603
Finished Renaming Generated Nets : Time (s): cpu = 00:02:14 ; elapsed = 00:02:22 . Memory (MB): peak = 1450.559 ; gain = 519.379 ; free physical = 3074 ; free virtual = 13603

Report Cell Usage: 
+-+-----+------+
| |Cell |Count |
+-+-----+------+
+-+-----+------+
Finished Writing Synthesis Report : Time (s): cpu = 00:02:14 ; elapsed = 00:02:22 . Memory (MB): peak = 1450.559 ; gain = 519.379 ; free physical = 3074 ; free virtual = 13603
synth_design: Time (s): cpu = 00:02:02 ; elapsed = 00:02:07 . Memory (MB): peak = 1473.559 ; gain = 442.875 ; free physical = 3059 ; free virtual = 13588
