
*** Running vivado
    with args -log double_dds_mixer_sin_1_0.vds -m64 -product Vivado -mode batch -messageDb vivado.pb -notrace -source double_dds_mixer_sin_1_0.tcl


****** Vivado v2019.2 (64-bit)
  **** SW Build 2708876 on Wed Nov  6 21:39:14 MST 2019
  **** IP Build 2700528 on Thu Nov  7 00:09:20 MST 2019
    ** Copyright 1986-2019 Xilinx, Inc. All Rights Reserved.

source double_dds_mixer_sin_1_0.tcl -notrace
INFO: [IP_Flow 19-234] Refreshing IP repositories
INFO: [IP_Flow 19-1700] Loaded user IP repository '/home/bma/git/github/oscimpDigital/fpga_ip'.
INFO: [IP_Flow 19-2313] Loaded Vivado IP repository '/opt/Xilinx/Vivado/2019.2/data/ip'.
Command: synth_design -top double_dds_mixer_sin_1_0 -part xc7z010clg400-1 -mode out_of_context
Starting synth_design
Attempting to get a license for feature 'Synthesis' and/or device 'xc7z010'
INFO: [Common 17-349] Got license for feature 'Synthesis' and/or device 'xc7z010'
INFO: [Device 21-403] Loading part xc7z010clg400-1
INFO: Launching helper process for spawning children vivado processes
INFO: Helper process launched with PID 11854 
---------------------------------------------------------------------------------
Starting RTL Elaboration : Time (s): cpu = 00:00:13 ; elapsed = 00:00:20 . Memory (MB): peak = 1847.371 ; gain = 200.684 ; free physical = 1462 ; free virtual = 26994
---------------------------------------------------------------------------------
INFO: [Synth 8-638] synthesizing module 'double_dds_mixer_sin_1_0' [/home/bma/git/fpga_design/redpitaya/double_dds/design/tmp/double_dds.srcs/sources_1/bd/double_dds/ip/double_dds_mixer_sin_1_0/synth/double_dds_mixer_sin_1_0.vhd:79]
	Parameter SIGNED_FORMAT bound to: 1 - type: bool 
	Parameter DATA1_IN_SIZE bound to: 14 - type: integer 
	Parameter DATA2_IN_SIZE bound to: 16 - type: integer 
	Parameter DATA_OUT_SIZE bound to: 14 - type: integer 
INFO: [Synth 8-3491] module 'multiplierReal' declared at '/home/bma/git/fpga_design/redpitaya/double_dds/design/tmp/double_dds.srcs/sources_1/bd/double_dds/ipshared/8d93/hdl/multiplierReal.vhd:9' bound to instance 'U0' of component 'multiplierReal' [/home/bma/git/fpga_design/redpitaya/double_dds/design/tmp/double_dds.srcs/sources_1/bd/double_dds/ip/double_dds_mixer_sin_1_0/synth/double_dds_mixer_sin_1_0.vhd:136]
INFO: [Synth 8-638] synthesizing module 'multiplierReal' [/home/bma/git/fpga_design/redpitaya/double_dds/design/tmp/double_dds.srcs/sources_1/bd/double_dds/ipshared/8d93/hdl/multiplierReal.vhd:41]
	Parameter SIGNED_FORMAT bound to: 1 - type: bool 
	Parameter DATA1_IN_SIZE bound to: 14 - type: integer 
	Parameter DATA2_IN_SIZE bound to: 16 - type: integer 
	Parameter DATA_OUT_SIZE bound to: 14 - type: integer 
INFO: [Synth 8-638] synthesizing module 'multiplierReal_redim' [/home/bma/git/fpga_design/redpitaya/double_dds/design/tmp/double_dds.srcs/sources_1/bd/double_dds/ipshared/8d93/hdl/multiplierReal_redim.vhd:33]
	Parameter SIGNED_FORMAT bound to: 1 - type: bool 
	Parameter IN_SZ bound to: 30 - type: integer 
	Parameter OUT_SZ bound to: 14 - type: integer 
WARNING: [Synth 8-6014] Unused sequential element shift_data.data_eof_in_s_reg was removed.  [/home/bma/git/fpga_design/redpitaya/double_dds/design/tmp/double_dds.srcs/sources_1/bd/double_dds/ipshared/8d93/hdl/multiplierReal_redim.vhd:107]
WARNING: [Synth 8-6014] Unused sequential element shift_data.data_sof_in_s_reg was removed.  [/home/bma/git/fpga_design/redpitaya/double_dds/design/tmp/double_dds.srcs/sources_1/bd/double_dds/ipshared/8d93/hdl/multiplierReal_redim.vhd:108]
INFO: [Synth 8-4471] merging register 'data_eof_out_s_reg' into 'data_en_out_s_reg' [/home/bma/git/fpga_design/redpitaya/double_dds/design/tmp/double_dds.srcs/sources_1/bd/double_dds/ipshared/8d93/hdl/multiplierReal_redim.vhd:121]
INFO: [Synth 8-4471] merging register 'data_sof_out_s_reg' into 'data_en_out_s_reg' [/home/bma/git/fpga_design/redpitaya/double_dds/design/tmp/double_dds.srcs/sources_1/bd/double_dds/ipshared/8d93/hdl/multiplierReal_redim.vhd:122]
WARNING: [Synth 8-6014] Unused sequential element data_eof_out_s_reg was removed.  [/home/bma/git/fpga_design/redpitaya/double_dds/design/tmp/double_dds.srcs/sources_1/bd/double_dds/ipshared/8d93/hdl/multiplierReal_redim.vhd:121]
WARNING: [Synth 8-6014] Unused sequential element data_sof_out_s_reg was removed.  [/home/bma/git/fpga_design/redpitaya/double_dds/design/tmp/double_dds.srcs/sources_1/bd/double_dds/ipshared/8d93/hdl/multiplierReal_redim.vhd:122]
INFO: [Synth 8-256] done synthesizing module 'multiplierReal_redim' (1#1) [/home/bma/git/fpga_design/redpitaya/double_dds/design/tmp/double_dds.srcs/sources_1/bd/double_dds/ipshared/8d93/hdl/multiplierReal_redim.vhd:33]
WARNING: [Synth 8-3848] Net data_sof_s in module/entity multiplierReal does not have driver. [/home/bma/git/fpga_design/redpitaya/double_dds/design/tmp/double_dds.srcs/sources_1/bd/double_dds/ipshared/8d93/hdl/multiplierReal.vhd:55]
INFO: [Synth 8-256] done synthesizing module 'multiplierReal' (2#1) [/home/bma/git/fpga_design/redpitaya/double_dds/design/tmp/double_dds.srcs/sources_1/bd/double_dds/ipshared/8d93/hdl/multiplierReal.vhd:41]
INFO: [Synth 8-256] done synthesizing module 'double_dds_mixer_sin_1_0' (3#1) [/home/bma/git/fpga_design/redpitaya/double_dds/design/tmp/double_dds.srcs/sources_1/bd/double_dds/ip/double_dds_mixer_sin_1_0/synth/double_dds_mixer_sin_1_0.vhd:79]
WARNING: [Synth 8-3331] design multiplierReal_redim has unconnected port data_eof_i
WARNING: [Synth 8-3331] design multiplierReal_redim has unconnected port data_sof_i
WARNING: [Synth 8-3331] design multiplierReal has unconnected port data1_sof_i
WARNING: [Synth 8-3331] design multiplierReal has unconnected port data2_sof_i
---------------------------------------------------------------------------------
Finished RTL Elaboration : Time (s): cpu = 00:00:17 ; elapsed = 00:00:28 . Memory (MB): peak = 1912.090 ; gain = 265.402 ; free physical = 1224 ; free virtual = 26757
---------------------------------------------------------------------------------

Report Check Netlist: 
+------+------------------+-------+---------+-------+------------------+
|      |Item              |Errors |Warnings |Status |Description       |
+------+------------------+-------+---------+-------+------------------+
|1     |multi_driven_nets |      0|        0|Passed |Multi driven nets |
+------+------------------+-------+---------+-------+------------------+
---------------------------------------------------------------------------------
Start Handling Custom Attributes
---------------------------------------------------------------------------------
---------------------------------------------------------------------------------
Finished Handling Custom Attributes : Time (s): cpu = 00:00:19 ; elapsed = 00:00:30 . Memory (MB): peak = 1912.090 ; gain = 265.402 ; free physical = 1276 ; free virtual = 26809
---------------------------------------------------------------------------------
---------------------------------------------------------------------------------
Finished RTL Optimization Phase 1 : Time (s): cpu = 00:00:19 ; elapsed = 00:00:30 . Memory (MB): peak = 1912.090 ; gain = 265.402 ; free physical = 1276 ; free virtual = 26809
---------------------------------------------------------------------------------
Netlist sorting complete. Time (s): cpu = 00:00:00.01 ; elapsed = 00:00:00 . Memory (MB): peak = 1912.090 ; gain = 0.000 ; free physical = 1269 ; free virtual = 26801
INFO: [Project 1-570] Preparing netlist for logic optimization

Processing XDC Constraints
Initializing timing engine
Completed Processing XDC Constraints

Netlist sorting complete. Time (s): cpu = 00:00:00 ; elapsed = 00:00:00 . Memory (MB): peak = 2037.855 ; gain = 0.000 ; free physical = 1145 ; free virtual = 26681
INFO: [Project 1-111] Unisim Transformation Summary:
No Unisim elements were transformed.

WARNING: [Constraints 18-5210] No constraints selected for write.
Resolution: This message can indicate that there are no constraints for the design, or it can indicate that the used_in flags are set such that the constraints are ignored. This later case is used when running synth_design to not write synthesis constraints to the resulting checkpoint. Instead, project constraints are read when the synthesized design is opened.
Constraint Validation Runtime : Time (s): cpu = 00:00:00.26 ; elapsed = 00:00:00.46 . Memory (MB): peak = 2037.855 ; gain = 0.000 ; free physical = 1128 ; free virtual = 26664
---------------------------------------------------------------------------------
Finished Constraint Validation : Time (s): cpu = 00:00:37 ; elapsed = 00:00:55 . Memory (MB): peak = 2037.855 ; gain = 391.168 ; free physical = 736 ; free virtual = 26272
---------------------------------------------------------------------------------
---------------------------------------------------------------------------------
Start Loading Part and Timing Information
---------------------------------------------------------------------------------
Loading part: xc7z010clg400-1
---------------------------------------------------------------------------------
Finished Loading Part and Timing Information : Time (s): cpu = 00:00:37 ; elapsed = 00:00:55 . Memory (MB): peak = 2037.855 ; gain = 391.168 ; free physical = 732 ; free virtual = 26268
---------------------------------------------------------------------------------
---------------------------------------------------------------------------------
Start Applying 'set_property' XDC Constraints
---------------------------------------------------------------------------------
---------------------------------------------------------------------------------
Finished applying 'set_property' XDC Constraints : Time (s): cpu = 00:00:37 ; elapsed = 00:00:55 . Memory (MB): peak = 2037.855 ; gain = 391.168 ; free physical = 749 ; free virtual = 26286
---------------------------------------------------------------------------------
---------------------------------------------------------------------------------
Finished RTL Optimization Phase 2 : Time (s): cpu = 00:00:38 ; elapsed = 00:00:56 . Memory (MB): peak = 2037.855 ; gain = 391.168 ; free physical = 733 ; free virtual = 26270
---------------------------------------------------------------------------------

Report RTL Partitions: 
+-+--------------+------------+----------+
| |RTL Partition |Replication |Instances |
+-+--------------+------------+----------+
+-+--------------+------------+----------+
---------------------------------------------------------------------------------
Start RTL Component Statistics 
---------------------------------------------------------------------------------
Detailed RTL Component Info : 
+---Adders : 
	   2 Input     14 Bit       Adders := 1     
+---Registers : 
	               16 Bit    Registers := 1     
	               14 Bit    Registers := 3     
	                2 Bit    Registers := 1     
	                1 Bit    Registers := 7     
+---Muxes : 
	   2 Input     14 Bit        Muxes := 1     
	   2 Input      2 Bit        Muxes := 1     
---------------------------------------------------------------------------------
Finished RTL Component Statistics 
---------------------------------------------------------------------------------
---------------------------------------------------------------------------------
Start RTL Hierarchical Component Statistics 
---------------------------------------------------------------------------------
Hierarchical RTL Component report 
Module multiplierReal_redim 
Detailed RTL Component Info : 
+---Adders : 
	   2 Input     14 Bit       Adders := 1     
+---Registers : 
	               14 Bit    Registers := 2     
	                2 Bit    Registers := 1     
	                1 Bit    Registers := 3     
+---Muxes : 
	   2 Input     14 Bit        Muxes := 1     
	   2 Input      2 Bit        Muxes := 1     
Module multiplierReal 
Detailed RTL Component Info : 
+---Registers : 
	               16 Bit    Registers := 1     
	               14 Bit    Registers := 1     
	                1 Bit    Registers := 4     
---------------------------------------------------------------------------------
Finished RTL Hierarchical Component Statistics
---------------------------------------------------------------------------------
---------------------------------------------------------------------------------
Start Part Resource Summary
---------------------------------------------------------------------------------
Part Resources:
DSPs: 80 (col length:40)
BRAMs: 120 (col length: RAMB18 40 RAMB36 20)
---------------------------------------------------------------------------------
Finished Part Resource Summary
---------------------------------------------------------------------------------
---------------------------------------------------------------------------------
Start Cross Boundary and Area Optimization
---------------------------------------------------------------------------------
Warning: Parallel synthesis criteria is not met 
DSP Report: Generating DSP U0/data_s, operation Mode is: A2*B.
DSP Report: register U0/data2_in_s_reg is absorbed into DSP U0/data_s.
DSP Report: operator U0/data_s is absorbed into DSP U0/data_s.
WARNING: [Synth 8-3331] design double_dds_mixer_sin_1_0 has unconnected port data1_sof_i
WARNING: [Synth 8-3331] design double_dds_mixer_sin_1_0 has unconnected port data2_sof_i
INFO: [Synth 8-3886] merging instance 'U0/redim_inst/shift_data.is_neg_s_reg[0]' (FDR) to 'U0/redim_inst/shift_data.data_in_s_reg[13]'
INFO: [Synth 8-3333] propagating constant 0 across sequential element (\U0/redim_inst/shift_data.is_neg_s_reg[1] )
---------------------------------------------------------------------------------
Finished Cross Boundary and Area Optimization : Time (s): cpu = 00:00:42 ; elapsed = 00:01:00 . Memory (MB): peak = 2037.855 ; gain = 391.168 ; free physical = 945 ; free virtual = 26481
---------------------------------------------------------------------------------
---------------------------------------------------------------------------------
Start ROM, RAM, DSP and Shift Register Reporting
---------------------------------------------------------------------------------

DSP: Preliminary Mapping	Report (see note below)
+---------------+-------------+--------+--------+--------+--------+--------+------+------+------+------+-------+------+------+
|Module Name    | DSP Mapping | A Size | B Size | C Size | D Size | P Size | AREG | BREG | CREG | DREG | ADREG | MREG | PREG | 
+---------------+-------------+--------+--------+--------+--------+--------+------+------+------+------+-------+------+------+
|multiplierReal | A2*B        | 16     | 14     | -      | -      | 30     | 1    | 0    | -    | -    | -     | 0    | 0    | 
+---------------+-------------+--------+--------+--------+--------+--------+------+------+------+------+-------+------+------+

Note: The table above is a preliminary report that shows the DSPs inferred at the current stage of the synthesis flow. Some DSP may be reimplemented as non DSP primitives later in the synthesis flow. Multiple instantiated DSPs are reported only once.
---------------------------------------------------------------------------------
Finished ROM, RAM, DSP and Shift Register Reporting
---------------------------------------------------------------------------------

Report RTL Partitions: 
+-+--------------+------------+----------+
| |RTL Partition |Replication |Instances |
+-+--------------+------------+----------+
+-+--------------+------------+----------+
---------------------------------------------------------------------------------
Start Applying XDC Timing Constraints
---------------------------------------------------------------------------------
---------------------------------------------------------------------------------
Finished Applying XDC Timing Constraints : Time (s): cpu = 00:01:14 ; elapsed = 00:01:40 . Memory (MB): peak = 2037.855 ; gain = 391.168 ; free physical = 1158 ; free virtual = 26696
---------------------------------------------------------------------------------
---------------------------------------------------------------------------------
Start Timing Optimization
---------------------------------------------------------------------------------
---------------------------------------------------------------------------------
Finished Timing Optimization : Time (s): cpu = 00:01:14 ; elapsed = 00:01:40 . Memory (MB): peak = 2037.855 ; gain = 391.168 ; free physical = 1157 ; free virtual = 26696
---------------------------------------------------------------------------------

Report RTL Partitions: 
+-+--------------+------------+----------+
| |RTL Partition |Replication |Instances |
+-+--------------+------------+----------+
+-+--------------+------------+----------+
---------------------------------------------------------------------------------
Start Technology Mapping
---------------------------------------------------------------------------------
---------------------------------------------------------------------------------
Finished Technology Mapping : Time (s): cpu = 00:01:14 ; elapsed = 00:01:40 . Memory (MB): peak = 2037.855 ; gain = 391.168 ; free physical = 1144 ; free virtual = 26683
---------------------------------------------------------------------------------

Report RTL Partitions: 
+-+--------------+------------+----------+
| |RTL Partition |Replication |Instances |
+-+--------------+------------+----------+
+-+--------------+------------+----------+
---------------------------------------------------------------------------------
Start IO Insertion
---------------------------------------------------------------------------------
---------------------------------------------------------------------------------
Start Flattening Before IO Insertion
---------------------------------------------------------------------------------
---------------------------------------------------------------------------------
Finished Flattening Before IO Insertion
---------------------------------------------------------------------------------
---------------------------------------------------------------------------------
Start Final Netlist Cleanup
---------------------------------------------------------------------------------
---------------------------------------------------------------------------------
Finished Final Netlist Cleanup
---------------------------------------------------------------------------------
---------------------------------------------------------------------------------
Finished IO Insertion : Time (s): cpu = 00:01:26 ; elapsed = 00:01:52 . Memory (MB): peak = 2048.762 ; gain = 402.074 ; free physical = 983 ; free virtual = 26521
---------------------------------------------------------------------------------
---------------------------------------------------------------------------------
Start Renaming Generated Instances
---------------------------------------------------------------------------------
---------------------------------------------------------------------------------
Finished Renaming Generated Instances : Time (s): cpu = 00:01:26 ; elapsed = 00:01:52 . Memory (MB): peak = 2048.762 ; gain = 402.074 ; free physical = 983 ; free virtual = 26521
---------------------------------------------------------------------------------

Report RTL Partitions: 
+-+--------------+------------+----------+
| |RTL Partition |Replication |Instances |
+-+--------------+------------+----------+
+-+--------------+------------+----------+

Report Check Netlist: 
+------+------------------+-------+---------+-------+------------------+
|      |Item              |Errors |Warnings |Status |Description       |
+------+------------------+-------+---------+-------+------------------+
|1     |multi_driven_nets |      0|        0|Passed |Multi driven nets |
+------+------------------+-------+---------+-------+------------------+
---------------------------------------------------------------------------------
Start Rebuilding User Hierarchy
---------------------------------------------------------------------------------
---------------------------------------------------------------------------------
Finished Rebuilding User Hierarchy : Time (s): cpu = 00:01:26 ; elapsed = 00:01:52 . Memory (MB): peak = 2048.762 ; gain = 402.074 ; free physical = 983 ; free virtual = 26521
---------------------------------------------------------------------------------
---------------------------------------------------------------------------------
Start Renaming Generated Ports
---------------------------------------------------------------------------------
---------------------------------------------------------------------------------
Finished Renaming Generated Ports : Time (s): cpu = 00:01:26 ; elapsed = 00:01:52 . Memory (MB): peak = 2048.762 ; gain = 402.074 ; free physical = 983 ; free virtual = 26521
---------------------------------------------------------------------------------
---------------------------------------------------------------------------------
Start Handling Custom Attributes
---------------------------------------------------------------------------------
---------------------------------------------------------------------------------
Finished Handling Custom Attributes : Time (s): cpu = 00:01:26 ; elapsed = 00:01:52 . Memory (MB): peak = 2048.762 ; gain = 402.074 ; free physical = 983 ; free virtual = 26521
---------------------------------------------------------------------------------
---------------------------------------------------------------------------------
Start Renaming Generated Nets
---------------------------------------------------------------------------------
---------------------------------------------------------------------------------
Finished Renaming Generated Nets : Time (s): cpu = 00:01:26 ; elapsed = 00:01:52 . Memory (MB): peak = 2048.762 ; gain = 402.074 ; free physical = 983 ; free virtual = 26521
---------------------------------------------------------------------------------
---------------------------------------------------------------------------------
Start Writing Synthesis Report
---------------------------------------------------------------------------------

Report BlackBoxes: 
+-+--------------+----------+
| |BlackBox name |Instances |
+-+--------------+----------+
+-+--------------+----------+

Report Cell Usage: 
+------+--------+------+
|      |Cell    |Count |
+------+--------+------+
|1     |CARRY4  |     4|
|2     |DSP48E1 |     1|
|3     |LUT1    |     1|
|4     |LUT2    |    13|
|5     |LUT3    |     1|
|6     |FDRE    |    47|
+------+--------+------+

Report Instance Areas: 
+------+---------------+---------------------+------+
|      |Instance       |Module               |Cells |
+------+---------------+---------------------+------+
|1     |top            |                     |    67|
|2     |  U0           |multiplierReal       |    67|
|3     |    redim_inst |multiplierReal_redim |    49|
+------+---------------+---------------------+------+
---------------------------------------------------------------------------------
Finished Writing Synthesis Report : Time (s): cpu = 00:01:26 ; elapsed = 00:01:52 . Memory (MB): peak = 2048.762 ; gain = 402.074 ; free physical = 983 ; free virtual = 26521
---------------------------------------------------------------------------------
Synthesis finished with 0 errors, 0 critical warnings and 2 warnings.
Synthesis Optimization Runtime : Time (s): cpu = 00:01:22 ; elapsed = 00:01:47 . Memory (MB): peak = 2048.762 ; gain = 276.309 ; free physical = 1052 ; free virtual = 26591
Synthesis Optimization Complete : Time (s): cpu = 00:01:27 ; elapsed = 00:01:53 . Memory (MB): peak = 2048.770 ; gain = 402.074 ; free physical = 1052 ; free virtual = 26591
INFO: [Project 1-571] Translating synthesized netlist
Netlist sorting complete. Time (s): cpu = 00:00:00 ; elapsed = 00:00:00 . Memory (MB): peak = 2048.770 ; gain = 0.000 ; free physical = 1111 ; free virtual = 26653
INFO: [Netlist 29-17] Analyzing 5 Unisim elements for replacement
INFO: [Netlist 29-28] Unisim Transformation completed in 0 CPU seconds
INFO: [Project 1-570] Preparing netlist for logic optimization
INFO: [Opt 31-138] Pushed 0 inverter(s) to 0 load pin(s).
Netlist sorting complete. Time (s): cpu = 00:00:00 ; elapsed = 00:00:00 . Memory (MB): peak = 2048.770 ; gain = 0.000 ; free physical = 1055 ; free virtual = 26597
INFO: [Project 1-111] Unisim Transformation Summary:
No Unisim elements were transformed.

INFO: [Common 17-83] Releasing license: Synthesis
25 Infos, 12 Warnings, 0 Critical Warnings and 0 Errors encountered.
synth_design completed successfully
synth_design: Time (s): cpu = 00:01:53 ; elapsed = 00:02:19 . Memory (MB): peak = 2048.770 ; gain = 611.453 ; free physical = 1191 ; free virtual = 26730
Netlist sorting complete. Time (s): cpu = 00:00:00 ; elapsed = 00:00:00 . Memory (MB): peak = 2048.770 ; gain = 0.000 ; free physical = 1191 ; free virtual = 26730
WARNING: [Constraints 18-5210] No constraints selected for write.
Resolution: This message can indicate that there are no constraints for the design, or it can indicate that the used_in flags are set such that the constraints are ignored. This later case is used when running synth_design to not write synthesis constraints to the resulting checkpoint. Instead, project constraints are read when the synthesized design is opened.
INFO: [Common 17-1381] The checkpoint '/home/bma/git/fpga_design/redpitaya/double_dds/design/tmp/double_dds.runs/double_dds_mixer_sin_1_0_synth_1/double_dds_mixer_sin_1_0.dcp' has been generated.
WARNING: [Common 17-576] 'use_project_ipc' is deprecated. This option is deprecated and no longer used.
INFO: [Coretcl 2-1648] Added synthesis output to IP cache for IP double_dds_mixer_sin_1_0, cache-ID = 47026a6840e303bf
INFO: [Coretcl 2-1174] Renamed 2 cell refs.
Netlist sorting complete. Time (s): cpu = 00:00:00 ; elapsed = 00:00:00 . Memory (MB): peak = 2048.770 ; gain = 0.000 ; free physical = 1188 ; free virtual = 26727
WARNING: [Constraints 18-5210] No constraints selected for write.
Resolution: This message can indicate that there are no constraints for the design, or it can indicate that the used_in flags are set such that the constraints are ignored. This later case is used when running synth_design to not write synthesis constraints to the resulting checkpoint. Instead, project constraints are read when the synthesized design is opened.
INFO: [Common 17-1381] The checkpoint '/home/bma/git/fpga_design/redpitaya/double_dds/design/tmp/double_dds.runs/double_dds_mixer_sin_1_0_synth_1/double_dds_mixer_sin_1_0.dcp' has been generated.
INFO: [runtcl-4] Executing : report_utilization -file double_dds_mixer_sin_1_0_utilization_synth.rpt -pb double_dds_mixer_sin_1_0_utilization_synth.pb
INFO: [Common 17-206] Exiting Vivado at Sun Oct 11 16:21:45 2020...
