
*** Running vivado
    with args -log pid_only_wrapper_auto_pc_0.vds -m64 -product Vivado -mode batch -messageDb vivado.pb -notrace -source pid_only_wrapper_auto_pc_0.tcl

awk: symbol lookup error: awk: undefined symbol: mpfr_z_sub

****** Vivado v2016.4 (64-bit)
  **** SW Build 1733598 on Wed Dec 14 22:35:42 MST 2016
  **** IP Build 1731160 on Wed Dec 14 23:47:21 MST 2016
    ** Copyright 1986-2016 Xilinx, Inc. All Rights Reserved.

source pid_only_wrapper_auto_pc_0.tcl -notrace
awk: symbol lookup error: awk: undefined symbol: mpfr_z_sub
Starting RTL Elaboration : Time (s): cpu = 00:00:30 ; elapsed = 00:00:32 . Memory (MB): peak = 1118.270 ; gain = 187.086 ; free physical = 1532 ; free virtual = 12762
INFO: [Synth 8-638] synthesizing module 'pid_only_wrapper_auto_pc_0' [/home/bma/git/fpga_design/redpitaya/pid_only/pid_only.srcs/sources_1/bd/pid_only_wrapper/ip/pid_only_wrapper_auto_pc_0/synth/pid_only_wrapper_auto_pc_0.v:58]
INFO: [Synth 8-638] synthesizing module 'axi_protocol_converter_v2_1_11_axi_protocol_converter' [/home/bma/git/fpga_design/redpitaya/pid_only/pid_only.srcs/sources_1/bd/pid_only_wrapper/ipshared/df1b/hdl/axi_protocol_converter_v2_1_vl_rfs.v:4806]
INFO: [Synth 8-638] synthesizing module 'axi_protocol_converter_v2_1_11_b2s' [/home/bma/git/fpga_design/redpitaya/pid_only/pid_only.srcs/sources_1/bd/pid_only_wrapper/ipshared/df1b/hdl/axi_protocol_converter_v2_1_vl_rfs.v:4224]
INFO: [Synth 8-638] synthesizing module 'axi_protocol_converter_v2_1_11_b2s_aw_channel' [/home/bma/git/fpga_design/redpitaya/pid_only/pid_only.srcs/sources_1/bd/pid_only_wrapper/ipshared/df1b/hdl/axi_protocol_converter_v2_1_vl_rfs.v:3969]
INFO: [Synth 8-638] synthesizing module 'axi_protocol_converter_v2_1_11_b2s_cmd_translator' [/home/bma/git/fpga_design/redpitaya/pid_only/pid_only.srcs/sources_1/bd/pid_only_wrapper/ipshared/df1b/hdl/axi_protocol_converter_v2_1_vl_rfs.v:3467]
INFO: [Synth 8-638] synthesizing module 'axi_protocol_converter_v2_1_11_b2s_incr_cmd' [/home/bma/git/fpga_design/redpitaya/pid_only/pid_only.srcs/sources_1/bd/pid_only_wrapper/ipshared/df1b/hdl/axi_protocol_converter_v2_1_vl_rfs.v:3093]
INFO: [Synth 8-256] done synthesizing module 'axi_protocol_converter_v2_1_11_b2s_incr_cmd' (1#1) [/home/bma/git/fpga_design/redpitaya/pid_only/pid_only.srcs/sources_1/bd/pid_only_wrapper/ipshared/df1b/hdl/axi_protocol_converter_v2_1_vl_rfs.v:3093]
INFO: [Synth 8-638] synthesizing module 'axi_protocol_converter_v2_1_11_b2s_wrap_cmd' [/home/bma/git/fpga_design/redpitaya/pid_only/pid_only.srcs/sources_1/bd/pid_only_wrapper/ipshared/df1b/hdl/axi_protocol_converter_v2_1_vl_rfs.v:2903]
INFO: [Synth 8-256] done synthesizing module 'axi_protocol_converter_v2_1_11_b2s_wrap_cmd' (2#1) [/home/bma/git/fpga_design/redpitaya/pid_only/pid_only.srcs/sources_1/bd/pid_only_wrapper/ipshared/df1b/hdl/axi_protocol_converter_v2_1_vl_rfs.v:2903]
INFO: [Synth 8-256] done synthesizing module 'axi_protocol_converter_v2_1_11_b2s_cmd_translator' (3#1) [/home/bma/git/fpga_design/redpitaya/pid_only/pid_only.srcs/sources_1/bd/pid_only_wrapper/ipshared/df1b/hdl/axi_protocol_converter_v2_1_vl_rfs.v:3467]
INFO: [Synth 8-638] synthesizing module 'axi_protocol_converter_v2_1_11_b2s_wr_cmd_fsm' [/home/bma/git/fpga_design/redpitaya/pid_only/pid_only.srcs/sources_1/bd/pid_only_wrapper/ipshared/df1b/hdl/axi_protocol_converter_v2_1_vl_rfs.v:3225]
INFO: [Synth 8-256] done synthesizing module 'axi_protocol_converter_v2_1_11_b2s_wr_cmd_fsm' (4#1) [/home/bma/git/fpga_design/redpitaya/pid_only/pid_only.srcs/sources_1/bd/pid_only_wrapper/ipshared/df1b/hdl/axi_protocol_converter_v2_1_vl_rfs.v:3225]
INFO: [Synth 8-256] done synthesizing module 'axi_protocol_converter_v2_1_11_b2s_aw_channel' (5#1) [/home/bma/git/fpga_design/redpitaya/pid_only/pid_only.srcs/sources_1/bd/pid_only_wrapper/ipshared/df1b/hdl/axi_protocol_converter_v2_1_vl_rfs.v:3969]
INFO: [Synth 8-638] synthesizing module 'axi_protocol_converter_v2_1_11_b2s_b_channel' [/home/bma/git/fpga_design/redpitaya/pid_only/pid_only.srcs/sources_1/bd/pid_only_wrapper/ipshared/df1b/hdl/axi_protocol_converter_v2_1_vl_rfs.v:3609]
INFO: [Synth 8-638] synthesizing module 'axi_protocol_converter_v2_1_11_b2s_simple_fifo' [/home/bma/git/fpga_design/redpitaya/pid_only/pid_only.srcs/sources_1/bd/pid_only_wrapper/ipshared/df1b/hdl/axi_protocol_converter_v2_1_vl_rfs.v:2816]
INFO: [Synth 8-256] done synthesizing module 'axi_protocol_converter_v2_1_11_b2s_simple_fifo' (6#1) [/home/bma/git/fpga_design/redpitaya/pid_only/pid_only.srcs/sources_1/bd/pid_only_wrapper/ipshared/df1b/hdl/axi_protocol_converter_v2_1_vl_rfs.v:2816]
INFO: [Synth 8-638] synthesizing module 'axi_protocol_converter_v2_1_11_b2s_simple_fifo__parameterized0' [/home/bma/git/fpga_design/redpitaya/pid_only/pid_only.srcs/sources_1/bd/pid_only_wrapper/ipshared/df1b/hdl/axi_protocol_converter_v2_1_vl_rfs.v:2816]
INFO: [Synth 8-256] done synthesizing module 'axi_protocol_converter_v2_1_11_b2s_simple_fifo__parameterized0' (6#1) [/home/bma/git/fpga_design/redpitaya/pid_only/pid_only.srcs/sources_1/bd/pid_only_wrapper/ipshared/df1b/hdl/axi_protocol_converter_v2_1_vl_rfs.v:2816]
INFO: [Synth 8-256] done synthesizing module 'axi_protocol_converter_v2_1_11_b2s_b_channel' (7#1) [/home/bma/git/fpga_design/redpitaya/pid_only/pid_only.srcs/sources_1/bd/pid_only_wrapper/ipshared/df1b/hdl/axi_protocol_converter_v2_1_vl_rfs.v:3609]
INFO: [Synth 8-638] synthesizing module 'axi_protocol_converter_v2_1_11_b2s_ar_channel' [/home/bma/git/fpga_design/redpitaya/pid_only/pid_only.srcs/sources_1/bd/pid_only_wrapper/ipshared/df1b/hdl/axi_protocol_converter_v2_1_vl_rfs.v:4080]
INFO: [Synth 8-638] synthesizing module 'axi_protocol_converter_v2_1_11_b2s_rd_cmd_fsm' [/home/bma/git/fpga_design/redpitaya/pid_only/pid_only.srcs/sources_1/bd/pid_only_wrapper/ipshared/df1b/hdl/axi_protocol_converter_v2_1_vl_rfs.v:3336]
INFO: [Synth 8-256] done synthesizing module 'axi_protocol_converter_v2_1_11_b2s_rd_cmd_fsm' (8#1) [/home/bma/git/fpga_design/redpitaya/pid_only/pid_only.srcs/sources_1/bd/pid_only_wrapper/ipshared/df1b/hdl/axi_protocol_converter_v2_1_vl_rfs.v:3336]
INFO: [Synth 8-256] done synthesizing module 'axi_protocol_converter_v2_1_11_b2s_ar_channel' (9#1) [/home/bma/git/fpga_design/redpitaya/pid_only/pid_only.srcs/sources_1/bd/pid_only_wrapper/ipshared/df1b/hdl/axi_protocol_converter_v2_1_vl_rfs.v:4080]
INFO: [Synth 8-638] synthesizing module 'axi_protocol_converter_v2_1_11_b2s_r_channel' [/home/bma/git/fpga_design/redpitaya/pid_only/pid_only.srcs/sources_1/bd/pid_only_wrapper/ipshared/df1b/hdl/axi_protocol_converter_v2_1_vl_rfs.v:3809]
INFO: [Synth 8-638] synthesizing module 'axi_protocol_converter_v2_1_11_b2s_simple_fifo__parameterized1' [/home/bma/git/fpga_design/redpitaya/pid_only/pid_only.srcs/sources_1/bd/pid_only_wrapper/ipshared/df1b/hdl/axi_protocol_converter_v2_1_vl_rfs.v:2816]
INFO: [Synth 8-256] done synthesizing module 'axi_protocol_converter_v2_1_11_b2s_simple_fifo__parameterized1' (9#1) [/home/bma/git/fpga_design/redpitaya/pid_only/pid_only.srcs/sources_1/bd/pid_only_wrapper/ipshared/df1b/hdl/axi_protocol_converter_v2_1_vl_rfs.v:2816]
INFO: [Synth 8-638] synthesizing module 'axi_protocol_converter_v2_1_11_b2s_simple_fifo__parameterized2' [/home/bma/git/fpga_design/redpitaya/pid_only/pid_only.srcs/sources_1/bd/pid_only_wrapper/ipshared/df1b/hdl/axi_protocol_converter_v2_1_vl_rfs.v:2816]
INFO: [Synth 8-256] done synthesizing module 'axi_protocol_converter_v2_1_11_b2s_simple_fifo__parameterized2' (9#1) [/home/bma/git/fpga_design/redpitaya/pid_only/pid_only.srcs/sources_1/bd/pid_only_wrapper/ipshared/df1b/hdl/axi_protocol_converter_v2_1_vl_rfs.v:2816]
INFO: [Synth 8-256] done synthesizing module 'axi_protocol_converter_v2_1_11_b2s_r_channel' (10#1) [/home/bma/git/fpga_design/redpitaya/pid_only/pid_only.srcs/sources_1/bd/pid_only_wrapper/ipshared/df1b/hdl/axi_protocol_converter_v2_1_vl_rfs.v:3809]
INFO: [Synth 8-638] synthesizing module 'axi_register_slice_v2_1_11_axi_register_slice' [/home/bma/git/fpga_design/redpitaya/pid_only/pid_only.srcs/sources_1/bd/pid_only_wrapper/ipshared/0b6b/hdl/axi_register_slice_v2_1_vl_rfs.v:791]
INFO: [Synth 8-638] synthesizing module 'axi_infrastructure_v1_1_0_axi2vector' [/home/bma/git/fpga_design/redpitaya/pid_only/pid_only.srcs/sources_1/bd/pid_only_wrapper/ipshared/7e3a/hdl/axi_infrastructure_v1_1_vl_rfs.v:60]
INFO: [Synth 8-256] done synthesizing module 'axi_infrastructure_v1_1_0_axi2vector' (11#1) [/home/bma/git/fpga_design/redpitaya/pid_only/pid_only.srcs/sources_1/bd/pid_only_wrapper/ipshared/7e3a/hdl/axi_infrastructure_v1_1_vl_rfs.v:60]
INFO: [Synth 8-638] synthesizing module 'axi_register_slice_v2_1_11_axic_register_slice' [/home/bma/git/fpga_design/redpitaya/pid_only/pid_only.srcs/sources_1/bd/pid_only_wrapper/ipshared/0b6b/hdl/axi_register_slice_v2_1_vl_rfs.v:85]
INFO: [Synth 8-256] done synthesizing module 'axi_register_slice_v2_1_11_axic_register_slice' (12#1) [/home/bma/git/fpga_design/redpitaya/pid_only/pid_only.srcs/sources_1/bd/pid_only_wrapper/ipshared/0b6b/hdl/axi_register_slice_v2_1_vl_rfs.v:85]
INFO: [Synth 8-638] synthesizing module 'axi_register_slice_v2_1_11_axic_register_slice__parameterized0' [/home/bma/git/fpga_design/redpitaya/pid_only/pid_only.srcs/sources_1/bd/pid_only_wrapper/ipshared/0b6b/hdl/axi_register_slice_v2_1_vl_rfs.v:85]
INFO: [Synth 8-256] done synthesizing module 'axi_register_slice_v2_1_11_axic_register_slice__parameterized0' (12#1) [/home/bma/git/fpga_design/redpitaya/pid_only/pid_only.srcs/sources_1/bd/pid_only_wrapper/ipshared/0b6b/hdl/axi_register_slice_v2_1_vl_rfs.v:85]
INFO: [Synth 8-638] synthesizing module 'axi_register_slice_v2_1_11_axic_register_slice__parameterized1' [/home/bma/git/fpga_design/redpitaya/pid_only/pid_only.srcs/sources_1/bd/pid_only_wrapper/ipshared/0b6b/hdl/axi_register_slice_v2_1_vl_rfs.v:85]
INFO: [Synth 8-256] done synthesizing module 'axi_register_slice_v2_1_11_axic_register_slice__parameterized1' (12#1) [/home/bma/git/fpga_design/redpitaya/pid_only/pid_only.srcs/sources_1/bd/pid_only_wrapper/ipshared/0b6b/hdl/axi_register_slice_v2_1_vl_rfs.v:85]
INFO: [Synth 8-638] synthesizing module 'axi_register_slice_v2_1_11_axic_register_slice__parameterized2' [/home/bma/git/fpga_design/redpitaya/pid_only/pid_only.srcs/sources_1/bd/pid_only_wrapper/ipshared/0b6b/hdl/axi_register_slice_v2_1_vl_rfs.v:85]
INFO: [Synth 8-256] done synthesizing module 'axi_register_slice_v2_1_11_axic_register_slice__parameterized2' (12#1) [/home/bma/git/fpga_design/redpitaya/pid_only/pid_only.srcs/sources_1/bd/pid_only_wrapper/ipshared/0b6b/hdl/axi_register_slice_v2_1_vl_rfs.v:85]
INFO: [Synth 8-638] synthesizing module 'axi_infrastructure_v1_1_0_vector2axi' [/home/bma/git/fpga_design/redpitaya/pid_only/pid_only.srcs/sources_1/bd/pid_only_wrapper/ipshared/7e3a/hdl/axi_infrastructure_v1_1_vl_rfs.v:474]
INFO: [Synth 8-256] done synthesizing module 'axi_infrastructure_v1_1_0_vector2axi' (13#1) [/home/bma/git/fpga_design/redpitaya/pid_only/pid_only.srcs/sources_1/bd/pid_only_wrapper/ipshared/7e3a/hdl/axi_infrastructure_v1_1_vl_rfs.v:474]
INFO: [Synth 8-256] done synthesizing module 'axi_register_slice_v2_1_11_axi_register_slice' (14#1) [/home/bma/git/fpga_design/redpitaya/pid_only/pid_only.srcs/sources_1/bd/pid_only_wrapper/ipshared/0b6b/hdl/axi_register_slice_v2_1_vl_rfs.v:791]
INFO: [Synth 8-638] synthesizing module 'axi_register_slice_v2_1_11_axi_register_slice__parameterized0' [/home/bma/git/fpga_design/redpitaya/pid_only/pid_only.srcs/sources_1/bd/pid_only_wrapper/ipshared/0b6b/hdl/axi_register_slice_v2_1_vl_rfs.v:791]
INFO: [Synth 8-638] synthesizing module 'axi_infrastructure_v1_1_0_axi2vector__parameterized0' [/home/bma/git/fpga_design/redpitaya/pid_only/pid_only.srcs/sources_1/bd/pid_only_wrapper/ipshared/7e3a/hdl/axi_infrastructure_v1_1_vl_rfs.v:60]
INFO: [Synth 8-256] done synthesizing module 'axi_infrastructure_v1_1_0_axi2vector__parameterized0' (14#1) [/home/bma/git/fpga_design/redpitaya/pid_only/pid_only.srcs/sources_1/bd/pid_only_wrapper/ipshared/7e3a/hdl/axi_infrastructure_v1_1_vl_rfs.v:60]
INFO: [Synth 8-638] synthesizing module 'axi_register_slice_v2_1_11_axic_register_slice__parameterized3' [/home/bma/git/fpga_design/redpitaya/pid_only/pid_only.srcs/sources_1/bd/pid_only_wrapper/ipshared/0b6b/hdl/axi_register_slice_v2_1_vl_rfs.v:85]
INFO: [Synth 8-256] done synthesizing module 'axi_register_slice_v2_1_11_axic_register_slice__parameterized3' (14#1) [/home/bma/git/fpga_design/redpitaya/pid_only/pid_only.srcs/sources_1/bd/pid_only_wrapper/ipshared/0b6b/hdl/axi_register_slice_v2_1_vl_rfs.v:85]
INFO: [Synth 8-638] synthesizing module 'axi_register_slice_v2_1_11_axic_register_slice__parameterized4' [/home/bma/git/fpga_design/redpitaya/pid_only/pid_only.srcs/sources_1/bd/pid_only_wrapper/ipshared/0b6b/hdl/axi_register_slice_v2_1_vl_rfs.v:85]
INFO: [Synth 8-256] done synthesizing module 'axi_register_slice_v2_1_11_axic_register_slice__parameterized4' (14#1) [/home/bma/git/fpga_design/redpitaya/pid_only/pid_only.srcs/sources_1/bd/pid_only_wrapper/ipshared/0b6b/hdl/axi_register_slice_v2_1_vl_rfs.v:85]
INFO: [Synth 8-638] synthesizing module 'axi_register_slice_v2_1_11_axic_register_slice__parameterized5' [/home/bma/git/fpga_design/redpitaya/pid_only/pid_only.srcs/sources_1/bd/pid_only_wrapper/ipshared/0b6b/hdl/axi_register_slice_v2_1_vl_rfs.v:85]
INFO: [Synth 8-256] done synthesizing module 'axi_register_slice_v2_1_11_axic_register_slice__parameterized5' (14#1) [/home/bma/git/fpga_design/redpitaya/pid_only/pid_only.srcs/sources_1/bd/pid_only_wrapper/ipshared/0b6b/hdl/axi_register_slice_v2_1_vl_rfs.v:85]
INFO: [Synth 8-638] synthesizing module 'axi_register_slice_v2_1_11_axic_register_slice__parameterized6' [/home/bma/git/fpga_design/redpitaya/pid_only/pid_only.srcs/sources_1/bd/pid_only_wrapper/ipshared/0b6b/hdl/axi_register_slice_v2_1_vl_rfs.v:85]
INFO: [Synth 8-256] done synthesizing module 'axi_register_slice_v2_1_11_axic_register_slice__parameterized6' (14#1) [/home/bma/git/fpga_design/redpitaya/pid_only/pid_only.srcs/sources_1/bd/pid_only_wrapper/ipshared/0b6b/hdl/axi_register_slice_v2_1_vl_rfs.v:85]
INFO: [Synth 8-638] synthesizing module 'axi_register_slice_v2_1_11_axic_register_slice__parameterized7' [/home/bma/git/fpga_design/redpitaya/pid_only/pid_only.srcs/sources_1/bd/pid_only_wrapper/ipshared/0b6b/hdl/axi_register_slice_v2_1_vl_rfs.v:85]
INFO: [Synth 8-256] done synthesizing module 'axi_register_slice_v2_1_11_axic_register_slice__parameterized7' (14#1) [/home/bma/git/fpga_design/redpitaya/pid_only/pid_only.srcs/sources_1/bd/pid_only_wrapper/ipshared/0b6b/hdl/axi_register_slice_v2_1_vl_rfs.v:85]
INFO: [Synth 8-638] synthesizing module 'axi_infrastructure_v1_1_0_vector2axi__parameterized0' [/home/bma/git/fpga_design/redpitaya/pid_only/pid_only.srcs/sources_1/bd/pid_only_wrapper/ipshared/7e3a/hdl/axi_infrastructure_v1_1_vl_rfs.v:474]
INFO: [Synth 8-256] done synthesizing module 'axi_infrastructure_v1_1_0_vector2axi__parameterized0' (14#1) [/home/bma/git/fpga_design/redpitaya/pid_only/pid_only.srcs/sources_1/bd/pid_only_wrapper/ipshared/7e3a/hdl/axi_infrastructure_v1_1_vl_rfs.v:474]
INFO: [Synth 8-256] done synthesizing module 'axi_register_slice_v2_1_11_axi_register_slice__parameterized0' (14#1) [/home/bma/git/fpga_design/redpitaya/pid_only/pid_only.srcs/sources_1/bd/pid_only_wrapper/ipshared/0b6b/hdl/axi_register_slice_v2_1_vl_rfs.v:791]
INFO: [Synth 8-256] done synthesizing module 'axi_protocol_converter_v2_1_11_b2s' (15#1) [/home/bma/git/fpga_design/redpitaya/pid_only/pid_only.srcs/sources_1/bd/pid_only_wrapper/ipshared/df1b/hdl/axi_protocol_converter_v2_1_vl_rfs.v:4224]
INFO: [Synth 8-256] done synthesizing module 'axi_protocol_converter_v2_1_11_axi_protocol_converter' (16#1) [/home/bma/git/fpga_design/redpitaya/pid_only/pid_only.srcs/sources_1/bd/pid_only_wrapper/ipshared/df1b/hdl/axi_protocol_converter_v2_1_vl_rfs.v:4806]
INFO: [Synth 8-256] done synthesizing module 'pid_only_wrapper_auto_pc_0' (17#1) [/home/bma/git/fpga_design/redpitaya/pid_only/pid_only.srcs/sources_1/bd/pid_only_wrapper/ip/pid_only_wrapper_auto_pc_0/synth/pid_only_wrapper_auto_pc_0.v:58]
Finished RTL Elaboration : Time (s): cpu = 00:01:42 ; elapsed = 00:01:46 . Memory (MB): peak = 1239.738 ; gain = 308.555 ; free physical = 435 ; free virtual = 11679
Finished RTL Optimization Phase 1 : Time (s): cpu = 00:01:42 ; elapsed = 00:01:47 . Memory (MB): peak = 1239.738 ; gain = 308.555 ; free physical = 1040 ; free virtual = 12284
INFO: [Device 21-403] Loading part xc7z010clg400-1
Constraint Validation Runtime : Time (s): cpu = 00:00:00.22 ; elapsed = 00:00:00.16 . Memory (MB): peak = 1508.547 ; gain = 0.000 ; free physical = 890 ; free virtual = 12126
Finished Constraint Validation : Time (s): cpu = 00:02:07 ; elapsed = 00:02:12 . Memory (MB): peak = 1508.547 ; gain = 577.363 ; free physical = 1591 ; free virtual = 12819
Finished Loading Part and Timing Information : Time (s): cpu = 00:02:07 ; elapsed = 00:02:12 . Memory (MB): peak = 1508.547 ; gain = 577.363 ; free physical = 1591 ; free virtual = 12819
Finished applying 'set_property' XDC Constraints : Time (s): cpu = 00:02:07 ; elapsed = 00:02:12 . Memory (MB): peak = 1508.547 ; gain = 577.363 ; free physical = 1591 ; free virtual = 12819
Finished RTL Optimization Phase 2 : Time (s): cpu = 00:02:08 ; elapsed = 00:02:13 . Memory (MB): peak = 1508.547 ; gain = 577.363 ; free physical = 1585 ; free virtual = 12811
Finished Cross Boundary and Area Optimization : Time (s): cpu = 00:02:12 ; elapsed = 00:02:17 . Memory (MB): peak = 1508.547 ; gain = 577.363 ; free physical = 1536 ; free virtual = 12763
Finished Applying XDC Timing Constraints : Time (s): cpu = 00:02:26 ; elapsed = 00:02:31 . Memory (MB): peak = 1508.547 ; gain = 577.363 ; free physical = 2150 ; free virtual = 13379
Finished Timing Optimization : Time (s): cpu = 00:02:29 ; elapsed = 00:02:34 . Memory (MB): peak = 1522.234 ; gain = 591.051 ; free physical = 2111 ; free virtual = 13340
Finished Technology Mapping : Time (s): cpu = 00:02:29 ; elapsed = 00:02:34 . Memory (MB): peak = 1531.242 ; gain = 600.059 ; free physical = 2101 ; free virtual = 13331
Finished IO Insertion : Time (s): cpu = 00:02:30 ; elapsed = 00:02:35 . Memory (MB): peak = 1531.242 ; gain = 600.059 ; free physical = 2101 ; free virtual = 13331
Finished Renaming Generated Instances : Time (s): cpu = 00:02:30 ; elapsed = 00:02:35 . Memory (MB): peak = 1531.242 ; gain = 600.059 ; free physical = 2101 ; free virtual = 13331
Finished Rebuilding User Hierarchy : Time (s): cpu = 00:02:30 ; elapsed = 00:02:35 . Memory (MB): peak = 1531.242 ; gain = 600.059 ; free physical = 2101 ; free virtual = 13331
Finished Renaming Generated Ports : Time (s): cpu = 00:02:30 ; elapsed = 00:02:35 . Memory (MB): peak = 1531.242 ; gain = 600.059 ; free physical = 2101 ; free virtual = 13331
Finished Handling Custom Attributes : Time (s): cpu = 00:02:30 ; elapsed = 00:02:35 . Memory (MB): peak = 1531.242 ; gain = 600.059 ; free physical = 2101 ; free virtual = 13331
Finished Renaming Generated Nets : Time (s): cpu = 00:02:30 ; elapsed = 00:02:35 . Memory (MB): peak = 1531.242 ; gain = 600.059 ; free physical = 2101 ; free virtual = 13331

Report Cell Usage: 
+------+--------+------+
|      |Cell    |Count |
+------+--------+------+
|1     |CARRY4  |    18|
|2     |LUT1    |    38|
|3     |LUT2    |    22|
|4     |LUT3    |   241|
|5     |LUT4    |    38|
|6     |LUT5    |    68|
|7     |LUT6    |   117|
|8     |SRL16E  |    22|
|9     |SRLC32E |    47|
|10    |FDRE    |   570|
|11    |FDSE    |    52|
+------+--------+------+
Finished Writing Synthesis Report : Time (s): cpu = 00:02:30 ; elapsed = 00:02:35 . Memory (MB): peak = 1531.242 ; gain = 600.059 ; free physical = 2101 ; free virtual = 13331
synth_design: Time (s): cpu = 00:02:18 ; elapsed = 00:02:22 . Memory (MB): peak = 1532.242 ; gain = 500.555 ; free physical = 2103 ; free virtual = 13332
