
*** Running vivado
    with args -log double_dds_wrapper_ltc2145_0_0.vds -m64 -product Vivado -mode batch -messageDb vivado.pb -notrace -source double_dds_wrapper_ltc2145_0_0.tcl

awk: symbol lookup error: awk: undefined symbol: mpfr_z_sub

****** Vivado v2016.4 (64-bit)
  **** SW Build 1733598 on Wed Dec 14 22:35:42 MST 2016
  **** IP Build 1731160 on Wed Dec 14 23:47:21 MST 2016
    ** Copyright 1986-2016 Xilinx, Inc. All Rights Reserved.

source double_dds_wrapper_ltc2145_0_0.tcl -notrace
Command: synth_design -top double_dds_wrapper_ltc2145_0_0 -part xc7z010clg400-1 -mode out_of_context
Starting synth_design
Attempting to get a license for feature 'Synthesis' and/or device 'xc7z010'
INFO: [Common 17-349] Got license for feature 'Synthesis' and/or device 'xc7z010'
INFO: Launching helper process for spawning children vivado processes
INFO: Helper process launched with PID 6211 
awk: symbol lookup error: awk: undefined symbol: mpfr_z_sub
---------------------------------------------------------------------------------
Starting RTL Elaboration : Time (s): cpu = 00:00:25 ; elapsed = 00:00:26 . Memory (MB): peak = 1112.270 ; gain = 181.086 ; free physical = 2649 ; free virtual = 12689
---------------------------------------------------------------------------------
INFO: [Synth 8-638] synthesizing module 'double_dds_wrapper_ltc2145_0_0' [/home/bma/git/fpga_design/redpitaya/double_dds/double_dds.srcs/sources_1/bd/double_dds_wrapper/ip/double_dds_wrapper_ltc2145_0_0/synth/double_dds_wrapper_ltc2145_0_0.vhd:79]
	Parameter CLOCK_DUTY_CYCLE_STABILIZER_EN bound to: 0 - type: bool 
INFO: [Synth 8-3491] module 'ltc2145' declared at '/home/bma/git/fpga_design/redpitaya/double_dds/double_dds.srcs/sources_1/bd/double_dds_wrapper/ipshared/a9a2/hdl/ltc2145.vhd:6' bound to instance 'U0' of component 'ltc2145' [/home/bma/git/fpga_design/redpitaya/double_dds/double_dds.srcs/sources_1/bd/double_dds_wrapper/ip/double_dds_wrapper_ltc2145_0_0/synth/double_dds_wrapper_ltc2145_0_0.vhd:118]
INFO: [Synth 8-638] synthesizing module 'ltc2145' [/home/bma/git/fpga_design/redpitaya/double_dds/double_dds.srcs/sources_1/bd/double_dds_wrapper/ipshared/a9a2/hdl/ltc2145.vhd:33]
	Parameter CLOCK_DUTY_CYCLE_STABILIZER_EN bound to: 0 - type: bool 
INFO: [Synth 8-638] synthesizing module 'ltc2145_cmos_capture' [/home/bma/git/fpga_design/redpitaya/double_dds/double_dds.srcs/sources_1/bd/double_dds_wrapper/ipshared/a9a2/hdl/ltc2145_cmos_capture.vhd:26]
	Parameter CLOCK_DUTY_CYCLE_STABILIZER_EN bound to: 0 - type: bool 
INFO: [Synth 8-256] done synthesizing module 'ltc2145_cmos_capture' (1#1) [/home/bma/git/fpga_design/redpitaya/double_dds/double_dds.srcs/sources_1/bd/double_dds_wrapper/ipshared/a9a2/hdl/ltc2145_cmos_capture.vhd:26]
INFO: [Synth 8-256] done synthesizing module 'ltc2145' (2#1) [/home/bma/git/fpga_design/redpitaya/double_dds/double_dds.srcs/sources_1/bd/double_dds_wrapper/ipshared/a9a2/hdl/ltc2145.vhd:33]
INFO: [Synth 8-256] done synthesizing module 'double_dds_wrapper_ltc2145_0_0' (3#1) [/home/bma/git/fpga_design/redpitaya/double_dds/double_dds.srcs/sources_1/bd/double_dds_wrapper/ip/double_dds_wrapper_ltc2145_0_0/synth/double_dds_wrapper_ltc2145_0_0.vhd:79]
---------------------------------------------------------------------------------
Finished RTL Elaboration : Time (s): cpu = 00:00:27 ; elapsed = 00:00:28 . Memory (MB): peak = 1152.738 ; gain = 221.555 ; free physical = 2504 ; free virtual = 12544
---------------------------------------------------------------------------------

Report Check Netlist: 
+------+------------------+-------+---------+-------+------------------+
|      |Item              |Errors |Warnings |Status |Description       |
+------+------------------+-------+---------+-------+------------------+
|1     |multi_driven_nets |      0|        0|Passed |Multi driven nets |
+------+------------------+-------+---------+-------+------------------+
---------------------------------------------------------------------------------
Finished RTL Optimization Phase 1 : Time (s): cpu = 00:00:27 ; elapsed = 00:00:29 . Memory (MB): peak = 1152.738 ; gain = 221.555 ; free physical = 2500 ; free virtual = 12540
---------------------------------------------------------------------------------
INFO: [Device 21-403] Loading part xc7z010clg400-1
INFO: [Project 1-570] Preparing netlist for logic optimization

Processing XDC Constraints
Initializing timing engine
Completed Processing XDC Constraints

INFO: [Project 1-111] Unisim Transformation Summary:
No Unisim elements were transformed.

Constraint Validation Runtime : Time (s): cpu = 00:00:00.03 ; elapsed = 00:00:00.04 . Memory (MB): peak = 1479.914 ; gain = 0.000 ; free physical = 2662 ; free virtual = 12703
---------------------------------------------------------------------------------
Finished Constraint Validation : Time (s): cpu = 00:00:53 ; elapsed = 00:00:56 . Memory (MB): peak = 1479.914 ; gain = 548.730 ; free physical = 2485 ; free virtual = 12527
---------------------------------------------------------------------------------
---------------------------------------------------------------------------------
Start Loading Part and Timing Information
---------------------------------------------------------------------------------
Loading part: xc7z010clg400-1
---------------------------------------------------------------------------------
Finished Loading Part and Timing Information : Time (s): cpu = 00:00:53 ; elapsed = 00:00:56 . Memory (MB): peak = 1479.914 ; gain = 548.730 ; free physical = 2485 ; free virtual = 12527
---------------------------------------------------------------------------------
---------------------------------------------------------------------------------
Start Applying 'set_property' XDC Constraints
---------------------------------------------------------------------------------
---------------------------------------------------------------------------------
Finished applying 'set_property' XDC Constraints : Time (s): cpu = 00:00:53 ; elapsed = 00:00:56 . Memory (MB): peak = 1479.914 ; gain = 548.730 ; free physical = 2485 ; free virtual = 12527
---------------------------------------------------------------------------------
---------------------------------------------------------------------------------
Finished RTL Optimization Phase 2 : Time (s): cpu = 00:00:54 ; elapsed = 00:00:57 . Memory (MB): peak = 1479.914 ; gain = 548.730 ; free physical = 2478 ; free virtual = 12519
---------------------------------------------------------------------------------

Report RTL Partitions: 
+-+--------------+------------+----------+
| |RTL Partition |Replication |Instances |
+-+--------------+------------+----------+
+-+--------------+------------+----------+
---------------------------------------------------------------------------------
Start RTL Component Statistics 
---------------------------------------------------------------------------------
Detailed RTL Component Info : 
+---Registers : 
	               14 Bit    Registers := 2     
	                1 Bit    Registers := 1     
---------------------------------------------------------------------------------
Finished RTL Component Statistics 
---------------------------------------------------------------------------------
---------------------------------------------------------------------------------
Start RTL Hierarchical Component Statistics 
---------------------------------------------------------------------------------
Hierarchical RTL Component report 
Module ltc2145_cmos_capture 
Detailed RTL Component Info : 
+---Registers : 
	               14 Bit    Registers := 2     
	                1 Bit    Registers := 1     
---------------------------------------------------------------------------------
Finished RTL Hierarchical Component Statistics
---------------------------------------------------------------------------------
---------------------------------------------------------------------------------
Start Part Resource Summary
---------------------------------------------------------------------------------
Part Resources:
DSPs: 80 (col length:40)
BRAMs: 120 (col length: RAMB18 40 RAMB36 20)
---------------------------------------------------------------------------------
Finished Part Resource Summary
---------------------------------------------------------------------------------
---------------------------------------------------------------------------------
Start Cross Boundary and Area Optimization
---------------------------------------------------------------------------------
INFO: [Synth 8-3917] design double_dds_wrapper_ltc2145_0_0 has port adc_cdcs driven by constant 0
---------------------------------------------------------------------------------
Finished Cross Boundary and Area Optimization : Time (s): cpu = 00:00:54 ; elapsed = 00:00:57 . Memory (MB): peak = 1479.914 ; gain = 548.730 ; free physical = 2462 ; free virtual = 12503
---------------------------------------------------------------------------------

Report RTL Partitions: 
+-+--------------+------------+----------+
| |RTL Partition |Replication |Instances |
+-+--------------+------------+----------+
+-+--------------+------------+----------+
---------------------------------------------------------------------------------
Start Timing Optimization
---------------------------------------------------------------------------------
---------------------------------------------------------------------------------
Start Applying XDC Timing Constraints
---------------------------------------------------------------------------------
---------------------------------------------------------------------------------
Finished Applying XDC Timing Constraints : Time (s): cpu = 00:01:22 ; elapsed = 00:01:27 . Memory (MB): peak = 1479.914 ; gain = 548.730 ; free physical = 1933 ; free virtual = 11975
---------------------------------------------------------------------------------
---------------------------------------------------------------------------------
Finished Timing Optimization : Time (s): cpu = 00:01:22 ; elapsed = 00:01:27 . Memory (MB): peak = 1479.914 ; gain = 548.730 ; free physical = 1932 ; free virtual = 11974
---------------------------------------------------------------------------------

Report RTL Partitions: 
+-+--------------+------------+----------+
| |RTL Partition |Replication |Instances |
+-+--------------+------------+----------+
+-+--------------+------------+----------+
---------------------------------------------------------------------------------
Start Technology Mapping
---------------------------------------------------------------------------------
---------------------------------------------------------------------------------
Finished Technology Mapping : Time (s): cpu = 00:01:22 ; elapsed = 00:01:27 . Memory (MB): peak = 1479.914 ; gain = 548.730 ; free physical = 1911 ; free virtual = 11953
---------------------------------------------------------------------------------

Report RTL Partitions: 
+-+--------------+------------+----------+
| |RTL Partition |Replication |Instances |
+-+--------------+------------+----------+
+-+--------------+------------+----------+
---------------------------------------------------------------------------------
Start IO Insertion
---------------------------------------------------------------------------------
---------------------------------------------------------------------------------
Start Flattening Before IO Insertion
---------------------------------------------------------------------------------
---------------------------------------------------------------------------------
Finished Flattening Before IO Insertion
---------------------------------------------------------------------------------
---------------------------------------------------------------------------------
Start Final Netlist Cleanup
---------------------------------------------------------------------------------
---------------------------------------------------------------------------------
Finished Final Netlist Cleanup
---------------------------------------------------------------------------------
---------------------------------------------------------------------------------
Finished IO Insertion : Time (s): cpu = 00:01:23 ; elapsed = 00:01:28 . Memory (MB): peak = 1479.914 ; gain = 548.730 ; free physical = 1888 ; free virtual = 11930
---------------------------------------------------------------------------------

Report Check Netlist: 
+------+------------------+-------+---------+-------+------------------+
|      |Item              |Errors |Warnings |Status |Description       |
+------+------------------+-------+---------+-------+------------------+
|1     |multi_driven_nets |      0|        0|Passed |Multi driven nets |
+------+------------------+-------+---------+-------+------------------+
---------------------------------------------------------------------------------
Start Renaming Generated Instances
---------------------------------------------------------------------------------
---------------------------------------------------------------------------------
Finished Renaming Generated Instances : Time (s): cpu = 00:01:23 ; elapsed = 00:01:28 . Memory (MB): peak = 1479.914 ; gain = 548.730 ; free physical = 1888 ; free virtual = 11930
---------------------------------------------------------------------------------

Report RTL Partitions: 
+-+--------------+------------+----------+
| |RTL Partition |Replication |Instances |
+-+--------------+------------+----------+
+-+--------------+------------+----------+
---------------------------------------------------------------------------------
Start Rebuilding User Hierarchy
---------------------------------------------------------------------------------
---------------------------------------------------------------------------------
Finished Rebuilding User Hierarchy : Time (s): cpu = 00:01:23 ; elapsed = 00:01:28 . Memory (MB): peak = 1479.914 ; gain = 548.730 ; free physical = 1888 ; free virtual = 11930
---------------------------------------------------------------------------------
---------------------------------------------------------------------------------
Start Renaming Generated Ports
---------------------------------------------------------------------------------
---------------------------------------------------------------------------------
Finished Renaming Generated Ports : Time (s): cpu = 00:01:23 ; elapsed = 00:01:28 . Memory (MB): peak = 1479.914 ; gain = 548.730 ; free physical = 1888 ; free virtual = 11930
---------------------------------------------------------------------------------
---------------------------------------------------------------------------------
Start Handling Custom Attributes
---------------------------------------------------------------------------------
---------------------------------------------------------------------------------
Finished Handling Custom Attributes : Time (s): cpu = 00:01:23 ; elapsed = 00:01:29 . Memory (MB): peak = 1479.914 ; gain = 548.730 ; free physical = 2372 ; free virtual = 12414
---------------------------------------------------------------------------------
---------------------------------------------------------------------------------
Start Renaming Generated Nets
---------------------------------------------------------------------------------
---------------------------------------------------------------------------------
Finished Renaming Generated Nets : Time (s): cpu = 00:01:23 ; elapsed = 00:01:29 . Memory (MB): peak = 1479.914 ; gain = 548.730 ; free physical = 2411 ; free virtual = 12453
---------------------------------------------------------------------------------
---------------------------------------------------------------------------------
Start Writing Synthesis Report
---------------------------------------------------------------------------------

Report BlackBoxes: 
+-+--------------+----------+
| |BlackBox name |Instances |
+-+--------------+----------+
+-+--------------+----------+

Report Cell Usage: 
+------+-----+------+
|      |Cell |Count |
+------+-----+------+
|1     |LUT1 |    27|
|2     |FDCE |    29|
+------+-----+------+

Report Instance Areas: 
+------+-------------------------+---------------------+------+
|      |Instance                 |Module               |Cells |
+------+-------------------------+---------------------+------+
|1     |top                      |                     |    56|
|2     |  U0                     |ltc2145              |    56|
|3     |    ltc2145_capture_inst |ltc2145_cmos_capture |    56|
+------+-------------------------+---------------------+------+
---------------------------------------------------------------------------------
Finished Writing Synthesis Report : Time (s): cpu = 00:01:23 ; elapsed = 00:01:29 . Memory (MB): peak = 1479.914 ; gain = 548.730 ; free physical = 2426 ; free virtual = 12468
---------------------------------------------------------------------------------
Synthesis finished with 0 errors, 0 critical warnings and 0 warnings.
Synthesis Optimization Runtime : Time (s): cpu = 00:00:57 ; elapsed = 00:01:00 . Memory (MB): peak = 1479.914 ; gain = 108.465 ; free physical = 2447 ; free virtual = 12489
Synthesis Optimization Complete : Time (s): cpu = 00:01:24 ; elapsed = 00:01:29 . Memory (MB): peak = 1479.922 ; gain = 548.738 ; free physical = 2449 ; free virtual = 12491
INFO: [Project 1-571] Translating synthesized netlist
INFO: [Project 1-570] Preparing netlist for logic optimization
INFO: [Opt 31-138] Pushed 0 inverter(s) to 0 load pin(s).
INFO: [Project 1-111] Unisim Transformation Summary:
No Unisim elements were transformed.

INFO: [Common 17-83] Releasing license: Synthesis
17 Infos, 0 Warnings, 0 Critical Warnings and 0 Errors encountered.
synth_design completed successfully
synth_design: Time (s): cpu = 00:01:13 ; elapsed = 00:01:18 . Memory (MB): peak = 1479.922 ; gain = 448.234 ; free physical = 2416 ; free virtual = 12458
INFO: [Common 17-1381] The checkpoint '/home/bma/git/fpga_design/redpitaya/double_dds/double_dds.runs/double_dds_wrapper_ltc2145_0_0_synth_1/double_dds_wrapper_ltc2145_0_0.dcp' has been generated.
INFO: [Coretcl 2-1174] Renamed 2 cell refs.
INFO: [Common 17-1381] The checkpoint '/home/bma/git/fpga_design/redpitaya/double_dds/double_dds.runs/double_dds_wrapper_ltc2145_0_0_synth_1/double_dds_wrapper_ltc2145_0_0.dcp' has been generated.
report_utilization: Time (s): cpu = 00:00:00.16 ; elapsed = 00:00:00.21 . Memory (MB): peak = 1479.922 ; gain = 0.000 ; free physical = 2415 ; free virtual = 12457
INFO: [Common 17-206] Exiting Vivado at Wed May 10 18:24:04 2017...
