
*** Running vivado
    with args -log pid_vco_amp_mod_pid_only_wrapper_dupplReal_1_to_2_1_0.vds -m64 -product Vivado -mode batch -messageDb vivado.pb -notrace -source pid_vco_amp_mod_pid_only_wrapper_dupplReal_1_to_2_1_0.tcl


****** Vivado v2016.4 (64-bit)
  **** SW Build 1733598 on Wed Dec 14 22:35:42 MST 2016
  **** IP Build 1731160 on Wed Dec 14 23:47:21 MST 2016
    ** Copyright 1986-2016 Xilinx, Inc. All Rights Reserved.

source pid_vco_amp_mod_pid_only_wrapper_dupplReal_1_to_2_1_0.tcl -notrace
Command: synth_design -top pid_vco_amp_mod_pid_only_wrapper_dupplReal_1_to_2_1_0 -part xc7z010clg400-1 -mode out_of_context
Starting synth_design
Attempting to get a license for feature 'Synthesis' and/or device 'xc7z010'
INFO: [Common 17-349] Got license for feature 'Synthesis' and/or device 'xc7z010'
INFO: Launching helper process for spawning children vivado processes
INFO: Helper process launched with PID 31978 
---------------------------------------------------------------------------------
Starting RTL Elaboration : Time (s): cpu = 00:00:27 ; elapsed = 00:00:32 . Memory (MB): peak = 1112.930 ; gain = 181.086 ; free physical = 1374 ; free virtual = 10895
---------------------------------------------------------------------------------
INFO: [Synth 8-638] synthesizing module 'pid_vco_amp_mod_pid_only_wrapper_dupplReal_1_to_2_1_0' [/home/bma/git/fpga_design/redpitaya/pid_vco_amp_mod_pid_only/pid_vco_amp_mod_pid_only.srcs/sources_1/bd/pid_vco_amp_mod_pid_only_wrapper/ip/pid_vco_amp_mod_pid_only_wrapper_dupplReal_1_to_2_1_0/synth/pid_vco_amp_mod_pid_only_wrapper_dupplReal_1_to_2_1_0.vhd:76]
	Parameter DATA_SIZE bound to: 14 - type: integer 
INFO: [Synth 8-3491] module 'dupplReal_1_to_2' declared at '/home/bma/git/fpga_design/redpitaya/pid_vco_amp_mod_pid_only/pid_vco_amp_mod_pid_only.srcs/sources_1/bd/pid_vco_amp_mod_pid_only_wrapper/ipshared/0e23/hdl/dupplReal_1_to_2.vhd:5' bound to instance 'U0' of component 'dupplReal_1_to_2' [/home/bma/git/fpga_design/redpitaya/pid_vco_amp_mod_pid_only/pid_vco_amp_mod_pid_only.srcs/sources_1/bd/pid_vco_amp_mod_pid_only_wrapper/ip/pid_vco_amp_mod_pid_only_wrapper_dupplReal_1_to_2_1_0/synth/pid_vco_amp_mod_pid_only_wrapper_dupplReal_1_to_2_1_0.vhd:122]
INFO: [Synth 8-638] synthesizing module 'dupplReal_1_to_2' [/home/bma/git/fpga_design/redpitaya/pid_vco_amp_mod_pid_only/pid_vco_amp_mod_pid_only.srcs/sources_1/bd/pid_vco_amp_mod_pid_only_wrapper/ipshared/0e23/hdl/dupplReal_1_to_2.vhd:30]
	Parameter DATA_SIZE bound to: 14 - type: integer 
INFO: [Synth 8-256] done synthesizing module 'dupplReal_1_to_2' (1#1) [/home/bma/git/fpga_design/redpitaya/pid_vco_amp_mod_pid_only/pid_vco_amp_mod_pid_only.srcs/sources_1/bd/pid_vco_amp_mod_pid_only_wrapper/ipshared/0e23/hdl/dupplReal_1_to_2.vhd:30]
INFO: [Synth 8-256] done synthesizing module 'pid_vco_amp_mod_pid_only_wrapper_dupplReal_1_to_2_1_0' (2#1) [/home/bma/git/fpga_design/redpitaya/pid_vco_amp_mod_pid_only/pid_vco_amp_mod_pid_only.srcs/sources_1/bd/pid_vco_amp_mod_pid_only_wrapper/ip/pid_vco_amp_mod_pid_only_wrapper_dupplReal_1_to_2_1_0/synth/pid_vco_amp_mod_pid_only_wrapper_dupplReal_1_to_2_1_0.vhd:76]
---------------------------------------------------------------------------------
Finished RTL Elaboration : Time (s): cpu = 00:00:29 ; elapsed = 00:00:34 . Memory (MB): peak = 1153.398 ; gain = 221.555 ; free physical = 1310 ; free virtual = 10836
---------------------------------------------------------------------------------

Report Check Netlist: 
+------+------------------+-------+---------+-------+------------------+
|      |Item              |Errors |Warnings |Status |Description       |
+------+------------------+-------+---------+-------+------------------+
|1     |multi_driven_nets |      0|        0|Passed |Multi driven nets |
+------+------------------+-------+---------+-------+------------------+
---------------------------------------------------------------------------------
Finished RTL Optimization Phase 1 : Time (s): cpu = 00:00:30 ; elapsed = 00:00:35 . Memory (MB): peak = 1153.398 ; gain = 221.555 ; free physical = 1308 ; free virtual = 10834
---------------------------------------------------------------------------------
INFO: [Device 21-403] Loading part xc7z010clg400-1
INFO: [Project 1-570] Preparing netlist for logic optimization

Processing XDC Constraints
Initializing timing engine
Completed Processing XDC Constraints

INFO: [Project 1-111] Unisim Transformation Summary:
No Unisim elements were transformed.

Constraint Validation Runtime : Time (s): cpu = 00:00:00.03 ; elapsed = 00:00:00.03 . Memory (MB): peak = 1398.805 ; gain = 0.000 ; free physical = 850 ; free virtual = 10385
---------------------------------------------------------------------------------
Finished Constraint Validation : Time (s): cpu = 00:00:57 ; elapsed = 00:01:06 . Memory (MB): peak = 1398.805 ; gain = 466.961 ; free physical = 1184 ; free virtual = 10706
---------------------------------------------------------------------------------
---------------------------------------------------------------------------------
Start Loading Part and Timing Information
---------------------------------------------------------------------------------
Loading part: xc7z010clg400-1
---------------------------------------------------------------------------------
Finished Loading Part and Timing Information : Time (s): cpu = 00:00:57 ; elapsed = 00:01:06 . Memory (MB): peak = 1398.805 ; gain = 466.961 ; free physical = 1184 ; free virtual = 10705
---------------------------------------------------------------------------------
---------------------------------------------------------------------------------
Start Applying 'set_property' XDC Constraints
---------------------------------------------------------------------------------
---------------------------------------------------------------------------------
Finished applying 'set_property' XDC Constraints : Time (s): cpu = 00:00:57 ; elapsed = 00:01:06 . Memory (MB): peak = 1398.805 ; gain = 466.961 ; free physical = 1182 ; free virtual = 10704
---------------------------------------------------------------------------------
---------------------------------------------------------------------------------
Finished RTL Optimization Phase 2 : Time (s): cpu = 00:00:57 ; elapsed = 00:01:06 . Memory (MB): peak = 1398.805 ; gain = 466.961 ; free physical = 1181 ; free virtual = 10703
---------------------------------------------------------------------------------

Report RTL Partitions: 
+-+--------------+------------+----------+
| |RTL Partition |Replication |Instances |
+-+--------------+------------+----------+
+-+--------------+------------+----------+
---------------------------------------------------------------------------------
Start RTL Component Statistics 
---------------------------------------------------------------------------------
Detailed RTL Component Info : 
---------------------------------------------------------------------------------
Finished RTL Component Statistics 
---------------------------------------------------------------------------------
---------------------------------------------------------------------------------
Start RTL Hierarchical Component Statistics 
---------------------------------------------------------------------------------
Hierarchical RTL Component report 
---------------------------------------------------------------------------------
Finished RTL Hierarchical Component Statistics
---------------------------------------------------------------------------------
---------------------------------------------------------------------------------
Start Part Resource Summary
---------------------------------------------------------------------------------
Part Resources:
DSPs: 80 (col length:40)
BRAMs: 120 (col length: RAMB18 40 RAMB36 20)
---------------------------------------------------------------------------------
Finished Part Resource Summary
---------------------------------------------------------------------------------
---------------------------------------------------------------------------------
Start Cross Boundary and Area Optimization
---------------------------------------------------------------------------------
WARNING: [Synth 8-3330] design pid_vco_amp_mod_pid_only_wrapper_dupplReal_1_to_2_1_0 has an empty top module
---------------------------------------------------------------------------------
Finished Cross Boundary and Area Optimization : Time (s): cpu = 00:00:58 ; elapsed = 00:01:07 . Memory (MB): peak = 1398.805 ; gain = 466.961 ; free physical = 1174 ; free virtual = 10696
---------------------------------------------------------------------------------

Report RTL Partitions: 
+-+--------------+------------+----------+
| |RTL Partition |Replication |Instances |
+-+--------------+------------+----------+
+-+--------------+------------+----------+
---------------------------------------------------------------------------------
Start Timing Optimization
---------------------------------------------------------------------------------
---------------------------------------------------------------------------------
Start Applying XDC Timing Constraints
---------------------------------------------------------------------------------
---------------------------------------------------------------------------------
Finished Applying XDC Timing Constraints : Time (s): cpu = 00:01:23 ; elapsed = 00:01:36 . Memory (MB): peak = 1438.805 ; gain = 506.961 ; free physical = 700 ; free virtual = 10232
---------------------------------------------------------------------------------
---------------------------------------------------------------------------------
Finished Timing Optimization : Time (s): cpu = 00:01:23 ; elapsed = 00:01:36 . Memory (MB): peak = 1438.805 ; gain = 506.961 ; free physical = 700 ; free virtual = 10232
---------------------------------------------------------------------------------

Report RTL Partitions: 
+-+--------------+------------+----------+
| |RTL Partition |Replication |Instances |
+-+--------------+------------+----------+
+-+--------------+------------+----------+
---------------------------------------------------------------------------------
Start Technology Mapping
---------------------------------------------------------------------------------
---------------------------------------------------------------------------------
Finished Technology Mapping : Time (s): cpu = 00:01:24 ; elapsed = 00:01:36 . Memory (MB): peak = 1447.820 ; gain = 515.977 ; free physical = 691 ; free virtual = 10223
---------------------------------------------------------------------------------

Report RTL Partitions: 
+-+--------------+------------+----------+
| |RTL Partition |Replication |Instances |
+-+--------------+------------+----------+
+-+--------------+------------+----------+
---------------------------------------------------------------------------------
Start IO Insertion
---------------------------------------------------------------------------------
---------------------------------------------------------------------------------
Start Flattening Before IO Insertion
---------------------------------------------------------------------------------
---------------------------------------------------------------------------------
Finished Flattening Before IO Insertion
---------------------------------------------------------------------------------
---------------------------------------------------------------------------------
Start Final Netlist Cleanup
---------------------------------------------------------------------------------
---------------------------------------------------------------------------------
Finished Final Netlist Cleanup
---------------------------------------------------------------------------------
---------------------------------------------------------------------------------
Finished IO Insertion : Time (s): cpu = 00:01:25 ; elapsed = 00:01:37 . Memory (MB): peak = 1447.820 ; gain = 515.977 ; free physical = 663 ; free virtual = 10194
---------------------------------------------------------------------------------

Report Check Netlist: 
+------+------------------+-------+---------+-------+------------------+
|      |Item              |Errors |Warnings |Status |Description       |
+------+------------------+-------+---------+-------+------------------+
|1     |multi_driven_nets |      0|        0|Passed |Multi driven nets |
+------+------------------+-------+---------+-------+------------------+
---------------------------------------------------------------------------------
Start Renaming Generated Instances
---------------------------------------------------------------------------------
---------------------------------------------------------------------------------
Finished Renaming Generated Instances : Time (s): cpu = 00:01:25 ; elapsed = 00:01:37 . Memory (MB): peak = 1447.820 ; gain = 515.977 ; free physical = 663 ; free virtual = 10194
---------------------------------------------------------------------------------

Report RTL Partitions: 
+-+--------------+------------+----------+
| |RTL Partition |Replication |Instances |
+-+--------------+------------+----------+
+-+--------------+------------+----------+
---------------------------------------------------------------------------------
Start Rebuilding User Hierarchy
---------------------------------------------------------------------------------
---------------------------------------------------------------------------------
Finished Rebuilding User Hierarchy : Time (s): cpu = 00:01:25 ; elapsed = 00:01:37 . Memory (MB): peak = 1447.820 ; gain = 515.977 ; free physical = 663 ; free virtual = 10194
---------------------------------------------------------------------------------
---------------------------------------------------------------------------------
Start Renaming Generated Ports
---------------------------------------------------------------------------------
---------------------------------------------------------------------------------
Finished Renaming Generated Ports : Time (s): cpu = 00:01:25 ; elapsed = 00:01:37 . Memory (MB): peak = 1447.820 ; gain = 515.977 ; free physical = 663 ; free virtual = 10194
---------------------------------------------------------------------------------
---------------------------------------------------------------------------------
Start Handling Custom Attributes
---------------------------------------------------------------------------------
---------------------------------------------------------------------------------
Finished Handling Custom Attributes : Time (s): cpu = 00:01:25 ; elapsed = 00:01:37 . Memory (MB): peak = 1447.820 ; gain = 515.977 ; free physical = 663 ; free virtual = 10194
---------------------------------------------------------------------------------
---------------------------------------------------------------------------------
Start Renaming Generated Nets
---------------------------------------------------------------------------------
---------------------------------------------------------------------------------
Finished Renaming Generated Nets : Time (s): cpu = 00:01:25 ; elapsed = 00:01:37 . Memory (MB): peak = 1447.820 ; gain = 515.977 ; free physical = 663 ; free virtual = 10194
---------------------------------------------------------------------------------
---------------------------------------------------------------------------------
Start Writing Synthesis Report
---------------------------------------------------------------------------------

Report BlackBoxes: 
+-+--------------+----------+
| |BlackBox name |Instances |
+-+--------------+----------+
+-+--------------+----------+

Report Cell Usage: 
+-+-----+------+
| |Cell |Count |
+-+-----+------+
+-+-----+------+

Report Instance Areas: 
+------+---------+-------+------+
|      |Instance |Module |Cells |
+------+---------+-------+------+
|1     |top      |       |     0|
+------+---------+-------+------+
---------------------------------------------------------------------------------
Finished Writing Synthesis Report : Time (s): cpu = 00:01:25 ; elapsed = 00:01:37 . Memory (MB): peak = 1447.820 ; gain = 515.977 ; free physical = 663 ; free virtual = 10194
---------------------------------------------------------------------------------
Synthesis finished with 0 errors, 0 critical warnings and 1 warnings.
Synthesis Optimization Runtime : Time (s): cpu = 00:00:57 ; elapsed = 00:01:02 . Memory (MB): peak = 1447.820 ; gain = 157.480 ; free physical = 660 ; free virtual = 10190
Synthesis Optimization Complete : Time (s): cpu = 00:01:26 ; elapsed = 00:01:38 . Memory (MB): peak = 1447.828 ; gain = 515.984 ; free physical = 662 ; free virtual = 10193
INFO: [Project 1-571] Translating synthesized netlist
INFO: [Project 1-570] Preparing netlist for logic optimization
INFO: [Opt 31-138] Pushed 0 inverter(s) to 0 load pin(s).
INFO: [Project 1-111] Unisim Transformation Summary:
No Unisim elements were transformed.

INFO: [Common 17-83] Releasing license: Synthesis
14 Infos, 1 Warnings, 0 Critical Warnings and 0 Errors encountered.
synth_design completed successfully
synth_design: Time (s): cpu = 00:01:13 ; elapsed = 00:01:22 . Memory (MB): peak = 1451.820 ; gain = 419.473 ; free physical = 611 ; free virtual = 10178
INFO: [Common 17-1381] The checkpoint '/home/bma/git/fpga_design/redpitaya/pid_vco_amp_mod_pid_only/pid_vco_amp_mod_pid_only.runs/pid_vco_amp_mod_pid_only_wrapper_dupplReal_1_to_2_1_0_synth_1/pid_vco_amp_mod_pid_only_wrapper_dupplReal_1_to_2_1_0.dcp' has been generated.
INFO: [Common 17-1381] The checkpoint '/home/bma/git/fpga_design/redpitaya/pid_vco_amp_mod_pid_only/pid_vco_amp_mod_pid_only.runs/pid_vco_amp_mod_pid_only_wrapper_dupplReal_1_to_2_1_0_synth_1/pid_vco_amp_mod_pid_only_wrapper_dupplReal_1_to_2_1_0.dcp' has been generated.
report_utilization: Time (s): cpu = 00:00:00.15 ; elapsed = 00:00:00.23 . Memory (MB): peak = 1451.820 ; gain = 0.000 ; free physical = 639 ; free virtual = 10163
INFO: [Common 17-206] Exiting Vivado at Wed May  9 11:34:56 2018...
