
*** Running vivado
    with args -log double_iq_pid_vco_convertComplexToReal_1_0.vds -m64 -product Vivado -mode batch -messageDb vivado.pb -notrace -source double_iq_pid_vco_convertComplexToReal_1_0.tcl


****** Vivado v2019.2 (64-bit)
  **** SW Build 2708876 on Wed Nov  6 21:39:14 MST 2019
  **** IP Build 2700528 on Thu Nov  7 00:09:20 MST 2019
    ** Copyright 1986-2019 Xilinx, Inc. All Rights Reserved.

source double_iq_pid_vco_convertComplexToReal_1_0.tcl -notrace
INFO: [IP_Flow 19-234] Refreshing IP repositories
INFO: [IP_Flow 19-1700] Loaded user IP repository '/home/bma/git/github/oscimpDigital/fpga_ip'.
INFO: [IP_Flow 19-2313] Loaded Vivado IP repository '/opt/Xilinx/Vivado/2019.2/data/ip'.
Command: synth_design -top double_iq_pid_vco_convertComplexToReal_1_0 -part xc7z010clg400-1 -mode out_of_context
Starting synth_design
Attempting to get a license for feature 'Synthesis' and/or device 'xc7z010'
INFO: [Common 17-349] Got license for feature 'Synthesis' and/or device 'xc7z010'
INFO: [Device 21-403] Loading part xc7z010clg400-1
INFO: Launching helper process for spawning children vivado processes
INFO: Helper process launched with PID 30240 
---------------------------------------------------------------------------------
Starting RTL Elaboration : Time (s): cpu = 00:00:14 ; elapsed = 00:00:21 . Memory (MB): peak = 1845.402 ; gain = 202.684 ; free physical = 1957 ; free virtual = 12185
---------------------------------------------------------------------------------
INFO: [Synth 8-638] synthesizing module 'double_iq_pid_vco_convertComplexToReal_1_0' [/home/bma/git/github/oscimpDigital/app/redpitaya/double_iq_pid_vco/design/tmp/double_iq_pid_vco.srcs/sources_1/bd/double_iq_pid_vco/ip/double_iq_pid_vco_convertComplexToReal_1_0/synth/double_iq_pid_vco_convertComplexToReal_1_0.vhd:77]
	Parameter DATA_SIZE bound to: 14 - type: integer 
INFO: [Synth 8-3491] module 'convertComplexToReal' declared at '/home/bma/git/github/oscimpDigital/app/redpitaya/double_iq_pid_vco/design/tmp/double_iq_pid_vco.srcs/sources_1/bd/double_iq_pid_vco/ipshared/1e98/hdl/convertComplexToReal.vhd:5' bound to instance 'U0' of component 'convertComplexToReal' [/home/bma/git/github/oscimpDigital/app/redpitaya/double_iq_pid_vco/design/tmp/double_iq_pid_vco.srcs/sources_1/bd/double_iq_pid_vco/ip/double_iq_pid_vco_convertComplexToReal_1_0/synth/double_iq_pid_vco_convertComplexToReal_1_0.vhd:125]
INFO: [Synth 8-638] synthesizing module 'convertComplexToReal' [/home/bma/git/github/oscimpDigital/app/redpitaya/double_iq_pid_vco/design/tmp/double_iq_pid_vco.srcs/sources_1/bd/double_iq_pid_vco/ipshared/1e98/hdl/convertComplexToReal.vhd:32]
	Parameter DATA_SIZE bound to: 14 - type: integer 
INFO: [Synth 8-256] done synthesizing module 'convertComplexToReal' (1#1) [/home/bma/git/github/oscimpDigital/app/redpitaya/double_iq_pid_vco/design/tmp/double_iq_pid_vco.srcs/sources_1/bd/double_iq_pid_vco/ipshared/1e98/hdl/convertComplexToReal.vhd:32]
INFO: [Synth 8-256] done synthesizing module 'double_iq_pid_vco_convertComplexToReal_1_0' (2#1) [/home/bma/git/github/oscimpDigital/app/redpitaya/double_iq_pid_vco/design/tmp/double_iq_pid_vco.srcs/sources_1/bd/double_iq_pid_vco/ip/double_iq_pid_vco_convertComplexToReal_1_0/synth/double_iq_pid_vco_convertComplexToReal_1_0.vhd:77]
---------------------------------------------------------------------------------
Finished RTL Elaboration : Time (s): cpu = 00:00:18 ; elapsed = 00:00:27 . Memory (MB): peak = 1910.121 ; gain = 267.402 ; free physical = 1963 ; free virtual = 12191
---------------------------------------------------------------------------------

Report Check Netlist: 
+------+------------------+-------+---------+-------+------------------+
|      |Item              |Errors |Warnings |Status |Description       |
+------+------------------+-------+---------+-------+------------------+
|1     |multi_driven_nets |      0|        0|Passed |Multi driven nets |
+------+------------------+-------+---------+-------+------------------+
---------------------------------------------------------------------------------
Start Handling Custom Attributes
---------------------------------------------------------------------------------
---------------------------------------------------------------------------------
Finished Handling Custom Attributes : Time (s): cpu = 00:00:20 ; elapsed = 00:00:29 . Memory (MB): peak = 1910.121 ; gain = 267.402 ; free physical = 1846 ; free virtual = 12081
---------------------------------------------------------------------------------
---------------------------------------------------------------------------------
Finished RTL Optimization Phase 1 : Time (s): cpu = 00:00:20 ; elapsed = 00:00:29 . Memory (MB): peak = 1910.121 ; gain = 267.402 ; free physical = 1846 ; free virtual = 12081
---------------------------------------------------------------------------------
Netlist sorting complete. Time (s): cpu = 00:00:00 ; elapsed = 00:00:00 . Memory (MB): peak = 1910.121 ; gain = 0.000 ; free physical = 1833 ; free virtual = 12068
INFO: [Project 1-570] Preparing netlist for logic optimization

Processing XDC Constraints
Initializing timing engine
Completed Processing XDC Constraints

Netlist sorting complete. Time (s): cpu = 00:00:00 ; elapsed = 00:00:00 . Memory (MB): peak = 1960.980 ; gain = 0.000 ; free physical = 1784 ; free virtual = 12012
INFO: [Project 1-111] Unisim Transformation Summary:
No Unisim elements were transformed.

WARNING: [Constraints 18-5210] No constraints selected for write.
Resolution: This message can indicate that there are no constraints for the design, or it can indicate that the used_in flags are set such that the constraints are ignored. This later case is used when running synth_design to not write synthesis constraints to the resulting checkpoint. Instead, project constraints are read when the synthesized design is opened.
Constraint Validation Runtime : Time (s): cpu = 00:00:00.26 ; elapsed = 00:00:00.52 . Memory (MB): peak = 1960.980 ; gain = 0.000 ; free physical = 1854 ; free virtual = 12082
---------------------------------------------------------------------------------
Finished Constraint Validation : Time (s): cpu = 00:00:38 ; elapsed = 00:00:53 . Memory (MB): peak = 1960.980 ; gain = 318.262 ; free physical = 2805 ; free virtual = 13031
---------------------------------------------------------------------------------
---------------------------------------------------------------------------------
Start Loading Part and Timing Information
---------------------------------------------------------------------------------
Loading part: xc7z010clg400-1
---------------------------------------------------------------------------------
Finished Loading Part and Timing Information : Time (s): cpu = 00:00:38 ; elapsed = 00:00:53 . Memory (MB): peak = 1960.980 ; gain = 318.262 ; free physical = 2805 ; free virtual = 13031
---------------------------------------------------------------------------------
---------------------------------------------------------------------------------
Start Applying 'set_property' XDC Constraints
---------------------------------------------------------------------------------
---------------------------------------------------------------------------------
Finished applying 'set_property' XDC Constraints : Time (s): cpu = 00:00:38 ; elapsed = 00:00:53 . Memory (MB): peak = 1960.980 ; gain = 318.262 ; free physical = 2808 ; free virtual = 13033
---------------------------------------------------------------------------------
---------------------------------------------------------------------------------
Finished RTL Optimization Phase 2 : Time (s): cpu = 00:00:38 ; elapsed = 00:00:53 . Memory (MB): peak = 1960.980 ; gain = 318.262 ; free physical = 2789 ; free virtual = 13014
---------------------------------------------------------------------------------

Report RTL Partitions: 
+-+--------------+------------+----------+
| |RTL Partition |Replication |Instances |
+-+--------------+------------+----------+
+-+--------------+------------+----------+
---------------------------------------------------------------------------------
Start RTL Component Statistics 
---------------------------------------------------------------------------------
Detailed RTL Component Info : 
---------------------------------------------------------------------------------
Finished RTL Component Statistics 
---------------------------------------------------------------------------------
---------------------------------------------------------------------------------
Start RTL Hierarchical Component Statistics 
---------------------------------------------------------------------------------
Hierarchical RTL Component report 
---------------------------------------------------------------------------------
Finished RTL Hierarchical Component Statistics
---------------------------------------------------------------------------------
---------------------------------------------------------------------------------
Start Part Resource Summary
---------------------------------------------------------------------------------
Part Resources:
DSPs: 80 (col length:40)
BRAMs: 120 (col length: RAMB18 40 RAMB36 20)
---------------------------------------------------------------------------------
Finished Part Resource Summary
---------------------------------------------------------------------------------
---------------------------------------------------------------------------------
Start Cross Boundary and Area Optimization
---------------------------------------------------------------------------------
Warning: Parallel synthesis criteria is not met 
WARNING: [Synth 8-3330] design double_iq_pid_vco_convertComplexToReal_1_0 has an empty top module
---------------------------------------------------------------------------------
Finished Cross Boundary and Area Optimization : Time (s): cpu = 00:00:41 ; elapsed = 00:00:56 . Memory (MB): peak = 1960.980 ; gain = 318.262 ; free physical = 2783 ; free virtual = 13012
---------------------------------------------------------------------------------

Report RTL Partitions: 
+-+--------------+------------+----------+
| |RTL Partition |Replication |Instances |
+-+--------------+------------+----------+
+-+--------------+------------+----------+
---------------------------------------------------------------------------------
Start Applying XDC Timing Constraints
---------------------------------------------------------------------------------
---------------------------------------------------------------------------------
Finished Applying XDC Timing Constraints : Time (s): cpu = 00:01:07 ; elapsed = 00:01:31 . Memory (MB): peak = 1972.980 ; gain = 330.262 ; free physical = 1717 ; free virtual = 11946
---------------------------------------------------------------------------------
---------------------------------------------------------------------------------
Start Timing Optimization
---------------------------------------------------------------------------------
---------------------------------------------------------------------------------
Finished Timing Optimization : Time (s): cpu = 00:01:07 ; elapsed = 00:01:31 . Memory (MB): peak = 1972.980 ; gain = 330.262 ; free physical = 1716 ; free virtual = 11945
---------------------------------------------------------------------------------

Report RTL Partitions: 
+-+--------------+------------+----------+
| |RTL Partition |Replication |Instances |
+-+--------------+------------+----------+
+-+--------------+------------+----------+
---------------------------------------------------------------------------------
Start Technology Mapping
---------------------------------------------------------------------------------
---------------------------------------------------------------------------------
Finished Technology Mapping : Time (s): cpu = 00:01:07 ; elapsed = 00:01:31 . Memory (MB): peak = 1982.996 ; gain = 340.277 ; free physical = 1712 ; free virtual = 11941
---------------------------------------------------------------------------------

Report RTL Partitions: 
+-+--------------+------------+----------+
| |RTL Partition |Replication |Instances |
+-+--------------+------------+----------+
+-+--------------+------------+----------+
---------------------------------------------------------------------------------
Start IO Insertion
---------------------------------------------------------------------------------
---------------------------------------------------------------------------------
Start Flattening Before IO Insertion
---------------------------------------------------------------------------------
---------------------------------------------------------------------------------
Finished Flattening Before IO Insertion
---------------------------------------------------------------------------------
---------------------------------------------------------------------------------
Start Final Netlist Cleanup
---------------------------------------------------------------------------------
---------------------------------------------------------------------------------
Finished Final Netlist Cleanup
---------------------------------------------------------------------------------
---------------------------------------------------------------------------------
Finished IO Insertion : Time (s): cpu = 00:01:19 ; elapsed = 00:01:43 . Memory (MB): peak = 1998.840 ; gain = 356.121 ; free physical = 1408 ; free virtual = 11635
---------------------------------------------------------------------------------
---------------------------------------------------------------------------------
Start Renaming Generated Instances
---------------------------------------------------------------------------------
---------------------------------------------------------------------------------
Finished Renaming Generated Instances : Time (s): cpu = 00:01:19 ; elapsed = 00:01:43 . Memory (MB): peak = 1998.840 ; gain = 356.121 ; free physical = 1408 ; free virtual = 11634
---------------------------------------------------------------------------------

Report RTL Partitions: 
+-+--------------+------------+----------+
| |RTL Partition |Replication |Instances |
+-+--------------+------------+----------+
+-+--------------+------------+----------+

Report Check Netlist: 
+------+------------------+-------+---------+-------+------------------+
|      |Item              |Errors |Warnings |Status |Description       |
+------+------------------+-------+---------+-------+------------------+
|1     |multi_driven_nets |      0|        0|Passed |Multi driven nets |
+------+------------------+-------+---------+-------+------------------+
---------------------------------------------------------------------------------
Start Rebuilding User Hierarchy
---------------------------------------------------------------------------------
---------------------------------------------------------------------------------
Finished Rebuilding User Hierarchy : Time (s): cpu = 00:01:19 ; elapsed = 00:01:43 . Memory (MB): peak = 1998.840 ; gain = 356.121 ; free physical = 1408 ; free virtual = 11634
---------------------------------------------------------------------------------
---------------------------------------------------------------------------------
Start Renaming Generated Ports
---------------------------------------------------------------------------------
---------------------------------------------------------------------------------
Finished Renaming Generated Ports : Time (s): cpu = 00:01:19 ; elapsed = 00:01:43 . Memory (MB): peak = 1998.840 ; gain = 356.121 ; free physical = 1407 ; free virtual = 11634
---------------------------------------------------------------------------------
---------------------------------------------------------------------------------
Start Handling Custom Attributes
---------------------------------------------------------------------------------
---------------------------------------------------------------------------------
Finished Handling Custom Attributes : Time (s): cpu = 00:01:19 ; elapsed = 00:01:43 . Memory (MB): peak = 1998.840 ; gain = 356.121 ; free physical = 1407 ; free virtual = 11633
---------------------------------------------------------------------------------
---------------------------------------------------------------------------------
Start Renaming Generated Nets
---------------------------------------------------------------------------------
---------------------------------------------------------------------------------
Finished Renaming Generated Nets : Time (s): cpu = 00:01:19 ; elapsed = 00:01:43 . Memory (MB): peak = 1998.840 ; gain = 356.121 ; free physical = 1406 ; free virtual = 11633
---------------------------------------------------------------------------------
---------------------------------------------------------------------------------
Start Writing Synthesis Report
---------------------------------------------------------------------------------

Report BlackBoxes: 
+-+--------------+----------+
| |BlackBox name |Instances |
+-+--------------+----------+
+-+--------------+----------+

Report Cell Usage: 
+-+-----+------+
| |Cell |Count |
+-+-----+------+
+-+-----+------+

Report Instance Areas: 
+------+---------+-------+------+
|      |Instance |Module |Cells |
+------+---------+-------+------+
|1     |top      |       |     0|
+------+---------+-------+------+
---------------------------------------------------------------------------------
Finished Writing Synthesis Report : Time (s): cpu = 00:01:19 ; elapsed = 00:01:43 . Memory (MB): peak = 1998.840 ; gain = 356.121 ; free physical = 1405 ; free virtual = 11632
---------------------------------------------------------------------------------
Synthesis finished with 0 errors, 0 critical warnings and 1 warnings.
Synthesis Optimization Runtime : Time (s): cpu = 00:01:14 ; elapsed = 00:01:37 . Memory (MB): peak = 1998.840 ; gain = 305.262 ; free physical = 1457 ; free virtual = 11683
Synthesis Optimization Complete : Time (s): cpu = 00:01:19 ; elapsed = 00:01:44 . Memory (MB): peak = 1998.848 ; gain = 356.121 ; free physical = 1457 ; free virtual = 11683
INFO: [Project 1-571] Translating synthesized netlist
Netlist sorting complete. Time (s): cpu = 00:00:00 ; elapsed = 00:00:00 . Memory (MB): peak = 1998.848 ; gain = 0.000 ; free physical = 1449 ; free virtual = 11675
INFO: [Project 1-570] Preparing netlist for logic optimization
INFO: [Opt 31-138] Pushed 0 inverter(s) to 0 load pin(s).
Netlist sorting complete. Time (s): cpu = 00:00:00 ; elapsed = 00:00:00 . Memory (MB): peak = 2006.777 ; gain = 0.000 ; free physical = 1252 ; free virtual = 11479
INFO: [Project 1-111] Unisim Transformation Summary:
No Unisim elements were transformed.

INFO: [Common 17-83] Releasing license: Synthesis
17 Infos, 2 Warnings, 0 Critical Warnings and 0 Errors encountered.
synth_design completed successfully
synth_design: Time (s): cpu = 00:01:48 ; elapsed = 00:02:16 . Memory (MB): peak = 2006.777 ; gain = 569.461 ; free physical = 1348 ; free virtual = 11574
Netlist sorting complete. Time (s): cpu = 00:00:00 ; elapsed = 00:00:00 . Memory (MB): peak = 2006.777 ; gain = 0.000 ; free physical = 1348 ; free virtual = 11574
WARNING: [Constraints 18-5210] No constraints selected for write.
Resolution: This message can indicate that there are no constraints for the design, or it can indicate that the used_in flags are set such that the constraints are ignored. This later case is used when running synth_design to not write synthesis constraints to the resulting checkpoint. Instead, project constraints are read when the synthesized design is opened.
INFO: [Common 17-1381] The checkpoint '/home/bma/git/github/oscimpDigital/app/redpitaya/double_iq_pid_vco/design/tmp/double_iq_pid_vco.runs/double_iq_pid_vco_convertComplexToReal_1_0_synth_1/double_iq_pid_vco_convertComplexToReal_1_0.dcp' has been generated.
WARNING: [Common 17-576] 'use_project_ipc' is deprecated. This option is deprecated and no longer used.
INFO: [Coretcl 2-1648] Added synthesis output to IP cache for IP double_iq_pid_vco_convertComplexToReal_1_0, cache-ID = 9ce498e7fd611095
Netlist sorting complete. Time (s): cpu = 00:00:00 ; elapsed = 00:00:00 . Memory (MB): peak = 2006.777 ; gain = 0.000 ; free physical = 1262 ; free virtual = 11482
WARNING: [Constraints 18-5210] No constraints selected for write.
Resolution: This message can indicate that there are no constraints for the design, or it can indicate that the used_in flags are set such that the constraints are ignored. This later case is used when running synth_design to not write synthesis constraints to the resulting checkpoint. Instead, project constraints are read when the synthesized design is opened.
INFO: [Common 17-1381] The checkpoint '/home/bma/git/github/oscimpDigital/app/redpitaya/double_iq_pid_vco/design/tmp/double_iq_pid_vco.runs/double_iq_pid_vco_convertComplexToReal_1_0_synth_1/double_iq_pid_vco_convertComplexToReal_1_0.dcp' has been generated.
INFO: [runtcl-4] Executing : report_utilization -file double_iq_pid_vco_convertComplexToReal_1_0_utilization_synth.rpt -pb double_iq_pid_vco_convertComplexToReal_1_0_utilization_synth.pb
INFO: [Common 17-206] Exiting Vivado at Fri May 15 18:44:05 2020...
