
*** Running vivado
    with args -log vco_only_wrapper_xlconstant_1_0.vds -m64 -product Vivado -mode batch -messageDb vivado.pb -notrace -source vco_only_wrapper_xlconstant_1_0.tcl

awk: symbol lookup error: awk: undefined symbol: mpfr_z_sub

****** Vivado v2016.4 (64-bit)
  **** SW Build 1733598 on Wed Dec 14 22:35:42 MST 2016
  **** IP Build 1731160 on Wed Dec 14 23:47:21 MST 2016
    ** Copyright 1986-2016 Xilinx, Inc. All Rights Reserved.

source vco_only_wrapper_xlconstant_1_0.tcl -notrace
awk: symbol lookup error: awk: undefined symbol: mpfr_z_sub
Starting RTL Elaboration : Time (s): cpu = 00:00:29 ; elapsed = 00:00:33 . Memory (MB): peak = 1112.266 ; gain = 181.086 ; free physical = 1479 ; free virtual = 12125
INFO: [Synth 8-638] synthesizing module 'vco_only_wrapper_xlconstant_1_0' [/home/bma/git/fpga_design/redpitaya/vco_only/vco_only.srcs/sources_1/bd/vco_only_wrapper/ip/vco_only_wrapper_xlconstant_1_0/sim/vco_only_wrapper_xlconstant_1_0.v:56]
INFO: [Synth 8-638] synthesizing module 'xlconstant' [/home/bma/git/fpga_design/redpitaya/vco_only/vco_only.srcs/sources_1/bd/vco_only_wrapper/ipshared/e147/xlconstant.v:23]
INFO: [Synth 8-256] done synthesizing module 'xlconstant' (1#1) [/home/bma/git/fpga_design/redpitaya/vco_only/vco_only.srcs/sources_1/bd/vco_only_wrapper/ipshared/e147/xlconstant.v:23]
INFO: [Synth 8-256] done synthesizing module 'vco_only_wrapper_xlconstant_1_0' (2#1) [/home/bma/git/fpga_design/redpitaya/vco_only/vco_only.srcs/sources_1/bd/vco_only_wrapper/ip/vco_only_wrapper_xlconstant_1_0/sim/vco_only_wrapper_xlconstant_1_0.v:56]
Finished RTL Elaboration : Time (s): cpu = 00:00:32 ; elapsed = 00:00:36 . Memory (MB): peak = 1152.734 ; gain = 221.555 ; free physical = 1381 ; free virtual = 12028
Finished RTL Optimization Phase 1 : Time (s): cpu = 00:00:32 ; elapsed = 00:00:36 . Memory (MB): peak = 1152.734 ; gain = 221.555 ; free physical = 1381 ; free virtual = 12028
INFO: [Device 21-403] Loading part xc7z010clg400-1
Constraint Validation Runtime : Time (s): cpu = 00:00:00.02 ; elapsed = 00:00:00.03 . Memory (MB): peak = 1391.887 ; gain = 1.000 ; free physical = 1073 ; free virtual = 11720
Finished Constraint Validation : Time (s): cpu = 00:01:02 ; elapsed = 00:01:08 . Memory (MB): peak = 1391.887 ; gain = 460.707 ; free physical = 989 ; free virtual = 11636
Finished Loading Part and Timing Information : Time (s): cpu = 00:01:02 ; elapsed = 00:01:08 . Memory (MB): peak = 1391.887 ; gain = 460.707 ; free physical = 989 ; free virtual = 11636
Finished applying 'set_property' XDC Constraints : Time (s): cpu = 00:01:02 ; elapsed = 00:01:08 . Memory (MB): peak = 1391.887 ; gain = 460.707 ; free physical = 989 ; free virtual = 11636
Finished RTL Optimization Phase 2 : Time (s): cpu = 00:01:02 ; elapsed = 00:01:08 . Memory (MB): peak = 1391.887 ; gain = 460.707 ; free physical = 989 ; free virtual = 11636
Finished Cross Boundary and Area Optimization : Time (s): cpu = 00:01:03 ; elapsed = 00:01:10 . Memory (MB): peak = 1391.887 ; gain = 460.707 ; free physical = 989 ; free virtual = 11635
Finished Applying XDC Timing Constraints : Time (s): cpu = 00:01:33 ; elapsed = 00:01:41 . Memory (MB): peak = 1435.887 ; gain = 504.707 ; free physical = 1628 ; free virtual = 12275
Finished Timing Optimization : Time (s): cpu = 00:01:33 ; elapsed = 00:01:41 . Memory (MB): peak = 1435.887 ; gain = 504.707 ; free physical = 1626 ; free virtual = 12273
Finished Technology Mapping : Time (s): cpu = 00:01:33 ; elapsed = 00:01:41 . Memory (MB): peak = 1445.902 ; gain = 514.723 ; free physical = 1615 ; free virtual = 12262
Finished IO Insertion : Time (s): cpu = 00:01:34 ; elapsed = 00:01:43 . Memory (MB): peak = 1445.902 ; gain = 514.723 ; free physical = 1611 ; free virtual = 12258
Finished Renaming Generated Instances : Time (s): cpu = 00:01:34 ; elapsed = 00:01:43 . Memory (MB): peak = 1445.902 ; gain = 514.723 ; free physical = 1611 ; free virtual = 12258
Finished Rebuilding User Hierarchy : Time (s): cpu = 00:01:34 ; elapsed = 00:01:43 . Memory (MB): peak = 1445.902 ; gain = 514.723 ; free physical = 1611 ; free virtual = 12258
Finished Renaming Generated Ports : Time (s): cpu = 00:01:34 ; elapsed = 00:01:43 . Memory (MB): peak = 1445.902 ; gain = 514.723 ; free physical = 1611 ; free virtual = 12258
Finished Handling Custom Attributes : Time (s): cpu = 00:01:34 ; elapsed = 00:01:43 . Memory (MB): peak = 1445.902 ; gain = 514.723 ; free physical = 1611 ; free virtual = 12258
Finished Renaming Generated Nets : Time (s): cpu = 00:01:34 ; elapsed = 00:01:43 . Memory (MB): peak = 1445.902 ; gain = 514.723 ; free physical = 1611 ; free virtual = 12258

Report Cell Usage: 
+-+-----+------+
| |Cell |Count |
+-+-----+------+
+-+-----+------+
Finished Writing Synthesis Report : Time (s): cpu = 00:01:34 ; elapsed = 00:01:43 . Memory (MB): peak = 1445.902 ; gain = 514.723 ; free physical = 1611 ; free virtual = 12258
synth_design: Time (s): cpu = 00:01:23 ; elapsed = 00:01:30 . Memory (MB): peak = 1457.902 ; gain = 426.219 ; free physical = 1604 ; free virtual = 12251
