
*** Running vivado
    with args -log double_pid_vco_wrapper_processing_system7_0_0.vds -m64 -product Vivado -mode batch -messageDb vivado.pb -notrace -source double_pid_vco_wrapper_processing_system7_0_0.tcl

awk: symbol lookup error: awk: undefined symbol: mpfr_z_sub

****** Vivado v2016.4 (64-bit)
  **** SW Build 1733598 on Wed Dec 14 22:35:42 MST 2016
  **** IP Build 1731160 on Wed Dec 14 23:47:21 MST 2016
    ** Copyright 1986-2016 Xilinx, Inc. All Rights Reserved.

source double_pid_vco_wrapper_processing_system7_0_0.tcl -notrace
awk: symbol lookup error: awk: undefined symbol: mpfr_z_sub
Starting RTL Elaboration : Time (s): cpu = 00:00:28 ; elapsed = 00:00:33 . Memory (MB): peak = 1122.266 ; gain = 191.086 ; free physical = 1031 ; free virtual = 12246
INFO: [Synth 8-638] synthesizing module 'double_pid_vco_wrapper_processing_system7_0_0' [/home/bma/git/fpga_design/redpitaya/double_pid_vco/double_pid_vco.srcs/sources_1/bd/double_pid_vco_wrapper/ip/double_pid_vco_wrapper_processing_system7_0_0/synth/double_pid_vco_wrapper_processing_system7_0_0.v:60]
INFO: [Synth 8-638] synthesizing module 'processing_system7_v5_5_processing_system7' [/home/bma/git/fpga_design/redpitaya/double_pid_vco/double_pid_vco.srcs/sources_1/bd/double_pid_vco_wrapper/ip/double_pid_vco_wrapper_processing_system7_0_0/hdl/verilog/processing_system7_v5_5_processing_system7.v:162]
INFO: [Synth 8-638] synthesizing module 'BUFG' [/opt/Xilinx/Vivado/2016.4/scripts/rt/data/unisim_comp.v:607]
INFO: [Synth 8-256] done synthesizing module 'BUFG' (1#1) [/opt/Xilinx/Vivado/2016.4/scripts/rt/data/unisim_comp.v:607]
INFO: [Synth 8-638] synthesizing module 'BIBUF' [/opt/Xilinx/Vivado/2016.4/scripts/rt/data/unisim_comp.v:268]
INFO: [Synth 8-256] done synthesizing module 'BIBUF' (2#1) [/opt/Xilinx/Vivado/2016.4/scripts/rt/data/unisim_comp.v:268]
INFO: [Synth 8-638] synthesizing module 'PS7' [/opt/Xilinx/Vivado/2016.4/scripts/rt/data/unisim_comp.v:33182]
INFO: [Synth 8-256] done synthesizing module 'PS7' (3#1) [/opt/Xilinx/Vivado/2016.4/scripts/rt/data/unisim_comp.v:33182]
INFO: [Synth 8-256] done synthesizing module 'processing_system7_v5_5_processing_system7' (4#1) [/home/bma/git/fpga_design/redpitaya/double_pid_vco/double_pid_vco.srcs/sources_1/bd/double_pid_vco_wrapper/ip/double_pid_vco_wrapper_processing_system7_0_0/hdl/verilog/processing_system7_v5_5_processing_system7.v:162]
INFO: [Synth 8-256] done synthesizing module 'double_pid_vco_wrapper_processing_system7_0_0' (5#1) [/home/bma/git/fpga_design/redpitaya/double_pid_vco/double_pid_vco.srcs/sources_1/bd/double_pid_vco_wrapper/ip/double_pid_vco_wrapper_processing_system7_0_0/synth/double_pid_vco_wrapper_processing_system7_0_0.v:60]
Finished RTL Elaboration : Time (s): cpu = 00:00:31 ; elapsed = 00:00:37 . Memory (MB): peak = 1162.734 ; gain = 231.555 ; free physical = 986 ; free virtual = 12201
Finished RTL Optimization Phase 1 : Time (s): cpu = 00:00:32 ; elapsed = 00:00:37 . Memory (MB): peak = 1162.734 ; gain = 231.555 ; free physical = 986 ; free virtual = 12201
INFO: [Device 21-403] Loading part xc7z010clg400-1
Constraint Validation Runtime : Time (s): cpu = 00:00:00.09 ; elapsed = 00:00:00.09 . Memory (MB): peak = 1426.410 ; gain = 0.000 ; free physical = 1119 ; free virtual = 12338
Finished Constraint Validation : Time (s): cpu = 00:01:04 ; elapsed = 00:01:17 . Memory (MB): peak = 1426.410 ; gain = 495.230 ; free physical = 843 ; free virtual = 12061
Finished Loading Part and Timing Information : Time (s): cpu = 00:01:04 ; elapsed = 00:01:17 . Memory (MB): peak = 1426.410 ; gain = 495.230 ; free physical = 843 ; free virtual = 12061
Finished applying 'set_property' XDC Constraints : Time (s): cpu = 00:01:05 ; elapsed = 00:01:20 . Memory (MB): peak = 1426.410 ; gain = 495.230 ; free physical = 802 ; free virtual = 12021
Finished RTL Optimization Phase 2 : Time (s): cpu = 00:01:07 ; elapsed = 00:01:22 . Memory (MB): peak = 1426.410 ; gain = 495.230 ; free physical = 775 ; free virtual = 11994
Finished Cross Boundary and Area Optimization : Time (s): cpu = 00:01:08 ; elapsed = 00:01:23 . Memory (MB): peak = 1442.426 ; gain = 511.246 ; free physical = 716 ; free virtual = 11934
Finished Applying XDC Timing Constraints : Time (s): cpu = 00:01:37 ; elapsed = 00:02:00 . Memory (MB): peak = 1626.426 ; gain = 695.246 ; free physical = 896 ; free virtual = 12116
Finished Timing Optimization : Time (s): cpu = 00:01:37 ; elapsed = 00:02:00 . Memory (MB): peak = 1646.434 ; gain = 715.254 ; free physical = 875 ; free virtual = 12095
Finished Technology Mapping : Time (s): cpu = 00:01:41 ; elapsed = 00:02:05 . Memory (MB): peak = 1654.441 ; gain = 723.262 ; free physical = 994 ; free virtual = 12215
Finished IO Insertion : Time (s): cpu = 00:01:46 ; elapsed = 00:02:12 . Memory (MB): peak = 1654.441 ; gain = 723.262 ; free physical = 1033 ; free virtual = 12256
Finished Renaming Generated Instances : Time (s): cpu = 00:01:47 ; elapsed = 00:02:12 . Memory (MB): peak = 1654.441 ; gain = 723.262 ; free physical = 1033 ; free virtual = 12256
Finished Rebuilding User Hierarchy : Time (s): cpu = 00:01:47 ; elapsed = 00:02:12 . Memory (MB): peak = 1654.441 ; gain = 723.262 ; free physical = 1033 ; free virtual = 12256
Finished Renaming Generated Ports : Time (s): cpu = 00:01:47 ; elapsed = 00:02:12 . Memory (MB): peak = 1654.441 ; gain = 723.262 ; free physical = 1033 ; free virtual = 12256
Finished Handling Custom Attributes : Time (s): cpu = 00:01:47 ; elapsed = 00:02:12 . Memory (MB): peak = 1654.441 ; gain = 723.262 ; free physical = 1033 ; free virtual = 12256
Finished Renaming Generated Nets : Time (s): cpu = 00:01:47 ; elapsed = 00:02:12 . Memory (MB): peak = 1654.441 ; gain = 723.262 ; free physical = 1033 ; free virtual = 12256

Report Cell Usage: 
+------+------+------+
|      |Cell  |Count |
+------+------+------+
|1     |BIBUF |   130|
|2     |BUFG  |     4|
|3     |LUT1  |   352|
|4     |PS7   |     1|
+------+------+------+
Finished Writing Synthesis Report : Time (s): cpu = 00:01:47 ; elapsed = 00:02:12 . Memory (MB): peak = 1654.441 ; gain = 723.262 ; free physical = 1033 ; free virtual = 12256
synth_design: Time (s): cpu = 00:01:43 ; elapsed = 00:02:10 . Memory (MB): peak = 1666.441 ; gain = 630.758 ; free physical = 881 ; free virtual = 12104
