Copyright 1986-2016 Xilinx, Inc. All Rights Reserved.
----------------------------------------------------------------------------------------------------------------------------------------------------------------------------------------
| Tool Version     : Vivado v.2016.4 (lin64) Build 1733598 Wed Dec 14 22:35:42 MST 2016
| Date             : Fri Apr 21 11:30:03 2017
| Host             : ux305 running 64-bit Debian GNU/Linux 9.0 (stretch)
| Command          : report_power -file double_pid_vco_wrapper_power_routed.rpt -pb double_pid_vco_wrapper_power_summary_routed.pb -rpx double_pid_vco_wrapper_power_routed.rpx
| Design           : double_pid_vco_wrapper
| Device           : xc7z010clg400-1
| Design State     : routed
| Grade            : commercial
| Process          : typical
| Characterization : Production
----------------------------------------------------------------------------------------------------------------------------------------------------------------------------------------

Power Report

Table of Contents
-----------------
1. Summary
1.1 On-Chip Components
1.2 Power Supply Summary
1.3 Confidence Level
2. Settings
2.1 Environment
2.2 Clock Constraints
3. Detailed Reports
3.1 By Hierarchy

1. Summary
----------

+--------------------------+-------+
| Total On-Chip Power (W)  | 1.639 |
| Dynamic (W)              | 1.503 |
| Device Static (W)        | 0.136 |
| Effective TJA (C/W)      | 11.5  |
| Max Ambient (C)          | 66.1  |
| Junction Temperature (C) | 43.9  |
| Confidence Level         | Low   |
| Setting File             | ---   |
| Simulation Activity File | ---   |
| Design Nets Matched      | NA    |
+--------------------------+-------+


1.1 On-Chip Components
----------------------

+-------------------------+-----------+----------+-----------+-----------------+
| On-Chip                 | Power (W) | Used     | Available | Utilization (%) |
+-------------------------+-----------+----------+-----------+-----------------+
| Clocks                  |     0.021 |       11 |       --- |             --- |
| Slice Logic             |     0.005 |     6456 |       --- |             --- |
|   LUT as Logic          |     0.004 |     2226 |     17600 |           12.65 |
|   CARRY4                |    <0.001 |      116 |      4400 |            2.64 |
|   Register              |    <0.001 |     3062 |     35200 |            8.70 |
|   LUT as Shift Register |    <0.001 |      110 |      6000 |            1.83 |
|   Others                |     0.000 |      364 |       --- |             --- |
| Signals                 |     0.008 |     4957 |       --- |             --- |
| Block RAM               |     0.010 |        4 |        60 |            6.67 |
| PLL                     |     0.102 |        1 |         2 |           50.00 |
| DSPs                    |     0.008 |        8 |        80 |           10.00 |
| I/O                     |     0.072 |       49 |       100 |           49.00 |
| PS7                     |     1.277 |        1 |       --- |             --- |
| Static Power            |     0.136 |          |           |                 |
| Total                   |     1.639 |          |           |                 |
+-------------------------+-----------+----------+-----------+-----------------+


1.2 Power Supply Summary
------------------------

+-----------+-------------+-----------+-------------+------------+
| Source    | Voltage (V) | Total (A) | Dynamic (A) | Static (A) |
+-----------+-------------+-----------+-------------+------------+
| Vccint    |       1.000 |     0.065 |       0.058 |      0.007 |
| Vccaux    |       1.800 |     0.066 |       0.054 |      0.012 |
| Vcco33    |       3.300 |     0.022 |       0.021 |      0.001 |
| Vcco25    |       2.500 |     0.001 |       0.000 |      0.001 |
| Vcco18    |       1.800 |     0.001 |       0.000 |      0.001 |
| Vcco15    |       1.500 |     0.001 |       0.000 |      0.001 |
| Vcco135   |       1.350 |     0.000 |       0.000 |      0.000 |
| Vcco12    |       1.200 |     0.000 |       0.000 |      0.000 |
| Vccaux_io |       1.800 |     0.000 |       0.000 |      0.000 |
| Vccbram   |       1.000 |     0.001 |       0.001 |      0.001 |
| MGTAVcc   |       1.000 |     0.000 |       0.000 |      0.000 |
| MGTAVtt   |       1.200 |     0.000 |       0.000 |      0.000 |
| MGTVccaux |       1.800 |     0.000 |       0.000 |      0.000 |
| Vccpint   |       1.000 |     0.693 |       0.663 |      0.029 |
| Vccpaux   |       1.800 |     0.038 |       0.027 |      0.010 |
| Vccpll    |       1.800 |     0.017 |       0.014 |      0.003 |
| Vcco_ddr  |       1.500 |     0.356 |       0.354 |      0.002 |
| Vcco_mio0 |       3.300 |     0.002 |       0.001 |      0.001 |
| Vcco_mio1 |       2.500 |     0.003 |       0.002 |      0.001 |
| Vccadc    |       1.800 |     0.020 |       0.000 |      0.020 |
+-----------+-------------+-----------+-------------+------------+


1.3 Confidence Level
--------------------

+-----------------------------+------------+--------------------------------------------------------+------------------------------------------------------------------------------------------------------------+
| User Input Data             | Confidence | Details                                                | Action                                                                                                     |
+-----------------------------+------------+--------------------------------------------------------+------------------------------------------------------------------------------------------------------------+
| Design implementation state | High       | Design is routed                                       |                                                                                                            |
| Clock nodes activity        | High       | User specified more than 95% of clocks                 |                                                                                                            |
| I/O nodes activity          | Low        | More than 75% of inputs are missing user specification | Provide missing input activity with simulation results or by editing the "By Resource Type -> I/Os" view   |
| Internal nodes activity     | Medium     | User specified less than 25% of internal nodes         | Provide missing internal nodes activity with simulation results or by editing the "By Resource Type" views |
| Device models               | High       | Device models are Production                           |                                                                                                            |
|                             |            |                                                        |                                                                                                            |
| Overall confidence level    | Low        |                                                        |                                                                                                            |
+-----------------------------+------------+--------------------------------------------------------+------------------------------------------------------------------------------------------------------------+


2. Settings
-----------

2.1 Environment
---------------

+-----------------------+------------------------+
| Ambient Temp (C)      | 25.0                   |
| ThetaJA (C/W)         | 11.5                   |
| Airflow (LFM)         | 250                    |
| Heat Sink             | none                   |
| ThetaSA (C/W)         | 0.0                    |
| Board Selection       | medium (10"x10")       |
| # of Board Layers     | 8to11 (8 to 11 Layers) |
| Board Temperature (C) | 25.0                   |
+-----------------------+------------------------+


2.2 Clock Constraints
---------------------

+--------------+--------------------------------------------------+-----------------+
| Clock        | Domain                                           | Constraint (ns) |
+--------------+--------------------------------------------------+-----------------+
| adc_clk      | adc_clk_p_i                                      |             8.0 |
| clk_fpga_0   | processing_system7_0/inst/FCLK_CLK_unbuffered[0] |             8.0 |
| dac_2clk_out | redpitaya_adc_dac_clk_0/inst/dac_2clk_out        |             4.0 |
| dac_2ph_out  | redpitaya_adc_dac_clk_0/inst/dac_2ph_out         |             4.0 |
| dac_clk_fb   | redpitaya_adc_dac_clk_0/inst/dac_clk_fb          |             8.0 |
| dac_clk_out  | redpitaya_adc_dac_clk_0/inst/dac_clk_out         |             8.0 |
+--------------+--------------------------------------------------+-----------------+


3. Detailed Reports
-------------------

3.1 By Hierarchy
----------------

+------------------------------------------------+-----------+
| Name                                           | Power (W) |
+------------------------------------------------+-----------+
| double_pid_vco_wrapper                         |     1.503 |
|   ad9767_0                                     |     0.004 |
|     inst                                       |     0.004 |
|   adc1_offset                                  |    <0.001 |
|     U0                                         |    <0.001 |
|       add_constHandComm                        |    <0.001 |
|       add_constLogic                           |    <0.001 |
|       wb_add_const_inst                        |    <0.001 |
|   adc2_offset                                  |    <0.001 |
|     U0                                         |    <0.001 |
|       add_constHandComm                        |    <0.001 |
|       add_constLogic                           |    <0.001 |
|       wb_add_const_inst                        |    <0.001 |
|   axi_interconnect_0                           |     0.008 |
|     s00_couplers                               |     0.004 |
|       auto_pc                                  |     0.004 |
|         inst                                   |     0.004 |
|           gen_axilite.gen_b2s_conv.axilite_b2s |     0.004 |
|             RD.ar_channel_0                    |    <0.001 |
|               ar_cmd_fsm_0                     |    <0.001 |
|               cmd_translator_0                 |    <0.001 |
|                 incr_cmd_0                     |    <0.001 |
|                 wrap_cmd_0                     |    <0.001 |
|             RD.r_channel_0                     |     0.001 |
|               rd_data_fifo_0                   |    <0.001 |
|               transaction_fifo_0               |    <0.001 |
|             SI_REG                             |     0.002 |
|               ar_pipe                          |    <0.001 |
|               aw_pipe                          |    <0.001 |
|               b_pipe                           |    <0.001 |
|               r_pipe                           |    <0.001 |
|             WR.aw_channel_0                    |    <0.001 |
|               aw_cmd_fsm_0                     |    <0.001 |
|               cmd_translator_0                 |    <0.001 |
|                 incr_cmd_0                     |    <0.001 |
|                 wrap_cmd_0                     |    <0.001 |
|             WR.b_channel_0                     |    <0.001 |
|               bid_fifo_0                       |    <0.001 |
|               bresp_fifo_0                     |    <0.001 |
|     tier2_xbar_0                               |    <0.001 |
|       inst                                     |    <0.001 |
|         gen_sasd.crossbar_sasd_0               |    <0.001 |
|           addr_arbiter_inst                    |    <0.001 |
|           gen_decerr.decerr_slave_inst         |    <0.001 |
|           reg_slice_r                          |    <0.001 |
|           splitter_ar                          |    <0.001 |
|           splitter_aw                          |    <0.001 |
|     tier2_xbar_1                               |    <0.001 |
|       inst                                     |    <0.001 |
|         gen_sasd.crossbar_sasd_0               |    <0.001 |
|           addr_arbiter_inst                    |    <0.001 |
|           gen_decerr.decerr_slave_inst         |    <0.001 |
|           reg_slice_r                          |    <0.001 |
|           splitter_ar                          |    <0.001 |
|           splitter_aw                          |    <0.001 |
|     tier2_xbar_2                               |    <0.001 |
|       inst                                     |    <0.001 |
|         gen_sasd.crossbar_sasd_0               |    <0.001 |
|           addr_arbiter_inst                    |    <0.001 |
|           gen_decerr.decerr_slave_inst         |    <0.001 |
|           reg_slice_r                          |    <0.001 |
|           splitter_ar                          |    <0.001 |
|           splitter_aw                          |    <0.001 |
|     xbar                                       |    <0.001 |
|       inst                                     |    <0.001 |
|         gen_sasd.crossbar_sasd_0               |    <0.001 |
|           addr_arbiter_inst                    |    <0.001 |
|           gen_decerr.decerr_slave_inst         |    <0.001 |
|           reg_slice_r                          |    <0.001 |
|           splitter_ar                          |    <0.001 |
|           splitter_aw                          |    <0.001 |
|   dds1_ampl                                    |    <0.001 |
|     U0                                         |    <0.001 |
|       add_constHandComm                        |    <0.001 |
|       add_constLogic                           |    <0.001 |
|       wb_add_const_inst                        |    <0.001 |
|   dds1_f0                                      |     0.001 |
|     U0                                         |     0.001 |
|       add_constHandComm                        |    <0.001 |
|       add_constLogic                           |    <0.001 |
|       wb_add_const_inst                        |    <0.001 |
|   dds1_nco                                     |     0.008 |
|     U0                                         |     0.008 |
|       handle_comm                              |    <0.001 |
|       nco_inst1                                |     0.007 |
|         rom_12.rom_inst                        |     0.005 |
|       wb_nco_inst                              |    <0.001 |
|   dds1_offset                                  |    <0.001 |
|     U0                                         |    <0.001 |
|       add_constHandComm                        |    <0.001 |
|       add_constLogic                           |    <0.001 |
|       wb_add_const_inst                        |    <0.001 |
|   dds1_range                                   |    <0.001 |
|     U0                                         |    <0.001 |
|       add_constHandComm                        |    <0.001 |
|       add_constLogic                           |    <0.001 |
|       wb_add_const_inst                        |    <0.001 |
|   dds2_ampl                                    |    <0.001 |
|     U0                                         |    <0.001 |
|       add_constHandComm                        |    <0.001 |
|       add_constLogic                           |    <0.001 |
|       wb_add_const_inst                        |    <0.001 |
|   dds2_f0                                      |     0.001 |
|     U0                                         |     0.001 |
|       add_constHandComm                        |    <0.001 |
|       add_constLogic                           |    <0.001 |
|       wb_add_const_inst                        |    <0.001 |
|   dds2_nco                                     |     0.008 |
|     U0                                         |     0.008 |
|       handle_comm                              |    <0.001 |
|       nco_inst1                                |     0.007 |
|         rom_12.rom_inst                        |     0.005 |
|       wb_nco_inst                              |    <0.001 |
|   dds2_offset                                  |    <0.001 |
|     U0                                         |    <0.001 |
|       add_constHandComm                        |    <0.001 |
|       add_constLogic                           |    <0.001 |
|       wb_add_const_inst                        |    <0.001 |
|   dds2_range                                   |    <0.001 |
|     U0                                         |    <0.001 |
|       add_constHandComm                        |    <0.001 |
|       add_constLogic                           |    <0.001 |
|       wb_add_const_inst                        |    <0.001 |
|   expanderReal_0_dds1                          |     0.000 |
|   expanderReal_0_dds2                          |     0.000 |
|   ltc2145_0                                    |    <0.001 |
|     U0                                         |    <0.001 |
|       ltc2145_capture_inst                     |    <0.001 |
|   pid1                                         |     0.005 |
|     U0                                         |     0.005 |
|       red_pitaya_pidv3Logic                    |     0.005 |
|   pid1_kd                                      |    <0.001 |
|     U0                                         |    <0.001 |
|       add_constHandComm                        |    <0.001 |
|       wb_add_const_inst                        |    <0.001 |
|   pid1_ki                                      |    <0.001 |
|     U0                                         |    <0.001 |
|       add_constHandComm                        |    <0.001 |
|       add_constLogic                           |    <0.001 |
|       wb_add_const_inst                        |    <0.001 |
|   pid1_kp                                      |    <0.001 |
|     U0                                         |    <0.001 |
|       add_constHandComm                        |    <0.001 |
|       add_constLogic                           |    <0.001 |
|       wb_add_const_inst                        |    <0.001 |
|   pid1_rst_int                                 |    <0.001 |
|     U0                                         |    <0.001 |
|       add_constHandComm                        |    <0.001 |
|       add_constLogic                           |    <0.001 |
|       wb_add_const_inst                        |    <0.001 |
|   pid1_setpoint                                |    <0.001 |
|     U0                                         |    <0.001 |
|       add_constHandComm                        |    <0.001 |
|       wb_add_const_inst                        |    <0.001 |
|   pid1_sign                                    |    <0.001 |
|     U0                                         |    <0.001 |
|       add_constHandComm                        |    <0.001 |
|       add_constLogic                           |    <0.001 |
|       wb_add_const_inst                        |    <0.001 |
|   pid2                                         |     0.005 |
|     U0                                         |     0.005 |
|       red_pitaya_pidv3Logic                    |     0.005 |
|   pid2_kd                                      |    <0.001 |
|     U0                                         |    <0.001 |
|       add_constHandComm                        |    <0.001 |
|       wb_add_const_inst                        |    <0.001 |
|   pid2_ki                                      |    <0.001 |
|     U0                                         |    <0.001 |
|       add_constHandComm                        |    <0.001 |
|       add_constLogic                           |    <0.001 |
|       wb_add_const_inst                        |    <0.001 |
|   pid2_kp                                      |    <0.001 |
|     U0                                         |    <0.001 |
|       add_constHandComm                        |    <0.001 |
|       add_constLogic                           |    <0.001 |
|       wb_add_const_inst                        |    <0.001 |
|   pid2_rst_int                                 |    <0.001 |
|     U0                                         |    <0.001 |
|       add_constHandComm                        |    <0.001 |
|       add_constLogic                           |    <0.001 |
|       wb_add_const_inst                        |    <0.001 |
|   pid2_setpoint                                |    <0.001 |
|     U0                                         |    <0.001 |
|       add_constHandComm                        |    <0.001 |
|       wb_add_const_inst                        |    <0.001 |
|   pid2_sign                                    |    <0.001 |
|     U0                                         |    <0.001 |
|       add_constHandComm                        |    <0.001 |
|       add_constLogic                           |    <0.001 |
|       wb_add_const_inst                        |    <0.001 |
|   proc_sys_reset_0                             |    <0.001 |
|     U0                                         |    <0.001 |
|       EXT_LPF                                  |    <0.001 |
|         ACTIVE_LOW_EXT.ACT_LO_EXT              |    <0.001 |
|       SEQ                                      |    <0.001 |
|         SEQ_COUNTER                            |    <0.001 |
|   processing_system7_0                         |     1.279 |
|     inst                                       |     1.279 |
|   redpitaya_adc_dac_clk_0                      |     0.104 |
|     inst                                       |     0.104 |
|   twoInMult_dds1_ampl                          |    <0.001 |
|     U0                                         |    <0.001 |
|   twoInMult_dds1_ampl1                         |    <0.001 |
|     U0                                         |    <0.001 |
|   twoInMult_dds1_range                         |     0.001 |
|     U0                                         |     0.001 |
|   twoInMult_dds2_range                         |     0.001 |
|     U0                                         |     0.001 |
|   xlconstant_0                                 |     0.000 |
|   xlslice_dds1                                 |     0.000 |
|   xlslice_dds2                                 |     0.000 |
+------------------------------------------------+-----------+


