
*** Running vivado
    with args -log demod_pid_vco_amp_mod_pid_only_wrapper_adder_substracter_dds_ampl_mod_0.vds -m64 -product Vivado -mode batch -messageDb vivado.pb -notrace -source demod_pid_vco_amp_mod_pid_only_wrapper_adder_substracter_dds_ampl_mod_0.tcl


****** Vivado v2016.4 (64-bit)
  **** SW Build 1733598 on Wed Dec 14 22:35:42 MST 2016
  **** IP Build 1731160 on Wed Dec 14 23:47:21 MST 2016
    ** Copyright 1986-2016 Xilinx, Inc. All Rights Reserved.

source demod_pid_vco_amp_mod_pid_only_wrapper_adder_substracter_dds_ampl_mod_0.tcl -notrace
Command: synth_design -top demod_pid_vco_amp_mod_pid_only_wrapper_adder_substracter_dds_ampl_mod_0 -part xc7z010clg400-1 -mode out_of_context
Starting synth_design
Attempting to get a license for feature 'Synthesis' and/or device 'xc7z010'
INFO: [Common 17-349] Got license for feature 'Synthesis' and/or device 'xc7z010'
INFO: Launching helper process for spawning children vivado processes
INFO: Helper process launched with PID 27007 
---------------------------------------------------------------------------------
Starting RTL Elaboration : Time (s): cpu = 00:00:26 ; elapsed = 00:00:30 . Memory (MB): peak = 1112.930 ; gain = 181.086 ; free physical = 564 ; free virtual = 8075
---------------------------------------------------------------------------------
INFO: [Synth 8-638] synthesizing module 'demod_pid_vco_amp_mod_pid_only_wrapper_adder_substracter_dds_ampl_mod_0' [/home/bma/git/fpga_design/redpitaya/demod_pid_vco_amp_mod_pid_only/demod_pid_vco_amp_mod_pid_only.srcs/sources_1/bd/demod_pid_vco_amp_mod_pid_only_wrapper/ip/demod_pid_vco_amp_mod_pid_only_wrapper_adder_substracter_dds_ampl_mod_0/synth/demod_pid_vco_amp_mod_pid_only_wrapper_adder_substracter_dds_ampl_mod_0.vhd:76]
	Parameter format bound to: signed - type: string 
	Parameter opp bound to: add - type: string 
	Parameter DATA_SIZE bound to: 14 - type: integer 
INFO: [Synth 8-3491] module 'adder_substracter' declared at '/home/bma/git/fpga_design/redpitaya/demod_pid_vco_amp_mod_pid_only/demod_pid_vco_amp_mod_pid_only.srcs/sources_1/bd/demod_pid_vco_amp_mod_pid_only_wrapper/ipshared/7e76/hdl/adder_substracter.vhd:5' bound to instance 'U0' of component 'adder_substracter' [/home/bma/git/fpga_design/redpitaya/demod_pid_vco_amp_mod_pid_only/demod_pid_vco_amp_mod_pid_only.srcs/sources_1/bd/demod_pid_vco_amp_mod_pid_only_wrapper/ip/demod_pid_vco_amp_mod_pid_only_wrapper_adder_substracter_dds_ampl_mod_0/synth/demod_pid_vco_amp_mod_pid_only_wrapper_adder_substracter_dds_ampl_mod_0.vhd:124]
INFO: [Synth 8-638] synthesizing module 'adder_substracter' [/home/bma/git/fpga_design/redpitaya/demod_pid_vco_amp_mod_pid_only/demod_pid_vco_amp_mod_pid_only.srcs/sources_1/bd/demod_pid_vco_amp_mod_pid_only_wrapper/ipshared/7e76/hdl/adder_substracter.vhd:32]
	Parameter format bound to: signed - type: string 
	Parameter opp bound to: add - type: string 
	Parameter DATA_SIZE bound to: 14 - type: integer 
INFO: [Synth 8-256] done synthesizing module 'adder_substracter' (1#1) [/home/bma/git/fpga_design/redpitaya/demod_pid_vco_amp_mod_pid_only/demod_pid_vco_amp_mod_pid_only.srcs/sources_1/bd/demod_pid_vco_amp_mod_pid_only_wrapper/ipshared/7e76/hdl/adder_substracter.vhd:32]
INFO: [Synth 8-256] done synthesizing module 'demod_pid_vco_amp_mod_pid_only_wrapper_adder_substracter_dds_ampl_mod_0' (2#1) [/home/bma/git/fpga_design/redpitaya/demod_pid_vco_amp_mod_pid_only/demod_pid_vco_amp_mod_pid_only.srcs/sources_1/bd/demod_pid_vco_amp_mod_pid_only_wrapper/ip/demod_pid_vco_amp_mod_pid_only_wrapper_adder_substracter_dds_ampl_mod_0/synth/demod_pid_vco_amp_mod_pid_only_wrapper_adder_substracter_dds_ampl_mod_0.vhd:76]
WARNING: [Synth 8-3331] design adder_substracter has unconnected port data2_rst_i
---------------------------------------------------------------------------------
Finished RTL Elaboration : Time (s): cpu = 00:00:29 ; elapsed = 00:00:33 . Memory (MB): peak = 1154.398 ; gain = 222.555 ; free physical = 502 ; free virtual = 8015
---------------------------------------------------------------------------------

Report Check Netlist: 
+------+------------------+-------+---------+-------+------------------+
|      |Item              |Errors |Warnings |Status |Description       |
+------+------------------+-------+---------+-------+------------------+
|1     |multi_driven_nets |      0|        0|Passed |Multi driven nets |
+------+------------------+-------+---------+-------+------------------+
---------------------------------------------------------------------------------
Finished RTL Optimization Phase 1 : Time (s): cpu = 00:00:29 ; elapsed = 00:00:33 . Memory (MB): peak = 1154.398 ; gain = 222.555 ; free physical = 498 ; free virtual = 8011
---------------------------------------------------------------------------------
INFO: [Device 21-403] Loading part xc7z010clg400-1
INFO: [Project 1-570] Preparing netlist for logic optimization

Processing XDC Constraints
Initializing timing engine
Completed Processing XDC Constraints

INFO: [Project 1-111] Unisim Transformation Summary:
No Unisim elements were transformed.

Constraint Validation Runtime : Time (s): cpu = 00:00:00.04 ; elapsed = 00:00:00.06 . Memory (MB): peak = 1484.844 ; gain = 0.000 ; free physical = 748 ; free virtual = 8261
---------------------------------------------------------------------------------
Finished Constraint Validation : Time (s): cpu = 00:00:57 ; elapsed = 00:01:06 . Memory (MB): peak = 1484.844 ; gain = 553.000 ; free physical = 1077 ; free virtual = 8592
---------------------------------------------------------------------------------
---------------------------------------------------------------------------------
Start Loading Part and Timing Information
---------------------------------------------------------------------------------
Loading part: xc7z010clg400-1
---------------------------------------------------------------------------------
Finished Loading Part and Timing Information : Time (s): cpu = 00:00:57 ; elapsed = 00:01:06 . Memory (MB): peak = 1484.844 ; gain = 553.000 ; free physical = 1077 ; free virtual = 8592
---------------------------------------------------------------------------------
---------------------------------------------------------------------------------
Start Applying 'set_property' XDC Constraints
---------------------------------------------------------------------------------
---------------------------------------------------------------------------------
Finished applying 'set_property' XDC Constraints : Time (s): cpu = 00:00:57 ; elapsed = 00:01:06 . Memory (MB): peak = 1484.844 ; gain = 553.000 ; free physical = 1077 ; free virtual = 8592
---------------------------------------------------------------------------------
---------------------------------------------------------------------------------
Finished RTL Optimization Phase 2 : Time (s): cpu = 00:00:58 ; elapsed = 00:01:07 . Memory (MB): peak = 1484.844 ; gain = 553.000 ; free physical = 1068 ; free virtual = 8583
---------------------------------------------------------------------------------

Report RTL Partitions: 
+-+--------------+------------+----------+
| |RTL Partition |Replication |Instances |
+-+--------------+------------+----------+
+-+--------------+------------+----------+
---------------------------------------------------------------------------------
Start RTL Component Statistics 
---------------------------------------------------------------------------------
Detailed RTL Component Info : 
+---Adders : 
	   2 Input     15 Bit       Adders := 1     
+---Registers : 
	               15 Bit    Registers := 1     
	               14 Bit    Registers := 4     
	                1 Bit    Registers := 12    
+---Muxes : 
	   2 Input      1 Bit        Muxes := 5     
---------------------------------------------------------------------------------
Finished RTL Component Statistics 
---------------------------------------------------------------------------------
---------------------------------------------------------------------------------
Start RTL Hierarchical Component Statistics 
---------------------------------------------------------------------------------
Hierarchical RTL Component report 
Module adder_substracter 
Detailed RTL Component Info : 
+---Adders : 
	   2 Input     15 Bit       Adders := 1     
+---Registers : 
	               15 Bit    Registers := 1     
	               14 Bit    Registers := 4     
	                1 Bit    Registers := 12    
+---Muxes : 
	   2 Input      1 Bit        Muxes := 5     
---------------------------------------------------------------------------------
Finished RTL Hierarchical Component Statistics
---------------------------------------------------------------------------------
---------------------------------------------------------------------------------
Start Part Resource Summary
---------------------------------------------------------------------------------
Part Resources:
DSPs: 80 (col length:40)
BRAMs: 120 (col length: RAMB18 40 RAMB36 20)
---------------------------------------------------------------------------------
Finished Part Resource Summary
---------------------------------------------------------------------------------
---------------------------------------------------------------------------------
Start Cross Boundary and Area Optimization
---------------------------------------------------------------------------------
WARNING: [Synth 8-3331] design demod_pid_vco_amp_mod_pid_only_wrapper_adder_substracter_dds_ampl_mod_0 has unconnected port data2_rst_i
---------------------------------------------------------------------------------
Finished Cross Boundary and Area Optimization : Time (s): cpu = 00:00:59 ; elapsed = 00:01:08 . Memory (MB): peak = 1484.844 ; gain = 553.000 ; free physical = 1041 ; free virtual = 8558
---------------------------------------------------------------------------------

Report RTL Partitions: 
+-+--------------+------------+----------+
| |RTL Partition |Replication |Instances |
+-+--------------+------------+----------+
+-+--------------+------------+----------+
---------------------------------------------------------------------------------
Start Timing Optimization
---------------------------------------------------------------------------------
---------------------------------------------------------------------------------
Start Applying XDC Timing Constraints
---------------------------------------------------------------------------------
---------------------------------------------------------------------------------
Finished Applying XDC Timing Constraints : Time (s): cpu = 00:01:25 ; elapsed = 00:01:37 . Memory (MB): peak = 1484.844 ; gain = 553.000 ; free physical = 642 ; free virtual = 8159
---------------------------------------------------------------------------------
---------------------------------------------------------------------------------
Finished Timing Optimization : Time (s): cpu = 00:01:25 ; elapsed = 00:01:37 . Memory (MB): peak = 1484.844 ; gain = 553.000 ; free physical = 642 ; free virtual = 8159
---------------------------------------------------------------------------------

Report RTL Partitions: 
+-+--------------+------------+----------+
| |RTL Partition |Replication |Instances |
+-+--------------+------------+----------+
+-+--------------+------------+----------+
---------------------------------------------------------------------------------
Start Technology Mapping
---------------------------------------------------------------------------------
---------------------------------------------------------------------------------
Finished Technology Mapping : Time (s): cpu = 00:01:25 ; elapsed = 00:01:37 . Memory (MB): peak = 1484.844 ; gain = 553.000 ; free physical = 624 ; free virtual = 8140
---------------------------------------------------------------------------------

Report RTL Partitions: 
+-+--------------+------------+----------+
| |RTL Partition |Replication |Instances |
+-+--------------+------------+----------+
+-+--------------+------------+----------+
---------------------------------------------------------------------------------
Start IO Insertion
---------------------------------------------------------------------------------
---------------------------------------------------------------------------------
Start Flattening Before IO Insertion
---------------------------------------------------------------------------------
---------------------------------------------------------------------------------
Finished Flattening Before IO Insertion
---------------------------------------------------------------------------------
---------------------------------------------------------------------------------
Start Final Netlist Cleanup
---------------------------------------------------------------------------------
---------------------------------------------------------------------------------
Finished Final Netlist Cleanup
---------------------------------------------------------------------------------
---------------------------------------------------------------------------------
Finished IO Insertion : Time (s): cpu = 00:01:27 ; elapsed = 00:01:38 . Memory (MB): peak = 1484.844 ; gain = 553.000 ; free physical = 582 ; free virtual = 8098
---------------------------------------------------------------------------------

Report Check Netlist: 
+------+------------------+-------+---------+-------+------------------+
|      |Item              |Errors |Warnings |Status |Description       |
+------+------------------+-------+---------+-------+------------------+
|1     |multi_driven_nets |      0|        0|Passed |Multi driven nets |
+------+------------------+-------+---------+-------+------------------+
---------------------------------------------------------------------------------
Start Renaming Generated Instances
---------------------------------------------------------------------------------
---------------------------------------------------------------------------------
Finished Renaming Generated Instances : Time (s): cpu = 00:01:27 ; elapsed = 00:01:38 . Memory (MB): peak = 1484.844 ; gain = 553.000 ; free physical = 581 ; free virtual = 8098
---------------------------------------------------------------------------------

Report RTL Partitions: 
+-+--------------+------------+----------+
| |RTL Partition |Replication |Instances |
+-+--------------+------------+----------+
+-+--------------+------------+----------+
---------------------------------------------------------------------------------
Start Rebuilding User Hierarchy
---------------------------------------------------------------------------------
---------------------------------------------------------------------------------
Finished Rebuilding User Hierarchy : Time (s): cpu = 00:01:27 ; elapsed = 00:01:38 . Memory (MB): peak = 1484.844 ; gain = 553.000 ; free physical = 581 ; free virtual = 8098
---------------------------------------------------------------------------------
---------------------------------------------------------------------------------
Start Renaming Generated Ports
---------------------------------------------------------------------------------
---------------------------------------------------------------------------------
Finished Renaming Generated Ports : Time (s): cpu = 00:01:27 ; elapsed = 00:01:38 . Memory (MB): peak = 1484.844 ; gain = 553.000 ; free physical = 581 ; free virtual = 8098
---------------------------------------------------------------------------------
---------------------------------------------------------------------------------
Start Handling Custom Attributes
---------------------------------------------------------------------------------
---------------------------------------------------------------------------------
Finished Handling Custom Attributes : Time (s): cpu = 00:01:27 ; elapsed = 00:01:38 . Memory (MB): peak = 1484.844 ; gain = 553.000 ; free physical = 578 ; free virtual = 8094
---------------------------------------------------------------------------------
---------------------------------------------------------------------------------
Start Renaming Generated Nets
---------------------------------------------------------------------------------
---------------------------------------------------------------------------------
Finished Renaming Generated Nets : Time (s): cpu = 00:01:27 ; elapsed = 00:01:38 . Memory (MB): peak = 1484.844 ; gain = 553.000 ; free physical = 578 ; free virtual = 8094
---------------------------------------------------------------------------------
---------------------------------------------------------------------------------
Start Writing Synthesis Report
---------------------------------------------------------------------------------

Report BlackBoxes: 
+-+--------------+----------+
| |BlackBox name |Instances |
+-+--------------+----------+
+-+--------------+----------+

Report Cell Usage: 
+------+-------+------+
|      |Cell   |Count |
+------+-------+------+
|1     |CARRY4 |     4|
|2     |LUT1   |     1|
|3     |LUT2   |    17|
|4     |LUT3   |     1|
|5     |LUT4   |     4|
|6     |LUT5   |     1|
|7     |LUT6   |     3|
|8     |FDRE   |    83|
+------+-------+------+

Report Instance Areas: 
+------+---------+------------------+------+
|      |Instance |Module            |Cells |
+------+---------+------------------+------+
|1     |top      |                  |   114|
|2     |  U0     |adder_substracter |   114|
+------+---------+------------------+------+
---------------------------------------------------------------------------------
Finished Writing Synthesis Report : Time (s): cpu = 00:01:27 ; elapsed = 00:01:38 . Memory (MB): peak = 1484.844 ; gain = 553.000 ; free physical = 578 ; free virtual = 8094
---------------------------------------------------------------------------------
Synthesis finished with 0 errors, 0 critical warnings and 1 warnings.
Synthesis Optimization Runtime : Time (s): cpu = 00:00:59 ; elapsed = 00:01:06 . Memory (MB): peak = 1484.844 ; gain = 109.465 ; free physical = 557 ; free virtual = 8075
Synthesis Optimization Complete : Time (s): cpu = 00:01:27 ; elapsed = 00:01:39 . Memory (MB): peak = 1484.852 ; gain = 553.008 ; free physical = 558 ; free virtual = 8076
INFO: [Project 1-571] Translating synthesized netlist
INFO: [Netlist 29-17] Analyzing 4 Unisim elements for replacement
INFO: [Netlist 29-28] Unisim Transformation completed in 0 CPU seconds
INFO: [Project 1-570] Preparing netlist for logic optimization
INFO: [Opt 31-138] Pushed 0 inverter(s) to 0 load pin(s).
INFO: [Project 1-111] Unisim Transformation Summary:
No Unisim elements were transformed.

INFO: [Common 17-83] Releasing license: Synthesis
16 Infos, 2 Warnings, 0 Critical Warnings and 0 Errors encountered.
synth_design completed successfully
synth_design: Time (s): cpu = 00:01:17 ; elapsed = 00:01:26 . Memory (MB): peak = 1484.852 ; gain = 452.504 ; free physical = 529 ; free virtual = 8045
INFO: [Common 17-1381] The checkpoint '/home/bma/git/fpga_design/redpitaya/demod_pid_vco_amp_mod_pid_only/demod_pid_vco_amp_mod_pid_only.runs/demod_pid_vco_amp_mod_pid_only_wrapper_adder_substracter_dds_ampl_mod_0_synth_1/demod_pid_vco_amp_mod_pid_only_wrapper_adder_substracter_dds_ampl_mod_0.dcp' has been generated.
INFO: [Common 17-1381] The checkpoint '/home/bma/git/fpga_design/redpitaya/demod_pid_vco_amp_mod_pid_only/demod_pid_vco_amp_mod_pid_only.runs/demod_pid_vco_amp_mod_pid_only_wrapper_adder_substracter_dds_ampl_mod_0_synth_1/demod_pid_vco_amp_mod_pid_only_wrapper_adder_substracter_dds_ampl_mod_0.dcp' has been generated.
report_utilization: Time (s): cpu = 00:00:00.13 ; elapsed = 00:00:00.18 . Memory (MB): peak = 1508.855 ; gain = 0.000 ; free physical = 502 ; free virtual = 8018
INFO: [Common 17-206] Exiting Vivado at Wed May 16 11:48:56 2018...
