
*** Running vivado
    with args -log demod_pid_vco_amp_mod_pid_only_wrapper_xlconstant_1_0.vds -m64 -product Vivado -mode batch -messageDb vivado.pb -notrace -source demod_pid_vco_amp_mod_pid_only_wrapper_xlconstant_1_0.tcl


****** Vivado v2016.4 (64-bit)
  **** SW Build 1733598 on Wed Dec 14 22:35:42 MST 2016
  **** IP Build 1731160 on Wed Dec 14 23:47:21 MST 2016
    ** Copyright 1986-2016 Xilinx, Inc. All Rights Reserved.

source demod_pid_vco_amp_mod_pid_only_wrapper_xlconstant_1_0.tcl -notrace
Starting RTL Elaboration : Time (s): cpu = 00:00:28 ; elapsed = 00:00:31 . Memory (MB): peak = 1115.934 ; gain = 184.086 ; free physical = 958 ; free virtual = 8360
INFO: [Synth 8-638] synthesizing module 'demod_pid_vco_amp_mod_pid_only_wrapper_xlconstant_1_0' [/home/bma/git/fpga_design/redpitaya/demod_pid_vco_amp_mod_pid_only/demod_pid_vco_amp_mod_pid_only.srcs/sources_1/bd/demod_pid_vco_amp_mod_pid_only_wrapper/ip/demod_pid_vco_amp_mod_pid_only_wrapper_xlconstant_1_0/sim/demod_pid_vco_amp_mod_pid_only_wrapper_xlconstant_1_0.v:56]
INFO: [Synth 8-638] synthesizing module 'xlconstant' [/home/bma/git/fpga_design/redpitaya/demod_pid_vco_amp_mod_pid_only/demod_pid_vco_amp_mod_pid_only.srcs/sources_1/bd/demod_pid_vco_amp_mod_pid_only_wrapper/ipshared/e147/xlconstant.v:23]
INFO: [Synth 8-256] done synthesizing module 'xlconstant' (1#1) [/home/bma/git/fpga_design/redpitaya/demod_pid_vco_amp_mod_pid_only/demod_pid_vco_amp_mod_pid_only.srcs/sources_1/bd/demod_pid_vco_amp_mod_pid_only_wrapper/ipshared/e147/xlconstant.v:23]
INFO: [Synth 8-256] done synthesizing module 'demod_pid_vco_amp_mod_pid_only_wrapper_xlconstant_1_0' (2#1) [/home/bma/git/fpga_design/redpitaya/demod_pid_vco_amp_mod_pid_only/demod_pid_vco_amp_mod_pid_only.srcs/sources_1/bd/demod_pid_vco_amp_mod_pid_only_wrapper/ip/demod_pid_vco_amp_mod_pid_only_wrapper_xlconstant_1_0/sim/demod_pid_vco_amp_mod_pid_only_wrapper_xlconstant_1_0.v:56]
Finished RTL Elaboration : Time (s): cpu = 00:00:30 ; elapsed = 00:00:34 . Memory (MB): peak = 1156.402 ; gain = 224.555 ; free physical = 997 ; free virtual = 8403
Finished RTL Optimization Phase 1 : Time (s): cpu = 00:00:31 ; elapsed = 00:00:35 . Memory (MB): peak = 1156.402 ; gain = 224.555 ; free physical = 1476 ; free virtual = 8882
INFO: [Device 21-403] Loading part xc7z010clg400-1
Constraint Validation Runtime : Time (s): cpu = 00:00:00.03 ; elapsed = 00:00:00.02 . Memory (MB): peak = 1396.848 ; gain = 0.000 ; free physical = 1002 ; free virtual = 8407
Finished Constraint Validation : Time (s): cpu = 00:00:59 ; elapsed = 00:01:07 . Memory (MB): peak = 1396.848 ; gain = 465.000 ; free physical = 797 ; free virtual = 8201
Finished Loading Part and Timing Information : Time (s): cpu = 00:00:59 ; elapsed = 00:01:07 . Memory (MB): peak = 1396.848 ; gain = 465.000 ; free physical = 816 ; free virtual = 8220
Finished applying 'set_property' XDC Constraints : Time (s): cpu = 00:00:59 ; elapsed = 00:01:07 . Memory (MB): peak = 1396.848 ; gain = 465.000 ; free physical = 816 ; free virtual = 8220
Finished RTL Optimization Phase 2 : Time (s): cpu = 00:00:59 ; elapsed = 00:01:07 . Memory (MB): peak = 1396.848 ; gain = 465.000 ; free physical = 816 ; free virtual = 8220
Finished Cross Boundary and Area Optimization : Time (s): cpu = 00:01:00 ; elapsed = 00:01:09 . Memory (MB): peak = 1396.848 ; gain = 465.000 ; free physical = 792 ; free virtual = 8196
Finished Applying XDC Timing Constraints : Time (s): cpu = 00:01:27 ; elapsed = 00:01:39 . Memory (MB): peak = 1440.848 ; gain = 509.000 ; free physical = 524 ; free virtual = 7929
Finished Timing Optimization : Time (s): cpu = 00:01:27 ; elapsed = 00:01:39 . Memory (MB): peak = 1440.848 ; gain = 509.000 ; free physical = 524 ; free virtual = 7929
Finished Technology Mapping : Time (s): cpu = 00:01:27 ; elapsed = 00:01:39 . Memory (MB): peak = 1450.863 ; gain = 519.016 ; free physical = 512 ; free virtual = 7917
Finished IO Insertion : Time (s): cpu = 00:01:29 ; elapsed = 00:01:41 . Memory (MB): peak = 1450.863 ; gain = 519.016 ; free physical = 467 ; free virtual = 7870
Finished Renaming Generated Instances : Time (s): cpu = 00:01:29 ; elapsed = 00:01:41 . Memory (MB): peak = 1450.863 ; gain = 519.016 ; free physical = 467 ; free virtual = 7870
Finished Rebuilding User Hierarchy : Time (s): cpu = 00:01:29 ; elapsed = 00:01:41 . Memory (MB): peak = 1450.863 ; gain = 519.016 ; free physical = 467 ; free virtual = 7870
Finished Renaming Generated Ports : Time (s): cpu = 00:01:29 ; elapsed = 00:01:41 . Memory (MB): peak = 1450.863 ; gain = 519.016 ; free physical = 467 ; free virtual = 7870
Finished Handling Custom Attributes : Time (s): cpu = 00:01:29 ; elapsed = 00:01:41 . Memory (MB): peak = 1450.863 ; gain = 519.016 ; free physical = 465 ; free virtual = 7868
Finished Renaming Generated Nets : Time (s): cpu = 00:01:29 ; elapsed = 00:01:41 . Memory (MB): peak = 1450.863 ; gain = 519.016 ; free physical = 465 ; free virtual = 7868

Report Cell Usage: 
+-+-----+------+
| |Cell |Count |
+-+-----+------+
+-+-----+------+
Finished Writing Synthesis Report : Time (s): cpu = 00:01:29 ; elapsed = 00:01:41 . Memory (MB): peak = 1450.863 ; gain = 519.016 ; free physical = 465 ; free virtual = 7868
synth_design: Time (s): cpu = 00:01:18 ; elapsed = 00:01:28 . Memory (MB): peak = 1462.863 ; gain = 429.512 ; free physical = 418 ; free virtual = 7823
