
*** Running vivado
    with args -log demod_pid_vco_amp_mod_pid_only_wrapper_expanderReal_0_ki_pid3_0.vds -m64 -product Vivado -mode batch -messageDb vivado.pb -notrace -source demod_pid_vco_amp_mod_pid_only_wrapper_expanderReal_0_ki_pid3_0.tcl


****** Vivado v2016.4 (64-bit)
  **** SW Build 1733598 on Wed Dec 14 22:35:42 MST 2016
  **** IP Build 1731160 on Wed Dec 14 23:47:21 MST 2016
    ** Copyright 1986-2016 Xilinx, Inc. All Rights Reserved.

source demod_pid_vco_amp_mod_pid_only_wrapper_expanderReal_0_ki_pid3_0.tcl -notrace
Command: synth_design -top demod_pid_vco_amp_mod_pid_only_wrapper_expanderReal_0_ki_pid3_0 -part xc7z010clg400-1 -mode out_of_context
Starting synth_design
Attempting to get a license for feature 'Synthesis' and/or device 'xc7z010'
INFO: [Common 17-349] Got license for feature 'Synthesis' and/or device 'xc7z010'
INFO: Launching helper process for spawning children vivado processes
INFO: Helper process launched with PID 23544 
---------------------------------------------------------------------------------
Starting RTL Elaboration : Time (s): cpu = 00:00:26 ; elapsed = 00:00:39 . Memory (MB): peak = 1111.938 ; gain = 180.086 ; free physical = 131 ; free virtual = 9259
---------------------------------------------------------------------------------
INFO: [Synth 8-638] synthesizing module 'demod_pid_vco_amp_mod_pid_only_wrapper_expanderReal_0_ki_pid3_0' [/home/bma/git/fpga_design/redpitaya/demod_pid_vco_amp_mod_pid_only/demod_pid_vco_amp_mod_pid_only.srcs/sources_1/bd/demod_pid_vco_amp_mod_pid_only_wrapper/ip/demod_pid_vco_amp_mod_pid_only_wrapper_expanderReal_0_ki_pid3_0/synth/demod_pid_vco_amp_mod_pid_only_wrapper_expanderReal_0_ki_pid3_0.vhd:71]
	Parameter format bound to: signed - type: string 
	Parameter DATA_IN_SIZE bound to: 14 - type: integer 
	Parameter DATA_OUT_SIZE bound to: 18 - type: integer 
INFO: [Synth 8-3491] module 'expanderReal' declared at '/home/bma/git/fpga_design/redpitaya/demod_pid_vco_amp_mod_pid_only/demod_pid_vco_amp_mod_pid_only.srcs/sources_1/bd/demod_pid_vco_amp_mod_pid_only_wrapper/ipshared/8279/hdl/expanderReal.vhd:5' bound to instance 'U0' of component 'expanderReal' [/home/bma/git/fpga_design/redpitaya/demod_pid_vco_amp_mod_pid_only/demod_pid_vco_amp_mod_pid_only.srcs/sources_1/bd/demod_pid_vco_amp_mod_pid_only_wrapper/ip/demod_pid_vco_amp_mod_pid_only_wrapper_expanderReal_0_ki_pid3_0/synth/demod_pid_vco_amp_mod_pid_only_wrapper_expanderReal_0_ki_pid3_0.vhd:109]
INFO: [Synth 8-638] synthesizing module 'expanderReal' [/home/bma/git/fpga_design/redpitaya/demod_pid_vco_amp_mod_pid_only/demod_pid_vco_amp_mod_pid_only.srcs/sources_1/bd/demod_pid_vco_amp_mod_pid_only_wrapper/ipshared/8279/hdl/expanderReal.vhd:26]
	Parameter format bound to: signed - type: string 
	Parameter DATA_IN_SIZE bound to: 14 - type: integer 
	Parameter DATA_OUT_SIZE bound to: 18 - type: integer 
INFO: [Synth 8-256] done synthesizing module 'expanderReal' (1#1) [/home/bma/git/fpga_design/redpitaya/demod_pid_vco_amp_mod_pid_only/demod_pid_vco_amp_mod_pid_only.srcs/sources_1/bd/demod_pid_vco_amp_mod_pid_only_wrapper/ipshared/8279/hdl/expanderReal.vhd:26]
INFO: [Synth 8-256] done synthesizing module 'demod_pid_vco_amp_mod_pid_only_wrapper_expanderReal_0_ki_pid3_0' (2#1) [/home/bma/git/fpga_design/redpitaya/demod_pid_vco_amp_mod_pid_only/demod_pid_vco_amp_mod_pid_only.srcs/sources_1/bd/demod_pid_vco_amp_mod_pid_only_wrapper/ip/demod_pid_vco_amp_mod_pid_only_wrapper_expanderReal_0_ki_pid3_0/synth/demod_pid_vco_amp_mod_pid_only_wrapper_expanderReal_0_ki_pid3_0.vhd:71]
---------------------------------------------------------------------------------
Finished RTL Elaboration : Time (s): cpu = 00:00:29 ; elapsed = 00:00:43 . Memory (MB): peak = 1152.406 ; gain = 220.555 ; free physical = 132 ; free virtual = 8936
---------------------------------------------------------------------------------

Report Check Netlist: 
+------+------------------+-------+---------+-------+------------------+
|      |Item              |Errors |Warnings |Status |Description       |
+------+------------------+-------+---------+-------+------------------+
|1     |multi_driven_nets |      0|        0|Passed |Multi driven nets |
+------+------------------+-------+---------+-------+------------------+
---------------------------------------------------------------------------------
Finished RTL Optimization Phase 1 : Time (s): cpu = 00:00:29 ; elapsed = 00:00:44 . Memory (MB): peak = 1152.406 ; gain = 220.555 ; free physical = 165 ; free virtual = 8932
---------------------------------------------------------------------------------
INFO: [Device 21-403] Loading part xc7z010clg400-1
INFO: [Project 1-570] Preparing netlist for logic optimization

Processing XDC Constraints
Initializing timing engine
Completed Processing XDC Constraints

INFO: [Project 1-111] Unisim Transformation Summary:
No Unisim elements were transformed.

Constraint Validation Runtime : Time (s): cpu = 00:00:00.02 ; elapsed = 00:00:00.03 . Memory (MB): peak = 1397.836 ; gain = 0.000 ; free physical = 131 ; free virtual = 8380
---------------------------------------------------------------------------------
Finished Constraint Validation : Time (s): cpu = 00:00:55 ; elapsed = 00:01:23 . Memory (MB): peak = 1397.836 ; gain = 465.984 ; free physical = 125 ; free virtual = 8379
---------------------------------------------------------------------------------
---------------------------------------------------------------------------------
Start Loading Part and Timing Information
---------------------------------------------------------------------------------
Loading part: xc7z010clg400-1
---------------------------------------------------------------------------------
Finished Loading Part and Timing Information : Time (s): cpu = 00:00:55 ; elapsed = 00:01:23 . Memory (MB): peak = 1397.836 ; gain = 465.984 ; free physical = 125 ; free virtual = 8379
---------------------------------------------------------------------------------
---------------------------------------------------------------------------------
Start Applying 'set_property' XDC Constraints
---------------------------------------------------------------------------------
---------------------------------------------------------------------------------
Finished applying 'set_property' XDC Constraints : Time (s): cpu = 00:00:55 ; elapsed = 00:01:23 . Memory (MB): peak = 1397.836 ; gain = 465.984 ; free physical = 120 ; free virtual = 8373
---------------------------------------------------------------------------------
---------------------------------------------------------------------------------
Finished RTL Optimization Phase 2 : Time (s): cpu = 00:00:55 ; elapsed = 00:01:24 . Memory (MB): peak = 1397.836 ; gain = 465.984 ; free physical = 125 ; free virtual = 8363
---------------------------------------------------------------------------------

Report RTL Partitions: 
+-+--------------+------------+----------+
| |RTL Partition |Replication |Instances |
+-+--------------+------------+----------+
+-+--------------+------------+----------+
---------------------------------------------------------------------------------
Start RTL Component Statistics 
---------------------------------------------------------------------------------
Detailed RTL Component Info : 
---------------------------------------------------------------------------------
Finished RTL Component Statistics 
---------------------------------------------------------------------------------
---------------------------------------------------------------------------------
Start RTL Hierarchical Component Statistics 
---------------------------------------------------------------------------------
Hierarchical RTL Component report 
---------------------------------------------------------------------------------
Finished RTL Hierarchical Component Statistics
---------------------------------------------------------------------------------
---------------------------------------------------------------------------------
Start Part Resource Summary
---------------------------------------------------------------------------------
Part Resources:
DSPs: 80 (col length:40)
BRAMs: 120 (col length: RAMB18 40 RAMB36 20)
---------------------------------------------------------------------------------
Finished Part Resource Summary
---------------------------------------------------------------------------------
---------------------------------------------------------------------------------
Start Cross Boundary and Area Optimization
---------------------------------------------------------------------------------
WARNING: [Synth 8-3330] design demod_pid_vco_amp_mod_pid_only_wrapper_expanderReal_0_ki_pid3_0 has an empty top module
---------------------------------------------------------------------------------
Finished Cross Boundary and Area Optimization : Time (s): cpu = 00:00:56 ; elapsed = 00:01:25 . Memory (MB): peak = 1397.836 ; gain = 465.984 ; free physical = 147 ; free virtual = 8355
---------------------------------------------------------------------------------

Report RTL Partitions: 
+-+--------------+------------+----------+
| |RTL Partition |Replication |Instances |
+-+--------------+------------+----------+
+-+--------------+------------+----------+
---------------------------------------------------------------------------------
Start Timing Optimization
---------------------------------------------------------------------------------
---------------------------------------------------------------------------------
Start Applying XDC Timing Constraints
---------------------------------------------------------------------------------
---------------------------------------------------------------------------------
Finished Applying XDC Timing Constraints : Time (s): cpu = 00:01:22 ; elapsed = 00:01:56 . Memory (MB): peak = 1436.836 ; gain = 504.984 ; free physical = 135 ; free virtual = 8188
---------------------------------------------------------------------------------
---------------------------------------------------------------------------------
Finished Timing Optimization : Time (s): cpu = 00:01:22 ; elapsed = 00:01:56 . Memory (MB): peak = 1436.836 ; gain = 504.984 ; free physical = 135 ; free virtual = 8188
---------------------------------------------------------------------------------

Report RTL Partitions: 
+-+--------------+------------+----------+
| |RTL Partition |Replication |Instances |
+-+--------------+------------+----------+
+-+--------------+------------+----------+
---------------------------------------------------------------------------------
Start Technology Mapping
---------------------------------------------------------------------------------
---------------------------------------------------------------------------------
Finished Technology Mapping : Time (s): cpu = 00:01:22 ; elapsed = 00:01:56 . Memory (MB): peak = 1446.852 ; gain = 515.000 ; free physical = 123 ; free virtual = 8176
---------------------------------------------------------------------------------

Report RTL Partitions: 
+-+--------------+------------+----------+
| |RTL Partition |Replication |Instances |
+-+--------------+------------+----------+
+-+--------------+------------+----------+
---------------------------------------------------------------------------------
Start IO Insertion
---------------------------------------------------------------------------------
---------------------------------------------------------------------------------
Start Flattening Before IO Insertion
---------------------------------------------------------------------------------
---------------------------------------------------------------------------------
Finished Flattening Before IO Insertion
---------------------------------------------------------------------------------
---------------------------------------------------------------------------------
Start Final Netlist Cleanup
---------------------------------------------------------------------------------
---------------------------------------------------------------------------------
Finished Final Netlist Cleanup
---------------------------------------------------------------------------------
---------------------------------------------------------------------------------
Finished IO Insertion : Time (s): cpu = 00:01:23 ; elapsed = 00:01:58 . Memory (MB): peak = 1446.852 ; gain = 515.000 ; free physical = 115 ; free virtual = 8105
---------------------------------------------------------------------------------

Report Check Netlist: 
+------+------------------+-------+---------+-------+------------------+
|      |Item              |Errors |Warnings |Status |Description       |
+------+------------------+-------+---------+-------+------------------+
|1     |multi_driven_nets |      0|        0|Passed |Multi driven nets |
+------+------------------+-------+---------+-------+------------------+
---------------------------------------------------------------------------------
Start Renaming Generated Instances
---------------------------------------------------------------------------------
---------------------------------------------------------------------------------
Finished Renaming Generated Instances : Time (s): cpu = 00:01:23 ; elapsed = 00:01:58 . Memory (MB): peak = 1446.852 ; gain = 515.000 ; free physical = 108 ; free virtual = 8098
---------------------------------------------------------------------------------

Report RTL Partitions: 
+-+--------------+------------+----------+
| |RTL Partition |Replication |Instances |
+-+--------------+------------+----------+
+-+--------------+------------+----------+
---------------------------------------------------------------------------------
Start Rebuilding User Hierarchy
---------------------------------------------------------------------------------
---------------------------------------------------------------------------------
Finished Rebuilding User Hierarchy : Time (s): cpu = 00:01:23 ; elapsed = 00:01:58 . Memory (MB): peak = 1446.852 ; gain = 515.000 ; free physical = 108 ; free virtual = 8097
---------------------------------------------------------------------------------
---------------------------------------------------------------------------------
Start Renaming Generated Ports
---------------------------------------------------------------------------------
---------------------------------------------------------------------------------
Finished Renaming Generated Ports : Time (s): cpu = 00:01:23 ; elapsed = 00:01:58 . Memory (MB): peak = 1446.852 ; gain = 515.000 ; free physical = 108 ; free virtual = 8097
---------------------------------------------------------------------------------
---------------------------------------------------------------------------------
Start Handling Custom Attributes
---------------------------------------------------------------------------------
---------------------------------------------------------------------------------
Finished Handling Custom Attributes : Time (s): cpu = 00:01:24 ; elapsed = 00:01:58 . Memory (MB): peak = 1446.852 ; gain = 515.000 ; free physical = 122 ; free virtual = 8085
---------------------------------------------------------------------------------
---------------------------------------------------------------------------------
Start Renaming Generated Nets
---------------------------------------------------------------------------------
---------------------------------------------------------------------------------
Finished Renaming Generated Nets : Time (s): cpu = 00:01:24 ; elapsed = 00:01:58 . Memory (MB): peak = 1446.852 ; gain = 515.000 ; free physical = 122 ; free virtual = 8085
---------------------------------------------------------------------------------
---------------------------------------------------------------------------------
Start Writing Synthesis Report
---------------------------------------------------------------------------------

Report BlackBoxes: 
+-+--------------+----------+
| |BlackBox name |Instances |
+-+--------------+----------+
+-+--------------+----------+

Report Cell Usage: 
+-+-----+------+
| |Cell |Count |
+-+-----+------+
+-+-----+------+

Report Instance Areas: 
+------+---------+-------+------+
|      |Instance |Module |Cells |
+------+---------+-------+------+
|1     |top      |       |     0|
+------+---------+-------+------+
---------------------------------------------------------------------------------
Finished Writing Synthesis Report : Time (s): cpu = 00:01:24 ; elapsed = 00:01:59 . Memory (MB): peak = 1446.852 ; gain = 515.000 ; free physical = 131 ; free virtual = 8081
---------------------------------------------------------------------------------
Synthesis finished with 0 errors, 0 critical warnings and 1 warnings.
Synthesis Optimization Runtime : Time (s): cpu = 00:00:58 ; elapsed = 00:01:14 . Memory (MB): peak = 1446.852 ; gain = 157.480 ; free physical = 128 ; free virtual = 8080
Synthesis Optimization Complete : Time (s): cpu = 00:01:24 ; elapsed = 00:01:59 . Memory (MB): peak = 1446.859 ; gain = 515.008 ; free physical = 127 ; free virtual = 8080
INFO: [Project 1-571] Translating synthesized netlist
INFO: [Project 1-570] Preparing netlist for logic optimization
INFO: [Opt 31-138] Pushed 0 inverter(s) to 0 load pin(s).
INFO: [Project 1-111] Unisim Transformation Summary:
No Unisim elements were transformed.

INFO: [Common 17-83] Releasing license: Synthesis
14 Infos, 1 Warnings, 0 Critical Warnings and 0 Errors encountered.
synth_design completed successfully
synth_design: Time (s): cpu = 00:01:13 ; elapsed = 00:01:42 . Memory (MB): peak = 1451.852 ; gain = 420.496 ; free physical = 130 ; free virtual = 8077
INFO: [Common 17-1381] The checkpoint '/home/bma/git/fpga_design/redpitaya/demod_pid_vco_amp_mod_pid_only/demod_pid_vco_amp_mod_pid_only.runs/demod_pid_vco_amp_mod_pid_only_wrapper_expanderReal_0_ki_pid3_0_synth_1/demod_pid_vco_amp_mod_pid_only_wrapper_expanderReal_0_ki_pid3_0.dcp' has been generated.
INFO: [Common 17-1381] The checkpoint '/home/bma/git/fpga_design/redpitaya/demod_pid_vco_amp_mod_pid_only/demod_pid_vco_amp_mod_pid_only.runs/demod_pid_vco_amp_mod_pid_only_wrapper_expanderReal_0_ki_pid3_0_synth_1/demod_pid_vco_amp_mod_pid_only_wrapper_expanderReal_0_ki_pid3_0.dcp' has been generated.
report_utilization: Time (s): cpu = 00:00:00.14 ; elapsed = 00:00:00.33 . Memory (MB): peak = 1451.852 ; gain = 0.000 ; free physical = 119 ; free virtual = 8040
INFO: [Common 17-206] Exiting Vivado at Wed May 16 11:32:20 2018...
