Copyright 1986-2016 Xilinx, Inc. All Rights Reserved.
------------------------------------------------------------------------------------
| Tool Version : Vivado v.2016.4 (lin64) Build 1733598 Wed Dec 14 22:35:42 MST 2016
| Date         : Wed Aug 23 09:19:54 2017
| Host         : ux305 running 64-bit Debian GNU/Linux 9.1 (stretch)
| Command      : upgrade_ip
| Device       : xc7z010clg400-1
------------------------------------------------------------------------------------

Upgrade Log for IP 'pid_vco_pid_only_wrapper_pid2_0'

1. Summary
----------

SUCCESS in the update of pid_vco_pid_only_wrapper_pid2_0 (user.org:user:red_pitaya_pidv3:1.0 (Rev. 7)) to current project options.






Copyright 1986-2016 Xilinx, Inc. All Rights Reserved.
------------------------------------------------------------------------------------
| Tool Version : Vivado v.2016.4 (lin64) Build 1733598 Wed Dec 14 22:35:42 MST 2016
| Date         : Wed Aug 23 09:19:54 2017
| Host         : ux305 running 64-bit Debian GNU/Linux 9.1 (stretch)
| Command      : upgrade_ip
| Device       : xc7z010clg400-1
------------------------------------------------------------------------------------

Upgrade Log for IP 'pid_vco_pid_only_wrapper_pid1_0'

1. Summary
----------

SUCCESS in the update of pid_vco_pid_only_wrapper_pid1_0 (user.org:user:red_pitaya_pidv3:1.0 (Rev. 7)) to current project options.






Copyright 1986-2016 Xilinx, Inc. All Rights Reserved.
------------------------------------------------------------------------------------
| Tool Version : Vivado v.2016.4 (lin64) Build 1733598 Wed Dec 14 22:35:42 MST 2016
| Date         : Fri Jul  7 18:15:24 2017
| Host         : ux305 running 64-bit Debian GNU/Linux 9.0 (stretch)
| Command      : upgrade_ip
| Device       : xc7z010clg400-1
------------------------------------------------------------------------------------

Upgrade Log for IP 'pid_vco_pid_only_wrapper_pid2_0'

1. Summary
----------

SUCCESS in the upgrade of pid_vco_pid_only_wrapper_pid2_0 (user.org:user:red_pitaya_pidv3:1.0) from (Rev. 6) to (Rev. 7)






Copyright 1986-2016 Xilinx, Inc. All Rights Reserved.
------------------------------------------------------------------------------------
| Tool Version : Vivado v.2016.4 (lin64) Build 1733598 Wed Dec 14 22:35:42 MST 2016
| Date         : Fri Jul  7 18:15:24 2017
| Host         : ux305 running 64-bit Debian GNU/Linux 9.0 (stretch)
| Command      : upgrade_ip
| Device       : xc7z010clg400-1
------------------------------------------------------------------------------------

Upgrade Log for IP 'pid_vco_pid_only_wrapper_pid1_0'

1. Summary
----------

SUCCESS in the upgrade of pid_vco_pid_only_wrapper_pid1_0 (user.org:user:red_pitaya_pidv3:1.0) from (Rev. 6) to (Rev. 7)






Copyright 1986-2016 Xilinx, Inc. All Rights Reserved.
------------------------------------------------------------------------------------
| Tool Version : Vivado v.2016.4 (lin64) Build 1733598 Wed Dec 14 22:35:42 MST 2016
| Date         : Wed May 31 17:52:27 2017
| Host         : ux305 running 64-bit Debian GNU/Linux 9.0 (stretch)
| Command      : upgrade_ip
| Device       : xc7z010clg400-1
------------------------------------------------------------------------------------

Upgrade Log for IP 'pid_vco_pid_only_wrapper_pid2_0'

1. Summary
----------

SUCCESS in the update of pid_vco_pid_only_wrapper_pid2_0 (user.org:user:red_pitaya_pidv3:1.0 (Rev. 6)) to current project options.






Copyright 1986-2016 Xilinx, Inc. All Rights Reserved.
------------------------------------------------------------------------------------
| Tool Version : Vivado v.2016.4 (lin64) Build 1733598 Wed Dec 14 22:35:42 MST 2016
| Date         : Wed May 31 17:52:27 2017
| Host         : ux305 running 64-bit Debian GNU/Linux 9.0 (stretch)
| Command      : upgrade_ip
| Device       : xc7z010clg400-1
------------------------------------------------------------------------------------

Upgrade Log for IP 'pid_vco_pid_only_wrapper_pid1_0'

1. Summary
----------

SUCCESS in the update of pid_vco_pid_only_wrapper_pid1_0 (user.org:user:red_pitaya_pidv3:1.0 (Rev. 6)) to current project options.






Copyright 1986-2016 Xilinx, Inc. All Rights Reserved.
------------------------------------------------------------------------------------
| Tool Version : Vivado v.2016.4 (lin64) Build 1733598 Wed Dec 14 22:35:42 MST 2016
| Date         : Wed May 31 16:03:08 2017
| Host         : ux305 running 64-bit unknown
| Command      : upgrade_ip
| Device       : xc7z010clg400-1
------------------------------------------------------------------------------------

Upgrade Log for IP 'pid_vco_pid_only_wrapper_pid2_0'

1. Summary
----------

SUCCESS in the update of pid_vco_pid_only_wrapper_pid2_0 (user.org:user:red_pitaya_pidv3:1.0 (Rev. 6)) to current project options.






Copyright 1986-2016 Xilinx, Inc. All Rights Reserved.
------------------------------------------------------------------------------------
| Tool Version : Vivado v.2016.4 (lin64) Build 1733598 Wed Dec 14 22:35:42 MST 2016
| Date         : Wed May 31 16:03:08 2017
| Host         : ux305 running 64-bit unknown
| Command      : upgrade_ip
| Device       : xc7z010clg400-1
------------------------------------------------------------------------------------

Upgrade Log for IP 'pid_vco_pid_only_wrapper_pid1_0'

1. Summary
----------

SUCCESS in the update of pid_vco_pid_only_wrapper_pid1_0 (user.org:user:red_pitaya_pidv3:1.0 (Rev. 6)) to current project options.






Copyright 1986-2016 Xilinx, Inc. All Rights Reserved.
------------------------------------------------------------------------------------
| Tool Version : Vivado v.2016.4 (lin64) Build 1733598 Wed Dec 14 22:35:42 MST 2016
| Date         : Wed May 31 16:00:31 2017
| Host         : ux305 running 64-bit unknown
| Command      : upgrade_ip
| Device       : xc7z010clg400-1
------------------------------------------------------------------------------------

Upgrade Log for IP 'pid_vco_pid_only_wrapper_pid2_0'

1. Summary
----------

SUCCESS in the update of pid_vco_pid_only_wrapper_pid2_0 (user.org:user:red_pitaya_pidv3:1.0 (Rev. 6)) to current project options.






Copyright 1986-2016 Xilinx, Inc. All Rights Reserved.
------------------------------------------------------------------------------------
| Tool Version : Vivado v.2016.4 (lin64) Build 1733598 Wed Dec 14 22:35:42 MST 2016
| Date         : Wed May 31 16:00:31 2017
| Host         : ux305 running 64-bit unknown
| Command      : upgrade_ip
| Device       : xc7z010clg400-1
------------------------------------------------------------------------------------

Upgrade Log for IP 'pid_vco_pid_only_wrapper_pid1_0'

1. Summary
----------

SUCCESS in the update of pid_vco_pid_only_wrapper_pid1_0 (user.org:user:red_pitaya_pidv3:1.0 (Rev. 6)) to current project options.






Copyright 1986-2016 Xilinx, Inc. All Rights Reserved.
------------------------------------------------------------------------------------
| Tool Version : Vivado v.2016.4 (lin64) Build 1733598 Wed Dec 14 22:35:42 MST 2016
| Date         : Wed May 31 15:45:33 2017
| Host         : ux305 running 64-bit Debian GNU/Linux 9.0 (stretch)
| Command      : upgrade_ip
| Device       : xc7z010clg400-1
------------------------------------------------------------------------------------

Upgrade Log for IP 'pid_vco_pid_only_wrapper_pid2_0'

1. Summary
----------

SUCCESS in the update of pid_vco_pid_only_wrapper_pid2_0 (user.org:user:red_pitaya_pidv3:1.0 (Rev. 6)) to current project options.






Copyright 1986-2016 Xilinx, Inc. All Rights Reserved.
------------------------------------------------------------------------------------
| Tool Version : Vivado v.2016.4 (lin64) Build 1733598 Wed Dec 14 22:35:42 MST 2016
| Date         : Wed May 31 15:45:33 2017
| Host         : ux305 running 64-bit Debian GNU/Linux 9.0 (stretch)
| Command      : upgrade_ip
| Device       : xc7z010clg400-1
------------------------------------------------------------------------------------

Upgrade Log for IP 'pid_vco_pid_only_wrapper_pid1_0'

1. Summary
----------

SUCCESS in the update of pid_vco_pid_only_wrapper_pid1_0 (user.org:user:red_pitaya_pidv3:1.0 (Rev. 6)) to current project options.






Copyright 1986-2016 Xilinx, Inc. All Rights Reserved.
------------------------------------------------------------------------------------
| Tool Version : Vivado v.2016.4 (lin64) Build 1733598 Wed Dec 14 22:35:42 MST 2016
| Date         : Wed May 31 15:42:37 2017
| Host         : ux305 running 64-bit Debian GNU/Linux 9.0 (stretch)
| Command      : upgrade_ip
| Device       : xc7z010clg400-1
------------------------------------------------------------------------------------

Upgrade Log for IP 'pid_vco_pid_only_wrapper_pid2_0'

1. Summary
----------

SUCCESS in the update of pid_vco_pid_only_wrapper_pid2_0 (user.org:user:red_pitaya_pidv3:1.0 (Rev. 6)) to current project options.






Copyright 1986-2016 Xilinx, Inc. All Rights Reserved.
------------------------------------------------------------------------------------
| Tool Version : Vivado v.2016.4 (lin64) Build 1733598 Wed Dec 14 22:35:42 MST 2016
| Date         : Wed May 31 15:42:36 2017
| Host         : ux305 running 64-bit Debian GNU/Linux 9.0 (stretch)
| Command      : upgrade_ip
| Device       : xc7z010clg400-1
------------------------------------------------------------------------------------

Upgrade Log for IP 'pid_vco_pid_only_wrapper_pid1_0'

1. Summary
----------

SUCCESS in the update of pid_vco_pid_only_wrapper_pid1_0 (user.org:user:red_pitaya_pidv3:1.0 (Rev. 6)) to current project options.






Copyright 1986-2016 Xilinx, Inc. All Rights Reserved.
------------------------------------------------------------------------------------
| Tool Version : Vivado v.2016.4 (lin64) Build 1733598 Wed Dec 14 22:35:42 MST 2016
| Date         : Wed May 31 15:38:25 2017
| Host         : ux305 running 64-bit Debian GNU/Linux 9.0 (stretch)
| Command      : upgrade_ip
| Device       : xc7z010clg400-1
------------------------------------------------------------------------------------

Upgrade Log for IP 'pid_vco_pid_only_wrapper_pid2_0'

1. Summary
----------

SUCCESS in the update of pid_vco_pid_only_wrapper_pid2_0 (user.org:user:red_pitaya_pidv3:1.0 (Rev. 6)) to current project options.






Copyright 1986-2016 Xilinx, Inc. All Rights Reserved.
------------------------------------------------------------------------------------
| Tool Version : Vivado v.2016.4 (lin64) Build 1733598 Wed Dec 14 22:35:42 MST 2016
| Date         : Wed May 31 15:38:25 2017
| Host         : ux305 running 64-bit Debian GNU/Linux 9.0 (stretch)
| Command      : upgrade_ip
| Device       : xc7z010clg400-1
------------------------------------------------------------------------------------

Upgrade Log for IP 'pid_vco_pid_only_wrapper_pid1_0'

1. Summary
----------

SUCCESS in the update of pid_vco_pid_only_wrapper_pid1_0 (user.org:user:red_pitaya_pidv3:1.0 (Rev. 6)) to current project options.






Copyright 1986-2016 Xilinx, Inc. All Rights Reserved.
------------------------------------------------------------------------------------
| Tool Version : Vivado v.2016.4 (lin64) Build 1733598 Wed Dec 14 22:35:42 MST 2016
| Date         : Wed May 31 14:58:15 2017
| Host         : ux305 running 64-bit Debian GNU/Linux 9.0 (stretch)
| Command      : upgrade_ip
| Device       : xc7z010clg400-1
------------------------------------------------------------------------------------

Upgrade Log for IP 'pid_vco_pid_only_wrapper_pid2_0'

1. Summary
----------

SUCCESS in the update of pid_vco_pid_only_wrapper_pid2_0 (user.org:user:red_pitaya_pidv3:1.0 (Rev. 6)) to current project options.






Copyright 1986-2016 Xilinx, Inc. All Rights Reserved.
------------------------------------------------------------------------------------
| Tool Version : Vivado v.2016.4 (lin64) Build 1733598 Wed Dec 14 22:35:42 MST 2016
| Date         : Wed May 31 14:58:15 2017
| Host         : ux305 running 64-bit Debian GNU/Linux 9.0 (stretch)
| Command      : upgrade_ip
| Device       : xc7z010clg400-1
------------------------------------------------------------------------------------

Upgrade Log for IP 'pid_vco_pid_only_wrapper_pid1_0'

1. Summary
----------

SUCCESS in the update of pid_vco_pid_only_wrapper_pid1_0 (user.org:user:red_pitaya_pidv3:1.0 (Rev. 6)) to current project options.






Copyright 1986-2016 Xilinx, Inc. All Rights Reserved.
------------------------------------------------------------------------------------
| Tool Version : Vivado v.2016.4 (lin64) Build 1733598 Wed Dec 14 22:35:42 MST 2016
| Date         : Wed May 31 14:54:14 2017
| Host         : ux305 running 64-bit Debian GNU/Linux 9.0 (stretch)
| Command      : upgrade_ip
| Device       : xc7z010clg400-1
------------------------------------------------------------------------------------

Upgrade Log for IP 'pid_vco_pid_only_wrapper_pid2_0'

1. Summary
----------

SUCCESS in the update of pid_vco_pid_only_wrapper_pid2_0 (user.org:user:red_pitaya_pidv3:1.0 (Rev. 6)) to current project options.






Copyright 1986-2016 Xilinx, Inc. All Rights Reserved.
------------------------------------------------------------------------------------
| Tool Version : Vivado v.2016.4 (lin64) Build 1733598 Wed Dec 14 22:35:42 MST 2016
| Date         : Wed May 31 14:54:13 2017
| Host         : ux305 running 64-bit Debian GNU/Linux 9.0 (stretch)
| Command      : upgrade_ip
| Device       : xc7z010clg400-1
------------------------------------------------------------------------------------

Upgrade Log for IP 'pid_vco_pid_only_wrapper_pid1_0'

1. Summary
----------

SUCCESS in the update of pid_vco_pid_only_wrapper_pid1_0 (user.org:user:red_pitaya_pidv3:1.0 (Rev. 6)) to current project options.






Copyright 1986-2016 Xilinx, Inc. All Rights Reserved.
------------------------------------------------------------------------------------
| Tool Version : Vivado v.2016.4 (lin64) Build 1733598 Wed Dec 14 22:35:42 MST 2016
| Date         : Wed May 31 14:19:54 2017
| Host         : ux305 running 64-bit Debian GNU/Linux 9.0 (stretch)
| Command      : upgrade_ip
| Device       : xc7z010clg400-1
------------------------------------------------------------------------------------

Upgrade Log for IP 'pid_vco_pid_only_wrapper_pid2_0'

1. Summary
----------

SUCCESS in the update of pid_vco_pid_only_wrapper_pid2_0 (user.org:user:red_pitaya_pidv3:1.0 (Rev. 6)) to current project options.






Copyright 1986-2016 Xilinx, Inc. All Rights Reserved.
------------------------------------------------------------------------------------
| Tool Version : Vivado v.2016.4 (lin64) Build 1733598 Wed Dec 14 22:35:42 MST 2016
| Date         : Wed May 31 14:19:54 2017
| Host         : ux305 running 64-bit Debian GNU/Linux 9.0 (stretch)
| Command      : upgrade_ip
| Device       : xc7z010clg400-1
------------------------------------------------------------------------------------

Upgrade Log for IP 'pid_vco_pid_only_wrapper_pid1_0'

1. Summary
----------

SUCCESS in the update of pid_vco_pid_only_wrapper_pid1_0 (user.org:user:red_pitaya_pidv3:1.0 (Rev. 6)) to current project options.






Copyright 1986-2016 Xilinx, Inc. All Rights Reserved.
------------------------------------------------------------------------------------
| Tool Version : Vivado v.2016.4 (lin64) Build 1733598 Wed Dec 14 22:35:42 MST 2016
| Date         : Wed May 31 13:49:05 2017
| Host         : ux305 running 64-bit Debian GNU/Linux 9.0 (stretch)
| Command      : upgrade_ip
| Device       : xc7z010clg400-1
------------------------------------------------------------------------------------

Upgrade Log for IP 'pid_vco_pid_only_wrapper_pid2_0'

1. Summary
----------

SUCCESS in the update of pid_vco_pid_only_wrapper_pid2_0 (user.org:user:red_pitaya_pidv3:1.0 (Rev. 6)) to current project options.






Copyright 1986-2016 Xilinx, Inc. All Rights Reserved.
------------------------------------------------------------------------------------
| Tool Version : Vivado v.2016.4 (lin64) Build 1733598 Wed Dec 14 22:35:42 MST 2016
| Date         : Wed May 31 13:49:05 2017
| Host         : ux305 running 64-bit Debian GNU/Linux 9.0 (stretch)
| Command      : upgrade_ip
| Device       : xc7z010clg400-1
------------------------------------------------------------------------------------

Upgrade Log for IP 'pid_vco_pid_only_wrapper_pid1_0'

1. Summary
----------

SUCCESS in the update of pid_vco_pid_only_wrapper_pid1_0 (user.org:user:red_pitaya_pidv3:1.0 (Rev. 6)) to current project options.






Copyright 1986-2016 Xilinx, Inc. All Rights Reserved.
------------------------------------------------------------------------------------
| Tool Version : Vivado v.2016.4 (lin64) Build 1733598 Wed Dec 14 22:35:42 MST 2016
| Date         : Wed May 31 12:41:47 2017
| Host         : ux305 running 64-bit Debian GNU/Linux 9.0 (stretch)
| Command      : upgrade_ip
| Device       : xc7z010clg400-1
------------------------------------------------------------------------------------

Upgrade Log for IP 'pid_vco_pid_only_wrapper_pid2_0'

1. Summary
----------

SUCCESS in the update of pid_vco_pid_only_wrapper_pid2_0 (user.org:user:red_pitaya_pidv3:1.0 (Rev. 6)) to current project options.






Copyright 1986-2016 Xilinx, Inc. All Rights Reserved.
------------------------------------------------------------------------------------
| Tool Version : Vivado v.2016.4 (lin64) Build 1733598 Wed Dec 14 22:35:42 MST 2016
| Date         : Wed May 31 12:41:47 2017
| Host         : ux305 running 64-bit Debian GNU/Linux 9.0 (stretch)
| Command      : upgrade_ip
| Device       : xc7z010clg400-1
------------------------------------------------------------------------------------

Upgrade Log for IP 'pid_vco_pid_only_wrapper_pid1_0'

1. Summary
----------

SUCCESS in the update of pid_vco_pid_only_wrapper_pid1_0 (user.org:user:red_pitaya_pidv3:1.0 (Rev. 6)) to current project options.






Copyright 1986-2016 Xilinx, Inc. All Rights Reserved.
------------------------------------------------------------------------------------
| Tool Version : Vivado v.2016.4 (lin64) Build 1733598 Wed Dec 14 22:35:42 MST 2016
| Date         : Wed May 31 11:51:13 2017
| Host         : ux305 running 64-bit Debian GNU/Linux 9.0 (stretch)
| Command      : upgrade_ip
| Device       : xc7z010clg400-1
------------------------------------------------------------------------------------

Upgrade Log for IP 'pid_vco_pid_only_wrapper_pid2_0'

1. Summary
----------

SUCCESS in the update of pid_vco_pid_only_wrapper_pid2_0 (user.org:user:red_pitaya_pidv3:1.0 (Rev. 6)) to current project options.






Copyright 1986-2016 Xilinx, Inc. All Rights Reserved.
------------------------------------------------------------------------------------
| Tool Version : Vivado v.2016.4 (lin64) Build 1733598 Wed Dec 14 22:35:42 MST 2016
| Date         : Wed May 31 11:51:13 2017
| Host         : ux305 running 64-bit Debian GNU/Linux 9.0 (stretch)
| Command      : upgrade_ip
| Device       : xc7z010clg400-1
------------------------------------------------------------------------------------

Upgrade Log for IP 'pid_vco_pid_only_wrapper_pid1_0'

1. Summary
----------

SUCCESS in the update of pid_vco_pid_only_wrapper_pid1_0 (user.org:user:red_pitaya_pidv3:1.0 (Rev. 6)) to current project options.






Copyright 1986-2016 Xilinx, Inc. All Rights Reserved.
------------------------------------------------------------------------------------
| Tool Version : Vivado v.2016.4 (lin64) Build 1733598 Wed Dec 14 22:35:42 MST 2016
| Date         : Wed May 31 11:29:52 2017
| Host         : ux305 running 64-bit Debian GNU/Linux 9.0 (stretch)
| Command      : upgrade_ip
| Device       : xc7z010clg400-1
------------------------------------------------------------------------------------

Upgrade Log for IP 'pid_vco_pid_only_wrapper_pid2_0'

1. Summary
----------

SUCCESS in the update of pid_vco_pid_only_wrapper_pid2_0 (user.org:user:red_pitaya_pidv3:1.0 (Rev. 6)) to current project options.






Copyright 1986-2016 Xilinx, Inc. All Rights Reserved.
------------------------------------------------------------------------------------
| Tool Version : Vivado v.2016.4 (lin64) Build 1733598 Wed Dec 14 22:35:42 MST 2016
| Date         : Wed May 31 11:29:52 2017
| Host         : ux305 running 64-bit Debian GNU/Linux 9.0 (stretch)
| Command      : upgrade_ip
| Device       : xc7z010clg400-1
------------------------------------------------------------------------------------

Upgrade Log for IP 'pid_vco_pid_only_wrapper_pid1_0'

1. Summary
----------

SUCCESS in the update of pid_vco_pid_only_wrapper_pid1_0 (user.org:user:red_pitaya_pidv3:1.0 (Rev. 6)) to current project options.






Copyright 1986-2016 Xilinx, Inc. All Rights Reserved.
------------------------------------------------------------------------------------
| Tool Version : Vivado v.2016.4 (lin64) Build 1733598 Wed Dec 14 22:35:42 MST 2016
| Date         : Wed May 31 11:22:37 2017
| Host         : ux305 running 64-bit Debian GNU/Linux 9.0 (stretch)
| Command      : upgrade_ip
| Device       : xc7z010clg400-1
------------------------------------------------------------------------------------

Upgrade Log for IP 'pid_vco_pid_only_wrapper_pid2_0'

1. Summary
----------

SUCCESS in the update of pid_vco_pid_only_wrapper_pid2_0 (user.org:user:red_pitaya_pidv3:1.0 (Rev. 6)) to current project options.






Copyright 1986-2016 Xilinx, Inc. All Rights Reserved.
------------------------------------------------------------------------------------
| Tool Version : Vivado v.2016.4 (lin64) Build 1733598 Wed Dec 14 22:35:42 MST 2016
| Date         : Wed May 31 11:22:37 2017
| Host         : ux305 running 64-bit Debian GNU/Linux 9.0 (stretch)
| Command      : upgrade_ip
| Device       : xc7z010clg400-1
------------------------------------------------------------------------------------

Upgrade Log for IP 'pid_vco_pid_only_wrapper_pid1_0'

1. Summary
----------

SUCCESS in the update of pid_vco_pid_only_wrapper_pid1_0 (user.org:user:red_pitaya_pidv3:1.0 (Rev. 6)) to current project options.

