
*** Running vivado
    with args -log pid_only_wrapper_xlslice_0_1.vds -m64 -product Vivado -mode batch -messageDb vivado.pb -notrace -source pid_only_wrapper_xlslice_0_1.tcl

awk: symbol lookup error: awk: undefined symbol: mpfr_z_sub

****** Vivado v2016.4 (64-bit)
  **** SW Build 1733598 on Wed Dec 14 22:35:42 MST 2016
  **** IP Build 1731160 on Wed Dec 14 23:47:21 MST 2016
    ** Copyright 1986-2016 Xilinx, Inc. All Rights Reserved.

source pid_only_wrapper_xlslice_0_1.tcl -notrace
awk: symbol lookup error: awk: undefined symbol: mpfr_z_sub
Starting RTL Elaboration : Time (s): cpu = 00:00:25 ; elapsed = 00:00:27 . Memory (MB): peak = 1113.266 ; gain = 182.086 ; free physical = 2348 ; free virtual = 12391
INFO: [Synth 8-638] synthesizing module 'pid_only_wrapper_xlslice_0_1' [/home/bma/git/fpga_design/redpitaya/pid_only/pid_only.srcs/sources_1/bd/pid_only_wrapper/ip/pid_only_wrapper_xlslice_0_1/synth/pid_only_wrapper_xlslice_0_1.v:57]
INFO: [Synth 8-638] synthesizing module 'xlslice' [/home/bma/git/fpga_design/redpitaya/pid_only/pid_only.srcs/sources_1/bd/pid_only_wrapper/ipshared/c49f/xlslice.v:14]
INFO: [Synth 8-256] done synthesizing module 'xlslice' (1#1) [/home/bma/git/fpga_design/redpitaya/pid_only/pid_only.srcs/sources_1/bd/pid_only_wrapper/ipshared/c49f/xlslice.v:14]
INFO: [Synth 8-256] done synthesizing module 'pid_only_wrapper_xlslice_0_1' (2#1) [/home/bma/git/fpga_design/redpitaya/pid_only/pid_only.srcs/sources_1/bd/pid_only_wrapper/ip/pid_only_wrapper_xlslice_0_1/synth/pid_only_wrapper_xlslice_0_1.v:57]
Finished RTL Elaboration : Time (s): cpu = 00:00:27 ; elapsed = 00:00:30 . Memory (MB): peak = 1154.734 ; gain = 223.555 ; free physical = 2243 ; free virtual = 12286
Finished RTL Optimization Phase 1 : Time (s): cpu = 00:00:27 ; elapsed = 00:00:31 . Memory (MB): peak = 1154.734 ; gain = 223.555 ; free physical = 2243 ; free virtual = 12286
INFO: [Device 21-403] Loading part xc7z010clg400-1
Constraint Validation Runtime : Time (s): cpu = 00:00:00.02 ; elapsed = 00:00:00.03 . Memory (MB): peak = 1397.902 ; gain = 1.000 ; free physical = 1806 ; free virtual = 11850
Finished Constraint Validation : Time (s): cpu = 00:00:52 ; elapsed = 00:00:58 . Memory (MB): peak = 1397.902 ; gain = 466.723 ; free physical = 1719 ; free virtual = 11762
Finished Loading Part and Timing Information : Time (s): cpu = 00:00:52 ; elapsed = 00:00:58 . Memory (MB): peak = 1397.902 ; gain = 466.723 ; free physical = 1719 ; free virtual = 11762
Finished applying 'set_property' XDC Constraints : Time (s): cpu = 00:00:52 ; elapsed = 00:00:58 . Memory (MB): peak = 1397.902 ; gain = 466.723 ; free physical = 1718 ; free virtual = 11761
Finished RTL Optimization Phase 2 : Time (s): cpu = 00:00:52 ; elapsed = 00:00:58 . Memory (MB): peak = 1397.902 ; gain = 466.723 ; free physical = 1717 ; free virtual = 11760
Finished Cross Boundary and Area Optimization : Time (s): cpu = 00:00:53 ; elapsed = 00:00:59 . Memory (MB): peak = 1397.902 ; gain = 466.723 ; free physical = 1705 ; free virtual = 11749
Finished Applying XDC Timing Constraints : Time (s): cpu = 00:01:19 ; elapsed = 00:01:29 . Memory (MB): peak = 1436.902 ; gain = 505.723 ; free physical = 3109 ; free virtual = 13118
Finished Timing Optimization : Time (s): cpu = 00:01:19 ; elapsed = 00:01:29 . Memory (MB): peak = 1436.902 ; gain = 505.723 ; free physical = 3109 ; free virtual = 13118
Finished Technology Mapping : Time (s): cpu = 00:01:19 ; elapsed = 00:01:29 . Memory (MB): peak = 1445.918 ; gain = 514.738 ; free physical = 3098 ; free virtual = 13108
Finished IO Insertion : Time (s): cpu = 00:01:20 ; elapsed = 00:01:30 . Memory (MB): peak = 1445.918 ; gain = 514.738 ; free physical = 3042 ; free virtual = 13073
Finished Renaming Generated Instances : Time (s): cpu = 00:01:20 ; elapsed = 00:01:30 . Memory (MB): peak = 1445.918 ; gain = 514.738 ; free physical = 3042 ; free virtual = 13073
Finished Rebuilding User Hierarchy : Time (s): cpu = 00:01:20 ; elapsed = 00:01:30 . Memory (MB): peak = 1445.918 ; gain = 514.738 ; free physical = 3042 ; free virtual = 13073
Finished Renaming Generated Ports : Time (s): cpu = 00:01:20 ; elapsed = 00:01:30 . Memory (MB): peak = 1445.918 ; gain = 514.738 ; free physical = 3042 ; free virtual = 13073
Finished Handling Custom Attributes : Time (s): cpu = 00:01:20 ; elapsed = 00:01:31 . Memory (MB): peak = 1445.918 ; gain = 514.738 ; free physical = 3040 ; free virtual = 13071
Finished Renaming Generated Nets : Time (s): cpu = 00:01:20 ; elapsed = 00:01:31 . Memory (MB): peak = 1445.918 ; gain = 514.738 ; free physical = 3040 ; free virtual = 13071

Report Cell Usage: 
+-+-----+------+
| |Cell |Count |
+-+-----+------+
+-+-----+------+
Finished Writing Synthesis Report : Time (s): cpu = 00:01:20 ; elapsed = 00:01:31 . Memory (MB): peak = 1445.918 ; gain = 514.738 ; free physical = 3040 ; free virtual = 13071
synth_design: Time (s): cpu = 00:01:11 ; elapsed = 00:01:20 . Memory (MB): peak = 1450.918 ; gain = 418.234 ; free physical = 3052 ; free virtual = 13065
