
*** Running vivado
    with args -log adc2dac_ram_offset_processing_system7_0_0.vds -m64 -product Vivado -mode batch -messageDb vivado.pb -notrace -source adc2dac_ram_offset_processing_system7_0_0.tcl

awk: symbol lookup error: awk: undefined symbol: mpfr_z_sub

****** Vivado v2016.4 (64-bit)
  **** SW Build 1733598 on Wed Dec 14 22:35:42 MST 2016
  **** IP Build 1731160 on Wed Dec 14 23:47:21 MST 2016
    ** Copyright 1986-2016 Xilinx, Inc. All Rights Reserved.

source adc2dac_ram_offset_processing_system7_0_0.tcl -notrace
awk: symbol lookup error: awk: undefined symbol: mpfr_z_sub
Starting RTL Elaboration : Time (s): cpu = 00:00:11 ; elapsed = 00:00:11 . Memory (MB): peak = 1122.266 ; gain = 191.086 ; free physical = 2680 ; free virtual = 13657
INFO: [Synth 8-638] synthesizing module 'adc2dac_ram_offset_processing_system7_0_0' [/home/bma/git/fpga_design/redpitaya/adc2dac_ram_offset/adc2dac_ram_offset.srcs/sources_1/bd/adc2dac_ram_offset/ip/adc2dac_ram_offset_processing_system7_0_0/synth/adc2dac_ram_offset_processing_system7_0_0.v:60]
INFO: [Synth 8-638] synthesizing module 'processing_system7_v5_5_processing_system7' [/home/bma/git/fpga_design/redpitaya/adc2dac_ram_offset/adc2dac_ram_offset.srcs/sources_1/bd/adc2dac_ram_offset/ip/adc2dac_ram_offset_processing_system7_0_0/hdl/verilog/processing_system7_v5_5_processing_system7.v:162]
INFO: [Synth 8-638] synthesizing module 'BUFG' [/opt/Xilinx/Vivado/2016.4/scripts/rt/data/unisim_comp.v:607]
INFO: [Synth 8-256] done synthesizing module 'BUFG' (1#1) [/opt/Xilinx/Vivado/2016.4/scripts/rt/data/unisim_comp.v:607]
INFO: [Synth 8-638] synthesizing module 'BIBUF' [/opt/Xilinx/Vivado/2016.4/scripts/rt/data/unisim_comp.v:268]
INFO: [Synth 8-256] done synthesizing module 'BIBUF' (2#1) [/opt/Xilinx/Vivado/2016.4/scripts/rt/data/unisim_comp.v:268]
INFO: [Synth 8-638] synthesizing module 'PS7' [/opt/Xilinx/Vivado/2016.4/scripts/rt/data/unisim_comp.v:33182]
INFO: [Synth 8-256] done synthesizing module 'PS7' (3#1) [/opt/Xilinx/Vivado/2016.4/scripts/rt/data/unisim_comp.v:33182]
INFO: [Synth 8-256] done synthesizing module 'processing_system7_v5_5_processing_system7' (4#1) [/home/bma/git/fpga_design/redpitaya/adc2dac_ram_offset/adc2dac_ram_offset.srcs/sources_1/bd/adc2dac_ram_offset/ip/adc2dac_ram_offset_processing_system7_0_0/hdl/verilog/processing_system7_v5_5_processing_system7.v:162]
INFO: [Synth 8-256] done synthesizing module 'adc2dac_ram_offset_processing_system7_0_0' (5#1) [/home/bma/git/fpga_design/redpitaya/adc2dac_ram_offset/adc2dac_ram_offset.srcs/sources_1/bd/adc2dac_ram_offset/ip/adc2dac_ram_offset_processing_system7_0_0/synth/adc2dac_ram_offset_processing_system7_0_0.v:60]
Finished RTL Elaboration : Time (s): cpu = 00:00:12 ; elapsed = 00:00:12 . Memory (MB): peak = 1163.734 ; gain = 232.555 ; free physical = 2637 ; free virtual = 13614
Finished RTL Optimization Phase 1 : Time (s): cpu = 00:00:12 ; elapsed = 00:00:13 . Memory (MB): peak = 1163.734 ; gain = 232.555 ; free physical = 2637 ; free virtual = 13614
INFO: [Device 21-403] Loading part xc7z010clg400-1
Constraint Validation Runtime : Time (s): cpu = 00:00:00.03 ; elapsed = 00:00:00.04 . Memory (MB): peak = 1427.426 ; gain = 0.000 ; free physical = 2449 ; free virtual = 13447
Finished Constraint Validation : Time (s): cpu = 00:00:25 ; elapsed = 00:00:25 . Memory (MB): peak = 1427.426 ; gain = 496.246 ; free physical = 2470 ; free virtual = 13448
Finished Loading Part and Timing Information : Time (s): cpu = 00:00:25 ; elapsed = 00:00:25 . Memory (MB): peak = 1427.426 ; gain = 496.246 ; free physical = 2470 ; free virtual = 13448
Finished applying 'set_property' XDC Constraints : Time (s): cpu = 00:00:26 ; elapsed = 00:00:26 . Memory (MB): peak = 1427.426 ; gain = 496.246 ; free physical = 2470 ; free virtual = 13448
Finished RTL Optimization Phase 2 : Time (s): cpu = 00:00:26 ; elapsed = 00:00:27 . Memory (MB): peak = 1427.426 ; gain = 496.246 ; free physical = 2463 ; free virtual = 13441
Finished Cross Boundary and Area Optimization : Time (s): cpu = 00:00:27 ; elapsed = 00:00:27 . Memory (MB): peak = 1443.441 ; gain = 512.262 ; free physical = 2440 ; free virtual = 13425
Finished Applying XDC Timing Constraints : Time (s): cpu = 00:00:38 ; elapsed = 00:00:39 . Memory (MB): peak = 1626.441 ; gain = 695.262 ; free physical = 2244 ; free virtual = 13237
Finished Timing Optimization : Time (s): cpu = 00:00:38 ; elapsed = 00:00:39 . Memory (MB): peak = 1646.449 ; gain = 715.270 ; free physical = 2224 ; free virtual = 13217
Finished Technology Mapping : Time (s): cpu = 00:00:40 ; elapsed = 00:00:40 . Memory (MB): peak = 1654.457 ; gain = 723.277 ; free physical = 2224 ; free virtual = 13209
Finished IO Insertion : Time (s): cpu = 00:00:42 ; elapsed = 00:00:42 . Memory (MB): peak = 1654.457 ; gain = 723.277 ; free physical = 2220 ; free virtual = 13207
Finished Renaming Generated Instances : Time (s): cpu = 00:00:42 ; elapsed = 00:00:42 . Memory (MB): peak = 1654.457 ; gain = 723.277 ; free physical = 2220 ; free virtual = 13207
Finished Rebuilding User Hierarchy : Time (s): cpu = 00:00:42 ; elapsed = 00:00:43 . Memory (MB): peak = 1654.457 ; gain = 723.277 ; free physical = 2220 ; free virtual = 13207
Finished Renaming Generated Ports : Time (s): cpu = 00:00:42 ; elapsed = 00:00:43 . Memory (MB): peak = 1654.457 ; gain = 723.277 ; free physical = 2220 ; free virtual = 13207
Finished Handling Custom Attributes : Time (s): cpu = 00:00:42 ; elapsed = 00:00:43 . Memory (MB): peak = 1654.457 ; gain = 723.277 ; free physical = 2220 ; free virtual = 13206
Finished Renaming Generated Nets : Time (s): cpu = 00:00:42 ; elapsed = 00:00:43 . Memory (MB): peak = 1654.457 ; gain = 723.277 ; free physical = 2219 ; free virtual = 13206

Report Cell Usage: 
+------+------+------+
|      |Cell  |Count |
+------+------+------+
|1     |BIBUF |   130|
|2     |BUFG  |     4|
|3     |LUT1  |   352|
|4     |PS7   |     1|
+------+------+------+
Finished Writing Synthesis Report : Time (s): cpu = 00:00:42 ; elapsed = 00:00:43 . Memory (MB): peak = 1654.457 ; gain = 723.277 ; free physical = 2219 ; free virtual = 13205
synth_design: Time (s): cpu = 00:00:40 ; elapsed = 00:00:40 . Memory (MB): peak = 1666.457 ; gain = 629.773 ; free physical = 2210 ; free virtual = 13194
