
*** Running vivado
    with args -log pid_vco_amp_mod_pid_only_wrapper_xbar_0.vds -m64 -product Vivado -mode batch -messageDb vivado.pb -notrace -source pid_vco_amp_mod_pid_only_wrapper_xbar_0.tcl


****** Vivado v2016.4 (64-bit)
  **** SW Build 1733598 on Wed Dec 14 22:35:42 MST 2016
  **** IP Build 1731160 on Wed Dec 14 23:47:21 MST 2016
    ** Copyright 1986-2016 Xilinx, Inc. All Rights Reserved.

source pid_vco_amp_mod_pid_only_wrapper_xbar_0.tcl -notrace
Starting RTL Elaboration : Time (s): cpu = 00:00:32 ; elapsed = 00:00:37 . Memory (MB): peak = 1129.930 ; gain = 198.086 ; free physical = 971 ; free virtual = 10599
INFO: [Synth 8-638] synthesizing module 'pid_vco_amp_mod_pid_only_wrapper_xbar_0' [/home/bma/git/fpga_design/redpitaya/pid_vco_amp_mod_pid_only/pid_vco_amp_mod_pid_only.srcs/sources_1/bd/pid_vco_amp_mod_pid_only_wrapper/ip/pid_vco_amp_mod_pid_only_wrapper_xbar_0/synth/pid_vco_amp_mod_pid_only_wrapper_xbar_0.v:59]
INFO: [Synth 8-638] synthesizing module 'axi_crossbar_v2_1_12_axi_crossbar' [/home/bma/git/fpga_design/redpitaya/pid_vco_amp_mod_pid_only/pid_vco_amp_mod_pid_only.srcs/sources_1/bd/pid_vco_amp_mod_pid_only_wrapper/ipshared/896d/hdl/axi_crossbar_v2_1_vl_rfs.v:4882]
INFO: [Synth 8-638] synthesizing module 'axi_crossbar_v2_1_12_crossbar_sasd' [/home/bma/git/fpga_design/redpitaya/pid_vco_amp_mod_pid_only/pid_vco_amp_mod_pid_only.srcs/sources_1/bd/pid_vco_amp_mod_pid_only_wrapper/ipshared/896d/hdl/axi_crossbar_v2_1_vl_rfs.v:1240]
INFO: [Synth 8-638] synthesizing module 'axi_crossbar_v2_1_12_addr_decoder' [/home/bma/git/fpga_design/redpitaya/pid_vco_amp_mod_pid_only/pid_vco_amp_mod_pid_only.srcs/sources_1/bd/pid_vco_amp_mod_pid_only_wrapper/ipshared/896d/hdl/axi_crossbar_v2_1_vl_rfs.v:794]
INFO: [Synth 8-638] synthesizing module 'generic_baseblocks_v2_1_0_comparator_static' [/home/bma/git/fpga_design/redpitaya/pid_vco_amp_mod_pid_only/pid_vco_amp_mod_pid_only.srcs/sources_1/bd/pid_vco_amp_mod_pid_only_wrapper/ipshared/7ee0/hdl/generic_baseblocks_v2_1_vl_rfs.v:2133]
INFO: [Synth 8-638] synthesizing module 'generic_baseblocks_v2_1_0_carry_and' [/home/bma/git/fpga_design/redpitaya/pid_vco_amp_mod_pid_only/pid_vco_amp_mod_pid_only.srcs/sources_1/bd/pid_vco_amp_mod_pid_only_wrapper/ipshared/7ee0/hdl/generic_baseblocks_v2_1_vl_rfs.v:62]
INFO: [Synth 8-256] done synthesizing module 'generic_baseblocks_v2_1_0_carry_and' (1#1) [/home/bma/git/fpga_design/redpitaya/pid_vco_amp_mod_pid_only/pid_vco_amp_mod_pid_only.srcs/sources_1/bd/pid_vco_amp_mod_pid_only_wrapper/ipshared/7ee0/hdl/generic_baseblocks_v2_1_vl_rfs.v:62]
INFO: [Synth 8-256] done synthesizing module 'generic_baseblocks_v2_1_0_comparator_static' (2#1) [/home/bma/git/fpga_design/redpitaya/pid_vco_amp_mod_pid_only/pid_vco_amp_mod_pid_only.srcs/sources_1/bd/pid_vco_amp_mod_pid_only_wrapper/ipshared/7ee0/hdl/generic_baseblocks_v2_1_vl_rfs.v:2133]
INFO: [Synth 8-638] synthesizing module 'generic_baseblocks_v2_1_0_comparator_static__parameterized0' [/home/bma/git/fpga_design/redpitaya/pid_vco_amp_mod_pid_only/pid_vco_amp_mod_pid_only.srcs/sources_1/bd/pid_vco_amp_mod_pid_only_wrapper/ipshared/7ee0/hdl/generic_baseblocks_v2_1_vl_rfs.v:2133]
INFO: [Synth 8-256] done synthesizing module 'generic_baseblocks_v2_1_0_comparator_static__parameterized0' (2#1) [/home/bma/git/fpga_design/redpitaya/pid_vco_amp_mod_pid_only/pid_vco_amp_mod_pid_only.srcs/sources_1/bd/pid_vco_amp_mod_pid_only_wrapper/ipshared/7ee0/hdl/generic_baseblocks_v2_1_vl_rfs.v:2133]
INFO: [Synth 8-638] synthesizing module 'generic_baseblocks_v2_1_0_comparator_static__parameterized1' [/home/bma/git/fpga_design/redpitaya/pid_vco_amp_mod_pid_only/pid_vco_amp_mod_pid_only.srcs/sources_1/bd/pid_vco_amp_mod_pid_only_wrapper/ipshared/7ee0/hdl/generic_baseblocks_v2_1_vl_rfs.v:2133]
INFO: [Synth 8-256] done synthesizing module 'generic_baseblocks_v2_1_0_comparator_static__parameterized1' (2#1) [/home/bma/git/fpga_design/redpitaya/pid_vco_amp_mod_pid_only/pid_vco_amp_mod_pid_only.srcs/sources_1/bd/pid_vco_amp_mod_pid_only_wrapper/ipshared/7ee0/hdl/generic_baseblocks_v2_1_vl_rfs.v:2133]
INFO: [Synth 8-638] synthesizing module 'generic_baseblocks_v2_1_0_comparator_static__parameterized2' [/home/bma/git/fpga_design/redpitaya/pid_vco_amp_mod_pid_only/pid_vco_amp_mod_pid_only.srcs/sources_1/bd/pid_vco_amp_mod_pid_only_wrapper/ipshared/7ee0/hdl/generic_baseblocks_v2_1_vl_rfs.v:2133]
INFO: [Synth 8-256] done synthesizing module 'generic_baseblocks_v2_1_0_comparator_static__parameterized2' (2#1) [/home/bma/git/fpga_design/redpitaya/pid_vco_amp_mod_pid_only/pid_vco_amp_mod_pid_only.srcs/sources_1/bd/pid_vco_amp_mod_pid_only_wrapper/ipshared/7ee0/hdl/generic_baseblocks_v2_1_vl_rfs.v:2133]
INFO: [Synth 8-638] synthesizing module 'generic_baseblocks_v2_1_0_comparator_static__parameterized3' [/home/bma/git/fpga_design/redpitaya/pid_vco_amp_mod_pid_only/pid_vco_amp_mod_pid_only.srcs/sources_1/bd/pid_vco_amp_mod_pid_only_wrapper/ipshared/7ee0/hdl/generic_baseblocks_v2_1_vl_rfs.v:2133]
INFO: [Synth 8-256] done synthesizing module 'generic_baseblocks_v2_1_0_comparator_static__parameterized3' (2#1) [/home/bma/git/fpga_design/redpitaya/pid_vco_amp_mod_pid_only/pid_vco_amp_mod_pid_only.srcs/sources_1/bd/pid_vco_amp_mod_pid_only_wrapper/ipshared/7ee0/hdl/generic_baseblocks_v2_1_vl_rfs.v:2133]
INFO: [Synth 8-638] synthesizing module 'generic_baseblocks_v2_1_0_comparator_static__parameterized4' [/home/bma/git/fpga_design/redpitaya/pid_vco_amp_mod_pid_only/pid_vco_amp_mod_pid_only.srcs/sources_1/bd/pid_vco_amp_mod_pid_only_wrapper/ipshared/7ee0/hdl/generic_baseblocks_v2_1_vl_rfs.v:2133]
INFO: [Synth 8-256] done synthesizing module 'generic_baseblocks_v2_1_0_comparator_static__parameterized4' (2#1) [/home/bma/git/fpga_design/redpitaya/pid_vco_amp_mod_pid_only/pid_vco_amp_mod_pid_only.srcs/sources_1/bd/pid_vco_amp_mod_pid_only_wrapper/ipshared/7ee0/hdl/generic_baseblocks_v2_1_vl_rfs.v:2133]
INFO: [Synth 8-638] synthesizing module 'generic_baseblocks_v2_1_0_comparator_static__parameterized5' [/home/bma/git/fpga_design/redpitaya/pid_vco_amp_mod_pid_only/pid_vco_amp_mod_pid_only.srcs/sources_1/bd/pid_vco_amp_mod_pid_only_wrapper/ipshared/7ee0/hdl/generic_baseblocks_v2_1_vl_rfs.v:2133]
INFO: [Synth 8-256] done synthesizing module 'generic_baseblocks_v2_1_0_comparator_static__parameterized5' (2#1) [/home/bma/git/fpga_design/redpitaya/pid_vco_amp_mod_pid_only/pid_vco_amp_mod_pid_only.srcs/sources_1/bd/pid_vco_amp_mod_pid_only_wrapper/ipshared/7ee0/hdl/generic_baseblocks_v2_1_vl_rfs.v:2133]
INFO: [Synth 8-638] synthesizing module 'generic_baseblocks_v2_1_0_comparator_static__parameterized6' [/home/bma/git/fpga_design/redpitaya/pid_vco_amp_mod_pid_only/pid_vco_amp_mod_pid_only.srcs/sources_1/bd/pid_vco_amp_mod_pid_only_wrapper/ipshared/7ee0/hdl/generic_baseblocks_v2_1_vl_rfs.v:2133]
INFO: [Synth 8-256] done synthesizing module 'generic_baseblocks_v2_1_0_comparator_static__parameterized6' (2#1) [/home/bma/git/fpga_design/redpitaya/pid_vco_amp_mod_pid_only/pid_vco_amp_mod_pid_only.srcs/sources_1/bd/pid_vco_amp_mod_pid_only_wrapper/ipshared/7ee0/hdl/generic_baseblocks_v2_1_vl_rfs.v:2133]
INFO: [Synth 8-638] synthesizing module 'generic_baseblocks_v2_1_0_comparator_static__parameterized7' [/home/bma/git/fpga_design/redpitaya/pid_vco_amp_mod_pid_only/pid_vco_amp_mod_pid_only.srcs/sources_1/bd/pid_vco_amp_mod_pid_only_wrapper/ipshared/7ee0/hdl/generic_baseblocks_v2_1_vl_rfs.v:2133]
INFO: [Synth 8-256] done synthesizing module 'generic_baseblocks_v2_1_0_comparator_static__parameterized7' (2#1) [/home/bma/git/fpga_design/redpitaya/pid_vco_amp_mod_pid_only/pid_vco_amp_mod_pid_only.srcs/sources_1/bd/pid_vco_amp_mod_pid_only_wrapper/ipshared/7ee0/hdl/generic_baseblocks_v2_1_vl_rfs.v:2133]
INFO: [Synth 8-638] synthesizing module 'generic_baseblocks_v2_1_0_comparator_static__parameterized8' [/home/bma/git/fpga_design/redpitaya/pid_vco_amp_mod_pid_only/pid_vco_amp_mod_pid_only.srcs/sources_1/bd/pid_vco_amp_mod_pid_only_wrapper/ipshared/7ee0/hdl/generic_baseblocks_v2_1_vl_rfs.v:2133]
INFO: [Synth 8-256] done synthesizing module 'generic_baseblocks_v2_1_0_comparator_static__parameterized8' (2#1) [/home/bma/git/fpga_design/redpitaya/pid_vco_amp_mod_pid_only/pid_vco_amp_mod_pid_only.srcs/sources_1/bd/pid_vco_amp_mod_pid_only_wrapper/ipshared/7ee0/hdl/generic_baseblocks_v2_1_vl_rfs.v:2133]
INFO: [Synth 8-256] done synthesizing module 'axi_crossbar_v2_1_12_addr_decoder' (3#1) [/home/bma/git/fpga_design/redpitaya/pid_vco_amp_mod_pid_only/pid_vco_amp_mod_pid_only.srcs/sources_1/bd/pid_vco_amp_mod_pid_only_wrapper/ipshared/896d/hdl/axi_crossbar_v2_1_vl_rfs.v:794]
INFO: [Synth 8-638] synthesizing module 'axi_crossbar_v2_1_12_decerr_slave' [/home/bma/git/fpga_design/redpitaya/pid_vco_amp_mod_pid_only/pid_vco_amp_mod_pid_only.srcs/sources_1/bd/pid_vco_amp_mod_pid_only_wrapper/ipshared/896d/hdl/axi_crossbar_v2_1_vl_rfs.v:3500]
INFO: [Synth 8-256] done synthesizing module 'axi_crossbar_v2_1_12_decerr_slave' (4#1) [/home/bma/git/fpga_design/redpitaya/pid_vco_amp_mod_pid_only/pid_vco_amp_mod_pid_only.srcs/sources_1/bd/pid_vco_amp_mod_pid_only_wrapper/ipshared/896d/hdl/axi_crossbar_v2_1_vl_rfs.v:3500]
INFO: [Synth 8-638] synthesizing module 'axi_crossbar_v2_1_12_addr_arbiter_sasd' [/home/bma/git/fpga_design/redpitaya/pid_vco_amp_mod_pid_only/pid_vco_amp_mod_pid_only.srcs/sources_1/bd/pid_vco_amp_mod_pid_only_wrapper/ipshared/896d/hdl/axi_crossbar_v2_1_vl_rfs.v:65]
INFO: [Synth 8-256] done synthesizing module 'axi_crossbar_v2_1_12_addr_arbiter_sasd' (5#1) [/home/bma/git/fpga_design/redpitaya/pid_vco_amp_mod_pid_only/pid_vco_amp_mod_pid_only.srcs/sources_1/bd/pid_vco_amp_mod_pid_only_wrapper/ipshared/896d/hdl/axi_crossbar_v2_1_vl_rfs.v:65]
INFO: [Synth 8-638] synthesizing module 'axi_crossbar_v2_1_12_splitter' [/home/bma/git/fpga_design/redpitaya/pid_vco_amp_mod_pid_only/pid_vco_amp_mod_pid_only.srcs/sources_1/bd/pid_vco_amp_mod_pid_only_wrapper/ipshared/896d/hdl/axi_crossbar_v2_1_vl_rfs.v:4459]
INFO: [Synth 8-256] done synthesizing module 'axi_crossbar_v2_1_12_splitter' (6#1) [/home/bma/git/fpga_design/redpitaya/pid_vco_amp_mod_pid_only/pid_vco_amp_mod_pid_only.srcs/sources_1/bd/pid_vco_amp_mod_pid_only_wrapper/ipshared/896d/hdl/axi_crossbar_v2_1_vl_rfs.v:4459]
INFO: [Synth 8-638] synthesizing module 'axi_crossbar_v2_1_12_splitter__parameterized0' [/home/bma/git/fpga_design/redpitaya/pid_vco_amp_mod_pid_only/pid_vco_amp_mod_pid_only.srcs/sources_1/bd/pid_vco_amp_mod_pid_only_wrapper/ipshared/896d/hdl/axi_crossbar_v2_1_vl_rfs.v:4459]
INFO: [Synth 8-256] done synthesizing module 'axi_crossbar_v2_1_12_splitter__parameterized0' (6#1) [/home/bma/git/fpga_design/redpitaya/pid_vco_amp_mod_pid_only/pid_vco_amp_mod_pid_only.srcs/sources_1/bd/pid_vco_amp_mod_pid_only_wrapper/ipshared/896d/hdl/axi_crossbar_v2_1_vl_rfs.v:4459]
INFO: [Synth 8-638] synthesizing module 'generic_baseblocks_v2_1_0_mux_enc' [/home/bma/git/fpga_design/redpitaya/pid_vco_amp_mod_pid_only/pid_vco_amp_mod_pid_only.srcs/sources_1/bd/pid_vco_amp_mod_pid_only_wrapper/ipshared/7ee0/hdl/generic_baseblocks_v2_1_vl_rfs.v:2452]
INFO: [Synth 8-256] done synthesizing module 'generic_baseblocks_v2_1_0_mux_enc' (7#1) [/home/bma/git/fpga_design/redpitaya/pid_vco_amp_mod_pid_only/pid_vco_amp_mod_pid_only.srcs/sources_1/bd/pid_vco_amp_mod_pid_only_wrapper/ipshared/7ee0/hdl/generic_baseblocks_v2_1_vl_rfs.v:2452]
INFO: [Synth 8-638] synthesizing module 'generic_baseblocks_v2_1_0_mux_enc__parameterized0' [/home/bma/git/fpga_design/redpitaya/pid_vco_amp_mod_pid_only/pid_vco_amp_mod_pid_only.srcs/sources_1/bd/pid_vco_amp_mod_pid_only_wrapper/ipshared/7ee0/hdl/generic_baseblocks_v2_1_vl_rfs.v:2452]
INFO: [Synth 8-256] done synthesizing module 'generic_baseblocks_v2_1_0_mux_enc__parameterized0' (7#1) [/home/bma/git/fpga_design/redpitaya/pid_vco_amp_mod_pid_only/pid_vco_amp_mod_pid_only.srcs/sources_1/bd/pid_vco_amp_mod_pid_only_wrapper/ipshared/7ee0/hdl/generic_baseblocks_v2_1_vl_rfs.v:2452]
INFO: [Synth 8-638] synthesizing module 'generic_baseblocks_v2_1_0_mux_enc__parameterized1' [/home/bma/git/fpga_design/redpitaya/pid_vco_amp_mod_pid_only/pid_vco_amp_mod_pid_only.srcs/sources_1/bd/pid_vco_amp_mod_pid_only_wrapper/ipshared/7ee0/hdl/generic_baseblocks_v2_1_vl_rfs.v:2452]
INFO: [Synth 8-256] done synthesizing module 'generic_baseblocks_v2_1_0_mux_enc__parameterized1' (7#1) [/home/bma/git/fpga_design/redpitaya/pid_vco_amp_mod_pid_only/pid_vco_amp_mod_pid_only.srcs/sources_1/bd/pid_vco_amp_mod_pid_only_wrapper/ipshared/7ee0/hdl/generic_baseblocks_v2_1_vl_rfs.v:2452]
INFO: [Synth 8-638] synthesizing module 'generic_baseblocks_v2_1_0_mux_enc__parameterized2' [/home/bma/git/fpga_design/redpitaya/pid_vco_amp_mod_pid_only/pid_vco_amp_mod_pid_only.srcs/sources_1/bd/pid_vco_amp_mod_pid_only_wrapper/ipshared/7ee0/hdl/generic_baseblocks_v2_1_vl_rfs.v:2452]
INFO: [Synth 8-256] done synthesizing module 'generic_baseblocks_v2_1_0_mux_enc__parameterized2' (7#1) [/home/bma/git/fpga_design/redpitaya/pid_vco_amp_mod_pid_only/pid_vco_amp_mod_pid_only.srcs/sources_1/bd/pid_vco_amp_mod_pid_only_wrapper/ipshared/7ee0/hdl/generic_baseblocks_v2_1_vl_rfs.v:2452]
INFO: [Synth 8-638] synthesizing module 'axi_register_slice_v2_1_11_axic_register_slice' [/home/bma/git/fpga_design/redpitaya/pid_vco_amp_mod_pid_only/pid_vco_amp_mod_pid_only.srcs/sources_1/bd/pid_vco_amp_mod_pid_only_wrapper/ipshared/0b6b/hdl/axi_register_slice_v2_1_vl_rfs.v:85]
INFO: [Synth 8-256] done synthesizing module 'axi_register_slice_v2_1_11_axic_register_slice' (8#1) [/home/bma/git/fpga_design/redpitaya/pid_vco_amp_mod_pid_only/pid_vco_amp_mod_pid_only.srcs/sources_1/bd/pid_vco_amp_mod_pid_only_wrapper/ipshared/0b6b/hdl/axi_register_slice_v2_1_vl_rfs.v:85]
INFO: [Synth 8-638] synthesizing module 'generic_baseblocks_v2_1_0_mux_enc__parameterized3' [/home/bma/git/fpga_design/redpitaya/pid_vco_amp_mod_pid_only/pid_vco_amp_mod_pid_only.srcs/sources_1/bd/pid_vco_amp_mod_pid_only_wrapper/ipshared/7ee0/hdl/generic_baseblocks_v2_1_vl_rfs.v:2452]
INFO: [Synth 8-256] done synthesizing module 'generic_baseblocks_v2_1_0_mux_enc__parameterized3' (8#1) [/home/bma/git/fpga_design/redpitaya/pid_vco_amp_mod_pid_only/pid_vco_amp_mod_pid_only.srcs/sources_1/bd/pid_vco_amp_mod_pid_only_wrapper/ipshared/7ee0/hdl/generic_baseblocks_v2_1_vl_rfs.v:2452]
INFO: [Synth 8-256] done synthesizing module 'axi_crossbar_v2_1_12_crossbar_sasd' (9#1) [/home/bma/git/fpga_design/redpitaya/pid_vco_amp_mod_pid_only/pid_vco_amp_mod_pid_only.srcs/sources_1/bd/pid_vco_amp_mod_pid_only_wrapper/ipshared/896d/hdl/axi_crossbar_v2_1_vl_rfs.v:1240]
INFO: [Synth 8-256] done synthesizing module 'axi_crossbar_v2_1_12_axi_crossbar' (10#1) [/home/bma/git/fpga_design/redpitaya/pid_vco_amp_mod_pid_only/pid_vco_amp_mod_pid_only.srcs/sources_1/bd/pid_vco_amp_mod_pid_only_wrapper/ipshared/896d/hdl/axi_crossbar_v2_1_vl_rfs.v:4882]
INFO: [Synth 8-256] done synthesizing module 'pid_vco_amp_mod_pid_only_wrapper_xbar_0' (11#1) [/home/bma/git/fpga_design/redpitaya/pid_vco_amp_mod_pid_only/pid_vco_amp_mod_pid_only.srcs/sources_1/bd/pid_vco_amp_mod_pid_only_wrapper/ip/pid_vco_amp_mod_pid_only_wrapper_xbar_0/synth/pid_vco_amp_mod_pid_only_wrapper_xbar_0.v:59]
Finished RTL Elaboration : Time (s): cpu = 00:00:45 ; elapsed = 00:00:53 . Memory (MB): peak = 1250.398 ; gain = 318.555 ; free physical = 682 ; free virtual = 10283
Finished RTL Optimization Phase 1 : Time (s): cpu = 00:00:46 ; elapsed = 00:00:53 . Memory (MB): peak = 1250.398 ; gain = 318.555 ; free physical = 681 ; free virtual = 10283
INFO: [Device 21-403] Loading part xc7z010clg400-1
Constraint Validation Runtime : Time (s): cpu = 00:00:00.07 ; elapsed = 00:00:00.06 . Memory (MB): peak = 1515.445 ; gain = 0.000 ; free physical = 965 ; free virtual = 10590
Finished Constraint Validation : Time (s): cpu = 00:01:11 ; elapsed = 00:01:19 . Memory (MB): peak = 1515.445 ; gain = 583.602 ; free physical = 1516 ; free virtual = 11132
Finished Loading Part and Timing Information : Time (s): cpu = 00:01:11 ; elapsed = 00:01:19 . Memory (MB): peak = 1515.445 ; gain = 583.602 ; free physical = 1516 ; free virtual = 11132
Finished applying 'set_property' XDC Constraints : Time (s): cpu = 00:01:11 ; elapsed = 00:01:19 . Memory (MB): peak = 1515.445 ; gain = 583.602 ; free physical = 1516 ; free virtual = 11131
Finished RTL Optimization Phase 2 : Time (s): cpu = 00:01:12 ; elapsed = 00:01:20 . Memory (MB): peak = 1515.445 ; gain = 583.602 ; free physical = 1494 ; free virtual = 11115
Finished Cross Boundary and Area Optimization : Time (s): cpu = 00:01:14 ; elapsed = 00:01:22 . Memory (MB): peak = 1515.445 ; gain = 583.602 ; free physical = 1306 ; free virtual = 11076
Finished Applying XDC Timing Constraints : Time (s): cpu = 00:01:38 ; elapsed = 00:01:48 . Memory (MB): peak = 1515.445 ; gain = 583.602 ; free physical = 583 ; free virtual = 10329
Finished Timing Optimization : Time (s): cpu = 00:01:39 ; elapsed = 00:01:49 . Memory (MB): peak = 1515.445 ; gain = 583.602 ; free physical = 589 ; free virtual = 10313
Finished Technology Mapping : Time (s): cpu = 00:01:40 ; elapsed = 00:01:50 . Memory (MB): peak = 1515.445 ; gain = 583.602 ; free physical = 575 ; free virtual = 10300
Finished IO Insertion : Time (s): cpu = 00:01:41 ; elapsed = 00:01:51 . Memory (MB): peak = 1515.445 ; gain = 583.602 ; free physical = 553 ; free virtual = 10276
Finished Renaming Generated Instances : Time (s): cpu = 00:01:41 ; elapsed = 00:01:51 . Memory (MB): peak = 1515.445 ; gain = 583.602 ; free physical = 552 ; free virtual = 10275
Finished Rebuilding User Hierarchy : Time (s): cpu = 00:01:42 ; elapsed = 00:01:52 . Memory (MB): peak = 1515.445 ; gain = 583.602 ; free physical = 542 ; free virtual = 10272
Finished Renaming Generated Ports : Time (s): cpu = 00:01:42 ; elapsed = 00:01:52 . Memory (MB): peak = 1515.445 ; gain = 583.602 ; free physical = 542 ; free virtual = 10272
Finished Handling Custom Attributes : Time (s): cpu = 00:01:42 ; elapsed = 00:01:52 . Memory (MB): peak = 1515.445 ; gain = 583.602 ; free physical = 539 ; free virtual = 10269
Finished Renaming Generated Nets : Time (s): cpu = 00:01:42 ; elapsed = 00:01:52 . Memory (MB): peak = 1515.445 ; gain = 583.602 ; free physical = 539 ; free virtual = 10270

Report Cell Usage: 
+------+-----+------+
|      |Cell |Count |
+------+-----+------+
|1     |LUT1 |     2|
|2     |LUT2 |     8|
|3     |LUT3 |    39|
|4     |LUT4 |    47|
|5     |LUT5 |    56|
|6     |LUT6 |    21|
|7     |FDRE |   131|
+------+-----+------+
Finished Writing Synthesis Report : Time (s): cpu = 00:01:42 ; elapsed = 00:01:52 . Memory (MB): peak = 1515.445 ; gain = 583.602 ; free physical = 539 ; free virtual = 10270
synth_design: Time (s): cpu = 00:01:31 ; elapsed = 00:01:39 . Memory (MB): peak = 1515.453 ; gain = 476.105 ; free physical = 496 ; free virtual = 10245
