
*** Running vivado
    with args -log double_pid_vco_wrapper_xbar_0.vds -m64 -product Vivado -mode batch -messageDb vivado.pb -notrace -source double_pid_vco_wrapper_xbar_0.tcl

awk: symbol lookup error: awk: undefined symbol: mpfr_z_sub

****** Vivado v2016.4 (64-bit)
  **** SW Build 1733598 on Wed Dec 14 22:35:42 MST 2016
  **** IP Build 1731160 on Wed Dec 14 23:47:21 MST 2016
    ** Copyright 1986-2016 Xilinx, Inc. All Rights Reserved.

source double_pid_vco_wrapper_xbar_0.tcl -notrace
awk: symbol lookup error: awk: undefined symbol: mpfr_z_sub
Starting RTL Elaboration : Time (s): cpu = 00:00:32 ; elapsed = 00:00:42 . Memory (MB): peak = 1129.164 ; gain = 197.977 ; free physical = 319 ; free virtual = 11594
INFO: [Synth 8-638] synthesizing module 'double_pid_vco_wrapper_xbar_0' [/home/bma/git/fpga_design/redpitaya/double_pid_vco/double_pid_vco.srcs/sources_1/bd/double_pid_vco_wrapper/ip/double_pid_vco_wrapper_xbar_0/synth/double_pid_vco_wrapper_xbar_0.v:59]
INFO: [Synth 8-638] synthesizing module 'axi_crossbar_v2_1_12_axi_crossbar' [/home/bma/git/fpga_design/redpitaya/double_pid_vco/double_pid_vco.srcs/sources_1/bd/double_pid_vco_wrapper/ipshared/896d/hdl/axi_crossbar_v2_1_vl_rfs.v:4882]
INFO: [Synth 8-638] synthesizing module 'axi_crossbar_v2_1_12_crossbar_sasd' [/home/bma/git/fpga_design/redpitaya/double_pid_vco/double_pid_vco.srcs/sources_1/bd/double_pid_vco_wrapper/ipshared/896d/hdl/axi_crossbar_v2_1_vl_rfs.v:1240]
INFO: [Synth 8-638] synthesizing module 'axi_crossbar_v2_1_12_addr_decoder' [/home/bma/git/fpga_design/redpitaya/double_pid_vco/double_pid_vco.srcs/sources_1/bd/double_pid_vco_wrapper/ipshared/896d/hdl/axi_crossbar_v2_1_vl_rfs.v:794]
INFO: [Synth 8-638] synthesizing module 'generic_baseblocks_v2_1_0_comparator_static' [/home/bma/git/fpga_design/redpitaya/double_pid_vco/double_pid_vco.srcs/sources_1/bd/double_pid_vco_wrapper/ipshared/7ee0/hdl/generic_baseblocks_v2_1_vl_rfs.v:2133]
INFO: [Synth 8-638] synthesizing module 'generic_baseblocks_v2_1_0_carry_and' [/home/bma/git/fpga_design/redpitaya/double_pid_vco/double_pid_vco.srcs/sources_1/bd/double_pid_vco_wrapper/ipshared/7ee0/hdl/generic_baseblocks_v2_1_vl_rfs.v:62]
INFO: [Synth 8-256] done synthesizing module 'generic_baseblocks_v2_1_0_carry_and' (1#1) [/home/bma/git/fpga_design/redpitaya/double_pid_vco/double_pid_vco.srcs/sources_1/bd/double_pid_vco_wrapper/ipshared/7ee0/hdl/generic_baseblocks_v2_1_vl_rfs.v:62]
INFO: [Synth 8-256] done synthesizing module 'generic_baseblocks_v2_1_0_comparator_static' (2#1) [/home/bma/git/fpga_design/redpitaya/double_pid_vco/double_pid_vco.srcs/sources_1/bd/double_pid_vco_wrapper/ipshared/7ee0/hdl/generic_baseblocks_v2_1_vl_rfs.v:2133]
INFO: [Synth 8-638] synthesizing module 'generic_baseblocks_v2_1_0_comparator_static__parameterized0' [/home/bma/git/fpga_design/redpitaya/double_pid_vco/double_pid_vco.srcs/sources_1/bd/double_pid_vco_wrapper/ipshared/7ee0/hdl/generic_baseblocks_v2_1_vl_rfs.v:2133]
INFO: [Synth 8-256] done synthesizing module 'generic_baseblocks_v2_1_0_comparator_static__parameterized0' (2#1) [/home/bma/git/fpga_design/redpitaya/double_pid_vco/double_pid_vco.srcs/sources_1/bd/double_pid_vco_wrapper/ipshared/7ee0/hdl/generic_baseblocks_v2_1_vl_rfs.v:2133]
INFO: [Synth 8-638] synthesizing module 'generic_baseblocks_v2_1_0_comparator_static__parameterized1' [/home/bma/git/fpga_design/redpitaya/double_pid_vco/double_pid_vco.srcs/sources_1/bd/double_pid_vco_wrapper/ipshared/7ee0/hdl/generic_baseblocks_v2_1_vl_rfs.v:2133]
INFO: [Synth 8-256] done synthesizing module 'generic_baseblocks_v2_1_0_comparator_static__parameterized1' (2#1) [/home/bma/git/fpga_design/redpitaya/double_pid_vco/double_pid_vco.srcs/sources_1/bd/double_pid_vco_wrapper/ipshared/7ee0/hdl/generic_baseblocks_v2_1_vl_rfs.v:2133]
INFO: [Synth 8-638] synthesizing module 'generic_baseblocks_v2_1_0_comparator_static__parameterized2' [/home/bma/git/fpga_design/redpitaya/double_pid_vco/double_pid_vco.srcs/sources_1/bd/double_pid_vco_wrapper/ipshared/7ee0/hdl/generic_baseblocks_v2_1_vl_rfs.v:2133]
INFO: [Synth 8-256] done synthesizing module 'generic_baseblocks_v2_1_0_comparator_static__parameterized2' (2#1) [/home/bma/git/fpga_design/redpitaya/double_pid_vco/double_pid_vco.srcs/sources_1/bd/double_pid_vco_wrapper/ipshared/7ee0/hdl/generic_baseblocks_v2_1_vl_rfs.v:2133]
INFO: [Synth 8-638] synthesizing module 'generic_baseblocks_v2_1_0_comparator_static__parameterized3' [/home/bma/git/fpga_design/redpitaya/double_pid_vco/double_pid_vco.srcs/sources_1/bd/double_pid_vco_wrapper/ipshared/7ee0/hdl/generic_baseblocks_v2_1_vl_rfs.v:2133]
INFO: [Synth 8-256] done synthesizing module 'generic_baseblocks_v2_1_0_comparator_static__parameterized3' (2#1) [/home/bma/git/fpga_design/redpitaya/double_pid_vco/double_pid_vco.srcs/sources_1/bd/double_pid_vco_wrapper/ipshared/7ee0/hdl/generic_baseblocks_v2_1_vl_rfs.v:2133]
INFO: [Synth 8-638] synthesizing module 'generic_baseblocks_v2_1_0_comparator_static__parameterized4' [/home/bma/git/fpga_design/redpitaya/double_pid_vco/double_pid_vco.srcs/sources_1/bd/double_pid_vco_wrapper/ipshared/7ee0/hdl/generic_baseblocks_v2_1_vl_rfs.v:2133]
INFO: [Synth 8-256] done synthesizing module 'generic_baseblocks_v2_1_0_comparator_static__parameterized4' (2#1) [/home/bma/git/fpga_design/redpitaya/double_pid_vco/double_pid_vco.srcs/sources_1/bd/double_pid_vco_wrapper/ipshared/7ee0/hdl/generic_baseblocks_v2_1_vl_rfs.v:2133]
INFO: [Synth 8-638] synthesizing module 'generic_baseblocks_v2_1_0_comparator_static__parameterized5' [/home/bma/git/fpga_design/redpitaya/double_pid_vco/double_pid_vco.srcs/sources_1/bd/double_pid_vco_wrapper/ipshared/7ee0/hdl/generic_baseblocks_v2_1_vl_rfs.v:2133]
INFO: [Synth 8-256] done synthesizing module 'generic_baseblocks_v2_1_0_comparator_static__parameterized5' (2#1) [/home/bma/git/fpga_design/redpitaya/double_pid_vco/double_pid_vco.srcs/sources_1/bd/double_pid_vco_wrapper/ipshared/7ee0/hdl/generic_baseblocks_v2_1_vl_rfs.v:2133]
INFO: [Synth 8-638] synthesizing module 'generic_baseblocks_v2_1_0_comparator_static__parameterized6' [/home/bma/git/fpga_design/redpitaya/double_pid_vco/double_pid_vco.srcs/sources_1/bd/double_pid_vco_wrapper/ipshared/7ee0/hdl/generic_baseblocks_v2_1_vl_rfs.v:2133]
INFO: [Synth 8-256] done synthesizing module 'generic_baseblocks_v2_1_0_comparator_static__parameterized6' (2#1) [/home/bma/git/fpga_design/redpitaya/double_pid_vco/double_pid_vco.srcs/sources_1/bd/double_pid_vco_wrapper/ipshared/7ee0/hdl/generic_baseblocks_v2_1_vl_rfs.v:2133]
INFO: [Synth 8-638] synthesizing module 'generic_baseblocks_v2_1_0_comparator_static__parameterized7' [/home/bma/git/fpga_design/redpitaya/double_pid_vco/double_pid_vco.srcs/sources_1/bd/double_pid_vco_wrapper/ipshared/7ee0/hdl/generic_baseblocks_v2_1_vl_rfs.v:2133]
INFO: [Synth 8-256] done synthesizing module 'generic_baseblocks_v2_1_0_comparator_static__parameterized7' (2#1) [/home/bma/git/fpga_design/redpitaya/double_pid_vco/double_pid_vco.srcs/sources_1/bd/double_pid_vco_wrapper/ipshared/7ee0/hdl/generic_baseblocks_v2_1_vl_rfs.v:2133]
INFO: [Synth 8-638] synthesizing module 'generic_baseblocks_v2_1_0_comparator_static__parameterized8' [/home/bma/git/fpga_design/redpitaya/double_pid_vco/double_pid_vco.srcs/sources_1/bd/double_pid_vco_wrapper/ipshared/7ee0/hdl/generic_baseblocks_v2_1_vl_rfs.v:2133]
INFO: [Synth 8-256] done synthesizing module 'generic_baseblocks_v2_1_0_comparator_static__parameterized8' (2#1) [/home/bma/git/fpga_design/redpitaya/double_pid_vco/double_pid_vco.srcs/sources_1/bd/double_pid_vco_wrapper/ipshared/7ee0/hdl/generic_baseblocks_v2_1_vl_rfs.v:2133]
INFO: [Synth 8-256] done synthesizing module 'axi_crossbar_v2_1_12_addr_decoder' (3#1) [/home/bma/git/fpga_design/redpitaya/double_pid_vco/double_pid_vco.srcs/sources_1/bd/double_pid_vco_wrapper/ipshared/896d/hdl/axi_crossbar_v2_1_vl_rfs.v:794]
INFO: [Synth 8-638] synthesizing module 'axi_crossbar_v2_1_12_decerr_slave' [/home/bma/git/fpga_design/redpitaya/double_pid_vco/double_pid_vco.srcs/sources_1/bd/double_pid_vco_wrapper/ipshared/896d/hdl/axi_crossbar_v2_1_vl_rfs.v:3500]
INFO: [Synth 8-256] done synthesizing module 'axi_crossbar_v2_1_12_decerr_slave' (4#1) [/home/bma/git/fpga_design/redpitaya/double_pid_vco/double_pid_vco.srcs/sources_1/bd/double_pid_vco_wrapper/ipshared/896d/hdl/axi_crossbar_v2_1_vl_rfs.v:3500]
INFO: [Synth 8-638] synthesizing module 'axi_crossbar_v2_1_12_addr_arbiter_sasd' [/home/bma/git/fpga_design/redpitaya/double_pid_vco/double_pid_vco.srcs/sources_1/bd/double_pid_vco_wrapper/ipshared/896d/hdl/axi_crossbar_v2_1_vl_rfs.v:65]
INFO: [Synth 8-256] done synthesizing module 'axi_crossbar_v2_1_12_addr_arbiter_sasd' (5#1) [/home/bma/git/fpga_design/redpitaya/double_pid_vco/double_pid_vco.srcs/sources_1/bd/double_pid_vco_wrapper/ipshared/896d/hdl/axi_crossbar_v2_1_vl_rfs.v:65]
INFO: [Synth 8-638] synthesizing module 'axi_crossbar_v2_1_12_splitter' [/home/bma/git/fpga_design/redpitaya/double_pid_vco/double_pid_vco.srcs/sources_1/bd/double_pid_vco_wrapper/ipshared/896d/hdl/axi_crossbar_v2_1_vl_rfs.v:4459]
INFO: [Synth 8-256] done synthesizing module 'axi_crossbar_v2_1_12_splitter' (6#1) [/home/bma/git/fpga_design/redpitaya/double_pid_vco/double_pid_vco.srcs/sources_1/bd/double_pid_vco_wrapper/ipshared/896d/hdl/axi_crossbar_v2_1_vl_rfs.v:4459]
INFO: [Synth 8-638] synthesizing module 'axi_crossbar_v2_1_12_splitter__parameterized0' [/home/bma/git/fpga_design/redpitaya/double_pid_vco/double_pid_vco.srcs/sources_1/bd/double_pid_vco_wrapper/ipshared/896d/hdl/axi_crossbar_v2_1_vl_rfs.v:4459]
INFO: [Synth 8-256] done synthesizing module 'axi_crossbar_v2_1_12_splitter__parameterized0' (6#1) [/home/bma/git/fpga_design/redpitaya/double_pid_vco/double_pid_vco.srcs/sources_1/bd/double_pid_vco_wrapper/ipshared/896d/hdl/axi_crossbar_v2_1_vl_rfs.v:4459]
INFO: [Synth 8-638] synthesizing module 'generic_baseblocks_v2_1_0_mux_enc' [/home/bma/git/fpga_design/redpitaya/double_pid_vco/double_pid_vco.srcs/sources_1/bd/double_pid_vco_wrapper/ipshared/7ee0/hdl/generic_baseblocks_v2_1_vl_rfs.v:2452]
INFO: [Synth 8-256] done synthesizing module 'generic_baseblocks_v2_1_0_mux_enc' (7#1) [/home/bma/git/fpga_design/redpitaya/double_pid_vco/double_pid_vco.srcs/sources_1/bd/double_pid_vco_wrapper/ipshared/7ee0/hdl/generic_baseblocks_v2_1_vl_rfs.v:2452]
INFO: [Synth 8-638] synthesizing module 'generic_baseblocks_v2_1_0_mux_enc__parameterized0' [/home/bma/git/fpga_design/redpitaya/double_pid_vco/double_pid_vco.srcs/sources_1/bd/double_pid_vco_wrapper/ipshared/7ee0/hdl/generic_baseblocks_v2_1_vl_rfs.v:2452]
INFO: [Synth 8-256] done synthesizing module 'generic_baseblocks_v2_1_0_mux_enc__parameterized0' (7#1) [/home/bma/git/fpga_design/redpitaya/double_pid_vco/double_pid_vco.srcs/sources_1/bd/double_pid_vco_wrapper/ipshared/7ee0/hdl/generic_baseblocks_v2_1_vl_rfs.v:2452]
INFO: [Synth 8-638] synthesizing module 'generic_baseblocks_v2_1_0_mux_enc__parameterized1' [/home/bma/git/fpga_design/redpitaya/double_pid_vco/double_pid_vco.srcs/sources_1/bd/double_pid_vco_wrapper/ipshared/7ee0/hdl/generic_baseblocks_v2_1_vl_rfs.v:2452]
INFO: [Synth 8-256] done synthesizing module 'generic_baseblocks_v2_1_0_mux_enc__parameterized1' (7#1) [/home/bma/git/fpga_design/redpitaya/double_pid_vco/double_pid_vco.srcs/sources_1/bd/double_pid_vco_wrapper/ipshared/7ee0/hdl/generic_baseblocks_v2_1_vl_rfs.v:2452]
INFO: [Synth 8-638] synthesizing module 'generic_baseblocks_v2_1_0_mux_enc__parameterized2' [/home/bma/git/fpga_design/redpitaya/double_pid_vco/double_pid_vco.srcs/sources_1/bd/double_pid_vco_wrapper/ipshared/7ee0/hdl/generic_baseblocks_v2_1_vl_rfs.v:2452]
INFO: [Synth 8-256] done synthesizing module 'generic_baseblocks_v2_1_0_mux_enc__parameterized2' (7#1) [/home/bma/git/fpga_design/redpitaya/double_pid_vco/double_pid_vco.srcs/sources_1/bd/double_pid_vco_wrapper/ipshared/7ee0/hdl/generic_baseblocks_v2_1_vl_rfs.v:2452]
INFO: [Synth 8-638] synthesizing module 'axi_register_slice_v2_1_11_axic_register_slice' [/home/bma/git/fpga_design/redpitaya/double_pid_vco/double_pid_vco.srcs/sources_1/bd/double_pid_vco_wrapper/ipshared/0b6b/hdl/axi_register_slice_v2_1_vl_rfs.v:85]
INFO: [Synth 8-256] done synthesizing module 'axi_register_slice_v2_1_11_axic_register_slice' (8#1) [/home/bma/git/fpga_design/redpitaya/double_pid_vco/double_pid_vco.srcs/sources_1/bd/double_pid_vco_wrapper/ipshared/0b6b/hdl/axi_register_slice_v2_1_vl_rfs.v:85]
INFO: [Synth 8-638] synthesizing module 'generic_baseblocks_v2_1_0_mux_enc__parameterized3' [/home/bma/git/fpga_design/redpitaya/double_pid_vco/double_pid_vco.srcs/sources_1/bd/double_pid_vco_wrapper/ipshared/7ee0/hdl/generic_baseblocks_v2_1_vl_rfs.v:2452]
INFO: [Synth 8-256] done synthesizing module 'generic_baseblocks_v2_1_0_mux_enc__parameterized3' (8#1) [/home/bma/git/fpga_design/redpitaya/double_pid_vco/double_pid_vco.srcs/sources_1/bd/double_pid_vco_wrapper/ipshared/7ee0/hdl/generic_baseblocks_v2_1_vl_rfs.v:2452]
INFO: [Synth 8-256] done synthesizing module 'axi_crossbar_v2_1_12_crossbar_sasd' (9#1) [/home/bma/git/fpga_design/redpitaya/double_pid_vco/double_pid_vco.srcs/sources_1/bd/double_pid_vco_wrapper/ipshared/896d/hdl/axi_crossbar_v2_1_vl_rfs.v:1240]
INFO: [Synth 8-256] done synthesizing module 'axi_crossbar_v2_1_12_axi_crossbar' (10#1) [/home/bma/git/fpga_design/redpitaya/double_pid_vco/double_pid_vco.srcs/sources_1/bd/double_pid_vco_wrapper/ipshared/896d/hdl/axi_crossbar_v2_1_vl_rfs.v:4882]
INFO: [Synth 8-256] done synthesizing module 'double_pid_vco_wrapper_xbar_0' (11#1) [/home/bma/git/fpga_design/redpitaya/double_pid_vco/double_pid_vco.srcs/sources_1/bd/double_pid_vco_wrapper/ip/double_pid_vco_wrapper_xbar_0/synth/double_pid_vco_wrapper_xbar_0.v:59]
Finished RTL Elaboration : Time (s): cpu = 00:00:45 ; elapsed = 00:00:57 . Memory (MB): peak = 1249.633 ; gain = 318.445 ; free physical = 123 ; free virtual = 11195
Finished RTL Optimization Phase 1 : Time (s): cpu = 00:00:45 ; elapsed = 00:00:58 . Memory (MB): peak = 1249.633 ; gain = 318.445 ; free physical = 127 ; free virtual = 11183
INFO: [Device 21-403] Loading part xc7z010clg400-1
Constraint Validation Runtime : Time (s): cpu = 00:00:00.10 ; elapsed = 00:00:00.11 . Memory (MB): peak = 1512.441 ; gain = 0.000 ; free physical = 128 ; free virtual = 11003
Finished Constraint Validation : Time (s): cpu = 00:01:12 ; elapsed = 00:01:27 . Memory (MB): peak = 1512.441 ; gain = 581.254 ; free physical = 127 ; free virtual = 10977
Finished Loading Part and Timing Information : Time (s): cpu = 00:01:12 ; elapsed = 00:01:27 . Memory (MB): peak = 1512.441 ; gain = 581.254 ; free physical = 127 ; free virtual = 10977
Finished applying 'set_property' XDC Constraints : Time (s): cpu = 00:01:12 ; elapsed = 00:01:27 . Memory (MB): peak = 1512.441 ; gain = 581.254 ; free physical = 127 ; free virtual = 10977
Finished RTL Optimization Phase 2 : Time (s): cpu = 00:01:14 ; elapsed = 00:01:28 . Memory (MB): peak = 1512.441 ; gain = 581.254 ; free physical = 135 ; free virtual = 10970
Finished Cross Boundary and Area Optimization : Time (s): cpu = 00:01:16 ; elapsed = 00:01:30 . Memory (MB): peak = 1512.441 ; gain = 581.254 ; free physical = 144 ; free virtual = 10945
Finished Applying XDC Timing Constraints : Time (s): cpu = 00:01:42 ; elapsed = 00:02:03 . Memory (MB): peak = 1512.441 ; gain = 581.254 ; free physical = 1619 ; free virtual = 12266
Finished Timing Optimization : Time (s): cpu = 00:01:43 ; elapsed = 00:02:05 . Memory (MB): peak = 1512.441 ; gain = 581.254 ; free physical = 1632 ; free virtual = 12265
Finished Technology Mapping : Time (s): cpu = 00:01:44 ; elapsed = 00:02:06 . Memory (MB): peak = 1512.441 ; gain = 581.254 ; free physical = 1622 ; free virtual = 12254
Finished IO Insertion : Time (s): cpu = 00:01:45 ; elapsed = 00:02:08 . Memory (MB): peak = 1512.441 ; gain = 581.254 ; free physical = 1663 ; free virtual = 12254
Finished Renaming Generated Instances : Time (s): cpu = 00:01:45 ; elapsed = 00:02:08 . Memory (MB): peak = 1512.441 ; gain = 581.254 ; free physical = 1665 ; free virtual = 12256
Finished Rebuilding User Hierarchy : Time (s): cpu = 00:01:45 ; elapsed = 00:02:08 . Memory (MB): peak = 1512.441 ; gain = 581.254 ; free physical = 1668 ; free virtual = 12255
Finished Renaming Generated Ports : Time (s): cpu = 00:01:45 ; elapsed = 00:02:08 . Memory (MB): peak = 1512.441 ; gain = 581.254 ; free physical = 1668 ; free virtual = 12255
Finished Handling Custom Attributes : Time (s): cpu = 00:01:45 ; elapsed = 00:02:08 . Memory (MB): peak = 1512.441 ; gain = 581.254 ; free physical = 1674 ; free virtual = 12255
Finished Renaming Generated Nets : Time (s): cpu = 00:01:45 ; elapsed = 00:02:08 . Memory (MB): peak = 1512.441 ; gain = 581.254 ; free physical = 1671 ; free virtual = 12252

Report Cell Usage: 
+------+-----+------+
|      |Cell |Count |
+------+-----+------+
|1     |LUT1 |     2|
|2     |LUT2 |     8|
|3     |LUT3 |    39|
|4     |LUT4 |    47|
|5     |LUT5 |    56|
|6     |LUT6 |    21|
|7     |FDRE |   131|
+------+-----+------+
Finished Writing Synthesis Report : Time (s): cpu = 00:01:45 ; elapsed = 00:02:08 . Memory (MB): peak = 1512.441 ; gain = 581.254 ; free physical = 1674 ; free virtual = 12255
synth_design: Time (s): cpu = 00:01:33 ; elapsed = 00:01:50 . Memory (MB): peak = 1512.449 ; gain = 473.867 ; free physical = 1704 ; free virtual = 12284
