
*** Running vivado
    with args -log adc2dac_ram_offset_expanderReal_0_1.vds -m64 -product Vivado -mode batch -messageDb vivado.pb -notrace -source adc2dac_ram_offset_expanderReal_0_1.tcl

awk: symbol lookup error: awk: undefined symbol: mpfr_z_sub

****** Vivado v2016.4 (64-bit)
  **** SW Build 1733598 on Wed Dec 14 22:35:42 MST 2016
  **** IP Build 1731160 on Wed Dec 14 23:47:21 MST 2016
    ** Copyright 1986-2016 Xilinx, Inc. All Rights Reserved.

source adc2dac_ram_offset_expanderReal_0_1.tcl -notrace
Command: synth_design -top adc2dac_ram_offset_expanderReal_0_1 -part xc7z010clg400-1 -mode out_of_context
Starting synth_design
Attempting to get a license for feature 'Synthesis' and/or device 'xc7z010'
INFO: [Common 17-349] Got license for feature 'Synthesis' and/or device 'xc7z010'
INFO: Launching helper process for spawning children vivado processes
INFO: Helper process launched with PID 4339 
awk: symbol lookup error: awk: undefined symbol: mpfr_z_sub
---------------------------------------------------------------------------------
Starting RTL Elaboration : Time (s): cpu = 00:00:23 ; elapsed = 00:00:25 . Memory (MB): peak = 1108.180 ; gain = 179.086 ; free physical = 2520 ; free virtual = 12836
---------------------------------------------------------------------------------
INFO: [Synth 8-638] synthesizing module 'adc2dac_ram_offset_expanderReal_0_1' [/home/bma/Documents/BPT_sync/Work/5-ED_SPIM/Work/git/fpga_design/redpitaya/adc2dac_ram_offset/adc2dac_ram_offset/adc2dac_ram_offset.srcs/sources_1/bd/adc2dac_ram_offset/ip/adc2dac_ram_offset_expanderReal_0_1/synth/adc2dac_ram_offset_expanderReal_0_1.vhd:71]
	Parameter format bound to: signed - type: string 
	Parameter DATA_IN_SIZE bound to: 14 - type: integer 
	Parameter DATA_OUT_SIZE bound to: 16 - type: integer 
INFO: [Synth 8-3491] module 'expanderReal' declared at '/home/bma/Documents/BPT_sync/Work/5-ED_SPIM/Work/git/fpga_design/redpitaya/adc2dac_ram_offset/adc2dac_ram_offset/adc2dac_ram_offset.srcs/sources_1/bd/adc2dac_ram_offset/ipshared/8279/hdl/expanderReal.vhd:5' bound to instance 'U0' of component 'expanderReal' [/home/bma/Documents/BPT_sync/Work/5-ED_SPIM/Work/git/fpga_design/redpitaya/adc2dac_ram_offset/adc2dac_ram_offset/adc2dac_ram_offset.srcs/sources_1/bd/adc2dac_ram_offset/ip/adc2dac_ram_offset_expanderReal_0_1/synth/adc2dac_ram_offset_expanderReal_0_1.vhd:109]
INFO: [Synth 8-638] synthesizing module 'expanderReal' [/home/bma/Documents/BPT_sync/Work/5-ED_SPIM/Work/git/fpga_design/redpitaya/adc2dac_ram_offset/adc2dac_ram_offset/adc2dac_ram_offset.srcs/sources_1/bd/adc2dac_ram_offset/ipshared/8279/hdl/expanderReal.vhd:26]
	Parameter format bound to: signed - type: string 
	Parameter DATA_IN_SIZE bound to: 14 - type: integer 
	Parameter DATA_OUT_SIZE bound to: 16 - type: integer 
INFO: [Synth 8-256] done synthesizing module 'expanderReal' (1#1) [/home/bma/Documents/BPT_sync/Work/5-ED_SPIM/Work/git/fpga_design/redpitaya/adc2dac_ram_offset/adc2dac_ram_offset/adc2dac_ram_offset.srcs/sources_1/bd/adc2dac_ram_offset/ipshared/8279/hdl/expanderReal.vhd:26]
INFO: [Synth 8-256] done synthesizing module 'adc2dac_ram_offset_expanderReal_0_1' (2#1) [/home/bma/Documents/BPT_sync/Work/5-ED_SPIM/Work/git/fpga_design/redpitaya/adc2dac_ram_offset/adc2dac_ram_offset/adc2dac_ram_offset.srcs/sources_1/bd/adc2dac_ram_offset/ip/adc2dac_ram_offset_expanderReal_0_1/synth/adc2dac_ram_offset_expanderReal_0_1.vhd:71]
---------------------------------------------------------------------------------
Finished RTL Elaboration : Time (s): cpu = 00:00:25 ; elapsed = 00:00:27 . Memory (MB): peak = 1149.648 ; gain = 220.555 ; free physical = 2458 ; free virtual = 12775
---------------------------------------------------------------------------------

Report Check Netlist: 
+------+------------------+-------+---------+-------+------------------+
|      |Item              |Errors |Warnings |Status |Description       |
+------+------------------+-------+---------+-------+------------------+
|1     |multi_driven_nets |      0|        0|Passed |Multi driven nets |
+------+------------------+-------+---------+-------+------------------+
---------------------------------------------------------------------------------
Finished RTL Optimization Phase 1 : Time (s): cpu = 00:00:26 ; elapsed = 00:00:27 . Memory (MB): peak = 1149.648 ; gain = 220.555 ; free physical = 2454 ; free virtual = 12771
---------------------------------------------------------------------------------
INFO: [Device 21-403] Loading part xc7z010clg400-1
INFO: [Project 1-570] Preparing netlist for logic optimization

Processing XDC Constraints
Initializing timing engine
Completed Processing XDC Constraints

INFO: [Project 1-111] Unisim Transformation Summary:
No Unisim elements were transformed.

Constraint Validation Runtime : Time (s): cpu = 00:00:00.02 ; elapsed = 00:00:00.02 . Memory (MB): peak = 1392.793 ; gain = 1.000 ; free physical = 2161 ; free virtual = 12478
---------------------------------------------------------------------------------
Finished Constraint Validation : Time (s): cpu = 00:00:49 ; elapsed = 00:00:52 . Memory (MB): peak = 1392.793 ; gain = 463.699 ; free physical = 2146 ; free virtual = 12464
---------------------------------------------------------------------------------
---------------------------------------------------------------------------------
Start Loading Part and Timing Information
---------------------------------------------------------------------------------
Loading part: xc7z010clg400-1
---------------------------------------------------------------------------------
Finished Loading Part and Timing Information : Time (s): cpu = 00:00:49 ; elapsed = 00:00:52 . Memory (MB): peak = 1392.793 ; gain = 463.699 ; free physical = 2146 ; free virtual = 12464
---------------------------------------------------------------------------------
---------------------------------------------------------------------------------
Start Applying 'set_property' XDC Constraints
---------------------------------------------------------------------------------
---------------------------------------------------------------------------------
Finished applying 'set_property' XDC Constraints : Time (s): cpu = 00:00:49 ; elapsed = 00:00:52 . Memory (MB): peak = 1392.793 ; gain = 463.699 ; free physical = 2146 ; free virtual = 12464
---------------------------------------------------------------------------------
---------------------------------------------------------------------------------
Finished RTL Optimization Phase 2 : Time (s): cpu = 00:00:49 ; elapsed = 00:00:52 . Memory (MB): peak = 1392.793 ; gain = 463.699 ; free physical = 2138 ; free virtual = 12456
---------------------------------------------------------------------------------

Report RTL Partitions: 
+-+--------------+------------+----------+
| |RTL Partition |Replication |Instances |
+-+--------------+------------+----------+
+-+--------------+------------+----------+
---------------------------------------------------------------------------------
Start RTL Component Statistics 
---------------------------------------------------------------------------------
Detailed RTL Component Info : 
---------------------------------------------------------------------------------
Finished RTL Component Statistics 
---------------------------------------------------------------------------------
---------------------------------------------------------------------------------
Start RTL Hierarchical Component Statistics 
---------------------------------------------------------------------------------
Hierarchical RTL Component report 
---------------------------------------------------------------------------------
Finished RTL Hierarchical Component Statistics
---------------------------------------------------------------------------------
---------------------------------------------------------------------------------
Start Part Resource Summary
---------------------------------------------------------------------------------
Part Resources:
DSPs: 80 (col length:40)
BRAMs: 120 (col length: RAMB18 40 RAMB36 20)
---------------------------------------------------------------------------------
Finished Part Resource Summary
---------------------------------------------------------------------------------
---------------------------------------------------------------------------------
Start Cross Boundary and Area Optimization
---------------------------------------------------------------------------------
WARNING: [Synth 8-3330] design adc2dac_ram_offset_expanderReal_0_1 has an empty top module
---------------------------------------------------------------------------------
Finished Cross Boundary and Area Optimization : Time (s): cpu = 00:00:50 ; elapsed = 00:00:53 . Memory (MB): peak = 1392.793 ; gain = 463.699 ; free physical = 2138 ; free virtual = 12455
---------------------------------------------------------------------------------

Report RTL Partitions: 
+-+--------------+------------+----------+
| |RTL Partition |Replication |Instances |
+-+--------------+------------+----------+
+-+--------------+------------+----------+
---------------------------------------------------------------------------------
Start Timing Optimization
---------------------------------------------------------------------------------
---------------------------------------------------------------------------------
Start Applying XDC Timing Constraints
---------------------------------------------------------------------------------
---------------------------------------------------------------------------------
Finished Applying XDC Timing Constraints : Time (s): cpu = 00:01:15 ; elapsed = 00:01:20 . Memory (MB): peak = 1431.793 ; gain = 502.699 ; free physical = 3490 ; free virtual = 13809
---------------------------------------------------------------------------------
---------------------------------------------------------------------------------
Finished Timing Optimization : Time (s): cpu = 00:01:15 ; elapsed = 00:01:20 . Memory (MB): peak = 1431.793 ; gain = 502.699 ; free physical = 3490 ; free virtual = 13809
---------------------------------------------------------------------------------

Report RTL Partitions: 
+-+--------------+------------+----------+
| |RTL Partition |Replication |Instances |
+-+--------------+------------+----------+
+-+--------------+------------+----------+
---------------------------------------------------------------------------------
Start Technology Mapping
---------------------------------------------------------------------------------
---------------------------------------------------------------------------------
Finished Technology Mapping : Time (s): cpu = 00:01:15 ; elapsed = 00:01:20 . Memory (MB): peak = 1440.809 ; gain = 511.715 ; free physical = 3481 ; free virtual = 13801
---------------------------------------------------------------------------------

Report RTL Partitions: 
+-+--------------+------------+----------+
| |RTL Partition |Replication |Instances |
+-+--------------+------------+----------+
+-+--------------+------------+----------+
---------------------------------------------------------------------------------
Start IO Insertion
---------------------------------------------------------------------------------
---------------------------------------------------------------------------------
Start Flattening Before IO Insertion
---------------------------------------------------------------------------------
---------------------------------------------------------------------------------
Finished Flattening Before IO Insertion
---------------------------------------------------------------------------------
---------------------------------------------------------------------------------
Start Final Netlist Cleanup
---------------------------------------------------------------------------------
---------------------------------------------------------------------------------
Finished Final Netlist Cleanup
---------------------------------------------------------------------------------
---------------------------------------------------------------------------------
Finished IO Insertion : Time (s): cpu = 00:01:16 ; elapsed = 00:01:22 . Memory (MB): peak = 1440.809 ; gain = 511.715 ; free physical = 3471 ; free virtual = 13791
---------------------------------------------------------------------------------

Report Check Netlist: 
+------+------------------+-------+---------+-------+------------------+
|      |Item              |Errors |Warnings |Status |Description       |
+------+------------------+-------+---------+-------+------------------+
|1     |multi_driven_nets |      0|        0|Passed |Multi driven nets |
+------+------------------+-------+---------+-------+------------------+
---------------------------------------------------------------------------------
Start Renaming Generated Instances
---------------------------------------------------------------------------------
---------------------------------------------------------------------------------
Finished Renaming Generated Instances : Time (s): cpu = 00:01:16 ; elapsed = 00:01:22 . Memory (MB): peak = 1440.809 ; gain = 511.715 ; free physical = 3471 ; free virtual = 13791
---------------------------------------------------------------------------------

Report RTL Partitions: 
+-+--------------+------------+----------+
| |RTL Partition |Replication |Instances |
+-+--------------+------------+----------+
+-+--------------+------------+----------+
---------------------------------------------------------------------------------
Start Rebuilding User Hierarchy
---------------------------------------------------------------------------------
---------------------------------------------------------------------------------
Finished Rebuilding User Hierarchy : Time (s): cpu = 00:01:16 ; elapsed = 00:01:22 . Memory (MB): peak = 1440.809 ; gain = 511.715 ; free physical = 3471 ; free virtual = 13791
---------------------------------------------------------------------------------
---------------------------------------------------------------------------------
Start Renaming Generated Ports
---------------------------------------------------------------------------------
---------------------------------------------------------------------------------
Finished Renaming Generated Ports : Time (s): cpu = 00:01:16 ; elapsed = 00:01:22 . Memory (MB): peak = 1440.809 ; gain = 511.715 ; free physical = 3471 ; free virtual = 13791
---------------------------------------------------------------------------------
---------------------------------------------------------------------------------
Start Handling Custom Attributes
---------------------------------------------------------------------------------
---------------------------------------------------------------------------------
Finished Handling Custom Attributes : Time (s): cpu = 00:01:16 ; elapsed = 00:01:22 . Memory (MB): peak = 1440.809 ; gain = 511.715 ; free physical = 3470 ; free virtual = 13791
---------------------------------------------------------------------------------
---------------------------------------------------------------------------------
Start Renaming Generated Nets
---------------------------------------------------------------------------------
---------------------------------------------------------------------------------
Finished Renaming Generated Nets : Time (s): cpu = 00:01:16 ; elapsed = 00:01:22 . Memory (MB): peak = 1440.809 ; gain = 511.715 ; free physical = 3470 ; free virtual = 13791
---------------------------------------------------------------------------------
---------------------------------------------------------------------------------
Start Writing Synthesis Report
---------------------------------------------------------------------------------

Report BlackBoxes: 
+-+--------------+----------+
| |BlackBox name |Instances |
+-+--------------+----------+
+-+--------------+----------+

Report Cell Usage: 
+-+-----+------+
| |Cell |Count |
+-+-----+------+
+-+-----+------+

Report Instance Areas: 
+------+---------+-------+------+
|      |Instance |Module |Cells |
+------+---------+-------+------+
|1     |top      |       |     0|
+------+---------+-------+------+
---------------------------------------------------------------------------------
Finished Writing Synthesis Report : Time (s): cpu = 00:01:16 ; elapsed = 00:01:22 . Memory (MB): peak = 1440.809 ; gain = 511.715 ; free physical = 3470 ; free virtual = 13791
---------------------------------------------------------------------------------
Synthesis finished with 0 errors, 0 critical warnings and 1 warnings.
Synthesis Optimization Runtime : Time (s): cpu = 00:00:52 ; elapsed = 00:00:56 . Memory (MB): peak = 1440.809 ; gain = 156.480 ; free physical = 3470 ; free virtual = 13791
Synthesis Optimization Complete : Time (s): cpu = 00:01:17 ; elapsed = 00:01:23 . Memory (MB): peak = 1440.816 ; gain = 511.723 ; free physical = 3472 ; free virtual = 13792
INFO: [Project 1-571] Translating synthesized netlist
INFO: [Project 1-570] Preparing netlist for logic optimization
INFO: [Opt 31-138] Pushed 0 inverter(s) to 0 load pin(s).
INFO: [Project 1-111] Unisim Transformation Summary:
No Unisim elements were transformed.

INFO: [Common 17-83] Releasing license: Synthesis
14 Infos, 1 Warnings, 0 Critical Warnings and 0 Errors encountered.
synth_design completed successfully
synth_design: Time (s): cpu = 00:01:07 ; elapsed = 00:01:12 . Memory (MB): peak = 1445.809 ; gain = 417.211 ; free physical = 3466 ; free virtual = 13785
INFO: [Common 17-1381] The checkpoint '/home/bma/Documents/BPT_sync/Work/5-ED_SPIM/Work/git/fpga_design/redpitaya/adc2dac_ram_offset/adc2dac_ram_offset/adc2dac_ram_offset.runs/adc2dac_ram_offset_expanderReal_0_1_synth_1/adc2dac_ram_offset_expanderReal_0_1.dcp' has been generated.
INFO: [Common 17-1381] The checkpoint '/home/bma/Documents/BPT_sync/Work/5-ED_SPIM/Work/git/fpga_design/redpitaya/adc2dac_ram_offset/adc2dac_ram_offset/adc2dac_ram_offset.runs/adc2dac_ram_offset_expanderReal_0_1_synth_1/adc2dac_ram_offset_expanderReal_0_1.dcp' has been generated.
report_utilization: Time (s): cpu = 00:00:00.13 ; elapsed = 00:00:00.17 . Memory (MB): peak = 1445.809 ; gain = 0.000 ; free physical = 3464 ; free virtual = 13783
INFO: [Common 17-206] Exiting Vivado at Thu Feb  9 10:18:28 2017...
