
*** Running vivado
    with args -log pid_vco_pid_only_wrapper_proc_sys_reset_0_0.vds -m64 -product Vivado -mode batch -messageDb vivado.pb -notrace -source pid_vco_pid_only_wrapper_proc_sys_reset_0_0.tcl

awk: symbol lookup error: awk: undefined symbol: mpfr_z_sub

****** Vivado v2016.4 (64-bit)
  **** SW Build 1733598 on Wed Dec 14 22:35:42 MST 2016
  **** IP Build 1731160 on Wed Dec 14 23:47:21 MST 2016
    ** Copyright 1986-2016 Xilinx, Inc. All Rights Reserved.

source pid_vco_pid_only_wrapper_proc_sys_reset_0_0.tcl -notrace
awk: symbol lookup error: awk: undefined symbol: mpfr_z_sub
Starting RTL Elaboration : Time (s): cpu = 00:00:25 ; elapsed = 00:00:27 . Memory (MB): peak = 1112.266 ; gain = 181.086 ; free physical = 1360 ; free virtual = 11792
INFO: [Synth 8-638] synthesizing module 'pid_vco_pid_only_wrapper_proc_sys_reset_0_0' [/home/bma/git/fpga_design/redpitaya/pid_vco_pid_only/pid_vco_pid_only.srcs/sources_1/bd/pid_vco_pid_only_wrapper/ip/pid_vco_pid_only_wrapper_proc_sys_reset_0_0/synth/pid_vco_pid_only_wrapper_proc_sys_reset_0_0.vhd:71]
INFO: [Synth 8-638] synthesizing module 'proc_sys_reset' [/home/bma/git/fpga_design/redpitaya/pid_vco_pid_only/pid_vco_pid_only.srcs/sources_1/bd/pid_vco_pid_only_wrapper/ipshared/04b4/hdl/proc_sys_reset_v5_0_vh_rfs.vhd:1323]
INFO: [Synth 8-638] synthesizing module 'lpf' [/home/bma/git/fpga_design/redpitaya/pid_vco_pid_only/pid_vco_pid_only.srcs/sources_1/bd/pid_vco_pid_only_wrapper/ipshared/04b4/hdl/proc_sys_reset_v5_0_vh_rfs.vhd:816]
INFO: [Synth 8-638] synthesizing module 'SRL16' [/opt/Xilinx/Vivado/2016.4/scripts/rt/data/unisim_comp.v:43312]
INFO: [Synth 8-256] done synthesizing module 'SRL16' (1#1) [/opt/Xilinx/Vivado/2016.4/scripts/rt/data/unisim_comp.v:43312]
INFO: [Synth 8-638] synthesizing module 'cdc_sync' [/home/bma/git/fpga_design/redpitaya/pid_vco_pid_only/pid_vco_pid_only.srcs/sources_1/bd/pid_vco_pid_only_wrapper/ipshared/52cb/hdl/lib_cdc_v1_0_rfs.vhd:106]
INFO: [Synth 8-256] done synthesizing module 'cdc_sync' (2#1) [/home/bma/git/fpga_design/redpitaya/pid_vco_pid_only/pid_vco_pid_only.srcs/sources_1/bd/pid_vco_pid_only_wrapper/ipshared/52cb/hdl/lib_cdc_v1_0_rfs.vhd:106]
INFO: [Synth 8-256] done synthesizing module 'lpf' (3#1) [/home/bma/git/fpga_design/redpitaya/pid_vco_pid_only/pid_vco_pid_only.srcs/sources_1/bd/pid_vco_pid_only_wrapper/ipshared/04b4/hdl/proc_sys_reset_v5_0_vh_rfs.vhd:816]
INFO: [Synth 8-638] synthesizing module 'sequence_psr' [/home/bma/git/fpga_design/redpitaya/pid_vco_pid_only/pid_vco_pid_only.srcs/sources_1/bd/pid_vco_pid_only_wrapper/ipshared/04b4/hdl/proc_sys_reset_v5_0_vh_rfs.vhd:301]
INFO: [Synth 8-638] synthesizing module 'upcnt_n' [/home/bma/git/fpga_design/redpitaya/pid_vco_pid_only/pid_vco_pid_only.srcs/sources_1/bd/pid_vco_pid_only_wrapper/ipshared/04b4/hdl/proc_sys_reset_v5_0_vh_rfs.vhd:125]
INFO: [Synth 8-256] done synthesizing module 'upcnt_n' (4#1) [/home/bma/git/fpga_design/redpitaya/pid_vco_pid_only/pid_vco_pid_only.srcs/sources_1/bd/pid_vco_pid_only_wrapper/ipshared/04b4/hdl/proc_sys_reset_v5_0_vh_rfs.vhd:125]
INFO: [Synth 8-256] done synthesizing module 'sequence_psr' (5#1) [/home/bma/git/fpga_design/redpitaya/pid_vco_pid_only/pid_vco_pid_only.srcs/sources_1/bd/pid_vco_pid_only_wrapper/ipshared/04b4/hdl/proc_sys_reset_v5_0_vh_rfs.vhd:301]
INFO: [Synth 8-256] done synthesizing module 'proc_sys_reset' (6#1) [/home/bma/git/fpga_design/redpitaya/pid_vco_pid_only/pid_vco_pid_only.srcs/sources_1/bd/pid_vco_pid_only_wrapper/ipshared/04b4/hdl/proc_sys_reset_v5_0_vh_rfs.vhd:1323]
INFO: [Synth 8-256] done synthesizing module 'pid_vco_pid_only_wrapper_proc_sys_reset_0_0' (7#1) [/home/bma/git/fpga_design/redpitaya/pid_vco_pid_only/pid_vco_pid_only.srcs/sources_1/bd/pid_vco_pid_only_wrapper/ip/pid_vco_pid_only_wrapper_proc_sys_reset_0_0/synth/pid_vco_pid_only_wrapper_proc_sys_reset_0_0.vhd:71]
Finished RTL Elaboration : Time (s): cpu = 00:00:27 ; elapsed = 00:00:30 . Memory (MB): peak = 1153.734 ; gain = 222.555 ; free physical = 1834 ; free virtual = 12241
Finished RTL Optimization Phase 1 : Time (s): cpu = 00:00:28 ; elapsed = 00:00:30 . Memory (MB): peak = 1153.734 ; gain = 222.555 ; free physical = 1833 ; free virtual = 12241
INFO: [Device 21-403] Loading part xc7z010clg400-1
Constraint Validation Runtime : Time (s): cpu = 00:00:00.02 ; elapsed = 00:00:00.02 . Memory (MB): peak = 1489.910 ; gain = 0.000 ; free physical = 2601 ; free virtual = 13009
Finished Constraint Validation : Time (s): cpu = 00:00:54 ; elapsed = 00:01:00 . Memory (MB): peak = 1489.910 ; gain = 558.730 ; free physical = 2371 ; free virtual = 12779
Finished Loading Part and Timing Information : Time (s): cpu = 00:00:54 ; elapsed = 00:01:00 . Memory (MB): peak = 1489.910 ; gain = 558.730 ; free physical = 2371 ; free virtual = 12779
Finished applying 'set_property' XDC Constraints : Time (s): cpu = 00:00:54 ; elapsed = 00:01:00 . Memory (MB): peak = 1489.910 ; gain = 558.730 ; free physical = 2371 ; free virtual = 12779
Finished RTL Optimization Phase 2 : Time (s): cpu = 00:00:55 ; elapsed = 00:01:00 . Memory (MB): peak = 1489.910 ; gain = 558.730 ; free physical = 2361 ; free virtual = 12770
Finished Cross Boundary and Area Optimization : Time (s): cpu = 00:00:55 ; elapsed = 00:01:01 . Memory (MB): peak = 1489.910 ; gain = 558.730 ; free physical = 2321 ; free virtual = 12729
Finished Applying XDC Timing Constraints : Time (s): cpu = 00:01:15 ; elapsed = 00:01:20 . Memory (MB): peak = 1489.910 ; gain = 558.730 ; free physical = 1953 ; free virtual = 12361
Finished Timing Optimization : Time (s): cpu = 00:01:15 ; elapsed = 00:01:20 . Memory (MB): peak = 1489.910 ; gain = 558.730 ; free physical = 1950 ; free virtual = 12359
Finished Technology Mapping : Time (s): cpu = 00:01:15 ; elapsed = 00:01:20 . Memory (MB): peak = 1489.910 ; gain = 558.730 ; free physical = 1929 ; free virtual = 12338
Finished IO Insertion : Time (s): cpu = 00:01:16 ; elapsed = 00:01:22 . Memory (MB): peak = 1489.910 ; gain = 558.730 ; free physical = 1891 ; free virtual = 12301
Finished Renaming Generated Instances : Time (s): cpu = 00:01:16 ; elapsed = 00:01:22 . Memory (MB): peak = 1489.910 ; gain = 558.730 ; free physical = 1891 ; free virtual = 12301
Finished Rebuilding User Hierarchy : Time (s): cpu = 00:01:16 ; elapsed = 00:01:22 . Memory (MB): peak = 1489.910 ; gain = 558.730 ; free physical = 1891 ; free virtual = 12301
Finished Renaming Generated Ports : Time (s): cpu = 00:01:16 ; elapsed = 00:01:22 . Memory (MB): peak = 1489.910 ; gain = 558.730 ; free physical = 1891 ; free virtual = 12301
Finished Handling Custom Attributes : Time (s): cpu = 00:01:16 ; elapsed = 00:01:22 . Memory (MB): peak = 1489.910 ; gain = 558.730 ; free physical = 1889 ; free virtual = 12298
Finished Renaming Generated Nets : Time (s): cpu = 00:01:16 ; elapsed = 00:01:22 . Memory (MB): peak = 1489.910 ; gain = 558.730 ; free physical = 1889 ; free virtual = 12298

Report Cell Usage: 
+------+------+------+
|      |Cell  |Count |
+------+------+------+
|1     |LUT1  |     5|
|2     |LUT2  |     9|
|3     |LUT3  |     1|
|4     |LUT4  |     6|
|5     |LUT5  |     3|
|6     |LUT6  |     1|
|7     |SRL16 |     1|
|8     |FDR   |     8|
|9     |FDRE  |    28|
|10    |FDSE  |     4|
+------+------+------+
Finished Writing Synthesis Report : Time (s): cpu = 00:01:16 ; elapsed = 00:01:22 . Memory (MB): peak = 1489.910 ; gain = 558.730 ; free physical = 1889 ; free virtual = 12298
synth_design: Time (s): cpu = 00:01:06 ; elapsed = 00:01:10 . Memory (MB): peak = 1489.918 ; gain = 458.234 ; free physical = 1800 ; free virtual = 12209
