
*** Running vivado
    with args -log pid_vco_wrapper_dds_range_0.vds -m64 -product Vivado -mode batch -messageDb vivado.pb -notrace -source pid_vco_wrapper_dds_range_0.tcl

awk: symbol lookup error: awk: undefined symbol: mpfr_z_sub

****** Vivado v2016.4 (64-bit)
  **** SW Build 1733598 on Wed Dec 14 22:35:42 MST 2016
  **** IP Build 1731160 on Wed Dec 14 23:47:21 MST 2016
    ** Copyright 1986-2016 Xilinx, Inc. All Rights Reserved.

source pid_vco_wrapper_dds_range_0.tcl -notrace
Command: synth_design -top pid_vco_wrapper_dds_range_0 -part xc7z010clg400-1 -mode out_of_context
Starting synth_design
Attempting to get a license for feature 'Synthesis' and/or device 'xc7z010'
INFO: [Common 17-349] Got license for feature 'Synthesis' and/or device 'xc7z010'
INFO: Launching helper process for spawning children vivado processes
INFO: Helper process launched with PID 17798 
awk: symbol lookup error: awk: undefined symbol: mpfr_z_sub
---------------------------------------------------------------------------------
Starting RTL Elaboration : Time (s): cpu = 00:00:27 ; elapsed = 00:00:30 . Memory (MB): peak = 1110.266 ; gain = 179.086 ; free physical = 1248 ; free virtual = 12318
---------------------------------------------------------------------------------
INFO: [Synth 8-638] synthesizing module 'pid_vco_wrapper_dds_range_0' [/home/bma/git/fpga_design/redpitaya/pid_vco/pid_vco.srcs/sources_1/bd/pid_vco_wrapper/ip/pid_vco_wrapper_dds_range_0/synth/pid_vco_wrapper_dds_range_0.vhd:90]
	Parameter format bound to: signed - type: string 
	Parameter add_val bound to: 0 - type: integer 
	Parameter DATA_OUT_SIZE bound to: 14 - type: integer 
	Parameter DATA_IN_SIZE bound to: 14 - type: integer 
	Parameter id bound to: 1 - type: integer 
	Parameter C_S00_AXI_DATA_WIDTH bound to: 32 - type: integer 
	Parameter C_S00_AXI_ADDR_WIDTH bound to: 4 - type: integer 
INFO: [Synth 8-3491] module 'add_const' declared at '/home/bma/git/fpga_design/redpitaya/pid_vco/pid_vco.srcs/sources_1/bd/pid_vco_wrapper/ipshared/a7c6/hdl/add_const.vhd:5' bound to instance 'U0' of component 'add_const' [/home/bma/git/fpga_design/redpitaya/pid_vco/pid_vco.srcs/sources_1/bd/pid_vco_wrapper/ip/pid_vco_wrapper_dds_range_0/synth/pid_vco_wrapper_dds_range_0.vhd:170]
INFO: [Synth 8-638] synthesizing module 'add_const' [/home/bma/git/fpga_design/redpitaya/pid_vco/pid_vco.srcs/sources_1/bd/pid_vco_wrapper/ipshared/a7c6/hdl/add_const.vhd:52]
	Parameter id bound to: 1 - type: integer 
	Parameter format bound to: signed - type: string 
	Parameter add_val bound to: 0 - type: integer 
	Parameter DATA_OUT_SIZE bound to: 14 - type: integer 
	Parameter DATA_IN_SIZE bound to: 14 - type: integer 
	Parameter C_S00_AXI_DATA_WIDTH bound to: 32 - type: integer 
	Parameter C_S00_AXI_ADDR_WIDTH bound to: 4 - type: integer 
INFO: [Synth 8-638] synthesizing module 'add_const_logic' [/home/bma/git/fpga_design/redpitaya/pid_vco/pid_vco.srcs/sources_1/bd/pid_vco_wrapper/ipshared/a7c6/hdl/add_const_logic.vhd:26]
	Parameter format bound to: signed - type: string 
	Parameter DATA_OUT_SIZE bound to: 14 - type: integer 
	Parameter DATA_IN_SIZE bound to: 14 - type: integer 
INFO: [Synth 8-256] done synthesizing module 'add_const_logic' (1#1) [/home/bma/git/fpga_design/redpitaya/pid_vco/pid_vco.srcs/sources_1/bd/pid_vco_wrapper/ipshared/a7c6/hdl/add_const_logic.vhd:26]
INFO: [Synth 8-638] synthesizing module 'wb_add_const' [/home/bma/git/fpga_design/redpitaya/pid_vco/pid_vco.srcs/sources_1/bd/pid_vco_wrapper/ipshared/a7c6/hdl/wb_add_const.vhd:30]
	Parameter DEFAULT_OFFSET bound to: 0 - type: integer 
	Parameter FORMAT bound to: signed - type: string 
	Parameter DATA_SIZE bound to: 14 - type: integer 
	Parameter id bound to: 1 - type: integer 
	Parameter wb_size bound to: 32 - type: integer 
INFO: [Synth 8-256] done synthesizing module 'wb_add_const' (2#1) [/home/bma/git/fpga_design/redpitaya/pid_vco/pid_vco.srcs/sources_1/bd/pid_vco_wrapper/ipshared/a7c6/hdl/wb_add_const.vhd:30]
INFO: [Synth 8-638] synthesizing module 'add_const_handComm' [/home/bma/git/fpga_design/redpitaya/pid_vco/pid_vco.srcs/sources_1/bd/pid_vco_wrapper/ipshared/a7c6/hdl/add_const_handComm.vhd:88]
	Parameter C_S_AXI_DATA_WIDTH bound to: 32 - type: integer 
	Parameter C_S_AXI_ADDR_WIDTH bound to: 4 - type: integer 
	Parameter INTERNAL_ADDR_WIDTH bound to: 2 - type: integer 
INFO: [Synth 8-256] done synthesizing module 'add_const_handComm' (3#1) [/home/bma/git/fpga_design/redpitaya/pid_vco/pid_vco.srcs/sources_1/bd/pid_vco_wrapper/ipshared/a7c6/hdl/add_const_handComm.vhd:88]
INFO: [Synth 8-256] done synthesizing module 'add_const' (4#1) [/home/bma/git/fpga_design/redpitaya/pid_vco/pid_vco.srcs/sources_1/bd/pid_vco_wrapper/ipshared/a7c6/hdl/add_const.vhd:52]
INFO: [Synth 8-256] done synthesizing module 'pid_vco_wrapper_dds_range_0' (5#1) [/home/bma/git/fpga_design/redpitaya/pid_vco/pid_vco.srcs/sources_1/bd/pid_vco_wrapper/ip/pid_vco_wrapper_dds_range_0/synth/pid_vco_wrapper_dds_range_0.vhd:90]
WARNING: [Synth 8-3331] design add_const_handComm has unconnected port S_AXI_AWPROT[2]
WARNING: [Synth 8-3331] design add_const_handComm has unconnected port S_AXI_AWPROT[1]
WARNING: [Synth 8-3331] design add_const_handComm has unconnected port S_AXI_AWPROT[0]
WARNING: [Synth 8-3331] design add_const_handComm has unconnected port S_AXI_WSTRB[3]
WARNING: [Synth 8-3331] design add_const_handComm has unconnected port S_AXI_WSTRB[2]
WARNING: [Synth 8-3331] design add_const_handComm has unconnected port S_AXI_WSTRB[1]
WARNING: [Synth 8-3331] design add_const_handComm has unconnected port S_AXI_WSTRB[0]
WARNING: [Synth 8-3331] design add_const_handComm has unconnected port S_AXI_ARPROT[2]
WARNING: [Synth 8-3331] design add_const_handComm has unconnected port S_AXI_ARPROT[1]
WARNING: [Synth 8-3331] design add_const_handComm has unconnected port S_AXI_ARPROT[0]
WARNING: [Synth 8-3331] design wb_add_const has unconnected port wbs_writedata[31]
WARNING: [Synth 8-3331] design wb_add_const has unconnected port wbs_writedata[30]
WARNING: [Synth 8-3331] design wb_add_const has unconnected port wbs_writedata[29]
WARNING: [Synth 8-3331] design wb_add_const has unconnected port wbs_writedata[28]
WARNING: [Synth 8-3331] design wb_add_const has unconnected port wbs_writedata[27]
WARNING: [Synth 8-3331] design wb_add_const has unconnected port wbs_writedata[26]
WARNING: [Synth 8-3331] design wb_add_const has unconnected port wbs_writedata[25]
WARNING: [Synth 8-3331] design wb_add_const has unconnected port wbs_writedata[24]
WARNING: [Synth 8-3331] design wb_add_const has unconnected port wbs_writedata[23]
WARNING: [Synth 8-3331] design wb_add_const has unconnected port wbs_writedata[22]
WARNING: [Synth 8-3331] design wb_add_const has unconnected port wbs_writedata[21]
WARNING: [Synth 8-3331] design wb_add_const has unconnected port wbs_writedata[20]
WARNING: [Synth 8-3331] design wb_add_const has unconnected port wbs_writedata[19]
WARNING: [Synth 8-3331] design wb_add_const has unconnected port wbs_writedata[18]
WARNING: [Synth 8-3331] design wb_add_const has unconnected port wbs_writedata[17]
WARNING: [Synth 8-3331] design wb_add_const has unconnected port wbs_writedata[16]
WARNING: [Synth 8-3331] design wb_add_const has unconnected port wbs_writedata[15]
WARNING: [Synth 8-3331] design wb_add_const has unconnected port wbs_writedata[14]
---------------------------------------------------------------------------------
Finished RTL Elaboration : Time (s): cpu = 00:00:30 ; elapsed = 00:00:33 . Memory (MB): peak = 1151.734 ; gain = 220.555 ; free physical = 1136 ; free virtual = 12208
---------------------------------------------------------------------------------

Report Check Netlist: 
+------+------------------+-------+---------+-------+------------------+
|      |Item              |Errors |Warnings |Status |Description       |
+------+------------------+-------+---------+-------+------------------+
|1     |multi_driven_nets |      0|        0|Passed |Multi driven nets |
+------+------------------+-------+---------+-------+------------------+
---------------------------------------------------------------------------------
Finished RTL Optimization Phase 1 : Time (s): cpu = 00:00:30 ; elapsed = 00:00:33 . Memory (MB): peak = 1151.734 ; gain = 220.555 ; free physical = 1133 ; free virtual = 12204
---------------------------------------------------------------------------------
INFO: [Device 21-403] Loading part xc7z010clg400-1
INFO: [Project 1-570] Preparing netlist for logic optimization

Processing XDC Constraints
Initializing timing engine
Parsing XDC File [/home/bma/git/fpga_design/redpitaya/pid_vco/pid_vco.srcs/sources_1/bd/pid_vco_wrapper/ip/pid_vco_wrapper_dds_range_0/add_const_ooc.xdc] for cell 'U0'
Finished Parsing XDC File [/home/bma/git/fpga_design/redpitaya/pid_vco/pid_vco.srcs/sources_1/bd/pid_vco_wrapper/ip/pid_vco_wrapper_dds_range_0/add_const_ooc.xdc] for cell 'U0'
Parsing XDC File [/home/bma/git/fpga_design/redpitaya/pid_vco/pid_vco.runs/pid_vco_wrapper_dds_range_0_synth_1/dont_touch.xdc]
Finished Parsing XDC File [/home/bma/git/fpga_design/redpitaya/pid_vco/pid_vco.runs/pid_vco_wrapper_dds_range_0_synth_1/dont_touch.xdc]
Completed Processing XDC Constraints

INFO: [Project 1-111] Unisim Transformation Summary:
No Unisim elements were transformed.

Constraint Validation Runtime : Time (s): cpu = 00:00:00.04 ; elapsed = 00:00:00.05 . Memory (MB): peak = 1482.910 ; gain = 0.000 ; free physical = 629 ; free virtual = 11700
---------------------------------------------------------------------------------
Finished Constraint Validation : Time (s): cpu = 00:00:58 ; elapsed = 00:01:03 . Memory (MB): peak = 1482.910 ; gain = 551.730 ; free physical = 500 ; free virtual = 11572
---------------------------------------------------------------------------------
---------------------------------------------------------------------------------
Start Loading Part and Timing Information
---------------------------------------------------------------------------------
Loading part: xc7z010clg400-1
---------------------------------------------------------------------------------
Finished Loading Part and Timing Information : Time (s): cpu = 00:00:58 ; elapsed = 00:01:03 . Memory (MB): peak = 1482.910 ; gain = 551.730 ; free physical = 500 ; free virtual = 11572
---------------------------------------------------------------------------------
---------------------------------------------------------------------------------
Start Applying 'set_property' XDC Constraints
---------------------------------------------------------------------------------
Applied set_property DONT_TOUCH = true for U0. (constraint file  auto generated constraint, line ).
---------------------------------------------------------------------------------
Finished applying 'set_property' XDC Constraints : Time (s): cpu = 00:00:58 ; elapsed = 00:01:03 . Memory (MB): peak = 1482.910 ; gain = 551.730 ; free physical = 500 ; free virtual = 11571
---------------------------------------------------------------------------------
INFO: [Synth 8-5544] ROM "offset_s" won't be mapped to Block RAM because address size (2) smaller than threshold (5)
---------------------------------------------------------------------------------
Finished RTL Optimization Phase 2 : Time (s): cpu = 00:00:59 ; elapsed = 00:01:04 . Memory (MB): peak = 1482.910 ; gain = 551.730 ; free physical = 479 ; free virtual = 11551
---------------------------------------------------------------------------------

Report RTL Partitions: 
+-+--------------+------------+----------+
| |RTL Partition |Replication |Instances |
+-+--------------+------------+----------+
+-+--------------+------------+----------+
---------------------------------------------------------------------------------
Start RTL Component Statistics 
---------------------------------------------------------------------------------
Detailed RTL Component Info : 
+---Adders : 
	   2 Input     14 Bit       Adders := 1     
+---Registers : 
	               32 Bit    Registers := 1     
	               14 Bit    Registers := 4     
	                4 Bit    Registers := 2     
	                2 Bit    Registers := 3     
	                1 Bit    Registers := 6     
+---Muxes : 
	   2 Input     32 Bit        Muxes := 1     
	   2 Input      2 Bit        Muxes := 3     
	   2 Input      1 Bit        Muxes := 7     
---------------------------------------------------------------------------------
Finished RTL Component Statistics 
---------------------------------------------------------------------------------
---------------------------------------------------------------------------------
Start RTL Hierarchical Component Statistics 
---------------------------------------------------------------------------------
Hierarchical RTL Component report 
Module add_const_logic 
Detailed RTL Component Info : 
+---Adders : 
	   2 Input     14 Bit       Adders := 1     
+---Registers : 
	               14 Bit    Registers := 3     
	                1 Bit    Registers := 1     
Module wb_add_const 
Detailed RTL Component Info : 
+---Registers : 
	               32 Bit    Registers := 1     
	               14 Bit    Registers := 1     
+---Muxes : 
	   2 Input     32 Bit        Muxes := 1     
	   2 Input      1 Bit        Muxes := 3     
Module add_const_handComm 
Detailed RTL Component Info : 
+---Registers : 
	                4 Bit    Registers := 2     
	                2 Bit    Registers := 3     
	                1 Bit    Registers := 5     
+---Muxes : 
	   2 Input      2 Bit        Muxes := 3     
	   2 Input      1 Bit        Muxes := 4     
---------------------------------------------------------------------------------
Finished RTL Hierarchical Component Statistics
---------------------------------------------------------------------------------
---------------------------------------------------------------------------------
Start Part Resource Summary
---------------------------------------------------------------------------------
Part Resources:
DSPs: 80 (col length:40)
BRAMs: 120 (col length: RAMB18 40 RAMB36 20)
---------------------------------------------------------------------------------
Finished Part Resource Summary
---------------------------------------------------------------------------------
---------------------------------------------------------------------------------
Start Cross Boundary and Area Optimization
---------------------------------------------------------------------------------
WARNING: [Synth 8-3331] design add_const has unconnected port s00_axi_awprot[2]
WARNING: [Synth 8-3331] design add_const has unconnected port s00_axi_awprot[1]
WARNING: [Synth 8-3331] design add_const has unconnected port s00_axi_awprot[0]
WARNING: [Synth 8-3331] design add_const has unconnected port s00_axi_wdata[31]
WARNING: [Synth 8-3331] design add_const has unconnected port s00_axi_wdata[30]
WARNING: [Synth 8-3331] design add_const has unconnected port s00_axi_wdata[29]
WARNING: [Synth 8-3331] design add_const has unconnected port s00_axi_wdata[28]
WARNING: [Synth 8-3331] design add_const has unconnected port s00_axi_wdata[27]
WARNING: [Synth 8-3331] design add_const has unconnected port s00_axi_wdata[26]
WARNING: [Synth 8-3331] design add_const has unconnected port s00_axi_wdata[25]
WARNING: [Synth 8-3331] design add_const has unconnected port s00_axi_wdata[24]
WARNING: [Synth 8-3331] design add_const has unconnected port s00_axi_wdata[23]
WARNING: [Synth 8-3331] design add_const has unconnected port s00_axi_wdata[22]
WARNING: [Synth 8-3331] design add_const has unconnected port s00_axi_wdata[21]
WARNING: [Synth 8-3331] design add_const has unconnected port s00_axi_wdata[20]
WARNING: [Synth 8-3331] design add_const has unconnected port s00_axi_wdata[19]
WARNING: [Synth 8-3331] design add_const has unconnected port s00_axi_wdata[18]
WARNING: [Synth 8-3331] design add_const has unconnected port s00_axi_wdata[17]
WARNING: [Synth 8-3331] design add_const has unconnected port s00_axi_wdata[16]
WARNING: [Synth 8-3331] design add_const has unconnected port s00_axi_wdata[15]
WARNING: [Synth 8-3331] design add_const has unconnected port s00_axi_wdata[14]
WARNING: [Synth 8-3331] design add_const has unconnected port s00_axi_wstrb[3]
WARNING: [Synth 8-3331] design add_const has unconnected port s00_axi_wstrb[2]
WARNING: [Synth 8-3331] design add_const has unconnected port s00_axi_wstrb[1]
WARNING: [Synth 8-3331] design add_const has unconnected port s00_axi_wstrb[0]
WARNING: [Synth 8-3331] design add_const has unconnected port s00_axi_arprot[2]
WARNING: [Synth 8-3331] design add_const has unconnected port s00_axi_arprot[1]
WARNING: [Synth 8-3331] design add_const has unconnected port s00_axi_arprot[0]
INFO: [Synth 8-3886] merging instance 'U0/add_constHandComm/axi_rresp_reg[0]' (FDRE) to 'U0/add_constHandComm/axi_rresp_reg[1]'
INFO: [Synth 8-3333] propagating constant 0 across sequential element (U0/\add_constHandComm/axi_rresp_reg[1] )
INFO: [Synth 8-3886] merging instance 'U0/wb_add_const_inst/readdata_s_reg[13]' (FDCE) to 'U0/wb_add_const_inst/readdata_s_reg[31]'
INFO: [Synth 8-3886] merging instance 'U0/wb_add_const_inst/readdata_s_reg[14]' (FDCE) to 'U0/wb_add_const_inst/readdata_s_reg[31]'
INFO: [Synth 8-3886] merging instance 'U0/wb_add_const_inst/readdata_s_reg[15]' (FDCE) to 'U0/wb_add_const_inst/readdata_s_reg[31]'
INFO: [Synth 8-3886] merging instance 'U0/wb_add_const_inst/readdata_s_reg[16]' (FDCE) to 'U0/wb_add_const_inst/readdata_s_reg[31]'
INFO: [Synth 8-3886] merging instance 'U0/wb_add_const_inst/readdata_s_reg[17]' (FDCE) to 'U0/wb_add_const_inst/readdata_s_reg[31]'
INFO: [Synth 8-3886] merging instance 'U0/wb_add_const_inst/readdata_s_reg[18]' (FDCE) to 'U0/wb_add_const_inst/readdata_s_reg[31]'
INFO: [Synth 8-3886] merging instance 'U0/wb_add_const_inst/readdata_s_reg[19]' (FDCE) to 'U0/wb_add_const_inst/readdata_s_reg[31]'
INFO: [Synth 8-3886] merging instance 'U0/wb_add_const_inst/readdata_s_reg[20]' (FDCE) to 'U0/wb_add_const_inst/readdata_s_reg[31]'
INFO: [Synth 8-3886] merging instance 'U0/wb_add_const_inst/readdata_s_reg[21]' (FDCE) to 'U0/wb_add_const_inst/readdata_s_reg[31]'
INFO: [Synth 8-3886] merging instance 'U0/wb_add_const_inst/readdata_s_reg[22]' (FDCE) to 'U0/wb_add_const_inst/readdata_s_reg[31]'
INFO: [Synth 8-3886] merging instance 'U0/wb_add_const_inst/readdata_s_reg[23]' (FDCE) to 'U0/wb_add_const_inst/readdata_s_reg[31]'
INFO: [Synth 8-3886] merging instance 'U0/wb_add_const_inst/readdata_s_reg[24]' (FDCE) to 'U0/wb_add_const_inst/readdata_s_reg[31]'
INFO: [Synth 8-3886] merging instance 'U0/wb_add_const_inst/readdata_s_reg[25]' (FDCE) to 'U0/wb_add_const_inst/readdata_s_reg[31]'
INFO: [Synth 8-3886] merging instance 'U0/wb_add_const_inst/readdata_s_reg[26]' (FDCE) to 'U0/wb_add_const_inst/readdata_s_reg[31]'
INFO: [Synth 8-3886] merging instance 'U0/wb_add_const_inst/readdata_s_reg[27]' (FDCE) to 'U0/wb_add_const_inst/readdata_s_reg[31]'
INFO: [Synth 8-3886] merging instance 'U0/wb_add_const_inst/readdata_s_reg[28]' (FDCE) to 'U0/wb_add_const_inst/readdata_s_reg[31]'
INFO: [Synth 8-3886] merging instance 'U0/wb_add_const_inst/readdata_s_reg[29]' (FDCE) to 'U0/wb_add_const_inst/readdata_s_reg[31]'
INFO: [Synth 8-3886] merging instance 'U0/wb_add_const_inst/readdata_s_reg[30]' (FDCE) to 'U0/wb_add_const_inst/readdata_s_reg[31]'
INFO: [Synth 8-3886] merging instance 'U0/add_constHandComm/axi_bresp_reg[0]' (FDRE) to 'U0/add_constHandComm/axi_bresp_reg[1]'
INFO: [Synth 8-3333] propagating constant 0 across sequential element (U0/\add_constHandComm/axi_bresp_reg[1] )
WARNING: [Synth 8-3332] Sequential element (add_constHandComm/axi_bresp_reg[1]) is unused and will be removed from module add_const.
WARNING: [Synth 8-3332] Sequential element (add_constHandComm/axi_rresp_reg[1]) is unused and will be removed from module add_const.
WARNING: [Synth 8-3332] Sequential element (add_constHandComm/axi_awaddr_reg[1]) is unused and will be removed from module add_const.
WARNING: [Synth 8-3332] Sequential element (add_constHandComm/axi_awaddr_reg[0]) is unused and will be removed from module add_const.
WARNING: [Synth 8-3332] Sequential element (add_constHandComm/axi_araddr_reg[1]) is unused and will be removed from module add_const.
WARNING: [Synth 8-3332] Sequential element (add_constHandComm/axi_araddr_reg[0]) is unused and will be removed from module add_const.
---------------------------------------------------------------------------------
Finished Cross Boundary and Area Optimization : Time (s): cpu = 00:01:00 ; elapsed = 00:01:05 . Memory (MB): peak = 1482.910 ; gain = 551.730 ; free physical = 449 ; free virtual = 11521
---------------------------------------------------------------------------------

Report RTL Partitions: 
+-+--------------+------------+----------+
| |RTL Partition |Replication |Instances |
+-+--------------+------------+----------+
+-+--------------+------------+----------+
---------------------------------------------------------------------------------
Start Timing Optimization
---------------------------------------------------------------------------------
---------------------------------------------------------------------------------
Start Applying XDC Timing Constraints
---------------------------------------------------------------------------------
---------------------------------------------------------------------------------
Finished Applying XDC Timing Constraints : Time (s): cpu = 00:01:27 ; elapsed = 00:01:35 . Memory (MB): peak = 1482.910 ; gain = 551.730 ; free physical = 605 ; free virtual = 11678
---------------------------------------------------------------------------------
---------------------------------------------------------------------------------
Finished Timing Optimization : Time (s): cpu = 00:01:27 ; elapsed = 00:01:35 . Memory (MB): peak = 1482.910 ; gain = 551.730 ; free physical = 605 ; free virtual = 11678
---------------------------------------------------------------------------------

Report RTL Partitions: 
+-+--------------+------------+----------+
| |RTL Partition |Replication |Instances |
+-+--------------+------------+----------+
+-+--------------+------------+----------+
---------------------------------------------------------------------------------
Start Technology Mapping
---------------------------------------------------------------------------------
---------------------------------------------------------------------------------
Finished Technology Mapping : Time (s): cpu = 00:01:27 ; elapsed = 00:01:35 . Memory (MB): peak = 1482.910 ; gain = 551.730 ; free physical = 577 ; free virtual = 11649
---------------------------------------------------------------------------------

Report RTL Partitions: 
+-+--------------+------------+----------+
| |RTL Partition |Replication |Instances |
+-+--------------+------------+----------+
+-+--------------+------------+----------+
---------------------------------------------------------------------------------
Start IO Insertion
---------------------------------------------------------------------------------
---------------------------------------------------------------------------------
Start Flattening Before IO Insertion
---------------------------------------------------------------------------------
---------------------------------------------------------------------------------
Finished Flattening Before IO Insertion
---------------------------------------------------------------------------------
---------------------------------------------------------------------------------
Start Final Netlist Cleanup
---------------------------------------------------------------------------------
---------------------------------------------------------------------------------
Finished Final Netlist Cleanup
---------------------------------------------------------------------------------
---------------------------------------------------------------------------------
Finished IO Insertion : Time (s): cpu = 00:01:28 ; elapsed = 00:01:37 . Memory (MB): peak = 1482.910 ; gain = 551.730 ; free physical = 572 ; free virtual = 11644
---------------------------------------------------------------------------------

Report Check Netlist: 
+------+------------------+-------+---------+-------+------------------+
|      |Item              |Errors |Warnings |Status |Description       |
+------+------------------+-------+---------+-------+------------------+
|1     |multi_driven_nets |      0|        0|Passed |Multi driven nets |
+------+------------------+-------+---------+-------+------------------+
---------------------------------------------------------------------------------
Start Renaming Generated Instances
---------------------------------------------------------------------------------
---------------------------------------------------------------------------------
Finished Renaming Generated Instances : Time (s): cpu = 00:01:29 ; elapsed = 00:01:37 . Memory (MB): peak = 1482.910 ; gain = 551.730 ; free physical = 572 ; free virtual = 11644
---------------------------------------------------------------------------------

Report RTL Partitions: 
+-+--------------+------------+----------+
| |RTL Partition |Replication |Instances |
+-+--------------+------------+----------+
+-+--------------+------------+----------+
---------------------------------------------------------------------------------
Start Rebuilding User Hierarchy
---------------------------------------------------------------------------------
---------------------------------------------------------------------------------
Finished Rebuilding User Hierarchy : Time (s): cpu = 00:01:29 ; elapsed = 00:01:37 . Memory (MB): peak = 1482.910 ; gain = 551.730 ; free physical = 572 ; free virtual = 11644
---------------------------------------------------------------------------------
---------------------------------------------------------------------------------
Start Renaming Generated Ports
---------------------------------------------------------------------------------
---------------------------------------------------------------------------------
Finished Renaming Generated Ports : Time (s): cpu = 00:01:29 ; elapsed = 00:01:37 . Memory (MB): peak = 1482.910 ; gain = 551.730 ; free physical = 572 ; free virtual = 11644
---------------------------------------------------------------------------------
---------------------------------------------------------------------------------
Start Handling Custom Attributes
---------------------------------------------------------------------------------
---------------------------------------------------------------------------------
Finished Handling Custom Attributes : Time (s): cpu = 00:01:29 ; elapsed = 00:01:37 . Memory (MB): peak = 1482.910 ; gain = 551.730 ; free physical = 570 ; free virtual = 11642
---------------------------------------------------------------------------------
---------------------------------------------------------------------------------
Start Renaming Generated Nets
---------------------------------------------------------------------------------
---------------------------------------------------------------------------------
Finished Renaming Generated Nets : Time (s): cpu = 00:01:29 ; elapsed = 00:01:37 . Memory (MB): peak = 1482.910 ; gain = 551.730 ; free physical = 570 ; free virtual = 11642
---------------------------------------------------------------------------------
---------------------------------------------------------------------------------
Start Writing Synthesis Report
---------------------------------------------------------------------------------

Report BlackBoxes: 
+-+--------------+----------+
| |BlackBox name |Instances |
+-+--------------+----------+
+-+--------------+----------+

Report Cell Usage: 
+------+-------+------+
|      |Cell   |Count |
+------+-------+------+
|1     |CARRY4 |     4|
|2     |LUT2   |    16|
|3     |LUT3   |     4|
|4     |LUT4   |     5|
|5     |LUT5   |     6|
|6     |LUT6   |    15|
|7     |FDCE   |    28|
|8     |FDRE   |    52|
|9     |FDSE   |     2|
+------+-------+------+

Report Instance Areas: 
+------+----------------------+-------------------+------+
|      |Instance              |Module             |Cells |
+------+----------------------+-------------------+------+
|1     |top                   |                   |   132|
|2     |  U0                  |add_const          |   132|
|3     |    add_constHandComm |add_const_handComm |    42|
|4     |    add_constLogic    |add_const_logic    |    62|
|5     |    wb_add_const_inst |wb_add_const       |    28|
+------+----------------------+-------------------+------+
---------------------------------------------------------------------------------
Finished Writing Synthesis Report : Time (s): cpu = 00:01:29 ; elapsed = 00:01:37 . Memory (MB): peak = 1482.910 ; gain = 551.730 ; free physical = 570 ; free virtual = 11642
---------------------------------------------------------------------------------
Synthesis finished with 0 errors, 0 critical warnings and 34 warnings.
Synthesis Optimization Runtime : Time (s): cpu = 00:01:00 ; elapsed = 00:01:05 . Memory (MB): peak = 1482.910 ; gain = 108.465 ; free physical = 564 ; free virtual = 11635
Synthesis Optimization Complete : Time (s): cpu = 00:01:29 ; elapsed = 00:01:37 . Memory (MB): peak = 1482.918 ; gain = 551.738 ; free physical = 566 ; free virtual = 11637
INFO: [Project 1-571] Translating synthesized netlist
INFO: [Netlist 29-17] Analyzing 4 Unisim elements for replacement
INFO: [Netlist 29-28] Unisim Transformation completed in 0 CPU seconds
INFO: [Project 1-570] Preparing netlist for logic optimization
Parsing XDC File [/home/bma/git/fpga_design/redpitaya/pid_vco/pid_vco.srcs/sources_1/bd/pid_vco_wrapper/ip/pid_vco_wrapper_dds_range_0/add_const_ooc.xdc] for cell 'U0'
Finished Parsing XDC File [/home/bma/git/fpga_design/redpitaya/pid_vco/pid_vco.srcs/sources_1/bd/pid_vco_wrapper/ip/pid_vco_wrapper_dds_range_0/add_const_ooc.xdc] for cell 'U0'
INFO: [Opt 31-138] Pushed 0 inverter(s) to 0 load pin(s).
INFO: [Project 1-111] Unisim Transformation Summary:
No Unisim elements were transformed.

INFO: [Common 17-83] Releasing license: Synthesis
45 Infos, 62 Warnings, 0 Critical Warnings and 0 Errors encountered.
synth_design completed successfully
synth_design: Time (s): cpu = 00:01:18 ; elapsed = 00:01:24 . Memory (MB): peak = 1482.918 ; gain = 452.234 ; free physical = 1076 ; free virtual = 12147
INFO: [Common 17-1381] The checkpoint '/home/bma/git/fpga_design/redpitaya/pid_vco/pid_vco.runs/pid_vco_wrapper_dds_range_0_synth_1/pid_vco_wrapper_dds_range_0.dcp' has been generated.
INFO: [Coretcl 2-1174] Renamed 4 cell refs.
INFO: [Common 17-1381] The checkpoint '/home/bma/git/fpga_design/redpitaya/pid_vco/pid_vco.runs/pid_vco_wrapper_dds_range_0_synth_1/pid_vco_wrapper_dds_range_0.dcp' has been generated.
report_utilization: Time (s): cpu = 00:00:00.16 ; elapsed = 00:00:00.21 . Memory (MB): peak = 1506.922 ; gain = 0.000 ; free physical = 1072 ; free virtual = 12143
INFO: [Common 17-206] Exiting Vivado at Tue Apr 11 10:31:51 2017...
