
*** Running vivado
    with args -log iq_demod_only_wrapper_xlconstant_0_0.vds -m64 -product Vivado -mode batch -messageDb vivado.pb -notrace -source iq_demod_only_wrapper_xlconstant_0_0.tcl

awk: symbol lookup error: awk: undefined symbol: mpfr_z_sub

****** Vivado v2016.4 (64-bit)
  **** SW Build 1733598 on Wed Dec 14 22:35:42 MST 2016
  **** IP Build 1731160 on Wed Dec 14 23:47:21 MST 2016
    ** Copyright 1986-2016 Xilinx, Inc. All Rights Reserved.

source iq_demod_only_wrapper_xlconstant_0_0.tcl -notrace
awk: symbol lookup error: awk: undefined symbol: mpfr_z_sub
Starting RTL Elaboration : Time (s): cpu = 00:00:27 ; elapsed = 00:00:30 . Memory (MB): peak = 1112.270 ; gain = 181.086 ; free physical = 869 ; free virtual = 12187
INFO: [Synth 8-638] synthesizing module 'iq_demod_only_wrapper_xlconstant_0_0' [/home/bma/git/fpga_design/redpitaya/iq_demod_only/iq_demod_only.srcs/sources_1/bd/iq_demod_only_wrapper/ip/iq_demod_only_wrapper_xlconstant_0_0/sim/iq_demod_only_wrapper_xlconstant_0_0.v:56]
INFO: [Synth 8-638] synthesizing module 'xlconstant' [/home/bma/git/fpga_design/redpitaya/iq_demod_only/iq_demod_only.srcs/sources_1/bd/iq_demod_only_wrapper/ipshared/e147/xlconstant.v:23]
INFO: [Synth 8-256] done synthesizing module 'xlconstant' (1#1) [/home/bma/git/fpga_design/redpitaya/iq_demod_only/iq_demod_only.srcs/sources_1/bd/iq_demod_only_wrapper/ipshared/e147/xlconstant.v:23]
INFO: [Synth 8-256] done synthesizing module 'iq_demod_only_wrapper_xlconstant_0_0' (2#1) [/home/bma/git/fpga_design/redpitaya/iq_demod_only/iq_demod_only.srcs/sources_1/bd/iq_demod_only_wrapper/ip/iq_demod_only_wrapper_xlconstant_0_0/sim/iq_demod_only_wrapper_xlconstant_0_0.v:56]
Finished RTL Elaboration : Time (s): cpu = 00:00:29 ; elapsed = 00:00:32 . Memory (MB): peak = 1153.738 ; gain = 222.555 ; free physical = 823 ; free virtual = 12142
Finished RTL Optimization Phase 1 : Time (s): cpu = 00:00:29 ; elapsed = 00:00:33 . Memory (MB): peak = 1153.738 ; gain = 222.555 ; free physical = 823 ; free virtual = 12142
INFO: [Device 21-403] Loading part xc7z010clg400-1
Constraint Validation Runtime : Time (s): cpu = 00:00:00.03 ; elapsed = 00:00:00.02 . Memory (MB): peak = 1390.898 ; gain = 0.000 ; free physical = 531 ; free virtual = 11855
Finished Constraint Validation : Time (s): cpu = 00:00:55 ; elapsed = 00:00:59 . Memory (MB): peak = 1390.898 ; gain = 459.715 ; free physical = 322 ; free virtual = 11661
Finished Loading Part and Timing Information : Time (s): cpu = 00:00:55 ; elapsed = 00:00:59 . Memory (MB): peak = 1390.898 ; gain = 459.715 ; free physical = 321 ; free virtual = 11660
Finished applying 'set_property' XDC Constraints : Time (s): cpu = 00:00:55 ; elapsed = 00:00:59 . Memory (MB): peak = 1390.898 ; gain = 459.715 ; free physical = 314 ; free virtual = 11655
Finished RTL Optimization Phase 2 : Time (s): cpu = 00:00:55 ; elapsed = 00:00:59 . Memory (MB): peak = 1390.898 ; gain = 459.715 ; free physical = 313 ; free virtual = 11653
Finished Cross Boundary and Area Optimization : Time (s): cpu = 00:00:55 ; elapsed = 00:01:00 . Memory (MB): peak = 1390.898 ; gain = 459.715 ; free physical = 297 ; free virtual = 11638
Finished Applying XDC Timing Constraints : Time (s): cpu = 00:01:13 ; elapsed = 00:01:18 . Memory (MB): peak = 1435.898 ; gain = 504.715 ; free physical = 1040 ; free virtual = 12382
Finished Timing Optimization : Time (s): cpu = 00:01:13 ; elapsed = 00:01:18 . Memory (MB): peak = 1435.898 ; gain = 504.715 ; free physical = 1040 ; free virtual = 12382
Finished Technology Mapping : Time (s): cpu = 00:01:13 ; elapsed = 00:01:18 . Memory (MB): peak = 1444.914 ; gain = 513.730 ; free physical = 1032 ; free virtual = 12373
Finished IO Insertion : Time (s): cpu = 00:01:14 ; elapsed = 00:01:19 . Memory (MB): peak = 1444.914 ; gain = 513.730 ; free physical = 1029 ; free virtual = 12373
Finished Renaming Generated Instances : Time (s): cpu = 00:01:14 ; elapsed = 00:01:19 . Memory (MB): peak = 1444.914 ; gain = 513.730 ; free physical = 1029 ; free virtual = 12373
Finished Rebuilding User Hierarchy : Time (s): cpu = 00:01:14 ; elapsed = 00:01:19 . Memory (MB): peak = 1444.914 ; gain = 513.730 ; free physical = 1029 ; free virtual = 12373
Finished Renaming Generated Ports : Time (s): cpu = 00:01:14 ; elapsed = 00:01:19 . Memory (MB): peak = 1444.914 ; gain = 513.730 ; free physical = 1029 ; free virtual = 12373
Finished Handling Custom Attributes : Time (s): cpu = 00:01:14 ; elapsed = 00:01:19 . Memory (MB): peak = 1444.914 ; gain = 513.730 ; free physical = 1029 ; free virtual = 12373
Finished Renaming Generated Nets : Time (s): cpu = 00:01:14 ; elapsed = 00:01:19 . Memory (MB): peak = 1444.914 ; gain = 513.730 ; free physical = 1029 ; free virtual = 12373

Report Cell Usage: 
+-+-----+------+
| |Cell |Count |
+-+-----+------+
+-+-----+------+
Finished Writing Synthesis Report : Time (s): cpu = 00:01:14 ; elapsed = 00:01:19 . Memory (MB): peak = 1444.914 ; gain = 513.730 ; free physical = 1029 ; free virtual = 12373
synth_design: Time (s): cpu = 00:01:02 ; elapsed = 00:01:05 . Memory (MB): peak = 1457.914 ; gain = 426.227 ; free physical = 1025 ; free virtual = 12364
