
*** Running vivado
    with args -log pid_vco_bypass_pid_only_wrapper_tier2_xbar_2_0.vds -m64 -product Vivado -mode batch -messageDb vivado.pb -notrace -source pid_vco_bypass_pid_only_wrapper_tier2_xbar_2_0.tcl

awk: symbol lookup error: awk: undefined symbol: mpfr_z_sub

****** Vivado v2016.4 (64-bit)
  **** SW Build 1733598 on Wed Dec 14 22:35:42 MST 2016
  **** IP Build 1731160 on Wed Dec 14 23:47:21 MST 2016
    ** Copyright 1986-2016 Xilinx, Inc. All Rights Reserved.

source pid_vco_bypass_pid_only_wrapper_tier2_xbar_2_0.tcl -notrace
awk: symbol lookup error: awk: undefined symbol: mpfr_z_sub
Starting RTL Elaboration : Time (s): cpu = 00:00:39 ; elapsed = 00:00:45 . Memory (MB): peak = 1128.273 ; gain = 197.086 ; free physical = 144 ; free virtual = 10986
INFO: [Synth 8-638] synthesizing module 'pid_vco_bypass_pid_only_wrapper_tier2_xbar_2_0' [/home/bma/git/fpga_design/redpitaya/pid_vco_bypass_pid_only/pid_vco_bypass_pid_only.srcs/sources_1/bd/pid_vco_bypass_pid_only_wrapper/ip/pid_vco_bypass_pid_only_wrapper_tier2_xbar_2_0/synth/pid_vco_bypass_pid_only_wrapper_tier2_xbar_2_0.v:59]
INFO: [Synth 8-638] synthesizing module 'axi_crossbar_v2_1_12_axi_crossbar' [/home/bma/git/fpga_design/redpitaya/pid_vco_bypass_pid_only/pid_vco_bypass_pid_only.srcs/sources_1/bd/pid_vco_bypass_pid_only_wrapper/ipshared/896d/hdl/axi_crossbar_v2_1_vl_rfs.v:4882]
INFO: [Synth 8-638] synthesizing module 'axi_crossbar_v2_1_12_crossbar_sasd' [/home/bma/git/fpga_design/redpitaya/pid_vco_bypass_pid_only/pid_vco_bypass_pid_only.srcs/sources_1/bd/pid_vco_bypass_pid_only_wrapper/ipshared/896d/hdl/axi_crossbar_v2_1_vl_rfs.v:1240]
INFO: [Synth 8-638] synthesizing module 'axi_crossbar_v2_1_12_addr_decoder' [/home/bma/git/fpga_design/redpitaya/pid_vco_bypass_pid_only/pid_vco_bypass_pid_only.srcs/sources_1/bd/pid_vco_bypass_pid_only_wrapper/ipshared/896d/hdl/axi_crossbar_v2_1_vl_rfs.v:794]
INFO: [Synth 8-638] synthesizing module 'generic_baseblocks_v2_1_0_comparator_static' [/home/bma/git/fpga_design/redpitaya/pid_vco_bypass_pid_only/pid_vco_bypass_pid_only.srcs/sources_1/bd/pid_vco_bypass_pid_only_wrapper/ipshared/7ee0/hdl/generic_baseblocks_v2_1_vl_rfs.v:2133]
INFO: [Synth 8-638] synthesizing module 'generic_baseblocks_v2_1_0_carry_and' [/home/bma/git/fpga_design/redpitaya/pid_vco_bypass_pid_only/pid_vco_bypass_pid_only.srcs/sources_1/bd/pid_vco_bypass_pid_only_wrapper/ipshared/7ee0/hdl/generic_baseblocks_v2_1_vl_rfs.v:62]
INFO: [Synth 8-256] done synthesizing module 'generic_baseblocks_v2_1_0_carry_and' (1#1) [/home/bma/git/fpga_design/redpitaya/pid_vco_bypass_pid_only/pid_vco_bypass_pid_only.srcs/sources_1/bd/pid_vco_bypass_pid_only_wrapper/ipshared/7ee0/hdl/generic_baseblocks_v2_1_vl_rfs.v:62]
INFO: [Synth 8-256] done synthesizing module 'generic_baseblocks_v2_1_0_comparator_static' (2#1) [/home/bma/git/fpga_design/redpitaya/pid_vco_bypass_pid_only/pid_vco_bypass_pid_only.srcs/sources_1/bd/pid_vco_bypass_pid_only_wrapper/ipshared/7ee0/hdl/generic_baseblocks_v2_1_vl_rfs.v:2133]
INFO: [Synth 8-638] synthesizing module 'generic_baseblocks_v2_1_0_comparator_static__parameterized0' [/home/bma/git/fpga_design/redpitaya/pid_vco_bypass_pid_only/pid_vco_bypass_pid_only.srcs/sources_1/bd/pid_vco_bypass_pid_only_wrapper/ipshared/7ee0/hdl/generic_baseblocks_v2_1_vl_rfs.v:2133]
INFO: [Synth 8-256] done synthesizing module 'generic_baseblocks_v2_1_0_comparator_static__parameterized0' (2#1) [/home/bma/git/fpga_design/redpitaya/pid_vco_bypass_pid_only/pid_vco_bypass_pid_only.srcs/sources_1/bd/pid_vco_bypass_pid_only_wrapper/ipshared/7ee0/hdl/generic_baseblocks_v2_1_vl_rfs.v:2133]
INFO: [Synth 8-638] synthesizing module 'generic_baseblocks_v2_1_0_comparator_static__parameterized1' [/home/bma/git/fpga_design/redpitaya/pid_vco_bypass_pid_only/pid_vco_bypass_pid_only.srcs/sources_1/bd/pid_vco_bypass_pid_only_wrapper/ipshared/7ee0/hdl/generic_baseblocks_v2_1_vl_rfs.v:2133]
INFO: [Synth 8-256] done synthesizing module 'generic_baseblocks_v2_1_0_comparator_static__parameterized1' (2#1) [/home/bma/git/fpga_design/redpitaya/pid_vco_bypass_pid_only/pid_vco_bypass_pid_only.srcs/sources_1/bd/pid_vco_bypass_pid_only_wrapper/ipshared/7ee0/hdl/generic_baseblocks_v2_1_vl_rfs.v:2133]
INFO: [Synth 8-638] synthesizing module 'generic_baseblocks_v2_1_0_comparator_static__parameterized2' [/home/bma/git/fpga_design/redpitaya/pid_vco_bypass_pid_only/pid_vco_bypass_pid_only.srcs/sources_1/bd/pid_vco_bypass_pid_only_wrapper/ipshared/7ee0/hdl/generic_baseblocks_v2_1_vl_rfs.v:2133]
INFO: [Synth 8-256] done synthesizing module 'generic_baseblocks_v2_1_0_comparator_static__parameterized2' (2#1) [/home/bma/git/fpga_design/redpitaya/pid_vco_bypass_pid_only/pid_vco_bypass_pid_only.srcs/sources_1/bd/pid_vco_bypass_pid_only_wrapper/ipshared/7ee0/hdl/generic_baseblocks_v2_1_vl_rfs.v:2133]
INFO: [Synth 8-638] synthesizing module 'generic_baseblocks_v2_1_0_comparator_static__parameterized3' [/home/bma/git/fpga_design/redpitaya/pid_vco_bypass_pid_only/pid_vco_bypass_pid_only.srcs/sources_1/bd/pid_vco_bypass_pid_only_wrapper/ipshared/7ee0/hdl/generic_baseblocks_v2_1_vl_rfs.v:2133]
INFO: [Synth 8-256] done synthesizing module 'generic_baseblocks_v2_1_0_comparator_static__parameterized3' (2#1) [/home/bma/git/fpga_design/redpitaya/pid_vco_bypass_pid_only/pid_vco_bypass_pid_only.srcs/sources_1/bd/pid_vco_bypass_pid_only_wrapper/ipshared/7ee0/hdl/generic_baseblocks_v2_1_vl_rfs.v:2133]
INFO: [Synth 8-638] synthesizing module 'generic_baseblocks_v2_1_0_comparator_static__parameterized4' [/home/bma/git/fpga_design/redpitaya/pid_vco_bypass_pid_only/pid_vco_bypass_pid_only.srcs/sources_1/bd/pid_vco_bypass_pid_only_wrapper/ipshared/7ee0/hdl/generic_baseblocks_v2_1_vl_rfs.v:2133]
INFO: [Synth 8-256] done synthesizing module 'generic_baseblocks_v2_1_0_comparator_static__parameterized4' (2#1) [/home/bma/git/fpga_design/redpitaya/pid_vco_bypass_pid_only/pid_vco_bypass_pid_only.srcs/sources_1/bd/pid_vco_bypass_pid_only_wrapper/ipshared/7ee0/hdl/generic_baseblocks_v2_1_vl_rfs.v:2133]
INFO: [Synth 8-638] synthesizing module 'generic_baseblocks_v2_1_0_comparator_static__parameterized5' [/home/bma/git/fpga_design/redpitaya/pid_vco_bypass_pid_only/pid_vco_bypass_pid_only.srcs/sources_1/bd/pid_vco_bypass_pid_only_wrapper/ipshared/7ee0/hdl/generic_baseblocks_v2_1_vl_rfs.v:2133]
INFO: [Synth 8-256] done synthesizing module 'generic_baseblocks_v2_1_0_comparator_static__parameterized5' (2#1) [/home/bma/git/fpga_design/redpitaya/pid_vco_bypass_pid_only/pid_vco_bypass_pid_only.srcs/sources_1/bd/pid_vco_bypass_pid_only_wrapper/ipshared/7ee0/hdl/generic_baseblocks_v2_1_vl_rfs.v:2133]
INFO: [Synth 8-638] synthesizing module 'generic_baseblocks_v2_1_0_comparator_static__parameterized6' [/home/bma/git/fpga_design/redpitaya/pid_vco_bypass_pid_only/pid_vco_bypass_pid_only.srcs/sources_1/bd/pid_vco_bypass_pid_only_wrapper/ipshared/7ee0/hdl/generic_baseblocks_v2_1_vl_rfs.v:2133]
INFO: [Synth 8-256] done synthesizing module 'generic_baseblocks_v2_1_0_comparator_static__parameterized6' (2#1) [/home/bma/git/fpga_design/redpitaya/pid_vco_bypass_pid_only/pid_vco_bypass_pid_only.srcs/sources_1/bd/pid_vco_bypass_pid_only_wrapper/ipshared/7ee0/hdl/generic_baseblocks_v2_1_vl_rfs.v:2133]
INFO: [Synth 8-256] done synthesizing module 'axi_crossbar_v2_1_12_addr_decoder' (3#1) [/home/bma/git/fpga_design/redpitaya/pid_vco_bypass_pid_only/pid_vco_bypass_pid_only.srcs/sources_1/bd/pid_vco_bypass_pid_only_wrapper/ipshared/896d/hdl/axi_crossbar_v2_1_vl_rfs.v:794]
INFO: [Synth 8-638] synthesizing module 'axi_crossbar_v2_1_12_decerr_slave' [/home/bma/git/fpga_design/redpitaya/pid_vco_bypass_pid_only/pid_vco_bypass_pid_only.srcs/sources_1/bd/pid_vco_bypass_pid_only_wrapper/ipshared/896d/hdl/axi_crossbar_v2_1_vl_rfs.v:3500]
INFO: [Synth 8-256] done synthesizing module 'axi_crossbar_v2_1_12_decerr_slave' (4#1) [/home/bma/git/fpga_design/redpitaya/pid_vco_bypass_pid_only/pid_vco_bypass_pid_only.srcs/sources_1/bd/pid_vco_bypass_pid_only_wrapper/ipshared/896d/hdl/axi_crossbar_v2_1_vl_rfs.v:3500]
INFO: [Synth 8-638] synthesizing module 'axi_crossbar_v2_1_12_addr_arbiter_sasd' [/home/bma/git/fpga_design/redpitaya/pid_vco_bypass_pid_only/pid_vco_bypass_pid_only.srcs/sources_1/bd/pid_vco_bypass_pid_only_wrapper/ipshared/896d/hdl/axi_crossbar_v2_1_vl_rfs.v:65]
INFO: [Synth 8-256] done synthesizing module 'axi_crossbar_v2_1_12_addr_arbiter_sasd' (5#1) [/home/bma/git/fpga_design/redpitaya/pid_vco_bypass_pid_only/pid_vco_bypass_pid_only.srcs/sources_1/bd/pid_vco_bypass_pid_only_wrapper/ipshared/896d/hdl/axi_crossbar_v2_1_vl_rfs.v:65]
INFO: [Synth 8-638] synthesizing module 'axi_crossbar_v2_1_12_splitter' [/home/bma/git/fpga_design/redpitaya/pid_vco_bypass_pid_only/pid_vco_bypass_pid_only.srcs/sources_1/bd/pid_vco_bypass_pid_only_wrapper/ipshared/896d/hdl/axi_crossbar_v2_1_vl_rfs.v:4459]
INFO: [Synth 8-256] done synthesizing module 'axi_crossbar_v2_1_12_splitter' (6#1) [/home/bma/git/fpga_design/redpitaya/pid_vco_bypass_pid_only/pid_vco_bypass_pid_only.srcs/sources_1/bd/pid_vco_bypass_pid_only_wrapper/ipshared/896d/hdl/axi_crossbar_v2_1_vl_rfs.v:4459]
INFO: [Synth 8-638] synthesizing module 'axi_crossbar_v2_1_12_splitter__parameterized0' [/home/bma/git/fpga_design/redpitaya/pid_vco_bypass_pid_only/pid_vco_bypass_pid_only.srcs/sources_1/bd/pid_vco_bypass_pid_only_wrapper/ipshared/896d/hdl/axi_crossbar_v2_1_vl_rfs.v:4459]
INFO: [Synth 8-256] done synthesizing module 'axi_crossbar_v2_1_12_splitter__parameterized0' (6#1) [/home/bma/git/fpga_design/redpitaya/pid_vco_bypass_pid_only/pid_vco_bypass_pid_only.srcs/sources_1/bd/pid_vco_bypass_pid_only_wrapper/ipshared/896d/hdl/axi_crossbar_v2_1_vl_rfs.v:4459]
INFO: [Synth 8-638] synthesizing module 'generic_baseblocks_v2_1_0_mux_enc' [/home/bma/git/fpga_design/redpitaya/pid_vco_bypass_pid_only/pid_vco_bypass_pid_only.srcs/sources_1/bd/pid_vco_bypass_pid_only_wrapper/ipshared/7ee0/hdl/generic_baseblocks_v2_1_vl_rfs.v:2452]
INFO: [Synth 8-256] done synthesizing module 'generic_baseblocks_v2_1_0_mux_enc' (7#1) [/home/bma/git/fpga_design/redpitaya/pid_vco_bypass_pid_only/pid_vco_bypass_pid_only.srcs/sources_1/bd/pid_vco_bypass_pid_only_wrapper/ipshared/7ee0/hdl/generic_baseblocks_v2_1_vl_rfs.v:2452]
INFO: [Synth 8-638] synthesizing module 'generic_baseblocks_v2_1_0_mux_enc__parameterized0' [/home/bma/git/fpga_design/redpitaya/pid_vco_bypass_pid_only/pid_vco_bypass_pid_only.srcs/sources_1/bd/pid_vco_bypass_pid_only_wrapper/ipshared/7ee0/hdl/generic_baseblocks_v2_1_vl_rfs.v:2452]
INFO: [Synth 8-256] done synthesizing module 'generic_baseblocks_v2_1_0_mux_enc__parameterized0' (7#1) [/home/bma/git/fpga_design/redpitaya/pid_vco_bypass_pid_only/pid_vco_bypass_pid_only.srcs/sources_1/bd/pid_vco_bypass_pid_only_wrapper/ipshared/7ee0/hdl/generic_baseblocks_v2_1_vl_rfs.v:2452]
INFO: [Synth 8-638] synthesizing module 'generic_baseblocks_v2_1_0_mux_enc__parameterized1' [/home/bma/git/fpga_design/redpitaya/pid_vco_bypass_pid_only/pid_vco_bypass_pid_only.srcs/sources_1/bd/pid_vco_bypass_pid_only_wrapper/ipshared/7ee0/hdl/generic_baseblocks_v2_1_vl_rfs.v:2452]
INFO: [Synth 8-256] done synthesizing module 'generic_baseblocks_v2_1_0_mux_enc__parameterized1' (7#1) [/home/bma/git/fpga_design/redpitaya/pid_vco_bypass_pid_only/pid_vco_bypass_pid_only.srcs/sources_1/bd/pid_vco_bypass_pid_only_wrapper/ipshared/7ee0/hdl/generic_baseblocks_v2_1_vl_rfs.v:2452]
INFO: [Synth 8-638] synthesizing module 'generic_baseblocks_v2_1_0_mux_enc__parameterized2' [/home/bma/git/fpga_design/redpitaya/pid_vco_bypass_pid_only/pid_vco_bypass_pid_only.srcs/sources_1/bd/pid_vco_bypass_pid_only_wrapper/ipshared/7ee0/hdl/generic_baseblocks_v2_1_vl_rfs.v:2452]
INFO: [Synth 8-256] done synthesizing module 'generic_baseblocks_v2_1_0_mux_enc__parameterized2' (7#1) [/home/bma/git/fpga_design/redpitaya/pid_vco_bypass_pid_only/pid_vco_bypass_pid_only.srcs/sources_1/bd/pid_vco_bypass_pid_only_wrapper/ipshared/7ee0/hdl/generic_baseblocks_v2_1_vl_rfs.v:2452]
INFO: [Synth 8-638] synthesizing module 'axi_register_slice_v2_1_11_axic_register_slice' [/home/bma/git/fpga_design/redpitaya/pid_vco_bypass_pid_only/pid_vco_bypass_pid_only.srcs/sources_1/bd/pid_vco_bypass_pid_only_wrapper/ipshared/0b6b/hdl/axi_register_slice_v2_1_vl_rfs.v:85]
INFO: [Synth 8-256] done synthesizing module 'axi_register_slice_v2_1_11_axic_register_slice' (8#1) [/home/bma/git/fpga_design/redpitaya/pid_vco_bypass_pid_only/pid_vco_bypass_pid_only.srcs/sources_1/bd/pid_vco_bypass_pid_only_wrapper/ipshared/0b6b/hdl/axi_register_slice_v2_1_vl_rfs.v:85]
INFO: [Synth 8-638] synthesizing module 'generic_baseblocks_v2_1_0_mux_enc__parameterized3' [/home/bma/git/fpga_design/redpitaya/pid_vco_bypass_pid_only/pid_vco_bypass_pid_only.srcs/sources_1/bd/pid_vco_bypass_pid_only_wrapper/ipshared/7ee0/hdl/generic_baseblocks_v2_1_vl_rfs.v:2452]
INFO: [Synth 8-256] done synthesizing module 'generic_baseblocks_v2_1_0_mux_enc__parameterized3' (8#1) [/home/bma/git/fpga_design/redpitaya/pid_vco_bypass_pid_only/pid_vco_bypass_pid_only.srcs/sources_1/bd/pid_vco_bypass_pid_only_wrapper/ipshared/7ee0/hdl/generic_baseblocks_v2_1_vl_rfs.v:2452]
INFO: [Synth 8-256] done synthesizing module 'axi_crossbar_v2_1_12_crossbar_sasd' (9#1) [/home/bma/git/fpga_design/redpitaya/pid_vco_bypass_pid_only/pid_vco_bypass_pid_only.srcs/sources_1/bd/pid_vco_bypass_pid_only_wrapper/ipshared/896d/hdl/axi_crossbar_v2_1_vl_rfs.v:1240]
INFO: [Synth 8-256] done synthesizing module 'axi_crossbar_v2_1_12_axi_crossbar' (10#1) [/home/bma/git/fpga_design/redpitaya/pid_vco_bypass_pid_only/pid_vco_bypass_pid_only.srcs/sources_1/bd/pid_vco_bypass_pid_only_wrapper/ipshared/896d/hdl/axi_crossbar_v2_1_vl_rfs.v:4882]
INFO: [Synth 8-256] done synthesizing module 'pid_vco_bypass_pid_only_wrapper_tier2_xbar_2_0' (11#1) [/home/bma/git/fpga_design/redpitaya/pid_vco_bypass_pid_only/pid_vco_bypass_pid_only.srcs/sources_1/bd/pid_vco_bypass_pid_only_wrapper/ip/pid_vco_bypass_pid_only_wrapper_tier2_xbar_2_0/synth/pid_vco_bypass_pid_only_wrapper_tier2_xbar_2_0.v:59]
Finished RTL Elaboration : Time (s): cpu = 00:00:56 ; elapsed = 00:01:08 . Memory (MB): peak = 1248.742 ; gain = 317.555 ; free physical = 134 ; free virtual = 10571
Finished RTL Optimization Phase 1 : Time (s): cpu = 00:00:56 ; elapsed = 00:01:09 . Memory (MB): peak = 1248.742 ; gain = 317.555 ; free physical = 131 ; free virtual = 10568
INFO: [Device 21-403] Loading part xc7z010clg400-1
Constraint Validation Runtime : Time (s): cpu = 00:00:00.22 ; elapsed = 00:00:00.22 . Memory (MB): peak = 1514.555 ; gain = 0.000 ; free physical = 149 ; free virtual = 10244
Finished Constraint Validation : Time (s): cpu = 00:01:34 ; elapsed = 00:01:57 . Memory (MB): peak = 1514.555 ; gain = 583.367 ; free physical = 139 ; free virtual = 10234
Finished Loading Part and Timing Information : Time (s): cpu = 00:01:34 ; elapsed = 00:01:57 . Memory (MB): peak = 1514.555 ; gain = 583.367 ; free physical = 139 ; free virtual = 10234
Finished applying 'set_property' XDC Constraints : Time (s): cpu = 00:01:34 ; elapsed = 00:01:57 . Memory (MB): peak = 1514.555 ; gain = 583.367 ; free physical = 139 ; free virtual = 10234
Finished RTL Optimization Phase 2 : Time (s): cpu = 00:01:36 ; elapsed = 00:01:59 . Memory (MB): peak = 1514.555 ; gain = 583.367 ; free physical = 130 ; free virtual = 10225
Finished Cross Boundary and Area Optimization : Time (s): cpu = 00:01:40 ; elapsed = 00:02:04 . Memory (MB): peak = 1514.555 ; gain = 583.367 ; free physical = 137 ; free virtual = 10189
Finished Applying XDC Timing Constraints : Time (s): cpu = 00:02:12 ; elapsed = 00:02:45 . Memory (MB): peak = 1514.555 ; gain = 583.367 ; free physical = 1067 ; free virtual = 11023
Finished Timing Optimization : Time (s): cpu = 00:02:15 ; elapsed = 00:02:49 . Memory (MB): peak = 1514.555 ; gain = 583.367 ; free physical = 996 ; free virtual = 10952
Finished Technology Mapping : Time (s): cpu = 00:02:16 ; elapsed = 00:02:50 . Memory (MB): peak = 1522.562 ; gain = 591.375 ; free physical = 984 ; free virtual = 10940
Finished IO Insertion : Time (s): cpu = 00:02:18 ; elapsed = 00:02:52 . Memory (MB): peak = 1522.562 ; gain = 591.375 ; free physical = 924 ; free virtual = 10880
Finished Renaming Generated Instances : Time (s): cpu = 00:02:18 ; elapsed = 00:02:52 . Memory (MB): peak = 1522.562 ; gain = 591.375 ; free physical = 924 ; free virtual = 10880
Finished Rebuilding User Hierarchy : Time (s): cpu = 00:02:18 ; elapsed = 00:02:52 . Memory (MB): peak = 1522.562 ; gain = 591.375 ; free physical = 922 ; free virtual = 10878
Finished Renaming Generated Ports : Time (s): cpu = 00:02:18 ; elapsed = 00:02:52 . Memory (MB): peak = 1522.562 ; gain = 591.375 ; free physical = 922 ; free virtual = 10878
Finished Handling Custom Attributes : Time (s): cpu = 00:02:18 ; elapsed = 00:02:52 . Memory (MB): peak = 1522.562 ; gain = 591.375 ; free physical = 900 ; free virtual = 10856
Finished Renaming Generated Nets : Time (s): cpu = 00:02:18 ; elapsed = 00:02:52 . Memory (MB): peak = 1522.562 ; gain = 591.375 ; free physical = 900 ; free virtual = 10856

Report Cell Usage: 
+------+-----+------+
|      |Cell |Count |
+------+-----+------+
|1     |LUT1 |     2|
|2     |LUT2 |    18|
|3     |LUT3 |    47|
|4     |LUT4 |    69|
|5     |LUT5 |    66|
|6     |LUT6 |   153|
|7     |FDRE |   138|
+------+-----+------+
Finished Writing Synthesis Report : Time (s): cpu = 00:02:18 ; elapsed = 00:02:52 . Memory (MB): peak = 1522.562 ; gain = 591.375 ; free physical = 900 ; free virtual = 10856
synth_design: Time (s): cpu = 00:02:03 ; elapsed = 00:02:36 . Memory (MB): peak = 1522.570 ; gain = 483.879 ; free physical = 718 ; free virtual = 10675
