Copyright 1986-2016 Xilinx, Inc. All Rights Reserved.
------------------------------------------------------------------------------------
| Tool Version : Vivado v.2016.4 (lin64) Build 1733598 Wed Dec 14 22:35:42 MST 2016
| Date         : Fri Jul  7 19:46:34 2017
| Host         : ux305 running 64-bit Debian GNU/Linux 9.0 (stretch)
| Command      : upgrade_ip
| Device       : xc7z010clg400-1
------------------------------------------------------------------------------------

Upgrade Log for IP 'pid_vco_wrapper_red_pitaya_pidv3_0_0'

1. Summary
----------

SUCCESS in the upgrade of pid_vco_wrapper_red_pitaya_pidv3_0_0 (user.org:user:red_pitaya_pidv3:1.0) from (Rev. 6) to (Rev. 7)






Copyright 1986-2016 Xilinx, Inc. All Rights Reserved.
------------------------------------------------------------------------------------
| Tool Version : Vivado v.2016.4 (lin64) Build 1733598 Wed Dec 14 22:35:42 MST 2016
| Date         : Tue Apr 25 11:07:22 2017
| Host         : ux305 running 64-bit Debian GNU/Linux 9.0 (stretch)
| Command      : upgrade_ip
| Device       : xc7z010clg400-1
------------------------------------------------------------------------------------

Upgrade Log for IP 'pid_vco_wrapper_ltc2145_0_0'

1. Summary
----------

SUCCESS in the upgrade of pid_vco_wrapper_ltc2145_0_0 (gwbs:user:ltc2145:1.0) from (Rev. 10) to (Rev. 11)






Copyright 1986-2016 Xilinx, Inc. All Rights Reserved.
------------------------------------------------------------------------------------
| Tool Version : Vivado v.2016.4 (lin64) Build 1733598 Wed Dec 14 22:35:42 MST 2016
| Date         : Tue Apr 25 11:07:22 2017
| Host         : ux305 running 64-bit Debian GNU/Linux 9.0 (stretch)
| Command      : upgrade_ip
| Device       : xc7z010clg400-1
------------------------------------------------------------------------------------

Upgrade Log for IP 'pid_vco_wrapper_dds_nco_0'

1. Summary
----------

SUCCESS in the upgrade of pid_vco_wrapper_dds_nco_0 (user.org:user:nco_counter:1.0) from (Rev. 15) to (Rev. 18)

