
*** Running vivado
    with args -log iq_pid_vco_wrapper_ltc2145_0_0.vds -m64 -product Vivado -mode batch -messageDb vivado.pb -notrace -source iq_pid_vco_wrapper_ltc2145_0_0.tcl

awk: symbol lookup error: awk: undefined symbol: mpfr_z_sub

****** Vivado v2016.4 (64-bit)
  **** SW Build 1733598 on Wed Dec 14 22:35:42 MST 2016
  **** IP Build 1731160 on Wed Dec 14 23:47:21 MST 2016
    ** Copyright 1986-2016 Xilinx, Inc. All Rights Reserved.

source iq_pid_vco_wrapper_ltc2145_0_0.tcl -notrace
Command: synth_design -top iq_pid_vco_wrapper_ltc2145_0_0 -part xc7z010clg400-1 -mode out_of_context
Starting synth_design
Attempting to get a license for feature 'Synthesis' and/or device 'xc7z010'
INFO: [Common 17-349] Got license for feature 'Synthesis' and/or device 'xc7z010'
INFO: Launching helper process for spawning children vivado processes
INFO: Helper process launched with PID 17281 
awk: symbol lookup error: awk: undefined symbol: mpfr_z_sub
---------------------------------------------------------------------------------
Starting RTL Elaboration : Time (s): cpu = 00:00:35 ; elapsed = 00:00:44 . Memory (MB): peak = 1112.266 ; gain = 181.086 ; free physical = 1458 ; free virtual = 12695
---------------------------------------------------------------------------------
INFO: [Synth 8-638] synthesizing module 'iq_pid_vco_wrapper_ltc2145_0_0' [/home/bma/git/fpga_design/redpitaya/iq_pid_vco/iq_pid_vco.srcs/sources_1/bd/iq_pid_vco_wrapper/ip/iq_pid_vco_wrapper_ltc2145_0_0/synth/iq_pid_vco_wrapper_ltc2145_0_0.vhd:79]
INFO: [Synth 8-3491] module 'ltc2145' declared at '/home/bma/git/fpga_design/redpitaya/iq_pid_vco/iq_pid_vco.srcs/sources_1/bd/iq_pid_vco_wrapper/ipshared/0dcc/hdl/ltc2145.vhd:6' bound to instance 'U0' of component 'ltc2145' [/home/bma/git/fpga_design/redpitaya/iq_pid_vco/iq_pid_vco.srcs/sources_1/bd/iq_pid_vco_wrapper/ip/iq_pid_vco_wrapper_ltc2145_0_0/synth/iq_pid_vco_wrapper_ltc2145_0_0.vhd:115]
INFO: [Synth 8-638] synthesizing module 'ltc2145' [/home/bma/git/fpga_design/redpitaya/iq_pid_vco/iq_pid_vco.srcs/sources_1/bd/iq_pid_vco_wrapper/ipshared/0dcc/hdl/ltc2145.vhd:30]
INFO: [Synth 8-638] synthesizing module 'ltc2145_cmos_capture' [/home/bma/git/fpga_design/redpitaya/iq_pid_vco/iq_pid_vco.srcs/sources_1/bd/iq_pid_vco_wrapper/ipshared/0dcc/hdl/ltc2145_cmos_capture.vhd:23]
INFO: [Synth 8-256] done synthesizing module 'ltc2145_cmos_capture' (1#1) [/home/bma/git/fpga_design/redpitaya/iq_pid_vco/iq_pid_vco.srcs/sources_1/bd/iq_pid_vco_wrapper/ipshared/0dcc/hdl/ltc2145_cmos_capture.vhd:23]
INFO: [Synth 8-256] done synthesizing module 'ltc2145' (2#1) [/home/bma/git/fpga_design/redpitaya/iq_pid_vco/iq_pid_vco.srcs/sources_1/bd/iq_pid_vco_wrapper/ipshared/0dcc/hdl/ltc2145.vhd:30]
INFO: [Synth 8-256] done synthesizing module 'iq_pid_vco_wrapper_ltc2145_0_0' (3#1) [/home/bma/git/fpga_design/redpitaya/iq_pid_vco/iq_pid_vco.srcs/sources_1/bd/iq_pid_vco_wrapper/ip/iq_pid_vco_wrapper_ltc2145_0_0/synth/iq_pid_vco_wrapper_ltc2145_0_0.vhd:79]
---------------------------------------------------------------------------------
Finished RTL Elaboration : Time (s): cpu = 00:00:38 ; elapsed = 00:00:48 . Memory (MB): peak = 1152.734 ; gain = 221.555 ; free physical = 1333 ; free virtual = 12570
---------------------------------------------------------------------------------

Report Check Netlist: 
+------+------------------+-------+---------+-------+------------------+
|      |Item              |Errors |Warnings |Status |Description       |
+------+------------------+-------+---------+-------+------------------+
|1     |multi_driven_nets |      0|        0|Passed |Multi driven nets |
+------+------------------+-------+---------+-------+------------------+
---------------------------------------------------------------------------------
Finished RTL Optimization Phase 1 : Time (s): cpu = 00:00:39 ; elapsed = 00:00:48 . Memory (MB): peak = 1152.734 ; gain = 221.555 ; free physical = 1330 ; free virtual = 12567
---------------------------------------------------------------------------------
INFO: [Device 21-403] Loading part xc7z010clg400-1
INFO: [Project 1-570] Preparing netlist for logic optimization

Processing XDC Constraints
Initializing timing engine
Completed Processing XDC Constraints

INFO: [Project 1-111] Unisim Transformation Summary:
No Unisim elements were transformed.

Constraint Validation Runtime : Time (s): cpu = 00:00:00.05 ; elapsed = 00:00:00.08 . Memory (MB): peak = 1479.902 ; gain = 0.000 ; free physical = 868 ; free virtual = 12105
---------------------------------------------------------------------------------
Finished Constraint Validation : Time (s): cpu = 00:01:15 ; elapsed = 00:01:32 . Memory (MB): peak = 1479.902 ; gain = 548.723 ; free physical = 589 ; free virtual = 11827
---------------------------------------------------------------------------------
---------------------------------------------------------------------------------
Start Loading Part and Timing Information
---------------------------------------------------------------------------------
Loading part: xc7z010clg400-1
---------------------------------------------------------------------------------
Finished Loading Part and Timing Information : Time (s): cpu = 00:01:15 ; elapsed = 00:01:32 . Memory (MB): peak = 1479.902 ; gain = 548.723 ; free physical = 589 ; free virtual = 11827
---------------------------------------------------------------------------------
---------------------------------------------------------------------------------
Start Applying 'set_property' XDC Constraints
---------------------------------------------------------------------------------
---------------------------------------------------------------------------------
Finished applying 'set_property' XDC Constraints : Time (s): cpu = 00:01:15 ; elapsed = 00:01:32 . Memory (MB): peak = 1479.902 ; gain = 548.723 ; free physical = 588 ; free virtual = 11826
---------------------------------------------------------------------------------
---------------------------------------------------------------------------------
Finished RTL Optimization Phase 2 : Time (s): cpu = 00:01:16 ; elapsed = 00:01:33 . Memory (MB): peak = 1479.902 ; gain = 548.723 ; free physical = 553 ; free virtual = 11790
---------------------------------------------------------------------------------

Report RTL Partitions: 
+-+--------------+------------+----------+
| |RTL Partition |Replication |Instances |
+-+--------------+------------+----------+
+-+--------------+------------+----------+
---------------------------------------------------------------------------------
Start RTL Component Statistics 
---------------------------------------------------------------------------------
Detailed RTL Component Info : 
+---Registers : 
	               14 Bit    Registers := 2     
	                1 Bit    Registers := 1     
---------------------------------------------------------------------------------
Finished RTL Component Statistics 
---------------------------------------------------------------------------------
---------------------------------------------------------------------------------
Start RTL Hierarchical Component Statistics 
---------------------------------------------------------------------------------
Hierarchical RTL Component report 
Module ltc2145_cmos_capture 
Detailed RTL Component Info : 
+---Registers : 
	               14 Bit    Registers := 2     
	                1 Bit    Registers := 1     
---------------------------------------------------------------------------------
Finished RTL Hierarchical Component Statistics
---------------------------------------------------------------------------------
---------------------------------------------------------------------------------
Start Part Resource Summary
---------------------------------------------------------------------------------
Part Resources:
DSPs: 80 (col length:40)
BRAMs: 120 (col length: RAMB18 40 RAMB36 20)
---------------------------------------------------------------------------------
Finished Part Resource Summary
---------------------------------------------------------------------------------
---------------------------------------------------------------------------------
Start Cross Boundary and Area Optimization
---------------------------------------------------------------------------------
INFO: [Synth 8-3917] design iq_pid_vco_wrapper_ltc2145_0_0 has port adc_cdcs driven by constant 1
---------------------------------------------------------------------------------
Finished Cross Boundary and Area Optimization : Time (s): cpu = 00:01:17 ; elapsed = 00:01:34 . Memory (MB): peak = 1479.902 ; gain = 548.723 ; free physical = 504 ; free virtual = 11742
---------------------------------------------------------------------------------

Report RTL Partitions: 
+-+--------------+------------+----------+
| |RTL Partition |Replication |Instances |
+-+--------------+------------+----------+
+-+--------------+------------+----------+
---------------------------------------------------------------------------------
Start Timing Optimization
---------------------------------------------------------------------------------
---------------------------------------------------------------------------------
Start Applying XDC Timing Constraints
---------------------------------------------------------------------------------
---------------------------------------------------------------------------------
Finished Applying XDC Timing Constraints : Time (s): cpu = 00:01:52 ; elapsed = 00:02:17 . Memory (MB): peak = 1479.902 ; gain = 548.723 ; free physical = 328 ; free virtual = 11566
---------------------------------------------------------------------------------
---------------------------------------------------------------------------------
Finished Timing Optimization : Time (s): cpu = 00:01:52 ; elapsed = 00:02:17 . Memory (MB): peak = 1479.902 ; gain = 548.723 ; free physical = 328 ; free virtual = 11566
---------------------------------------------------------------------------------

Report RTL Partitions: 
+-+--------------+------------+----------+
| |RTL Partition |Replication |Instances |
+-+--------------+------------+----------+
+-+--------------+------------+----------+
---------------------------------------------------------------------------------
Start Technology Mapping
---------------------------------------------------------------------------------
---------------------------------------------------------------------------------
Finished Technology Mapping : Time (s): cpu = 00:01:53 ; elapsed = 00:02:17 . Memory (MB): peak = 1479.902 ; gain = 548.723 ; free physical = 310 ; free virtual = 11548
---------------------------------------------------------------------------------

Report RTL Partitions: 
+-+--------------+------------+----------+
| |RTL Partition |Replication |Instances |
+-+--------------+------------+----------+
+-+--------------+------------+----------+
---------------------------------------------------------------------------------
Start IO Insertion
---------------------------------------------------------------------------------
---------------------------------------------------------------------------------
Start Flattening Before IO Insertion
---------------------------------------------------------------------------------
---------------------------------------------------------------------------------
Finished Flattening Before IO Insertion
---------------------------------------------------------------------------------
---------------------------------------------------------------------------------
Start Final Netlist Cleanup
---------------------------------------------------------------------------------
---------------------------------------------------------------------------------
Finished Final Netlist Cleanup
---------------------------------------------------------------------------------
---------------------------------------------------------------------------------
Finished IO Insertion : Time (s): cpu = 00:01:55 ; elapsed = 00:02:20 . Memory (MB): peak = 1479.902 ; gain = 548.723 ; free physical = 847 ; free virtual = 12085
---------------------------------------------------------------------------------

Report Check Netlist: 
+------+------------------+-------+---------+-------+------------------+
|      |Item              |Errors |Warnings |Status |Description       |
+------+------------------+-------+---------+-------+------------------+
|1     |multi_driven_nets |      0|        0|Passed |Multi driven nets |
+------+------------------+-------+---------+-------+------------------+
---------------------------------------------------------------------------------
Start Renaming Generated Instances
---------------------------------------------------------------------------------
---------------------------------------------------------------------------------
Finished Renaming Generated Instances : Time (s): cpu = 00:01:55 ; elapsed = 00:02:20 . Memory (MB): peak = 1479.902 ; gain = 548.723 ; free physical = 847 ; free virtual = 12085
---------------------------------------------------------------------------------

Report RTL Partitions: 
+-+--------------+------------+----------+
| |RTL Partition |Replication |Instances |
+-+--------------+------------+----------+
+-+--------------+------------+----------+
---------------------------------------------------------------------------------
Start Rebuilding User Hierarchy
---------------------------------------------------------------------------------
---------------------------------------------------------------------------------
Finished Rebuilding User Hierarchy : Time (s): cpu = 00:01:55 ; elapsed = 00:02:20 . Memory (MB): peak = 1479.902 ; gain = 548.723 ; free physical = 847 ; free virtual = 12085
---------------------------------------------------------------------------------
---------------------------------------------------------------------------------
Start Renaming Generated Ports
---------------------------------------------------------------------------------
---------------------------------------------------------------------------------
Finished Renaming Generated Ports : Time (s): cpu = 00:01:55 ; elapsed = 00:02:20 . Memory (MB): peak = 1479.902 ; gain = 548.723 ; free physical = 847 ; free virtual = 12085
---------------------------------------------------------------------------------
---------------------------------------------------------------------------------
Start Handling Custom Attributes
---------------------------------------------------------------------------------
---------------------------------------------------------------------------------
Finished Handling Custom Attributes : Time (s): cpu = 00:01:55 ; elapsed = 00:02:20 . Memory (MB): peak = 1479.902 ; gain = 548.723 ; free physical = 847 ; free virtual = 12085
---------------------------------------------------------------------------------
---------------------------------------------------------------------------------
Start Renaming Generated Nets
---------------------------------------------------------------------------------
---------------------------------------------------------------------------------
Finished Renaming Generated Nets : Time (s): cpu = 00:01:55 ; elapsed = 00:02:20 . Memory (MB): peak = 1479.902 ; gain = 548.723 ; free physical = 847 ; free virtual = 12085
---------------------------------------------------------------------------------
---------------------------------------------------------------------------------
Start Writing Synthesis Report
---------------------------------------------------------------------------------

Report BlackBoxes: 
+-+--------------+----------+
| |BlackBox name |Instances |
+-+--------------+----------+
+-+--------------+----------+

Report Cell Usage: 
+------+-----+------+
|      |Cell |Count |
+------+-----+------+
|1     |LUT1 |    27|
|2     |FDCE |    29|
+------+-----+------+

Report Instance Areas: 
+------+-------------------------+---------------------+------+
|      |Instance                 |Module               |Cells |
+------+-------------------------+---------------------+------+
|1     |top                      |                     |    56|
|2     |  U0                     |ltc2145              |    56|
|3     |    ltc2145_capture_inst |ltc2145_cmos_capture |    56|
+------+-------------------------+---------------------+------+
---------------------------------------------------------------------------------
Finished Writing Synthesis Report : Time (s): cpu = 00:01:55 ; elapsed = 00:02:20 . Memory (MB): peak = 1479.902 ; gain = 548.723 ; free physical = 847 ; free virtual = 12085
---------------------------------------------------------------------------------
Synthesis finished with 0 errors, 0 critical warnings and 0 warnings.
Synthesis Optimization Runtime : Time (s): cpu = 00:01:19 ; elapsed = 00:01:35 . Memory (MB): peak = 1479.902 ; gain = 108.465 ; free physical = 845 ; free virtual = 12083
Synthesis Optimization Complete : Time (s): cpu = 00:01:55 ; elapsed = 00:02:20 . Memory (MB): peak = 1479.910 ; gain = 548.730 ; free physical = 845 ; free virtual = 12083
INFO: [Project 1-571] Translating synthesized netlist
INFO: [Project 1-570] Preparing netlist for logic optimization
INFO: [Opt 31-138] Pushed 0 inverter(s) to 0 load pin(s).
INFO: [Project 1-111] Unisim Transformation Summary:
No Unisim elements were transformed.

INFO: [Common 17-83] Releasing license: Synthesis
17 Infos, 0 Warnings, 0 Critical Warnings and 0 Errors encountered.
synth_design completed successfully
synth_design: Time (s): cpu = 00:01:42 ; elapsed = 00:02:02 . Memory (MB): peak = 1479.910 ; gain = 448.227 ; free physical = 841 ; free virtual = 12079
INFO: [Common 17-1381] The checkpoint '/home/bma/git/fpga_design/redpitaya/iq_pid_vco/iq_pid_vco.runs/iq_pid_vco_wrapper_ltc2145_0_0_synth_1/iq_pid_vco_wrapper_ltc2145_0_0.dcp' has been generated.
INFO: [Coretcl 2-1174] Renamed 2 cell refs.
INFO: [Common 17-1381] The checkpoint '/home/bma/git/fpga_design/redpitaya/iq_pid_vco/iq_pid_vco.runs/iq_pid_vco_wrapper_ltc2145_0_0_synth_1/iq_pid_vco_wrapper_ltc2145_0_0.dcp' has been generated.
report_utilization: Time (s): cpu = 00:00:00.20 ; elapsed = 00:00:00.27 . Memory (MB): peak = 1479.910 ; gain = 0.000 ; free physical = 840 ; free virtual = 12078
INFO: [Common 17-206] Exiting Vivado at Fri Apr 21 17:08:28 2017...
