
*** Running vivado
    with args -log iq_pid_vco_wrapper_auto_pc_0.vds -m64 -product Vivado -mode batch -messageDb vivado.pb -notrace -source iq_pid_vco_wrapper_auto_pc_0.tcl

awk: symbol lookup error: awk: undefined symbol: mpfr_z_sub

****** Vivado v2016.4 (64-bit)
  **** SW Build 1733598 on Wed Dec 14 22:35:42 MST 2016
  **** IP Build 1731160 on Wed Dec 14 23:47:21 MST 2016
    ** Copyright 1986-2016 Xilinx, Inc. All Rights Reserved.

source iq_pid_vco_wrapper_auto_pc_0.tcl -notrace
awk: symbol lookup error: awk: undefined symbol: mpfr_z_sub
Starting RTL Elaboration : Time (s): cpu = 00:00:28 ; elapsed = 00:00:30 . Memory (MB): peak = 1117.270 ; gain = 186.086 ; free physical = 1509 ; free virtual = 12684
INFO: [Synth 8-638] synthesizing module 'iq_pid_vco_wrapper_auto_pc_0' [/home/bma/git/fpga_design/redpitaya/iq_pid_vco/iq_pid_vco.srcs/sources_1/bd/iq_pid_vco_wrapper/ip/iq_pid_vco_wrapper_auto_pc_0/synth/iq_pid_vco_wrapper_auto_pc_0.v:58]
INFO: [Synth 8-638] synthesizing module 'axi_protocol_converter_v2_1_11_axi_protocol_converter' [/home/bma/git/fpga_design/redpitaya/iq_pid_vco/iq_pid_vco.srcs/sources_1/bd/iq_pid_vco_wrapper/ipshared/df1b/hdl/axi_protocol_converter_v2_1_vl_rfs.v:4806]
INFO: [Synth 8-638] synthesizing module 'axi_protocol_converter_v2_1_11_b2s' [/home/bma/git/fpga_design/redpitaya/iq_pid_vco/iq_pid_vco.srcs/sources_1/bd/iq_pid_vco_wrapper/ipshared/df1b/hdl/axi_protocol_converter_v2_1_vl_rfs.v:4224]
INFO: [Synth 8-638] synthesizing module 'axi_protocol_converter_v2_1_11_b2s_aw_channel' [/home/bma/git/fpga_design/redpitaya/iq_pid_vco/iq_pid_vco.srcs/sources_1/bd/iq_pid_vco_wrapper/ipshared/df1b/hdl/axi_protocol_converter_v2_1_vl_rfs.v:3969]
INFO: [Synth 8-638] synthesizing module 'axi_protocol_converter_v2_1_11_b2s_cmd_translator' [/home/bma/git/fpga_design/redpitaya/iq_pid_vco/iq_pid_vco.srcs/sources_1/bd/iq_pid_vco_wrapper/ipshared/df1b/hdl/axi_protocol_converter_v2_1_vl_rfs.v:3467]
INFO: [Synth 8-638] synthesizing module 'axi_protocol_converter_v2_1_11_b2s_incr_cmd' [/home/bma/git/fpga_design/redpitaya/iq_pid_vco/iq_pid_vco.srcs/sources_1/bd/iq_pid_vco_wrapper/ipshared/df1b/hdl/axi_protocol_converter_v2_1_vl_rfs.v:3093]
INFO: [Synth 8-256] done synthesizing module 'axi_protocol_converter_v2_1_11_b2s_incr_cmd' (1#1) [/home/bma/git/fpga_design/redpitaya/iq_pid_vco/iq_pid_vco.srcs/sources_1/bd/iq_pid_vco_wrapper/ipshared/df1b/hdl/axi_protocol_converter_v2_1_vl_rfs.v:3093]
INFO: [Synth 8-638] synthesizing module 'axi_protocol_converter_v2_1_11_b2s_wrap_cmd' [/home/bma/git/fpga_design/redpitaya/iq_pid_vco/iq_pid_vco.srcs/sources_1/bd/iq_pid_vco_wrapper/ipshared/df1b/hdl/axi_protocol_converter_v2_1_vl_rfs.v:2903]
INFO: [Synth 8-256] done synthesizing module 'axi_protocol_converter_v2_1_11_b2s_wrap_cmd' (2#1) [/home/bma/git/fpga_design/redpitaya/iq_pid_vco/iq_pid_vco.srcs/sources_1/bd/iq_pid_vco_wrapper/ipshared/df1b/hdl/axi_protocol_converter_v2_1_vl_rfs.v:2903]
INFO: [Synth 8-256] done synthesizing module 'axi_protocol_converter_v2_1_11_b2s_cmd_translator' (3#1) [/home/bma/git/fpga_design/redpitaya/iq_pid_vco/iq_pid_vco.srcs/sources_1/bd/iq_pid_vco_wrapper/ipshared/df1b/hdl/axi_protocol_converter_v2_1_vl_rfs.v:3467]
INFO: [Synth 8-638] synthesizing module 'axi_protocol_converter_v2_1_11_b2s_wr_cmd_fsm' [/home/bma/git/fpga_design/redpitaya/iq_pid_vco/iq_pid_vco.srcs/sources_1/bd/iq_pid_vco_wrapper/ipshared/df1b/hdl/axi_protocol_converter_v2_1_vl_rfs.v:3225]
INFO: [Synth 8-256] done synthesizing module 'axi_protocol_converter_v2_1_11_b2s_wr_cmd_fsm' (4#1) [/home/bma/git/fpga_design/redpitaya/iq_pid_vco/iq_pid_vco.srcs/sources_1/bd/iq_pid_vco_wrapper/ipshared/df1b/hdl/axi_protocol_converter_v2_1_vl_rfs.v:3225]
INFO: [Synth 8-256] done synthesizing module 'axi_protocol_converter_v2_1_11_b2s_aw_channel' (5#1) [/home/bma/git/fpga_design/redpitaya/iq_pid_vco/iq_pid_vco.srcs/sources_1/bd/iq_pid_vco_wrapper/ipshared/df1b/hdl/axi_protocol_converter_v2_1_vl_rfs.v:3969]
INFO: [Synth 8-638] synthesizing module 'axi_protocol_converter_v2_1_11_b2s_b_channel' [/home/bma/git/fpga_design/redpitaya/iq_pid_vco/iq_pid_vco.srcs/sources_1/bd/iq_pid_vco_wrapper/ipshared/df1b/hdl/axi_protocol_converter_v2_1_vl_rfs.v:3609]
INFO: [Synth 8-638] synthesizing module 'axi_protocol_converter_v2_1_11_b2s_simple_fifo' [/home/bma/git/fpga_design/redpitaya/iq_pid_vco/iq_pid_vco.srcs/sources_1/bd/iq_pid_vco_wrapper/ipshared/df1b/hdl/axi_protocol_converter_v2_1_vl_rfs.v:2816]
INFO: [Synth 8-256] done synthesizing module 'axi_protocol_converter_v2_1_11_b2s_simple_fifo' (6#1) [/home/bma/git/fpga_design/redpitaya/iq_pid_vco/iq_pid_vco.srcs/sources_1/bd/iq_pid_vco_wrapper/ipshared/df1b/hdl/axi_protocol_converter_v2_1_vl_rfs.v:2816]
INFO: [Synth 8-638] synthesizing module 'axi_protocol_converter_v2_1_11_b2s_simple_fifo__parameterized0' [/home/bma/git/fpga_design/redpitaya/iq_pid_vco/iq_pid_vco.srcs/sources_1/bd/iq_pid_vco_wrapper/ipshared/df1b/hdl/axi_protocol_converter_v2_1_vl_rfs.v:2816]
INFO: [Synth 8-256] done synthesizing module 'axi_protocol_converter_v2_1_11_b2s_simple_fifo__parameterized0' (6#1) [/home/bma/git/fpga_design/redpitaya/iq_pid_vco/iq_pid_vco.srcs/sources_1/bd/iq_pid_vco_wrapper/ipshared/df1b/hdl/axi_protocol_converter_v2_1_vl_rfs.v:2816]
INFO: [Synth 8-256] done synthesizing module 'axi_protocol_converter_v2_1_11_b2s_b_channel' (7#1) [/home/bma/git/fpga_design/redpitaya/iq_pid_vco/iq_pid_vco.srcs/sources_1/bd/iq_pid_vco_wrapper/ipshared/df1b/hdl/axi_protocol_converter_v2_1_vl_rfs.v:3609]
INFO: [Synth 8-638] synthesizing module 'axi_protocol_converter_v2_1_11_b2s_ar_channel' [/home/bma/git/fpga_design/redpitaya/iq_pid_vco/iq_pid_vco.srcs/sources_1/bd/iq_pid_vco_wrapper/ipshared/df1b/hdl/axi_protocol_converter_v2_1_vl_rfs.v:4080]
INFO: [Synth 8-638] synthesizing module 'axi_protocol_converter_v2_1_11_b2s_rd_cmd_fsm' [/home/bma/git/fpga_design/redpitaya/iq_pid_vco/iq_pid_vco.srcs/sources_1/bd/iq_pid_vco_wrapper/ipshared/df1b/hdl/axi_protocol_converter_v2_1_vl_rfs.v:3336]
INFO: [Synth 8-256] done synthesizing module 'axi_protocol_converter_v2_1_11_b2s_rd_cmd_fsm' (8#1) [/home/bma/git/fpga_design/redpitaya/iq_pid_vco/iq_pid_vco.srcs/sources_1/bd/iq_pid_vco_wrapper/ipshared/df1b/hdl/axi_protocol_converter_v2_1_vl_rfs.v:3336]
INFO: [Synth 8-256] done synthesizing module 'axi_protocol_converter_v2_1_11_b2s_ar_channel' (9#1) [/home/bma/git/fpga_design/redpitaya/iq_pid_vco/iq_pid_vco.srcs/sources_1/bd/iq_pid_vco_wrapper/ipshared/df1b/hdl/axi_protocol_converter_v2_1_vl_rfs.v:4080]
INFO: [Synth 8-638] synthesizing module 'axi_protocol_converter_v2_1_11_b2s_r_channel' [/home/bma/git/fpga_design/redpitaya/iq_pid_vco/iq_pid_vco.srcs/sources_1/bd/iq_pid_vco_wrapper/ipshared/df1b/hdl/axi_protocol_converter_v2_1_vl_rfs.v:3809]
INFO: [Synth 8-638] synthesizing module 'axi_protocol_converter_v2_1_11_b2s_simple_fifo__parameterized1' [/home/bma/git/fpga_design/redpitaya/iq_pid_vco/iq_pid_vco.srcs/sources_1/bd/iq_pid_vco_wrapper/ipshared/df1b/hdl/axi_protocol_converter_v2_1_vl_rfs.v:2816]
INFO: [Synth 8-256] done synthesizing module 'axi_protocol_converter_v2_1_11_b2s_simple_fifo__parameterized1' (9#1) [/home/bma/git/fpga_design/redpitaya/iq_pid_vco/iq_pid_vco.srcs/sources_1/bd/iq_pid_vco_wrapper/ipshared/df1b/hdl/axi_protocol_converter_v2_1_vl_rfs.v:2816]
INFO: [Synth 8-638] synthesizing module 'axi_protocol_converter_v2_1_11_b2s_simple_fifo__parameterized2' [/home/bma/git/fpga_design/redpitaya/iq_pid_vco/iq_pid_vco.srcs/sources_1/bd/iq_pid_vco_wrapper/ipshared/df1b/hdl/axi_protocol_converter_v2_1_vl_rfs.v:2816]
INFO: [Synth 8-256] done synthesizing module 'axi_protocol_converter_v2_1_11_b2s_simple_fifo__parameterized2' (9#1) [/home/bma/git/fpga_design/redpitaya/iq_pid_vco/iq_pid_vco.srcs/sources_1/bd/iq_pid_vco_wrapper/ipshared/df1b/hdl/axi_protocol_converter_v2_1_vl_rfs.v:2816]
INFO: [Synth 8-256] done synthesizing module 'axi_protocol_converter_v2_1_11_b2s_r_channel' (10#1) [/home/bma/git/fpga_design/redpitaya/iq_pid_vco/iq_pid_vco.srcs/sources_1/bd/iq_pid_vco_wrapper/ipshared/df1b/hdl/axi_protocol_converter_v2_1_vl_rfs.v:3809]
INFO: [Synth 8-638] synthesizing module 'axi_register_slice_v2_1_11_axi_register_slice' [/home/bma/git/fpga_design/redpitaya/iq_pid_vco/iq_pid_vco.srcs/sources_1/bd/iq_pid_vco_wrapper/ipshared/0b6b/hdl/axi_register_slice_v2_1_vl_rfs.v:791]
INFO: [Synth 8-638] synthesizing module 'axi_infrastructure_v1_1_0_axi2vector' [/home/bma/git/fpga_design/redpitaya/iq_pid_vco/iq_pid_vco.srcs/sources_1/bd/iq_pid_vco_wrapper/ipshared/7e3a/hdl/axi_infrastructure_v1_1_vl_rfs.v:60]
INFO: [Synth 8-256] done synthesizing module 'axi_infrastructure_v1_1_0_axi2vector' (11#1) [/home/bma/git/fpga_design/redpitaya/iq_pid_vco/iq_pid_vco.srcs/sources_1/bd/iq_pid_vco_wrapper/ipshared/7e3a/hdl/axi_infrastructure_v1_1_vl_rfs.v:60]
INFO: [Synth 8-638] synthesizing module 'axi_register_slice_v2_1_11_axic_register_slice' [/home/bma/git/fpga_design/redpitaya/iq_pid_vco/iq_pid_vco.srcs/sources_1/bd/iq_pid_vco_wrapper/ipshared/0b6b/hdl/axi_register_slice_v2_1_vl_rfs.v:85]
INFO: [Synth 8-256] done synthesizing module 'axi_register_slice_v2_1_11_axic_register_slice' (12#1) [/home/bma/git/fpga_design/redpitaya/iq_pid_vco/iq_pid_vco.srcs/sources_1/bd/iq_pid_vco_wrapper/ipshared/0b6b/hdl/axi_register_slice_v2_1_vl_rfs.v:85]
INFO: [Synth 8-638] synthesizing module 'axi_register_slice_v2_1_11_axic_register_slice__parameterized0' [/home/bma/git/fpga_design/redpitaya/iq_pid_vco/iq_pid_vco.srcs/sources_1/bd/iq_pid_vco_wrapper/ipshared/0b6b/hdl/axi_register_slice_v2_1_vl_rfs.v:85]
INFO: [Synth 8-256] done synthesizing module 'axi_register_slice_v2_1_11_axic_register_slice__parameterized0' (12#1) [/home/bma/git/fpga_design/redpitaya/iq_pid_vco/iq_pid_vco.srcs/sources_1/bd/iq_pid_vco_wrapper/ipshared/0b6b/hdl/axi_register_slice_v2_1_vl_rfs.v:85]
INFO: [Synth 8-638] synthesizing module 'axi_register_slice_v2_1_11_axic_register_slice__parameterized1' [/home/bma/git/fpga_design/redpitaya/iq_pid_vco/iq_pid_vco.srcs/sources_1/bd/iq_pid_vco_wrapper/ipshared/0b6b/hdl/axi_register_slice_v2_1_vl_rfs.v:85]
INFO: [Synth 8-256] done synthesizing module 'axi_register_slice_v2_1_11_axic_register_slice__parameterized1' (12#1) [/home/bma/git/fpga_design/redpitaya/iq_pid_vco/iq_pid_vco.srcs/sources_1/bd/iq_pid_vco_wrapper/ipshared/0b6b/hdl/axi_register_slice_v2_1_vl_rfs.v:85]
INFO: [Synth 8-638] synthesizing module 'axi_register_slice_v2_1_11_axic_register_slice__parameterized2' [/home/bma/git/fpga_design/redpitaya/iq_pid_vco/iq_pid_vco.srcs/sources_1/bd/iq_pid_vco_wrapper/ipshared/0b6b/hdl/axi_register_slice_v2_1_vl_rfs.v:85]
INFO: [Synth 8-256] done synthesizing module 'axi_register_slice_v2_1_11_axic_register_slice__parameterized2' (12#1) [/home/bma/git/fpga_design/redpitaya/iq_pid_vco/iq_pid_vco.srcs/sources_1/bd/iq_pid_vco_wrapper/ipshared/0b6b/hdl/axi_register_slice_v2_1_vl_rfs.v:85]
INFO: [Synth 8-638] synthesizing module 'axi_infrastructure_v1_1_0_vector2axi' [/home/bma/git/fpga_design/redpitaya/iq_pid_vco/iq_pid_vco.srcs/sources_1/bd/iq_pid_vco_wrapper/ipshared/7e3a/hdl/axi_infrastructure_v1_1_vl_rfs.v:474]
INFO: [Synth 8-256] done synthesizing module 'axi_infrastructure_v1_1_0_vector2axi' (13#1) [/home/bma/git/fpga_design/redpitaya/iq_pid_vco/iq_pid_vco.srcs/sources_1/bd/iq_pid_vco_wrapper/ipshared/7e3a/hdl/axi_infrastructure_v1_1_vl_rfs.v:474]
INFO: [Synth 8-256] done synthesizing module 'axi_register_slice_v2_1_11_axi_register_slice' (14#1) [/home/bma/git/fpga_design/redpitaya/iq_pid_vco/iq_pid_vco.srcs/sources_1/bd/iq_pid_vco_wrapper/ipshared/0b6b/hdl/axi_register_slice_v2_1_vl_rfs.v:791]
INFO: [Synth 8-638] synthesizing module 'axi_register_slice_v2_1_11_axi_register_slice__parameterized0' [/home/bma/git/fpga_design/redpitaya/iq_pid_vco/iq_pid_vco.srcs/sources_1/bd/iq_pid_vco_wrapper/ipshared/0b6b/hdl/axi_register_slice_v2_1_vl_rfs.v:791]
INFO: [Synth 8-638] synthesizing module 'axi_infrastructure_v1_1_0_axi2vector__parameterized0' [/home/bma/git/fpga_design/redpitaya/iq_pid_vco/iq_pid_vco.srcs/sources_1/bd/iq_pid_vco_wrapper/ipshared/7e3a/hdl/axi_infrastructure_v1_1_vl_rfs.v:60]
INFO: [Synth 8-256] done synthesizing module 'axi_infrastructure_v1_1_0_axi2vector__parameterized0' (14#1) [/home/bma/git/fpga_design/redpitaya/iq_pid_vco/iq_pid_vco.srcs/sources_1/bd/iq_pid_vco_wrapper/ipshared/7e3a/hdl/axi_infrastructure_v1_1_vl_rfs.v:60]
INFO: [Synth 8-638] synthesizing module 'axi_register_slice_v2_1_11_axic_register_slice__parameterized3' [/home/bma/git/fpga_design/redpitaya/iq_pid_vco/iq_pid_vco.srcs/sources_1/bd/iq_pid_vco_wrapper/ipshared/0b6b/hdl/axi_register_slice_v2_1_vl_rfs.v:85]
INFO: [Synth 8-256] done synthesizing module 'axi_register_slice_v2_1_11_axic_register_slice__parameterized3' (14#1) [/home/bma/git/fpga_design/redpitaya/iq_pid_vco/iq_pid_vco.srcs/sources_1/bd/iq_pid_vco_wrapper/ipshared/0b6b/hdl/axi_register_slice_v2_1_vl_rfs.v:85]
INFO: [Synth 8-638] synthesizing module 'axi_register_slice_v2_1_11_axic_register_slice__parameterized4' [/home/bma/git/fpga_design/redpitaya/iq_pid_vco/iq_pid_vco.srcs/sources_1/bd/iq_pid_vco_wrapper/ipshared/0b6b/hdl/axi_register_slice_v2_1_vl_rfs.v:85]
INFO: [Synth 8-256] done synthesizing module 'axi_register_slice_v2_1_11_axic_register_slice__parameterized4' (14#1) [/home/bma/git/fpga_design/redpitaya/iq_pid_vco/iq_pid_vco.srcs/sources_1/bd/iq_pid_vco_wrapper/ipshared/0b6b/hdl/axi_register_slice_v2_1_vl_rfs.v:85]
INFO: [Synth 8-638] synthesizing module 'axi_register_slice_v2_1_11_axic_register_slice__parameterized5' [/home/bma/git/fpga_design/redpitaya/iq_pid_vco/iq_pid_vco.srcs/sources_1/bd/iq_pid_vco_wrapper/ipshared/0b6b/hdl/axi_register_slice_v2_1_vl_rfs.v:85]
INFO: [Synth 8-256] done synthesizing module 'axi_register_slice_v2_1_11_axic_register_slice__parameterized5' (14#1) [/home/bma/git/fpga_design/redpitaya/iq_pid_vco/iq_pid_vco.srcs/sources_1/bd/iq_pid_vco_wrapper/ipshared/0b6b/hdl/axi_register_slice_v2_1_vl_rfs.v:85]
INFO: [Synth 8-638] synthesizing module 'axi_register_slice_v2_1_11_axic_register_slice__parameterized6' [/home/bma/git/fpga_design/redpitaya/iq_pid_vco/iq_pid_vco.srcs/sources_1/bd/iq_pid_vco_wrapper/ipshared/0b6b/hdl/axi_register_slice_v2_1_vl_rfs.v:85]
INFO: [Synth 8-256] done synthesizing module 'axi_register_slice_v2_1_11_axic_register_slice__parameterized6' (14#1) [/home/bma/git/fpga_design/redpitaya/iq_pid_vco/iq_pid_vco.srcs/sources_1/bd/iq_pid_vco_wrapper/ipshared/0b6b/hdl/axi_register_slice_v2_1_vl_rfs.v:85]
INFO: [Synth 8-638] synthesizing module 'axi_register_slice_v2_1_11_axic_register_slice__parameterized7' [/home/bma/git/fpga_design/redpitaya/iq_pid_vco/iq_pid_vco.srcs/sources_1/bd/iq_pid_vco_wrapper/ipshared/0b6b/hdl/axi_register_slice_v2_1_vl_rfs.v:85]
INFO: [Synth 8-256] done synthesizing module 'axi_register_slice_v2_1_11_axic_register_slice__parameterized7' (14#1) [/home/bma/git/fpga_design/redpitaya/iq_pid_vco/iq_pid_vco.srcs/sources_1/bd/iq_pid_vco_wrapper/ipshared/0b6b/hdl/axi_register_slice_v2_1_vl_rfs.v:85]
INFO: [Synth 8-638] synthesizing module 'axi_infrastructure_v1_1_0_vector2axi__parameterized0' [/home/bma/git/fpga_design/redpitaya/iq_pid_vco/iq_pid_vco.srcs/sources_1/bd/iq_pid_vco_wrapper/ipshared/7e3a/hdl/axi_infrastructure_v1_1_vl_rfs.v:474]
INFO: [Synth 8-256] done synthesizing module 'axi_infrastructure_v1_1_0_vector2axi__parameterized0' (14#1) [/home/bma/git/fpga_design/redpitaya/iq_pid_vco/iq_pid_vco.srcs/sources_1/bd/iq_pid_vco_wrapper/ipshared/7e3a/hdl/axi_infrastructure_v1_1_vl_rfs.v:474]
INFO: [Synth 8-256] done synthesizing module 'axi_register_slice_v2_1_11_axi_register_slice__parameterized0' (14#1) [/home/bma/git/fpga_design/redpitaya/iq_pid_vco/iq_pid_vco.srcs/sources_1/bd/iq_pid_vco_wrapper/ipshared/0b6b/hdl/axi_register_slice_v2_1_vl_rfs.v:791]
INFO: [Synth 8-256] done synthesizing module 'axi_protocol_converter_v2_1_11_b2s' (15#1) [/home/bma/git/fpga_design/redpitaya/iq_pid_vco/iq_pid_vco.srcs/sources_1/bd/iq_pid_vco_wrapper/ipshared/df1b/hdl/axi_protocol_converter_v2_1_vl_rfs.v:4224]
INFO: [Synth 8-256] done synthesizing module 'axi_protocol_converter_v2_1_11_axi_protocol_converter' (16#1) [/home/bma/git/fpga_design/redpitaya/iq_pid_vco/iq_pid_vco.srcs/sources_1/bd/iq_pid_vco_wrapper/ipshared/df1b/hdl/axi_protocol_converter_v2_1_vl_rfs.v:4806]
INFO: [Synth 8-256] done synthesizing module 'iq_pid_vco_wrapper_auto_pc_0' (17#1) [/home/bma/git/fpga_design/redpitaya/iq_pid_vco/iq_pid_vco.srcs/sources_1/bd/iq_pid_vco_wrapper/ip/iq_pid_vco_wrapper_auto_pc_0/synth/iq_pid_vco_wrapper_auto_pc_0.v:58]
Finished RTL Elaboration : Time (s): cpu = 00:01:35 ; elapsed = 00:01:42 . Memory (MB): peak = 1238.738 ; gain = 307.555 ; free physical = 1488 ; free virtual = 12663
Finished RTL Optimization Phase 1 : Time (s): cpu = 00:01:35 ; elapsed = 00:01:43 . Memory (MB): peak = 1238.738 ; gain = 307.555 ; free physical = 1488 ; free virtual = 12663
INFO: [Device 21-403] Loading part xc7z010clg400-1
Constraint Validation Runtime : Time (s): cpu = 00:00:00.19 ; elapsed = 00:00:00.16 . Memory (MB): peak = 1507.547 ; gain = 0.000 ; free physical = 1099 ; free virtual = 12276
Finished Constraint Validation : Time (s): cpu = 00:02:04 ; elapsed = 00:02:14 . Memory (MB): peak = 1507.547 ; gain = 576.363 ; free physical = 1610 ; free virtual = 12787
Finished Loading Part and Timing Information : Time (s): cpu = 00:02:04 ; elapsed = 00:02:14 . Memory (MB): peak = 1507.547 ; gain = 576.363 ; free physical = 1610 ; free virtual = 12787
Finished applying 'set_property' XDC Constraints : Time (s): cpu = 00:02:04 ; elapsed = 00:02:14 . Memory (MB): peak = 1507.547 ; gain = 576.363 ; free physical = 1609 ; free virtual = 12786
Finished RTL Optimization Phase 2 : Time (s): cpu = 00:02:05 ; elapsed = 00:02:16 . Memory (MB): peak = 1507.547 ; gain = 576.363 ; free physical = 1538 ; free virtual = 12715
Finished Cross Boundary and Area Optimization : Time (s): cpu = 00:02:11 ; elapsed = 00:02:22 . Memory (MB): peak = 1507.547 ; gain = 576.363 ; free physical = 1301 ; free virtual = 12478
Finished Applying XDC Timing Constraints : Time (s): cpu = 00:02:34 ; elapsed = 00:02:45 . Memory (MB): peak = 1507.547 ; gain = 576.363 ; free physical = 876 ; free virtual = 12053
Finished Timing Optimization : Time (s): cpu = 00:02:38 ; elapsed = 00:02:50 . Memory (MB): peak = 1521.148 ; gain = 589.965 ; free physical = 794 ; free virtual = 11971
Finished Technology Mapping : Time (s): cpu = 00:02:39 ; elapsed = 00:02:51 . Memory (MB): peak = 1529.156 ; gain = 597.973 ; free physical = 778 ; free virtual = 11955
Finished IO Insertion : Time (s): cpu = 00:02:41 ; elapsed = 00:02:52 . Memory (MB): peak = 1529.156 ; gain = 597.973 ; free physical = 770 ; free virtual = 11947
Finished Renaming Generated Instances : Time (s): cpu = 00:02:41 ; elapsed = 00:02:52 . Memory (MB): peak = 1529.156 ; gain = 597.973 ; free physical = 770 ; free virtual = 11947
Finished Rebuilding User Hierarchy : Time (s): cpu = 00:02:41 ; elapsed = 00:02:53 . Memory (MB): peak = 1529.156 ; gain = 597.973 ; free physical = 768 ; free virtual = 11945
Finished Renaming Generated Ports : Time (s): cpu = 00:02:41 ; elapsed = 00:02:53 . Memory (MB): peak = 1529.156 ; gain = 597.973 ; free physical = 768 ; free virtual = 11945
Finished Handling Custom Attributes : Time (s): cpu = 00:02:41 ; elapsed = 00:02:53 . Memory (MB): peak = 1529.156 ; gain = 597.973 ; free physical = 767 ; free virtual = 11944
Finished Renaming Generated Nets : Time (s): cpu = 00:02:41 ; elapsed = 00:02:53 . Memory (MB): peak = 1529.156 ; gain = 597.973 ; free physical = 766 ; free virtual = 11943

Report Cell Usage: 
+------+--------+------+
|      |Cell    |Count |
+------+--------+------+
|1     |CARRY4  |    18|
|2     |LUT1    |    38|
|3     |LUT2    |    18|
|4     |LUT3    |   235|
|5     |LUT4    |    41|
|6     |LUT5    |    70|
|7     |LUT6    |   106|
|8     |SRL16E  |    18|
|9     |SRLC32E |    47|
|10    |FDRE    |   548|
|11    |FDSE    |    51|
+------+--------+------+
Finished Writing Synthesis Report : Time (s): cpu = 00:02:41 ; elapsed = 00:02:53 . Memory (MB): peak = 1529.156 ; gain = 597.973 ; free physical = 766 ; free virtual = 11943
synth_design: Time (s): cpu = 00:02:33 ; elapsed = 00:02:43 . Memory (MB): peak = 1529.164 ; gain = 499.477 ; free physical = 719 ; free virtual = 11896
