
*** Running vivado
    with args -log pid_vco_pid_only_wrapper_expanderReal_0_dds1_0.vds -m64 -product Vivado -mode batch -messageDb vivado.pb -notrace -source pid_vco_pid_only_wrapper_expanderReal_0_dds1_0.tcl

awk: symbol lookup error: awk: undefined symbol: mpfr_z_sub

****** Vivado v2016.4 (64-bit)
  **** SW Build 1733598 on Wed Dec 14 22:35:42 MST 2016
  **** IP Build 1731160 on Wed Dec 14 23:47:21 MST 2016
    ** Copyright 1986-2016 Xilinx, Inc. All Rights Reserved.

source pid_vco_pid_only_wrapper_expanderReal_0_dds1_0.tcl -notrace
Command: synth_design -top pid_vco_pid_only_wrapper_expanderReal_0_dds1_0 -part xc7z010clg400-1 -mode out_of_context
Starting synth_design
Attempting to get a license for feature 'Synthesis' and/or device 'xc7z010'
INFO: [Common 17-349] Got license for feature 'Synthesis' and/or device 'xc7z010'
INFO: Launching helper process for spawning children vivado processes
INFO: Helper process launched with PID 3134 
awk: symbol lookup error: awk: undefined symbol: mpfr_z_sub
---------------------------------------------------------------------------------
Starting RTL Elaboration : Time (s): cpu = 00:00:25 ; elapsed = 00:00:28 . Memory (MB): peak = 1111.266 ; gain = 180.086 ; free physical = 2423 ; free virtual = 12808
---------------------------------------------------------------------------------
INFO: [Synth 8-638] synthesizing module 'pid_vco_pid_only_wrapper_expanderReal_0_dds1_0' [/home/bma/git/fpga_design/redpitaya/pid_vco_pid_only/pid_vco_pid_only.srcs/sources_1/bd/pid_vco_pid_only_wrapper/ip/pid_vco_pid_only_wrapper_expanderReal_0_dds1_0/synth/pid_vco_pid_only_wrapper_expanderReal_0_dds1_0.vhd:71]
	Parameter format bound to: signed - type: string 
	Parameter DATA_IN_SIZE bound to: 28 - type: integer 
	Parameter DATA_OUT_SIZE bound to: 32 - type: integer 
INFO: [Synth 8-3491] module 'expanderReal' declared at '/home/bma/git/fpga_design/redpitaya/pid_vco_pid_only/pid_vco_pid_only.srcs/sources_1/bd/pid_vco_pid_only_wrapper/ipshared/8279/hdl/expanderReal.vhd:5' bound to instance 'U0' of component 'expanderReal' [/home/bma/git/fpga_design/redpitaya/pid_vco_pid_only/pid_vco_pid_only.srcs/sources_1/bd/pid_vco_pid_only_wrapper/ip/pid_vco_pid_only_wrapper_expanderReal_0_dds1_0/synth/pid_vco_pid_only_wrapper_expanderReal_0_dds1_0.vhd:109]
INFO: [Synth 8-638] synthesizing module 'expanderReal' [/home/bma/git/fpga_design/redpitaya/pid_vco_pid_only/pid_vco_pid_only.srcs/sources_1/bd/pid_vco_pid_only_wrapper/ipshared/8279/hdl/expanderReal.vhd:26]
	Parameter format bound to: signed - type: string 
	Parameter DATA_IN_SIZE bound to: 28 - type: integer 
	Parameter DATA_OUT_SIZE bound to: 32 - type: integer 
INFO: [Synth 8-256] done synthesizing module 'expanderReal' (1#1) [/home/bma/git/fpga_design/redpitaya/pid_vco_pid_only/pid_vco_pid_only.srcs/sources_1/bd/pid_vco_pid_only_wrapper/ipshared/8279/hdl/expanderReal.vhd:26]
INFO: [Synth 8-256] done synthesizing module 'pid_vco_pid_only_wrapper_expanderReal_0_dds1_0' (2#1) [/home/bma/git/fpga_design/redpitaya/pid_vco_pid_only/pid_vco_pid_only.srcs/sources_1/bd/pid_vco_pid_only_wrapper/ip/pid_vco_pid_only_wrapper_expanderReal_0_dds1_0/synth/pid_vco_pid_only_wrapper_expanderReal_0_dds1_0.vhd:71]
---------------------------------------------------------------------------------
Finished RTL Elaboration : Time (s): cpu = 00:00:27 ; elapsed = 00:00:30 . Memory (MB): peak = 1152.734 ; gain = 221.555 ; free physical = 2370 ; free virtual = 12756
---------------------------------------------------------------------------------

Report Check Netlist: 
+------+------------------+-------+---------+-------+------------------+
|      |Item              |Errors |Warnings |Status |Description       |
+------+------------------+-------+---------+-------+------------------+
|1     |multi_driven_nets |      0|        0|Passed |Multi driven nets |
+------+------------------+-------+---------+-------+------------------+
---------------------------------------------------------------------------------
Finished RTL Optimization Phase 1 : Time (s): cpu = 00:00:27 ; elapsed = 00:00:30 . Memory (MB): peak = 1152.734 ; gain = 221.555 ; free physical = 2367 ; free virtual = 12752
---------------------------------------------------------------------------------
INFO: [Device 21-403] Loading part xc7z010clg400-1
INFO: [Project 1-570] Preparing netlist for logic optimization

Processing XDC Constraints
Initializing timing engine
Completed Processing XDC Constraints

INFO: [Project 1-111] Unisim Transformation Summary:
No Unisim elements were transformed.

Constraint Validation Runtime : Time (s): cpu = 00:00:00.02 ; elapsed = 00:00:00.04 . Memory (MB): peak = 1395.895 ; gain = 0.000 ; free physical = 2536 ; free virtual = 12921
---------------------------------------------------------------------------------
Finished Constraint Validation : Time (s): cpu = 00:00:54 ; elapsed = 00:00:58 . Memory (MB): peak = 1395.895 ; gain = 464.715 ; free physical = 2209 ; free virtual = 12595
---------------------------------------------------------------------------------
---------------------------------------------------------------------------------
Start Loading Part and Timing Information
---------------------------------------------------------------------------------
Loading part: xc7z010clg400-1
---------------------------------------------------------------------------------
Finished Loading Part and Timing Information : Time (s): cpu = 00:00:54 ; elapsed = 00:00:58 . Memory (MB): peak = 1395.895 ; gain = 464.715 ; free physical = 2209 ; free virtual = 12595
---------------------------------------------------------------------------------
---------------------------------------------------------------------------------
Start Applying 'set_property' XDC Constraints
---------------------------------------------------------------------------------
---------------------------------------------------------------------------------
Finished applying 'set_property' XDC Constraints : Time (s): cpu = 00:00:54 ; elapsed = 00:00:58 . Memory (MB): peak = 1395.895 ; gain = 464.715 ; free physical = 2208 ; free virtual = 12594
---------------------------------------------------------------------------------
---------------------------------------------------------------------------------
Finished RTL Optimization Phase 2 : Time (s): cpu = 00:00:54 ; elapsed = 00:00:58 . Memory (MB): peak = 1395.895 ; gain = 464.715 ; free physical = 2199 ; free virtual = 12585
---------------------------------------------------------------------------------

Report RTL Partitions: 
+-+--------------+------------+----------+
| |RTL Partition |Replication |Instances |
+-+--------------+------------+----------+
+-+--------------+------------+----------+
---------------------------------------------------------------------------------
Start RTL Component Statistics 
---------------------------------------------------------------------------------
Detailed RTL Component Info : 
---------------------------------------------------------------------------------
Finished RTL Component Statistics 
---------------------------------------------------------------------------------
---------------------------------------------------------------------------------
Start RTL Hierarchical Component Statistics 
---------------------------------------------------------------------------------
Hierarchical RTL Component report 
---------------------------------------------------------------------------------
Finished RTL Hierarchical Component Statistics
---------------------------------------------------------------------------------
---------------------------------------------------------------------------------
Start Part Resource Summary
---------------------------------------------------------------------------------
Part Resources:
DSPs: 80 (col length:40)
BRAMs: 120 (col length: RAMB18 40 RAMB36 20)
---------------------------------------------------------------------------------
Finished Part Resource Summary
---------------------------------------------------------------------------------
---------------------------------------------------------------------------------
Start Cross Boundary and Area Optimization
---------------------------------------------------------------------------------
WARNING: [Synth 8-3330] design pid_vco_pid_only_wrapper_expanderReal_0_dds1_0 has an empty top module
---------------------------------------------------------------------------------
Finished Cross Boundary and Area Optimization : Time (s): cpu = 00:00:55 ; elapsed = 00:00:59 . Memory (MB): peak = 1395.895 ; gain = 464.715 ; free physical = 2187 ; free virtual = 12573
---------------------------------------------------------------------------------

Report RTL Partitions: 
+-+--------------+------------+----------+
| |RTL Partition |Replication |Instances |
+-+--------------+------------+----------+
+-+--------------+------------+----------+
---------------------------------------------------------------------------------
Start Timing Optimization
---------------------------------------------------------------------------------
---------------------------------------------------------------------------------
Start Applying XDC Timing Constraints
---------------------------------------------------------------------------------
---------------------------------------------------------------------------------
Finished Applying XDC Timing Constraints : Time (s): cpu = 00:01:19 ; elapsed = 00:01:24 . Memory (MB): peak = 1433.895 ; gain = 502.715 ; free physical = 1701 ; free virtual = 12087
---------------------------------------------------------------------------------
---------------------------------------------------------------------------------
Finished Timing Optimization : Time (s): cpu = 00:01:19 ; elapsed = 00:01:24 . Memory (MB): peak = 1433.895 ; gain = 502.715 ; free physical = 1701 ; free virtual = 12087
---------------------------------------------------------------------------------

Report RTL Partitions: 
+-+--------------+------------+----------+
| |RTL Partition |Replication |Instances |
+-+--------------+------------+----------+
+-+--------------+------------+----------+
---------------------------------------------------------------------------------
Start Technology Mapping
---------------------------------------------------------------------------------
---------------------------------------------------------------------------------
Finished Technology Mapping : Time (s): cpu = 00:01:19 ; elapsed = 00:01:24 . Memory (MB): peak = 1443.910 ; gain = 512.730 ; free physical = 1692 ; free virtual = 12078
---------------------------------------------------------------------------------

Report RTL Partitions: 
+-+--------------+------------+----------+
| |RTL Partition |Replication |Instances |
+-+--------------+------------+----------+
+-+--------------+------------+----------+
---------------------------------------------------------------------------------
Start IO Insertion
---------------------------------------------------------------------------------
---------------------------------------------------------------------------------
Start Flattening Before IO Insertion
---------------------------------------------------------------------------------
---------------------------------------------------------------------------------
Finished Flattening Before IO Insertion
---------------------------------------------------------------------------------
---------------------------------------------------------------------------------
Start Final Netlist Cleanup
---------------------------------------------------------------------------------
---------------------------------------------------------------------------------
Finished Final Netlist Cleanup
---------------------------------------------------------------------------------
---------------------------------------------------------------------------------
Finished IO Insertion : Time (s): cpu = 00:01:20 ; elapsed = 00:01:25 . Memory (MB): peak = 1443.910 ; gain = 512.730 ; free physical = 1676 ; free virtual = 12062
---------------------------------------------------------------------------------

Report Check Netlist: 
+------+------------------+-------+---------+-------+------------------+
|      |Item              |Errors |Warnings |Status |Description       |
+------+------------------+-------+---------+-------+------------------+
|1     |multi_driven_nets |      0|        0|Passed |Multi driven nets |
+------+------------------+-------+---------+-------+------------------+
---------------------------------------------------------------------------------
Start Renaming Generated Instances
---------------------------------------------------------------------------------
---------------------------------------------------------------------------------
Finished Renaming Generated Instances : Time (s): cpu = 00:01:20 ; elapsed = 00:01:25 . Memory (MB): peak = 1443.910 ; gain = 512.730 ; free physical = 1675 ; free virtual = 12062
---------------------------------------------------------------------------------

Report RTL Partitions: 
+-+--------------+------------+----------+
| |RTL Partition |Replication |Instances |
+-+--------------+------------+----------+
+-+--------------+------------+----------+
---------------------------------------------------------------------------------
Start Rebuilding User Hierarchy
---------------------------------------------------------------------------------
---------------------------------------------------------------------------------
Finished Rebuilding User Hierarchy : Time (s): cpu = 00:01:20 ; elapsed = 00:01:25 . Memory (MB): peak = 1443.910 ; gain = 512.730 ; free physical = 1675 ; free virtual = 12061
---------------------------------------------------------------------------------
---------------------------------------------------------------------------------
Start Renaming Generated Ports
---------------------------------------------------------------------------------
---------------------------------------------------------------------------------
Finished Renaming Generated Ports : Time (s): cpu = 00:01:20 ; elapsed = 00:01:25 . Memory (MB): peak = 1443.910 ; gain = 512.730 ; free physical = 1675 ; free virtual = 12061
---------------------------------------------------------------------------------
---------------------------------------------------------------------------------
Start Handling Custom Attributes
---------------------------------------------------------------------------------
---------------------------------------------------------------------------------
Finished Handling Custom Attributes : Time (s): cpu = 00:01:20 ; elapsed = 00:01:25 . Memory (MB): peak = 1443.910 ; gain = 512.730 ; free physical = 1673 ; free virtual = 12060
---------------------------------------------------------------------------------
---------------------------------------------------------------------------------
Start Renaming Generated Nets
---------------------------------------------------------------------------------
---------------------------------------------------------------------------------
Finished Renaming Generated Nets : Time (s): cpu = 00:01:20 ; elapsed = 00:01:25 . Memory (MB): peak = 1443.910 ; gain = 512.730 ; free physical = 1673 ; free virtual = 12060
---------------------------------------------------------------------------------
---------------------------------------------------------------------------------
Start Writing Synthesis Report
---------------------------------------------------------------------------------

Report BlackBoxes: 
+-+--------------+----------+
| |BlackBox name |Instances |
+-+--------------+----------+
+-+--------------+----------+

Report Cell Usage: 
+-+-----+------+
| |Cell |Count |
+-+-----+------+
+-+-----+------+

Report Instance Areas: 
+------+---------+-------+------+
|      |Instance |Module |Cells |
+------+---------+-------+------+
|1     |top      |       |     0|
+------+---------+-------+------+
---------------------------------------------------------------------------------
Finished Writing Synthesis Report : Time (s): cpu = 00:01:20 ; elapsed = 00:01:25 . Memory (MB): peak = 1443.910 ; gain = 512.730 ; free physical = 1673 ; free virtual = 12060
---------------------------------------------------------------------------------
Synthesis finished with 0 errors, 0 critical warnings and 1 warnings.
Synthesis Optimization Runtime : Time (s): cpu = 00:00:53 ; elapsed = 00:00:56 . Memory (MB): peak = 1443.910 ; gain = 157.480 ; free physical = 1669 ; free virtual = 12058
Synthesis Optimization Complete : Time (s): cpu = 00:01:21 ; elapsed = 00:01:26 . Memory (MB): peak = 1443.918 ; gain = 512.738 ; free physical = 1671 ; free virtual = 12061
INFO: [Project 1-571] Translating synthesized netlist
INFO: [Project 1-570] Preparing netlist for logic optimization
INFO: [Opt 31-138] Pushed 0 inverter(s) to 0 load pin(s).
INFO: [Project 1-111] Unisim Transformation Summary:
No Unisim elements were transformed.

INFO: [Common 17-83] Releasing license: Synthesis
14 Infos, 1 Warnings, 0 Critical Warnings and 0 Errors encountered.
synth_design completed successfully
synth_design: Time (s): cpu = 00:01:10 ; elapsed = 00:01:14 . Memory (MB): peak = 1448.910 ; gain = 418.227 ; free physical = 1650 ; free virtual = 12036
INFO: [Common 17-1381] The checkpoint '/home/bma/git/fpga_design/redpitaya/pid_vco_pid_only/pid_vco_pid_only.runs/pid_vco_pid_only_wrapper_expanderReal_0_dds1_0_synth_1/pid_vco_pid_only_wrapper_expanderReal_0_dds1_0.dcp' has been generated.
INFO: [Common 17-1381] The checkpoint '/home/bma/git/fpga_design/redpitaya/pid_vco_pid_only/pid_vco_pid_only.runs/pid_vco_pid_only_wrapper_expanderReal_0_dds1_0_synth_1/pid_vco_pid_only_wrapper_expanderReal_0_dds1_0.dcp' has been generated.
report_utilization: Time (s): cpu = 00:00:00.14 ; elapsed = 00:00:00.18 . Memory (MB): peak = 1448.910 ; gain = 0.000 ; free physical = 1618 ; free virtual = 12004
INFO: [Common 17-206] Exiting Vivado at Sat May  6 08:57:52 2017...
