
*** Running vivado
    with args -log iq_demod_only_wrapper_xbar_0.vds -m64 -product Vivado -mode batch -messageDb vivado.pb -notrace -source iq_demod_only_wrapper_xbar_0.tcl

awk: symbol lookup error: awk: undefined symbol: mpfr_z_sub

****** Vivado v2016.4 (64-bit)
  **** SW Build 1733598 on Wed Dec 14 22:35:42 MST 2016
  **** IP Build 1731160 on Wed Dec 14 23:47:21 MST 2016
    ** Copyright 1986-2016 Xilinx, Inc. All Rights Reserved.

source iq_demod_only_wrapper_xbar_0.tcl -notrace
awk: symbol lookup error: awk: undefined symbol: mpfr_z_sub
Starting RTL Elaboration : Time (s): cpu = 00:00:30 ; elapsed = 00:00:33 . Memory (MB): peak = 1129.273 ; gain = 198.086 ; free physical = 1094 ; free virtual = 12411
INFO: [Synth 8-638] synthesizing module 'iq_demod_only_wrapper_xbar_0' [/home/bma/git/fpga_design/redpitaya/iq_demod_only/iq_demod_only.srcs/sources_1/bd/iq_demod_only_wrapper/ip/iq_demod_only_wrapper_xbar_0/synth/iq_demod_only_wrapper_xbar_0.v:59]
INFO: [Synth 8-638] synthesizing module 'axi_crossbar_v2_1_12_axi_crossbar' [/home/bma/git/fpga_design/redpitaya/iq_demod_only/iq_demod_only.srcs/sources_1/bd/iq_demod_only_wrapper/ipshared/896d/hdl/axi_crossbar_v2_1_vl_rfs.v:4882]
INFO: [Synth 8-638] synthesizing module 'axi_crossbar_v2_1_12_crossbar' [/home/bma/git/fpga_design/redpitaya/iq_demod_only/iq_demod_only.srcs/sources_1/bd/iq_demod_only_wrapper/ipshared/896d/hdl/axi_crossbar_v2_1_vl_rfs.v:2239]
INFO: [Synth 8-638] synthesizing module 'axi_crossbar_v2_1_12_si_transactor' [/home/bma/git/fpga_design/redpitaya/iq_demod_only/iq_demod_only.srcs/sources_1/bd/iq_demod_only_wrapper/ipshared/896d/hdl/axi_crossbar_v2_1_vl_rfs.v:3798]
INFO: [Synth 8-638] synthesizing module 'axi_crossbar_v2_1_12_addr_decoder' [/home/bma/git/fpga_design/redpitaya/iq_demod_only/iq_demod_only.srcs/sources_1/bd/iq_demod_only_wrapper/ipshared/896d/hdl/axi_crossbar_v2_1_vl_rfs.v:794]
INFO: [Synth 8-638] synthesizing module 'generic_baseblocks_v2_1_0_comparator_static' [/home/bma/git/fpga_design/redpitaya/iq_demod_only/iq_demod_only.srcs/sources_1/bd/iq_demod_only_wrapper/ipshared/7ee0/hdl/generic_baseblocks_v2_1_vl_rfs.v:2133]
INFO: [Synth 8-638] synthesizing module 'generic_baseblocks_v2_1_0_carry_and' [/home/bma/git/fpga_design/redpitaya/iq_demod_only/iq_demod_only.srcs/sources_1/bd/iq_demod_only_wrapper/ipshared/7ee0/hdl/generic_baseblocks_v2_1_vl_rfs.v:62]
INFO: [Synth 8-256] done synthesizing module 'generic_baseblocks_v2_1_0_carry_and' (1#1) [/home/bma/git/fpga_design/redpitaya/iq_demod_only/iq_demod_only.srcs/sources_1/bd/iq_demod_only_wrapper/ipshared/7ee0/hdl/generic_baseblocks_v2_1_vl_rfs.v:62]
INFO: [Synth 8-256] done synthesizing module 'generic_baseblocks_v2_1_0_comparator_static' (2#1) [/home/bma/git/fpga_design/redpitaya/iq_demod_only/iq_demod_only.srcs/sources_1/bd/iq_demod_only_wrapper/ipshared/7ee0/hdl/generic_baseblocks_v2_1_vl_rfs.v:2133]
INFO: [Synth 8-638] synthesizing module 'generic_baseblocks_v2_1_0_comparator_static__parameterized0' [/home/bma/git/fpga_design/redpitaya/iq_demod_only/iq_demod_only.srcs/sources_1/bd/iq_demod_only_wrapper/ipshared/7ee0/hdl/generic_baseblocks_v2_1_vl_rfs.v:2133]
INFO: [Synth 8-256] done synthesizing module 'generic_baseblocks_v2_1_0_comparator_static__parameterized0' (2#1) [/home/bma/git/fpga_design/redpitaya/iq_demod_only/iq_demod_only.srcs/sources_1/bd/iq_demod_only_wrapper/ipshared/7ee0/hdl/generic_baseblocks_v2_1_vl_rfs.v:2133]
INFO: [Synth 8-638] synthesizing module 'generic_baseblocks_v2_1_0_comparator_static__parameterized1' [/home/bma/git/fpga_design/redpitaya/iq_demod_only/iq_demod_only.srcs/sources_1/bd/iq_demod_only_wrapper/ipshared/7ee0/hdl/generic_baseblocks_v2_1_vl_rfs.v:2133]
INFO: [Synth 8-256] done synthesizing module 'generic_baseblocks_v2_1_0_comparator_static__parameterized1' (2#1) [/home/bma/git/fpga_design/redpitaya/iq_demod_only/iq_demod_only.srcs/sources_1/bd/iq_demod_only_wrapper/ipshared/7ee0/hdl/generic_baseblocks_v2_1_vl_rfs.v:2133]
INFO: [Synth 8-638] synthesizing module 'generic_baseblocks_v2_1_0_comparator_static__parameterized2' [/home/bma/git/fpga_design/redpitaya/iq_demod_only/iq_demod_only.srcs/sources_1/bd/iq_demod_only_wrapper/ipshared/7ee0/hdl/generic_baseblocks_v2_1_vl_rfs.v:2133]
INFO: [Synth 8-256] done synthesizing module 'generic_baseblocks_v2_1_0_comparator_static__parameterized2' (2#1) [/home/bma/git/fpga_design/redpitaya/iq_demod_only/iq_demod_only.srcs/sources_1/bd/iq_demod_only_wrapper/ipshared/7ee0/hdl/generic_baseblocks_v2_1_vl_rfs.v:2133]
INFO: [Synth 8-638] synthesizing module 'generic_baseblocks_v2_1_0_comparator_static__parameterized3' [/home/bma/git/fpga_design/redpitaya/iq_demod_only/iq_demod_only.srcs/sources_1/bd/iq_demod_only_wrapper/ipshared/7ee0/hdl/generic_baseblocks_v2_1_vl_rfs.v:2133]
INFO: [Synth 8-256] done synthesizing module 'generic_baseblocks_v2_1_0_comparator_static__parameterized3' (2#1) [/home/bma/git/fpga_design/redpitaya/iq_demod_only/iq_demod_only.srcs/sources_1/bd/iq_demod_only_wrapper/ipshared/7ee0/hdl/generic_baseblocks_v2_1_vl_rfs.v:2133]
INFO: [Synth 8-256] done synthesizing module 'axi_crossbar_v2_1_12_addr_decoder' (3#1) [/home/bma/git/fpga_design/redpitaya/iq_demod_only/iq_demod_only.srcs/sources_1/bd/iq_demod_only_wrapper/ipshared/896d/hdl/axi_crossbar_v2_1_vl_rfs.v:794]
INFO: [Synth 8-638] synthesizing module 'axi_data_fifo_v2_1_10_axic_srl_fifo' [/home/bma/git/fpga_design/redpitaya/iq_demod_only/iq_demod_only.srcs/sources_1/bd/iq_demod_only_wrapper/ipshared/39ba/hdl/axi_data_fifo_v2_1_vl_rfs.v:698]
INFO: [Synth 8-638] synthesizing module 'axi_data_fifo_v2_1_10_ndeep_srl' [/home/bma/git/fpga_design/redpitaya/iq_demod_only/iq_demod_only.srcs/sources_1/bd/iq_demod_only_wrapper/ipshared/39ba/hdl/axi_data_fifo_v2_1_vl_rfs.v:1134]
INFO: [Synth 8-638] synthesizing module 'SRLC32E' [/opt/Xilinx/Vivado/2016.4/scripts/rt/data/unisim_comp.v:43478]
INFO: [Synth 8-256] done synthesizing module 'SRLC32E' (4#1) [/opt/Xilinx/Vivado/2016.4/scripts/rt/data/unisim_comp.v:43478]
INFO: [Synth 8-256] done synthesizing module 'axi_data_fifo_v2_1_10_ndeep_srl' (5#1) [/home/bma/git/fpga_design/redpitaya/iq_demod_only/iq_demod_only.srcs/sources_1/bd/iq_demod_only_wrapper/ipshared/39ba/hdl/axi_data_fifo_v2_1_vl_rfs.v:1134]
INFO: [Synth 8-256] done synthesizing module 'axi_data_fifo_v2_1_10_axic_srl_fifo' (6#1) [/home/bma/git/fpga_design/redpitaya/iq_demod_only/iq_demod_only.srcs/sources_1/bd/iq_demod_only_wrapper/ipshared/39ba/hdl/axi_data_fifo_v2_1_vl_rfs.v:698]
INFO: [Synth 8-638] synthesizing module 'axi_crossbar_v2_1_12_arbiter_resp' [/home/bma/git/fpga_design/redpitaya/iq_demod_only/iq_demod_only.srcs/sources_1/bd/iq_demod_only_wrapper/ipshared/896d/hdl/axi_crossbar_v2_1_vl_rfs.v:1025]
INFO: [Synth 8-256] done synthesizing module 'axi_crossbar_v2_1_12_arbiter_resp' (7#1) [/home/bma/git/fpga_design/redpitaya/iq_demod_only/iq_demod_only.srcs/sources_1/bd/iq_demod_only_wrapper/ipshared/896d/hdl/axi_crossbar_v2_1_vl_rfs.v:1025]
INFO: [Synth 8-638] synthesizing module 'generic_baseblocks_v2_1_0_mux_enc' [/home/bma/git/fpga_design/redpitaya/iq_demod_only/iq_demod_only.srcs/sources_1/bd/iq_demod_only_wrapper/ipshared/7ee0/hdl/generic_baseblocks_v2_1_vl_rfs.v:2452]
INFO: [Synth 8-638] synthesizing module 'MUXF7' [/opt/Xilinx/Vivado/2016.4/scripts/rt/data/unisim_comp.v:21379]
INFO: [Synth 8-256] done synthesizing module 'MUXF7' (8#1) [/opt/Xilinx/Vivado/2016.4/scripts/rt/data/unisim_comp.v:21379]
INFO: [Synth 8-256] done synthesizing module 'generic_baseblocks_v2_1_0_mux_enc' (9#1) [/home/bma/git/fpga_design/redpitaya/iq_demod_only/iq_demod_only.srcs/sources_1/bd/iq_demod_only_wrapper/ipshared/7ee0/hdl/generic_baseblocks_v2_1_vl_rfs.v:2452]
INFO: [Synth 8-256] done synthesizing module 'axi_crossbar_v2_1_12_si_transactor' (10#1) [/home/bma/git/fpga_design/redpitaya/iq_demod_only/iq_demod_only.srcs/sources_1/bd/iq_demod_only_wrapper/ipshared/896d/hdl/axi_crossbar_v2_1_vl_rfs.v:3798]
INFO: [Synth 8-638] synthesizing module 'axi_crossbar_v2_1_12_si_transactor__parameterized0' [/home/bma/git/fpga_design/redpitaya/iq_demod_only/iq_demod_only.srcs/sources_1/bd/iq_demod_only_wrapper/ipshared/896d/hdl/axi_crossbar_v2_1_vl_rfs.v:3798]
INFO: [Synth 8-638] synthesizing module 'generic_baseblocks_v2_1_0_mux_enc__parameterized0' [/home/bma/git/fpga_design/redpitaya/iq_demod_only/iq_demod_only.srcs/sources_1/bd/iq_demod_only_wrapper/ipshared/7ee0/hdl/generic_baseblocks_v2_1_vl_rfs.v:2452]
INFO: [Synth 8-256] done synthesizing module 'generic_baseblocks_v2_1_0_mux_enc__parameterized0' (10#1) [/home/bma/git/fpga_design/redpitaya/iq_demod_only/iq_demod_only.srcs/sources_1/bd/iq_demod_only_wrapper/ipshared/7ee0/hdl/generic_baseblocks_v2_1_vl_rfs.v:2452]
INFO: [Synth 8-256] done synthesizing module 'axi_crossbar_v2_1_12_si_transactor__parameterized0' (10#1) [/home/bma/git/fpga_design/redpitaya/iq_demod_only/iq_demod_only.srcs/sources_1/bd/iq_demod_only_wrapper/ipshared/896d/hdl/axi_crossbar_v2_1_vl_rfs.v:3798]
INFO: [Synth 8-638] synthesizing module 'axi_crossbar_v2_1_12_splitter' [/home/bma/git/fpga_design/redpitaya/iq_demod_only/iq_demod_only.srcs/sources_1/bd/iq_demod_only_wrapper/ipshared/896d/hdl/axi_crossbar_v2_1_vl_rfs.v:4459]
INFO: [Synth 8-256] done synthesizing module 'axi_crossbar_v2_1_12_splitter' (11#1) [/home/bma/git/fpga_design/redpitaya/iq_demod_only/iq_demod_only.srcs/sources_1/bd/iq_demod_only_wrapper/ipshared/896d/hdl/axi_crossbar_v2_1_vl_rfs.v:4459]
INFO: [Synth 8-638] synthesizing module 'axi_crossbar_v2_1_12_wdata_router' [/home/bma/git/fpga_design/redpitaya/iq_demod_only/iq_demod_only.srcs/sources_1/bd/iq_demod_only_wrapper/ipshared/896d/hdl/axi_crossbar_v2_1_vl_rfs.v:4734]
INFO: [Synth 8-638] synthesizing module 'axi_data_fifo_v2_1_10_axic_reg_srl_fifo' [/home/bma/git/fpga_design/redpitaya/iq_demod_only/iq_demod_only.srcs/sources_1/bd/iq_demod_only_wrapper/ipshared/39ba/hdl/axi_data_fifo_v2_1_vl_rfs.v:889]
INFO: [Synth 8-638] synthesizing module 'axi_data_fifo_v2_1_10_ndeep_srl__parameterized0' [/home/bma/git/fpga_design/redpitaya/iq_demod_only/iq_demod_only.srcs/sources_1/bd/iq_demod_only_wrapper/ipshared/39ba/hdl/axi_data_fifo_v2_1_vl_rfs.v:1134]
INFO: [Synth 8-256] done synthesizing module 'axi_data_fifo_v2_1_10_ndeep_srl__parameterized0' (11#1) [/home/bma/git/fpga_design/redpitaya/iq_demod_only/iq_demod_only.srcs/sources_1/bd/iq_demod_only_wrapper/ipshared/39ba/hdl/axi_data_fifo_v2_1_vl_rfs.v:1134]
INFO: [Synth 8-638] synthesizing module 'axi_data_fifo_v2_1_10_ndeep_srl__parameterized1' [/home/bma/git/fpga_design/redpitaya/iq_demod_only/iq_demod_only.srcs/sources_1/bd/iq_demod_only_wrapper/ipshared/39ba/hdl/axi_data_fifo_v2_1_vl_rfs.v:1134]
INFO: [Synth 8-256] done synthesizing module 'axi_data_fifo_v2_1_10_ndeep_srl__parameterized1' (11#1) [/home/bma/git/fpga_design/redpitaya/iq_demod_only/iq_demod_only.srcs/sources_1/bd/iq_demod_only_wrapper/ipshared/39ba/hdl/axi_data_fifo_v2_1_vl_rfs.v:1134]
INFO: [Synth 8-638] synthesizing module 'axi_data_fifo_v2_1_10_ndeep_srl__parameterized2' [/home/bma/git/fpga_design/redpitaya/iq_demod_only/iq_demod_only.srcs/sources_1/bd/iq_demod_only_wrapper/ipshared/39ba/hdl/axi_data_fifo_v2_1_vl_rfs.v:1134]
INFO: [Synth 8-256] done synthesizing module 'axi_data_fifo_v2_1_10_ndeep_srl__parameterized2' (11#1) [/home/bma/git/fpga_design/redpitaya/iq_demod_only/iq_demod_only.srcs/sources_1/bd/iq_demod_only_wrapper/ipshared/39ba/hdl/axi_data_fifo_v2_1_vl_rfs.v:1134]
INFO: [Synth 8-638] synthesizing module 'axi_data_fifo_v2_1_10_ndeep_srl__parameterized3' [/home/bma/git/fpga_design/redpitaya/iq_demod_only/iq_demod_only.srcs/sources_1/bd/iq_demod_only_wrapper/ipshared/39ba/hdl/axi_data_fifo_v2_1_vl_rfs.v:1134]
INFO: [Synth 8-256] done synthesizing module 'axi_data_fifo_v2_1_10_ndeep_srl__parameterized3' (11#1) [/home/bma/git/fpga_design/redpitaya/iq_demod_only/iq_demod_only.srcs/sources_1/bd/iq_demod_only_wrapper/ipshared/39ba/hdl/axi_data_fifo_v2_1_vl_rfs.v:1134]
INFO: [Synth 8-256] done synthesizing module 'axi_data_fifo_v2_1_10_axic_reg_srl_fifo' (12#1) [/home/bma/git/fpga_design/redpitaya/iq_demod_only/iq_demod_only.srcs/sources_1/bd/iq_demod_only_wrapper/ipshared/39ba/hdl/axi_data_fifo_v2_1_vl_rfs.v:889]
INFO: [Synth 8-256] done synthesizing module 'axi_crossbar_v2_1_12_wdata_router' (13#1) [/home/bma/git/fpga_design/redpitaya/iq_demod_only/iq_demod_only.srcs/sources_1/bd/iq_demod_only_wrapper/ipshared/896d/hdl/axi_crossbar_v2_1_vl_rfs.v:4734]
INFO: [Synth 8-638] synthesizing module 'axi_data_fifo_v2_1_10_axic_srl_fifo__parameterized0' [/home/bma/git/fpga_design/redpitaya/iq_demod_only/iq_demod_only.srcs/sources_1/bd/iq_demod_only_wrapper/ipshared/39ba/hdl/axi_data_fifo_v2_1_vl_rfs.v:698]
INFO: [Synth 8-638] synthesizing module 'axi_data_fifo_v2_1_10_ndeep_srl__parameterized4' [/home/bma/git/fpga_design/redpitaya/iq_demod_only/iq_demod_only.srcs/sources_1/bd/iq_demod_only_wrapper/ipshared/39ba/hdl/axi_data_fifo_v2_1_vl_rfs.v:1134]
INFO: [Synth 8-256] done synthesizing module 'axi_data_fifo_v2_1_10_ndeep_srl__parameterized4' (13#1) [/home/bma/git/fpga_design/redpitaya/iq_demod_only/iq_demod_only.srcs/sources_1/bd/iq_demod_only_wrapper/ipshared/39ba/hdl/axi_data_fifo_v2_1_vl_rfs.v:1134]
INFO: [Synth 8-638] synthesizing module 'axi_data_fifo_v2_1_10_ndeep_srl__parameterized5' [/home/bma/git/fpga_design/redpitaya/iq_demod_only/iq_demod_only.srcs/sources_1/bd/iq_demod_only_wrapper/ipshared/39ba/hdl/axi_data_fifo_v2_1_vl_rfs.v:1134]
INFO: [Synth 8-256] done synthesizing module 'axi_data_fifo_v2_1_10_ndeep_srl__parameterized5' (13#1) [/home/bma/git/fpga_design/redpitaya/iq_demod_only/iq_demod_only.srcs/sources_1/bd/iq_demod_only_wrapper/ipshared/39ba/hdl/axi_data_fifo_v2_1_vl_rfs.v:1134]
INFO: [Synth 8-638] synthesizing module 'axi_data_fifo_v2_1_10_ndeep_srl__parameterized6' [/home/bma/git/fpga_design/redpitaya/iq_demod_only/iq_demod_only.srcs/sources_1/bd/iq_demod_only_wrapper/ipshared/39ba/hdl/axi_data_fifo_v2_1_vl_rfs.v:1134]
INFO: [Synth 8-256] done synthesizing module 'axi_data_fifo_v2_1_10_ndeep_srl__parameterized6' (13#1) [/home/bma/git/fpga_design/redpitaya/iq_demod_only/iq_demod_only.srcs/sources_1/bd/iq_demod_only_wrapper/ipshared/39ba/hdl/axi_data_fifo_v2_1_vl_rfs.v:1134]
INFO: [Synth 8-638] synthesizing module 'axi_data_fifo_v2_1_10_ndeep_srl__parameterized7' [/home/bma/git/fpga_design/redpitaya/iq_demod_only/iq_demod_only.srcs/sources_1/bd/iq_demod_only_wrapper/ipshared/39ba/hdl/axi_data_fifo_v2_1_vl_rfs.v:1134]
INFO: [Synth 8-256] done synthesizing module 'axi_data_fifo_v2_1_10_ndeep_srl__parameterized7' (13#1) [/home/bma/git/fpga_design/redpitaya/iq_demod_only/iq_demod_only.srcs/sources_1/bd/iq_demod_only_wrapper/ipshared/39ba/hdl/axi_data_fifo_v2_1_vl_rfs.v:1134]
INFO: [Synth 8-638] synthesizing module 'axi_data_fifo_v2_1_10_ndeep_srl__parameterized8' [/home/bma/git/fpga_design/redpitaya/iq_demod_only/iq_demod_only.srcs/sources_1/bd/iq_demod_only_wrapper/ipshared/39ba/hdl/axi_data_fifo_v2_1_vl_rfs.v:1134]
INFO: [Synth 8-256] done synthesizing module 'axi_data_fifo_v2_1_10_ndeep_srl__parameterized8' (13#1) [/home/bma/git/fpga_design/redpitaya/iq_demod_only/iq_demod_only.srcs/sources_1/bd/iq_demod_only_wrapper/ipshared/39ba/hdl/axi_data_fifo_v2_1_vl_rfs.v:1134]
INFO: [Synth 8-638] synthesizing module 'axi_data_fifo_v2_1_10_ndeep_srl__parameterized9' [/home/bma/git/fpga_design/redpitaya/iq_demod_only/iq_demod_only.srcs/sources_1/bd/iq_demod_only_wrapper/ipshared/39ba/hdl/axi_data_fifo_v2_1_vl_rfs.v:1134]
INFO: [Synth 8-256] done synthesizing module 'axi_data_fifo_v2_1_10_ndeep_srl__parameterized9' (13#1) [/home/bma/git/fpga_design/redpitaya/iq_demod_only/iq_demod_only.srcs/sources_1/bd/iq_demod_only_wrapper/ipshared/39ba/hdl/axi_data_fifo_v2_1_vl_rfs.v:1134]
INFO: [Synth 8-638] synthesizing module 'axi_data_fifo_v2_1_10_ndeep_srl__parameterized10' [/home/bma/git/fpga_design/redpitaya/iq_demod_only/iq_demod_only.srcs/sources_1/bd/iq_demod_only_wrapper/ipshared/39ba/hdl/axi_data_fifo_v2_1_vl_rfs.v:1134]
INFO: [Synth 8-256] done synthesizing module 'axi_data_fifo_v2_1_10_ndeep_srl__parameterized10' (13#1) [/home/bma/git/fpga_design/redpitaya/iq_demod_only/iq_demod_only.srcs/sources_1/bd/iq_demod_only_wrapper/ipshared/39ba/hdl/axi_data_fifo_v2_1_vl_rfs.v:1134]
INFO: [Synth 8-638] synthesizing module 'axi_data_fifo_v2_1_10_ndeep_srl__parameterized11' [/home/bma/git/fpga_design/redpitaya/iq_demod_only/iq_demod_only.srcs/sources_1/bd/iq_demod_only_wrapper/ipshared/39ba/hdl/axi_data_fifo_v2_1_vl_rfs.v:1134]
INFO: [Synth 8-256] done synthesizing module 'axi_data_fifo_v2_1_10_ndeep_srl__parameterized11' (13#1) [/home/bma/git/fpga_design/redpitaya/iq_demod_only/iq_demod_only.srcs/sources_1/bd/iq_demod_only_wrapper/ipshared/39ba/hdl/axi_data_fifo_v2_1_vl_rfs.v:1134]
INFO: [Synth 8-256] done synthesizing module 'axi_data_fifo_v2_1_10_axic_srl_fifo__parameterized0' (13#1) [/home/bma/git/fpga_design/redpitaya/iq_demod_only/iq_demod_only.srcs/sources_1/bd/iq_demod_only_wrapper/ipshared/39ba/hdl/axi_data_fifo_v2_1_vl_rfs.v:698]
INFO: [Synth 8-638] synthesizing module 'axi_crossbar_v2_1_12_wdata_mux' [/home/bma/git/fpga_design/redpitaya/iq_demod_only/iq_demod_only.srcs/sources_1/bd/iq_demod_only_wrapper/ipshared/896d/hdl/axi_crossbar_v2_1_vl_rfs.v:4559]
INFO: [Synth 8-256] done synthesizing module 'axi_crossbar_v2_1_12_wdata_mux' (14#1) [/home/bma/git/fpga_design/redpitaya/iq_demod_only/iq_demod_only.srcs/sources_1/bd/iq_demod_only_wrapper/ipshared/896d/hdl/axi_crossbar_v2_1_vl_rfs.v:4559]
INFO: [Synth 8-638] synthesizing module 'axi_register_slice_v2_1_11_axi_register_slice' [/home/bma/git/fpga_design/redpitaya/iq_demod_only/iq_demod_only.srcs/sources_1/bd/iq_demod_only_wrapper/ipshared/0b6b/hdl/axi_register_slice_v2_1_vl_rfs.v:791]
INFO: [Synth 8-638] synthesizing module 'axi_infrastructure_v1_1_0_axi2vector' [/home/bma/git/fpga_design/redpitaya/iq_demod_only/iq_demod_only.srcs/sources_1/bd/iq_demod_only_wrapper/ipshared/7e3a/hdl/axi_infrastructure_v1_1_vl_rfs.v:60]
INFO: [Synth 8-256] done synthesizing module 'axi_infrastructure_v1_1_0_axi2vector' (15#1) [/home/bma/git/fpga_design/redpitaya/iq_demod_only/iq_demod_only.srcs/sources_1/bd/iq_demod_only_wrapper/ipshared/7e3a/hdl/axi_infrastructure_v1_1_vl_rfs.v:60]
INFO: [Synth 8-638] synthesizing module 'axi_register_slice_v2_1_11_axic_register_slice' [/home/bma/git/fpga_design/redpitaya/iq_demod_only/iq_demod_only.srcs/sources_1/bd/iq_demod_only_wrapper/ipshared/0b6b/hdl/axi_register_slice_v2_1_vl_rfs.v:85]
INFO: [Synth 8-256] done synthesizing module 'axi_register_slice_v2_1_11_axic_register_slice' (16#1) [/home/bma/git/fpga_design/redpitaya/iq_demod_only/iq_demod_only.srcs/sources_1/bd/iq_demod_only_wrapper/ipshared/0b6b/hdl/axi_register_slice_v2_1_vl_rfs.v:85]
INFO: [Synth 8-638] synthesizing module 'axi_register_slice_v2_1_11_axic_register_slice__parameterized0' [/home/bma/git/fpga_design/redpitaya/iq_demod_only/iq_demod_only.srcs/sources_1/bd/iq_demod_only_wrapper/ipshared/0b6b/hdl/axi_register_slice_v2_1_vl_rfs.v:85]
INFO: [Synth 8-256] done synthesizing module 'axi_register_slice_v2_1_11_axic_register_slice__parameterized0' (16#1) [/home/bma/git/fpga_design/redpitaya/iq_demod_only/iq_demod_only.srcs/sources_1/bd/iq_demod_only_wrapper/ipshared/0b6b/hdl/axi_register_slice_v2_1_vl_rfs.v:85]
INFO: [Synth 8-638] synthesizing module 'axi_register_slice_v2_1_11_axic_register_slice__parameterized1' [/home/bma/git/fpga_design/redpitaya/iq_demod_only/iq_demod_only.srcs/sources_1/bd/iq_demod_only_wrapper/ipshared/0b6b/hdl/axi_register_slice_v2_1_vl_rfs.v:85]
INFO: [Synth 8-256] done synthesizing module 'axi_register_slice_v2_1_11_axic_register_slice__parameterized1' (16#1) [/home/bma/git/fpga_design/redpitaya/iq_demod_only/iq_demod_only.srcs/sources_1/bd/iq_demod_only_wrapper/ipshared/0b6b/hdl/axi_register_slice_v2_1_vl_rfs.v:85]
INFO: [Synth 8-638] synthesizing module 'axi_register_slice_v2_1_11_axic_register_slice__parameterized2' [/home/bma/git/fpga_design/redpitaya/iq_demod_only/iq_demod_only.srcs/sources_1/bd/iq_demod_only_wrapper/ipshared/0b6b/hdl/axi_register_slice_v2_1_vl_rfs.v:85]
INFO: [Synth 8-256] done synthesizing module 'axi_register_slice_v2_1_11_axic_register_slice__parameterized2' (16#1) [/home/bma/git/fpga_design/redpitaya/iq_demod_only/iq_demod_only.srcs/sources_1/bd/iq_demod_only_wrapper/ipshared/0b6b/hdl/axi_register_slice_v2_1_vl_rfs.v:85]
INFO: [Synth 8-638] synthesizing module 'axi_infrastructure_v1_1_0_vector2axi' [/home/bma/git/fpga_design/redpitaya/iq_demod_only/iq_demod_only.srcs/sources_1/bd/iq_demod_only_wrapper/ipshared/7e3a/hdl/axi_infrastructure_v1_1_vl_rfs.v:474]
INFO: [Synth 8-256] done synthesizing module 'axi_infrastructure_v1_1_0_vector2axi' (17#1) [/home/bma/git/fpga_design/redpitaya/iq_demod_only/iq_demod_only.srcs/sources_1/bd/iq_demod_only_wrapper/ipshared/7e3a/hdl/axi_infrastructure_v1_1_vl_rfs.v:474]
INFO: [Synth 8-256] done synthesizing module 'axi_register_slice_v2_1_11_axi_register_slice' (18#1) [/home/bma/git/fpga_design/redpitaya/iq_demod_only/iq_demod_only.srcs/sources_1/bd/iq_demod_only_wrapper/ipshared/0b6b/hdl/axi_register_slice_v2_1_vl_rfs.v:791]
INFO: [Synth 8-638] synthesizing module 'axi_data_fifo_v2_1_10_axic_srl_fifo__parameterized1' [/home/bma/git/fpga_design/redpitaya/iq_demod_only/iq_demod_only.srcs/sources_1/bd/iq_demod_only_wrapper/ipshared/39ba/hdl/axi_data_fifo_v2_1_vl_rfs.v:698]
INFO: [Synth 8-638] synthesizing module 'axi_data_fifo_v2_1_10_ndeep_srl__parameterized12' [/home/bma/git/fpga_design/redpitaya/iq_demod_only/iq_demod_only.srcs/sources_1/bd/iq_demod_only_wrapper/ipshared/39ba/hdl/axi_data_fifo_v2_1_vl_rfs.v:1134]
INFO: [Synth 8-256] done synthesizing module 'axi_data_fifo_v2_1_10_ndeep_srl__parameterized12' (18#1) [/home/bma/git/fpga_design/redpitaya/iq_demod_only/iq_demod_only.srcs/sources_1/bd/iq_demod_only_wrapper/ipshared/39ba/hdl/axi_data_fifo_v2_1_vl_rfs.v:1134]
INFO: [Synth 8-638] synthesizing module 'axi_data_fifo_v2_1_10_ndeep_srl__parameterized13' [/home/bma/git/fpga_design/redpitaya/iq_demod_only/iq_demod_only.srcs/sources_1/bd/iq_demod_only_wrapper/ipshared/39ba/hdl/axi_data_fifo_v2_1_vl_rfs.v:1134]
INFO: [Synth 8-256] done synthesizing module 'axi_data_fifo_v2_1_10_ndeep_srl__parameterized13' (18#1) [/home/bma/git/fpga_design/redpitaya/iq_demod_only/iq_demod_only.srcs/sources_1/bd/iq_demod_only_wrapper/ipshared/39ba/hdl/axi_data_fifo_v2_1_vl_rfs.v:1134]
INFO: [Synth 8-638] synthesizing module 'axi_data_fifo_v2_1_10_ndeep_srl__parameterized14' [/home/bma/git/fpga_design/redpitaya/iq_demod_only/iq_demod_only.srcs/sources_1/bd/iq_demod_only_wrapper/ipshared/39ba/hdl/axi_data_fifo_v2_1_vl_rfs.v:1134]
INFO: [Synth 8-256] done synthesizing module 'axi_data_fifo_v2_1_10_ndeep_srl__parameterized14' (18#1) [/home/bma/git/fpga_design/redpitaya/iq_demod_only/iq_demod_only.srcs/sources_1/bd/iq_demod_only_wrapper/ipshared/39ba/hdl/axi_data_fifo_v2_1_vl_rfs.v:1134]
INFO: [Synth 8-638] synthesizing module 'axi_data_fifo_v2_1_10_ndeep_srl__parameterized15' [/home/bma/git/fpga_design/redpitaya/iq_demod_only/iq_demod_only.srcs/sources_1/bd/iq_demod_only_wrapper/ipshared/39ba/hdl/axi_data_fifo_v2_1_vl_rfs.v:1134]
INFO: [Synth 8-256] done synthesizing module 'axi_data_fifo_v2_1_10_ndeep_srl__parameterized15' (18#1) [/home/bma/git/fpga_design/redpitaya/iq_demod_only/iq_demod_only.srcs/sources_1/bd/iq_demod_only_wrapper/ipshared/39ba/hdl/axi_data_fifo_v2_1_vl_rfs.v:1134]
INFO: [Synth 8-638] synthesizing module 'axi_data_fifo_v2_1_10_ndeep_srl__parameterized16' [/home/bma/git/fpga_design/redpitaya/iq_demod_only/iq_demod_only.srcs/sources_1/bd/iq_demod_only_wrapper/ipshared/39ba/hdl/axi_data_fifo_v2_1_vl_rfs.v:1134]
INFO: [Synth 8-256] done synthesizing module 'axi_data_fifo_v2_1_10_ndeep_srl__parameterized16' (18#1) [/home/bma/git/fpga_design/redpitaya/iq_demod_only/iq_demod_only.srcs/sources_1/bd/iq_demod_only_wrapper/ipshared/39ba/hdl/axi_data_fifo_v2_1_vl_rfs.v:1134]
INFO: [Synth 8-638] synthesizing module 'axi_data_fifo_v2_1_10_ndeep_srl__parameterized17' [/home/bma/git/fpga_design/redpitaya/iq_demod_only/iq_demod_only.srcs/sources_1/bd/iq_demod_only_wrapper/ipshared/39ba/hdl/axi_data_fifo_v2_1_vl_rfs.v:1134]
INFO: [Synth 8-256] done synthesizing module 'axi_data_fifo_v2_1_10_ndeep_srl__parameterized17' (18#1) [/home/bma/git/fpga_design/redpitaya/iq_demod_only/iq_demod_only.srcs/sources_1/bd/iq_demod_only_wrapper/ipshared/39ba/hdl/axi_data_fifo_v2_1_vl_rfs.v:1134]
INFO: [Synth 8-638] synthesizing module 'axi_data_fifo_v2_1_10_ndeep_srl__parameterized18' [/home/bma/git/fpga_design/redpitaya/iq_demod_only/iq_demod_only.srcs/sources_1/bd/iq_demod_only_wrapper/ipshared/39ba/hdl/axi_data_fifo_v2_1_vl_rfs.v:1134]
INFO: [Synth 8-256] done synthesizing module 'axi_data_fifo_v2_1_10_ndeep_srl__parameterized18' (18#1) [/home/bma/git/fpga_design/redpitaya/iq_demod_only/iq_demod_only.srcs/sources_1/bd/iq_demod_only_wrapper/ipshared/39ba/hdl/axi_data_fifo_v2_1_vl_rfs.v:1134]
INFO: [Synth 8-638] synthesizing module 'axi_data_fifo_v2_1_10_ndeep_srl__parameterized19' [/home/bma/git/fpga_design/redpitaya/iq_demod_only/iq_demod_only.srcs/sources_1/bd/iq_demod_only_wrapper/ipshared/39ba/hdl/axi_data_fifo_v2_1_vl_rfs.v:1134]
INFO: [Synth 8-256] done synthesizing module 'axi_data_fifo_v2_1_10_ndeep_srl__parameterized19' (18#1) [/home/bma/git/fpga_design/redpitaya/iq_demod_only/iq_demod_only.srcs/sources_1/bd/iq_demod_only_wrapper/ipshared/39ba/hdl/axi_data_fifo_v2_1_vl_rfs.v:1134]
INFO: [Synth 8-256] done synthesizing module 'axi_data_fifo_v2_1_10_axic_srl_fifo__parameterized1' (18#1) [/home/bma/git/fpga_design/redpitaya/iq_demod_only/iq_demod_only.srcs/sources_1/bd/iq_demod_only_wrapper/ipshared/39ba/hdl/axi_data_fifo_v2_1_vl_rfs.v:698]
INFO: [Synth 8-638] synthesizing module 'axi_crossbar_v2_1_12_wdata_mux__parameterized0' [/home/bma/git/fpga_design/redpitaya/iq_demod_only/iq_demod_only.srcs/sources_1/bd/iq_demod_only_wrapper/ipshared/896d/hdl/axi_crossbar_v2_1_vl_rfs.v:4559]
INFO: [Synth 8-256] done synthesizing module 'axi_crossbar_v2_1_12_wdata_mux__parameterized0' (18#1) [/home/bma/git/fpga_design/redpitaya/iq_demod_only/iq_demod_only.srcs/sources_1/bd/iq_demod_only_wrapper/ipshared/896d/hdl/axi_crossbar_v2_1_vl_rfs.v:4559]
INFO: [Synth 8-638] synthesizing module 'axi_data_fifo_v2_1_10_axic_srl_fifo__parameterized2' [/home/bma/git/fpga_design/redpitaya/iq_demod_only/iq_demod_only.srcs/sources_1/bd/iq_demod_only_wrapper/ipshared/39ba/hdl/axi_data_fifo_v2_1_vl_rfs.v:698]
INFO: [Synth 8-638] synthesizing module 'axi_data_fifo_v2_1_10_ndeep_srl__parameterized20' [/home/bma/git/fpga_design/redpitaya/iq_demod_only/iq_demod_only.srcs/sources_1/bd/iq_demod_only_wrapper/ipshared/39ba/hdl/axi_data_fifo_v2_1_vl_rfs.v:1134]
INFO: [Synth 8-256] done synthesizing module 'axi_data_fifo_v2_1_10_ndeep_srl__parameterized20' (18#1) [/home/bma/git/fpga_design/redpitaya/iq_demod_only/iq_demod_only.srcs/sources_1/bd/iq_demod_only_wrapper/ipshared/39ba/hdl/axi_data_fifo_v2_1_vl_rfs.v:1134]
INFO: [Synth 8-638] synthesizing module 'axi_data_fifo_v2_1_10_ndeep_srl__parameterized21' [/home/bma/git/fpga_design/redpitaya/iq_demod_only/iq_demod_only.srcs/sources_1/bd/iq_demod_only_wrapper/ipshared/39ba/hdl/axi_data_fifo_v2_1_vl_rfs.v:1134]
INFO: [Synth 8-256] done synthesizing module 'axi_data_fifo_v2_1_10_ndeep_srl__parameterized21' (18#1) [/home/bma/git/fpga_design/redpitaya/iq_demod_only/iq_demod_only.srcs/sources_1/bd/iq_demod_only_wrapper/ipshared/39ba/hdl/axi_data_fifo_v2_1_vl_rfs.v:1134]
INFO: [Synth 8-638] synthesizing module 'axi_data_fifo_v2_1_10_ndeep_srl__parameterized22' [/home/bma/git/fpga_design/redpitaya/iq_demod_only/iq_demod_only.srcs/sources_1/bd/iq_demod_only_wrapper/ipshared/39ba/hdl/axi_data_fifo_v2_1_vl_rfs.v:1134]
INFO: [Synth 8-256] done synthesizing module 'axi_data_fifo_v2_1_10_ndeep_srl__parameterized22' (18#1) [/home/bma/git/fpga_design/redpitaya/iq_demod_only/iq_demod_only.srcs/sources_1/bd/iq_demod_only_wrapper/ipshared/39ba/hdl/axi_data_fifo_v2_1_vl_rfs.v:1134]
INFO: [Synth 8-638] synthesizing module 'axi_data_fifo_v2_1_10_ndeep_srl__parameterized23' [/home/bma/git/fpga_design/redpitaya/iq_demod_only/iq_demod_only.srcs/sources_1/bd/iq_demod_only_wrapper/ipshared/39ba/hdl/axi_data_fifo_v2_1_vl_rfs.v:1134]
INFO: [Synth 8-256] done synthesizing module 'axi_data_fifo_v2_1_10_ndeep_srl__parameterized23' (18#1) [/home/bma/git/fpga_design/redpitaya/iq_demod_only/iq_demod_only.srcs/sources_1/bd/iq_demod_only_wrapper/ipshared/39ba/hdl/axi_data_fifo_v2_1_vl_rfs.v:1134]
INFO: [Synth 8-638] synthesizing module 'axi_data_fifo_v2_1_10_ndeep_srl__parameterized24' [/home/bma/git/fpga_design/redpitaya/iq_demod_only/iq_demod_only.srcs/sources_1/bd/iq_demod_only_wrapper/ipshared/39ba/hdl/axi_data_fifo_v2_1_vl_rfs.v:1134]
INFO: [Synth 8-256] done synthesizing module 'axi_data_fifo_v2_1_10_ndeep_srl__parameterized24' (18#1) [/home/bma/git/fpga_design/redpitaya/iq_demod_only/iq_demod_only.srcs/sources_1/bd/iq_demod_only_wrapper/ipshared/39ba/hdl/axi_data_fifo_v2_1_vl_rfs.v:1134]
INFO: [Synth 8-638] synthesizing module 'axi_data_fifo_v2_1_10_ndeep_srl__parameterized25' [/home/bma/git/fpga_design/redpitaya/iq_demod_only/iq_demod_only.srcs/sources_1/bd/iq_demod_only_wrapper/ipshared/39ba/hdl/axi_data_fifo_v2_1_vl_rfs.v:1134]
INFO: [Synth 8-256] done synthesizing module 'axi_data_fifo_v2_1_10_ndeep_srl__parameterized25' (18#1) [/home/bma/git/fpga_design/redpitaya/iq_demod_only/iq_demod_only.srcs/sources_1/bd/iq_demod_only_wrapper/ipshared/39ba/hdl/axi_data_fifo_v2_1_vl_rfs.v:1134]
INFO: [Synth 8-638] synthesizing module 'axi_data_fifo_v2_1_10_ndeep_srl__parameterized26' [/home/bma/git/fpga_design/redpitaya/iq_demod_only/iq_demod_only.srcs/sources_1/bd/iq_demod_only_wrapper/ipshared/39ba/hdl/axi_data_fifo_v2_1_vl_rfs.v:1134]
INFO: [Synth 8-256] done synthesizing module 'axi_data_fifo_v2_1_10_ndeep_srl__parameterized26' (18#1) [/home/bma/git/fpga_design/redpitaya/iq_demod_only/iq_demod_only.srcs/sources_1/bd/iq_demod_only_wrapper/ipshared/39ba/hdl/axi_data_fifo_v2_1_vl_rfs.v:1134]
INFO: [Synth 8-638] synthesizing module 'axi_data_fifo_v2_1_10_ndeep_srl__parameterized27' [/home/bma/git/fpga_design/redpitaya/iq_demod_only/iq_demod_only.srcs/sources_1/bd/iq_demod_only_wrapper/ipshared/39ba/hdl/axi_data_fifo_v2_1_vl_rfs.v:1134]
INFO: [Synth 8-256] done synthesizing module 'axi_data_fifo_v2_1_10_ndeep_srl__parameterized27' (18#1) [/home/bma/git/fpga_design/redpitaya/iq_demod_only/iq_demod_only.srcs/sources_1/bd/iq_demod_only_wrapper/ipshared/39ba/hdl/axi_data_fifo_v2_1_vl_rfs.v:1134]
INFO: [Synth 8-256] done synthesizing module 'axi_data_fifo_v2_1_10_axic_srl_fifo__parameterized2' (18#1) [/home/bma/git/fpga_design/redpitaya/iq_demod_only/iq_demod_only.srcs/sources_1/bd/iq_demod_only_wrapper/ipshared/39ba/hdl/axi_data_fifo_v2_1_vl_rfs.v:698]
INFO: [Synth 8-638] synthesizing module 'axi_data_fifo_v2_1_10_axic_srl_fifo__parameterized3' [/home/bma/git/fpga_design/redpitaya/iq_demod_only/iq_demod_only.srcs/sources_1/bd/iq_demod_only_wrapper/ipshared/39ba/hdl/axi_data_fifo_v2_1_vl_rfs.v:698]
INFO: [Synth 8-638] synthesizing module 'axi_data_fifo_v2_1_10_ndeep_srl__parameterized28' [/home/bma/git/fpga_design/redpitaya/iq_demod_only/iq_demod_only.srcs/sources_1/bd/iq_demod_only_wrapper/ipshared/39ba/hdl/axi_data_fifo_v2_1_vl_rfs.v:1134]
INFO: [Synth 8-256] done synthesizing module 'axi_data_fifo_v2_1_10_ndeep_srl__parameterized28' (18#1) [/home/bma/git/fpga_design/redpitaya/iq_demod_only/iq_demod_only.srcs/sources_1/bd/iq_demod_only_wrapper/ipshared/39ba/hdl/axi_data_fifo_v2_1_vl_rfs.v:1134]
INFO: [Synth 8-638] synthesizing module 'axi_data_fifo_v2_1_10_ndeep_srl__parameterized29' [/home/bma/git/fpga_design/redpitaya/iq_demod_only/iq_demod_only.srcs/sources_1/bd/iq_demod_only_wrapper/ipshared/39ba/hdl/axi_data_fifo_v2_1_vl_rfs.v:1134]
INFO: [Synth 8-256] done synthesizing module 'axi_data_fifo_v2_1_10_ndeep_srl__parameterized29' (18#1) [/home/bma/git/fpga_design/redpitaya/iq_demod_only/iq_demod_only.srcs/sources_1/bd/iq_demod_only_wrapper/ipshared/39ba/hdl/axi_data_fifo_v2_1_vl_rfs.v:1134]
INFO: [Synth 8-638] synthesizing module 'axi_data_fifo_v2_1_10_ndeep_srl__parameterized30' [/home/bma/git/fpga_design/redpitaya/iq_demod_only/iq_demod_only.srcs/sources_1/bd/iq_demod_only_wrapper/ipshared/39ba/hdl/axi_data_fifo_v2_1_vl_rfs.v:1134]
INFO: [Synth 8-256] done synthesizing module 'axi_data_fifo_v2_1_10_ndeep_srl__parameterized30' (18#1) [/home/bma/git/fpga_design/redpitaya/iq_demod_only/iq_demod_only.srcs/sources_1/bd/iq_demod_only_wrapper/ipshared/39ba/hdl/axi_data_fifo_v2_1_vl_rfs.v:1134]
INFO: [Synth 8-638] synthesizing module 'axi_data_fifo_v2_1_10_ndeep_srl__parameterized31' [/home/bma/git/fpga_design/redpitaya/iq_demod_only/iq_demod_only.srcs/sources_1/bd/iq_demod_only_wrapper/ipshared/39ba/hdl/axi_data_fifo_v2_1_vl_rfs.v:1134]
INFO: [Synth 8-256] done synthesizing module 'axi_data_fifo_v2_1_10_ndeep_srl__parameterized31' (18#1) [/home/bma/git/fpga_design/redpitaya/iq_demod_only/iq_demod_only.srcs/sources_1/bd/iq_demod_only_wrapper/ipshared/39ba/hdl/axi_data_fifo_v2_1_vl_rfs.v:1134]
INFO: [Synth 8-638] synthesizing module 'axi_data_fifo_v2_1_10_ndeep_srl__parameterized32' [/home/bma/git/fpga_design/redpitaya/iq_demod_only/iq_demod_only.srcs/sources_1/bd/iq_demod_only_wrapper/ipshared/39ba/hdl/axi_data_fifo_v2_1_vl_rfs.v:1134]
INFO: [Synth 8-256] done synthesizing module 'axi_data_fifo_v2_1_10_ndeep_srl__parameterized32' (18#1) [/home/bma/git/fpga_design/redpitaya/iq_demod_only/iq_demod_only.srcs/sources_1/bd/iq_demod_only_wrapper/ipshared/39ba/hdl/axi_data_fifo_v2_1_vl_rfs.v:1134]
INFO: [Synth 8-638] synthesizing module 'axi_data_fifo_v2_1_10_ndeep_srl__parameterized33' [/home/bma/git/fpga_design/redpitaya/iq_demod_only/iq_demod_only.srcs/sources_1/bd/iq_demod_only_wrapper/ipshared/39ba/hdl/axi_data_fifo_v2_1_vl_rfs.v:1134]
INFO: [Synth 8-256] done synthesizing module 'axi_data_fifo_v2_1_10_ndeep_srl__parameterized33' (18#1) [/home/bma/git/fpga_design/redpitaya/iq_demod_only/iq_demod_only.srcs/sources_1/bd/iq_demod_only_wrapper/ipshared/39ba/hdl/axi_data_fifo_v2_1_vl_rfs.v:1134]
INFO: [Synth 8-638] synthesizing module 'axi_data_fifo_v2_1_10_ndeep_srl__parameterized34' [/home/bma/git/fpga_design/redpitaya/iq_demod_only/iq_demod_only.srcs/sources_1/bd/iq_demod_only_wrapper/ipshared/39ba/hdl/axi_data_fifo_v2_1_vl_rfs.v:1134]
INFO: [Synth 8-256] done synthesizing module 'axi_data_fifo_v2_1_10_ndeep_srl__parameterized34' (18#1) [/home/bma/git/fpga_design/redpitaya/iq_demod_only/iq_demod_only.srcs/sources_1/bd/iq_demod_only_wrapper/ipshared/39ba/hdl/axi_data_fifo_v2_1_vl_rfs.v:1134]
INFO: [Synth 8-638] synthesizing module 'axi_data_fifo_v2_1_10_ndeep_srl__parameterized35' [/home/bma/git/fpga_design/redpitaya/iq_demod_only/iq_demod_only.srcs/sources_1/bd/iq_demod_only_wrapper/ipshared/39ba/hdl/axi_data_fifo_v2_1_vl_rfs.v:1134]
INFO: [Synth 8-256] done synthesizing module 'axi_data_fifo_v2_1_10_ndeep_srl__parameterized35' (18#1) [/home/bma/git/fpga_design/redpitaya/iq_demod_only/iq_demod_only.srcs/sources_1/bd/iq_demod_only_wrapper/ipshared/39ba/hdl/axi_data_fifo_v2_1_vl_rfs.v:1134]
INFO: [Synth 8-256] done synthesizing module 'axi_data_fifo_v2_1_10_axic_srl_fifo__parameterized3' (18#1) [/home/bma/git/fpga_design/redpitaya/iq_demod_only/iq_demod_only.srcs/sources_1/bd/iq_demod_only_wrapper/ipshared/39ba/hdl/axi_data_fifo_v2_1_vl_rfs.v:698]
INFO: [Synth 8-638] synthesizing module 'axi_crossbar_v2_1_12_wdata_mux__parameterized1' [/home/bma/git/fpga_design/redpitaya/iq_demod_only/iq_demod_only.srcs/sources_1/bd/iq_demod_only_wrapper/ipshared/896d/hdl/axi_crossbar_v2_1_vl_rfs.v:4559]
INFO: [Synth 8-256] done synthesizing module 'axi_crossbar_v2_1_12_wdata_mux__parameterized1' (18#1) [/home/bma/git/fpga_design/redpitaya/iq_demod_only/iq_demod_only.srcs/sources_1/bd/iq_demod_only_wrapper/ipshared/896d/hdl/axi_crossbar_v2_1_vl_rfs.v:4559]
INFO: [Synth 8-638] synthesizing module 'axi_data_fifo_v2_1_10_axic_srl_fifo__parameterized4' [/home/bma/git/fpga_design/redpitaya/iq_demod_only/iq_demod_only.srcs/sources_1/bd/iq_demod_only_wrapper/ipshared/39ba/hdl/axi_data_fifo_v2_1_vl_rfs.v:698]
INFO: [Synth 8-638] synthesizing module 'axi_data_fifo_v2_1_10_ndeep_srl__parameterized36' [/home/bma/git/fpga_design/redpitaya/iq_demod_only/iq_demod_only.srcs/sources_1/bd/iq_demod_only_wrapper/ipshared/39ba/hdl/axi_data_fifo_v2_1_vl_rfs.v:1134]
INFO: [Synth 8-256] done synthesizing module 'axi_data_fifo_v2_1_10_ndeep_srl__parameterized36' (18#1) [/home/bma/git/fpga_design/redpitaya/iq_demod_only/iq_demod_only.srcs/sources_1/bd/iq_demod_only_wrapper/ipshared/39ba/hdl/axi_data_fifo_v2_1_vl_rfs.v:1134]
INFO: [Synth 8-638] synthesizing module 'axi_data_fifo_v2_1_10_ndeep_srl__parameterized37' [/home/bma/git/fpga_design/redpitaya/iq_demod_only/iq_demod_only.srcs/sources_1/bd/iq_demod_only_wrapper/ipshared/39ba/hdl/axi_data_fifo_v2_1_vl_rfs.v:1134]
INFO: [Synth 8-256] done synthesizing module 'axi_data_fifo_v2_1_10_ndeep_srl__parameterized37' (18#1) [/home/bma/git/fpga_design/redpitaya/iq_demod_only/iq_demod_only.srcs/sources_1/bd/iq_demod_only_wrapper/ipshared/39ba/hdl/axi_data_fifo_v2_1_vl_rfs.v:1134]
INFO: [Synth 8-638] synthesizing module 'axi_data_fifo_v2_1_10_ndeep_srl__parameterized38' [/home/bma/git/fpga_design/redpitaya/iq_demod_only/iq_demod_only.srcs/sources_1/bd/iq_demod_only_wrapper/ipshared/39ba/hdl/axi_data_fifo_v2_1_vl_rfs.v:1134]
INFO: [Synth 8-256] done synthesizing module 'axi_data_fifo_v2_1_10_ndeep_srl__parameterized38' (18#1) [/home/bma/git/fpga_design/redpitaya/iq_demod_only/iq_demod_only.srcs/sources_1/bd/iq_demod_only_wrapper/ipshared/39ba/hdl/axi_data_fifo_v2_1_vl_rfs.v:1134]
INFO: [Synth 8-638] synthesizing module 'axi_data_fifo_v2_1_10_ndeep_srl__parameterized39' [/home/bma/git/fpga_design/redpitaya/iq_demod_only/iq_demod_only.srcs/sources_1/bd/iq_demod_only_wrapper/ipshared/39ba/hdl/axi_data_fifo_v2_1_vl_rfs.v:1134]
INFO: [Synth 8-256] done synthesizing module 'axi_data_fifo_v2_1_10_ndeep_srl__parameterized39' (18#1) [/home/bma/git/fpga_design/redpitaya/iq_demod_only/iq_demod_only.srcs/sources_1/bd/iq_demod_only_wrapper/ipshared/39ba/hdl/axi_data_fifo_v2_1_vl_rfs.v:1134]
INFO: [Synth 8-638] synthesizing module 'axi_data_fifo_v2_1_10_ndeep_srl__parameterized40' [/home/bma/git/fpga_design/redpitaya/iq_demod_only/iq_demod_only.srcs/sources_1/bd/iq_demod_only_wrapper/ipshared/39ba/hdl/axi_data_fifo_v2_1_vl_rfs.v:1134]
INFO: [Synth 8-256] done synthesizing module 'axi_data_fifo_v2_1_10_ndeep_srl__parameterized40' (18#1) [/home/bma/git/fpga_design/redpitaya/iq_demod_only/iq_demod_only.srcs/sources_1/bd/iq_demod_only_wrapper/ipshared/39ba/hdl/axi_data_fifo_v2_1_vl_rfs.v:1134]
INFO: [Synth 8-638] synthesizing module 'axi_data_fifo_v2_1_10_ndeep_srl__parameterized41' [/home/bma/git/fpga_design/redpitaya/iq_demod_only/iq_demod_only.srcs/sources_1/bd/iq_demod_only_wrapper/ipshared/39ba/hdl/axi_data_fifo_v2_1_vl_rfs.v:1134]
INFO: [Synth 8-256] done synthesizing module 'axi_data_fifo_v2_1_10_ndeep_srl__parameterized41' (18#1) [/home/bma/git/fpga_design/redpitaya/iq_demod_only/iq_demod_only.srcs/sources_1/bd/iq_demod_only_wrapper/ipshared/39ba/hdl/axi_data_fifo_v2_1_vl_rfs.v:1134]
INFO: [Synth 8-638] synthesizing module 'axi_data_fifo_v2_1_10_ndeep_srl__parameterized42' [/home/bma/git/fpga_design/redpitaya/iq_demod_only/iq_demod_only.srcs/sources_1/bd/iq_demod_only_wrapper/ipshared/39ba/hdl/axi_data_fifo_v2_1_vl_rfs.v:1134]
INFO: [Synth 8-256] done synthesizing module 'axi_data_fifo_v2_1_10_ndeep_srl__parameterized42' (18#1) [/home/bma/git/fpga_design/redpitaya/iq_demod_only/iq_demod_only.srcs/sources_1/bd/iq_demod_only_wrapper/ipshared/39ba/hdl/axi_data_fifo_v2_1_vl_rfs.v:1134]
INFO: [Synth 8-638] synthesizing module 'axi_data_fifo_v2_1_10_ndeep_srl__parameterized43' [/home/bma/git/fpga_design/redpitaya/iq_demod_only/iq_demod_only.srcs/sources_1/bd/iq_demod_only_wrapper/ipshared/39ba/hdl/axi_data_fifo_v2_1_vl_rfs.v:1134]
INFO: [Synth 8-256] done synthesizing module 'axi_data_fifo_v2_1_10_ndeep_srl__parameterized43' (18#1) [/home/bma/git/fpga_design/redpitaya/iq_demod_only/iq_demod_only.srcs/sources_1/bd/iq_demod_only_wrapper/ipshared/39ba/hdl/axi_data_fifo_v2_1_vl_rfs.v:1134]
INFO: [Synth 8-256] done synthesizing module 'axi_data_fifo_v2_1_10_axic_srl_fifo__parameterized4' (18#1) [/home/bma/git/fpga_design/redpitaya/iq_demod_only/iq_demod_only.srcs/sources_1/bd/iq_demod_only_wrapper/ipshared/39ba/hdl/axi_data_fifo_v2_1_vl_rfs.v:698]
INFO: [Synth 8-638] synthesizing module 'axi_crossbar_v2_1_12_wdata_mux__parameterized2' [/home/bma/git/fpga_design/redpitaya/iq_demod_only/iq_demod_only.srcs/sources_1/bd/iq_demod_only_wrapper/ipshared/896d/hdl/axi_crossbar_v2_1_vl_rfs.v:4559]
INFO: [Synth 8-256] done synthesizing module 'axi_crossbar_v2_1_12_wdata_mux__parameterized2' (18#1) [/home/bma/git/fpga_design/redpitaya/iq_demod_only/iq_demod_only.srcs/sources_1/bd/iq_demod_only_wrapper/ipshared/896d/hdl/axi_crossbar_v2_1_vl_rfs.v:4559]
INFO: [Synth 8-638] synthesizing module 'axi_data_fifo_v2_1_10_axic_srl_fifo__parameterized5' [/home/bma/git/fpga_design/redpitaya/iq_demod_only/iq_demod_only.srcs/sources_1/bd/iq_demod_only_wrapper/ipshared/39ba/hdl/axi_data_fifo_v2_1_vl_rfs.v:698]
INFO: [Synth 8-638] synthesizing module 'axi_data_fifo_v2_1_10_ndeep_srl__parameterized44' [/home/bma/git/fpga_design/redpitaya/iq_demod_only/iq_demod_only.srcs/sources_1/bd/iq_demod_only_wrapper/ipshared/39ba/hdl/axi_data_fifo_v2_1_vl_rfs.v:1134]
INFO: [Synth 8-256] done synthesizing module 'axi_data_fifo_v2_1_10_ndeep_srl__parameterized44' (18#1) [/home/bma/git/fpga_design/redpitaya/iq_demod_only/iq_demod_only.srcs/sources_1/bd/iq_demod_only_wrapper/ipshared/39ba/hdl/axi_data_fifo_v2_1_vl_rfs.v:1134]
INFO: [Synth 8-638] synthesizing module 'axi_data_fifo_v2_1_10_ndeep_srl__parameterized45' [/home/bma/git/fpga_design/redpitaya/iq_demod_only/iq_demod_only.srcs/sources_1/bd/iq_demod_only_wrapper/ipshared/39ba/hdl/axi_data_fifo_v2_1_vl_rfs.v:1134]
INFO: [Synth 8-256] done synthesizing module 'axi_data_fifo_v2_1_10_ndeep_srl__parameterized45' (18#1) [/home/bma/git/fpga_design/redpitaya/iq_demod_only/iq_demod_only.srcs/sources_1/bd/iq_demod_only_wrapper/ipshared/39ba/hdl/axi_data_fifo_v2_1_vl_rfs.v:1134]
INFO: [Synth 8-638] synthesizing module 'axi_data_fifo_v2_1_10_ndeep_srl__parameterized46' [/home/bma/git/fpga_design/redpitaya/iq_demod_only/iq_demod_only.srcs/sources_1/bd/iq_demod_only_wrapper/ipshared/39ba/hdl/axi_data_fifo_v2_1_vl_rfs.v:1134]
INFO: [Synth 8-256] done synthesizing module 'axi_data_fifo_v2_1_10_ndeep_srl__parameterized46' (18#1) [/home/bma/git/fpga_design/redpitaya/iq_demod_only/iq_demod_only.srcs/sources_1/bd/iq_demod_only_wrapper/ipshared/39ba/hdl/axi_data_fifo_v2_1_vl_rfs.v:1134]
INFO: [Synth 8-638] synthesizing module 'axi_data_fifo_v2_1_10_ndeep_srl__parameterized47' [/home/bma/git/fpga_design/redpitaya/iq_demod_only/iq_demod_only.srcs/sources_1/bd/iq_demod_only_wrapper/ipshared/39ba/hdl/axi_data_fifo_v2_1_vl_rfs.v:1134]
INFO: [Synth 8-256] done synthesizing module 'axi_data_fifo_v2_1_10_ndeep_srl__parameterized47' (18#1) [/home/bma/git/fpga_design/redpitaya/iq_demod_only/iq_demod_only.srcs/sources_1/bd/iq_demod_only_wrapper/ipshared/39ba/hdl/axi_data_fifo_v2_1_vl_rfs.v:1134]
INFO: [Synth 8-638] synthesizing module 'axi_data_fifo_v2_1_10_ndeep_srl__parameterized48' [/home/bma/git/fpga_design/redpitaya/iq_demod_only/iq_demod_only.srcs/sources_1/bd/iq_demod_only_wrapper/ipshared/39ba/hdl/axi_data_fifo_v2_1_vl_rfs.v:1134]
INFO: [Synth 8-256] done synthesizing module 'axi_data_fifo_v2_1_10_ndeep_srl__parameterized48' (18#1) [/home/bma/git/fpga_design/redpitaya/iq_demod_only/iq_demod_only.srcs/sources_1/bd/iq_demod_only_wrapper/ipshared/39ba/hdl/axi_data_fifo_v2_1_vl_rfs.v:1134]
INFO: [Synth 8-638] synthesizing module 'axi_data_fifo_v2_1_10_ndeep_srl__parameterized49' [/home/bma/git/fpga_design/redpitaya/iq_demod_only/iq_demod_only.srcs/sources_1/bd/iq_demod_only_wrapper/ipshared/39ba/hdl/axi_data_fifo_v2_1_vl_rfs.v:1134]
INFO: [Synth 8-256] done synthesizing module 'axi_data_fifo_v2_1_10_ndeep_srl__parameterized49' (18#1) [/home/bma/git/fpga_design/redpitaya/iq_demod_only/iq_demod_only.srcs/sources_1/bd/iq_demod_only_wrapper/ipshared/39ba/hdl/axi_data_fifo_v2_1_vl_rfs.v:1134]
INFO: [Synth 8-638] synthesizing module 'axi_data_fifo_v2_1_10_ndeep_srl__parameterized50' [/home/bma/git/fpga_design/redpitaya/iq_demod_only/iq_demod_only.srcs/sources_1/bd/iq_demod_only_wrapper/ipshared/39ba/hdl/axi_data_fifo_v2_1_vl_rfs.v:1134]
INFO: [Synth 8-256] done synthesizing module 'axi_data_fifo_v2_1_10_ndeep_srl__parameterized50' (18#1) [/home/bma/git/fpga_design/redpitaya/iq_demod_only/iq_demod_only.srcs/sources_1/bd/iq_demod_only_wrapper/ipshared/39ba/hdl/axi_data_fifo_v2_1_vl_rfs.v:1134]
INFO: [Synth 8-638] synthesizing module 'axi_data_fifo_v2_1_10_ndeep_srl__parameterized51' [/home/bma/git/fpga_design/redpitaya/iq_demod_only/iq_demod_only.srcs/sources_1/bd/iq_demod_only_wrapper/ipshared/39ba/hdl/axi_data_fifo_v2_1_vl_rfs.v:1134]
INFO: [Synth 8-256] done synthesizing module 'axi_data_fifo_v2_1_10_ndeep_srl__parameterized51' (18#1) [/home/bma/git/fpga_design/redpitaya/iq_demod_only/iq_demod_only.srcs/sources_1/bd/iq_demod_only_wrapper/ipshared/39ba/hdl/axi_data_fifo_v2_1_vl_rfs.v:1134]
INFO: [Synth 8-256] done synthesizing module 'axi_data_fifo_v2_1_10_axic_srl_fifo__parameterized5' (18#1) [/home/bma/git/fpga_design/redpitaya/iq_demod_only/iq_demod_only.srcs/sources_1/bd/iq_demod_only_wrapper/ipshared/39ba/hdl/axi_data_fifo_v2_1_vl_rfs.v:698]
INFO: [Synth 8-638] synthesizing module 'axi_crossbar_v2_1_12_wdata_mux__parameterized3' [/home/bma/git/fpga_design/redpitaya/iq_demod_only/iq_demod_only.srcs/sources_1/bd/iq_demod_only_wrapper/ipshared/896d/hdl/axi_crossbar_v2_1_vl_rfs.v:4559]
INFO: [Synth 8-256] done synthesizing module 'axi_crossbar_v2_1_12_wdata_mux__parameterized3' (18#1) [/home/bma/git/fpga_design/redpitaya/iq_demod_only/iq_demod_only.srcs/sources_1/bd/iq_demod_only_wrapper/ipshared/896d/hdl/axi_crossbar_v2_1_vl_rfs.v:4559]
INFO: [Synth 8-638] synthesizing module 'axi_data_fifo_v2_1_10_axic_srl_fifo__parameterized6' [/home/bma/git/fpga_design/redpitaya/iq_demod_only/iq_demod_only.srcs/sources_1/bd/iq_demod_only_wrapper/ipshared/39ba/hdl/axi_data_fifo_v2_1_vl_rfs.v:698]
INFO: [Synth 8-638] synthesizing module 'axi_data_fifo_v2_1_10_ndeep_srl__parameterized52' [/home/bma/git/fpga_design/redpitaya/iq_demod_only/iq_demod_only.srcs/sources_1/bd/iq_demod_only_wrapper/ipshared/39ba/hdl/axi_data_fifo_v2_1_vl_rfs.v:1134]
INFO: [Synth 8-256] done synthesizing module 'axi_data_fifo_v2_1_10_ndeep_srl__parameterized52' (18#1) [/home/bma/git/fpga_design/redpitaya/iq_demod_only/iq_demod_only.srcs/sources_1/bd/iq_demod_only_wrapper/ipshared/39ba/hdl/axi_data_fifo_v2_1_vl_rfs.v:1134]
INFO: [Synth 8-638] synthesizing module 'axi_data_fifo_v2_1_10_ndeep_srl__parameterized53' [/home/bma/git/fpga_design/redpitaya/iq_demod_only/iq_demod_only.srcs/sources_1/bd/iq_demod_only_wrapper/ipshared/39ba/hdl/axi_data_fifo_v2_1_vl_rfs.v:1134]
INFO: [Synth 8-256] done synthesizing module 'axi_data_fifo_v2_1_10_ndeep_srl__parameterized53' (18#1) [/home/bma/git/fpga_design/redpitaya/iq_demod_only/iq_demod_only.srcs/sources_1/bd/iq_demod_only_wrapper/ipshared/39ba/hdl/axi_data_fifo_v2_1_vl_rfs.v:1134]
INFO: [Synth 8-638] synthesizing module 'axi_data_fifo_v2_1_10_ndeep_srl__parameterized54' [/home/bma/git/fpga_design/redpitaya/iq_demod_only/iq_demod_only.srcs/sources_1/bd/iq_demod_only_wrapper/ipshared/39ba/hdl/axi_data_fifo_v2_1_vl_rfs.v:1134]
INFO: [Synth 8-256] done synthesizing module 'axi_data_fifo_v2_1_10_ndeep_srl__parameterized54' (18#1) [/home/bma/git/fpga_design/redpitaya/iq_demod_only/iq_demod_only.srcs/sources_1/bd/iq_demod_only_wrapper/ipshared/39ba/hdl/axi_data_fifo_v2_1_vl_rfs.v:1134]
INFO: [Synth 8-638] synthesizing module 'axi_data_fifo_v2_1_10_ndeep_srl__parameterized55' [/home/bma/git/fpga_design/redpitaya/iq_demod_only/iq_demod_only.srcs/sources_1/bd/iq_demod_only_wrapper/ipshared/39ba/hdl/axi_data_fifo_v2_1_vl_rfs.v:1134]
INFO: [Synth 8-256] done synthesizing module 'axi_data_fifo_v2_1_10_ndeep_srl__parameterized55' (18#1) [/home/bma/git/fpga_design/redpitaya/iq_demod_only/iq_demod_only.srcs/sources_1/bd/iq_demod_only_wrapper/ipshared/39ba/hdl/axi_data_fifo_v2_1_vl_rfs.v:1134]
INFO: [Synth 8-638] synthesizing module 'axi_data_fifo_v2_1_10_ndeep_srl__parameterized56' [/home/bma/git/fpga_design/redpitaya/iq_demod_only/iq_demod_only.srcs/sources_1/bd/iq_demod_only_wrapper/ipshared/39ba/hdl/axi_data_fifo_v2_1_vl_rfs.v:1134]
INFO: [Synth 8-256] done synthesizing module 'axi_data_fifo_v2_1_10_ndeep_srl__parameterized56' (18#1) [/home/bma/git/fpga_design/redpitaya/iq_demod_only/iq_demod_only.srcs/sources_1/bd/iq_demod_only_wrapper/ipshared/39ba/hdl/axi_data_fifo_v2_1_vl_rfs.v:1134]
INFO: [Synth 8-638] synthesizing module 'axi_data_fifo_v2_1_10_ndeep_srl__parameterized57' [/home/bma/git/fpga_design/redpitaya/iq_demod_only/iq_demod_only.srcs/sources_1/bd/iq_demod_only_wrapper/ipshared/39ba/hdl/axi_data_fifo_v2_1_vl_rfs.v:1134]
INFO: [Synth 8-256] done synthesizing module 'axi_data_fifo_v2_1_10_ndeep_srl__parameterized57' (18#1) [/home/bma/git/fpga_design/redpitaya/iq_demod_only/iq_demod_only.srcs/sources_1/bd/iq_demod_only_wrapper/ipshared/39ba/hdl/axi_data_fifo_v2_1_vl_rfs.v:1134]
INFO: [Synth 8-638] synthesizing module 'axi_data_fifo_v2_1_10_ndeep_srl__parameterized58' [/home/bma/git/fpga_design/redpitaya/iq_demod_only/iq_demod_only.srcs/sources_1/bd/iq_demod_only_wrapper/ipshared/39ba/hdl/axi_data_fifo_v2_1_vl_rfs.v:1134]
INFO: [Synth 8-256] done synthesizing module 'axi_data_fifo_v2_1_10_ndeep_srl__parameterized58' (18#1) [/home/bma/git/fpga_design/redpitaya/iq_demod_only/iq_demod_only.srcs/sources_1/bd/iq_demod_only_wrapper/ipshared/39ba/hdl/axi_data_fifo_v2_1_vl_rfs.v:1134]
INFO: [Synth 8-638] synthesizing module 'axi_data_fifo_v2_1_10_ndeep_srl__parameterized59' [/home/bma/git/fpga_design/redpitaya/iq_demod_only/iq_demod_only.srcs/sources_1/bd/iq_demod_only_wrapper/ipshared/39ba/hdl/axi_data_fifo_v2_1_vl_rfs.v:1134]
INFO: [Synth 8-256] done synthesizing module 'axi_data_fifo_v2_1_10_ndeep_srl__parameterized59' (18#1) [/home/bma/git/fpga_design/redpitaya/iq_demod_only/iq_demod_only.srcs/sources_1/bd/iq_demod_only_wrapper/ipshared/39ba/hdl/axi_data_fifo_v2_1_vl_rfs.v:1134]
INFO: [Synth 8-256] done synthesizing module 'axi_data_fifo_v2_1_10_axic_srl_fifo__parameterized6' (18#1) [/home/bma/git/fpga_design/redpitaya/iq_demod_only/iq_demod_only.srcs/sources_1/bd/iq_demod_only_wrapper/ipshared/39ba/hdl/axi_data_fifo_v2_1_vl_rfs.v:698]
INFO: [Synth 8-638] synthesizing module 'axi_crossbar_v2_1_12_wdata_mux__parameterized4' [/home/bma/git/fpga_design/redpitaya/iq_demod_only/iq_demod_only.srcs/sources_1/bd/iq_demod_only_wrapper/ipshared/896d/hdl/axi_crossbar_v2_1_vl_rfs.v:4559]
INFO: [Synth 8-256] done synthesizing module 'axi_crossbar_v2_1_12_wdata_mux__parameterized4' (18#1) [/home/bma/git/fpga_design/redpitaya/iq_demod_only/iq_demod_only.srcs/sources_1/bd/iq_demod_only_wrapper/ipshared/896d/hdl/axi_crossbar_v2_1_vl_rfs.v:4559]
INFO: [Synth 8-638] synthesizing module 'axi_data_fifo_v2_1_10_axic_srl_fifo__parameterized7' [/home/bma/git/fpga_design/redpitaya/iq_demod_only/iq_demod_only.srcs/sources_1/bd/iq_demod_only_wrapper/ipshared/39ba/hdl/axi_data_fifo_v2_1_vl_rfs.v:698]
INFO: [Synth 8-638] synthesizing module 'axi_data_fifo_v2_1_10_ndeep_srl__parameterized60' [/home/bma/git/fpga_design/redpitaya/iq_demod_only/iq_demod_only.srcs/sources_1/bd/iq_demod_only_wrapper/ipshared/39ba/hdl/axi_data_fifo_v2_1_vl_rfs.v:1134]
INFO: [Synth 8-256] done synthesizing module 'axi_data_fifo_v2_1_10_ndeep_srl__parameterized60' (18#1) [/home/bma/git/fpga_design/redpitaya/iq_demod_only/iq_demod_only.srcs/sources_1/bd/iq_demod_only_wrapper/ipshared/39ba/hdl/axi_data_fifo_v2_1_vl_rfs.v:1134]
INFO: [Synth 8-638] synthesizing module 'axi_data_fifo_v2_1_10_ndeep_srl__parameterized61' [/home/bma/git/fpga_design/redpitaya/iq_demod_only/iq_demod_only.srcs/sources_1/bd/iq_demod_only_wrapper/ipshared/39ba/hdl/axi_data_fifo_v2_1_vl_rfs.v:1134]
INFO: [Synth 8-256] done synthesizing module 'axi_data_fifo_v2_1_10_ndeep_srl__parameterized61' (18#1) [/home/bma/git/fpga_design/redpitaya/iq_demod_only/iq_demod_only.srcs/sources_1/bd/iq_demod_only_wrapper/ipshared/39ba/hdl/axi_data_fifo_v2_1_vl_rfs.v:1134]
INFO: [Synth 8-638] synthesizing module 'axi_data_fifo_v2_1_10_ndeep_srl__parameterized62' [/home/bma/git/fpga_design/redpitaya/iq_demod_only/iq_demod_only.srcs/sources_1/bd/iq_demod_only_wrapper/ipshared/39ba/hdl/axi_data_fifo_v2_1_vl_rfs.v:1134]
INFO: [Synth 8-256] done synthesizing module 'axi_data_fifo_v2_1_10_ndeep_srl__parameterized62' (18#1) [/home/bma/git/fpga_design/redpitaya/iq_demod_only/iq_demod_only.srcs/sources_1/bd/iq_demod_only_wrapper/ipshared/39ba/hdl/axi_data_fifo_v2_1_vl_rfs.v:1134]
INFO: [Synth 8-638] synthesizing module 'axi_data_fifo_v2_1_10_ndeep_srl__parameterized63' [/home/bma/git/fpga_design/redpitaya/iq_demod_only/iq_demod_only.srcs/sources_1/bd/iq_demod_only_wrapper/ipshared/39ba/hdl/axi_data_fifo_v2_1_vl_rfs.v:1134]
INFO: [Synth 8-256] done synthesizing module 'axi_data_fifo_v2_1_10_ndeep_srl__parameterized63' (18#1) [/home/bma/git/fpga_design/redpitaya/iq_demod_only/iq_demod_only.srcs/sources_1/bd/iq_demod_only_wrapper/ipshared/39ba/hdl/axi_data_fifo_v2_1_vl_rfs.v:1134]
INFO: [Synth 8-638] synthesizing module 'axi_data_fifo_v2_1_10_ndeep_srl__parameterized64' [/home/bma/git/fpga_design/redpitaya/iq_demod_only/iq_demod_only.srcs/sources_1/bd/iq_demod_only_wrapper/ipshared/39ba/hdl/axi_data_fifo_v2_1_vl_rfs.v:1134]
INFO: [Synth 8-256] done synthesizing module 'axi_data_fifo_v2_1_10_ndeep_srl__parameterized64' (18#1) [/home/bma/git/fpga_design/redpitaya/iq_demod_only/iq_demod_only.srcs/sources_1/bd/iq_demod_only_wrapper/ipshared/39ba/hdl/axi_data_fifo_v2_1_vl_rfs.v:1134]
INFO: [Synth 8-638] synthesizing module 'axi_data_fifo_v2_1_10_ndeep_srl__parameterized65' [/home/bma/git/fpga_design/redpitaya/iq_demod_only/iq_demod_only.srcs/sources_1/bd/iq_demod_only_wrapper/ipshared/39ba/hdl/axi_data_fifo_v2_1_vl_rfs.v:1134]
INFO: [Synth 8-256] done synthesizing module 'axi_data_fifo_v2_1_10_ndeep_srl__parameterized65' (18#1) [/home/bma/git/fpga_design/redpitaya/iq_demod_only/iq_demod_only.srcs/sources_1/bd/iq_demod_only_wrapper/ipshared/39ba/hdl/axi_data_fifo_v2_1_vl_rfs.v:1134]
INFO: [Synth 8-638] synthesizing module 'axi_data_fifo_v2_1_10_ndeep_srl__parameterized66' [/home/bma/git/fpga_design/redpitaya/iq_demod_only/iq_demod_only.srcs/sources_1/bd/iq_demod_only_wrapper/ipshared/39ba/hdl/axi_data_fifo_v2_1_vl_rfs.v:1134]
INFO: [Synth 8-256] done synthesizing module 'axi_data_fifo_v2_1_10_ndeep_srl__parameterized66' (18#1) [/home/bma/git/fpga_design/redpitaya/iq_demod_only/iq_demod_only.srcs/sources_1/bd/iq_demod_only_wrapper/ipshared/39ba/hdl/axi_data_fifo_v2_1_vl_rfs.v:1134]
INFO: [Synth 8-638] synthesizing module 'axi_data_fifo_v2_1_10_ndeep_srl__parameterized67' [/home/bma/git/fpga_design/redpitaya/iq_demod_only/iq_demod_only.srcs/sources_1/bd/iq_demod_only_wrapper/ipshared/39ba/hdl/axi_data_fifo_v2_1_vl_rfs.v:1134]
INFO: [Synth 8-256] done synthesizing module 'axi_data_fifo_v2_1_10_ndeep_srl__parameterized67' (18#1) [/home/bma/git/fpga_design/redpitaya/iq_demod_only/iq_demod_only.srcs/sources_1/bd/iq_demod_only_wrapper/ipshared/39ba/hdl/axi_data_fifo_v2_1_vl_rfs.v:1134]
INFO: [Synth 8-256] done synthesizing module 'axi_data_fifo_v2_1_10_axic_srl_fifo__parameterized7' (18#1) [/home/bma/git/fpga_design/redpitaya/iq_demod_only/iq_demod_only.srcs/sources_1/bd/iq_demod_only_wrapper/ipshared/39ba/hdl/axi_data_fifo_v2_1_vl_rfs.v:698]
INFO: [Synth 8-638] synthesizing module 'axi_crossbar_v2_1_12_wdata_mux__parameterized5' [/home/bma/git/fpga_design/redpitaya/iq_demod_only/iq_demod_only.srcs/sources_1/bd/iq_demod_only_wrapper/ipshared/896d/hdl/axi_crossbar_v2_1_vl_rfs.v:4559]
INFO: [Synth 8-256] done synthesizing module 'axi_crossbar_v2_1_12_wdata_mux__parameterized5' (18#1) [/home/bma/git/fpga_design/redpitaya/iq_demod_only/iq_demod_only.srcs/sources_1/bd/iq_demod_only_wrapper/ipshared/896d/hdl/axi_crossbar_v2_1_vl_rfs.v:4559]
INFO: [Synth 8-638] synthesizing module 'axi_crossbar_v2_1_12_decerr_slave' [/home/bma/git/fpga_design/redpitaya/iq_demod_only/iq_demod_only.srcs/sources_1/bd/iq_demod_only_wrapper/ipshared/896d/hdl/axi_crossbar_v2_1_vl_rfs.v:3500]
INFO: [Synth 8-256] done synthesizing module 'axi_crossbar_v2_1_12_decerr_slave' (19#1) [/home/bma/git/fpga_design/redpitaya/iq_demod_only/iq_demod_only.srcs/sources_1/bd/iq_demod_only_wrapper/ipshared/896d/hdl/axi_crossbar_v2_1_vl_rfs.v:3500]
INFO: [Synth 8-638] synthesizing module 'axi_crossbar_v2_1_12_addr_arbiter' [/home/bma/git/fpga_design/redpitaya/iq_demod_only/iq_demod_only.srcs/sources_1/bd/iq_demod_only_wrapper/ipshared/896d/hdl/axi_crossbar_v2_1_vl_rfs.v:423]
INFO: [Synth 8-256] done synthesizing module 'axi_crossbar_v2_1_12_addr_arbiter' (20#1) [/home/bma/git/fpga_design/redpitaya/iq_demod_only/iq_demod_only.srcs/sources_1/bd/iq_demod_only_wrapper/ipshared/896d/hdl/axi_crossbar_v2_1_vl_rfs.v:423]
INFO: [Synth 8-256] done synthesizing module 'axi_crossbar_v2_1_12_crossbar' (21#1) [/home/bma/git/fpga_design/redpitaya/iq_demod_only/iq_demod_only.srcs/sources_1/bd/iq_demod_only_wrapper/ipshared/896d/hdl/axi_crossbar_v2_1_vl_rfs.v:2239]
INFO: [Synth 8-256] done synthesizing module 'axi_crossbar_v2_1_12_axi_crossbar' (22#1) [/home/bma/git/fpga_design/redpitaya/iq_demod_only/iq_demod_only.srcs/sources_1/bd/iq_demod_only_wrapper/ipshared/896d/hdl/axi_crossbar_v2_1_vl_rfs.v:4882]
INFO: [Synth 8-256] done synthesizing module 'iq_demod_only_wrapper_xbar_0' (23#1) [/home/bma/git/fpga_design/redpitaya/iq_demod_only/iq_demod_only.srcs/sources_1/bd/iq_demod_only_wrapper/ip/iq_demod_only_wrapper_xbar_0/synth/iq_demod_only_wrapper_xbar_0.v:59]
Finished RTL Elaboration : Time (s): cpu = 00:00:47 ; elapsed = 00:00:50 . Memory (MB): peak = 1271.742 ; gain = 340.555 ; free physical = 647 ; free virtual = 11964
Finished RTL Optimization Phase 1 : Time (s): cpu = 00:00:48 ; elapsed = 00:00:52 . Memory (MB): peak = 1271.742 ; gain = 340.555 ; free physical = 605 ; free virtual = 11928
INFO: [Device 21-403] Loading part xc7z010clg400-1
Constraint Validation Runtime : Time (s): cpu = 00:00:00.91 ; elapsed = 00:00:00.94 . Memory (MB): peak = 1547.551 ; gain = 2.000 ; free physical = 883 ; free virtual = 12201
Finished Constraint Validation : Time (s): cpu = 00:01:22 ; elapsed = 00:01:28 . Memory (MB): peak = 1547.551 ; gain = 616.363 ; free physical = 610 ; free virtual = 11933
Finished Loading Part and Timing Information : Time (s): cpu = 00:01:22 ; elapsed = 00:01:28 . Memory (MB): peak = 1547.551 ; gain = 616.363 ; free physical = 610 ; free virtual = 11933
Finished applying 'set_property' XDC Constraints : Time (s): cpu = 00:01:22 ; elapsed = 00:01:28 . Memory (MB): peak = 1547.551 ; gain = 616.363 ; free physical = 610 ; free virtual = 11933
Finished RTL Optimization Phase 2 : Time (s): cpu = 00:01:27 ; elapsed = 00:01:34 . Memory (MB): peak = 1547.551 ; gain = 616.363 ; free physical = 448 ; free virtual = 11780
Finished Cross Boundary and Area Optimization : Time (s): cpu = 00:01:50 ; elapsed = 00:01:58 . Memory (MB): peak = 1547.551 ; gain = 616.363 ; free physical = 1097 ; free virtual = 12434
Finished Applying XDC Timing Constraints : Time (s): cpu = 00:02:04 ; elapsed = 00:02:12 . Memory (MB): peak = 1547.551 ; gain = 616.363 ; free physical = 1463 ; free virtual = 12800
Finished Timing Optimization : Time (s): cpu = 00:02:09 ; elapsed = 00:02:18 . Memory (MB): peak = 1611.699 ; gain = 680.512 ; free physical = 1394 ; free virtual = 12729
Finished Technology Mapping : Time (s): cpu = 00:02:12 ; elapsed = 00:02:20 . Memory (MB): peak = 1627.715 ; gain = 696.527 ; free physical = 1282 ; free virtual = 12713
Finished IO Insertion : Time (s): cpu = 00:02:12 ; elapsed = 00:02:21 . Memory (MB): peak = 1627.715 ; gain = 696.527 ; free physical = 1287 ; free virtual = 12712
Finished Renaming Generated Instances : Time (s): cpu = 00:02:12 ; elapsed = 00:02:21 . Memory (MB): peak = 1627.715 ; gain = 696.527 ; free physical = 1287 ; free virtual = 12712
Finished Rebuilding User Hierarchy : Time (s): cpu = 00:02:13 ; elapsed = 00:02:21 . Memory (MB): peak = 1627.715 ; gain = 696.527 ; free physical = 1300 ; free virtual = 12712
Finished Renaming Generated Ports : Time (s): cpu = 00:02:13 ; elapsed = 00:02:21 . Memory (MB): peak = 1627.715 ; gain = 696.527 ; free physical = 1300 ; free virtual = 12712
Finished Handling Custom Attributes : Time (s): cpu = 00:02:13 ; elapsed = 00:02:21 . Memory (MB): peak = 1627.715 ; gain = 696.527 ; free physical = 1300 ; free virtual = 12712
Finished Renaming Generated Nets : Time (s): cpu = 00:02:13 ; elapsed = 00:02:21 . Memory (MB): peak = 1627.715 ; gain = 696.527 ; free physical = 1300 ; free virtual = 12712

Report Cell Usage: 
+------+--------+------+
|      |Cell    |Count |
+------+--------+------+
|1     |CARRY4  |    32|
|2     |LUT1    |    32|
|3     |LUT2    |    26|
|4     |LUT3    |   402|
|5     |LUT4    |   112|
|6     |LUT5    |   195|
|7     |LUT6    |   397|
|8     |MUXF7   |    63|
|9     |SRLC32E |     4|
|10    |FDRE    |  1405|
|11    |FDSE    |     6|
+------+--------+------+
Finished Writing Synthesis Report : Time (s): cpu = 00:02:13 ; elapsed = 00:02:21 . Memory (MB): peak = 1627.715 ; gain = 696.527 ; free physical = 1300 ; free virtual = 12712
synth_design: Time (s): cpu = 00:02:02 ; elapsed = 00:02:08 . Memory (MB): peak = 1627.723 ; gain = 589.031 ; free physical = 1378 ; free virtual = 12714
