
*** Running vivado
    with args -log vco_only_wrapper_xlconstant_0_0.vds -m64 -product Vivado -mode batch -messageDb vivado.pb -notrace -source vco_only_wrapper_xlconstant_0_0.tcl

awk: symbol lookup error: awk: undefined symbol: mpfr_z_sub

****** Vivado v2016.4 (64-bit)
  **** SW Build 1733598 on Wed Dec 14 22:35:42 MST 2016
  **** IP Build 1731160 on Wed Dec 14 23:47:21 MST 2016
    ** Copyright 1986-2016 Xilinx, Inc. All Rights Reserved.

source vco_only_wrapper_xlconstant_0_0.tcl -notrace
awk: symbol lookup error: awk: undefined symbol: mpfr_z_sub
Starting RTL Elaboration : Time (s): cpu = 00:00:26 ; elapsed = 00:00:27 . Memory (MB): peak = 1111.266 ; gain = 180.086 ; free physical = 1000 ; free virtual = 11608
INFO: [Synth 8-638] synthesizing module 'vco_only_wrapper_xlconstant_0_0' [/home/bma/git/fpga_design/redpitaya/vco_only/vco_only.srcs/sources_1/bd/vco_only_wrapper/ip/vco_only_wrapper_xlconstant_0_0/sim/vco_only_wrapper_xlconstant_0_0.v:56]
INFO: [Synth 8-638] synthesizing module 'xlconstant' [/home/bma/git/fpga_design/redpitaya/vco_only/vco_only.srcs/sources_1/bd/vco_only_wrapper/ipshared/e147/xlconstant.v:23]
INFO: [Synth 8-256] done synthesizing module 'xlconstant' (1#1) [/home/bma/git/fpga_design/redpitaya/vco_only/vco_only.srcs/sources_1/bd/vco_only_wrapper/ipshared/e147/xlconstant.v:23]
INFO: [Synth 8-256] done synthesizing module 'vco_only_wrapper_xlconstant_0_0' (2#1) [/home/bma/git/fpga_design/redpitaya/vco_only/vco_only.srcs/sources_1/bd/vco_only_wrapper/ip/vco_only_wrapper_xlconstant_0_0/sim/vco_only_wrapper_xlconstant_0_0.v:56]
Finished RTL Elaboration : Time (s): cpu = 00:00:28 ; elapsed = 00:00:29 . Memory (MB): peak = 1152.734 ; gain = 221.555 ; free physical = 956 ; free virtual = 11564
Finished RTL Optimization Phase 1 : Time (s): cpu = 00:00:28 ; elapsed = 00:00:29 . Memory (MB): peak = 1152.734 ; gain = 221.555 ; free physical = 956 ; free virtual = 11564
INFO: [Device 21-403] Loading part xc7z010clg400-1
Constraint Validation Runtime : Time (s): cpu = 00:00:00.03 ; elapsed = 00:00:00.03 . Memory (MB): peak = 1390.902 ; gain = 1.000 ; free physical = 1262 ; free virtual = 11870
Finished Constraint Validation : Time (s): cpu = 00:00:57 ; elapsed = 00:01:01 . Memory (MB): peak = 1390.902 ; gain = 459.723 ; free physical = 1080 ; free virtual = 11718
Finished Loading Part and Timing Information : Time (s): cpu = 00:00:57 ; elapsed = 00:01:01 . Memory (MB): peak = 1390.902 ; gain = 459.723 ; free physical = 1080 ; free virtual = 11718
Finished applying 'set_property' XDC Constraints : Time (s): cpu = 00:00:57 ; elapsed = 00:01:01 . Memory (MB): peak = 1390.902 ; gain = 459.723 ; free physical = 1080 ; free virtual = 11718
Finished RTL Optimization Phase 2 : Time (s): cpu = 00:00:57 ; elapsed = 00:01:01 . Memory (MB): peak = 1390.902 ; gain = 459.723 ; free physical = 1080 ; free virtual = 11718
Finished Cross Boundary and Area Optimization : Time (s): cpu = 00:00:58 ; elapsed = 00:01:02 . Memory (MB): peak = 1390.902 ; gain = 459.723 ; free physical = 1076 ; free virtual = 11714
Finished Applying XDC Timing Constraints : Time (s): cpu = 00:01:28 ; elapsed = 00:01:39 . Memory (MB): peak = 1434.902 ; gain = 503.723 ; free physical = 1349 ; free virtual = 11989
Finished Timing Optimization : Time (s): cpu = 00:01:28 ; elapsed = 00:01:39 . Memory (MB): peak = 1434.902 ; gain = 503.723 ; free physical = 1349 ; free virtual = 11989
Finished Technology Mapping : Time (s): cpu = 00:01:28 ; elapsed = 00:01:39 . Memory (MB): peak = 1444.918 ; gain = 513.738 ; free physical = 1340 ; free virtual = 11980
Finished IO Insertion : Time (s): cpu = 00:01:30 ; elapsed = 00:01:41 . Memory (MB): peak = 1444.918 ; gain = 513.738 ; free physical = 1295 ; free virtual = 11936
Finished Renaming Generated Instances : Time (s): cpu = 00:01:30 ; elapsed = 00:01:41 . Memory (MB): peak = 1444.918 ; gain = 513.738 ; free physical = 1295 ; free virtual = 11935
Finished Rebuilding User Hierarchy : Time (s): cpu = 00:01:30 ; elapsed = 00:01:41 . Memory (MB): peak = 1444.918 ; gain = 513.738 ; free physical = 1293 ; free virtual = 11934
Finished Renaming Generated Ports : Time (s): cpu = 00:01:30 ; elapsed = 00:01:41 . Memory (MB): peak = 1444.918 ; gain = 513.738 ; free physical = 1293 ; free virtual = 11934
Finished Handling Custom Attributes : Time (s): cpu = 00:01:30 ; elapsed = 00:01:41 . Memory (MB): peak = 1444.918 ; gain = 513.738 ; free physical = 1284 ; free virtual = 11925
Finished Renaming Generated Nets : Time (s): cpu = 00:01:30 ; elapsed = 00:01:41 . Memory (MB): peak = 1444.918 ; gain = 513.738 ; free physical = 1284 ; free virtual = 11925

Report Cell Usage: 
+-+-----+------+
| |Cell |Count |
+-+-----+------+
+-+-----+------+
Finished Writing Synthesis Report : Time (s): cpu = 00:01:30 ; elapsed = 00:01:41 . Memory (MB): peak = 1444.918 ; gain = 513.738 ; free physical = 1283 ; free virtual = 11924
synth_design: Time (s): cpu = 00:01:20 ; elapsed = 00:01:31 . Memory (MB): peak = 1456.918 ; gain = 426.234 ; free physical = 1197 ; free virtual = 11841
