
*** Running vivado
    with args -log double_iq_pid_vco_mixer_sin_0_0.vds -m64 -product Vivado -mode batch -messageDb vivado.pb -notrace -source double_iq_pid_vco_mixer_sin_0_0.tcl


****** Vivado v2019.2 (64-bit)
  **** SW Build 2708876 on Wed Nov  6 21:39:14 MST 2019
  **** IP Build 2700528 on Thu Nov  7 00:09:20 MST 2019
    ** Copyright 1986-2019 Xilinx, Inc. All Rights Reserved.

source double_iq_pid_vco_mixer_sin_0_0.tcl -notrace
INFO: [IP_Flow 19-234] Refreshing IP repositories
INFO: [IP_Flow 19-1700] Loaded user IP repository '/home/bma/git/github/oscimpDigital/fpga_ip'.
INFO: [IP_Flow 19-2313] Loaded Vivado IP repository '/opt/Xilinx/Vivado/2019.2/data/ip'.
Command: synth_design -top double_iq_pid_vco_mixer_sin_0_0 -part xc7z010clg400-1 -mode out_of_context
Starting synth_design
Attempting to get a license for feature 'Synthesis' and/or device 'xc7z010'
INFO: [Common 17-349] Got license for feature 'Synthesis' and/or device 'xc7z010'
INFO: [Device 21-403] Loading part xc7z010clg400-1
INFO: Launching helper process for spawning children vivado processes
INFO: Helper process launched with PID 9121 
---------------------------------------------------------------------------------
Starting RTL Elaboration : Time (s): cpu = 00:00:13 ; elapsed = 00:00:19 . Memory (MB): peak = 1846.430 ; gain = 202.715 ; free physical = 635 ; free virtual = 26705
---------------------------------------------------------------------------------
INFO: [Synth 8-638] synthesizing module 'double_iq_pid_vco_mixer_sin_0_0' [/home/bma/git/fpga_design/redpitaya/double_iq_pid_vco/design/tmp/double_iq_pid_vco.srcs/sources_1/bd/double_iq_pid_vco/ip/double_iq_pid_vco_mixer_sin_0_0/synth/double_iq_pid_vco_mixer_sin_0_0.vhd:75]
	Parameter NCO_SIZE bound to: 16 - type: integer 
	Parameter DATA_IN_SIZE bound to: 14 - type: integer 
	Parameter DATA_OUT_SIZE bound to: 14 - type: integer 
INFO: [Synth 8-3491] module 'mixer_sin' declared at '/home/bma/git/fpga_design/redpitaya/double_iq_pid_vco/design/tmp/double_iq_pid_vco.srcs/sources_1/bd/double_iq_pid_vco/ipshared/61cc/hdl/mixer_sin.vhd:10' bound to instance 'U0' of component 'mixer_sin' [/home/bma/git/fpga_design/redpitaya/double_iq_pid_vco/design/tmp/double_iq_pid_vco.srcs/sources_1/bd/double_iq_pid_vco/ip/double_iq_pid_vco_mixer_sin_0_0/synth/double_iq_pid_vco_mixer_sin_0_0.vhd:123]
INFO: [Synth 8-638] synthesizing module 'mixer_sin' [/home/bma/git/fpga_design/redpitaya/double_iq_pid_vco/design/tmp/double_iq_pid_vco.srcs/sources_1/bd/double_iq_pid_vco/ipshared/61cc/hdl/mixer_sin.vhd:37]
	Parameter NCO_SIZE bound to: 16 - type: integer 
	Parameter DATA_IN_SIZE bound to: 14 - type: integer 
	Parameter DATA_OUT_SIZE bound to: 14 - type: integer 
INFO: [Synth 8-638] synthesizing module 'mixer_redim' [/home/bma/git/fpga_design/redpitaya/double_iq_pid_vco/design/tmp/double_iq_pid_vco.srcs/sources_1/bd/double_iq_pid_vco/ipshared/61cc/hdl/mixer_redim.vhd:31]
	Parameter SIGNED_FORMAT bound to: 1 - type: bool 
	Parameter IN_SZ bound to: 29 - type: integer 
	Parameter OUT_SZ bound to: 14 - type: integer 
INFO: [Synth 8-256] done synthesizing module 'mixer_redim' (1#1) [/home/bma/git/fpga_design/redpitaya/double_iq_pid_vco/design/tmp/double_iq_pid_vco.srcs/sources_1/bd/double_iq_pid_vco/ipshared/61cc/hdl/mixer_redim.vhd:31]
INFO: [Synth 8-256] done synthesizing module 'mixer_sin' (2#1) [/home/bma/git/fpga_design/redpitaya/double_iq_pid_vco/design/tmp/double_iq_pid_vco.srcs/sources_1/bd/double_iq_pid_vco/ipshared/61cc/hdl/mixer_sin.vhd:37]
INFO: [Synth 8-256] done synthesizing module 'double_iq_pid_vco_mixer_sin_0_0' (3#1) [/home/bma/git/fpga_design/redpitaya/double_iq_pid_vco/design/tmp/double_iq_pid_vco.srcs/sources_1/bd/double_iq_pid_vco/ip/double_iq_pid_vco_mixer_sin_0_0/synth/double_iq_pid_vco_mixer_sin_0_0.vhd:75]
---------------------------------------------------------------------------------
Finished RTL Elaboration : Time (s): cpu = 00:00:17 ; elapsed = 00:00:26 . Memory (MB): peak = 1911.148 ; gain = 267.434 ; free physical = 539 ; free virtual = 26612
---------------------------------------------------------------------------------

Report Check Netlist: 
+------+------------------+-------+---------+-------+------------------+
|      |Item              |Errors |Warnings |Status |Description       |
+------+------------------+-------+---------+-------+------------------+
|1     |multi_driven_nets |      0|        0|Passed |Multi driven nets |
+------+------------------+-------+---------+-------+------------------+
---------------------------------------------------------------------------------
Start Handling Custom Attributes
---------------------------------------------------------------------------------
---------------------------------------------------------------------------------
Finished Handling Custom Attributes : Time (s): cpu = 00:00:19 ; elapsed = 00:00:29 . Memory (MB): peak = 1914.117 ; gain = 270.402 ; free physical = 455 ; free virtual = 26528
---------------------------------------------------------------------------------
---------------------------------------------------------------------------------
Finished RTL Optimization Phase 1 : Time (s): cpu = 00:00:19 ; elapsed = 00:00:29 . Memory (MB): peak = 1914.117 ; gain = 270.402 ; free physical = 455 ; free virtual = 26528
---------------------------------------------------------------------------------
Netlist sorting complete. Time (s): cpu = 00:00:00.01 ; elapsed = 00:00:00.01 . Memory (MB): peak = 1914.117 ; gain = 0.000 ; free physical = 446 ; free virtual = 26520
INFO: [Project 1-570] Preparing netlist for logic optimization

Processing XDC Constraints
Initializing timing engine
Completed Processing XDC Constraints

Netlist sorting complete. Time (s): cpu = 00:00:00 ; elapsed = 00:00:00.01 . Memory (MB): peak = 2047.883 ; gain = 0.000 ; free physical = 233 ; free virtual = 26302
INFO: [Project 1-111] Unisim Transformation Summary:
No Unisim elements were transformed.

WARNING: [Constraints 18-5210] No constraints selected for write.
Resolution: This message can indicate that there are no constraints for the design, or it can indicate that the used_in flags are set such that the constraints are ignored. This later case is used when running synth_design to not write synthesis constraints to the resulting checkpoint. Instead, project constraints are read when the synthesized design is opened.
Constraint Validation Runtime : Time (s): cpu = 00:00:00.23 ; elapsed = 00:00:00.49 . Memory (MB): peak = 2047.883 ; gain = 0.000 ; free physical = 224 ; free virtual = 26293
---------------------------------------------------------------------------------
Finished Constraint Validation : Time (s): cpu = 00:00:38 ; elapsed = 00:00:53 . Memory (MB): peak = 2047.883 ; gain = 404.168 ; free physical = 155 ; free virtual = 26228
---------------------------------------------------------------------------------
---------------------------------------------------------------------------------
Start Loading Part and Timing Information
---------------------------------------------------------------------------------
Loading part: xc7z010clg400-1
---------------------------------------------------------------------------------
Finished Loading Part and Timing Information : Time (s): cpu = 00:00:38 ; elapsed = 00:00:53 . Memory (MB): peak = 2047.883 ; gain = 404.168 ; free physical = 155 ; free virtual = 26228
---------------------------------------------------------------------------------
---------------------------------------------------------------------------------
Start Applying 'set_property' XDC Constraints
---------------------------------------------------------------------------------
---------------------------------------------------------------------------------
Finished applying 'set_property' XDC Constraints : Time (s): cpu = 00:00:38 ; elapsed = 00:00:53 . Memory (MB): peak = 2047.883 ; gain = 404.168 ; free physical = 155 ; free virtual = 26228
---------------------------------------------------------------------------------
---------------------------------------------------------------------------------
Finished RTL Optimization Phase 2 : Time (s): cpu = 00:00:39 ; elapsed = 00:00:54 . Memory (MB): peak = 2047.883 ; gain = 404.168 ; free physical = 221 ; free virtual = 26295
---------------------------------------------------------------------------------

Report RTL Partitions: 
+-+--------------+------------+----------+
| |RTL Partition |Replication |Instances |
+-+--------------+------------+----------+
+-+--------------+------------+----------+
---------------------------------------------------------------------------------
Start RTL Component Statistics 
---------------------------------------------------------------------------------
Detailed RTL Component Info : 
+---Adders : 
	   2 Input     14 Bit       Adders := 2     
+---Registers : 
	               16 Bit    Registers := 2     
	               14 Bit    Registers := 5     
	                2 Bit    Registers := 2     
	                1 Bit    Registers := 5     
+---Muxes : 
	   2 Input     14 Bit        Muxes := 2     
	   2 Input      2 Bit        Muxes := 1     
---------------------------------------------------------------------------------
Finished RTL Component Statistics 
---------------------------------------------------------------------------------
---------------------------------------------------------------------------------
Start RTL Hierarchical Component Statistics 
---------------------------------------------------------------------------------
Hierarchical RTL Component report 
Module mixer_redim 
Detailed RTL Component Info : 
+---Adders : 
	   2 Input     14 Bit       Adders := 2     
+---Registers : 
	               14 Bit    Registers := 4     
	                2 Bit    Registers := 2     
	                1 Bit    Registers := 4     
+---Muxes : 
	   2 Input     14 Bit        Muxes := 2     
	   2 Input      2 Bit        Muxes := 1     
Module mixer_sin 
Detailed RTL Component Info : 
+---Registers : 
	               16 Bit    Registers := 2     
	               14 Bit    Registers := 1     
	                1 Bit    Registers := 1     
---------------------------------------------------------------------------------
Finished RTL Hierarchical Component Statistics
---------------------------------------------------------------------------------
---------------------------------------------------------------------------------
Start Part Resource Summary
---------------------------------------------------------------------------------
Part Resources:
DSPs: 80 (col length:40)
BRAMs: 120 (col length: RAMB18 40 RAMB36 20)
---------------------------------------------------------------------------------
Finished Part Resource Summary
---------------------------------------------------------------------------------
---------------------------------------------------------------------------------
Start Cross Boundary and Area Optimization
---------------------------------------------------------------------------------
Warning: Parallel synthesis criteria is not met 
DSP Report: Generating DSP U0/res_i_s, operation Mode is: A2*B.
DSP Report: register U0/nco_i_s_reg is absorbed into DSP U0/res_i_s.
DSP Report: operator U0/res_i_s is absorbed into DSP U0/res_i_s.
DSP Report: Generating DSP U0/res_q_s, operation Mode is: A2*B.
DSP Report: register U0/nco_q_s_reg is absorbed into DSP U0/res_q_s.
DSP Report: operator U0/res_q_s is absorbed into DSP U0/res_q_s.
INFO: [Synth 8-3886] merging instance 'U0/resize_inst/shift_data.q_is_neg_s_reg[0]' (FDR) to 'U0/resize_inst/shift_data.data_q_in_s_reg[13]'
INFO: [Synth 8-3886] merging instance 'U0/resize_inst/shift_data.q_is_neg_s_reg[1]' (FDE) to 'U0/resize_inst/shift_data.i_is_neg_s_reg[1]'
INFO: [Synth 8-3886] merging instance 'U0/resize_inst/shift_data.i_is_neg_s_reg[0]' (FDR) to 'U0/resize_inst/shift_data.data_i_in_s_reg[13]'
INFO: [Synth 8-3333] propagating constant 0 across sequential element (\U0/resize_inst/shift_data.i_is_neg_s_reg[1] )
---------------------------------------------------------------------------------
Finished Cross Boundary and Area Optimization : Time (s): cpu = 00:00:42 ; elapsed = 00:00:58 . Memory (MB): peak = 2047.883 ; gain = 404.168 ; free physical = 188 ; free virtual = 26239
---------------------------------------------------------------------------------
---------------------------------------------------------------------------------
Start ROM, RAM, DSP and Shift Register Reporting
---------------------------------------------------------------------------------

DSP: Preliminary Mapping	Report (see note below)
+------------+-------------+--------+--------+--------+--------+--------+------+------+------+------+-------+------+------+
|Module Name | DSP Mapping | A Size | B Size | C Size | D Size | P Size | AREG | BREG | CREG | DREG | ADREG | MREG | PREG | 
+------------+-------------+--------+--------+--------+--------+--------+------+------+------+------+-------+------+------+
|mixer_sin   | A2*B        | 16     | 14     | -      | -      | 30     | 1    | 0    | -    | -    | -     | 0    | 0    | 
|mixer_sin   | A2*B        | 16     | 14     | -      | -      | 30     | 1    | 0    | -    | -    | -     | 0    | 0    | 
+------------+-------------+--------+--------+--------+--------+--------+------+------+------+------+-------+------+------+

Note: The table above is a preliminary report that shows the DSPs inferred at the current stage of the synthesis flow. Some DSP may be reimplemented as non DSP primitives later in the synthesis flow. Multiple instantiated DSPs are reported only once.
---------------------------------------------------------------------------------
Finished ROM, RAM, DSP and Shift Register Reporting
---------------------------------------------------------------------------------

Report RTL Partitions: 
+-+--------------+------------+----------+
| |RTL Partition |Replication |Instances |
+-+--------------+------------+----------+
+-+--------------+------------+----------+
---------------------------------------------------------------------------------
Start Applying XDC Timing Constraints
---------------------------------------------------------------------------------
---------------------------------------------------------------------------------
Finished Applying XDC Timing Constraints : Time (s): cpu = 00:01:14 ; elapsed = 00:01:37 . Memory (MB): peak = 2047.883 ; gain = 404.168 ; free physical = 938 ; free virtual = 26961
---------------------------------------------------------------------------------
---------------------------------------------------------------------------------
Start Timing Optimization
---------------------------------------------------------------------------------
---------------------------------------------------------------------------------
Finished Timing Optimization : Time (s): cpu = 00:01:14 ; elapsed = 00:01:37 . Memory (MB): peak = 2047.883 ; gain = 404.168 ; free physical = 938 ; free virtual = 26961
---------------------------------------------------------------------------------

Report RTL Partitions: 
+-+--------------+------------+----------+
| |RTL Partition |Replication |Instances |
+-+--------------+------------+----------+
+-+--------------+------------+----------+
---------------------------------------------------------------------------------
Start Technology Mapping
---------------------------------------------------------------------------------
---------------------------------------------------------------------------------
Finished Technology Mapping : Time (s): cpu = 00:01:14 ; elapsed = 00:01:37 . Memory (MB): peak = 2047.883 ; gain = 404.168 ; free physical = 914 ; free virtual = 26937
---------------------------------------------------------------------------------

Report RTL Partitions: 
+-+--------------+------------+----------+
| |RTL Partition |Replication |Instances |
+-+--------------+------------+----------+
+-+--------------+------------+----------+
---------------------------------------------------------------------------------
Start IO Insertion
---------------------------------------------------------------------------------
---------------------------------------------------------------------------------
Start Flattening Before IO Insertion
---------------------------------------------------------------------------------
---------------------------------------------------------------------------------
Finished Flattening Before IO Insertion
---------------------------------------------------------------------------------
---------------------------------------------------------------------------------
Start Final Netlist Cleanup
---------------------------------------------------------------------------------
---------------------------------------------------------------------------------
Finished Final Netlist Cleanup
---------------------------------------------------------------------------------
---------------------------------------------------------------------------------
Finished IO Insertion : Time (s): cpu = 00:01:26 ; elapsed = 00:01:49 . Memory (MB): peak = 2047.883 ; gain = 404.168 ; free physical = 1469 ; free virtual = 27489
---------------------------------------------------------------------------------
---------------------------------------------------------------------------------
Start Renaming Generated Instances
---------------------------------------------------------------------------------
---------------------------------------------------------------------------------
Finished Renaming Generated Instances : Time (s): cpu = 00:01:26 ; elapsed = 00:01:49 . Memory (MB): peak = 2047.883 ; gain = 404.168 ; free physical = 1469 ; free virtual = 27489
---------------------------------------------------------------------------------

Report RTL Partitions: 
+-+--------------+------------+----------+
| |RTL Partition |Replication |Instances |
+-+--------------+------------+----------+
+-+--------------+------------+----------+

Report Check Netlist: 
+------+------------------+-------+---------+-------+------------------+
|      |Item              |Errors |Warnings |Status |Description       |
+------+------------------+-------+---------+-------+------------------+
|1     |multi_driven_nets |      0|        0|Passed |Multi driven nets |
+------+------------------+-------+---------+-------+------------------+
---------------------------------------------------------------------------------
Start Rebuilding User Hierarchy
---------------------------------------------------------------------------------
---------------------------------------------------------------------------------
Finished Rebuilding User Hierarchy : Time (s): cpu = 00:01:26 ; elapsed = 00:01:49 . Memory (MB): peak = 2047.883 ; gain = 404.168 ; free physical = 1469 ; free virtual = 27489
---------------------------------------------------------------------------------
---------------------------------------------------------------------------------
Start Renaming Generated Ports
---------------------------------------------------------------------------------
---------------------------------------------------------------------------------
Finished Renaming Generated Ports : Time (s): cpu = 00:01:26 ; elapsed = 00:01:49 . Memory (MB): peak = 2047.883 ; gain = 404.168 ; free physical = 1469 ; free virtual = 27489
---------------------------------------------------------------------------------
---------------------------------------------------------------------------------
Start Handling Custom Attributes
---------------------------------------------------------------------------------
---------------------------------------------------------------------------------
Finished Handling Custom Attributes : Time (s): cpu = 00:01:26 ; elapsed = 00:01:49 . Memory (MB): peak = 2047.883 ; gain = 404.168 ; free physical = 1469 ; free virtual = 27489
---------------------------------------------------------------------------------
---------------------------------------------------------------------------------
Start Renaming Generated Nets
---------------------------------------------------------------------------------
---------------------------------------------------------------------------------
Finished Renaming Generated Nets : Time (s): cpu = 00:01:26 ; elapsed = 00:01:49 . Memory (MB): peak = 2047.883 ; gain = 404.168 ; free physical = 1469 ; free virtual = 27489
---------------------------------------------------------------------------------
---------------------------------------------------------------------------------
Start Writing Synthesis Report
---------------------------------------------------------------------------------

Report BlackBoxes: 
+-+--------------+----------+
| |BlackBox name |Instances |
+-+--------------+----------+
+-+--------------+----------+

Report Cell Usage: 
+------+--------+------+
|      |Cell    |Count |
+------+--------+------+
|1     |CARRY4  |     8|
|2     |DSP48E1 |     2|
|3     |LUT1    |     2|
|4     |LUT2    |    22|
|5     |LUT3    |     2|
|6     |FDRE    |    75|
+------+--------+------+

Report Instance Areas: 
+------+----------------+------------+------+
|      |Instance        |Module      |Cells |
+------+----------------+------------+------+
|1     |top             |            |   111|
|2     |  U0            |mixer_sin   |   111|
|3     |    resize_inst |mixer_redim |    94|
+------+----------------+------------+------+
---------------------------------------------------------------------------------
Finished Writing Synthesis Report : Time (s): cpu = 00:01:26 ; elapsed = 00:01:49 . Memory (MB): peak = 2047.883 ; gain = 404.168 ; free physical = 1469 ; free virtual = 27489
---------------------------------------------------------------------------------
Synthesis finished with 0 errors, 0 critical warnings and 0 warnings.
Synthesis Optimization Runtime : Time (s): cpu = 00:01:21 ; elapsed = 00:01:43 . Memory (MB): peak = 2047.883 ; gain = 270.402 ; free physical = 1531 ; free virtual = 27551
Synthesis Optimization Complete : Time (s): cpu = 00:01:26 ; elapsed = 00:01:50 . Memory (MB): peak = 2047.891 ; gain = 404.168 ; free physical = 1531 ; free virtual = 27551
INFO: [Project 1-571] Translating synthesized netlist
Netlist sorting complete. Time (s): cpu = 00:00:00 ; elapsed = 00:00:00.01 . Memory (MB): peak = 2047.891 ; gain = 0.000 ; free physical = 1602 ; free virtual = 27622
INFO: [Netlist 29-17] Analyzing 10 Unisim elements for replacement
INFO: [Netlist 29-28] Unisim Transformation completed in 0 CPU seconds
INFO: [Project 1-570] Preparing netlist for logic optimization
INFO: [Opt 31-138] Pushed 0 inverter(s) to 0 load pin(s).
Netlist sorting complete. Time (s): cpu = 00:00:00 ; elapsed = 00:00:00.01 . Memory (MB): peak = 2047.891 ; gain = 0.000 ; free physical = 1771 ; free virtual = 27790
INFO: [Project 1-111] Unisim Transformation Summary:
No Unisim elements were transformed.

INFO: [Common 17-83] Releasing license: Synthesis
25 Infos, 1 Warnings, 0 Critical Warnings and 0 Errors encountered.
synth_design completed successfully
synth_design: Time (s): cpu = 00:01:53 ; elapsed = 00:02:20 . Memory (MB): peak = 2047.891 ; gain = 610.578 ; free physical = 1902 ; free virtual = 27922
Netlist sorting complete. Time (s): cpu = 00:00:00 ; elapsed = 00:00:00 . Memory (MB): peak = 2047.891 ; gain = 0.000 ; free physical = 1902 ; free virtual = 27922
WARNING: [Constraints 18-5210] No constraints selected for write.
Resolution: This message can indicate that there are no constraints for the design, or it can indicate that the used_in flags are set such that the constraints are ignored. This later case is used when running synth_design to not write synthesis constraints to the resulting checkpoint. Instead, project constraints are read when the synthesized design is opened.
INFO: [Common 17-1381] The checkpoint '/home/bma/git/fpga_design/redpitaya/double_iq_pid_vco/design/tmp/double_iq_pid_vco.runs/double_iq_pid_vco_mixer_sin_0_0_synth_1/double_iq_pid_vco_mixer_sin_0_0.dcp' has been generated.
WARNING: [Common 17-576] 'use_project_ipc' is deprecated. This option is deprecated and no longer used.
INFO: [Coretcl 2-1648] Added synthesis output to IP cache for IP double_iq_pid_vco_mixer_sin_0_0, cache-ID = 787e6712d4a4aed2
INFO: [Coretcl 2-1174] Renamed 2 cell refs.
Netlist sorting complete. Time (s): cpu = 00:00:00 ; elapsed = 00:00:00 . Memory (MB): peak = 2047.891 ; gain = 0.000 ; free physical = 1894 ; free virtual = 27913
WARNING: [Constraints 18-5210] No constraints selected for write.
Resolution: This message can indicate that there are no constraints for the design, or it can indicate that the used_in flags are set such that the constraints are ignored. This later case is used when running synth_design to not write synthesis constraints to the resulting checkpoint. Instead, project constraints are read when the synthesized design is opened.
INFO: [Common 17-1381] The checkpoint '/home/bma/git/fpga_design/redpitaya/double_iq_pid_vco/design/tmp/double_iq_pid_vco.runs/double_iq_pid_vco_mixer_sin_0_0_synth_1/double_iq_pid_vco_mixer_sin_0_0.dcp' has been generated.
INFO: [runtcl-4] Executing : report_utilization -file double_iq_pid_vco_mixer_sin_0_0_utilization_synth.rpt -pb double_iq_pid_vco_mixer_sin_0_0_utilization_synth.pb
INFO: [Common 17-206] Exiting Vivado at Fri Jan 29 17:08:29 2021...
