
*** Running vivado
    with args -log adc2dac_ram_offset_proc_sys_reset_0_0.vds -m64 -product Vivado -mode batch -messageDb vivado.pb -notrace -source adc2dac_ram_offset_proc_sys_reset_0_0.tcl

awk: symbol lookup error: awk: undefined symbol: mpfr_z_sub

****** Vivado v2016.4 (64-bit)
  **** SW Build 1733598 on Wed Dec 14 22:35:42 MST 2016
  **** IP Build 1731160 on Wed Dec 14 23:47:21 MST 2016
    ** Copyright 1986-2016 Xilinx, Inc. All Rights Reserved.

source adc2dac_ram_offset_proc_sys_reset_0_0.tcl -notrace
awk: symbol lookup error: awk: undefined symbol: mpfr_z_sub
Starting RTL Elaboration : Time (s): cpu = 00:00:25 ; elapsed = 00:00:29 . Memory (MB): peak = 1108.176 ; gain = 179.086 ; free physical = 3183 ; free virtual = 13498
INFO: [Synth 8-638] synthesizing module 'adc2dac_ram_offset_proc_sys_reset_0_0' [/home/bma/Documents/BPT_sync/Work/5-ED_SPIM/Work/git/fpga_design/redpitaya/adc2dac_ram_offset/adc2dac_ram_offset/adc2dac_ram_offset.srcs/sources_1/bd/adc2dac_ram_offset/ip/adc2dac_ram_offset_proc_sys_reset_0_0/synth/adc2dac_ram_offset_proc_sys_reset_0_0.vhd:71]
INFO: [Synth 8-638] synthesizing module 'proc_sys_reset' [/home/bma/Documents/BPT_sync/Work/5-ED_SPIM/Work/git/fpga_design/redpitaya/adc2dac_ram_offset/adc2dac_ram_offset/adc2dac_ram_offset.srcs/sources_1/bd/adc2dac_ram_offset/ipshared/04b4/hdl/proc_sys_reset_v5_0_vh_rfs.vhd:1323]
INFO: [Synth 8-638] synthesizing module 'lpf' [/home/bma/Documents/BPT_sync/Work/5-ED_SPIM/Work/git/fpga_design/redpitaya/adc2dac_ram_offset/adc2dac_ram_offset/adc2dac_ram_offset.srcs/sources_1/bd/adc2dac_ram_offset/ipshared/04b4/hdl/proc_sys_reset_v5_0_vh_rfs.vhd:816]
INFO: [Synth 8-638] synthesizing module 'SRL16' [/opt/Xilinx/Vivado/2016.4/scripts/rt/data/unisim_comp.v:43312]
INFO: [Synth 8-256] done synthesizing module 'SRL16' (1#1) [/opt/Xilinx/Vivado/2016.4/scripts/rt/data/unisim_comp.v:43312]
INFO: [Synth 8-638] synthesizing module 'cdc_sync' [/home/bma/Documents/BPT_sync/Work/5-ED_SPIM/Work/git/fpga_design/redpitaya/adc2dac_ram_offset/adc2dac_ram_offset/adc2dac_ram_offset.srcs/sources_1/bd/adc2dac_ram_offset/ipshared/52cb/hdl/lib_cdc_v1_0_rfs.vhd:106]
INFO: [Synth 8-256] done synthesizing module 'cdc_sync' (2#1) [/home/bma/Documents/BPT_sync/Work/5-ED_SPIM/Work/git/fpga_design/redpitaya/adc2dac_ram_offset/adc2dac_ram_offset/adc2dac_ram_offset.srcs/sources_1/bd/adc2dac_ram_offset/ipshared/52cb/hdl/lib_cdc_v1_0_rfs.vhd:106]
INFO: [Synth 8-256] done synthesizing module 'lpf' (3#1) [/home/bma/Documents/BPT_sync/Work/5-ED_SPIM/Work/git/fpga_design/redpitaya/adc2dac_ram_offset/adc2dac_ram_offset/adc2dac_ram_offset.srcs/sources_1/bd/adc2dac_ram_offset/ipshared/04b4/hdl/proc_sys_reset_v5_0_vh_rfs.vhd:816]
INFO: [Synth 8-638] synthesizing module 'sequence_psr' [/home/bma/Documents/BPT_sync/Work/5-ED_SPIM/Work/git/fpga_design/redpitaya/adc2dac_ram_offset/adc2dac_ram_offset/adc2dac_ram_offset.srcs/sources_1/bd/adc2dac_ram_offset/ipshared/04b4/hdl/proc_sys_reset_v5_0_vh_rfs.vhd:301]
INFO: [Synth 8-638] synthesizing module 'upcnt_n' [/home/bma/Documents/BPT_sync/Work/5-ED_SPIM/Work/git/fpga_design/redpitaya/adc2dac_ram_offset/adc2dac_ram_offset/adc2dac_ram_offset.srcs/sources_1/bd/adc2dac_ram_offset/ipshared/04b4/hdl/proc_sys_reset_v5_0_vh_rfs.vhd:125]
INFO: [Synth 8-256] done synthesizing module 'upcnt_n' (4#1) [/home/bma/Documents/BPT_sync/Work/5-ED_SPIM/Work/git/fpga_design/redpitaya/adc2dac_ram_offset/adc2dac_ram_offset/adc2dac_ram_offset.srcs/sources_1/bd/adc2dac_ram_offset/ipshared/04b4/hdl/proc_sys_reset_v5_0_vh_rfs.vhd:125]
INFO: [Synth 8-256] done synthesizing module 'sequence_psr' (5#1) [/home/bma/Documents/BPT_sync/Work/5-ED_SPIM/Work/git/fpga_design/redpitaya/adc2dac_ram_offset/adc2dac_ram_offset/adc2dac_ram_offset.srcs/sources_1/bd/adc2dac_ram_offset/ipshared/04b4/hdl/proc_sys_reset_v5_0_vh_rfs.vhd:301]
INFO: [Synth 8-256] done synthesizing module 'proc_sys_reset' (6#1) [/home/bma/Documents/BPT_sync/Work/5-ED_SPIM/Work/git/fpga_design/redpitaya/adc2dac_ram_offset/adc2dac_ram_offset/adc2dac_ram_offset.srcs/sources_1/bd/adc2dac_ram_offset/ipshared/04b4/hdl/proc_sys_reset_v5_0_vh_rfs.vhd:1323]
INFO: [Synth 8-256] done synthesizing module 'adc2dac_ram_offset_proc_sys_reset_0_0' (7#1) [/home/bma/Documents/BPT_sync/Work/5-ED_SPIM/Work/git/fpga_design/redpitaya/adc2dac_ram_offset/adc2dac_ram_offset/adc2dac_ram_offset.srcs/sources_1/bd/adc2dac_ram_offset/ip/adc2dac_ram_offset_proc_sys_reset_0_0/synth/adc2dac_ram_offset_proc_sys_reset_0_0.vhd:71]
Finished RTL Elaboration : Time (s): cpu = 00:00:27 ; elapsed = 00:00:31 . Memory (MB): peak = 1149.645 ; gain = 220.555 ; free physical = 3098 ; free virtual = 13413
Finished RTL Optimization Phase 1 : Time (s): cpu = 00:00:27 ; elapsed = 00:00:31 . Memory (MB): peak = 1149.645 ; gain = 220.555 ; free physical = 3084 ; free virtual = 13399
INFO: [Device 21-403] Loading part xc7z010clg400-1
Constraint Validation Runtime : Time (s): cpu = 00:00:00.03 ; elapsed = 00:00:00.02 . Memory (MB): peak = 1485.805 ; gain = 0.000 ; free physical = 2565 ; free virtual = 12881
Finished Constraint Validation : Time (s): cpu = 00:00:54 ; elapsed = 00:00:59 . Memory (MB): peak = 1485.805 ; gain = 556.715 ; free physical = 2313 ; free virtual = 12630
Finished Loading Part and Timing Information : Time (s): cpu = 00:00:54 ; elapsed = 00:00:59 . Memory (MB): peak = 1485.805 ; gain = 556.715 ; free physical = 2313 ; free virtual = 12630
Finished applying 'set_property' XDC Constraints : Time (s): cpu = 00:00:54 ; elapsed = 00:00:59 . Memory (MB): peak = 1485.805 ; gain = 556.715 ; free physical = 2313 ; free virtual = 12629
Finished RTL Optimization Phase 2 : Time (s): cpu = 00:00:54 ; elapsed = 00:00:59 . Memory (MB): peak = 1485.805 ; gain = 556.715 ; free physical = 2294 ; free virtual = 12611
Finished Cross Boundary and Area Optimization : Time (s): cpu = 00:00:55 ; elapsed = 00:01:00 . Memory (MB): peak = 1485.805 ; gain = 556.715 ; free physical = 2243 ; free virtual = 12560
Finished Applying XDC Timing Constraints : Time (s): cpu = 00:01:17 ; elapsed = 00:01:25 . Memory (MB): peak = 1485.805 ; gain = 556.715 ; free physical = 2054 ; free virtual = 12372
Finished Timing Optimization : Time (s): cpu = 00:01:17 ; elapsed = 00:01:25 . Memory (MB): peak = 1485.805 ; gain = 556.715 ; free physical = 2054 ; free virtual = 12372
Finished Technology Mapping : Time (s): cpu = 00:01:18 ; elapsed = 00:01:25 . Memory (MB): peak = 1485.805 ; gain = 556.715 ; free physical = 2035 ; free virtual = 12353
Finished IO Insertion : Time (s): cpu = 00:01:19 ; elapsed = 00:01:26 . Memory (MB): peak = 1485.805 ; gain = 556.715 ; free physical = 2035 ; free virtual = 12353
Finished Renaming Generated Instances : Time (s): cpu = 00:01:19 ; elapsed = 00:01:26 . Memory (MB): peak = 1485.805 ; gain = 556.715 ; free physical = 2035 ; free virtual = 12353
Finished Rebuilding User Hierarchy : Time (s): cpu = 00:01:19 ; elapsed = 00:01:26 . Memory (MB): peak = 1485.805 ; gain = 556.715 ; free physical = 2035 ; free virtual = 12353
Finished Renaming Generated Ports : Time (s): cpu = 00:01:19 ; elapsed = 00:01:26 . Memory (MB): peak = 1485.805 ; gain = 556.715 ; free physical = 2035 ; free virtual = 12353
Finished Handling Custom Attributes : Time (s): cpu = 00:01:19 ; elapsed = 00:01:27 . Memory (MB): peak = 1485.805 ; gain = 556.715 ; free physical = 2035 ; free virtual = 12353
Finished Renaming Generated Nets : Time (s): cpu = 00:01:19 ; elapsed = 00:01:27 . Memory (MB): peak = 1485.805 ; gain = 556.715 ; free physical = 2035 ; free virtual = 12353

Report Cell Usage: 
+------+------+------+
|      |Cell  |Count |
+------+------+------+
|1     |LUT1  |     5|
|2     |LUT2  |     9|
|3     |LUT3  |     1|
|4     |LUT4  |     6|
|5     |LUT5  |     3|
|6     |LUT6  |     1|
|7     |SRL16 |     1|
|8     |FDR   |     8|
|9     |FDRE  |    28|
|10    |FDSE  |     4|
+------+------+------+
Finished Writing Synthesis Report : Time (s): cpu = 00:01:19 ; elapsed = 00:01:27 . Memory (MB): peak = 1485.805 ; gain = 556.715 ; free physical = 2035 ; free virtual = 12353
synth_design: Time (s): cpu = 00:01:09 ; elapsed = 00:01:14 . Memory (MB): peak = 1485.812 ; gain = 457.219 ; free physical = 2025 ; free virtual = 12343
